<?xml version="1.0" encoding="UTF-8"?>
<robot generator="Robot 7.1.1 (Python 3.11.4 on darwin)" generated="2025-01-19T14:40:39.813665" rpa="false" schemaversion="5">
<suite id="s1" name="ROBOTTESTING" source="/Users/tanakrit/Documents/GitHub/RobotFramewokForIDE/Noselenium/ROBOTTESTING.ROBOT">
<test id="s1-t1" name="Compare Student And Teacher Results" line="100">
<kw name="Setup Test Environment" type="SETUP">
<kw name="Create Directory" owner="OperatingSystem">
<msg time="2025-01-19T14:40:39.874425" level="INFO" html="true">Created directory '&lt;a href="file:///Users/tanakrit/Documents/GitHub/RobotFramewokForIDE/Noselenium/temp"&gt;/Users/tanakrit/Documents/GitHub/RobotFramewokForIDE/Noselenium/temp&lt;/a&gt;'.</msg>
<arg>${TEMP_DIR}</arg>
<doc>Creates the specified directory.</doc>
<status status="PASS" start="2025-01-19T14:40:39.874256" elapsed="0.000203"/>
</kw>
<kw name="Load Json From File" owner="JSONLibrary">
<msg time="2025-01-19T14:40:39.874686" level="INFO">${students} = [{'name': 'Student1', 'enrolled_topics': [{'name': 'Topic1', 'submitted_code': {'hello_world': {'language': 'Python', 'code': "print('Hello, world!')", 'result': 'Hello, world!'}, 'sum_two_numbers': {...</msg>
<var>${students}</var>
<arg>${STUDENT_FILE}</arg>
<doc>Load JSON from file.</doc>
<status status="PASS" start="2025-01-19T14:40:39.874521" elapsed="0.000177"/>
</kw>
<kw name="Load Json From File" owner="JSONLibrary">
<msg time="2025-01-19T14:40:39.875038" level="INFO">${teachers} = [{'id': 1, 'name': 'John Doe', 'topics': [{'id': 1, 'name': 'Introduction to Programming', 'example_code': {'hello_world': {'language': 'Python', 'code': "print('Hello, World')"}, 'sum_two_numbers': {...</msg>
<var>${teachers}</var>
<arg>${TEACHER_FILE}</arg>
<doc>Load JSON from file.</doc>
<status status="PASS" start="2025-01-19T14:40:39.874749" elapsed="0.000301"/>
</kw>
<kw name="Create List" owner="BuiltIn">
<msg time="2025-01-19T14:40:39.875154" level="INFO">@{results} = [ ]</msg>
<var>@{results}</var>
<doc>Returns a list containing given items.</doc>
<status status="PASS" start="2025-01-19T14:40:39.875100" elapsed="0.000063"/>
</kw>
<return>
<value>${students}</value>
<value>${teachers}</value>
<value>${results}</value>
<status status="PASS" start="2025-01-19T14:40:39.875185" elapsed="0.000067"/>
</return>
<status status="PASS" start="2025-01-19T14:40:39.873935" elapsed="0.001384"/>
</kw>
<kw name="Setup Test Environment">
<kw name="Create Directory" owner="OperatingSystem">
<msg time="2025-01-19T14:40:39.875554" level="INFO" html="true">Directory '&lt;a href="file:///Users/tanakrit/Documents/GitHub/RobotFramewokForIDE/Noselenium/temp"&gt;/Users/tanakrit/Documents/GitHub/RobotFramewokForIDE/Noselenium/temp&lt;/a&gt;' already exists.</msg>
<arg>${TEMP_DIR}</arg>
<doc>Creates the specified directory.</doc>
<status status="PASS" start="2025-01-19T14:40:39.875499" elapsed="0.000075"/>
</kw>
<kw name="Load Json From File" owner="JSONLibrary">
<msg time="2025-01-19T14:40:39.875755" level="INFO">${students} = [{'name': 'Student1', 'enrolled_topics': [{'name': 'Topic1', 'submitted_code': {'hello_world': {'language': 'Python', 'code': "print('Hello, world!')", 'result': 'Hello, world!'}, 'sum_two_numbers': {...</msg>
<var>${students}</var>
<arg>${STUDENT_FILE}</arg>
<doc>Load JSON from file.</doc>
<status status="PASS" start="2025-01-19T14:40:39.875624" elapsed="0.000142"/>
</kw>
<kw name="Load Json From File" owner="JSONLibrary">
<msg time="2025-01-19T14:40:39.875953" level="INFO">${teachers} = [{'id': 1, 'name': 'John Doe', 'topics': [{'id': 1, 'name': 'Introduction to Programming', 'example_code': {'hello_world': {'language': 'Python', 'code': "print('Hello, World')"}, 'sum_two_numbers': {...</msg>
<var>${teachers}</var>
<arg>${TEACHER_FILE}</arg>
<doc>Load JSON from file.</doc>
<status status="PASS" start="2025-01-19T14:40:39.875812" elapsed="0.000151"/>
</kw>
<kw name="Create List" owner="BuiltIn">
<msg time="2025-01-19T14:40:39.876066" level="INFO">@{results} = [ ]</msg>
<var>@{results}</var>
<doc>Returns a list containing given items.</doc>
<status status="PASS" start="2025-01-19T14:40:39.876012" elapsed="0.000063"/>
</kw>
<return>
<value>${students}</value>
<value>${teachers}</value>
<value>${results}</value>
<status status="PASS" start="2025-01-19T14:40:39.876093" elapsed="0.000014"/>
</return>
<msg time="2025-01-19T14:40:39.876199" level="INFO">${students} = [{'name': 'Student1', 'enrolled_topics': [{'name': 'Topic1', 'submitted_code': {'hello_world': {'language': 'Python', 'code': "print('Hello, world!')", 'result': 'Hello, world!'}, 'sum_two_numbers': {...</msg>
<msg time="2025-01-19T14:40:39.876242" level="INFO">${teachers} = [{'id': 1, 'name': 'John Doe', 'topics': [{'id': 1, 'name': 'Introduction to Programming', 'example_code': {'hello_world': {'language': 'Python', 'code': "print('Hello, World')"}, 'sum_two_numbers': {...</msg>
<msg time="2025-01-19T14:40:39.876257" level="INFO">${results} = []</msg>
<var>${students}</var>
<var>${teachers}</var>
<var>${results}</var>
<status status="PASS" start="2025-01-19T14:40:39.875403" elapsed="0.000860"/>
</kw>
<for flavor="IN">
<iter>
<kw name="Set Variable" owner="BuiltIn">
<msg time="2025-01-19T14:40:39.876572" level="INFO">${student_name} = Student1</msg>
<var>${student_name}</var>
<arg>${student}[name]</arg>
<doc>Returns the given values which can then be assigned to a variables.</doc>
<status status="PASS" start="2025-01-19T14:40:39.876507" elapsed="0.000074"/>
</kw>
<kw name="Log" owner="BuiltIn">
<msg time="2025-01-19T14:40:39.876748" level="INFO">Comparing results for student: Student1</msg>
<arg>Comparing results for student: ${student_name}</arg>
<doc>Logs the given message with the given level.</doc>
<status status="PASS" start="2025-01-19T14:40:39.876624" elapsed="0.000140"/>
</kw>
<kw name="Get From List" owner="Collections">
<msg time="2025-01-19T14:40:39.876872" level="INFO">${first_topic} = {'name': 'Topic1', 'submitted_code': {'hello_world': {'language': 'Python', 'code': "print('Hello, world!')", 'result': 'Hello, world!'}, 'sum_two_numbers': {'language': 'Python', 'code': 'print(1 + 2...</msg>
<var>${first_topic}</var>
<arg>${student}[enrolled_topics]</arg>
<arg>0</arg>
<doc>Returns the value specified with an ``index`` from ``list``.</doc>
<status status="PASS" start="2025-01-19T14:40:39.876807" elapsed="0.000073"/>
</kw>
<kw name="Get From Dictionary" owner="Collections">
<msg time="2025-01-19T14:40:39.876986" level="INFO">${first_submission} = {'language': 'Python', 'code': "print('Hello, world!')", 'result': 'Hello, world!'}</msg>
<var>${first_submission}</var>
<arg>${first_topic}[submitted_code]</arg>
<arg>hello_world</arg>
<doc>Returns a value from the given ``dictionary`` based on the given ``key``.</doc>
<status status="PASS" start="2025-01-19T14:40:39.876922" elapsed="0.000072"/>
</kw>
<kw name="Set Variable" owner="BuiltIn">
<msg time="2025-01-19T14:40:39.877091" level="INFO">${student_language} = Python</msg>
<var>${student_language}</var>
<arg>${first_submission}[language]</arg>
<doc>Returns the given values which can then be assigned to a variables.</doc>
<status status="PASS" start="2025-01-19T14:40:39.877035" elapsed="0.000064"/>
</kw>
<kw name="Get Teacher For Language">
<for flavor="IN">
<iter>
<kw name="Get From List" owner="Collections">
<msg time="2025-01-19T14:40:39.877438" level="INFO">${first_topic} = {'id': 1, 'name': 'Introduction to Programming', 'example_code': {'hello_world': {'language': 'Python', 'code': "print('Hello, World')"}, 'sum_two_numbers': {'language': 'Python', 'code': 'a = 5\nb = ...</msg>
<var>${first_topic}</var>
<arg>${teacher}[topics]</arg>
<arg>0</arg>
<doc>Returns the value specified with an ``index`` from ``list``.</doc>
<status status="PASS" start="2025-01-19T14:40:39.877375" elapsed="0.000072"/>
</kw>
<kw name="Get From Dictionary" owner="Collections">
<msg time="2025-01-19T14:40:39.877546" level="INFO">${first_example} = {'language': 'Python', 'code': "print('Hello, World')"}</msg>
<var>${first_example}</var>
<arg>${first_topic}[example_code]</arg>
<arg>hello_world</arg>
<doc>Returns a value from the given ``dictionary`` based on the given ``key``.</doc>
<status status="PASS" start="2025-01-19T14:40:39.877486" elapsed="0.000068"/>
</kw>
<if>
<branch type="IF" condition="'${first_example}[language]' == '${language}'">
<return>
<value>${teacher}</value>
<status status="PASS" start="2025-01-19T14:40:39.877689" elapsed="0.000012"/>
</return>
<status status="PASS" start="2025-01-19T14:40:39.877626" elapsed="0.000089"/>
</branch>
<status status="PASS" start="2025-01-19T14:40:39.877617" elapsed="0.000110"/>
</if>
<var name="${teacher}">{'id': 1, 'name': 'John Doe', 'topics': [{'id': 1, 'name': 'Introduction to Programming', 'example_code': {'hello_world': {'language': 'Python', 'code': "print('Hello, World')"}, 'sum_two_numbers': {'...</var>
<status status="PASS" start="2025-01-19T14:40:39.877341" elapsed="0.000400"/>
</iter>
<var>${teacher}</var>
<value>@{teachers}</value>
<status status="PASS" start="2025-01-19T14:40:39.877274" elapsed="0.000483"/>
</for>
<kw name="Fail" owner="BuiltIn">
<arg>msg=No teacher found for language ${language}</arg>
<doc>Fails the test with the given message and optionally alters its tags.</doc>
<status status="NOT RUN" start="2025-01-19T14:40:39.877797" elapsed="0.000007"/>
</kw>
<msg time="2025-01-19T14:40:39.877857" level="INFO">${teacher} = {'id': 1, 'name': 'John Doe', 'topics': [{'id': 1, 'name': 'Introduction to Programming', 'example_code': {'hello_world': {'language': 'Python', 'code': "print('Hello, World')"}, 'sum_two_numbers': {'...</msg>
<var>${teacher}</var>
<arg>${teachers}</arg>
<arg>${student_language}</arg>
<status status="PASS" start="2025-01-19T14:40:39.877177" elapsed="0.000688"/>
</kw>
<for flavor="IN">
<iter>
<kw name="Set Variable" owner="BuiltIn">
<msg time="2025-01-19T14:40:39.878087" level="INFO">${topic_name} = Topic1</msg>
<var>${topic_name}</var>
<arg>${topic}[name]</arg>
<doc>Returns the given values which can then be assigned to a variables.</doc>
<status status="PASS" start="2025-01-19T14:40:39.878033" elapsed="0.000062"/>
</kw>
<kw name="Set Variable" owner="BuiltIn">
<msg time="2025-01-19T14:40:39.878184" level="INFO">${teacher_topic} = None</msg>
<var>${teacher_topic}</var>
<arg>${NONE}</arg>
<doc>Returns the given values which can then be assigned to a variables.</doc>
<status status="PASS" start="2025-01-19T14:40:39.878132" elapsed="0.000059"/>
</kw>
<for flavor="IN">
<iter>
<if>
<branch type="IF" condition="'${t_topic}[name]' == '${topic_name}'">
<kw name="Set Variable" owner="BuiltIn">
<var>${teacher_topic}</var>
<arg>${t_topic}</arg>
<doc>Returns the given values which can then be assigned to a variables.</doc>
<status status="NOT RUN" start="2025-01-19T14:40:39.878359" elapsed="0.000007"/>
</kw>
<break>
<status status="NOT RUN" start="2025-01-19T14:40:39.878385" elapsed="0.000007"/>
</break>
<status status="NOT RUN" start="2025-01-19T14:40:39.878288" elapsed="0.000114"/>
</branch>
<status status="PASS" start="2025-01-19T14:40:39.878283" elapsed="0.000128"/>
</if>
<var name="${t_topic}">{'id': 1, 'name': 'Introduction to Programming', 'example_code': {'hello_world': {'language': 'Python', 'code': "print('Hello, World')"}, 'sum_two_numbers': {'language': 'Python', 'code': 'a = 5\nb = ...</var>
<status status="PASS" start="2025-01-19T14:40:39.878271" elapsed="0.000149"/>
</iter>
<iter>
<if>
<branch type="IF" condition="'${t_topic}[name]' == '${topic_name}'">
<kw name="Set Variable" owner="BuiltIn">
<var>${teacher_topic}</var>
<arg>${t_topic}</arg>
<doc>Returns the given values which can then be assigned to a variables.</doc>
<status status="NOT RUN" start="2025-01-19T14:40:39.878552" elapsed="0.000007"/>
</kw>
<break>
<status status="NOT RUN" start="2025-01-19T14:40:39.878575" elapsed="0.000004"/>
</break>
<status status="NOT RUN" start="2025-01-19T14:40:39.878483" elapsed="0.000105"/>
</branch>
<status status="PASS" start="2025-01-19T14:40:39.878478" elapsed="0.000118"/>
</if>
<var name="${t_topic}">{'id': 2, 'name': 'Data Structures', 'example_code': {'hello_world': {'language': 'Python', 'code': "print('Hello, World2!')"}, 'sum_two_numbers': {'language': 'Python', 'code': 'a = 5\nb = 5\nprint(a...</var>
<status status="PASS" start="2025-01-19T14:40:39.878468" elapsed="0.000136"/>
</iter>
<var>${t_topic}</var>
<value>@{teacher}[topics]</value>
<status status="PASS" start="2025-01-19T14:40:39.878210" elapsed="0.000405"/>
</for>
<for flavor="IN">
<iter>
<kw name="Get From Dictionary" owner="Collections">
<msg time="2025-01-19T14:40:39.878801" level="INFO">${student_submission} = {'language': 'Python', 'code': "print('Hello, world!')", 'result': 'Hello, world!'}</msg>
<var>${student_submission}</var>
<arg>${topic}[submitted_code]</arg>
<arg>${problem_name}</arg>
<doc>Returns a value from the given ``dictionary`` based on the given ``key``.</doc>
<status status="PASS" start="2025-01-19T14:40:39.878729" elapsed="0.000081"/>
</kw>
<kw name="Get From Dictionary" owner="Collections">
<msg time="2025-01-19T14:40:39.878925" level="FAIL">Variable '${teacher_topic}' is None, which is not subscriptable, and thus accessing item 'example_code' from it is not possible. To use '[example_code]' as a literal value, it needs to be escaped like '\[example_code]'.</msg>
<var>${teacher_example}</var>
<arg>${teacher_topic}[example_code]</arg>
<arg>${problem_name}</arg>
<doc>Returns a value from the given ``dictionary`` based on the given ``key``.</doc>
<status status="FAIL" start="2025-01-19T14:40:39.878848" elapsed="0.000091">Variable '${teacher_topic}' is None, which is not subscriptable, and thus accessing item 'example_code' from it is not possible. To use '[example_code]' as a literal value, it needs to be escaped like '\[example_code]'.</status>
</kw>
<kw name="Execute Code">
<var>${student_status}</var>
<var>${student_output}</var>
<arg>${student_submission}[code]</arg>
<arg>${student_submission}[language]</arg>
<status status="NOT RUN" start="2025-01-19T14:40:39.879164" elapsed="0.000008"/>
</kw>
<kw name="Execute Code">
<var>${teacher_status}</var>
<var>${teacher_output}</var>
<arg>${teacher_example}[code]</arg>
<arg>${teacher_example}[language]</arg>
<status status="NOT RUN" start="2025-01-19T14:40:39.879307" elapsed="0.000007"/>
</kw>
<kw name="Set Variable" owner="BuiltIn">
<var>${details}</var>
<arg>Student output: "${student_output}"\nTeacher output: "${teacher_output}"</arg>
<doc>Returns the given values which can then be assigned to a variables.</doc>
<status status="NOT RUN" start="2025-01-19T14:40:39.879354" elapsed="0.000006"/>
</kw>
<if>
<branch type="IF" condition="'${student_status}' != 'success'">
<kw name="Add Comparison Result">
<arg>${results}</arg>
<arg>${student_name}</arg>
<arg>${topic_name}</arg>
<arg>${problem_name}</arg>
<arg>FAIL</arg>
<arg>Student code error: ${student_output}</arg>
<arg>${student_submission}[language]</arg>
<status status="NOT RUN" start="2025-01-19T14:40:39.879425" elapsed="0.000006"/>
</kw>
<status status="NOT RUN" start="2025-01-19T14:40:39.879384" elapsed="0.000063"/>
</branch>
<branch type="ELSE IF" condition="'${teacher_status}' != 'success'">
<kw name="Add Comparison Result">
<arg>${results}</arg>
<arg>${student_name}</arg>
<arg>${topic_name}</arg>
<arg>${problem_name}</arg>
<arg>FAIL</arg>
<arg>Teacher code error: ${teacher_output}</arg>
<arg>${student_submission}[language]</arg>
<status status="NOT RUN" start="2025-01-19T14:40:39.879494" elapsed="0.000006"/>
</kw>
<status status="NOT RUN" start="2025-01-19T14:40:39.879458" elapsed="0.000057"/>
</branch>
<branch type="ELSE IF" condition="'${student_output}' == '${teacher_output}'">
<kw name="Add Comparison Result">
<arg>${results}</arg>
<arg>${student_name}</arg>
<arg>${topic_name}</arg>
<arg>${problem_name}</arg>
<arg>PASS</arg>
<arg>${details}</arg>
<arg>${student_submission}[language]</arg>
<status status="NOT RUN" start="2025-01-19T14:40:39.879566" elapsed="0.000007"/>
</kw>
<status status="NOT RUN" start="2025-01-19T14:40:39.879524" elapsed="0.000064"/>
</branch>
<branch type="ELSE">
<kw name="Add Comparison Result">
<arg>${results}</arg>
<arg>${student_name}</arg>
<arg>${topic_name}</arg>
<arg>${problem_name}</arg>
<arg>FAIL</arg>
<arg>${details}</arg>
<arg>${student_submission}[language]</arg>
<status status="NOT RUN" start="2025-01-19T14:40:39.879629" elapsed="0.000006"/>
</kw>
<status status="NOT RUN" start="2025-01-19T14:40:39.879596" elapsed="0.000076"/>
</branch>
<status status="NOT RUN" start="2025-01-19T14:40:39.879378" elapsed="0.000304"/>
</if>
<var name="${problem_name}">hello_world</var>
<status status="FAIL" start="2025-01-19T14:40:39.878699" elapsed="0.001006">Variable '${teacher_topic}' is None, which is not subscriptable, and thus accessing item 'example_code' from it is not possible. To use '[example_code]' as a literal value, it needs to be escaped like '\[example_code]'.</status>
</iter>
<var>${problem_name}</var>
<value>hello_world</value>
<value>sum_two_numbers</value>
<value>factorial</value>
<status status="FAIL" start="2025-01-19T14:40:39.878632" elapsed="0.001098">Variable '${teacher_topic}' is None, which is not subscriptable, and thus accessing item 'example_code' from it is not possible. To use '[example_code]' as a literal value, it needs to be escaped like '\[example_code]'.</status>
</for>
<var name="${topic}">{'name': 'Topic1', 'submitted_code': {'hello_world': {'language': 'Python', 'code': "print('Hello, world!')", 'result': 'Hello, world!'}, 'sum_two_numbers': {'language': 'Python', 'code': 'print(1 + 2...</var>
<status status="FAIL" start="2025-01-19T14:40:39.878001" elapsed="0.001757">Variable '${teacher_topic}' is None, which is not subscriptable, and thus accessing item 'example_code' from it is not possible. To use '[example_code]' as a literal value, it needs to be escaped like '\[example_code]'.</status>
</iter>
<var>${topic}</var>
<value>@{student}[enrolled_topics]</value>
<status status="FAIL" start="2025-01-19T14:40:39.877884" elapsed="0.001896">Variable '${teacher_topic}' is None, which is not subscriptable, and thus accessing item 'example_code' from it is not possible. To use '[example_code]' as a literal value, it needs to be escaped like '\[example_code]'.</status>
</for>
<var name="${student}">{'name': 'Student1', 'enrolled_topics': [{'name': 'Topic1', 'submitted_code': {'hello_world': {'language': 'Python', 'code': "print('Hello, world!')", 'result': 'Hello, world!'}, 'sum_two_numbers': {'...</var>
<status status="FAIL" start="2025-01-19T14:40:39.876468" elapsed="0.003331">Variable '${teacher_topic}' is None, which is not subscriptable, and thus accessing item 'example_code' from it is not possible. To use '[example_code]' as a literal value, it needs to be escaped like '\[example_code]'.</status>
</iter>
<var>${student}</var>
<value>@{students}</value>
<status status="FAIL" start="2025-01-19T14:40:39.876294" elapsed="0.003525">Variable '${teacher_topic}' is None, which is not subscriptable, and thus accessing item 'example_code' from it is not possible. To use '[example_code]' as a literal value, it needs to be escaped like '\[example_code]'.</status>
</for>
<kw name="Save Results">
<arg>${results}</arg>
<status status="NOT RUN" start="2025-01-19T14:40:39.879864" elapsed="0.000008"/>
</kw>
<kw name="Cleanup Test Environment" type="TEARDOWN">
<kw name="Remove Directory" owner="OperatingSystem">
<msg time="2025-01-19T14:40:39.880211" level="INFO" html="true">Removed directory '&lt;a href="file:///Users/tanakrit/Documents/GitHub/RobotFramewokForIDE/Noselenium/temp"&gt;/Users/tanakrit/Documents/GitHub/RobotFramewokForIDE/Noselenium/temp&lt;/a&gt;'.</msg>
<arg>${TEMP_DIR}</arg>
<arg>recursive=True</arg>
<doc>Removes the directory pointed to by the given ``path``.</doc>
<status status="PASS" start="2025-01-19T14:40:39.880044" elapsed="0.000190"/>
</kw>
<status status="PASS" start="2025-01-19T14:40:39.879954" elapsed="0.000304"/>
</kw>
<doc>Compare student code outputs with teacher's expected results</doc>
<status status="FAIL" start="2025-01-19T14:40:39.873557" elapsed="0.006716">Variable '${teacher_topic}' is None, which is not subscriptable, and thus accessing item 'example_code' from it is not possible. To use '[example_code]' as a literal value, it needs to be escaped like '\[example_code]'.</status>
</test>
<status status="FAIL" start="2025-01-19T14:40:39.814371" elapsed="0.066126"/>
</suite>
<statistics>
<total>
<stat pass="0" fail="1" skip="0">All Tests</stat>
</total>
<tag>
</tag>
<suite>
<stat pass="0" fail="1" skip="0" id="s1" name="ROBOTTESTING">ROBOTTESTING</stat>
</suite>
</statistics>
<errors>
</errors>
</robot>
