<?xml version="1.0" encoding="UTF-8"?>
<robot generator="Robot 7.1.1 (Python 3.11.4 on darwin)" generated="2025-01-26T22:17:11.751505" rpa="false" schemaversion="5">
<suite id="s1" name="CompareCodeWithInput" source="/Users/tanakrit/Documents/GitHub/RobotFramewokForIDE/Noselenium/CompareCodeWithInput.robot">
<test id="s1-t1" name="Compare Student Submissions" line="104">
<kw name="Setup Test Environment" type="SETUP">
<kw name="Create Directory" owner="OperatingSystem">
<msg time="2025-01-26T22:17:11.820699" level="INFO" html="true">Created directory '&lt;a href="file:///Users/tanakrit/Documents/GitHub/RobotFramewokForIDE/Noselenium/temp"&gt;/Users/tanakrit/Documents/GitHub/RobotFramewokForIDE/Noselenium/temp&lt;/a&gt;'.</msg>
<arg>${TEMP_DIR}</arg>
<doc>Creates the specified directory.</doc>
<status status="PASS" start="2025-01-26T22:17:11.820501" elapsed="0.000232"/>
</kw>
<kw name="Evaluate" owner="BuiltIn">
<msg time="2025-01-26T22:17:11.821030" level="INFO">${students} = [{'id': 1, 'name': 'Student1', 'topics': [{'id': 1, 'name': 'Introduction to Programming', 'submitted_code': {'hello_world': {'language': 'Python', 'code': "print('Hello, world!')", 'result': 'Hello, ...</msg>
<var>${students}</var>
<arg>json.load(open('${STUDENT_FILE}'))</arg>
<arg>json</arg>
<doc>Evaluates the given expression in Python and returns the result.</doc>
<status status="PASS" start="2025-01-26T22:17:11.820797" elapsed="0.000245"/>
</kw>
<kw name="Evaluate" owner="BuiltIn">
<msg time="2025-01-26T22:17:11.821302" level="INFO">${teachers} = [{'id': 1, 'name': 'John Doe', 'topics': [{'id': 1, 'name': 'Introduction to Programming', 'example_code': {'hello_world': {'language': 'Python', 'code': "print('Hello, World')", 'input': '', 'output'...</msg>
<var>${teachers}</var>
<arg>json.load(open('${TEACHER_FILE}'))</arg>
<arg>json</arg>
<doc>Evaluates the given expression in Python and returns the result.</doc>
<status status="PASS" start="2025-01-26T22:17:11.821100" elapsed="0.000213"/>
</kw>
<return>
<value>${students}</value>
<value>${teachers}</value>
<status status="PASS" start="2025-01-26T22:17:11.821339" elapsed="0.000023"/>
</return>
<status status="PASS" start="2025-01-26T22:17:11.820177" elapsed="0.001244"/>
</kw>
<kw name="Create List" owner="BuiltIn">
<msg time="2025-01-26T22:17:11.821591" level="INFO">@{results} = [ ]</msg>
<var>@{results}</var>
<doc>Returns a list containing given items.</doc>
<status status="PASS" start="2025-01-26T22:17:11.821519" elapsed="0.000084"/>
</kw>
<kw name="Load Json From File" owner="JSONLibrary">
<msg time="2025-01-26T22:17:11.821857" level="INFO">${teachers} = [{'id': 1, 'name': 'John Doe', 'topics': [{'id': 1, 'name': 'Introduction to Programming', 'example_code': {'hello_world': {'language': 'Python', 'code': "print('Hello, World')", 'input': '', 'output'...</msg>
<var>${teachers}</var>
<arg>${TEACHER_FILE}</arg>
<doc>Load JSON from file.</doc>
<status status="PASS" start="2025-01-26T22:17:11.821673" elapsed="0.000196"/>
</kw>
<kw name="Load Json From File" owner="JSONLibrary">
<msg time="2025-01-26T22:17:11.822081" level="INFO">${students} = [{'id': 1, 'name': 'Student1', 'topics': [{'id': 1, 'name': 'Introduction to Programming', 'submitted_code': {'hello_world': {'language': 'Python', 'code': "print('Hello, world!')", 'result': 'Hello, ...</msg>
<var>${students}</var>
<arg>${STUDENT_FILE}</arg>
<doc>Load JSON from file.</doc>
<status status="PASS" start="2025-01-26T22:17:11.821936" elapsed="0.000157"/>
</kw>
<for flavor="IN">
<iter>
<kw name="Set Variable" owner="BuiltIn">
<msg time="2025-01-26T22:17:11.822471" level="INFO">${student_name} = Student1</msg>
<var>${student_name}</var>
<arg>${student}[name]</arg>
<doc>Returns the given values which can then be assigned to a variables.</doc>
<status status="PASS" start="2025-01-26T22:17:11.822397" elapsed="0.000084"/>
</kw>
<kw name="Get From List" owner="Collections">
<msg time="2025-01-26T22:17:11.822607" level="INFO">${first_topic} = {'id': 1, 'name': 'Introduction to Programming', 'submitted_code': {'hello_world': {'language': 'Python', 'code': "print('Hello, world!')", 'result': 'Hello, world!'}, 'sum_two_numbers': {'language': ...</msg>
<var>${first_topic}</var>
<arg>${student}[topics]</arg>
<arg>0</arg>
<doc>Returns the value specified with an ``index`` from ``list``.</doc>
<status status="PASS" start="2025-01-26T22:17:11.822533" elapsed="0.000084"/>
</kw>
<kw name="Get Dictionary Keys" owner="Collections">
<msg time="2025-01-26T22:17:11.822731" level="INFO">@{submission_keys} = [ hello_world | simple_input | sum_two_numbers ]</msg>
<var>@{submission_keys}</var>
<arg>${first_topic}[submitted_code]</arg>
<doc>Returns keys of the given ``dictionary`` as a list.</doc>
<status status="PASS" start="2025-01-26T22:17:11.822660" elapsed="0.000080"/>
</kw>
<kw name="Get From List" owner="Collections">
<msg time="2025-01-26T22:17:11.822835" level="INFO">${first_problem} = hello_world</msg>
<var>${first_problem}</var>
<arg>${submission_keys}</arg>
<arg>0</arg>
<doc>Returns the value specified with an ``index`` from ``list``.</doc>
<status status="PASS" start="2025-01-26T22:17:11.822780" elapsed="0.000063"/>
</kw>
<kw name="Get From Dictionary" owner="Collections">
<msg time="2025-01-26T22:17:11.822954" level="INFO">${first_submission} = {'language': 'Python', 'code': "print('Hello, world!')", 'result': 'Hello, world!'}</msg>
<var>${first_submission}</var>
<arg>${first_topic}[submitted_code]</arg>
<arg>${first_problem}</arg>
<doc>Returns a value from the given ``dictionary`` based on the given ``key``.</doc>
<status status="PASS" start="2025-01-26T22:17:11.822882" elapsed="0.000081"/>
</kw>
<kw name="Set Variable" owner="BuiltIn">
<msg time="2025-01-26T22:17:11.823055" level="INFO">${student_language} = Python</msg>
<var>${student_language}</var>
<arg>${first_submission}[language]</arg>
<doc>Returns the given values which can then be assigned to a variables.</doc>
<status status="PASS" start="2025-01-26T22:17:11.823003" elapsed="0.000060"/>
</kw>
<kw name="Find Matching Teacher">
<for flavor="IN">
<iter>
<for flavor="IN">
<iter>
<kw name="Set Variable" owner="BuiltIn">
<msg time="2025-01-26T22:17:11.823548" level="INFO">${example_code_dict} = {'hello_world': {'language': 'Python', 'code': "print('Hello, World')", 'input': '', 'output': 'Hello, World'}, 'sum_two_numbers': {'language': 'Python', 'code': 'a = int(input(Enter A: ))\nb = int(in...</msg>
<var>${example_code_dict}</var>
<arg>${topic}[example_code]</arg>
<doc>Returns the given values which can then be assigned to a variables.</doc>
<status status="PASS" start="2025-01-26T22:17:11.823488" elapsed="0.000070"/>
</kw>
<for flavor="IN">
<iter>
<kw name="Set Variable" owner="BuiltIn">
<msg time="2025-01-26T22:17:11.823896" level="INFO">${example_language} = Python</msg>
<var>${example_language}</var>
<arg>${example_code_dict}[${problem}][language]</arg>
<doc>Returns the given values which can then be assigned to a variables.</doc>
<status status="PASS" start="2025-01-26T22:17:11.823831" elapsed="0.000074"/>
</kw>
<kw name="Run Keyword If" owner="BuiltIn">
<kw name="Return From Keyword" owner="BuiltIn">
<msg time="2025-01-26T22:17:11.824080" level="INFO">Returning from the enclosing user keyword.</msg>
<arg>${teacher}</arg>
<doc>Returns from the enclosing user keyword.</doc>
<status status="PASS" start="2025-01-26T22:17:11.824052" elapsed="0.000055"/>
</kw>
<arg>'${example_language}' == '${language}'</arg>
<arg>Return From Keyword</arg>
<arg>${teacher}</arg>
<doc>Runs the given keyword with the given arguments, if ``condition`` is true.</doc>
<status status="PASS" start="2025-01-26T22:17:11.823952" elapsed="0.000173"/>
</kw>
<var name="${problem}">hello_world</var>
<status status="PASS" start="2025-01-26T22:17:11.823798" elapsed="0.000343"/>
</iter>
<var>${problem}</var>
<value>@{example_code_dict.keys()}</value>
<status status="PASS" start="2025-01-26T22:17:11.823577" elapsed="0.000581"/>
</for>
<var name="${topic}">{'id': 1, 'name': 'Introduction to Programming', 'example_code': {'hello_world': {'language': 'Python', 'code': "print('Hello, World')", 'input': '', 'output': 'Hello, World'}, 'sum_two_numbers': {'la...</var>
<status status="PASS" start="2025-01-26T22:17:11.823454" elapsed="0.000718"/>
</iter>
<var>${topic}</var>
<value>@{teacher}[topics]</value>
<status status="PASS" start="2025-01-26T22:17:11.823395" elapsed="0.000826"/>
</for>
<var name="${teacher}">{'id': 1, 'name': 'John Doe', 'topics': [{'id': 1, 'name': 'Introduction to Programming', 'example_code': {'hello_world': {'language': 'Python', 'code': "print('Hello, World')", 'input': '', 'output':...</var>
<status status="PASS" start="2025-01-26T22:17:11.823382" elapsed="0.000852"/>
</iter>
<var>${teacher}</var>
<value>@{teachers}</value>
<status status="PASS" start="2025-01-26T22:17:11.823240" elapsed="0.001006"/>
</for>
<kw name="Fail" owner="BuiltIn">
<arg>msg=No teacher found for language ${language}</arg>
<doc>Fails the test with the given message and optionally alters its tags.</doc>
<status status="NOT RUN" start="2025-01-26T22:17:11.824284" elapsed="0.000007"/>
</kw>
<msg time="2025-01-26T22:17:11.824352" level="INFO">${matching_teacher} = {'id': 1, 'name': 'John Doe', 'topics': [{'id': 1, 'name': 'Introduction to Programming', 'example_code': {'hello_world': {'language': 'Python', 'code': "print('Hello, World')", 'input': '', 'output':...</msg>
<var>${matching_teacher}</var>
<arg>${teachers}</arg>
<arg>${student_language}</arg>
<status status="PASS" start="2025-01-26T22:17:11.823142" elapsed="0.001219"/>
</kw>
<for flavor="IN">
<iter>
<kw name="Set Variable" owner="BuiltIn">
<msg time="2025-01-26T22:17:11.824552" level="INFO">${topic_name} = Introduction to Programming</msg>
<var>${topic_name}</var>
<arg>${topic}[name]</arg>
<doc>Returns the given values which can then be assigned to a variables.</doc>
<status status="PASS" start="2025-01-26T22:17:11.824497" elapsed="0.000063"/>
</kw>
<for flavor="IN">
<iter>
<kw name="Set Variable" owner="BuiltIn">
<msg time="2025-01-26T22:17:11.824742" level="INFO">${teacher_topic_name} = Introduction to Programming</msg>
<var>${teacher_topic_name}</var>
<arg>${teacher_topic}[name]</arg>
<doc>Returns the given values which can then be assigned to a variables.</doc>
<status status="PASS" start="2025-01-26T22:17:11.824687" elapsed="0.000064"/>
</kw>
<kw name="Continue For Loop If" owner="BuiltIn">
<arg>'${topic_name}' != '${teacher_topic_name}'</arg>
<doc>Skips the current FOR loop iteration if the ``condition`` is true.</doc>
<status status="PASS" start="2025-01-26T22:17:11.824834" elapsed="0.000122"/>
</kw>
<kw name="Get Dictionary Keys" owner="Collections">
<msg time="2025-01-26T22:17:11.825128" level="INFO">@{problem_names} = [ hello_world | simple_input | sum_two_numbers ]</msg>
<var>@{problem_names}</var>
<arg>${topic}[submitted_code]</arg>
<doc>Returns keys of the given ``dictionary`` as a list.</doc>
<status status="PASS" start="2025-01-26T22:17:11.825003" elapsed="0.000134"/>
</kw>
<for flavor="IN">
<iter>
<kw name="Get From Dictionary" owner="Collections">
<msg time="2025-01-26T22:17:11.825326" level="INFO">${student_submission} = {'language': 'Python', 'code': "print('Hello, world!')", 'result': 'Hello, world!'}</msg>
<var>${student_submission}</var>
<arg>${topic}[submitted_code]</arg>
<arg>${problem_name}</arg>
<doc>Returns a value from the given ``dictionary`` based on the given ``key``.</doc>
<status status="PASS" start="2025-01-26T22:17:11.825253" elapsed="0.000082"/>
</kw>
<kw name="Get Dictionary Keys" owner="Collections">
<msg time="2025-01-26T22:17:11.825437" level="INFO">${teacher_example_keys} = ['Simple Input', 'factorial', 'hello_world', 'sum_two_numbers']</msg>
<var>${teacher_example_keys}</var>
<arg>${teacher_topic}[example_code]</arg>
<doc>Returns keys of the given ``dictionary`` as a list.</doc>
<status status="PASS" start="2025-01-26T22:17:11.825376" elapsed="0.000069"/>
</kw>
<kw name="Continue For Loop If" owner="BuiltIn">
<arg>'${problem_name}' not in ${teacher_example_keys}</arg>
<doc>Skips the current FOR loop iteration if the ``condition`` is true.</doc>
<status status="PASS" start="2025-01-26T22:17:11.825482" elapsed="0.000075"/>
</kw>
<kw name="Get From Dictionary" owner="Collections">
<msg time="2025-01-26T22:17:11.825663" level="INFO">${teacher_example} = {'language': 'Python', 'code': "print('Hello, World')", 'input': '', 'output': 'Hello, World'}</msg>
<var>${teacher_example}</var>
<arg>${teacher_topic}[example_code]</arg>
<arg>${problem_name}</arg>
<doc>Returns a value from the given ``dictionary`` based on the given ``key``.</doc>
<status status="PASS" start="2025-01-26T22:17:11.825595" elapsed="0.000077"/>
</kw>
<kw name="Set Variable" owner="BuiltIn">
<msg time="2025-01-26T22:17:11.825762" level="INFO">${test_input} = </msg>
<var>${test_input}</var>
<arg>${teacher_example}[input]</arg>
<doc>Returns the given values which can then be assigned to a variables.</doc>
<status status="PASS" start="2025-01-26T22:17:11.825712" elapsed="0.000058"/>
</kw>
<kw name="Set Variable" owner="BuiltIn">
<msg time="2025-01-26T22:17:11.825860" level="INFO">${expected_output} = Hello, World</msg>
<var>${expected_output}</var>
<arg>${teacher_example}[output]</arg>
<doc>Returns the given values which can then be assigned to a variables.</doc>
<status status="PASS" start="2025-01-26T22:17:11.825806" elapsed="0.000062"/>
</kw>
<kw name="Execute Code With Input">
<kw name="Set Variable" owner="BuiltIn">
<msg time="2025-01-26T22:17:11.826342" level="INFO">${filename} = test</msg>
<var>${filename}</var>
<arg>test</arg>
<doc>Returns the given values which can then be assigned to a variables.</doc>
<status status="PASS" start="2025-01-26T22:17:11.826294" elapsed="0.000057"/>
</kw>
<kw name="Set Variable If" owner="BuiltIn">
<msg time="2025-01-26T22:17:11.826459" level="INFO">${ext} = .py</msg>
<var>${ext}</var>
<arg>'${language}' == 'Python'</arg>
<arg>.py</arg>
<arg>'${language}' == 'C++'</arg>
<arg>.cpp</arg>
<arg>'${language}' == 'Rust'</arg>
<arg>.rs</arg>
<arg>'${language}' == 'JavaScript'</arg>
<arg>.js</arg>
<doc>Sets variable based on the given condition.</doc>
<status status="PASS" start="2025-01-26T22:17:11.826396" elapsed="0.000071"/>
</kw>
<kw name="Create File" owner="OperatingSystem">
<msg time="2025-01-26T22:17:11.826774" level="INFO" html="true">Created file '&lt;a href="file:///Users/tanakrit/Documents/GitHub/RobotFramewokForIDE/Noselenium/temp/test.py"&gt;/Users/tanakrit/Documents/GitHub/RobotFramewokForIDE/Noselenium/temp/test.py&lt;/a&gt;'.</msg>
<arg>${TEMP_DIR}/${filename}${ext}</arg>
<arg>${code}</arg>
<doc>Creates a file with the given content and encoding.</doc>
<status status="PASS" start="2025-01-26T22:17:11.826511" elapsed="0.000283"/>
</kw>
<kw name="Create File" owner="OperatingSystem">
<msg time="2025-01-26T22:17:11.826959" level="INFO" html="true">Created file '&lt;a href="file:///Users/tanakrit/Documents/GitHub/RobotFramewokForIDE/Noselenium/temp/input.txt"&gt;/Users/tanakrit/Documents/GitHub/RobotFramewokForIDE/Noselenium/temp/input.txt&lt;/a&gt;'.</msg>
<arg>${TEMP_DIR}/input.txt</arg>
<arg>${input}</arg>
<doc>Creates a file with the given content and encoding.</doc>
<status status="PASS" start="2025-01-26T22:17:11.826833" elapsed="0.000144"/>
</kw>
<kw name="Set Variable" owner="BuiltIn">
<msg time="2025-01-26T22:17:11.827057" level="INFO">${status} = success</msg>
<var>${status}</var>
<arg>success</arg>
<doc>Returns the given values which can then be assigned to a variables.</doc>
<status status="PASS" start="2025-01-26T22:17:11.827017" elapsed="0.000047"/>
</kw>
<kw name="Set Variable" owner="BuiltIn">
<msg time="2025-01-26T22:17:11.827311" level="INFO">${output} = </msg>
<var>${output}</var>
<arg>${EMPTY}</arg>
<doc>Returns the given values which can then be assigned to a variables.</doc>
<status status="PASS" start="2025-01-26T22:17:11.827101" elapsed="0.000219"/>
</kw>
<try>
<branch type="TRY">
<if>
<branch type="IF" condition="'${language}' == 'Python'">
<kw name="Run Process" owner="Process">
<msg time="2025-01-26T22:17:11.827619" level="INFO">Starting process:
python -c "with open('/Users/tanakrit/Documents/GitHub/RobotFramewokForIDE/Noselenium/temp/test.py', 'r') as f: exec(f.read())"</msg>
<msg time="2025-01-26T22:17:11.830337" level="INFO">Waiting for process to complete.</msg>
<msg time="2025-01-26T22:17:11.845626" level="INFO">Process completed.</msg>
<msg time="2025-01-26T22:17:11.845881" level="INFO">${result} = &lt;result object with rc 0&gt;</msg>
<var>${result}</var>
<arg>${PYTHON_CMD}</arg>
<arg>-c</arg>
<arg>with open('${TEMP_DIR}/${filename}${ext}', 'r') as f: exec(f.read())</arg>
<arg>stdin=${TEMP_DIR}/input.txt</arg>
<arg>shell=True</arg>
<arg>stderr=STDOUT</arg>
<doc>Runs a process and waits for it to complete.</doc>
<status status="PASS" start="2025-01-26T22:17:11.827453" elapsed="0.018446"/>
</kw>
<kw name="Set Variable" owner="BuiltIn">
<msg time="2025-01-26T22:17:11.846515" level="INFO">${output} = Hello, world!</msg>
<var>${output}</var>
<arg>${result.stdout.strip()}</arg>
<doc>Returns the given values which can then be assigned to a variables.</doc>
<status status="PASS" start="2025-01-26T22:17:11.846121" elapsed="0.000405"/>
</kw>
<status status="PASS" start="2025-01-26T22:17:11.827387" elapsed="0.019160"/>
</branch>
<branch type="ELSE IF" condition="'${language}' == 'C++'">
<kw name="Run Process" owner="Process">
<var>${compile_result}</var>
<arg>${CPP_COMPILER}</arg>
<arg>${TEMP_DIR}/${filename}${ext}</arg>
<arg>-o</arg>
<arg>${TEMP_DIR}/${filename}</arg>
<arg>shell=True</arg>
<arg>stderr=STDOUT</arg>
<doc>Runs a process and waits for it to complete.</doc>
<status status="NOT RUN" start="2025-01-26T22:17:11.846644" elapsed="0.000007"/>
</kw>
<if>
<branch type="IF" condition="${compile_result.rc} == 0">
<kw name="Run Process" owner="Process">
<var>${result}</var>
<arg>${TEMP_DIR}/${filename}</arg>
<arg>stdin=${TEMP_DIR}/input.txt</arg>
<arg>shell=True</arg>
<arg>stderr=STDOUT</arg>
<doc>Runs a process and waits for it to complete.</doc>
<status status="NOT RUN" start="2025-01-26T22:17:11.846740" elapsed="0.000005"/>
</kw>
<kw name="Set Variable" owner="BuiltIn">
<var>${output}</var>
<arg>${result.stdout.strip()}</arg>
<doc>Returns the given values which can then be assigned to a variables.</doc>
<status status="NOT RUN" start="2025-01-26T22:17:11.846785" elapsed="0.000005"/>
</kw>
<status status="NOT RUN" start="2025-01-26T22:17:11.846702" elapsed="0.000100"/>
</branch>
<branch type="ELSE">
<kw name="Set Variable" owner="BuiltIn">
<var>${status}</var>
<arg>compilation_error</arg>
<doc>Returns the given values which can then be assigned to a variables.</doc>
<status status="NOT RUN" start="2025-01-26T22:17:11.846846" elapsed="0.000006"/>
</kw>
<kw name="Set Variable" owner="BuiltIn">
<var>${output}</var>
<arg>${compile_result.stderr}</arg>
<doc>Returns the given values which can then be assigned to a variables.</doc>
<status status="NOT RUN" start="2025-01-26T22:17:11.846885" elapsed="0.000005"/>
</kw>
<status status="NOT RUN" start="2025-01-26T22:17:11.846811" elapsed="0.000090"/>
</branch>
<status status="NOT RUN" start="2025-01-26T22:17:11.846694" elapsed="0.000215"/>
</if>
<status status="NOT RUN" start="2025-01-26T22:17:11.846577" elapsed="0.000342"/>
</branch>
<branch type="ELSE IF" condition="'${language}' == 'Rust'">
<kw name="Run Process" owner="Process">
<var>${compile_result}</var>
<arg>${RUST_COMPILER}</arg>
<arg>${TEMP_DIR}/${filename}${ext}</arg>
<arg>-o</arg>
<arg>${TEMP_DIR}/${filename}</arg>
<arg>shell=True</arg>
<arg>stderr=STDOUT</arg>
<doc>Runs a process and waits for it to complete.</doc>
<status status="NOT RUN" start="2025-01-26T22:17:11.846963" elapsed="0.000005"/>
</kw>
<if>
<branch type="IF" condition="${compile_result.rc} == 0">
<kw name="Run Process" owner="Process">
<var>${result}</var>
<arg>${TEMP_DIR}/${filename}</arg>
<arg>stdin=${TEMP_DIR}/input.txt</arg>
<arg>shell=True</arg>
<arg>stderr=STDOUT</arg>
<doc>Runs a process and waits for it to complete.</doc>
<status status="NOT RUN" start="2025-01-26T22:17:11.847033" elapsed="0.000006"/>
</kw>
<kw name="Set Variable" owner="BuiltIn">
<var>${output}</var>
<arg>${result.stdout.strip()}</arg>
<doc>Returns the given values which can then be assigned to a variables.</doc>
<status status="NOT RUN" start="2025-01-26T22:17:11.847076" elapsed="0.000005"/>
</kw>
<status status="NOT RUN" start="2025-01-26T22:17:11.846999" elapsed="0.000093"/>
</branch>
<branch type="ELSE">
<kw name="Set Variable" owner="BuiltIn">
<var>${status}</var>
<arg>compilation_error</arg>
<doc>Returns the given values which can then be assigned to a variables.</doc>
<status status="NOT RUN" start="2025-01-26T22:17:11.847133" elapsed="0.000006"/>
</kw>
<kw name="Set Variable" owner="BuiltIn">
<var>${output}</var>
<arg>${compile_result.stderr}</arg>
<doc>Returns the given values which can then be assigned to a variables.</doc>
<status status="NOT RUN" start="2025-01-26T22:17:11.847171" elapsed="0.000006"/>
</kw>
<status status="NOT RUN" start="2025-01-26T22:17:11.847102" elapsed="0.000085"/>
</branch>
<status status="NOT RUN" start="2025-01-26T22:17:11.846993" elapsed="0.000202"/>
</if>
<status status="NOT RUN" start="2025-01-26T22:17:11.846927" elapsed="0.000277"/>
</branch>
<branch type="ELSE IF" condition="'${language}' == 'JavaScript'">
<kw name="Run Process" owner="Process">
<var>${result}</var>
<arg>${JAVASCRIPT_CMD}</arg>
<arg>${TEMP_DIR}/${filename}${ext}</arg>
<arg>shell=True</arg>
<doc>Runs a process and waits for it to complete.</doc>
<status status="NOT RUN" start="2025-01-26T22:17:11.847249" elapsed="0.000006"/>
</kw>
<kw name="Set Variable" owner="BuiltIn">
<var>${output}</var>
<arg>${result.stdout.strip()}</arg>
<doc>Returns the given values which can then be assigned to a variables.</doc>
<status status="NOT RUN" start="2025-01-26T22:17:11.847289" elapsed="0.000006"/>
</kw>
<status status="NOT RUN" start="2025-01-26T22:17:11.847213" elapsed="0.000093"/>
</branch>
<status status="PASS" start="2025-01-26T22:17:11.827380" elapsed="0.019935"/>
</if>
<status status="PASS" start="2025-01-26T22:17:11.827362" elapsed="0.019964"/>
</branch>
<branch type="EXCEPT" assign="${error}">
<kw name="Set Variable" owner="BuiltIn">
<var>${status}</var>
<arg>runtime_error</arg>
<doc>Returns the given values which can then be assigned to a variables.</doc>
<status status="NOT RUN" start="2025-01-26T22:17:11.847401" elapsed="0.000006"/>
</kw>
<kw name="Set Variable" owner="BuiltIn">
<var>${output}</var>
<arg>${error}</arg>
<doc>Returns the given values which can then be assigned to a variables.</doc>
<status status="NOT RUN" start="2025-01-26T22:17:11.847441" elapsed="0.000005"/>
</kw>
<status status="NOT RUN" start="2025-01-26T22:17:11.847364" elapsed="0.000093"/>
</branch>
<status status="PASS" start="2025-01-26T22:17:11.827343" elapsed="0.020128"/>
</try>
<return>
<value>${status}</value>
<value>${output}</value>
<status status="PASS" start="2025-01-26T22:17:11.847492" elapsed="0.000032"/>
</return>
<msg time="2025-01-26T22:17:11.847637" level="INFO">${student_status} = success</msg>
<msg time="2025-01-26T22:17:11.847652" level="INFO">${student_output} = Hello, world!</msg>
<var>${student_status}</var>
<var>${student_output}</var>
<arg>${student_submission}[code]</arg>
<arg>${student_submission}[language]</arg>
<arg>${test_input}</arg>
<status status="PASS" start="2025-01-26T22:17:11.826075" elapsed="0.021584"/>
</kw>
<kw name="Set Variable If" owner="BuiltIn">
<msg time="2025-01-26T22:17:11.847983" level="INFO">${test_status} = FAIL</msg>
<var>${test_status}</var>
<arg>'${student_status}' != 'success'</arg>
<arg>FAIL</arg>
<arg>'${student_output}' != '${expected_output}'</arg>
<arg>FAIL</arg>
<arg>PASS</arg>
<doc>Sets variable based on the given condition.</doc>
<status status="PASS" start="2025-01-26T22:17:11.847724" elapsed="0.000268"/>
</kw>
<kw name="Create Dictionary" owner="BuiltIn">
<msg time="2025-01-26T22:17:11.848355" level="INFO">${result} = {'student_name': 'Student1', 'topic_name': 'Introduction to Programming', 'problem_name': 'hello_world', 'status': 'FAIL', 'student_output': 'Hello, world!', 'expected_output': 'Hello, World', 'langua...</msg>
<var>${result}</var>
<arg>student_name=${student_name}</arg>
<arg>topic_name=${topic_name}</arg>
<arg>problem_name=${problem_name}</arg>
<arg>status=${test_status}</arg>
<arg>student_output=${student_output}</arg>
<arg>expected_output=${expected_output}</arg>
<arg>language=${student_submission}[language]</arg>
<doc>Creates and returns a dictionary based on the given ``items``.</doc>
<status status="PASS" start="2025-01-26T22:17:11.848045" elapsed="0.000320"/>
</kw>
<kw name="Append To List" owner="Collections">
<arg>${results}</arg>
<arg>${result}</arg>
<doc>Adds ``values`` to the end of ``list``.</doc>
<status status="PASS" start="2025-01-26T22:17:11.848467" elapsed="0.000072"/>
</kw>
<var name="${problem_name}">hello_world</var>
<status status="PASS" start="2025-01-26T22:17:11.825219" elapsed="0.023335"/>
</iter>
<iter>
<kw name="Get From Dictionary" owner="Collections">
<msg time="2025-01-26T22:17:11.848754" level="INFO">${student_submission} = {'language': 'Python', 'code': "print(input('Enter your first name: '))", 'result': 'John'}</msg>
<var>${student_submission}</var>
<arg>${topic}[submitted_code]</arg>
<arg>${problem_name}</arg>
<doc>Returns a value from the given ``dictionary`` based on the given ``key``.</doc>
<status status="PASS" start="2025-01-26T22:17:11.848673" elapsed="0.000091"/>
</kw>
<kw name="Get Dictionary Keys" owner="Collections">
<msg time="2025-01-26T22:17:11.848870" level="INFO">${teacher_example_keys} = ['Simple Input', 'factorial', 'hello_world', 'sum_two_numbers']</msg>
<var>${teacher_example_keys}</var>
<arg>${teacher_topic}[example_code]</arg>
<doc>Returns keys of the given ``dictionary`` as a list.</doc>
<status status="PASS" start="2025-01-26T22:17:11.848805" elapsed="0.000073"/>
</kw>
<kw name="Continue For Loop If" owner="BuiltIn">
<msg time="2025-01-26T22:17:11.849012" level="INFO">Continuing for loop from the next iteration.</msg>
<arg>'${problem_name}' not in ${teacher_example_keys}</arg>
<doc>Skips the current FOR loop iteration if the ``condition`` is true.</doc>
<status status="PASS" start="2025-01-26T22:17:11.848914" elapsed="0.000132"/>
</kw>
<kw name="Get From Dictionary" owner="Collections">
<var>${teacher_example}</var>
<arg>${teacher_topic}[example_code]</arg>
<arg>${problem_name}</arg>
<doc>Returns a value from the given ``dictionary`` based on the given ``key``.</doc>
<status status="NOT RUN" start="2025-01-26T22:17:11.849100" elapsed="0.000010"/>
</kw>
<kw name="Set Variable" owner="BuiltIn">
<var>${test_input}</var>
<arg>${teacher_example}[input]</arg>
<doc>Returns the given values which can then be assigned to a variables.</doc>
<status status="NOT RUN" start="2025-01-26T22:17:11.849151" elapsed="0.000007"/>
</kw>
<kw name="Set Variable" owner="BuiltIn">
<var>${expected_output}</var>
<arg>${teacher_example}[output]</arg>
<doc>Returns the given values which can then be assigned to a variables.</doc>
<status status="NOT RUN" start="2025-01-26T22:17:11.849190" elapsed="0.000006"/>
</kw>
<kw name="Execute Code With Input">
<var>${student_status}</var>
<var>${student_output}</var>
<arg>${student_submission}[code]</arg>
<arg>${student_submission}[language]</arg>
<arg>${test_input}</arg>
<status status="NOT RUN" start="2025-01-26T22:17:11.849463" elapsed="0.000014"/>
</kw>
<kw name="Set Variable If" owner="BuiltIn">
<var>${test_status}</var>
<arg>'${student_status}' != 'success'</arg>
<arg>FAIL</arg>
<arg>'${student_output}' != '${expected_output}'</arg>
<arg>FAIL</arg>
<arg>PASS</arg>
<doc>Sets variable based on the given condition.</doc>
<status status="NOT RUN" start="2025-01-26T22:17:11.849539" elapsed="0.000008"/>
</kw>
<kw name="Create Dictionary" owner="BuiltIn">
<var>${result}</var>
<arg>student_name=${student_name}</arg>
<arg>topic_name=${topic_name}</arg>
<arg>problem_name=${problem_name}</arg>
<arg>status=${test_status}</arg>
<arg>student_output=${student_output}</arg>
<arg>expected_output=${expected_output}</arg>
<arg>language=${student_submission}[language]</arg>
<doc>Creates and returns a dictionary based on the given ``items``.</doc>
<status status="NOT RUN" start="2025-01-26T22:17:11.849593" elapsed="0.000009"/>
</kw>
<kw name="Append To List" owner="Collections">
<arg>${results}</arg>
<arg>${result}</arg>
<doc>Adds ``values`` to the end of ``list``.</doc>
<status status="NOT RUN" start="2025-01-26T22:17:11.849643" elapsed="0.000006"/>
</kw>
<var name="${problem_name}">simple_input</var>
<status status="PASS" start="2025-01-26T22:17:11.848634" elapsed="0.001029"/>
</iter>
<iter>
<kw name="Get From Dictionary" owner="Collections">
<msg time="2025-01-26T22:17:11.849840" level="INFO">${student_submission} = {'language': 'Python', 'code': "a = int(input('Enter A: '))\nb = int(input('Enter B: '))\nprint(a + b)", 'result': '3'}</msg>
<var>${student_submission}</var>
<arg>${topic}[submitted_code]</arg>
<arg>${problem_name}</arg>
<doc>Returns a value from the given ``dictionary`` based on the given ``key``.</doc>
<status status="PASS" start="2025-01-26T22:17:11.849752" elapsed="0.000099"/>
</kw>
<kw name="Get Dictionary Keys" owner="Collections">
<msg time="2025-01-26T22:17:11.849955" level="INFO">${teacher_example_keys} = ['Simple Input', 'factorial', 'hello_world', 'sum_two_numbers']</msg>
<var>${teacher_example_keys}</var>
<arg>${teacher_topic}[example_code]</arg>
<doc>Returns keys of the given ``dictionary`` as a list.</doc>
<status status="PASS" start="2025-01-26T22:17:11.849892" elapsed="0.000071"/>
</kw>
<kw name="Continue For Loop If" owner="BuiltIn">
<arg>'${problem_name}' not in ${teacher_example_keys}</arg>
<doc>Skips the current FOR loop iteration if the ``condition`` is true.</doc>
<status status="PASS" start="2025-01-26T22:17:11.849999" elapsed="0.000091"/>
</kw>
<kw name="Get From Dictionary" owner="Collections">
<msg time="2025-01-26T22:17:11.850199" level="INFO">${teacher_example} = {'language': 'Python', 'code': 'a = int(input(Enter A: ))\nb = int(input(Enter B: ))\nprint(a + b)', 'input': '5\n3\n', 'output': '8'}</msg>
<var>${teacher_example}</var>
<arg>${teacher_topic}[example_code]</arg>
<arg>${problem_name}</arg>
<doc>Returns a value from the given ``dictionary`` based on the given ``key``.</doc>
<status status="PASS" start="2025-01-26T22:17:11.850130" elapsed="0.000079"/>
</kw>
<kw name="Set Variable" owner="BuiltIn">
<msg time="2025-01-26T22:17:11.850302" level="INFO">${test_input} = 5
3
</msg>
<var>${test_input}</var>
<arg>${teacher_example}[input]</arg>
<doc>Returns the given values which can then be assigned to a variables.</doc>
<status status="PASS" start="2025-01-26T22:17:11.850249" elapsed="0.000061"/>
</kw>
<kw name="Set Variable" owner="BuiltIn">
<msg time="2025-01-26T22:17:11.850517" level="INFO">${expected_output} = 8</msg>
<var>${expected_output}</var>
<arg>${teacher_example}[output]</arg>
<doc>Returns the given values which can then be assigned to a variables.</doc>
<status status="PASS" start="2025-01-26T22:17:11.850347" elapsed="0.000178"/>
</kw>
<kw name="Execute Code With Input">
<kw name="Set Variable" owner="BuiltIn">
<msg time="2025-01-26T22:17:11.850956" level="INFO">${filename} = test</msg>
<var>${filename}</var>
<arg>test</arg>
<doc>Returns the given values which can then be assigned to a variables.</doc>
<status status="PASS" start="2025-01-26T22:17:11.850911" elapsed="0.000053"/>
</kw>
<kw name="Set Variable If" owner="BuiltIn">
<msg time="2025-01-26T22:17:11.851076" level="INFO">${ext} = .py</msg>
<var>${ext}</var>
<arg>'${language}' == 'Python'</arg>
<arg>.py</arg>
<arg>'${language}' == 'C++'</arg>
<arg>.cpp</arg>
<arg>'${language}' == 'Rust'</arg>
<arg>.rs</arg>
<arg>'${language}' == 'JavaScript'</arg>
<arg>.js</arg>
<doc>Sets variable based on the given condition.</doc>
<status status="PASS" start="2025-01-26T22:17:11.851007" elapsed="0.000077"/>
</kw>
<kw name="Create File" owner="OperatingSystem">
<msg time="2025-01-26T22:17:11.851476" level="INFO" html="true">Created file '&lt;a href="file:///Users/tanakrit/Documents/GitHub/RobotFramewokForIDE/Noselenium/temp/test.py"&gt;/Users/tanakrit/Documents/GitHub/RobotFramewokForIDE/Noselenium/temp/test.py&lt;/a&gt;'.</msg>
<arg>${TEMP_DIR}/${filename}${ext}</arg>
<arg>${code}</arg>
<doc>Creates a file with the given content and encoding.</doc>
<status status="PASS" start="2025-01-26T22:17:11.851140" elapsed="0.000360"/>
</kw>
<kw name="Create File" owner="OperatingSystem">
<msg time="2025-01-26T22:17:11.851717" level="INFO" html="true">Created file '&lt;a href="file:///Users/tanakrit/Documents/GitHub/RobotFramewokForIDE/Noselenium/temp/input.txt"&gt;/Users/tanakrit/Documents/GitHub/RobotFramewokForIDE/Noselenium/temp/input.txt&lt;/a&gt;'.</msg>
<arg>${TEMP_DIR}/input.txt</arg>
<arg>${input}</arg>
<doc>Creates a file with the given content and encoding.</doc>
<status status="PASS" start="2025-01-26T22:17:11.851543" elapsed="0.000222"/>
</kw>
<kw name="Set Variable" owner="BuiltIn">
<msg time="2025-01-26T22:17:11.851861" level="INFO">${status} = success</msg>
<var>${status}</var>
<arg>success</arg>
<doc>Returns the given values which can then be assigned to a variables.</doc>
<status status="PASS" start="2025-01-26T22:17:11.851812" elapsed="0.000060"/>
</kw>
<kw name="Set Variable" owner="BuiltIn">
<msg time="2025-01-26T22:17:11.852177" level="INFO">${output} = </msg>
<var>${output}</var>
<arg>${EMPTY}</arg>
<doc>Returns the given values which can then be assigned to a variables.</doc>
<status status="PASS" start="2025-01-26T22:17:11.851917" elapsed="0.000271"/>
</kw>
<try>
<branch type="TRY">
<if>
<branch type="IF" condition="'${language}' == 'Python'">
<kw name="Run Process" owner="Process">
<msg time="2025-01-26T22:17:11.852538" level="INFO">Starting process:
python -c "with open('/Users/tanakrit/Documents/GitHub/RobotFramewokForIDE/Noselenium/temp/test.py', 'r') as f: exec(f.read())"</msg>
<msg time="2025-01-26T22:17:11.854693" level="INFO">Waiting for process to complete.</msg>
<msg time="2025-01-26T22:17:11.867819" level="INFO">Process completed.</msg>
<msg time="2025-01-26T22:17:11.868042" level="INFO">${result} = &lt;result object with rc 0&gt;</msg>
<var>${result}</var>
<arg>${PYTHON_CMD}</arg>
<arg>-c</arg>
<arg>with open('${TEMP_DIR}/${filename}${ext}', 'r') as f: exec(f.read())</arg>
<arg>stdin=${TEMP_DIR}/input.txt</arg>
<arg>shell=True</arg>
<arg>stderr=STDOUT</arg>
<doc>Runs a process and waits for it to complete.</doc>
<status status="PASS" start="2025-01-26T22:17:11.852331" elapsed="0.015730"/>
</kw>
<kw name="Set Variable" owner="BuiltIn">
<msg time="2025-01-26T22:17:11.868784" level="INFO">${output} = Enter A: Enter B: 8</msg>
<var>${output}</var>
<arg>${result.stdout.strip()}</arg>
<doc>Returns the given values which can then be assigned to a variables.</doc>
<status status="PASS" start="2025-01-26T22:17:11.868333" elapsed="0.000464"/>
</kw>
<status status="PASS" start="2025-01-26T22:17:11.852258" elapsed="0.016564"/>
</branch>
<branch type="ELSE IF" condition="'${language}' == 'C++'">
<kw name="Run Process" owner="Process">
<var>${compile_result}</var>
<arg>${CPP_COMPILER}</arg>
<arg>${TEMP_DIR}/${filename}${ext}</arg>
<arg>-o</arg>
<arg>${TEMP_DIR}/${filename}</arg>
<arg>shell=True</arg>
<arg>stderr=STDOUT</arg>
<doc>Runs a process and waits for it to complete.</doc>
<status status="NOT RUN" start="2025-01-26T22:17:11.868934" elapsed="0.000008"/>
</kw>
<if>
<branch type="IF" condition="${compile_result.rc} == 0">
<kw name="Run Process" owner="Process">
<var>${result}</var>
<arg>${TEMP_DIR}/${filename}</arg>
<arg>stdin=${TEMP_DIR}/input.txt</arg>
<arg>shell=True</arg>
<arg>stderr=STDOUT</arg>
<doc>Runs a process and waits for it to complete.</doc>
<status status="NOT RUN" start="2025-01-26T22:17:11.869050" elapsed="0.000005"/>
</kw>
<kw name="Set Variable" owner="BuiltIn">
<var>${output}</var>
<arg>${result.stdout.strip()}</arg>
<doc>Returns the given values which can then be assigned to a variables.</doc>
<status status="NOT RUN" start="2025-01-26T22:17:11.869098" elapsed="0.000007"/>
</kw>
<status status="NOT RUN" start="2025-01-26T22:17:11.869004" elapsed="0.000116"/>
</branch>
<branch type="ELSE">
<kw name="Set Variable" owner="BuiltIn">
<var>${status}</var>
<arg>compilation_error</arg>
<doc>Returns the given values which can then be assigned to a variables.</doc>
<status status="NOT RUN" start="2025-01-26T22:17:11.869163" elapsed="0.000007"/>
</kw>
<kw name="Set Variable" owner="BuiltIn">
<var>${output}</var>
<arg>${compile_result.stderr}</arg>
<doc>Returns the given values which can then be assigned to a variables.</doc>
<status status="NOT RUN" start="2025-01-26T22:17:11.869206" elapsed="0.000005"/>
</kw>
<status status="NOT RUN" start="2025-01-26T22:17:11.869129" elapsed="0.000094"/>
</branch>
<status status="NOT RUN" start="2025-01-26T22:17:11.868992" elapsed="0.000240"/>
</if>
<status status="NOT RUN" start="2025-01-26T22:17:11.868848" elapsed="0.000394"/>
</branch>
<branch type="ELSE IF" condition="'${language}' == 'Rust'">
<kw name="Run Process" owner="Process">
<var>${compile_result}</var>
<arg>${RUST_COMPILER}</arg>
<arg>${TEMP_DIR}/${filename}${ext}</arg>
<arg>-o</arg>
<arg>${TEMP_DIR}/${filename}</arg>
<arg>shell=True</arg>
<arg>stderr=STDOUT</arg>
<doc>Runs a process and waits for it to complete.</doc>
<status status="NOT RUN" start="2025-01-26T22:17:11.869281" elapsed="0.000006"/>
</kw>
<if>
<branch type="IF" condition="${compile_result.rc} == 0">
<kw name="Run Process" owner="Process">
<var>${result}</var>
<arg>${TEMP_DIR}/${filename}</arg>
<arg>stdin=${TEMP_DIR}/input.txt</arg>
<arg>shell=True</arg>
<arg>stderr=STDOUT</arg>
<doc>Runs a process and waits for it to complete.</doc>
<status status="NOT RUN" start="2025-01-26T22:17:11.869350" elapsed="0.000005"/>
</kw>
<kw name="Set Variable" owner="BuiltIn">
<var>${output}</var>
<arg>${result.stdout.strip()}</arg>
<doc>Returns the given values which can then be assigned to a variables.</doc>
<status status="NOT RUN" start="2025-01-26T22:17:11.869394" elapsed="0.000006"/>
</kw>
<status status="NOT RUN" start="2025-01-26T22:17:11.869312" elapsed="0.000103"/>
</branch>
<branch type="ELSE">
<kw name="Set Variable" owner="BuiltIn">
<var>${status}</var>
<arg>compilation_error</arg>
<doc>Returns the given values which can then be assigned to a variables.</doc>
<status status="NOT RUN" start="2025-01-26T22:17:11.869454" elapsed="0.000006"/>
</kw>
<kw name="Set Variable" owner="BuiltIn">
<var>${output}</var>
<arg>${compile_result.stderr}</arg>
<doc>Returns the given values which can then be assigned to a variables.</doc>
<status status="NOT RUN" start="2025-01-26T22:17:11.869498" elapsed="0.000005"/>
</kw>
<status status="NOT RUN" start="2025-01-26T22:17:11.869423" elapsed="0.000092"/>
</branch>
<status status="NOT RUN" start="2025-01-26T22:17:11.869307" elapsed="0.000217"/>
</if>
<status status="NOT RUN" start="2025-01-26T22:17:11.869249" elapsed="0.000286"/>
</branch>
<branch type="ELSE IF" condition="'${language}' == 'JavaScript'">
<kw name="Run Process" owner="Process">
<var>${result}</var>
<arg>${JAVASCRIPT_CMD}</arg>
<arg>${TEMP_DIR}/${filename}${ext}</arg>
<arg>shell=True</arg>
<doc>Runs a process and waits for it to complete.</doc>
<status status="NOT RUN" start="2025-01-26T22:17:11.869580" elapsed="0.000006"/>
</kw>
<kw name="Set Variable" owner="BuiltIn">
<var>${output}</var>
<arg>${result.stdout.strip()}</arg>
<doc>Returns the given values which can then be assigned to a variables.</doc>
<status status="NOT RUN" start="2025-01-26T22:17:11.869624" elapsed="0.000005"/>
</kw>
<status status="NOT RUN" start="2025-01-26T22:17:11.869544" elapsed="0.000097"/>
</branch>
<status status="PASS" start="2025-01-26T22:17:11.852251" elapsed="0.017399"/>
</if>
<status status="PASS" start="2025-01-26T22:17:11.852231" elapsed="0.017434"/>
</branch>
<branch type="EXCEPT" assign="${error}">
<kw name="Set Variable" owner="BuiltIn">
<var>${status}</var>
<arg>runtime_error</arg>
<doc>Returns the given values which can then be assigned to a variables.</doc>
<status status="NOT RUN" start="2025-01-26T22:17:11.869742" elapsed="0.000005"/>
</kw>
<kw name="Set Variable" owner="BuiltIn">
<var>${output}</var>
<arg>${error}</arg>
<doc>Returns the given values which can then be assigned to a variables.</doc>
<status status="NOT RUN" start="2025-01-26T22:17:11.869786" elapsed="0.000007"/>
</kw>
<status status="NOT RUN" start="2025-01-26T22:17:11.869701" elapsed="0.000102"/>
</branch>
<status status="PASS" start="2025-01-26T22:17:11.852214" elapsed="0.017603"/>
</try>
<return>
<value>${status}</value>
<value>${output}</value>
<status status="PASS" start="2025-01-26T22:17:11.869846" elapsed="0.000036"/>
</return>
<msg time="2025-01-26T22:17:11.869994" level="INFO">${student_status} = success</msg>
<msg time="2025-01-26T22:17:11.870062" level="INFO">${student_output} = Enter A: Enter B: 8</msg>
<var>${student_status}</var>
<var>${student_output}</var>
<arg>${student_submission}[code]</arg>
<arg>${student_submission}[language]</arg>
<arg>${test_input}</arg>
<status status="PASS" start="2025-01-26T22:17:11.850733" elapsed="0.019339"/>
</kw>
<kw name="Set Variable If" owner="BuiltIn">
<msg time="2025-01-26T22:17:11.870292" level="INFO">${test_status} = FAIL</msg>
<var>${test_status}</var>
<arg>'${student_status}' != 'success'</arg>
<arg>FAIL</arg>
<arg>'${student_output}' != '${expected_output}'</arg>
<arg>FAIL</arg>
<arg>PASS</arg>
<doc>Sets variable based on the given condition.</doc>
<status status="PASS" start="2025-01-26T22:17:11.870147" elapsed="0.000154"/>
</kw>
<kw name="Create Dictionary" owner="BuiltIn">
<msg time="2025-01-26T22:17:11.870592" level="INFO">${result} = {'student_name': 'Student1', 'topic_name': 'Introduction to Programming', 'problem_name': 'sum_two_numbers', 'status': 'FAIL', 'student_output': 'Enter A: Enter B: 8', 'expected_output': '8', 'languag...</msg>
<var>${result}</var>
<arg>student_name=${student_name}</arg>
<arg>topic_name=${topic_name}</arg>
<arg>problem_name=${problem_name}</arg>
<arg>status=${test_status}</arg>
<arg>student_output=${student_output}</arg>
<arg>expected_output=${expected_output}</arg>
<arg>language=${student_submission}[language]</arg>
<doc>Creates and returns a dictionary based on the given ``items``.</doc>
<status status="PASS" start="2025-01-26T22:17:11.870363" elapsed="0.000241"/>
</kw>
<kw name="Append To List" owner="Collections">
<arg>${results}</arg>
<arg>${result}</arg>
<doc>Adds ``values`` to the end of ``list``.</doc>
<status status="PASS" start="2025-01-26T22:17:11.870661" elapsed="0.000070"/>
</kw>
<var name="${problem_name}">sum_two_numbers</var>
<status status="PASS" start="2025-01-26T22:17:11.849720" elapsed="0.021029"/>
</iter>
<var>${problem_name}</var>
<value>@{problem_names}</value>
<status status="PASS" start="2025-01-26T22:17:11.825158" elapsed="0.045613"/>
</for>
<var name="${teacher_topic}">{'id': 1, 'name': 'Introduction to Programming', 'example_code': {'hello_world': {'language': 'Python', 'code': "print('Hello, World')", 'input': '', 'output': 'Hello, World'}, 'sum_two_numbers': {'la...</var>
<status status="PASS" start="2025-01-26T22:17:11.824655" elapsed="0.046130"/>
</iter>
<iter>
<kw name="Set Variable" owner="BuiltIn">
<msg time="2025-01-26T22:17:11.870980" level="INFO">${teacher_topic_name} = Data Structures</msg>
<var>${teacher_topic_name}</var>
<arg>${teacher_topic}[name]</arg>
<doc>Returns the given values which can then be assigned to a variables.</doc>
<status status="PASS" start="2025-01-26T22:17:11.870920" elapsed="0.000068"/>
</kw>
<kw name="Continue For Loop If" owner="BuiltIn">
<msg time="2025-01-26T22:17:11.871124" level="INFO">Continuing for loop from the next iteration.</msg>
<arg>'${topic_name}' != '${teacher_topic_name}'</arg>
<doc>Skips the current FOR loop iteration if the ``condition`` is true.</doc>
<status status="PASS" start="2025-01-26T22:17:11.871027" elapsed="0.000127"/>
</kw>
<kw name="Get Dictionary Keys" owner="Collections">
<var>@{problem_names}</var>
<arg>${topic}[submitted_code]</arg>
<doc>Returns keys of the given ``dictionary`` as a list.</doc>
<status status="NOT RUN" start="2025-01-26T22:17:11.871200" elapsed="0.000007"/>
</kw>
<for flavor="IN">
<iter>
<kw name="Get From Dictionary" owner="Collections">
<var>${student_submission}</var>
<arg>${topic}[submitted_code]</arg>
<arg>${problem_name}</arg>
<doc>Returns a value from the given ``dictionary`` based on the given ``key``.</doc>
<status status="NOT RUN" start="2025-01-26T22:17:11.871318" elapsed="0.000014"/>
</kw>
<kw name="Get Dictionary Keys" owner="Collections">
<var>${teacher_example_keys}</var>
<arg>${teacher_topic}[example_code]</arg>
<doc>Returns keys of the given ``dictionary`` as a list.</doc>
<status status="NOT RUN" start="2025-01-26T22:17:11.871383" elapsed="0.000007"/>
</kw>
<kw name="Continue For Loop If" owner="BuiltIn">
<arg>'${problem_name}' not in ${teacher_example_keys}</arg>
<doc>Skips the current FOR loop iteration if the ``condition`` is true.</doc>
<status status="NOT RUN" start="2025-01-26T22:17:11.871425" elapsed="0.000006"/>
</kw>
<kw name="Get From Dictionary" owner="Collections">
<var>${teacher_example}</var>
<arg>${teacher_topic}[example_code]</arg>
<arg>${problem_name}</arg>
<doc>Returns a value from the given ``dictionary`` based on the given ``key``.</doc>
<status status="NOT RUN" start="2025-01-26T22:17:11.871461" elapsed="0.000005"/>
</kw>
<kw name="Set Variable" owner="BuiltIn">
<var>${test_input}</var>
<arg>${teacher_example}[input]</arg>
<doc>Returns the given values which can then be assigned to a variables.</doc>
<status status="NOT RUN" start="2025-01-26T22:17:11.871503" elapsed="0.000006"/>
</kw>
<kw name="Set Variable" owner="BuiltIn">
<var>${expected_output}</var>
<arg>${teacher_example}[output]</arg>
<doc>Returns the given values which can then be assigned to a variables.</doc>
<status status="NOT RUN" start="2025-01-26T22:17:11.871541" elapsed="0.000009"/>
</kw>
<kw name="Execute Code With Input">
<var>${student_status}</var>
<var>${student_output}</var>
<arg>${student_submission}[code]</arg>
<arg>${student_submission}[language]</arg>
<arg>${test_input}</arg>
<status status="NOT RUN" start="2025-01-26T22:17:11.871901" elapsed="0.000013"/>
</kw>
<kw name="Set Variable If" owner="BuiltIn">
<var>${test_status}</var>
<arg>'${student_status}' != 'success'</arg>
<arg>FAIL</arg>
<arg>'${student_output}' != '${expected_output}'</arg>
<arg>FAIL</arg>
<arg>PASS</arg>
<doc>Sets variable based on the given condition.</doc>
<status status="NOT RUN" start="2025-01-26T22:17:11.871965" elapsed="0.000008"/>
</kw>
<kw name="Create Dictionary" owner="BuiltIn">
<var>${result}</var>
<arg>student_name=${student_name}</arg>
<arg>topic_name=${topic_name}</arg>
<arg>problem_name=${problem_name}</arg>
<arg>status=${test_status}</arg>
<arg>student_output=${student_output}</arg>
<arg>expected_output=${expected_output}</arg>
<arg>language=${student_submission}[language]</arg>
<doc>Creates and returns a dictionary based on the given ``items``.</doc>
<status status="NOT RUN" start="2025-01-26T22:17:11.872021" elapsed="0.000006"/>
</kw>
<kw name="Append To List" owner="Collections">
<arg>${results}</arg>
<arg>${result}</arg>
<doc>Adds ``values`` to the end of ``list``.</doc>
<status status="NOT RUN" start="2025-01-26T22:17:11.872071" elapsed="0.000007"/>
</kw>
<var name="${problem_name}"/>
<status status="NOT RUN" start="2025-01-26T22:17:11.871267" elapsed="0.000824"/>
</iter>
<var>${problem_name}</var>
<value>@{problem_names}</value>
<status status="NOT RUN" start="2025-01-26T22:17:11.871231" elapsed="0.000872"/>
</for>
<var name="${teacher_topic}">{'id': 2, 'name': 'Data Structures', 'example_code': {'hello_world': {'language': 'Python', 'code': "print('Hello, World2!')", 'input': '', 'output': 'Hello, World2!'}, 'sum_two_numbers': {'language':...</var>
<status status="PASS" start="2025-01-26T22:17:11.870888" elapsed="0.001229"/>
</iter>
<var>${teacher_topic}</var>
<value>@{matching_teacher}[topics]</value>
<status status="PASS" start="2025-01-26T22:17:11.824578" elapsed="0.047552"/>
</for>
<var name="${topic}">{'id': 1, 'name': 'Introduction to Programming', 'submitted_code': {'hello_world': {'language': 'Python', 'code': "print('Hello, world!')", 'result': 'Hello, world!'}, 'sum_two_numbers': {'language': ...</var>
<status status="PASS" start="2025-01-26T22:17:11.824465" elapsed="0.047675"/>
</iter>
<iter>
<kw name="Set Variable" owner="BuiltIn">
<msg time="2025-01-26T22:17:11.872424" level="INFO">${topic_name} = Data Structures</msg>
<var>${topic_name}</var>
<arg>${topic}[name]</arg>
<doc>Returns the given values which can then be assigned to a variables.</doc>
<status status="PASS" start="2025-01-26T22:17:11.872250" elapsed="0.000186"/>
</kw>
<for flavor="IN">
<iter>
<kw name="Set Variable" owner="BuiltIn">
<msg time="2025-01-26T22:17:11.872722" level="INFO">${teacher_topic_name} = Introduction to Programming</msg>
<var>${teacher_topic_name}</var>
<arg>${teacher_topic}[name]</arg>
<doc>Returns the given values which can then be assigned to a variables.</doc>
<status status="PASS" start="2025-01-26T22:17:11.872653" elapsed="0.000110"/>
</kw>
<kw name="Continue For Loop If" owner="BuiltIn">
<msg time="2025-01-26T22:17:11.872904" level="INFO">Continuing for loop from the next iteration.</msg>
<arg>'${topic_name}' != '${teacher_topic_name}'</arg>
<doc>Skips the current FOR loop iteration if the ``condition`` is true.</doc>
<status status="PASS" start="2025-01-26T22:17:11.872809" elapsed="0.000120"/>
</kw>
<kw name="Get Dictionary Keys" owner="Collections">
<var>@{problem_names}</var>
<arg>${topic}[submitted_code]</arg>
<doc>Returns keys of the given ``dictionary`` as a list.</doc>
<status status="NOT RUN" start="2025-01-26T22:17:11.872972" elapsed="0.000007"/>
</kw>
<for flavor="IN">
<iter>
<kw name="Get From Dictionary" owner="Collections">
<var>${student_submission}</var>
<arg>${topic}[submitted_code]</arg>
<arg>${problem_name}</arg>
<doc>Returns a value from the given ``dictionary`` based on the given ``key``.</doc>
<status status="NOT RUN" start="2025-01-26T22:17:11.873063" elapsed="0.000007"/>
</kw>
<kw name="Get Dictionary Keys" owner="Collections">
<var>${teacher_example_keys}</var>
<arg>${teacher_topic}[example_code]</arg>
<doc>Returns keys of the given ``dictionary`` as a list.</doc>
<status status="NOT RUN" start="2025-01-26T22:17:11.873107" elapsed="0.000005"/>
</kw>
<kw name="Continue For Loop If" owner="BuiltIn">
<arg>'${problem_name}' not in ${teacher_example_keys}</arg>
<doc>Skips the current FOR loop iteration if the ``condition`` is true.</doc>
<status status="NOT RUN" start="2025-01-26T22:17:11.873146" elapsed="0.000005"/>
</kw>
<kw name="Get From Dictionary" owner="Collections">
<var>${teacher_example}</var>
<arg>${teacher_topic}[example_code]</arg>
<arg>${problem_name}</arg>
<doc>Returns a value from the given ``dictionary`` based on the given ``key``.</doc>
<status status="NOT RUN" start="2025-01-26T22:17:11.873186" elapsed="0.000006"/>
</kw>
<kw name="Set Variable" owner="BuiltIn">
<var>${test_input}</var>
<arg>${teacher_example}[input]</arg>
<doc>Returns the given values which can then be assigned to a variables.</doc>
<status status="NOT RUN" start="2025-01-26T22:17:11.873225" elapsed="0.000006"/>
</kw>
<kw name="Set Variable" owner="BuiltIn">
<var>${expected_output}</var>
<arg>${teacher_example}[output]</arg>
<doc>Returns the given values which can then be assigned to a variables.</doc>
<status status="NOT RUN" start="2025-01-26T22:17:11.873262" elapsed="0.000005"/>
</kw>
<kw name="Execute Code With Input">
<var>${student_status}</var>
<var>${student_output}</var>
<arg>${student_submission}[code]</arg>
<arg>${student_submission}[language]</arg>
<arg>${test_input}</arg>
<status status="NOT RUN" start="2025-01-26T22:17:11.873435" elapsed="0.000012"/>
</kw>
<kw name="Set Variable If" owner="BuiltIn">
<var>${test_status}</var>
<arg>'${student_status}' != 'success'</arg>
<arg>FAIL</arg>
<arg>'${student_output}' != '${expected_output}'</arg>
<arg>FAIL</arg>
<arg>PASS</arg>
<doc>Sets variable based on the given condition.</doc>
<status status="NOT RUN" start="2025-01-26T22:17:11.873500" elapsed="0.000008"/>
</kw>
<kw name="Create Dictionary" owner="BuiltIn">
<var>${result}</var>
<arg>student_name=${student_name}</arg>
<arg>topic_name=${topic_name}</arg>
<arg>problem_name=${problem_name}</arg>
<arg>status=${test_status}</arg>
<arg>student_output=${student_output}</arg>
<arg>expected_output=${expected_output}</arg>
<arg>language=${student_submission}[language]</arg>
<doc>Creates and returns a dictionary based on the given ``items``.</doc>
<status status="NOT RUN" start="2025-01-26T22:17:11.873556" elapsed="0.000010"/>
</kw>
<kw name="Append To List" owner="Collections">
<arg>${results}</arg>
<arg>${result}</arg>
<doc>Adds ``values`` to the end of ``list``.</doc>
<status status="NOT RUN" start="2025-01-26T22:17:11.873608" elapsed="0.000005"/>
</kw>
<var name="${problem_name}"/>
<status status="NOT RUN" start="2025-01-26T22:17:11.873032" elapsed="0.000592"/>
</iter>
<var>${problem_name}</var>
<value>@{problem_names}</value>
<status status="NOT RUN" start="2025-01-26T22:17:11.872997" elapsed="0.000637"/>
</for>
<var name="${teacher_topic}">{'id': 1, 'name': 'Introduction to Programming', 'example_code': {'hello_world': {'language': 'Python', 'code': "print('Hello, World')", 'input': '', 'output': 'Hello, World'}, 'sum_two_numbers': {'la...</var>
<status status="PASS" start="2025-01-26T22:17:11.872612" elapsed="0.001037"/>
</iter>
<iter>
<kw name="Set Variable" owner="BuiltIn">
<msg time="2025-01-26T22:17:11.873842" level="INFO">${teacher_topic_name} = Data Structures</msg>
<var>${teacher_topic_name}</var>
<arg>${teacher_topic}[name]</arg>
<doc>Returns the given values which can then be assigned to a variables.</doc>
<status status="PASS" start="2025-01-26T22:17:11.873770" elapsed="0.000081"/>
</kw>
<kw name="Continue For Loop If" owner="BuiltIn">
<arg>'${topic_name}' != '${teacher_topic_name}'</arg>
<doc>Skips the current FOR loop iteration if the ``condition`` is true.</doc>
<status status="PASS" start="2025-01-26T22:17:11.873892" elapsed="0.000096"/>
</kw>
<kw name="Get Dictionary Keys" owner="Collections">
<msg time="2025-01-26T22:17:11.874109" level="INFO">@{problem_names} = [ factorial ]</msg>
<var>@{problem_names}</var>
<arg>${topic}[submitted_code]</arg>
<doc>Returns keys of the given ``dictionary`` as a list.</doc>
<status status="PASS" start="2025-01-26T22:17:11.874024" elapsed="0.000096"/>
</kw>
<for flavor="IN">
<iter>
<kw name="Get From Dictionary" owner="Collections">
<msg time="2025-01-26T22:17:11.874313" level="INFO">${student_submission} = {'language': 'Python', 'code': 'def factorial(n): return 1 if n == 0 else n * factorial(n-1)\nnum = int(input())\nprint(factorial(num))', 'result': '120'}</msg>
<var>${student_submission}</var>
<arg>${topic}[submitted_code]</arg>
<arg>${problem_name}</arg>
<doc>Returns a value from the given ``dictionary`` based on the given ``key``.</doc>
<status status="PASS" start="2025-01-26T22:17:11.874235" elapsed="0.000087"/>
</kw>
<kw name="Get Dictionary Keys" owner="Collections">
<msg time="2025-01-26T22:17:11.874434" level="INFO">${teacher_example_keys} = ['factorial', 'hello_world', 'sum_two_numbers']</msg>
<var>${teacher_example_keys}</var>
<arg>${teacher_topic}[example_code]</arg>
<doc>Returns keys of the given ``dictionary`` as a list.</doc>
<status status="PASS" start="2025-01-26T22:17:11.874371" elapsed="0.000071"/>
</kw>
<kw name="Continue For Loop If" owner="BuiltIn">
<arg>'${problem_name}' not in ${teacher_example_keys}</arg>
<doc>Skips the current FOR loop iteration if the ``condition`` is true.</doc>
<status status="PASS" start="2025-01-26T22:17:11.874478" elapsed="0.000082"/>
</kw>
<kw name="Get From Dictionary" owner="Collections">
<msg time="2025-01-26T22:17:11.874686" level="INFO">${teacher_example} = {'language': 'Python', 'code': 'def factorial(n):\n    if n == 0:\n        return 1\n    else:\n        return n * factorial(n-1)\n\nnum = int(input())\nprint(factorial(num))', 'input': '5\n', 'output...</msg>
<var>${teacher_example}</var>
<arg>${teacher_topic}[example_code]</arg>
<arg>${problem_name}</arg>
<doc>Returns a value from the given ``dictionary`` based on the given ``key``.</doc>
<status status="PASS" start="2025-01-26T22:17:11.874606" elapsed="0.000092"/>
</kw>
<kw name="Set Variable" owner="BuiltIn">
<msg time="2025-01-26T22:17:11.874802" level="INFO">${test_input} = 5
</msg>
<var>${test_input}</var>
<arg>${teacher_example}[input]</arg>
<doc>Returns the given values which can then be assigned to a variables.</doc>
<status status="PASS" start="2025-01-26T22:17:11.874743" elapsed="0.000069"/>
</kw>
<kw name="Set Variable" owner="BuiltIn">
<msg time="2025-01-26T22:17:11.874905" level="INFO">${expected_output} = 120</msg>
<var>${expected_output}</var>
<arg>${teacher_example}[output]</arg>
<doc>Returns the given values which can then be assigned to a variables.</doc>
<status status="PASS" start="2025-01-26T22:17:11.874853" elapsed="0.000060"/>
</kw>
<kw name="Execute Code With Input">
<kw name="Set Variable" owner="BuiltIn">
<msg time="2025-01-26T22:17:11.875446" level="INFO">${filename} = test</msg>
<var>${filename}</var>
<arg>test</arg>
<doc>Returns the given values which can then be assigned to a variables.</doc>
<status status="PASS" start="2025-01-26T22:17:11.875316" elapsed="0.000138"/>
</kw>
<kw name="Set Variable If" owner="BuiltIn">
<msg time="2025-01-26T22:17:11.875561" level="INFO">${ext} = .py</msg>
<var>${ext}</var>
<arg>'${language}' == 'Python'</arg>
<arg>.py</arg>
<arg>'${language}' == 'C++'</arg>
<arg>.cpp</arg>
<arg>'${language}' == 'Rust'</arg>
<arg>.rs</arg>
<arg>'${language}' == 'JavaScript'</arg>
<arg>.js</arg>
<doc>Sets variable based on the given condition.</doc>
<status status="PASS" start="2025-01-26T22:17:11.875501" elapsed="0.000070"/>
</kw>
<kw name="Create File" owner="OperatingSystem">
<msg time="2025-01-26T22:17:11.875935" level="INFO" html="true">Created file '&lt;a href="file:///Users/tanakrit/Documents/GitHub/RobotFramewokForIDE/Noselenium/temp/test.py"&gt;/Users/tanakrit/Documents/GitHub/RobotFramewokForIDE/Noselenium/temp/test.py&lt;/a&gt;'.</msg>
<arg>${TEMP_DIR}/${filename}${ext}</arg>
<arg>${code}</arg>
<doc>Creates a file with the given content and encoding.</doc>
<status status="PASS" start="2025-01-26T22:17:11.875626" elapsed="0.000328"/>
</kw>
<kw name="Create File" owner="OperatingSystem">
<msg time="2025-01-26T22:17:11.876211" level="INFO" html="true">Created file '&lt;a href="file:///Users/tanakrit/Documents/GitHub/RobotFramewokForIDE/Noselenium/temp/input.txt"&gt;/Users/tanakrit/Documents/GitHub/RobotFramewokForIDE/Noselenium/temp/input.txt&lt;/a&gt;'.</msg>
<arg>${TEMP_DIR}/input.txt</arg>
<arg>${input}</arg>
<doc>Creates a file with the given content and encoding.</doc>
<status status="PASS" start="2025-01-26T22:17:11.876022" elapsed="0.000213"/>
</kw>
<kw name="Set Variable" owner="BuiltIn">
<msg time="2025-01-26T22:17:11.876334" level="INFO">${status} = success</msg>
<var>${status}</var>
<arg>success</arg>
<doc>Returns the given values which can then be assigned to a variables.</doc>
<status status="PASS" start="2025-01-26T22:17:11.876285" elapsed="0.000057"/>
</kw>
<kw name="Set Variable" owner="BuiltIn">
<msg time="2025-01-26T22:17:11.876596" level="INFO">${output} = </msg>
<var>${output}</var>
<arg>${EMPTY}</arg>
<doc>Returns the given values which can then be assigned to a variables.</doc>
<status status="PASS" start="2025-01-26T22:17:11.876382" elapsed="0.000223"/>
</kw>
<try>
<branch type="TRY">
<if>
<branch type="IF" condition="'${language}' == 'Python'">
<kw name="Run Process" owner="Process">
<msg time="2025-01-26T22:17:11.876917" level="INFO">Starting process:
python -c "with open('/Users/tanakrit/Documents/GitHub/RobotFramewokForIDE/Noselenium/temp/test.py', 'r') as f: exec(f.read())"</msg>
<msg time="2025-01-26T22:17:11.878924" level="INFO">Waiting for process to complete.</msg>
<msg time="2025-01-26T22:17:11.891279" level="INFO">Process completed.</msg>
<msg time="2025-01-26T22:17:11.891472" level="INFO">${result} = &lt;result object with rc 0&gt;</msg>
<var>${result}</var>
<arg>${PYTHON_CMD}</arg>
<arg>-c</arg>
<arg>with open('${TEMP_DIR}/${filename}${ext}', 'r') as f: exec(f.read())</arg>
<arg>stdin=${TEMP_DIR}/input.txt</arg>
<arg>shell=True</arg>
<arg>stderr=STDOUT</arg>
<doc>Runs a process and waits for it to complete.</doc>
<status status="PASS" start="2025-01-26T22:17:11.876730" elapsed="0.014759"/>
</kw>
<kw name="Set Variable" owner="BuiltIn">
<msg time="2025-01-26T22:17:11.892059" level="INFO">${output} = 120</msg>
<var>${output}</var>
<arg>${result.stdout.strip()}</arg>
<doc>Returns the given values which can then be assigned to a variables.</doc>
<status status="PASS" start="2025-01-26T22:17:11.891692" elapsed="0.000378"/>
</kw>
<status status="PASS" start="2025-01-26T22:17:11.876662" elapsed="0.015427"/>
</branch>
<branch type="ELSE IF" condition="'${language}' == 'C++'">
<kw name="Run Process" owner="Process">
<var>${compile_result}</var>
<arg>${CPP_COMPILER}</arg>
<arg>${TEMP_DIR}/${filename}${ext}</arg>
<arg>-o</arg>
<arg>${TEMP_DIR}/${filename}</arg>
<arg>shell=True</arg>
<arg>stderr=STDOUT</arg>
<doc>Runs a process and waits for it to complete.</doc>
<status status="NOT RUN" start="2025-01-26T22:17:11.892165" elapsed="0.000007"/>
</kw>
<if>
<branch type="IF" condition="${compile_result.rc} == 0">
<kw name="Run Process" owner="Process">
<var>${result}</var>
<arg>${TEMP_DIR}/${filename}</arg>
<arg>stdin=${TEMP_DIR}/input.txt</arg>
<arg>shell=True</arg>
<arg>stderr=STDOUT</arg>
<doc>Runs a process and waits for it to complete.</doc>
<status status="NOT RUN" start="2025-01-26T22:17:11.892252" elapsed="0.000006"/>
</kw>
<kw name="Set Variable" owner="BuiltIn">
<var>${output}</var>
<arg>${result.stdout.strip()}</arg>
<doc>Returns the given values which can then be assigned to a variables.</doc>
<status status="NOT RUN" start="2025-01-26T22:17:11.892296" elapsed="0.000005"/>
</kw>
<status status="NOT RUN" start="2025-01-26T22:17:11.892217" elapsed="0.000095"/>
</branch>
<branch type="ELSE">
<kw name="Set Variable" owner="BuiltIn">
<var>${status}</var>
<arg>compilation_error</arg>
<doc>Returns the given values which can then be assigned to a variables.</doc>
<status status="NOT RUN" start="2025-01-26T22:17:11.892354" elapsed="0.000005"/>
</kw>
<kw name="Set Variable" owner="BuiltIn">
<var>${output}</var>
<arg>${compile_result.stderr}</arg>
<doc>Returns the given values which can then be assigned to a variables.</doc>
<status status="NOT RUN" start="2025-01-26T22:17:11.892391" elapsed="0.000007"/>
</kw>
<status status="NOT RUN" start="2025-01-26T22:17:11.892320" elapsed="0.000092"/>
</branch>
<status status="NOT RUN" start="2025-01-26T22:17:11.892209" elapsed="0.000209"/>
</if>
<status status="NOT RUN" start="2025-01-26T22:17:11.892108" elapsed="0.000320"/>
</branch>
<branch type="ELSE IF" condition="'${language}' == 'Rust'">
<kw name="Run Process" owner="Process">
<var>${compile_result}</var>
<arg>${RUST_COMPILER}</arg>
<arg>${TEMP_DIR}/${filename}${ext}</arg>
<arg>-o</arg>
<arg>${TEMP_DIR}/${filename}</arg>
<arg>shell=True</arg>
<arg>stderr=STDOUT</arg>
<doc>Runs a process and waits for it to complete.</doc>
<status status="NOT RUN" start="2025-01-26T22:17:11.892471" elapsed="0.000006"/>
</kw>
<if>
<branch type="IF" condition="${compile_result.rc} == 0">
<kw name="Run Process" owner="Process">
<var>${result}</var>
<arg>${TEMP_DIR}/${filename}</arg>
<arg>stdin=${TEMP_DIR}/input.txt</arg>
<arg>shell=True</arg>
<arg>stderr=STDOUT</arg>
<doc>Runs a process and waits for it to complete.</doc>
<status status="NOT RUN" start="2025-01-26T22:17:11.892542" elapsed="0.000007"/>
</kw>
<kw name="Set Variable" owner="BuiltIn">
<var>${output}</var>
<arg>${result.stdout.strip()}</arg>
<doc>Returns the given values which can then be assigned to a variables.</doc>
<status status="NOT RUN" start="2025-01-26T22:17:11.892588" elapsed="0.000006"/>
</kw>
<status status="NOT RUN" start="2025-01-26T22:17:11.892510" elapsed="0.000097"/>
</branch>
<branch type="ELSE">
<kw name="Set Variable" owner="BuiltIn">
<var>${status}</var>
<arg>compilation_error</arg>
<doc>Returns the given values which can then be assigned to a variables.</doc>
<status status="NOT RUN" start="2025-01-26T22:17:11.892648" elapsed="0.000005"/>
</kw>
<kw name="Set Variable" owner="BuiltIn">
<var>${output}</var>
<arg>${compile_result.stderr}</arg>
<doc>Returns the given values which can then be assigned to a variables.</doc>
<status status="NOT RUN" start="2025-01-26T22:17:11.892691" elapsed="0.000006"/>
</kw>
<status status="NOT RUN" start="2025-01-26T22:17:11.892617" elapsed="0.000090"/>
</branch>
<status status="NOT RUN" start="2025-01-26T22:17:11.892504" elapsed="0.000210"/>
</if>
<status status="NOT RUN" start="2025-01-26T22:17:11.892438" elapsed="0.000284"/>
</branch>
<branch type="ELSE IF" condition="'${language}' == 'JavaScript'">
<kw name="Run Process" owner="Process">
<var>${result}</var>
<arg>${JAVASCRIPT_CMD}</arg>
<arg>${TEMP_DIR}/${filename}${ext}</arg>
<arg>shell=True</arg>
<doc>Runs a process and waits for it to complete.</doc>
<status status="NOT RUN" start="2025-01-26T22:17:11.892770" elapsed="0.000005"/>
</kw>
<kw name="Set Variable" owner="BuiltIn">
<var>${output}</var>
<arg>${result.stdout.strip()}</arg>
<doc>Returns the given values which can then be assigned to a variables.</doc>
<status status="NOT RUN" start="2025-01-26T22:17:11.892861" elapsed="0.000007"/>
</kw>
<status status="NOT RUN" start="2025-01-26T22:17:11.892729" elapsed="0.000154"/>
</branch>
<status status="PASS" start="2025-01-26T22:17:11.876657" elapsed="0.016236"/>
</if>
<status status="PASS" start="2025-01-26T22:17:11.876643" elapsed="0.016259"/>
</branch>
<branch type="EXCEPT" assign="${error}">
<kw name="Set Variable" owner="BuiltIn">
<var>${status}</var>
<arg>runtime_error</arg>
<doc>Returns the given values which can then be assigned to a variables.</doc>
<status status="NOT RUN" start="2025-01-26T22:17:11.892970" elapsed="0.000007"/>
</kw>
<kw name="Set Variable" owner="BuiltIn">
<var>${output}</var>
<arg>${error}</arg>
<doc>Returns the given values which can then be assigned to a variables.</doc>
<status status="NOT RUN" start="2025-01-26T22:17:11.893017" elapsed="0.000005"/>
</kw>
<status status="NOT RUN" start="2025-01-26T22:17:11.892932" elapsed="0.000100"/>
</branch>
<status status="PASS" start="2025-01-26T22:17:11.876626" elapsed="0.016418"/>
</try>
<return>
<value>${status}</value>
<value>${output}</value>
<status status="PASS" start="2025-01-26T22:17:11.893063" elapsed="0.000028"/>
</return>
<msg time="2025-01-26T22:17:11.893193" level="INFO">${student_status} = success</msg>
<msg time="2025-01-26T22:17:11.893211" level="INFO">${student_output} = 120</msg>
<var>${student_status}</var>
<var>${student_output}</var>
<arg>${student_submission}[code]</arg>
<arg>${student_submission}[language]</arg>
<arg>${test_input}</arg>
<status status="PASS" start="2025-01-26T22:17:11.875141" elapsed="0.018078"/>
</kw>
<kw name="Set Variable If" owner="BuiltIn">
<msg time="2025-01-26T22:17:11.893434" level="INFO">${test_status} = PASS</msg>
<var>${test_status}</var>
<arg>'${student_status}' != 'success'</arg>
<arg>FAIL</arg>
<arg>'${student_output}' != '${expected_output}'</arg>
<arg>FAIL</arg>
<arg>PASS</arg>
<doc>Sets variable based on the given condition.</doc>
<status status="PASS" start="2025-01-26T22:17:11.893292" elapsed="0.000151"/>
</kw>
<kw name="Create Dictionary" owner="BuiltIn">
<msg time="2025-01-26T22:17:11.893738" level="INFO">${result} = {'student_name': 'Student1', 'topic_name': 'Data Structures', 'problem_name': 'factorial', 'status': 'PASS', 'student_output': '120', 'expected_output': '120', 'language': 'Python'}</msg>
<var>${result}</var>
<arg>student_name=${student_name}</arg>
<arg>topic_name=${topic_name}</arg>
<arg>problem_name=${problem_name}</arg>
<arg>status=${test_status}</arg>
<arg>student_output=${student_output}</arg>
<arg>expected_output=${expected_output}</arg>
<arg>language=${student_submission}[language]</arg>
<doc>Creates and returns a dictionary based on the given ``items``.</doc>
<status status="PASS" start="2025-01-26T22:17:11.893505" elapsed="0.000243"/>
</kw>
<kw name="Append To List" owner="Collections">
<arg>${results}</arg>
<arg>${result}</arg>
<doc>Adds ``values`` to the end of ``list``.</doc>
<status status="PASS" start="2025-01-26T22:17:11.893797" elapsed="0.000069"/>
</kw>
<var name="${problem_name}">factorial</var>
<status status="PASS" start="2025-01-26T22:17:11.874202" elapsed="0.019679"/>
</iter>
<var>${problem_name}</var>
<value>@{problem_names}</value>
<status status="PASS" start="2025-01-26T22:17:11.874138" elapsed="0.019760"/>
</for>
<var name="${teacher_topic}">{'id': 2, 'name': 'Data Structures', 'example_code': {'hello_world': {'language': 'Python', 'code': "print('Hello, World2!')", 'input': '', 'output': 'Hello, World2!'}, 'sum_two_numbers': {'language':...</var>
<status status="PASS" start="2025-01-26T22:17:11.873729" elapsed="0.020189"/>
</iter>
<var>${teacher_topic}</var>
<value>@{matching_teacher}[topics]</value>
<status status="PASS" start="2025-01-26T22:17:11.872461" elapsed="0.021474"/>
</for>
<var name="${topic}">{'id': 2, 'name': 'Data Structures', 'submitted_code': {'factorial': {'language': 'Python', 'code': 'def factorial(n): return 1 if n == 0 else n * factorial(n-1)\nnum = int(input())\nprint(factorial(n...</var>
<status status="PASS" start="2025-01-26T22:17:11.872215" elapsed="0.021732"/>
</iter>
<var>${topic}</var>
<value>@{student}[topics]</value>
<status status="PASS" start="2025-01-26T22:17:11.824380" elapsed="0.069577"/>
</for>
<var name="${student}">{'id': 1, 'name': 'Student1', 'topics': [{'id': 1, 'name': 'Introduction to Programming', 'submitted_code': {'hello_world': {'language': 'Python', 'code': "print('Hello, world!')", 'result': 'Hello, w...</var>
<status status="PASS" start="2025-01-26T22:17:11.822311" elapsed="0.071658"/>
</iter>
<iter>
<kw name="Set Variable" owner="BuiltIn">
<msg time="2025-01-26T22:17:11.894241" level="INFO">${student_name} = Student2</msg>
<var>${student_name}</var>
<arg>${student}[name]</arg>
<doc>Returns the given values which can then be assigned to a variables.</doc>
<status status="PASS" start="2025-01-26T22:17:11.894169" elapsed="0.000083"/>
</kw>
<kw name="Get From List" owner="Collections">
<msg time="2025-01-26T22:17:11.894376" level="INFO">${first_topic} = {'id': 1, 'name': 'Introduction to Programming', 'submitted_code': {'hello_world': {'language': 'C++', 'code': "#include &lt;iostream&gt;\nint main() { std::cout &lt;&lt; 'Hello, world!'; return 0; }", 'result': ...</msg>
<var>${first_topic}</var>
<arg>${student}[topics]</arg>
<arg>0</arg>
<doc>Returns the value specified with an ``index`` from ``list``.</doc>
<status status="PASS" start="2025-01-26T22:17:11.894301" elapsed="0.000089"/>
</kw>
<kw name="Get Dictionary Keys" owner="Collections">
<msg time="2025-01-26T22:17:11.894531" level="INFO">@{submission_keys} = [ hello_world | sum_two_numbers ]</msg>
<var>@{submission_keys}</var>
<arg>${first_topic}[submitted_code]</arg>
<doc>Returns keys of the given ``dictionary`` as a list.</doc>
<status status="PASS" start="2025-01-26T22:17:11.894442" elapsed="0.000101"/>
</kw>
<kw name="Get From List" owner="Collections">
<msg time="2025-01-26T22:17:11.894638" level="INFO">${first_problem} = hello_world</msg>
<var>${first_problem}</var>
<arg>${submission_keys}</arg>
<arg>0</arg>
<doc>Returns the value specified with an ``index`` from ``list``.</doc>
<status status="PASS" start="2025-01-26T22:17:11.894579" elapsed="0.000066"/>
</kw>
<kw name="Get From Dictionary" owner="Collections">
<msg time="2025-01-26T22:17:11.894773" level="INFO">${first_submission} = {'language': 'C++', 'code': "#include &lt;iostream&gt;\nint main() { std::cout &lt;&lt; 'Hello, world!'; return 0; }", 'result': 'Hello, world!'}</msg>
<var>${first_submission}</var>
<arg>${first_topic}[submitted_code]</arg>
<arg>${first_problem}</arg>
<doc>Returns a value from the given ``dictionary`` based on the given ``key``.</doc>
<status status="PASS" start="2025-01-26T22:17:11.894689" elapsed="0.000093"/>
</kw>
<kw name="Set Variable" owner="BuiltIn">
<msg time="2025-01-26T22:17:11.894899" level="INFO">${student_language} = C++</msg>
<var>${student_language}</var>
<arg>${first_submission}[language]</arg>
<doc>Returns the given values which can then be assigned to a variables.</doc>
<status status="PASS" start="2025-01-26T22:17:11.894832" elapsed="0.000075"/>
</kw>
<kw name="Find Matching Teacher">
<for flavor="IN">
<iter>
<for flavor="IN">
<iter>
<kw name="Set Variable" owner="BuiltIn">
<msg time="2025-01-26T22:17:11.895411" level="INFO">${example_code_dict} = {'hello_world': {'language': 'Python', 'code': "print('Hello, World')", 'input': '', 'output': 'Hello, World'}, 'sum_two_numbers': {'language': 'Python', 'code': 'a = int(input(Enter A: ))\nb = int(in...</msg>
<var>${example_code_dict}</var>
<arg>${topic}[example_code]</arg>
<doc>Returns the given values which can then be assigned to a variables.</doc>
<status status="PASS" start="2025-01-26T22:17:11.895349" elapsed="0.000073"/>
</kw>
<for flavor="IN">
<iter>
<kw name="Set Variable" owner="BuiltIn">
<msg time="2025-01-26T22:17:11.895731" level="INFO">${example_language} = Python</msg>
<var>${example_language}</var>
<arg>${example_code_dict}[${problem}][language]</arg>
<doc>Returns the given values which can then be assigned to a variables.</doc>
<status status="PASS" start="2025-01-26T22:17:11.895666" elapsed="0.000103"/>
</kw>
<kw name="Run Keyword If" owner="BuiltIn">
<arg>'${example_language}' == '${language}'</arg>
<arg>Return From Keyword</arg>
<arg>${teacher}</arg>
<doc>Runs the given keyword with the given arguments, if ``condition`` is true.</doc>
<status status="PASS" start="2025-01-26T22:17:11.895819" elapsed="0.000064"/>
</kw>
<var name="${problem}">hello_world</var>
<status status="PASS" start="2025-01-26T22:17:11.895635" elapsed="0.000263"/>
</iter>
<iter>
<kw name="Set Variable" owner="BuiltIn">
<msg time="2025-01-26T22:17:11.896021" level="INFO">${example_language} = Python</msg>
<var>${example_language}</var>
<arg>${example_code_dict}[${problem}][language]</arg>
<doc>Returns the given values which can then be assigned to a variables.</doc>
<status status="PASS" start="2025-01-26T22:17:11.895959" elapsed="0.000069"/>
</kw>
<kw name="Run Keyword If" owner="BuiltIn">
<arg>'${example_language}' == '${language}'</arg>
<arg>Return From Keyword</arg>
<arg>${teacher}</arg>
<doc>Runs the given keyword with the given arguments, if ``condition`` is true.</doc>
<status status="PASS" start="2025-01-26T22:17:11.896069" elapsed="0.000054"/>
</kw>
<var name="${problem}">sum_two_numbers</var>
<status status="PASS" start="2025-01-26T22:17:11.895929" elapsed="0.000208"/>
</iter>
<iter>
<kw name="Set Variable" owner="BuiltIn">
<msg time="2025-01-26T22:17:11.896273" level="INFO">${example_language} = Python</msg>
<var>${example_language}</var>
<arg>${example_code_dict}[${problem}][language]</arg>
<doc>Returns the given values which can then be assigned to a variables.</doc>
<status status="PASS" start="2025-01-26T22:17:11.896204" elapsed="0.000077"/>
</kw>
<kw name="Run Keyword If" owner="BuiltIn">
<arg>'${example_language}' == '${language}'</arg>
<arg>Return From Keyword</arg>
<arg>${teacher}</arg>
<doc>Runs the given keyword with the given arguments, if ``condition`` is true.</doc>
<status status="PASS" start="2025-01-26T22:17:11.896332" elapsed="0.000057"/>
</kw>
<var name="${problem}">factorial</var>
<status status="PASS" start="2025-01-26T22:17:11.896168" elapsed="0.000239"/>
</iter>
<iter>
<kw name="Set Variable" owner="BuiltIn">
<msg time="2025-01-26T22:17:11.896651" level="INFO">${example_language} = Python</msg>
<var>${example_language}</var>
<arg>${example_code_dict}[${problem}][language]</arg>
<doc>Returns the given values which can then be assigned to a variables.</doc>
<status status="PASS" start="2025-01-26T22:17:11.896473" elapsed="0.000189"/>
</kw>
<kw name="Run Keyword If" owner="BuiltIn">
<arg>'${example_language}' == '${language}'</arg>
<arg>Return From Keyword</arg>
<arg>${teacher}</arg>
<doc>Runs the given keyword with the given arguments, if ``condition`` is true.</doc>
<status status="PASS" start="2025-01-26T22:17:11.896712" elapsed="0.000064"/>
</kw>
<var name="${problem}">Simple Input</var>
<status status="PASS" start="2025-01-26T22:17:11.896442" elapsed="0.000348"/>
</iter>
<var>${problem}</var>
<value>@{example_code_dict.keys()}</value>
<status status="PASS" start="2025-01-26T22:17:11.895444" elapsed="0.001360"/>
</for>
<var name="${topic}">{'id': 1, 'name': 'Introduction to Programming', 'example_code': {'hello_world': {'language': 'Python', 'code': "print('Hello, World')", 'input': '', 'output': 'Hello, World'}, 'sum_two_numbers': {'la...</var>
<status status="PASS" start="2025-01-26T22:17:11.895318" elapsed="0.001501"/>
</iter>
<iter>
<kw name="Set Variable" owner="BuiltIn">
<msg time="2025-01-26T22:17:11.896959" level="INFO">${example_code_dict} = {'hello_world': {'language': 'Python', 'code': "print('Hello, World2!')", 'input': '', 'output': 'Hello, World2!'}, 'sum_two_numbers': {'language': 'Python', 'code': 'a = int(input())\nb = int(input()...</msg>
<var>${example_code_dict}</var>
<arg>${topic}[example_code]</arg>
<doc>Returns the given values which can then be assigned to a variables.</doc>
<status status="PASS" start="2025-01-26T22:17:11.896898" elapsed="0.000070"/>
</kw>
<for flavor="IN">
<iter>
<kw name="Set Variable" owner="BuiltIn">
<msg time="2025-01-26T22:17:11.897287" level="INFO">${example_language} = Python</msg>
<var>${example_language}</var>
<arg>${example_code_dict}[${problem}][language]</arg>
<doc>Returns the given values which can then be assigned to a variables.</doc>
<status status="PASS" start="2025-01-26T22:17:11.897219" elapsed="0.000079"/>
</kw>
<kw name="Run Keyword If" owner="BuiltIn">
<arg>'${example_language}' == '${language}'</arg>
<arg>Return From Keyword</arg>
<arg>${teacher}</arg>
<doc>Runs the given keyword with the given arguments, if ``condition`` is true.</doc>
<status status="PASS" start="2025-01-26T22:17:11.897345" elapsed="0.000061"/>
</kw>
<var name="${problem}">hello_world</var>
<status status="PASS" start="2025-01-26T22:17:11.897184" elapsed="0.000240"/>
</iter>
<iter>
<kw name="Set Variable" owner="BuiltIn">
<msg time="2025-01-26T22:17:11.897559" level="INFO">${example_language} = Python</msg>
<var>${example_language}</var>
<arg>${example_code_dict}[${problem}][language]</arg>
<doc>Returns the given values which can then be assigned to a variables.</doc>
<status status="PASS" start="2025-01-26T22:17:11.897487" elapsed="0.000080"/>
</kw>
<kw name="Run Keyword If" owner="BuiltIn">
<arg>'${example_language}' == '${language}'</arg>
<arg>Return From Keyword</arg>
<arg>${teacher}</arg>
<doc>Runs the given keyword with the given arguments, if ``condition`` is true.</doc>
<status status="PASS" start="2025-01-26T22:17:11.897606" elapsed="0.000057"/>
</kw>
<var name="${problem}">sum_two_numbers</var>
<status status="PASS" start="2025-01-26T22:17:11.897458" elapsed="0.000220"/>
</iter>
<iter>
<kw name="Set Variable" owner="BuiltIn">
<msg time="2025-01-26T22:17:11.897815" level="INFO">${example_language} = Python</msg>
<var>${example_language}</var>
<arg>${example_code_dict}[${problem}][language]</arg>
<doc>Returns the given values which can then be assigned to a variables.</doc>
<status status="PASS" start="2025-01-26T22:17:11.897745" elapsed="0.000078"/>
</kw>
[...]
<status status="NOT RUN" start="2025-01-26T22:17:15.908931" elapsed="0.000005"/>
</kw>
<kw name="Append To List" owner="Collections">
<arg>${results}</arg>
<arg>${result}</arg>
<doc>Adds ``values`` to the end of ``list``.</doc>
<status status="NOT RUN" start="2025-01-26T22:17:15.908978" elapsed="0.000006"/>
</kw>
<var name="${problem_name}"/>
<status status="NOT RUN" start="2025-01-26T22:17:15.908376" elapsed="0.000619"/>
</iter>
<var>${problem_name}</var>
<value>@{problem_names}</value>
<status status="NOT RUN" start="2025-01-26T22:17:15.908336" elapsed="0.000669"/>
</for>
<var name="${teacher_topic}">{'id': 1, 'name': 'Introduction to Programming', 'example_code': {'hello_world': {'language': 'Python', 'code': "print('Hello, World')", 'input': '', 'output': 'Hello, World'}, 'sum_two_numbers': {'la...</var>
<status status="PASS" start="2025-01-26T22:17:15.908000" elapsed="0.001019"/>
</iter>
<iter>
<kw name="Set Variable" owner="BuiltIn">
<msg time="2025-01-26T22:17:15.909199" level="INFO">${teacher_topic_name} = Data Structures</msg>
<var>${teacher_topic_name}</var>
<arg>${teacher_topic}[name]</arg>
<doc>Returns the given values which can then be assigned to a variables.</doc>
<status status="PASS" start="2025-01-26T22:17:15.909129" elapsed="0.000079"/>
</kw>
<kw name="Continue For Loop If" owner="BuiltIn">
<arg>'${topic_name}' != '${teacher_topic_name}'</arg>
<doc>Skips the current FOR loop iteration if the ``condition`` is true.</doc>
<status status="PASS" start="2025-01-26T22:17:15.909247" elapsed="0.000100"/>
</kw>
<kw name="Get Dictionary Keys" owner="Collections">
<msg time="2025-01-26T22:17:15.909478" level="INFO">@{problem_names} = [ factorial ]</msg>
<var>@{problem_names}</var>
<arg>${topic}[submitted_code]</arg>
<doc>Returns keys of the given ``dictionary`` as a list.</doc>
<status status="PASS" start="2025-01-26T22:17:15.909389" elapsed="0.000099"/>
</kw>
<for flavor="IN">
<iter>
<kw name="Get From Dictionary" owner="Collections">
<msg time="2025-01-26T22:17:15.909681" level="INFO">${student_submission} = {'language': 'Python', 'code': 'def factorial(n): return 1 if n == 0 else n * factorial(n-1)\nnum = int(input())\nprint(factorial(num))', 'result': '120'}</msg>
<var>${student_submission}</var>
<arg>${topic}[submitted_code]</arg>
<arg>${problem_name}</arg>
<doc>Returns a value from the given ``dictionary`` based on the given ``key``.</doc>
<status status="PASS" start="2025-01-26T22:17:15.909608" elapsed="0.000084"/>
</kw>
<kw name="Get Dictionary Keys" owner="Collections">
<msg time="2025-01-26T22:17:15.909802" level="INFO">${teacher_example_keys} = ['factorial', 'hello_world', 'sum_two_numbers']</msg>
<var>${teacher_example_keys}</var>
<arg>${teacher_topic}[example_code]</arg>
<doc>Returns keys of the given ``dictionary`` as a list.</doc>
<status status="PASS" start="2025-01-26T22:17:15.909736" elapsed="0.000073"/>
</kw>
<kw name="Continue For Loop If" owner="BuiltIn">
<arg>'${problem_name}' not in ${teacher_example_keys}</arg>
<doc>Skips the current FOR loop iteration if the ``condition`` is true.</doc>
<status status="PASS" start="2025-01-26T22:17:15.909850" elapsed="0.000086"/>
</kw>
<kw name="Get From Dictionary" owner="Collections">
<msg time="2025-01-26T22:17:15.910053" level="INFO">${teacher_example} = {'language': 'Python', 'code': 'def factorial(n):\n    if n == 0:\n        return 1\n    else:\n        return n * factorial(n-1)\n\nnum = int(input())\nprint(factorial(num))', 'input': '5\n', 'output...</msg>
<var>${teacher_example}</var>
<arg>${teacher_topic}[example_code]</arg>
<arg>${problem_name}</arg>
<doc>Returns a value from the given ``dictionary`` based on the given ``key``.</doc>
<status status="PASS" start="2025-01-26T22:17:15.909977" elapsed="0.000084"/>
</kw>
<kw name="Set Variable" owner="BuiltIn">
<msg time="2025-01-26T22:17:15.910160" level="INFO">${test_input} = 5
</msg>
<var>${test_input}</var>
<arg>${teacher_example}[input]</arg>
<doc>Returns the given values which can then be assigned to a variables.</doc>
<status status="PASS" start="2025-01-26T22:17:15.910101" elapsed="0.000066"/>
</kw>
<kw name="Set Variable" owner="BuiltIn">
<msg time="2025-01-26T22:17:15.910918" level="INFO">${expected_output} = 120</msg>
<var>${expected_output}</var>
<arg>${teacher_example}[output]</arg>
<doc>Returns the given values which can then be assigned to a variables.</doc>
<status status="PASS" start="2025-01-26T22:17:15.910203" elapsed="0.000724"/>
</kw>
<kw name="Execute Code With Input">
<kw name="Set Variable" owner="BuiltIn">
<msg time="2025-01-26T22:17:15.911314" level="INFO">${filename} = test</msg>
<var>${filename}</var>
<arg>test</arg>
<doc>Returns the given values which can then be assigned to a variables.</doc>
<status status="PASS" start="2025-01-26T22:17:15.911264" elapsed="0.000061"/>
</kw>
<kw name="Set Variable If" owner="BuiltIn">
<msg time="2025-01-26T22:17:15.911434" level="INFO">${ext} = .py</msg>
<var>${ext}</var>
<arg>'${language}' == 'Python'</arg>
<arg>.py</arg>
<arg>'${language}' == 'C++'</arg>
<arg>.cpp</arg>
<arg>'${language}' == 'Rust'</arg>
<arg>.rs</arg>
<arg>'${language}' == 'JavaScript'</arg>
<arg>.js</arg>
<doc>Sets variable based on the given condition.</doc>
<status status="PASS" start="2025-01-26T22:17:15.911367" elapsed="0.000074"/>
</kw>
<kw name="Create File" owner="OperatingSystem">
<msg time="2025-01-26T22:17:15.911793" level="INFO" html="true">Created file '&lt;a href="file:///Users/tanakrit/Documents/GitHub/RobotFramewokForIDE/Noselenium/temp/test.py"&gt;/Users/tanakrit/Documents/GitHub/RobotFramewokForIDE/Noselenium/temp/test.py&lt;/a&gt;'.</msg>
<arg>${TEMP_DIR}/${filename}${ext}</arg>
<arg>${code}</arg>
<doc>Creates a file with the given content and encoding.</doc>
<status status="PASS" start="2025-01-26T22:17:15.911487" elapsed="0.000325"/>
</kw>
<kw name="Create File" owner="OperatingSystem">
<msg time="2025-01-26T22:17:15.912212" level="INFO" html="true">Created file '&lt;a href="file:///Users/tanakrit/Documents/GitHub/RobotFramewokForIDE/Noselenium/temp/input.txt"&gt;/Users/tanakrit/Documents/GitHub/RobotFramewokForIDE/Noselenium/temp/input.txt&lt;/a&gt;'.</msg>
<arg>${TEMP_DIR}/input.txt</arg>
<arg>${input}</arg>
<doc>Creates a file with the given content and encoding.</doc>
<status status="PASS" start="2025-01-26T22:17:15.911851" elapsed="0.000384"/>
</kw>
<kw name="Set Variable" owner="BuiltIn">
<msg time="2025-01-26T22:17:15.912328" level="INFO">${status} = success</msg>
<var>${status}</var>
<arg>success</arg>
<doc>Returns the given values which can then be assigned to a variables.</doc>
<status status="PASS" start="2025-01-26T22:17:15.912285" elapsed="0.000051"/>
</kw>
<kw name="Set Variable" owner="BuiltIn">
<msg time="2025-01-26T22:17:15.912591" level="INFO">${output} = </msg>
<var>${output}</var>
<arg>${EMPTY}</arg>
<doc>Returns the given values which can then be assigned to a variables.</doc>
<status status="PASS" start="2025-01-26T22:17:15.912380" elapsed="0.000219"/>
</kw>
<try>
<branch type="TRY">
<if>
<branch type="IF" condition="'${language}' == 'Python'">
<kw name="Run Process" owner="Process">
<msg time="2025-01-26T22:17:15.912880" level="INFO">Starting process:
python -c "with open('/Users/tanakrit/Documents/GitHub/RobotFramewokForIDE/Noselenium/temp/test.py', 'r') as f: exec(f.read())"</msg>
<msg time="2025-01-26T22:17:15.915286" level="INFO">Waiting for process to complete.</msg>
<msg time="2025-01-26T22:17:15.927934" level="INFO">Process completed.</msg>
<msg time="2025-01-26T22:17:15.928126" level="INFO">${result} = &lt;result object with rc 0&gt;</msg>
<var>${result}</var>
<arg>${PYTHON_CMD}</arg>
<arg>-c</arg>
<arg>with open('${TEMP_DIR}/${filename}${ext}', 'r') as f: exec(f.read())</arg>
<arg>stdin=${TEMP_DIR}/input.txt</arg>
<arg>shell=True</arg>
<arg>stderr=STDOUT</arg>
<doc>Runs a process and waits for it to complete.</doc>
<status status="PASS" start="2025-01-26T22:17:15.912708" elapsed="0.015507"/>
</kw>
<kw name="Set Variable" owner="BuiltIn">
<msg time="2025-01-26T22:17:15.928971" level="INFO">${output} = 120</msg>
<var>${output}</var>
<arg>${result.stdout.strip()}</arg>
<doc>Returns the given values which can then be assigned to a variables.</doc>
<status status="PASS" start="2025-01-26T22:17:15.928452" elapsed="0.000529"/>
</kw>
<status status="PASS" start="2025-01-26T22:17:15.912650" elapsed="0.016367"/>
</branch>
<branch type="ELSE IF" condition="'${language}' == 'C++'">
<kw name="Run Process" owner="Process">
<var>${compile_result}</var>
<arg>${CPP_COMPILER}</arg>
<arg>${TEMP_DIR}/${filename}${ext}</arg>
<arg>-o</arg>
<arg>${TEMP_DIR}/${filename}</arg>
<arg>shell=True</arg>
<arg>stderr=STDOUT</arg>
<doc>Runs a process and waits for it to complete.</doc>
<status status="NOT RUN" start="2025-01-26T22:17:15.929146" elapsed="0.000013"/>
</kw>
<if>
<branch type="IF" condition="${compile_result.rc} == 0">
<kw name="Run Process" owner="Process">
<var>${result}</var>
<arg>${TEMP_DIR}/${filename}</arg>
<arg>stdin=${TEMP_DIR}/input.txt</arg>
<arg>shell=True</arg>
<arg>stderr=STDOUT</arg>
<doc>Runs a process and waits for it to complete.</doc>
<status status="NOT RUN" start="2025-01-26T22:17:15.929261" elapsed="0.000007"/>
</kw>
<kw name="Set Variable" owner="BuiltIn">
<var>${output}</var>
<arg>${result.stdout.strip()}</arg>
<doc>Returns the given values which can then be assigned to a variables.</doc>
<status status="NOT RUN" start="2025-01-26T22:17:15.929331" elapsed="0.000009"/>
</kw>
<status status="NOT RUN" start="2025-01-26T22:17:15.929217" elapsed="0.000137"/>
</branch>
<branch type="ELSE">
<kw name="Set Variable" owner="BuiltIn">
<var>${status}</var>
<arg>compilation_error</arg>
<doc>Returns the given values which can then be assigned to a variables.</doc>
<status status="NOT RUN" start="2025-01-26T22:17:15.929403" elapsed="0.000006"/>
</kw>
<kw name="Set Variable" owner="BuiltIn">
<var>${output}</var>
<arg>${compile_result.stderr}</arg>
<doc>Returns the given values which can then be assigned to a variables.</doc>
<status status="NOT RUN" start="2025-01-26T22:17:15.929530" elapsed="0.000019"/>
</kw>
<status status="NOT RUN" start="2025-01-26T22:17:15.929363" elapsed="0.000208"/>
</branch>
<status status="NOT RUN" start="2025-01-26T22:17:15.929207" elapsed="0.000375"/>
</if>
<status status="NOT RUN" start="2025-01-26T22:17:15.929044" elapsed="0.000549"/>
</branch>
<branch type="ELSE IF" condition="'${language}' == 'Rust'">
<kw name="Run Process" owner="Process">
<var>${compile_result}</var>
<arg>${RUST_COMPILER}</arg>
<arg>${TEMP_DIR}/${filename}${ext}</arg>
<arg>-o</arg>
<arg>${TEMP_DIR}/${filename}</arg>
<arg>shell=True</arg>
<arg>stderr=STDOUT</arg>
<doc>Runs a process and waits for it to complete.</doc>
<status status="NOT RUN" start="2025-01-26T22:17:15.929657" elapsed="0.000007"/>
</kw>
<if>
<branch type="IF" condition="${compile_result.rc} == 0">
<kw name="Run Process" owner="Process">
<var>${result}</var>
<arg>${TEMP_DIR}/${filename}</arg>
<arg>stdin=${TEMP_DIR}/input.txt</arg>
<arg>shell=True</arg>
<arg>stderr=STDOUT</arg>
<doc>Runs a process and waits for it to complete.</doc>
<status status="NOT RUN" start="2025-01-26T22:17:15.929857" elapsed="0.000009"/>
</kw>
<kw name="Set Variable" owner="BuiltIn">
<var>${output}</var>
<arg>${result.stdout.strip()}</arg>
<doc>Returns the given values which can then be assigned to a variables.</doc>
<status status="NOT RUN" start="2025-01-26T22:17:15.929913" elapsed="0.000006"/>
</kw>
<status status="NOT RUN" start="2025-01-26T22:17:15.929794" elapsed="0.000138"/>
</branch>
<branch type="ELSE">
<kw name="Set Variable" owner="BuiltIn">
<var>${status}</var>
<arg>compilation_error</arg>
<doc>Returns the given values which can then be assigned to a variables.</doc>
<status status="NOT RUN" start="2025-01-26T22:17:15.929976" elapsed="0.000006"/>
</kw>
<kw name="Set Variable" owner="BuiltIn">
<var>${output}</var>
<arg>${compile_result.stderr}</arg>
<doc>Returns the given values which can then be assigned to a variables.</doc>
<status status="NOT RUN" start="2025-01-26T22:17:15.930016" elapsed="0.000005"/>
</kw>
<status status="NOT RUN" start="2025-01-26T22:17:15.929942" elapsed="0.000090"/>
</branch>
<status status="NOT RUN" start="2025-01-26T22:17:15.929782" elapsed="0.000259"/>
</if>
<status status="NOT RUN" start="2025-01-26T22:17:15.929601" elapsed="0.000450"/>
</branch>
<branch type="ELSE IF" condition="'${language}' == 'JavaScript'">
<kw name="Run Process" owner="Process">
<var>${result}</var>
<arg>${JAVASCRIPT_CMD}</arg>
<arg>${TEMP_DIR}/${filename}${ext}</arg>
<arg>shell=True</arg>
<doc>Runs a process and waits for it to complete.</doc>
<status status="NOT RUN" start="2025-01-26T22:17:15.930093" elapsed="0.000006"/>
</kw>
<kw name="Set Variable" owner="BuiltIn">
<var>${output}</var>
<arg>${result.stdout.strip()}</arg>
<doc>Returns the given values which can then be assigned to a variables.</doc>
<status status="NOT RUN" start="2025-01-26T22:17:15.930133" elapsed="0.000006"/>
</kw>
<status status="NOT RUN" start="2025-01-26T22:17:15.930058" elapsed="0.000093"/>
</branch>
<status status="PASS" start="2025-01-26T22:17:15.912645" elapsed="0.017514"/>
</if>
<status status="PASS" start="2025-01-26T22:17:15.912632" elapsed="0.017535"/>
</branch>
<branch type="EXCEPT" assign="${error}">
<kw name="Set Variable" owner="BuiltIn">
<var>${status}</var>
<arg>runtime_error</arg>
<doc>Returns the given values which can then be assigned to a variables.</doc>
<status status="NOT RUN" start="2025-01-26T22:17:15.930226" elapsed="0.000006"/>
</kw>
<kw name="Set Variable" owner="BuiltIn">
<var>${output}</var>
<arg>${error}</arg>
<doc>Returns the given values which can then be assigned to a variables.</doc>
<status status="NOT RUN" start="2025-01-26T22:17:15.930264" elapsed="0.000005"/>
</kw>
<status status="NOT RUN" start="2025-01-26T22:17:15.930193" elapsed="0.000087"/>
</branch>
<status status="PASS" start="2025-01-26T22:17:15.912619" elapsed="0.017674"/>
</try>
<return>
<value>${status}</value>
<value>${output}</value>
<status status="PASS" start="2025-01-26T22:17:15.930310" elapsed="0.000029"/>
</return>
<msg time="2025-01-26T22:17:15.930439" level="INFO">${student_status} = success</msg>
<msg time="2025-01-26T22:17:15.930454" level="INFO">${student_output} = 120</msg>
<var>${student_status}</var>
<var>${student_output}</var>
<arg>${student_submission}[code]</arg>
<arg>${student_submission}[language]</arg>
<arg>${test_input}</arg>
<status status="PASS" start="2025-01-26T22:17:15.911107" elapsed="0.019354"/>
</kw>
<kw name="Set Variable If" owner="BuiltIn">
<msg time="2025-01-26T22:17:15.930662" level="INFO">${test_status} = PASS</msg>
<var>${test_status}</var>
<arg>'${student_status}' != 'success'</arg>
<arg>FAIL</arg>
<arg>'${student_output}' != '${expected_output}'</arg>
<arg>FAIL</arg>
<arg>PASS</arg>
<doc>Sets variable based on the given condition.</doc>
<status status="PASS" start="2025-01-26T22:17:15.930524" elapsed="0.000146"/>
</kw>
<kw name="Create Dictionary" owner="BuiltIn">
<msg time="2025-01-26T22:17:15.930931" level="INFO">${result} = {'student_name': 'Student4', 'topic_name': 'Data Structures', 'problem_name': 'factorial', 'status': 'PASS', 'student_output': '120', 'expected_output': '120', 'language': 'Python'}</msg>
<var>${result}</var>
<arg>student_name=${student_name}</arg>
<arg>topic_name=${topic_name}</arg>
<arg>problem_name=${problem_name}</arg>
<arg>status=${test_status}</arg>
<arg>student_output=${student_output}</arg>
<arg>expected_output=${expected_output}</arg>
<arg>language=${student_submission}[language]</arg>
<doc>Creates and returns a dictionary based on the given ``items``.</doc>
<status status="PASS" start="2025-01-26T22:17:15.930725" elapsed="0.000216"/>
</kw>
<kw name="Append To List" owner="Collections">
<arg>${results}</arg>
<arg>${result}</arg>
<doc>Adds ``values`` to the end of ``list``.</doc>
<status status="PASS" start="2025-01-26T22:17:15.931030" elapsed="0.000079"/>
</kw>
<var name="${problem_name}">factorial</var>
<status status="PASS" start="2025-01-26T22:17:15.909569" elapsed="0.021555"/>
</iter>
<var>${problem_name}</var>
<value>@{problem_names}</value>
<status status="PASS" start="2025-01-26T22:17:15.909505" elapsed="0.021639"/>
</for>
<var name="${teacher_topic}">{'id': 2, 'name': 'Data Structures', 'example_code': {'hello_world': {'language': 'Python', 'code': "print('Hello, World2!')", 'input': '', 'output': 'Hello, World2!'}, 'sum_two_numbers': {'language':...</var>
<status status="PASS" start="2025-01-26T22:17:15.909094" elapsed="0.022067"/>
</iter>
<var>${teacher_topic}</var>
<value>@{matching_teacher}[topics]</value>
<status status="PASS" start="2025-01-26T22:17:15.907902" elapsed="0.023272"/>
</for>
<var name="${topic}">{'id': 2, 'name': 'Data Structures', 'submitted_code': {'factorial': {'language': 'Python', 'code': 'def factorial(n): return 1 if n == 0 else n * factorial(n-1)\nnum = int(input())\nprint(factorial(n...</var>
<status status="PASS" start="2025-01-26T22:17:15.907763" elapsed="0.023420"/>
</iter>
<var>${topic}</var>
<value>@{student}[topics]</value>
<status status="PASS" start="2025-01-26T22:17:15.864520" elapsed="0.066675"/>
</for>
<var name="${student}">{'id': 4, 'name': 'Student4', 'topics': [{'id': 1, 'name': 'Introduction to Programming', 'submitted_code': {'hello_world': {'language': 'Python', 'code': "print('Hello, world!')", 'result': 'Hello, w...</var>
<status status="PASS" start="2025-01-26T22:17:15.862578" elapsed="0.068627"/>
</iter>
<var>${student}</var>
<value>@{students}</value>
<status status="PASS" start="2025-01-26T22:17:11.822143" elapsed="4.109076"/>
</for>
<kw name="Save Comparison Results">
<kw name="Evaluate" owner="BuiltIn">
<msg time="2025-01-26T22:17:15.931822" level="INFO">${json_string} = [
  {
    "student_name": "Student1",
    "topic_name": "Introduction to Programming",
    "problem_name": "hello_world",
    "status": "FAIL",
    "student_output": "Hello, world!",
    "expected_out...</msg>
<var>${json_string}</var>
<arg>json.dumps($results, indent=2)</arg>
<arg>json</arg>
<doc>Evaluates the given expression in Python and returns the result.</doc>
<status status="PASS" start="2025-01-26T22:17:15.931522" elapsed="0.000311"/>
</kw>
<kw name="Create File" owner="OperatingSystem">
<msg time="2025-01-26T22:17:15.932324" level="INFO" html="true">Created file '&lt;a href="file:///Users/tanakrit/Documents/GitHub/RobotFramewokForIDE/Noselenium/comparison_results.json"&gt;/Users/tanakrit/Documents/GitHub/RobotFramewokForIDE/Noselenium/comparison_results.json&lt;/a&gt;'.</msg>
<arg>${RESULTS_FILE}</arg>
<arg>${json_string}</arg>
<doc>Creates a file with the given content and encoding.</doc>
<status status="PASS" start="2025-01-26T22:17:15.931882" elapsed="0.000463"/>
</kw>
<arg>${results}</arg>
<status status="PASS" start="2025-01-26T22:17:15.931380" elapsed="0.000990"/>
</kw>
<kw name="Cleanup Test Environment" type="TEARDOWN">
<kw name="Remove Directory" owner="OperatingSystem">
<msg time="2025-01-26T22:17:15.932991" level="INFO" html="true">Removed directory '&lt;a href="file:///Users/tanakrit/Documents/GitHub/RobotFramewokForIDE/Noselenium/temp"&gt;/Users/tanakrit/Documents/GitHub/RobotFramewokForIDE/Noselenium/temp&lt;/a&gt;'.</msg>
<arg>${TEMP_DIR}</arg>
<arg>recursive=True</arg>
<doc>Removes the directory pointed to by the given ``path``.</doc>
<status status="PASS" start="2025-01-26T22:17:15.932579" elapsed="0.000433"/>
</kw>
<status status="PASS" start="2025-01-26T22:17:15.932486" elapsed="0.000548"/>
</kw>
<status status="PASS" start="2025-01-26T22:17:11.819829" elapsed="4.113234"/>
</test>
<status status="PASS" start="2025-01-26T22:17:11.752595" elapsed="4.180733"/>
</suite>
<statistics>
<total>
<stat pass="1" fail="0" skip="0">All Tests</stat>
</total>
<tag>
</tag>
<suite>
<stat pass="1" fail="0" skip="0" id="s1" name="CompareCodeWithInput">CompareCodeWithInput</stat>
</suite>
</statistics>
<errors>
</errors>
</robot>
