<?xml version="1.0" encoding="UTF-8"?>
<robot generator="Robot 7.1.1 (Python 3.11.4 on darwin)" generated="2025-01-25T15:46:33.934192" rpa="false" schemaversion="5">
<suite id="s1" name="Robottesting" source="/Users/tanakrit/Documents/GitHub/RobotFramewokForIDE/Noselenium/Robottesting.robot">
<test id="s1-t1" name="Compare Student and Teacher Result Case 3" line="258">
<kw name="Load Json From File" owner="JSONLibrary">
<msg time="2025-01-25T15:46:34.037612" level="ERROR">JSON file: /Users/tanakrit/Documents/GitHub/RobotFramewokForIDE/expected_results.json not found</msg>
<msg time="2025-01-25T15:46:34.040078" level="FAIL">OSError</msg>
<var>${expected_results}</var>
<arg>${EXECDIR}/expected_results.json</arg>
<doc>Load JSON from file.</doc>
<status status="FAIL" start="2025-01-25T15:46:34.037379" elapsed="0.003541">OSError</status>
</kw>
<kw name="Load Json From File" owner="JSONLibrary">
<var>${actual_results}</var>
<arg>${EXECDIR}/actual_results.json</arg>
<doc>Load JSON from file.</doc>
<status status="NOT RUN" start="2025-01-25T15:46:34.041441" elapsed="0.000216"/>
</kw>
<for flavor="IN">
<iter>
<kw name="Find Matching Result">
<var>${matching_actual}</var>
<arg>${actual_results}</arg>
<arg>${expected}</arg>
<status status="NOT RUN" start="2025-01-25T15:46:34.042692" elapsed="0.000191"/>
</kw>
<kw name="Run Keyword If" owner="BuiltIn">
<arg>${matching_actual} is None</arg>
<arg>Fail</arg>
<arg>No matching result found for ${expected}</arg>
<doc>Runs the given keyword with the given arguments, if ``condition`` is true.</doc>
<status status="NOT RUN" start="2025-01-25T15:46:34.043153" elapsed="0.000071"/>
</kw>
<kw name="Compare Result Details">
<arg>${expected}</arg>
<arg>${matching_actual}</arg>
<status status="NOT RUN" start="2025-01-25T15:46:34.043327" elapsed="0.000102"/>
</kw>
<var name="${expected}"/>
<status status="NOT RUN" start="2025-01-25T15:46:34.042338" elapsed="0.001140"/>
</iter>
<var>${expected}</var>
<value>@{expected_results}</value>
<status status="NOT RUN" start="2025-01-25T15:46:34.042060" elapsed="0.001481"/>
</for>
<doc>Compare results Case 3</doc>
<status status="FAIL" start="2025-01-25T15:46:34.036557" elapsed="0.007173">OSError</status>
</test>
<status status="FAIL" start="2025-01-25T15:46:33.938161" elapsed="0.106421"/>
</suite>
<statistics>
<total>
<stat pass="0" fail="1" skip="0">All Tests</stat>
</total>
<tag>
</tag>
<suite>
<stat pass="0" fail="1" skip="0" id="s1" name="Robottesting">Robottesting</stat>
</suite>
</statistics>
<errors>
<msg time="2025-01-25T15:46:34.037612" level="ERROR">JSON file: /Users/tanakrit/Documents/GitHub/RobotFramewokForIDE/expected_results.json not found</msg>
</errors>
</robot>
