<?xml version="1.0" encoding="UTF-8"?>
<robot generator="Robot 7.2.2 (Python 3.13.2 on darwin)" generated="2025-04-27T19:31:38.252928" rpa="false" schemaversion="5">
<suite id="s1" name="Test Web Code" source="/Users/tanakrit/Documents/GitHub/RobotFramewokForIDE/NewFormatOfRobot/WebsiteTesting/v2/test_web_code.robot">
<kw name="Setup Test Environment" type="SETUP">
<kw name="Create Directory" owner="OperatingSystem">
<msg time="2025-04-27T19:31:38.319731" level="INFO" html="true">Directory '&lt;a href="file:///Users/tanakrit/Documents/GitHub/RobotFramewokForIDE/NewFormatOfRobot/WebsiteTesting/v2/test_results"&gt;/Users/tanakrit/Documents/GitHub/RobotFramewokForIDE/NewFormatOfRobot/WebsiteTesting/v2/test_results&lt;/a&gt;' already exists.</msg>
<arg>${OUTPUT_DIR}</arg>
<doc>Creates the specified directory.</doc>
<status status="PASS" start="2025-04-27T19:31:38.319657" elapsed="0.000104"/>
</kw>
<kw name="Remove Files" owner="OperatingSystem">
<msg time="2025-04-27T19:31:38.320050" level="INFO" html="true">Removed file '&lt;a href="file:///Users/tanakrit/Documents/GitHub/RobotFramewokForIDE/NewFormatOfRobot/WebsiteTesting/v2/test_results/student_validation.json"&gt;/Users/tanakrit/Documents/GitHub/RobotFramewokForIDE/NewFormatOfRobot/WebsiteTesting/v2/test_results/student_validation.json&lt;/a&gt;'.</msg>
<msg time="2025-04-27T19:31:38.320106" level="INFO" html="true">Removed file '&lt;a href="file:///Users/tanakrit/Documents/GitHub/RobotFramewokForIDE/NewFormatOfRobot/WebsiteTesting/v2/test_results/validation_report.json"&gt;/Users/tanakrit/Documents/GitHub/RobotFramewokForIDE/NewFormatOfRobot/WebsiteTesting/v2/test_results/validation_report.json&lt;/a&gt;'.</msg>
<msg time="2025-04-27T19:31:38.320165" level="INFO" html="true">Removed file '&lt;a href="file:///Users/tanakrit/Documents/GitHub/RobotFramewokForIDE/NewFormatOfRobot/WebsiteTesting/v2/test_results/defaultcode_comparison_result.json"&gt;/Users/tanakrit/Documents/GitHub/RobotFramewokForIDE/NewFormatOfRobot/WebsiteTesting/v2/test_results/defaultcode_comparison_result.json&lt;/a&gt;'.</msg>
<arg>${OUTPUT_DIR}/*.json</arg>
<doc>Uses `Remove File` to remove multiple files one-by-one.</doc>
<status status="PASS" start="2025-04-27T19:31:38.319812" elapsed="0.000371"/>
</kw>
<kw name="Join Path" owner="OperatingSystem">
<msg time="2025-04-27T19:31:38.320278" level="INFO">${temp_dir} = /Users/tanakrit/Documents/GitHub/RobotFramewokForIDE/NewFormatOfRobot/WebsiteTesting/v2/temp</msg>
<var>${temp_dir}</var>
<arg>/Users/tanakrit/Documents/GitHub/RobotFramewokForIDE/NewFormatOfRobot/WebsiteTesting/v2</arg>
<arg>temp</arg>
<doc>Joins the given path part(s) to the given base path.</doc>
<status status="PASS" start="2025-04-27T19:31:38.320227" elapsed="0.000060"/>
</kw>
<kw name="Create Directory" owner="OperatingSystem">
<msg time="2025-04-27T19:31:38.320484" level="INFO" html="true">Created directory '&lt;a href="file:///Users/tanakrit/Documents/GitHub/RobotFramewokForIDE/NewFormatOfRobot/WebsiteTesting/v2/temp"&gt;/Users/tanakrit/Documents/GitHub/RobotFramewokForIDE/NewFormatOfRobot/WebsiteTesting/v2/temp&lt;/a&gt;'.</msg>
<arg>${temp_dir}</arg>
<doc>Creates the specified directory.</doc>
<status status="PASS" start="2025-04-27T19:31:38.320322" elapsed="0.000180"/>
</kw>
<status status="PASS" start="2025-04-27T19:31:38.319380" elapsed="0.001144"/>
</kw>
<test id="s1-t1" name="Test Default Code Consistency With Specific Feedback" line="24">
<kw name="Extract JSON Files">
<kw name="Log" owner="BuiltIn">
<msg time="2025-04-27T19:31:38.320987" level="INFO">Extracting JSON from /Users/tanakrit/Documents/GitHub/RobotFramewokForIDE/NewFormatOfRobot/WebsiteTesting/v2/students.json...</msg>
<arg>Extracting JSON from ${file_path}...</arg>
<doc>Logs the given message with the given level.</doc>
<status status="PASS" start="2025-04-27T19:31:38.320932" elapsed="0.000072"/>
</kw>
<kw name="Run Process" owner="Process">
<msg time="2025-04-27T19:31:38.321140" level="INFO">Starting process:
python /Users/tanakrit/Documents/GitHub/RobotFramewokForIDE/NewFormatOfRobot/WebsiteTesting/v2/json_helper.py extract /Users/tanakrit/Documents/GitHub/RobotFramewokForIDE/NewFormatOfRobot/WebsiteTesting/v2/students.json</msg>
<msg time="2025-04-27T19:31:38.323418" level="INFO">Waiting for process to complete.</msg>
<msg time="2025-04-27T19:31:38.342544" level="INFO">Process completed.</msg>
<msg time="2025-04-27T19:31:38.342735" level="INFO">${result} = &lt;result object with rc 0&gt;</msg>
<var>${result}</var>
<arg>python</arg>
<arg>${HELPER_SCRIPT}</arg>
<arg>extract</arg>
<arg>${file_path}</arg>
<arg>stderr=STDOUT</arg>
<doc>Runs a process and waits for it to complete.</doc>
<status status="PASS" start="2025-04-27T19:31:38.321041" elapsed="0.021718"/>
</kw>
<kw name="Log" owner="BuiltIn">
<msg time="2025-04-27T19:31:38.343483" level="INFO">Process output: HTML_PATH:/Users/tanakrit/Documents/GitHub/RobotFramewokForIDE/NewFormatOfRobot/WebsiteTesting/v2/temp/students_html.html
CSS_PATH:/Users/tanakrit/Documents/GitHub/RobotFramewokForIDE/NewFormatOfRobot/WebsiteTesting/v2/temp/students_css.css
JS_PATH:/Users/tanakrit/Documents/GitHub/RobotFramewokForIDE/NewFormatOfRobot/WebsiteTesting/v2/temp/students_js.js</msg>
<arg>Process output: ${result.stdout}</arg>
<doc>Logs the given message with the given level.</doc>
<status status="PASS" start="2025-04-27T19:31:38.343034" elapsed="0.000475"/>
</kw>
<kw name="Set Variable" owner="BuiltIn">
<msg time="2025-04-27T19:31:38.343830" level="INFO">${rc} = 0</msg>
<var>${rc}</var>
<arg>${result.rc}</arg>
<doc>Returns the given values which can then be assigned to a variables.</doc>
<status status="PASS" start="2025-04-27T19:31:38.343588" elapsed="0.000252"/>
</kw>
<kw name="Log" owner="BuiltIn">
<msg time="2025-04-27T19:31:38.343933" level="INFO">Process return code: 0</msg>
<arg>Process return code: ${rc}</arg>
<doc>Logs the given message with the given level.</doc>
<status status="PASS" start="2025-04-27T19:31:38.343885" elapsed="0.000063"/>
</kw>
<kw name="Run Keyword If" owner="BuiltIn">
<arg>${rc} != 0</arg>
<arg>Log</arg>
<arg>Error extracting data: ${result.stdout}</arg>
<arg>WARN</arg>
<doc>Runs the given keyword with the given arguments, if ``condition`` is true.</doc>
<status status="PASS" start="2025-04-27T19:31:38.344004" elapsed="0.000074"/>
</kw>
<kw name="Should Be Equal As Integers" owner="BuiltIn">
<msg time="2025-04-27T19:31:38.344321" level="INFO">Argument types are:
&lt;class 'int'&gt;
&lt;class 'str'&gt;</msg>
<arg>${rc}</arg>
<arg>0</arg>
<arg>Failed to extract data from ${file_path}: ${result.stdout}</arg>
<doc>Fails if objects are unequal after converting them to integers.</doc>
<status status="PASS" start="2025-04-27T19:31:38.344116" elapsed="0.000229"/>
</kw>
<kw name="Split To Lines" owner="String">
<msg time="2025-04-27T19:31:38.344526" level="INFO">3 lines returned</msg>
<msg time="2025-04-27T19:31:38.344550" level="INFO">${lines} = ['HTML_PATH:/Users/tanakrit/Documents/GitHub/RobotFramewokForIDE/NewFormatOfRobot/WebsiteTesting/v2/temp/students_html.html', 'CSS_PATH:/Users/tanakrit/Documents/GitHub/RobotFramewokForIDE/NewFormatOf...</msg>
<var>${lines}</var>
<arg>${result.stdout}</arg>
<doc>Splits the given string to lines.</doc>
<status status="PASS" start="2025-04-27T19:31:38.344386" elapsed="0.000172"/>
</kw>
<kw name="Set Variable" owner="BuiltIn">
<msg time="2025-04-27T19:31:38.344761" level="INFO">${html_path} = </msg>
<var>${html_path}</var>
<arg>${EMPTY}</arg>
<doc>Returns the given values which can then be assigned to a variables.</doc>
<status status="PASS" start="2025-04-27T19:31:38.344593" elapsed="0.000177"/>
</kw>
<kw name="Set Variable" owner="BuiltIn">
<msg time="2025-04-27T19:31:38.344959" level="INFO">${css_path} = </msg>
<var>${css_path}</var>
<arg>${EMPTY}</arg>
<doc>Returns the given values which can then be assigned to a variables.</doc>
<status status="PASS" start="2025-04-27T19:31:38.344807" elapsed="0.000161"/>
</kw>
<kw name="Set Variable" owner="BuiltIn">
<msg time="2025-04-27T19:31:38.345155" level="INFO">${js_path} = </msg>
<var>${js_path}</var>
<arg>${EMPTY}</arg>
<doc>Returns the given values which can then be assigned to a variables.</doc>
<status status="PASS" start="2025-04-27T19:31:38.345005" elapsed="0.000159"/>
</kw>
<for flavor="IN">
<iter>
<kw name="Strip String" owner="String">
<msg time="2025-04-27T19:31:38.345493" level="INFO">${stripped} = HTML_PATH:/Users/tanakrit/Documents/GitHub/RobotFramewokForIDE/NewFormatOfRobot/WebsiteTesting/v2/temp/students_html.html</msg>
<var>${stripped}</var>
<arg>${line}</arg>
<doc>Remove leading and/or trailing whitespaces from the given string.</doc>
<status status="PASS" start="2025-04-27T19:31:38.345433" elapsed="0.000070"/>
</kw>
<if>
<branch type="IF" condition="&quot;${stripped}&quot; != &quot;${EMPTY}&quot;">
<if>
<branch type="IF" condition="$stripped.startswith(&quot;HTML_PATH:&quot;)">
<kw name="Set Variable" owner="BuiltIn">
<msg time="2025-04-27T19:31:38.345980" level="INFO">${html_path} = /Users/tanakrit/Documents/GitHub/RobotFramewokForIDE/NewFormatOfRobot/WebsiteTesting/v2/temp/students_html.html</msg>
<var>${html_path}</var>
<arg>${stripped.replace("HTML_PATH:", "")}</arg>
<doc>Returns the given values which can then be assigned to a variables.</doc>
<status status="PASS" start="2025-04-27T19:31:38.345833" elapsed="0.000156"/>
</kw>
<status status="PASS" start="2025-04-27T19:31:38.345730" elapsed="0.000271"/>
</branch>
<branch type="ELSE IF" condition="$stripped.startswith(&quot;CSS_PATH:&quot;)">
<kw name="Set Variable" owner="BuiltIn">
<var>${css_path}</var>
<arg>${stripped.replace("CSS_PATH:", "")}</arg>
<doc>Returns the given values which can then be assigned to a variables.</doc>
<status status="NOT RUN" start="2025-04-27T19:31:38.346054" elapsed="0.000006"/>
</kw>
<status status="NOT RUN" start="2025-04-27T19:31:38.346018" elapsed="0.000054"/>
</branch>
<branch type="ELSE IF" condition="$stripped.startswith(&quot;JS_PATH:&quot;)">
<kw name="Set Variable" owner="BuiltIn">
<var>${js_path}</var>
<arg>${stripped.replace("JS_PATH:", "")}</arg>
<doc>Returns the given values which can then be assigned to a variables.</doc>
<status status="NOT RUN" start="2025-04-27T19:31:38.346111" elapsed="0.000006"/>
</kw>
<status status="NOT RUN" start="2025-04-27T19:31:38.346081" elapsed="0.000046"/>
</branch>
<status status="PASS" start="2025-04-27T19:31:38.345723" elapsed="0.000412"/>
</if>
<status status="PASS" start="2025-04-27T19:31:38.345541" elapsed="0.000603"/>
</branch>
<status status="PASS" start="2025-04-27T19:31:38.345530" elapsed="0.000621"/>
</if>
<var name="${line}">HTML_PATH:/Users/tanakrit/Documents/GitHub/RobotFramewokForIDE/NewFormatOfRobot/WebsiteTesting/v2/temp/students_html.html</var>
<status status="PASS" start="2025-04-27T19:31:38.345398" elapsed="0.000760"/>
</iter>
<iter>
<kw name="Strip String" owner="String">
<msg time="2025-04-27T19:31:38.346300" level="INFO">${stripped} = CSS_PATH:/Users/tanakrit/Documents/GitHub/RobotFramewokForIDE/NewFormatOfRobot/WebsiteTesting/v2/temp/students_css.css</msg>
<var>${stripped}</var>
<arg>${line}</arg>
<doc>Remove leading and/or trailing whitespaces from the given string.</doc>
<status status="PASS" start="2025-04-27T19:31:38.346251" elapsed="0.000059"/>
</kw>
<if>
<branch type="IF" condition="&quot;${stripped}&quot; != &quot;${EMPTY}&quot;">
<if>
<branch type="IF" condition="$stripped.startswith(&quot;HTML_PATH:&quot;)">
<kw name="Set Variable" owner="BuiltIn">
<var>${html_path}</var>
<arg>${stripped.replace("HTML_PATH:", "")}</arg>
<doc>Returns the given values which can then be assigned to a variables.</doc>
<status status="NOT RUN" start="2025-04-27T19:31:38.346546" elapsed="0.000006"/>
</kw>
<status status="NOT RUN" start="2025-04-27T19:31:38.346480" elapsed="0.000086"/>
</branch>
<branch type="ELSE IF" condition="$stripped.startswith(&quot;CSS_PATH:&quot;)">
<kw name="Set Variable" owner="BuiltIn">
<msg time="2025-04-27T19:31:38.346773" level="INFO">${css_path} = /Users/tanakrit/Documents/GitHub/RobotFramewokForIDE/NewFormatOfRobot/WebsiteTesting/v2/temp/students_css.css</msg>
<var>${css_path}</var>
<arg>${stripped.replace("CSS_PATH:", "")}</arg>
<doc>Returns the given values which can then be assigned to a variables.</doc>
<status status="PASS" start="2025-04-27T19:31:38.346627" elapsed="0.000155"/>
</kw>
<status status="PASS" start="2025-04-27T19:31:38.346574" elapsed="0.000220"/>
</branch>
<branch type="ELSE IF" condition="$stripped.startswith(&quot;JS_PATH:&quot;)">
<kw name="Set Variable" owner="BuiltIn">
<var>${js_path}</var>
<arg>${stripped.replace("JS_PATH:", "")}</arg>
<doc>Returns the given values which can then be assigned to a variables.</doc>
<status status="NOT RUN" start="2025-04-27T19:31:38.346833" elapsed="0.000006"/>
</kw>
<status status="NOT RUN" start="2025-04-27T19:31:38.346802" elapsed="0.000048"/>
</branch>
<status status="PASS" start="2025-04-27T19:31:38.346475" elapsed="0.000382"/>
</if>
<status status="PASS" start="2025-04-27T19:31:38.346332" elapsed="0.000532"/>
</branch>
<status status="PASS" start="2025-04-27T19:31:38.346326" elapsed="0.000545"/>
</if>
<var name="${line}">CSS_PATH:/Users/tanakrit/Documents/GitHub/RobotFramewokForIDE/NewFormatOfRobot/WebsiteTesting/v2/temp/students_css.css</var>
<status status="PASS" start="2025-04-27T19:31:38.346224" elapsed="0.000653"/>
</iter>
<iter>
<kw name="Strip String" owner="String">
<msg time="2025-04-27T19:31:38.347006" level="INFO">${stripped} = JS_PATH:/Users/tanakrit/Documents/GitHub/RobotFramewokForIDE/NewFormatOfRobot/WebsiteTesting/v2/temp/students_js.js</msg>
<var>${stripped}</var>
<arg>${line}</arg>
<doc>Remove leading and/or trailing whitespaces from the given string.</doc>
<status status="PASS" start="2025-04-27T19:31:38.346958" elapsed="0.000056"/>
</kw>
<if>
<branch type="IF" condition="&quot;${stripped}&quot; != &quot;${EMPTY}&quot;">
<if>
<branch type="IF" condition="$stripped.startswith(&quot;HTML_PATH:&quot;)">
<kw name="Set Variable" owner="BuiltIn">
<var>${html_path}</var>
<arg>${stripped.replace("HTML_PATH:", "")}</arg>
<doc>Returns the given values which can then be assigned to a variables.</doc>
<status status="NOT RUN" start="2025-04-27T19:31:38.347240" elapsed="0.000006"/>
</kw>
<status status="NOT RUN" start="2025-04-27T19:31:38.347186" elapsed="0.000072"/>
</branch>
<branch type="ELSE IF" condition="$stripped.startswith(&quot;CSS_PATH:&quot;)">
<kw name="Set Variable" owner="BuiltIn">
<var>${css_path}</var>
<arg>${stripped.replace("CSS_PATH:", "")}</arg>
<doc>Returns the given values which can then be assigned to a variables.</doc>
<status status="NOT RUN" start="2025-04-27T19:31:38.347317" elapsed="0.000006"/>
</kw>
<status status="NOT RUN" start="2025-04-27T19:31:38.347266" elapsed="0.000068"/>
</branch>
<branch type="ELSE IF" condition="$stripped.startswith(&quot;JS_PATH:&quot;)">
<kw name="Set Variable" owner="BuiltIn">
<msg time="2025-04-27T19:31:38.347526" level="INFO">${js_path} = /Users/tanakrit/Documents/GitHub/RobotFramewokForIDE/NewFormatOfRobot/WebsiteTesting/v2/temp/students_js.js</msg>
<var>${js_path}</var>
<arg>${stripped.replace("JS_PATH:", "")}</arg>
<doc>Returns the given values which can then be assigned to a variables.</doc>
<status status="PASS" start="2025-04-27T19:31:38.347388" elapsed="0.000147"/>
</kw>
<status status="PASS" start="2025-04-27T19:31:38.347341" elapsed="0.000206"/>
</branch>
<status status="PASS" start="2025-04-27T19:31:38.347181" elapsed="0.000373"/>
</if>
<status status="PASS" start="2025-04-27T19:31:38.347036" elapsed="0.000525"/>
</branch>
<status status="PASS" start="2025-04-27T19:31:38.347030" elapsed="0.000538"/>
</if>
<var name="${line}">JS_PATH:/Users/tanakrit/Documents/GitHub/RobotFramewokForIDE/NewFormatOfRobot/WebsiteTesting/v2/temp/students_js.js</var>
<status status="PASS" start="2025-04-27T19:31:38.346931" elapsed="0.000643"/>
</iter>
<var>${line}</var>
<value>@{lines}</value>
<status status="PASS" start="2025-04-27T19:31:38.345255" elapsed="0.002329"/>
</for>
<kw name="Create Dictionary" owner="BuiltIn">
<msg time="2025-04-27T19:31:38.347811" level="INFO">${paths} = {'html_path': '/Users/tanakrit/Documents/GitHub/RobotFramewokForIDE/NewFormatOfRobot/WebsiteTesting/v2/temp/students_html.html', 'css_path': '/Users/tanakrit/Documents/GitHub/RobotFramewokForIDE/NewFo...</msg>
<var>${paths}</var>
<arg>html_path=${html_path}</arg>
<arg>css_path=${css_path}</arg>
<arg>js_path=${js_path}</arg>
<doc>Creates and returns a dictionary based on the given ``items``.</doc>
<status status="PASS" start="2025-04-27T19:31:38.347629" elapsed="0.000192"/>
</kw>
<return>
<value>${paths}</value>
<status status="PASS" start="2025-04-27T19:31:38.347868" elapsed="0.000026"/>
</return>
<msg time="2025-04-27T19:31:38.347957" level="INFO">${student_paths} = {'html_path': '/Users/tanakrit/Documents/GitHub/RobotFramewokForIDE/NewFormatOfRobot/WebsiteTesting/v2/temp/students_html.html', 'css_path': '/Users/tanakrit/Documents/GitHub/RobotFramewokForIDE/NewFo...</msg>
<var>${student_paths}</var>
<arg>${STUDENTS_JSON}</arg>
<status status="PASS" start="2025-04-27T19:31:38.320836" elapsed="0.027130"/>
</kw>
<kw name="Extract JSON Files">
<kw name="Log" owner="BuiltIn">
<msg time="2025-04-27T19:31:38.348328" level="INFO">Extracting JSON from /Users/tanakrit/Documents/GitHub/RobotFramewokForIDE/NewFormatOfRobot/WebsiteTesting/v2/teachers.json...</msg>
<arg>Extracting JSON from ${file_path}...</arg>
<doc>Logs the given message with the given level.</doc>
<status status="PASS" start="2025-04-27T19:31:38.348284" elapsed="0.000062"/>
</kw>
<kw name="Run Process" owner="Process">
<msg time="2025-04-27T19:31:38.348517" level="INFO">Starting process:
python /Users/tanakrit/Documents/GitHub/RobotFramewokForIDE/NewFormatOfRobot/WebsiteTesting/v2/json_helper.py extract /Users/tanakrit/Documents/GitHub/RobotFramewokForIDE/NewFormatOfRobot/WebsiteTesting/v2/teachers.json</msg>
<msg time="2025-04-27T19:31:38.350414" level="INFO">Waiting for process to complete.</msg>
<msg time="2025-04-27T19:31:38.369102" level="INFO">Process completed.</msg>
<msg time="2025-04-27T19:31:38.369278" level="INFO">${result} = &lt;result object with rc 0&gt;</msg>
<var>${result}</var>
<arg>python</arg>
<arg>${HELPER_SCRIPT}</arg>
<arg>extract</arg>
<arg>${file_path}</arg>
<arg>stderr=STDOUT</arg>
<doc>Runs a process and waits for it to complete.</doc>
<status status="PASS" start="2025-04-27T19:31:38.348386" elapsed="0.020910"/>
</kw>
<kw name="Log" owner="BuiltIn">
<msg time="2025-04-27T19:31:38.369823" level="INFO">Process output: HTML_PATH:/Users/tanakrit/Documents/GitHub/RobotFramewokForIDE/NewFormatOfRobot/WebsiteTesting/v2/temp/teachers_html.html
CSS_PATH:/Users/tanakrit/Documents/GitHub/RobotFramewokForIDE/NewFormatOfRobot/WebsiteTesting/v2/temp/teachers_css.css
JS_PATH:/Users/tanakrit/Documents/GitHub/RobotFramewokForIDE/NewFormatOfRobot/WebsiteTesting/v2/temp/teachers_js.js</msg>
<arg>Process output: ${result.stdout}</arg>
<doc>Logs the given message with the given level.</doc>
<status status="PASS" start="2025-04-27T19:31:38.369483" elapsed="0.000361"/>
</kw>
<kw name="Set Variable" owner="BuiltIn">
<msg time="2025-04-27T19:31:38.370109" level="INFO">${rc} = 0</msg>
<var>${rc}</var>
<arg>${result.rc}</arg>
<doc>Returns the given values which can then be assigned to a variables.</doc>
<status status="PASS" start="2025-04-27T19:31:38.369910" elapsed="0.000208"/>
</kw>
<kw name="Log" owner="BuiltIn">
<msg time="2025-04-27T19:31:38.370203" level="INFO">Process return code: 0</msg>
<arg>Process return code: ${rc}</arg>
<doc>Logs the given message with the given level.</doc>
<status status="PASS" start="2025-04-27T19:31:38.370159" elapsed="0.000059"/>
</kw>
<kw name="Run Keyword If" owner="BuiltIn">
<arg>${rc} != 0</arg>
<arg>Log</arg>
<arg>Error extracting data: ${result.stdout}</arg>
<arg>WARN</arg>
<doc>Runs the given keyword with the given arguments, if ``condition`` is true.</doc>
<status status="PASS" start="2025-04-27T19:31:38.370266" elapsed="0.000069"/>
</kw>
<kw name="Should Be Equal As Integers" owner="BuiltIn">
<msg time="2025-04-27T19:31:38.370589" level="INFO">Argument types are:
&lt;class 'int'&gt;
&lt;class 'str'&gt;</msg>
<arg>${rc}</arg>
<arg>0</arg>
<arg>Failed to extract data from ${file_path}: ${result.stdout}</arg>
<doc>Fails if objects are unequal after converting them to integers.</doc>
<status status="PASS" start="2025-04-27T19:31:38.370378" elapsed="0.000238"/>
</kw>
<kw name="Split To Lines" owner="String">
<msg time="2025-04-27T19:31:38.370801" level="INFO">3 lines returned</msg>
<msg time="2025-04-27T19:31:38.370828" level="INFO">${lines} = ['HTML_PATH:/Users/tanakrit/Documents/GitHub/RobotFramewokForIDE/NewFormatOfRobot/WebsiteTesting/v2/temp/teachers_html.html', 'CSS_PATH:/Users/tanakrit/Documents/GitHub/RobotFramewokForIDE/NewFormatOf...</msg>
<var>${lines}</var>
<arg>${result.stdout}</arg>
<doc>Splits the given string to lines.</doc>
<status status="PASS" start="2025-04-27T19:31:38.370658" elapsed="0.000179"/>
</kw>
<kw name="Set Variable" owner="BuiltIn">
<msg time="2025-04-27T19:31:38.371030" level="INFO">${html_path} = </msg>
<var>${html_path}</var>
<arg>${EMPTY}</arg>
<doc>Returns the given values which can then be assigned to a variables.</doc>
<status status="PASS" start="2025-04-27T19:31:38.370875" elapsed="0.000163"/>
</kw>
<kw name="Set Variable" owner="BuiltIn">
<msg time="2025-04-27T19:31:38.371217" level="INFO">${css_path} = </msg>
<var>${css_path}</var>
<arg>${EMPTY}</arg>
<doc>Returns the given values which can then be assigned to a variables.</doc>
<status status="PASS" start="2025-04-27T19:31:38.371074" elapsed="0.000151"/>
</kw>
<kw name="Set Variable" owner="BuiltIn">
<msg time="2025-04-27T19:31:38.371396" level="INFO">${js_path} = </msg>
<var>${js_path}</var>
<arg>${EMPTY}</arg>
<doc>Returns the given values which can then be assigned to a variables.</doc>
<status status="PASS" start="2025-04-27T19:31:38.371259" elapsed="0.000145"/>
</kw>
<for flavor="IN">
<iter>
<kw name="Strip String" owner="String">
<msg time="2025-04-27T19:31:38.371638" level="INFO">${stripped} = HTML_PATH:/Users/tanakrit/Documents/GitHub/RobotFramewokForIDE/NewFormatOfRobot/WebsiteTesting/v2/temp/teachers_html.html</msg>
<var>${stripped}</var>
<arg>${line}</arg>
<doc>Remove leading and/or trailing whitespaces from the given string.</doc>
<status status="PASS" start="2025-04-27T19:31:38.371585" elapsed="0.000062"/>
</kw>
<if>
<branch type="IF" condition="&quot;${stripped}&quot; != &quot;${EMPTY}&quot;">
<if>
<branch type="IF" condition="$stripped.startswith(&quot;HTML_PATH:&quot;)">
<kw name="Set Variable" owner="BuiltIn">
<msg time="2025-04-27T19:31:38.372070" level="INFO">${html_path} = /Users/tanakrit/Documents/GitHub/RobotFramewokForIDE/NewFormatOfRobot/WebsiteTesting/v2/temp/teachers_html.html</msg>
<var>${html_path}</var>
<arg>${stripped.replace("HTML_PATH:", "")}</arg>
<doc>Returns the given values which can then be assigned to a variables.</doc>
<status status="PASS" start="2025-04-27T19:31:38.371922" elapsed="0.000157"/>
</kw>
<status status="PASS" start="2025-04-27T19:31:38.371839" elapsed="0.000265"/>
</branch>
<branch type="ELSE IF" condition="$stripped.startswith(&quot;CSS_PATH:&quot;)">
<kw name="Set Variable" owner="BuiltIn">
<var>${css_path}</var>
<arg>${stripped.replace("CSS_PATH:", "")}</arg>
<doc>Returns the given values which can then be assigned to a variables.</doc>
<status status="NOT RUN" start="2025-04-27T19:31:38.372155" elapsed="0.000007"/>
</kw>
<status status="NOT RUN" start="2025-04-27T19:31:38.372120" elapsed="0.000054"/>
</branch>
<branch type="ELSE IF" condition="$stripped.startswith(&quot;JS_PATH:&quot;)">
<kw name="Set Variable" owner="BuiltIn">
<var>${js_path}</var>
<arg>${stripped.replace("JS_PATH:", "")}</arg>
<doc>Returns the given values which can then be assigned to a variables.</doc>
<status status="NOT RUN" start="2025-04-27T19:31:38.372213" elapsed="0.000005"/>
</kw>
<status status="NOT RUN" start="2025-04-27T19:31:38.372182" elapsed="0.000046"/>
</branch>
<status status="PASS" start="2025-04-27T19:31:38.371833" elapsed="0.000402"/>
</if>
<status status="PASS" start="2025-04-27T19:31:38.371678" elapsed="0.000567"/>
</branch>
<status status="PASS" start="2025-04-27T19:31:38.371668" elapsed="0.000584"/>
</if>
<var name="${line}">HTML_PATH:/Users/tanakrit/Documents/GitHub/RobotFramewokForIDE/NewFormatOfRobot/WebsiteTesting/v2/temp/teachers_html.html</var>
<status status="PASS" start="2025-04-27T19:31:38.371556" elapsed="0.000703"/>
</iter>
<iter>
<kw name="Strip String" owner="String">
<msg time="2025-04-27T19:31:38.372444" level="INFO">${stripped} = CSS_PATH:/Users/tanakrit/Documents/GitHub/RobotFramewokForIDE/NewFormatOfRobot/WebsiteTesting/v2/temp/teachers_css.css</msg>
<var>${stripped}</var>
<arg>${line}</arg>
<doc>Remove leading and/or trailing whitespaces from the given string.</doc>
<status status="PASS" start="2025-04-27T19:31:38.372353" elapsed="0.000101"/>
</kw>
<if>
<branch type="IF" condition="&quot;${stripped}&quot; != &quot;${EMPTY}&quot;">
<if>
<branch type="IF" condition="$stripped.startswith(&quot;HTML_PATH:&quot;)">
<kw name="Set Variable" owner="BuiltIn">
<var>${html_path}</var>
<arg>${stripped.replace("HTML_PATH:", "")}</arg>
<doc>Returns the given values which can then be assigned to a variables.</doc>
<status status="NOT RUN" start="2025-04-27T19:31:38.372691" elapsed="0.000006"/>
</kw>
<status status="NOT RUN" start="2025-04-27T19:31:38.372631" elapsed="0.000078"/>
</branch>
<branch type="ELSE IF" condition="$stripped.startswith(&quot;CSS_PATH:&quot;)">
<kw name="Set Variable" owner="BuiltIn">
<msg time="2025-04-27T19:31:38.372913" level="INFO">${css_path} = /Users/tanakrit/Documents/GitHub/RobotFramewokForIDE/NewFormatOfRobot/WebsiteTesting/v2/temp/teachers_css.css</msg>
<var>${css_path}</var>
<arg>${stripped.replace("CSS_PATH:", "")}</arg>
<doc>Returns the given values which can then be assigned to a variables.</doc>
<status status="PASS" start="2025-04-27T19:31:38.372767" elapsed="0.000154"/>
</kw>
<status status="PASS" start="2025-04-27T19:31:38.372717" elapsed="0.000216"/>
</branch>
<branch type="ELSE IF" condition="$stripped.startswith(&quot;JS_PATH:&quot;)">
<kw name="Set Variable" owner="BuiltIn">
<var>${js_path}</var>
<arg>${stripped.replace("JS_PATH:", "")}</arg>
<doc>Returns the given values which can then be assigned to a variables.</doc>
<status status="NOT RUN" start="2025-04-27T19:31:38.372973" elapsed="0.000006"/>
</kw>
<status status="NOT RUN" start="2025-04-27T19:31:38.372942" elapsed="0.000048"/>
</branch>
<status status="PASS" start="2025-04-27T19:31:38.372627" elapsed="0.000370"/>
</if>
<status status="PASS" start="2025-04-27T19:31:38.372477" elapsed="0.000527"/>
</branch>
<status status="PASS" start="2025-04-27T19:31:38.372471" elapsed="0.000540"/>
</if>
<var name="${line}">CSS_PATH:/Users/tanakrit/Documents/GitHub/RobotFramewokForIDE/NewFormatOfRobot/WebsiteTesting/v2/temp/teachers_css.css</var>
<status status="PASS" start="2025-04-27T19:31:38.372326" elapsed="0.000692"/>
</iter>
<iter>
<kw name="Strip String" owner="String">
<msg time="2025-04-27T19:31:38.373146" level="INFO">${stripped} = JS_PATH:/Users/tanakrit/Documents/GitHub/RobotFramewokForIDE/NewFormatOfRobot/WebsiteTesting/v2/temp/teachers_js.js</msg>
<var>${stripped}</var>
<arg>${line}</arg>
<doc>Remove leading and/or trailing whitespaces from the given string.</doc>
<status status="PASS" start="2025-04-27T19:31:38.373097" elapsed="0.000059"/>
</kw>
<if>
<branch type="IF" condition="&quot;${stripped}&quot; != &quot;${EMPTY}&quot;">
<if>
<branch type="IF" condition="$stripped.startswith(&quot;HTML_PATH:&quot;)">
<kw name="Set Variable" owner="BuiltIn">
<var>${html_path}</var>
<arg>${stripped.replace("HTML_PATH:", "")}</arg>
<doc>Returns the given values which can then be assigned to a variables.</doc>
<status status="NOT RUN" start="2025-04-27T19:31:38.373378" elapsed="0.000006"/>
</kw>
<status status="NOT RUN" start="2025-04-27T19:31:38.373324" elapsed="0.000072"/>
</branch>
<branch type="ELSE IF" condition="$stripped.startswith(&quot;CSS_PATH:&quot;)">
<kw name="Set Variable" owner="BuiltIn">
<var>${css_path}</var>
<arg>${stripped.replace("CSS_PATH:", "")}</arg>
<doc>Returns the given values which can then be assigned to a variables.</doc>
<status status="NOT RUN" start="2025-04-27T19:31:38.373455" elapsed="0.000005"/>
</kw>
<status status="NOT RUN" start="2025-04-27T19:31:38.373404" elapsed="0.000067"/>
</branch>
<branch type="ELSE IF" condition="$stripped.startswith(&quot;JS_PATH:&quot;)">
<kw name="Set Variable" owner="BuiltIn">
<msg time="2025-04-27T19:31:38.373666" level="INFO">${js_path} = /Users/tanakrit/Documents/GitHub/RobotFramewokForIDE/NewFormatOfRobot/WebsiteTesting/v2/temp/teachers_js.js</msg>
<var>${js_path}</var>
<arg>${stripped.replace("JS_PATH:", "")}</arg>
<doc>Returns the given values which can then be assigned to a variables.</doc>
<status status="PASS" start="2025-04-27T19:31:38.373524" elapsed="0.000151"/>
</kw>
<status status="PASS" start="2025-04-27T19:31:38.373478" elapsed="0.000208"/>
</branch>
<status status="PASS" start="2025-04-27T19:31:38.373319" elapsed="0.000375"/>
</if>
<status status="PASS" start="2025-04-27T19:31:38.373177" elapsed="0.000524"/>
</branch>
<status status="PASS" start="2025-04-27T19:31:38.373172" elapsed="0.000536"/>
</if>
<var name="${line}">JS_PATH:/Users/tanakrit/Documents/GitHub/RobotFramewokForIDE/NewFormatOfRobot/WebsiteTesting/v2/temp/teachers_js.js</var>
<status status="PASS" start="2025-04-27T19:31:38.373072" elapsed="0.000642"/>
</iter>
<var>${line}</var>
<value>@{lines}</value>
<status status="PASS" start="2025-04-27T19:31:38.371440" elapsed="0.002283"/>
</for>
<kw name="Create Dictionary" owner="BuiltIn">
<msg time="2025-04-27T19:31:38.373883" level="INFO">${paths} = {'html_path': '/Users/tanakrit/Documents/GitHub/RobotFramewokForIDE/NewFormatOfRobot/WebsiteTesting/v2/temp/teachers_html.html', 'css_path': '/Users/tanakrit/Documents/GitHub/RobotFramewokForIDE/NewFo...</msg>
<var>${paths}</var>
<arg>html_path=${html_path}</arg>
<arg>css_path=${css_path}</arg>
<arg>js_path=${js_path}</arg>
<doc>Creates and returns a dictionary based on the given ``items``.</doc>
<status status="PASS" start="2025-04-27T19:31:38.373767" elapsed="0.000125"/>
</kw>
<return>
<value>${paths}</value>
<status status="PASS" start="2025-04-27T19:31:38.373914" elapsed="0.000023"/>
</return>
<msg time="2025-04-27T19:31:38.373994" level="INFO">${teacher_paths} = {'html_path': '/Users/tanakrit/Documents/GitHub/RobotFramewokForIDE/NewFormatOfRobot/WebsiteTesting/v2/temp/teachers_html.html', 'css_path': '/Users/tanakrit/Documents/GitHub/RobotFramewokForIDE/NewFo...</msg>
<var>${teacher_paths}</var>
<arg>${TEACHERS_JSON}</arg>
<status status="PASS" start="2025-04-27T19:31:38.348166" elapsed="0.025837"/>
</kw>
<kw name="Get File" owner="OperatingSystem">
<msg time="2025-04-27T19:31:38.374280" level="INFO" html="true">Getting file '&lt;a href="file:///Users/tanakrit/Documents/GitHub/RobotFramewokForIDE/NewFormatOfRobot/WebsiteTesting/v2/temp/students_html.html"&gt;/Users/tanakrit/Documents/GitHub/RobotFramewokForIDE/NewFormatOfRobot/WebsiteTesting/v2/temp/students_html.html&lt;/a&gt;'.</msg>
<msg time="2025-04-27T19:31:38.374379" level="INFO">${student_html} = &lt;!DOCTYPE html&gt;
&lt;html&gt;
&lt;head&gt;
    &lt;title&gt;Test HTML&lt;/title&gt;
    &lt;style&gt;
        body {
            margin: 20px;
            /* Missing background-color */
        }
        .container {
            ba...</msg>
<var>${student_html}</var>
<arg>${student_paths["html_path"]}</arg>
<doc>Returns the contents of a specified file.</doc>
<status status="PASS" start="2025-04-27T19:31:38.374097" elapsed="0.000293"/>
</kw>
<kw name="Get File" owner="OperatingSystem">
<msg time="2025-04-27T19:31:38.374589" level="INFO" html="true">Getting file '&lt;a href="file:///Users/tanakrit/Documents/GitHub/RobotFramewokForIDE/NewFormatOfRobot/WebsiteTesting/v2/temp/students_css.css"&gt;/Users/tanakrit/Documents/GitHub/RobotFramewokForIDE/NewFormatOfRobot/WebsiteTesting/v2/temp/students_css.css&lt;/a&gt;'.</msg>
<msg time="2025-04-27T19:31:38.374647" level="INFO">${student_css} = /* Reset and base styles */
* {
    margin: 0;
    padding: 0;
    box-sizing: border-box;
}

/* Different order of main selectors */
.container {
    max-width: 1000px;
    margin: 0 auto;
    paddin...</msg>
<var>${student_css}</var>
<arg>${student_paths["css_path"]}</arg>
<doc>Returns the contents of a specified file.</doc>
<status status="PASS" start="2025-04-27T19:31:38.374444" elapsed="0.000212"/>
</kw>
<kw name="Get File" owner="OperatingSystem">
<msg time="2025-04-27T19:31:38.374852" level="INFO" html="true">Getting file '&lt;a href="file:///Users/tanakrit/Documents/GitHub/RobotFramewokForIDE/NewFormatOfRobot/WebsiteTesting/v2/temp/students_js.js"&gt;/Users/tanakrit/Documents/GitHub/RobotFramewokForIDE/NewFormatOfRobot/WebsiteTesting/v2/temp/students_js.js&lt;/a&gt;'.</msg>
<msg time="2025-04-27T19:31:38.374932" level="INFO">${student_js} = // Wait for DOM to be fully loaded
document.addEventListener('DOMContentLoaded', function() {
    // Different order of variable declarations
    const contactForm = document.getElementById('contact-f...</msg>
<var>${student_js}</var>
<arg>${student_paths["js_path"]}</arg>
<doc>Returns the contents of a specified file.</doc>
<status status="PASS" start="2025-04-27T19:31:38.374706" elapsed="0.000236"/>
</kw>
<kw name="Get File" owner="OperatingSystem">
<msg time="2025-04-27T19:31:38.375136" level="INFO" html="true">Getting file '&lt;a href="file:///Users/tanakrit/Documents/GitHub/RobotFramewokForIDE/NewFormatOfRobot/WebsiteTesting/v2/temp/teachers_html.html"&gt;/Users/tanakrit/Documents/GitHub/RobotFramewokForIDE/NewFormatOfRobot/WebsiteTesting/v2/temp/teachers_html.html&lt;/a&gt;'.</msg>
<msg time="2025-04-27T19:31:38.375188" level="INFO">${teacher_html} = &lt;!DOCTYPE html&gt;
&lt;html&gt;
&lt;head&gt;
    &lt;title&gt;Test HTML&lt;/title&gt;
    &lt;style&gt;
        body {
            margin: 20px;
            background-color: #f5f5f5;
        }
        .container {
            backgr...</msg>
<var>${teacher_html}</var>
<arg>${teacher_paths["html_path"]}</arg>
<doc>Returns the contents of a specified file.</doc>
<status status="PASS" start="2025-04-27T19:31:38.374993" elapsed="0.000205"/>
</kw>
<kw name="Get File" owner="OperatingSystem">
<msg time="2025-04-27T19:31:38.375390" level="INFO" html="true">Getting file '&lt;a href="file:///Users/tanakrit/Documents/GitHub/RobotFramewokForIDE/NewFormatOfRobot/WebsiteTesting/v2/temp/teachers_css.css"&gt;/Users/tanakrit/Documents/GitHub/RobotFramewokForIDE/NewFormatOfRobot/WebsiteTesting/v2/temp/teachers_css.css&lt;/a&gt;'.</msg>
<msg time="2025-04-27T19:31:38.375442" level="INFO">${teacher_css} = /* Reset and base styles */
* {
    margin: 0;
    padding: 0;
    box-sizing: border-box;
}

/* Teacher's order of main selectors */
body {
    font-family: Helvetica, sans-serif;
    line-height: 1....</msg>
<var>${teacher_css}</var>
<arg>${teacher_paths["css_path"]}</arg>
<doc>Returns the contents of a specified file.</doc>
<status status="PASS" start="2025-04-27T19:31:38.375244" elapsed="0.000207"/>
</kw>
<kw name="Get File" owner="OperatingSystem">
<msg time="2025-04-27T19:31:38.375830" level="INFO" html="true">Getting file '&lt;a href="file:///Users/tanakrit/Documents/GitHub/RobotFramewokForIDE/NewFormatOfRobot/WebsiteTesting/v2/temp/teachers_js.js"&gt;/Users/tanakrit/Documents/GitHub/RobotFramewokForIDE/NewFormatOfRobot/WebsiteTesting/v2/temp/teachers_js.js&lt;/a&gt;'.</msg>
<msg time="2025-04-27T19:31:38.375912" level="INFO">${teacher_js} = // Wait for DOM to be fully loaded
document.addEventListener('DOMContentLoaded', function() {
    // Teacher's order of variable declarations
    const result = document.getElementById('result');
    ...</msg>
<var>${teacher_js}</var>
<arg>${teacher_paths["js_path"]}</arg>
<doc>Returns the contents of a specified file.</doc>
<status status="PASS" start="2025-04-27T19:31:38.375499" elapsed="0.000425"/>
</kw>
<kw name="Run Keyword And Return Status" owner="BuiltIn">
<kw name="Should Be Equal As Strings" owner="BuiltIn">
<msg time="2025-04-27T19:31:38.376171" level="INFO">&lt;!DOCTYPE html&gt;
&lt;html&gt;
&lt;head&gt;
    &lt;title&gt;Test HTML&lt;/title&gt;
    &lt;style&gt;
        body {
            margin: 20px;
            /* Missing background-color */
        }
        .container {
            background-color: white;
            border-radius: 8px;
            padding: 20px;
            box-shadow: 0 2px 4px rgba(0,0,0,0.1);
        }
        h1 {
            color: #4a5568;
        }
        .color-box {
            display: inline-block;
            width: 50px;
            height: 50px;
            margin: 5px;
            border-radius: 5px;
        }
    &lt;/style&gt;
&lt;/head&gt;
&lt;body&gt;
    &lt;div class="container"&gt;
        &lt;h1&gt;Order Testing Example&lt;/h1&gt;
        &lt;p&gt;This example is used to test element order detection.&lt;/p&gt;
        
        &lt;!-- Different order of headings compared to teacher version --&gt;
        &lt;h3&gt;Third Heading&lt;/h3&gt;
        &lt;h2&gt;Interactive Elements:&lt;/h2&gt;
        
        &lt;!-- Different order of buttons --&gt;
        &lt;div class="button-container"&gt;
            &lt;button class="secondary" onclick="cancelAction()"&gt;Cancel&lt;/button&gt;
            &lt;button class="primary" onclick="saveData()"&gt;Save&lt;/button&gt;
            &lt;button class="danger" onclick="deleteItem()"&gt;Delete&lt;/button&gt;
        &lt;/div&gt;
        
        &lt;h2&gt;Color Boxes:&lt;/h2&gt;
        &lt;!-- Different order of color boxes --&gt;
        &lt;div class="color-box" style="background-color: #3357FF;"&gt;&lt;/div&gt;
        &lt;div class="color-box" style="background-color: #FF5733;"&gt;&lt;/div&gt;
        &lt;div class="color-box" style="background-color: #33FF57;"&gt;&lt;/div&gt;
    &lt;/div&gt;
&lt;/body&gt;
&lt;/html&gt;

!=

&lt;!DOCTYPE html&gt;
&lt;html&gt;
&lt;head&gt;
    &lt;title&gt;Test HTML&lt;/title&gt;
    &lt;style&gt;
        body {
            margin: 20px;
            background-color: #f5f5f5;
        }
        .container {
            background-color: white;
            border-radius: 8px;
            padding: 20px;
            box-shadow: 0 2px 4px rgba(0,0,0,0.1);
        }
        h1 {
            color: #4a5568;
        }
        .color-box {
            display: inline-block;
            width: 50px;
            height: 50px;
            margin: 5px;
            border-radius: 5px;
        }
    &lt;/style&gt;
&lt;/head&gt;
&lt;body&gt;
    &lt;div class="container"&gt;
        &lt;h1&gt;Order Testing Example&lt;/h1&gt;
        &lt;p&gt;This example is used to test element order detection.&lt;/p&gt;
        
        &lt;!-- Teacher's order of headings --&gt;
        &lt;h2&gt;Interactive Elements:&lt;/h2&gt;
        &lt;h3&gt;Third Heading&lt;/h3&gt;
        
        &lt;!-- Teacher's order of buttons --&gt;
        &lt;div class="button-container"&gt;
            &lt;button class="primary" onclick="saveData()"&gt;Save&lt;/button&gt;
            &lt;button class="secondary" onclick="cancelAction()"&gt;Cancel&lt;/button&gt;
            &lt;button class="danger" onclick="deleteItem()"&gt;Delete&lt;/button&gt;
        &lt;/div&gt;
        
        &lt;h2&gt;Color Boxes:&lt;/h2&gt;
        &lt;!-- Teacher's order of color boxes --&gt;
        &lt;div class="color-box" style="background-color: #FF5733;"&gt;&lt;/div&gt;
        &lt;div class="color-box" style="background-color: #33FF57;"&gt;&lt;/div&gt;
        &lt;div class="color-box" style="background-color: #3357FF;"&gt;&lt;/div&gt;
    &lt;/div&gt;
&lt;/body&gt;
&lt;/html&gt;</msg>
<msg time="2025-04-27T19:31:38.376388" level="FAIL">Multiline strings are different:
--- first
+++ second
@@ -5,7 +5,7 @@
     &lt;style&gt;
         body {
             margin: 20px;
-            /* Missing background-color */
+            background-color: #f5f5f5;
         }
         .container {
             background-color: white;
@@ -30,22 +30,22 @@
         &lt;h1&gt;Order Testing Example&lt;/h1&gt;
         &lt;p&gt;This example is used to test element order detection.&lt;/p&gt;
 
-        &lt;!-- Different order of headings compared to teacher version --&gt;
+        &lt;!-- Teacher's order of headings --&gt;
+        &lt;h2&gt;Interactive Elements:&lt;/h2&gt;
         &lt;h3&gt;Third Heading&lt;/h3&gt;
-        &lt;h2&gt;Interactive Elements:&lt;/h2&gt;
 
-        &lt;!-- Different order of buttons --&gt;
+        &lt;!-- Teacher's order of buttons --&gt;
         &lt;div class="button-container"&gt;
+            &lt;button class="primary" onclick="saveData()"&gt;Save&lt;/button&gt;
             &lt;button class="secondary" onclick="cancelAction()"&gt;Cancel&lt;/button&gt;
-            &lt;button class="primary" onclick="saveData()"&gt;Save&lt;/button&gt;
             &lt;button class="danger" onclick="deleteItem()"&gt;Delete&lt;/button&gt;
         &lt;/div&gt;
 
         &lt;h2&gt;Color Boxes:&lt;/h2&gt;
-        &lt;!-- Different order of color boxes --&gt;
-        &lt;div class="color-box" style="background-color: #3357FF;"&gt;&lt;/div&gt;
+        &lt;!-- Teacher's order of color boxes --&gt;
         &lt;div class="color-box" style="background-color: #FF5733;"&gt;&lt;/div&gt;
         &lt;div class="color-box" style="background-color: #33FF57;"&gt;&lt;/div&gt;
+        &lt;div class="color-box" style="background-color: #3357FF;"&gt;&lt;/div&gt;
     &lt;/div&gt;
 &lt;/body&gt;
 &lt;/html&gt;</msg>
<arg>${student_html}</arg>
<arg>${teacher_html}</arg>
<doc>Fails if objects are unequal after converting them to strings.</doc>
<status status="FAIL" start="2025-04-27T19:31:38.376081" elapsed="0.000681">Multiline strings are different:
--- first
+++ second
@@ -5,7 +5,7 @@
     &lt;style&gt;
         body {
             margin: 20px;
-            /* Missing background-color */
+            background-color: #f5f5f5;
         }
         .container {
             background-color: white;
@@ -30,22 +30,22 @@
         &lt;h1&gt;Order Testing Example&lt;/h1&gt;
         &lt;p&gt;This example is used to test element order detection.&lt;/p&gt;
 
-        &lt;!-- Different order of headings compared to teacher version --&gt;
+        &lt;!-- Teacher's order of headings --&gt;
+        &lt;h2&gt;Interactive Elements:&lt;/h2&gt;
         &lt;h3&gt;Third Heading&lt;/h3&gt;
    [ Message content over the limit has been removed. ]
-        &lt;!-- Different order of buttons --&gt;
+        &lt;!-- Teacher's order of buttons --&gt;
         &lt;div class="button-container"&gt;
+            &lt;button class="primary" onclick="saveData()"&gt;Save&lt;/button&gt;
             &lt;button class="secondary" onclick="cancelAction()"&gt;Cancel&lt;/button&gt;
-            &lt;button class="primary" onclick="saveData()"&gt;Save&lt;/button&gt;
             &lt;button class="danger" onclick="deleteItem()"&gt;Delete&lt;/button&gt;
         &lt;/div&gt;
 
         &lt;h2&gt;Color Boxes:&lt;/h2&gt;
-        &lt;!-- Different order of color boxes --&gt;
-        &lt;div class="color-box" style="background-color: #3357FF;"&gt;&lt;/div&gt;
+        &lt;!-- Teacher's order of color boxes --&gt;
         &lt;div class="color-box" style="background-color: #FF5733;"&gt;&lt;/div&gt;
         &lt;div class="color-box" style="background-color: #33FF57;"&gt;&lt;/div&gt;
+        &lt;div class="color-box" style="background-color: #3357FF;"&gt;&lt;/div&gt;
     &lt;/div&gt;
 &lt;/body&gt;
 &lt;/html&gt;</status>
</kw>
<msg time="2025-04-27T19:31:38.376813" level="INFO">${html_match} = False</msg>
<var>${html_match}</var>
<arg>Should Be Equal As Strings</arg>
<arg>${student_html}</arg>
<arg>${teacher_html}</arg>
<doc>Runs the given keyword with given arguments and returns the status as a Boolean value.</doc>
<status status="PASS" start="2025-04-27T19:31:38.376000" elapsed="0.000822"/>
</kw>
<kw name="Create List" owner="BuiltIn">
<msg time="2025-04-27T19:31:38.376966" level="INFO">@{html_differences} = [ ]</msg>
<var>@{html_differences}</var>
<doc>Returns a list containing given items.</doc>
<status status="PASS" start="2025-04-27T19:31:38.376905" elapsed="0.000071"/>
</kw>
<kw name="Create List" owner="BuiltIn">
<msg time="2025-04-27T19:31:38.377070" level="INFO">@{css_differences} = [ ]</msg>
<var>@{css_differences}</var>
<doc>Returns a list containing given items.</doc>
<status status="PASS" start="2025-04-27T19:31:38.377026" elapsed="0.000052"/>
</kw>
<kw name="Create List" owner="BuiltIn">
<msg time="2025-04-27T19:31:38.377163" level="INFO">@{js_differences} = [ ]</msg>
<var>@{js_differences}</var>
<doc>Returns a list containing given items.</doc>
<status status="PASS" start="2025-04-27T19:31:38.377124" elapsed="0.000048"/>
</kw>
<if>
<branch type="IF" condition="not ${html_match}">
<kw name="Compare Html Structure" owner="WebCourseLibrary">
<msg time="2025-04-27T19:31:38.378809" level="INFO">${html_diff_result} = ['Missing background-color: #f5f5f5 in body style rule', 'Color boxes are in wrong order. Expected: #FF5733, #33FF57, #3357FF', 'Heading order is incorrect. Expected: Order Testing Example, Interactiv...</msg>
<var>${html_diff_result}</var>
<arg>${student_html}</arg>
<arg>${teacher_html}</arg>
<doc>Compare HTML structure and return specific differences</doc>
<status status="PASS" start="2025-04-27T19:31:38.377280" elapsed="0.001541"/>
</kw>
<kw name="Set Variable" owner="BuiltIn">
<msg time="2025-04-27T19:31:38.378934" level="INFO">@{html_differences} = [ Missing background-color: #f5f5f5 in body style rule | Color boxes are in wrong order. Expected: #FF5733, #33FF57, #3357FF | Heading order is incorrect. Expected: Order Testing Example, Interactive ...</msg>
<var>@{html_differences}</var>
<arg>${html_diff_result}</arg>
<doc>Returns the given values which can then be assigned to a variables.</doc>
<status status="PASS" start="2025-04-27T19:31:38.378865" elapsed="0.000078"/>
</kw>
<kw name="Log" owner="BuiltIn">
<msg time="2025-04-27T19:31:38.379025" level="WARN">HTML differences found:</msg>
<arg>HTML differences found:</arg>
<arg>WARN</arg>
<doc>Logs the given message with the given level.</doc>
<status status="PASS" start="2025-04-27T19:31:38.378980" elapsed="0.000096"/>
</kw>
<kw name="Log Many" owner="BuiltIn">
<msg time="2025-04-27T19:31:38.379181" level="INFO">Missing background-color: #f5f5f5 in body style rule</msg>
<msg time="2025-04-27T19:31:38.379205" level="INFO">Color boxes are in wrong order. Expected: #FF5733, #33FF57, #3357FF</msg>
<msg time="2025-04-27T19:31:38.379215" level="INFO">Heading order is incorrect. Expected: Order Testing Example, Interactive Elements:, Third Heading, Color Boxes:</msg>
<msg time="2025-04-27T19:31:38.379225" level="INFO">WARN</msg>
<arg>@{html_differences}</arg>
<arg>WARN</arg>
<doc>Logs the given messages as separate entries using the INFO level.</doc>
<status status="PASS" start="2025-04-27T19:31:38.379121" elapsed="0.000118"/>
</kw>
<status status="PASS" start="2025-04-27T19:31:38.377207" elapsed="0.002050"/>
</branch>
<status status="PASS" start="2025-04-27T19:31:38.377199" elapsed="0.002070"/>
</if>
<kw name="Run Keyword And Return Status" owner="BuiltIn">
<kw name="Should Be Equal As Strings" owner="BuiltIn">
<msg time="2025-04-27T19:31:38.379501" level="INFO">/* Reset and base styles */
* {
    margin: 0;
    padding: 0;
    box-sizing: border-box;
}

/* Different order of main selectors */
.container {
    max-width: 1000px;
    margin: 0 auto;
    padding: 15px;
}

body {
    line-height: 1.5;
    color: #444;
    background-color: #eaeaea;
}

/* Different order of properties within selectors */
.color-box {
    margin: 5px;
    border-radius: 5px;
    display: inline-block;
    width: 50px;
    height: 50px;
}

/* Header styles */
header {
    background-color: #2c3e50;
    color: white;
    padding: 15px;
    margin-bottom: 15px;
}

header h1 {
    margin-bottom: 15px;
    color: #ecf0f1;
}

nav ul {
    display: block;
    list-style: none;
}

nav ul li {
    margin-right: 15px;
    display: inline-block;
}

nav ul li a {
    color: #ecf0f1;
    text-decoration: none;
}

nav ul li a:hover {
    color: #e74c3c;
}

/* Button styles with different order of properties */
button {
    border: none;
    padding: 8px 12px;
    cursor: pointer;
    border-radius: 2px;
    background-color: #e74c3c;
    color: white;
}

.button-container {
    display: flex;
    gap: 10px;
    margin: 20px 0;
}

.primary {
    background-color: #4299e1;
}

.secondary {
    background-color: #a0aec0;
}

.danger {
    background-color: #f56565;
}

/* Main content styles */
main {
    background-color: #ecf0f1;
    padding: 15px;
    border-radius: 3px;
    box-shadow: 0 0 5px rgba(0, 0, 0, 0.2);
}

!=

/* Reset and base styles */
* {
    margin: 0;
    padding: 0;
    box-sizing: border-box;
}

/* Teacher's order of main selectors */
body {
    font-family: Helvetica, sans-serif;
    line-height: 1.5;
    color: #444;
    background-color: #eaeaea;
}

.container {
    max-width: 1000px;
    margin: 0 auto;
    padding: 15px;
}

/* Teacher's order of properties */
.color-box {
    display: inline-block;
    width: 50px;
    height: 50px;
    margin: 5px;
    border-radius: 5px;
}

/* Header styles */
header {
    background-color: #2c3e50;
    color: white;
    padding: 15px;
    margin-bottom: 15px;
}

header h1 {
    margin-bottom: 15px;
    color: #ecf0f1;
}

nav ul {
    display: block;
    list-style: none;
}

nav ul li {
    margin-right: 15px;
    display: inline-block;
}

nav ul li a {
    color: #ecf0f1;
    text-decoration: none;
}

nav ul li a:hover {
    color: #e74c3c;
}

/* Button styles with teacher's order of properties */
button {
    background-color: #e74c3c;
    color: white;
    border: none;
    padding: 8px 12px;
    cursor: pointer;
    border-radius: 2px;
}

.button-container {
    display: flex;
    gap: 10px;
    margin: 20px 0;
}

.primary {
    background-color: #4299e1;
}

.secondary {
    background-color: #a0aec0;
}

.danger {
    background-color: #f56565;
}

/* Main content styles */
main {
    background-color: #ecf0f1;
    padding: 15px;
    border-radius: 3px;
    box-shadow: 0 0 5px rgba(0, 0, 0, 0.2);
}</msg>
<msg time="2025-04-27T19:31:38.379773" level="FAIL">Multiline strings are different:
--- first
+++ second
@@ -5,26 +5,27 @@
     box-sizing: border-box;
 }
 
-/* Different order of main selectors */
+/* Teacher's order of main selectors */
+body {
+    font-family: Helvetica, sans-serif;
+    line-height: 1.5;
+    color: #444;
+    background-color: #eaeaea;
+}
+
 .container {
     max-width: 1000px;
     margin: 0 auto;
     padding: 15px;
 }
 
-body {
-    line-height: 1.5;
-    color: #444;
-    background-color: #eaeaea;
-}
-
-/* Different order of properties within selectors */
+/* Teacher's order of properties */
 .color-box {
-    margin: 5px;
-    border-radius: 5px;
     display: inline-block;
     width: 50px;
     height: 50px;
+    margin: 5px;
+    border-radius: 5px;
 }
 
 /* Header styles */
@@ -59,14 +60,14 @@
     color: #e74c3c;
 }
 
-/* Button styles with different order of properties */
+/* Button styles with teacher's order of properties */
 button {
+    background-color: #e74c3c;
+    color: white;
     border: none;
     padding: 8px 12px;
     cursor: pointer;
     border-radius: 2px;
-    background-color: #e74c3c;
-    color: white;
 }
 
 .button-container {</msg>
<arg>${student_css}</arg>
<arg>${teacher_css}</arg>
<doc>Fails if objects are unequal after converting them to strings.</doc>
<status status="FAIL" start="2025-04-27T19:31:38.379406" elapsed="0.000414">Multiline strings are different:
--- first
+++ second
@@ -5,26 +5,27 @@
     box-sizing: border-box;
 }
 
-/* Different order of main selectors */
+/* Teacher's order of main selectors */
+body {
+    font-family: Helvetica, sans-serif;
+    line-height: 1.5;
+    color: #444;
+    background-color: #eaeaea;
+}
+
 .container {
     max-width: 1000px;
     margin: 0 auto;
     padding: 15px;
    [ Message content over the limit has been removed. ]
 
 /* Header styles */
@@ -59,14 +60,14 @@
     color: #e74c3c;
 }
 
-/* Button styles with different order of properties */
+/* Button styles with teacher's order of properties */
 button {
+    background-color: #e74c3c;
+    color: white;
     border: none;
     padding: 8px 12px;
     cursor: pointer;
     border-radius: 2px;
-    background-color: #e74c3c;
-    color: white;
 }
 
 .button-container {</status>
</kw>
<msg time="2025-04-27T19:31:38.379861" level="INFO">${css_match} = False</msg>
<var>${css_match}</var>
<arg>Should Be Equal As Strings</arg>
<arg>${student_css}</arg>
<arg>${teacher_css}</arg>
<doc>Runs the given keyword with given arguments and returns the status as a Boolean value.</doc>
<status status="PASS" start="2025-04-27T19:31:38.379341" elapsed="0.000528"/>
</kw>
<if>
<branch type="IF" condition="not ${css_match}">
<kw name="Compare Css Rules" owner="WebCourseLibrary">
<msg time="2025-04-27T19:31:38.380977" level="INFO">${css_diff_result} = ['Missing CSS property in body: font-family: Helvetica, sans-serif', 'CSS selector order is incorrect. Expected: body, .container, .color-box, header, button', 'Properties in button are in wrong order...</msg>
<var>${css_diff_result}</var>
<arg>${student_css}</arg>
<arg>${teacher_css}</arg>
<doc>Compare CSS rules and return specific differences</doc>
<status status="PASS" start="2025-04-27T19:31:38.380013" elapsed="0.000975"/>
</kw>
<kw name="Set Variable" owner="BuiltIn">
<msg time="2025-04-27T19:31:38.381088" level="INFO">@{css_differences} = [ Missing CSS property in body: font-family: Helvetica, sans-serif | CSS selector order is incorrect. Expected: body, .container, .color-box, header, button | Properties in button are in wrong order. ...</msg>
<var>@{css_differences}</var>
<arg>${css_diff_result}</arg>
<doc>Returns the given values which can then be assigned to a variables.</doc>
<status status="PASS" start="2025-04-27T19:31:38.381029" elapsed="0.000067"/>
</kw>
<kw name="Log" owner="BuiltIn">
<msg time="2025-04-27T19:31:38.381170" level="WARN">CSS differences found:</msg>
<arg>CSS differences found:</arg>
<arg>WARN</arg>
<doc>Logs the given message with the given level.</doc>
<status status="PASS" start="2025-04-27T19:31:38.381132" elapsed="0.000086"/>
</kw>
<kw name="Log Many" owner="BuiltIn">
<msg time="2025-04-27T19:31:38.381301" level="INFO">Missing CSS property in body: font-family: Helvetica, sans-serif</msg>
<msg time="2025-04-27T19:31:38.381312" level="INFO">CSS selector order is incorrect. Expected: body, .container, .color-box, header, button</msg>
<msg time="2025-04-27T19:31:38.381318" level="INFO">Properties in button are in wrong order. Expected: background-color, color, border...</msg>
<msg time="2025-04-27T19:31:38.381324" level="INFO">Properties in .color-box are in wrong order. Expected: display, width, height...</msg>
<msg time="2025-04-27T19:31:38.381332" level="INFO">WARN</msg>
<arg>@{css_differences}</arg>
<arg>WARN</arg>
<doc>Logs the given messages as separate entries using the INFO level.</doc>
<status status="PASS" start="2025-04-27T19:31:38.381265" elapsed="0.000077"/>
</kw>
<status status="PASS" start="2025-04-27T19:31:38.379917" elapsed="0.001437"/>
</branch>
<status status="PASS" start="2025-04-27T19:31:38.379909" elapsed="0.001453"/>
</if>
<kw name="Run Keyword And Return Status" owner="BuiltIn">
<kw name="Should Be Equal As Strings" owner="BuiltIn">
<msg time="2025-04-27T19:31:38.381536" level="INFO">// Wait for DOM to be fully loaded
document.addEventListener('DOMContentLoaded', function() {
    // Different order of variable declarations
    const contactForm = document.getElementById('contact-form');
    const result = document.getElementById('result');
    const buttons = document.querySelectorAll('button');
    
    // Different order of function declarations
    function deleteItem() {
        console.log('Item deleted');
        if (result) {
            result.textContent = 'Item deleted!';
            result.style.backgroundColor = '#ffe6e6';
        }
    }
    
    function saveData() {
        console.log('Data saved');
        if (result) {
            result.textContent = 'Data saved successfully!';
            result.style.backgroundColor = '#e6ffe6';
        }
    }
    
    function cancelAction() {
        console.log('Action canceled');
        if (result) {
            result.textContent = 'Action canceled.';
            result.style.backgroundColor = '#e6f7ff';
        }
    }
    
    // Different order of event listeners
    if (buttons.length &gt; 0) {
        // Registering events in different order
        document.querySelector('.danger').addEventListener('click', deleteItem);
        document.querySelector('.primary').addEventListener('click', saveData);
        document.querySelector('.secondary').addEventListener('click', cancelAction);
    }
    
    // Form submission handling
    if (contactForm) {
        contactForm.addEventListener('submit', function(event) {
            event.preventDefault();
            // Different order of operations
            contactForm.reset();
            if (result) {
                result.textContent = 'Form submitted!';
            }
        });
    }
});

!=

// Wait for DOM to be fully loaded
document.addEventListener('DOMContentLoaded', function() {
    // Teacher's order of variable declarations
    const result = document.getElementById('result');
    const buttons = document.querySelectorAll('button');
    const contactForm = document.getElementById('contact-form');
    
    // Teacher's order of function declarations
    function saveData() {
        console.log('Data saved');
        if (result) {
            result.textContent = 'Data saved successfully!';
            result.style.backgroundColor = '#e6ffe6';
        }
    }
    
    function cancelAction() {
        console.log('Action canceled');
        if (result) {
            result.textContent = 'Action canceled.';
            result.style.backgroundColor = '#e6f7ff';
        }
    }
    
    function deleteItem() {
        console.log('Item deleted');
        if (result) {
            result.textContent = 'Item deleted!';
            result.style.backgroundColor = '#ffe6e6';
        }
    }
    
    // Teacher's order of event listeners
    if (buttons.length &gt; 0) {
        // Events in teacher's order
        document.querySelector('.primary').addEventListener('click', saveData);
        document.querySelector('.secondary').addEventListener('click', cancelAction);
        document.querySelector('.danger').addEventListener('click', deleteItem);
    }
    
    // Form submission handling
    if (contactForm) {
        contactForm.addEventListener('submit', function(event) {
            event.preventDefault();
            // Teacher's order of operations
            if (result) {
                result.textContent = 'Form submitted!';
            }
            contactForm.reset();
        });
    }
});</msg>
<msg time="2025-04-27T19:31:38.381725" level="FAIL">Multiline strings are different:
--- first
+++ second
@@ -1,19 +1,11 @@
 // Wait for DOM to be fully loaded
 document.addEventListener('DOMContentLoaded', function() {
-    // Different order of variable declarations
-    const contactForm = document.getElementById('contact-form');
+    // Teacher's order of variable declarations
     const result = document.getElementById('result');
     const buttons = document.querySelectorAll('button');
+    const contactForm = document.getElementById('contact-form');
 
-    // Different order of function declarations
-    function deleteItem() {
-        console.log('Item deleted');
-        if (result) {
-            result.textContent = 'Item deleted!';
-            result.style.backgroundColor = '#ffe6e6';
-        }
-    }
-
+    // Teacher's order of function declarations
     function saveData() {
         console.log('Data saved');
         if (result) {
@@ -30,23 +22,31 @@
         }
     }
 
-    // Different order of event listeners
+    function deleteItem() {
+        console.log('Item deleted');
+        if (result) {
+            result.textContent = 'Item deleted!';
+            result.style.backgroundColor = '#ffe6e6';
+        }
+    }
+
+    // Teacher's order of event listeners
     if (buttons.length &gt; 0) {
-        // Registering events in different order
-        document.querySelector('.danger').addEventListener('click', deleteItem);
+        // Events in teacher's order
         document.querySelector('.primary').addEventListener('click', saveData);
         document.querySelector('.secondary').addEventListener('click', cancelAction);
+        document.querySelector('.danger').addEventListener('click', deleteItem);
     }
 
     // Form submission handling
     if (contactForm) {
         contactForm.addEventListener('submit', function(event) {
             event.preventDefault();
-            // Different order of operations
-            contactForm.reset();
+            // Teacher's order of operations
             if (result) {
                 result.textContent = 'Form submitted!';
             }
+            contactForm.reset();
         });
     }
 });</msg>
<arg>${student_js}</arg>
<arg>${teacher_js}</arg>
<doc>Fails if objects are unequal after converting them to strings.</doc>
<status status="FAIL" start="2025-04-27T19:31:38.381476" elapsed="0.000287">Multiline strings are different:
--- first
+++ second
@@ -1,19 +1,11 @@
 // Wait for DOM to be fully loaded
 document.addEventListener('DOMContentLoaded', function() {
-    // Different order of variable declarations
-    const contactForm = document.getElementById('contact-form');
+    // Teacher's order of variable declarations
     const result = document.getElementById('result');
     const buttons = document.querySelectorAll('button');
+    const contactForm = document.getElementById('contact-form');
 
-    // Different order of function declarations
-    function deleteItem() {
-        console.log('Item deleted');
-        if (result) {
-            result.textContent = 'Item deleted!';
-            result.style.backgroundColor = '#ffe6e6';
-        }
    [ Message content over the limit has been removed. ]
         document.querySelector('.secondary').addEventListener('click', cancelAction);
+        document.querySelector('.danger').addEventListener('click', deleteItem);
     }
 
     // Form submission handling
     if (contactForm) {
         contactForm.addEventListener('submit', function(event) {
             event.preventDefault();
-            // Different order of operations
-            contactForm.reset();
+            // Teacher's order of operations
             if (result) {
                 result.textContent = 'Form submitted!';
             }
+            contactForm.reset();
         });
     }
 });</status>
</kw>
<msg time="2025-04-27T19:31:38.381800" level="INFO">${js_match} = False</msg>
<var>${js_match}</var>
<arg>Should Be Equal As Strings</arg>
<arg>${student_js}</arg>
<arg>${teacher_js}</arg>
<doc>Runs the given keyword with given arguments and returns the status as a Boolean value.</doc>
<status status="PASS" start="2025-04-27T19:31:38.381418" elapsed="0.000389"/>
</kw>
<if>
<branch type="IF" condition="not ${js_match}">
<kw name="Compare Js Functionality" owner="WebCourseLibrary">
<msg time="2025-04-27T19:31:38.382179" level="INFO">${js_diff_result} = ['Variable declaration order is incorrect. Expected: result, contactForm']</msg>
<var>${js_diff_result}</var>
<arg>${student_js}</arg>
<arg>${teacher_js}</arg>
<doc>Compare JavaScript functionality and return specific differences</doc>
<status status="PASS" start="2025-04-27T19:31:38.381936" elapsed="0.000252"/>
</kw>
<kw name="Set Variable" owner="BuiltIn">
<msg time="2025-04-27T19:31:38.382286" level="INFO">@{js_differences} = [ Variable declaration order is incorrect. Expected: result, contactForm ]</msg>
<var>@{js_differences}</var>
<arg>${js_diff_result}</arg>
<doc>Returns the given values which can then be assigned to a variables.</doc>
<status status="PASS" start="2025-04-27T19:31:38.382226" elapsed="0.000068"/>
</kw>
<kw name="Log" owner="BuiltIn">
<msg time="2025-04-27T19:31:38.382360" level="WARN">JavaScript differences found:</msg>
<arg>JavaScript differences found:</arg>
<arg>WARN</arg>
<doc>Logs the given message with the given level.</doc>
<status status="PASS" start="2025-04-27T19:31:38.382328" elapsed="0.000073"/>
</kw>
<kw name="Log Many" owner="BuiltIn">
<msg time="2025-04-27T19:31:38.382483" level="INFO">Variable declaration order is incorrect. Expected: result, contactForm</msg>
<msg time="2025-04-27T19:31:38.382494" level="INFO">WARN</msg>
<arg>@{js_differences}</arg>
<arg>WARN</arg>
<doc>Logs the given messages as separate entries using the INFO level.</doc>
<status status="PASS" start="2025-04-27T19:31:38.382447" elapsed="0.000057"/>
</kw>
<status status="PASS" start="2025-04-27T19:31:38.381856" elapsed="0.000659"/>
</branch>
<status status="PASS" start="2025-04-27T19:31:38.381847" elapsed="0.000676"/>
</if>
<kw name="Get Current Date" owner="DateTime">
<msg time="2025-04-27T19:31:38.382664" level="INFO">${timestamp} = 1745757098.382632</msg>
<var>${timestamp}</var>
<arg>result_format=epoch</arg>
<doc>Returns current local or UTC time with an optional increment.</doc>
<status status="PASS" start="2025-04-27T19:31:38.382581" elapsed="0.000090"/>
</kw>
<kw name="Create Dictionary" owner="BuiltIn">
<msg time="2025-04-27T19:31:38.382946" level="INFO">${result_obj} = {'timestamp': 1745757098.382632, 'html_match': False, 'css_match': False, 'js_match': False, 'html_differences': ['Missing background-color: #f5f5f5 in body style rule', 'Color boxes are in wrong orde...</msg>
<var>${result_obj}</var>
<arg>timestamp=${timestamp}</arg>
<arg>html_match=${html_match}</arg>
<arg>css_match=${css_match}</arg>
<arg>js_match=${js_match}</arg>
<arg>html_differences=${html_differences}</arg>
<arg>css_differences=${css_differences}</arg>
<arg>js_differences=${js_differences}</arg>
<doc>Creates and returns a dictionary based on the given ``items``.</doc>
<status status="PASS" start="2025-04-27T19:31:38.382726" elapsed="0.000229"/>
</kw>
<kw name="Evaluate" owner="BuiltIn">
<msg time="2025-04-27T19:31:38.383200" level="INFO">${result_json} = {
  "timestamp": 1745757098.382632,
  "html_match": false,
  "css_match": false,
  "js_match": false,
  "html_differences": [
    "Missing background-color: #f5f5f5 in body style rule",
    "Color box...</msg>
<var>${result_json}</var>
<arg>json.dumps(${result_obj}, indent=2)</arg>
<arg>modules=json</arg>
<doc>Evaluates the given expression in Python and returns the result.</doc>
<status status="PASS" start="2025-04-27T19:31:38.383019" elapsed="0.000190"/>
</kw>
<kw name="Set Variable" owner="BuiltIn">
<msg time="2025-04-27T19:31:38.383334" level="INFO">${filename} = /Users/tanakrit/Documents/GitHub/RobotFramewokForIDE/NewFormatOfRobot/WebsiteTesting/v2/test_results/defaultcode_comparison_result.json</msg>
<var>${filename}</var>
<arg>${OUTPUT_DIR}/defaultcode_comparison_result.json</arg>
<doc>Returns the given values which can then be assigned to a variables.</doc>
<status status="PASS" start="2025-04-27T19:31:38.383284" elapsed="0.000057"/>
</kw>
<kw name="Create File" owner="OperatingSystem">
<msg time="2025-04-27T19:31:38.383634" level="INFO" html="true">Created file '&lt;a href="file:///Users/tanakrit/Documents/GitHub/RobotFramewokForIDE/NewFormatOfRobot/WebsiteTesting/v2/test_results/defaultcode_comparison_result.json"&gt;/Users/tanakrit/Documents/GitHub/RobotFramewokForIDE/NewFormatOfRobot/WebsiteTesting/v2/test_results/defaultcode_comparison_result.json&lt;/a&gt;'.</msg>
<arg>${filename}</arg>
<arg>${result_json}</arg>
<doc>Creates a file with the given content and encoding.</doc>
<status status="PASS" start="2025-04-27T19:31:38.383415" elapsed="0.000242"/>
</kw>
<kw name="Evaluate" owner="BuiltIn">
<msg time="2025-04-27T19:31:38.383809" level="INFO">${overall_match} = False</msg>
<var>${overall_match}</var>
<arg>${html_match} and ${css_match} and ${js_match}</arg>
<doc>Evaluates the given expression in Python and returns the result.</doc>
<status status="PASS" start="2025-04-27T19:31:38.383716" elapsed="0.000101"/>
</kw>
<if>
<branch type="IF" condition="${overall_match}">
<kw name="Log" owner="BuiltIn">
<arg>All code parts match teacher reference.</arg>
<arg>INFO</arg>
<doc>Logs the given message with the given level.</doc>
<status status="NOT RUN" start="2025-04-27T19:31:38.383907" elapsed="0.000006"/>
</kw>
<status status="NOT RUN" start="2025-04-27T19:31:38.383853" elapsed="0.000073"/>
</branch>
<branch type="ELSE">
<kw name="Log" owner="BuiltIn">
<msg time="2025-04-27T19:31:38.384001" level="WARN">Defaultcode does not match teacher reference. See JSON report for details.</msg>
<arg>Defaultcode does not match teacher reference. See JSON report for details.</arg>
<arg>WARN</arg>
<doc>Logs the given message with the given level.</doc>
<status status="PASS" start="2025-04-27T19:31:38.383967" elapsed="0.000075"/>
</kw>
<status status="PASS" start="2025-04-27T19:31:38.383935" elapsed="0.000122"/>
</branch>
<status status="PASS" start="2025-04-27T19:31:38.383847" elapsed="0.000217"/>
</if>
<kw name="Pass Execution" owner="BuiltIn">
<msg time="2025-04-27T19:31:38.384137" level="INFO">Execution passed with message:
Test completed with detailed results saved to JSON</msg>
<arg>Test completed with detailed results saved to JSON</arg>
<doc>Skips rest of the current test, setup, or teardown with PASS status.</doc>
<status status="PASS" start="2025-04-27T19:31:38.384107" elapsed="0.000057">Test completed with detailed results saved to JSON</status>
</kw>
<doc>Test defaultcode consistency with enhanced specific feedback</doc>
<status status="PASS" start="2025-04-27T19:31:38.320546" elapsed="0.063693">Test completed with detailed results saved to JSON</status>
</test>
<test id="s1-t2" name="Test Student Submission Against Teacher Reference" line="108">
<kw name="Create Directory" owner="OperatingSystem">
<msg time="2025-04-27T19:31:38.384571" level="INFO" html="true">Directory '&lt;a href="file:///Users/tanakrit/Documents/GitHub/RobotFramewokForIDE/NewFormatOfRobot/WebsiteTesting/v2/test_results"&gt;/Users/tanakrit/Documents/GitHub/RobotFramewokForIDE/NewFormatOfRobot/WebsiteTesting/v2/test_results&lt;/a&gt;' already exists.</msg>
<arg>${OUTPUT_DIR}</arg>
<doc>Creates the specified directory.</doc>
<status status="PASS" start="2025-04-27T19:31:38.384523" elapsed="0.000066"/>
</kw>
<kw name="Extract JSON Files">
<kw name="Log" owner="BuiltIn">
<msg time="2025-04-27T19:31:38.384871" level="INFO">Extracting JSON from /Users/tanakrit/Documents/GitHub/RobotFramewokForIDE/NewFormatOfRobot/WebsiteTesting/v2/students.json...</msg>
<arg>Extracting JSON from ${file_path}...</arg>
<doc>Logs the given message with the given level.</doc>
<status status="PASS" start="2025-04-27T19:31:38.384833" elapsed="0.000052"/>
</kw>
<kw name="Run Process" owner="Process">
<msg time="2025-04-27T19:31:38.385017" level="INFO">Starting process:
python /Users/tanakrit/Documents/GitHub/RobotFramewokForIDE/NewFormatOfRobot/WebsiteTesting/v2/json_helper.py extract /Users/tanakrit/Documents/GitHub/RobotFramewokForIDE/NewFormatOfRobot/WebsiteTesting/v2/students.json</msg>
<msg time="2025-04-27T19:31:38.387127" level="INFO">Waiting for process to complete.</msg>
<msg time="2025-04-27T19:31:38.405936" level="INFO">Process completed.</msg>
<msg time="2025-04-27T19:31:38.406090" level="INFO">${result} = &lt;result object with rc 0&gt;</msg>
<var>${result}</var>
<arg>python</arg>
<arg>${HELPER_SCRIPT}</arg>
<arg>extract</arg>
<arg>${file_path}</arg>
<arg>stderr=STDOUT</arg>
<doc>Runs a process and waits for it to complete.</doc>
<status status="PASS" start="2025-04-27T19:31:38.384919" elapsed="0.021188"/>
</kw>
<kw name="Log" owner="BuiltIn">
<msg time="2025-04-27T19:31:38.406691" level="INFO">Process output: HTML_PATH:/Users/tanakrit/Documents/GitHub/RobotFramewokForIDE/NewFormatOfRobot/WebsiteTesting/v2/temp/students_html.html
CSS_PATH:/Users/tanakrit/Documents/GitHub/RobotFramewokForIDE/NewFormatOfRobot/WebsiteTesting/v2/temp/students_css.css
JS_PATH:/Users/tanakrit/Documents/GitHub/RobotFramewokForIDE/NewFormatOfRobot/WebsiteTesting/v2/temp/students_js.js</msg>
<arg>Process output: ${result.stdout}</arg>
<doc>Logs the given message with the given level.</doc>
<status status="PASS" start="2025-04-27T19:31:38.406330" elapsed="0.000389"/>
</kw>
<kw name="Set Variable" owner="BuiltIn">
<msg time="2025-04-27T19:31:38.406992" level="INFO">${rc} = 0</msg>
<var>${rc}</var>
<arg>${result.rc}</arg>
<doc>Returns the given values which can then be assigned to a variables.</doc>
<status status="PASS" start="2025-04-27T19:31:38.406779" elapsed="0.000226"/>
</kw>
<kw name="Log" owner="BuiltIn">
<msg time="2025-04-27T19:31:38.407101" level="INFO">Process return code: 0</msg>
<arg>Process return code: ${rc}</arg>
<doc>Logs the given message with the given level.</doc>
<status status="PASS" start="2025-04-27T19:31:38.407051" elapsed="0.000068"/>
</kw>
<kw name="Run Keyword If" owner="BuiltIn">
<arg>${rc} != 0</arg>
<arg>Log</arg>
<arg>Error extracting data: ${result.stdout}</arg>
<arg>WARN</arg>
<doc>Runs the given keyword with the given arguments, if ``condition`` is true.</doc>
<status status="PASS" start="2025-04-27T19:31:38.407170" elapsed="0.000066"/>
</kw>
<kw name="Should Be Equal As Integers" owner="BuiltIn">
<msg time="2025-04-27T19:31:38.407483" level="INFO">Argument types are:
&lt;class 'int'&gt;
&lt;class 'str'&gt;</msg>
<arg>${rc}</arg>
<arg>0</arg>
<arg>Failed to extract data from ${file_path}: ${result.stdout}</arg>
<doc>Fails if objects are unequal after converting them to integers.</doc>
<status status="PASS" start="2025-04-27T19:31:38.407277" elapsed="0.000231"/>
</kw>
<kw name="Split To Lines" owner="String">
<msg time="2025-04-27T19:31:38.407710" level="INFO">3 lines returned</msg>
<msg time="2025-04-27T19:31:38.407736" level="INFO">${lines} = ['HTML_PATH:/Users/tanakrit/Documents/GitHub/RobotFramewokForIDE/NewFormatOfRobot/WebsiteTesting/v2/temp/students_html.html', 'CSS_PATH:/Users/tanakrit/Documents/GitHub/RobotFramewokForIDE/NewFormatOf...</msg>
<var>${lines}</var>
<arg>${result.stdout}</arg>
<doc>Splits the given string to lines.</doc>
<status status="PASS" start="2025-04-27T19:31:38.407559" elapsed="0.000186"/>
</kw>
<kw name="Set Variable" owner="BuiltIn">
<msg time="2025-04-27T19:31:38.407940" level="INFO">${html_path} = </msg>
<var>${html_path}</var>
<arg>${EMPTY}</arg>
<doc>Returns the given values which can then be assigned to a variables.</doc>
<status status="PASS" start="2025-04-27T19:31:38.407785" elapsed="0.000164"/>
</kw>
<kw name="Set Variable" owner="BuiltIn">
<msg time="2025-04-27T19:31:38.408135" level="INFO">${css_path} = </msg>
<var>${css_path}</var>
<arg>${EMPTY}</arg>
<doc>Returns the given values which can then be assigned to a variables.</doc>
<status status="PASS" start="2025-04-27T19:31:38.407986" elapsed="0.000158"/>
</kw>
<kw name="Set Variable" owner="BuiltIn">
<msg time="2025-04-27T19:31:38.408330" level="INFO">${js_path} = </msg>
<var>${js_path}</var>
<arg>${EMPTY}</arg>
<doc>Returns the given values which can then be assigned to a variables.</doc>
<status status="PASS" start="2025-04-27T19:31:38.408183" elapsed="0.000156"/>
</kw>
<for flavor="IN">
<iter>
<kw name="Strip String" owner="String">
<msg time="2025-04-27T19:31:38.408621" level="INFO">${stripped} = HTML_PATH:/Users/tanakrit/Documents/GitHub/RobotFramewokForIDE/NewFormatOfRobot/WebsiteTesting/v2/temp/students_html.html</msg>
<var>${stripped}</var>
<arg>${line}</arg>
<doc>Remove leading and/or trailing whitespaces from the given string.</doc>
<status status="PASS" start="2025-04-27T19:31:38.408566" elapsed="0.000066"/>
</kw>
<if>
<branch type="IF" condition="&quot;${stripped}&quot; != &quot;${EMPTY}&quot;">
<if>
<branch type="IF" condition="$stripped.startswith(&quot;HTML_PATH:&quot;)">
<kw name="Set Variable" owner="BuiltIn">
<msg time="2025-04-27T19:31:38.409089" level="INFO">${html_path} = /Users/tanakrit/Documents/GitHub/RobotFramewokForIDE/NewFormatOfRobot/WebsiteTesting/v2/temp/students_html.html</msg>
<var>${html_path}</var>
<arg>${stripped.replace("HTML_PATH:", "")}</arg>
<doc>Returns the given values which can then be assigned to a variables.</doc>
<status status="PASS" start="2025-04-27T19:31:38.408929" elapsed="0.000170"/>
</kw>
<status status="PASS" start="2025-04-27T19:31:38.408837" elapsed="0.000276"/>
</branch>
<branch type="ELSE IF" condition="$stripped.startswith(&quot;CSS_PATH:&quot;)">
<kw name="Set Variable" owner="BuiltIn">
<var>${css_path}</var>
<arg>${stripped.replace("CSS_PATH:", "")}</arg>
<doc>Returns the given values which can then be assigned to a variables.</doc>
<status status="NOT RUN" start="2025-04-27T19:31:38.409166" elapsed="0.000008"/>
</kw>
<status status="NOT RUN" start="2025-04-27T19:31:38.409125" elapsed="0.000062"/>
</branch>
<branch type="ELSE IF" condition="$stripped.startswith(&quot;JS_PATH:&quot;)">
<kw name="Set Variable" owner="BuiltIn">
<var>${js_path}</var>
<arg>${stripped.replace("JS_PATH:", "")}</arg>
<doc>Returns the given values which can then be assigned to a variables.</doc>
<status status="NOT RUN" start="2025-04-27T19:31:38.409228" elapsed="0.000005"/>
</kw>
<status status="NOT RUN" start="2025-04-27T19:31:38.409195" elapsed="0.000051"/>
</branch>
<status status="PASS" start="2025-04-27T19:31:38.408831" elapsed="0.000423"/>
</if>
<status status="PASS" start="2025-04-27T19:31:38.408661" elapsed="0.000603"/>
</branch>
<status status="PASS" start="2025-04-27T19:31:38.408653" elapsed="0.000618"/>
</if>
<var name="${line}">HTML_PATH:/Users/tanakrit/Documents/GitHub/RobotFramewokForIDE/NewFormatOfRobot/WebsiteTesting/v2/temp/students_html.html</var>
<status status="PASS" start="2025-04-27T19:31:38.408532" elapsed="0.000747"/>
</iter>
<iter>
<kw name="Strip String" owner="String">
<msg time="2025-04-27T19:31:38.409429" level="INFO">${stripped} = CSS_PATH:/Users/tanakrit/Documents/GitHub/RobotFramewokForIDE/NewFormatOfRobot/WebsiteTesting/v2/temp/students_css.css</msg>
<var>${stripped}</var>
<arg>${line}</arg>
<doc>Remove leading and/or trailing whitespaces from the given string.</doc>
<status status="PASS" start="2025-04-27T19:31:38.409375" elapsed="0.000064"/>
</kw>
<if>
<branch type="IF" condition="&quot;${stripped}&quot; != &quot;${EMPTY}&quot;">
<if>
<branch type="IF" condition="$stripped.startswith(&quot;HTML_PATH:&quot;)">
<kw name="Set Variable" owner="BuiltIn">
<var>${html_path}</var>
<arg>${stripped.replace("HTML_PATH:", "")}</arg>
<doc>Returns the given values which can then be assigned to a variables.</doc>
<status status="NOT RUN" start="2025-04-27T19:31:38.409778" elapsed="0.000009"/>
</kw>
<status status="NOT RUN" start="2025-04-27T19:31:38.409648" elapsed="0.000154"/>
</branch>
<branch type="ELSE IF" condition="$stripped.startswith(&quot;CSS_PATH:&quot;)">
<kw name="Set Variable" owner="BuiltIn">
<msg time="2025-04-27T19:31:38.410098" level="INFO">${css_path} = /Users/tanakrit/Documents/GitHub/RobotFramewokForIDE/NewFormatOfRobot/WebsiteTesting/v2/temp/students_css.css</msg>
<var>${css_path}</var>
<arg>${stripped.replace("CSS_PATH:", "")}</arg>
<doc>Returns the given values which can then be assigned to a variables.</doc>
<status status="PASS" start="2025-04-27T19:31:38.409877" elapsed="0.000231"/>
</kw>
<status status="PASS" start="2025-04-27T19:31:38.409811" elapsed="0.000311"/>
</branch>
<branch type="ELSE IF" condition="$stripped.startswith(&quot;JS_PATH:&quot;)">
[...]
</kw>
<status status="PASS" start="2025-04-27T19:31:38.497648" elapsed="0.026477"/>
</branch>
<status status="PASS" start="2025-04-27T19:31:38.497642" elapsed="0.026491"/>
</if>
<kw name="Create Dictionary" owner="BuiltIn">
<msg time="2025-04-27T19:31:38.524273" level="INFO">${result} = {'match': False, 'differences': ['Variable declaration order is incorrect. Expected: result, contactForm', 'Function declaration order is different. Expected: saveData, cancelAction, deleteItem']}</msg>
<var>${result}</var>
<arg>match=${match}</arg>
<arg>differences=${differences}</arg>
<doc>Creates and returns a dictionary based on the given ``items``.</doc>
<status status="PASS" start="2025-04-27T19:31:38.524169" elapsed="0.000113"/>
</kw>
<return>
<value>${result}</value>
<status status="PASS" start="2025-04-27T19:31:38.524298" elapsed="0.000011"/>
</return>
<msg time="2025-04-27T19:31:38.524345" level="INFO">${js_result} = {'match': False, 'differences': ['Variable declaration order is incorrect. Expected: result, contactForm', 'Function declaration order is different. Expected: saveData, cancelAction, deleteItem']}</msg>
<var>${js_result}</var>
<arg>${student_paths["js_path"]}</arg>
<arg>${teacher_paths["js_path"]}</arg>
<arg>js</arg>
<status status="PASS" start="2025-04-27T19:31:38.496495" elapsed="0.027859"/>
</kw>
<kw name="Evaluate" owner="BuiltIn">
<msg time="2025-04-27T19:31:38.524809" level="INFO">${overall_match} = False</msg>
<var>${overall_match}</var>
<arg>${html_result["match"]} and ${css_result["match"]} and ${js_result["match"]}</arg>
<doc>Evaluates the given expression in Python and returns the result.</doc>
<status status="PASS" start="2025-04-27T19:31:38.524415" elapsed="0.000403"/>
</kw>
<kw name="Convert To Boolean" owner="BuiltIn">
<msg time="2025-04-27T19:31:38.524945" level="INFO">${overall_match_bool} = False</msg>
<var>${overall_match_bool}</var>
<arg>${overall_match}</arg>
<doc>Converts the given item to Boolean true or false.</doc>
<status status="PASS" start="2025-04-27T19:31:38.524883" elapsed="0.000070"/>
</kw>
<kw name="Create Dictionary" owner="BuiltIn">
<msg time="2025-04-27T19:31:38.525766" level="INFO">${validation_data} = {'html_match': False, 'css_match': False, 'js_match': False, 'overall_match': False, 'html_differences': ['Missing background-color: #f5f5f5 in body style rule', 'Color boxes are in wrong order. Expec...</msg>
<var>${validation_data}</var>
<arg>html_match=${html_result["match"]}</arg>
<arg>css_match=${css_result["match"]}</arg>
<arg>js_match=${js_result["match"]}</arg>
<arg>overall_match=${overall_match_bool}</arg>
<arg>html_differences=${html_result["differences"]}</arg>
<arg>css_differences=${css_result["differences"]}</arg>
<arg>js_differences=${js_result["differences"]}</arg>
<doc>Creates and returns a dictionary based on the given ``items``.</doc>
<status status="PASS" start="2025-04-27T19:31:38.525014" elapsed="0.000767"/>
</kw>
<kw name="Set Variable" owner="BuiltIn">
<msg time="2025-04-27T19:31:38.525906" level="INFO">${report_file} = /Users/tanakrit/Documents/GitHub/RobotFramewokForIDE/NewFormatOfRobot/WebsiteTesting/v2/test_results/student_validation.json</msg>
<var>${report_file}</var>
<arg>${OUTPUT_DIR}/student_validation.json</arg>
<doc>Returns the given values which can then be assigned to a variables.</doc>
<status status="PASS" start="2025-04-27T19:31:38.525850" elapsed="0.000065"/>
</kw>
<kw name="Evaluate" owner="BuiltIn">
<msg time="2025-04-27T19:31:38.526201" level="INFO">${report_json} = {
  "html_match": false,
  "css_match": false,
  "js_match": false,
  "overall_match": false,
  "html_differences": [
    "Missing background-color: #f5f5f5 in body style rule",
    "Color boxes are i...</msg>
<var>${report_json}</var>
<arg>json.dumps(${validation_data}, indent=2)</arg>
<arg>modules=json</arg>
<doc>Evaluates the given expression in Python and returns the result.</doc>
<status status="PASS" start="2025-04-27T19:31:38.525969" elapsed="0.000252"/>
</kw>
<kw name="Create File" owner="OperatingSystem">
<msg time="2025-04-27T19:31:38.526651" level="INFO" html="true">Created file '&lt;a href="file:///Users/tanakrit/Documents/GitHub/RobotFramewokForIDE/NewFormatOfRobot/WebsiteTesting/v2/test_results/student_validation.json"&gt;/Users/tanakrit/Documents/GitHub/RobotFramewokForIDE/NewFormatOfRobot/WebsiteTesting/v2/test_results/student_validation.json&lt;/a&gt;'.</msg>
<arg>${report_file}</arg>
<arg>${report_json}</arg>
<doc>Creates a file with the given content and encoding.</doc>
<status status="PASS" start="2025-04-27T19:31:38.526346" elapsed="0.000342"/>
</kw>
<if>
<branch type="IF" condition="${overall_match_bool}">
<kw name="Log" owner="BuiltIn">
<arg>All code parts match! Student submission is correct.</arg>
<arg>INFO</arg>
<doc>Logs the given message with the given level.</doc>
<status status="NOT RUN" start="2025-04-27T19:31:38.526823" elapsed="0.000009"/>
</kw>
<status status="NOT RUN" start="2025-04-27T19:31:38.526753" elapsed="0.000093"/>
</branch>
<branch type="ELSE">
<kw name="Log" owner="BuiltIn">
<msg time="2025-04-27T19:31:38.526930" level="WARN">Student submission has differences. Check the detailed report.</msg>
<arg>Student submission has differences. Check the detailed report.</arg>
<arg>WARN</arg>
<doc>Logs the given message with the given level.</doc>
<status status="PASS" start="2025-04-27T19:31:38.526889" elapsed="0.000091"/>
</kw>
<status status="PASS" start="2025-04-27T19:31:38.526855" elapsed="0.000144"/>
</branch>
<status status="PASS" start="2025-04-27T19:31:38.526740" elapsed="0.000269"/>
</if>
<kw name="Pass Execution" owner="BuiltIn">
<msg time="2025-04-27T19:31:38.527113" level="INFO">Execution passed with message:
Test completed with detailed results saved to JSON</msg>
<arg>Test completed with detailed results saved to JSON</arg>
<doc>Skips rest of the current test, setup, or teardown with PASS status.</doc>
<status status="PASS" start="2025-04-27T19:31:38.527074" elapsed="0.000073">Test completed with detailed results saved to JSON</status>
</kw>
<doc>Test defaultcode in student JSON against teacher reference</doc>
<status status="PASS" start="2025-04-27T19:31:38.384350" elapsed="0.142877">Test completed with detailed results saved to JSON</status>
</test>
<kw name="Teardown Test Environment" type="TEARDOWN">
<kw name="List Files In Directory" owner="OperatingSystem">
<msg time="2025-04-27T19:31:38.527754" level="INFO" html="true">Listing contents of directory '&lt;a href="file:///Users/tanakrit/Documents/GitHub/RobotFramewokForIDE/NewFormatOfRobot/WebsiteTesting/v2/test_results"&gt;/Users/tanakrit/Documents/GitHub/RobotFramewokForIDE/NewFormatOfRobot/WebsiteTesting/v2/test_results&lt;/a&gt;'.</msg>
<msg time="2025-04-27T19:31:38.527821" level="INFO">2 files:
defaultcode_comparison_result.json
student_validation.json</msg>
<msg time="2025-04-27T19:31:38.527845" level="INFO">${files} = ['defaultcode_comparison_result.json', 'student_validation.json']</msg>
<var>${files}</var>
<arg>${OUTPUT_DIR}</arg>
<arg>*.json</arg>
<doc>Wrapper for `List Directory` that returns only files.</doc>
<status status="PASS" start="2025-04-27T19:31:38.527691" elapsed="0.000162"/>
</kw>
<kw name="Create List" owner="BuiltIn">
<msg time="2025-04-27T19:31:38.527931" level="INFO">${all_results} = []</msg>
<var>${all_results}</var>
<doc>Returns a list containing given items.</doc>
<status status="PASS" start="2025-04-27T19:31:38.527892" elapsed="0.000046"/>
</kw>
<for flavor="IN">
<iter>
<kw name="Continue For Loop If" owner="BuiltIn">
<arg>'${file}' == 'validation_report.json'</arg>
<doc>Skips the current FOR loop iteration if the ``condition`` is true.</doc>
<status status="PASS" start="2025-04-27T19:31:38.528049" elapsed="0.000090"/>
</kw>
<kw name="Join Path" owner="OperatingSystem">
<msg time="2025-04-27T19:31:38.528253" level="INFO">${file_path} = /Users/tanakrit/Documents/GitHub/RobotFramewokForIDE/NewFormatOfRobot/WebsiteTesting/v2/test_results/defaultcode_comparison_result.json</msg>
<var>${file_path}</var>
<arg>${OUTPUT_DIR}</arg>
<arg>${file}</arg>
<doc>Joins the given path part(s) to the given base path.</doc>
<status status="PASS" start="2025-04-27T19:31:38.528181" elapsed="0.000101"/>
</kw>
<try>
<branch type="TRY">
<kw name="Get File" owner="OperatingSystem">
<msg time="2025-04-27T19:31:38.528427" level="INFO" html="true">Getting file '&lt;a href="file:///Users/tanakrit/Documents/GitHub/RobotFramewokForIDE/NewFormatOfRobot/WebsiteTesting/v2/test_results/defaultcode_comparison_result.json"&gt;/Users/tanakrit/Documents/GitHub/RobotFramewokForIDE/NewFormatOfRobot/WebsiteTesting/v2/test_results/defaultcode_comparison_result.json&lt;/a&gt;'.</msg>
<msg time="2025-04-27T19:31:38.528494" level="INFO">${json_content} = {
  "timestamp": 1745757098.382632,
  "html_match": false,
  "css_match": false,
  "js_match": false,
  "html_differences": [
    "Missing background-color: #f5f5f5 in body style rule",
    "Color box...</msg>
<var>${json_content}</var>
<arg>${file_path}</arg>
<doc>Returns the contents of a specified file.</doc>
<status status="PASS" start="2025-04-27T19:31:38.528371" elapsed="0.000132"/>
</kw>
<kw name="Evaluate" owner="BuiltIn">
<msg time="2025-04-27T19:31:38.528672" level="INFO">${json_obj} = {'timestamp': 1745757098.382632, 'html_match': False, 'css_match': False, 'js_match': False, 'html_differences': ['Missing background-color: #f5f5f5 in body style rule', 'Color boxes are in wrong orde...</msg>
<var>${json_obj}</var>
<arg>json.loads('''${json_content}''')</arg>
<arg>modules=json</arg>
<doc>Evaluates the given expression in Python and returns the result.</doc>
<status status="PASS" start="2025-04-27T19:31:38.528544" elapsed="0.000139"/>
</kw>
<kw name="Append To List" owner="Collections">
<arg>${all_results}</arg>
<arg>${json_obj}</arg>
<doc>Adds ``values`` to the end of ``list``.</doc>
<status status="PASS" start="2025-04-27T19:31:38.528748" elapsed="0.000056"/>
</kw>
<status status="PASS" start="2025-04-27T19:31:38.528332" elapsed="0.000485"/>
</branch>
<branch type="EXCEPT">
<kw name="Log" owner="BuiltIn">
<arg>Error parsing JSON file: ${file_path}</arg>
<arg>level=WARN</arg>
<doc>Logs the given message with the given level.</doc>
<status status="NOT RUN" start="2025-04-27T19:31:38.528873" elapsed="0.000007"/>
</kw>
<status status="NOT RUN" start="2025-04-27T19:31:38.528839" elapsed="0.000056"/>
</branch>
<status status="PASS" start="2025-04-27T19:31:38.528310" elapsed="0.000598"/>
</try>
<var name="${file}">defaultcode_comparison_result.json</var>
<status status="PASS" start="2025-04-27T19:31:38.528020" elapsed="0.000897"/>
</iter>
<iter>
<kw name="Continue For Loop If" owner="BuiltIn">
<arg>'${file}' == 'validation_report.json'</arg>
<doc>Skips the current FOR loop iteration if the ``condition`` is true.</doc>
<status status="PASS" start="2025-04-27T19:31:38.529003" elapsed="0.000077"/>
</kw>
<kw name="Join Path" owner="OperatingSystem">
<msg time="2025-04-27T19:31:38.529173" level="INFO">${file_path} = /Users/tanakrit/Documents/GitHub/RobotFramewokForIDE/NewFormatOfRobot/WebsiteTesting/v2/test_results/student_validation.json</msg>
<var>${file_path}</var>
<arg>${OUTPUT_DIR}</arg>
<arg>${file}</arg>
<doc>Joins the given path part(s) to the given base path.</doc>
<status status="PASS" start="2025-04-27T19:31:38.529115" elapsed="0.000067"/>
</kw>
<try>
<branch type="TRY">
<kw name="Get File" owner="OperatingSystem">
<msg time="2025-04-27T19:31:38.529287" level="INFO" html="true">Getting file '&lt;a href="file:///Users/tanakrit/Documents/GitHub/RobotFramewokForIDE/NewFormatOfRobot/WebsiteTesting/v2/test_results/student_validation.json"&gt;/Users/tanakrit/Documents/GitHub/RobotFramewokForIDE/NewFormatOfRobot/WebsiteTesting/v2/test_results/student_validation.json&lt;/a&gt;'.</msg>
<msg time="2025-04-27T19:31:38.529348" level="INFO">${json_content} = {
  "html_match": false,
  "css_match": false,
  "js_match": false,
  "overall_match": false,
  "html_differences": [
    "Missing background-color: #f5f5f5 in body style rule",
    "Color boxes are i...</msg>
<var>${json_content}</var>
<arg>${file_path}</arg>
<doc>Returns the contents of a specified file.</doc>
<status status="PASS" start="2025-04-27T19:31:38.529244" elapsed="0.000113"/>
</kw>
<kw name="Evaluate" owner="BuiltIn">
<msg time="2025-04-27T19:31:38.529491" level="INFO">${json_obj} = {'html_match': False, 'css_match': False, 'js_match': False, 'overall_match': False, 'html_differences': ['Missing background-color: #f5f5f5 in body style rule', 'Color boxes are in wrong order. Expec...</msg>
<var>${json_obj}</var>
<arg>json.loads('''${json_content}''')</arg>
<arg>modules=json</arg>
<doc>Evaluates the given expression in Python and returns the result.</doc>
<status status="PASS" start="2025-04-27T19:31:38.529393" elapsed="0.000106"/>
</kw>
<kw name="Append To List" owner="Collections">
<arg>${all_results}</arg>
<arg>${json_obj}</arg>
<doc>Adds ``values`` to the end of ``list``.</doc>
<status status="PASS" start="2025-04-27T19:31:38.529532" elapsed="0.000045"/>
</kw>
<status status="PASS" start="2025-04-27T19:31:38.529213" elapsed="0.000375"/>
</branch>
<branch type="EXCEPT">
<kw name="Log" owner="BuiltIn">
<arg>Error parsing JSON file: ${file_path}</arg>
<arg>level=WARN</arg>
<doc>Logs the given message with the given level.</doc>
<status status="NOT RUN" start="2025-04-27T19:31:38.529630" elapsed="0.000006"/>
</kw>
<status status="NOT RUN" start="2025-04-27T19:31:38.529601" elapsed="0.000046"/>
</branch>
<status status="PASS" start="2025-04-27T19:31:38.529202" elapsed="0.000456"/>
</try>
<var name="${file}">student_validation.json</var>
<status status="PASS" start="2025-04-27T19:31:38.528974" elapsed="0.000692"/>
</iter>
<var>${file}</var>
<value>@{files}</value>
<status status="PASS" start="2025-04-27T19:31:38.527956" elapsed="0.001719"/>
</for>
<kw name="Create Dictionary" owner="BuiltIn">
<msg time="2025-04-27T19:31:38.529810" level="INFO">${final_report} = {'results': [{'timestamp': 1745757098.382632, 'html_match': False, 'css_match': False, 'js_match': False, 'html_differences': ['Missing background-color: #f5f5f5 in body style rule', 'Color boxes are ...</msg>
<var>${final_report}</var>
<arg>results=${all_results}</arg>
<doc>Creates and returns a dictionary based on the given ``items``.</doc>
<status status="PASS" start="2025-04-27T19:31:38.529710" elapsed="0.000110"/>
</kw>
<kw name="Evaluate" owner="BuiltIn">
<msg time="2025-04-27T19:31:38.530073" level="INFO">${final_json} = {
  "results": [
    {
      "timestamp": 1745757098.382632,
      "html_match": false,
      "css_match": false,
      "js_match": false,
      "html_differences": [
        "Missing background-color...</msg>
<var>${final_json}</var>
<arg>json.dumps(${final_report}, indent=2)</arg>
<arg>modules=json</arg>
<doc>Evaluates the given expression in Python and returns the result.</doc>
<status status="PASS" start="2025-04-27T19:31:38.529853" elapsed="0.000230"/>
</kw>
<kw name="Create File" owner="OperatingSystem">
<msg time="2025-04-27T19:31:38.530304" level="INFO" html="true">Created file '&lt;a href="file:///Users/tanakrit/Documents/GitHub/RobotFramewokForIDE/NewFormatOfRobot/WebsiteTesting/v2/test_results/validation_report.json"&gt;/Users/tanakrit/Documents/GitHub/RobotFramewokForIDE/NewFormatOfRobot/WebsiteTesting/v2/test_results/validation_report.json&lt;/a&gt;'.</msg>
<arg>${REPORT_FILE}</arg>
<arg>${final_json}</arg>
<doc>Creates a file with the given content and encoding.</doc>
<status status="PASS" start="2025-04-27T19:31:38.530120" elapsed="0.000204"/>
</kw>
<kw name="Join Path" owner="OperatingSystem">
<msg time="2025-04-27T19:31:38.530403" level="INFO">${temp_dir} = /Users/tanakrit/Documents/GitHub/RobotFramewokForIDE/NewFormatOfRobot/WebsiteTesting/v2/temp</msg>
<var>${temp_dir}</var>
<arg>/Users/tanakrit/Documents/GitHub/RobotFramewokForIDE/NewFormatOfRobot/WebsiteTesting/v2</arg>
<arg>temp</arg>
<doc>Joins the given path part(s) to the given base path.</doc>
<status status="PASS" start="2025-04-27T19:31:38.530361" elapsed="0.000051"/>
</kw>
<kw name="Run Keyword And Return Status" owner="BuiltIn">
<kw name="Directory Should Exist" owner="OperatingSystem">
<msg time="2025-04-27T19:31:38.530580" level="INFO" html="true">Directory '&lt;a href="file:///Users/tanakrit/Documents/GitHub/RobotFramewokForIDE/NewFormatOfRobot/WebsiteTesting/v2/temp"&gt;/Users/tanakrit/Documents/GitHub/RobotFramewokForIDE/NewFormatOfRobot/WebsiteTesting/v2/temp&lt;/a&gt;' exists.</msg>
<arg>${temp_dir}</arg>
<doc>Fails unless the given path points to an existing directory.</doc>
<status status="PASS" start="2025-04-27T19:31:38.530507" elapsed="0.000091"/>
</kw>
<msg time="2025-04-27T19:31:38.530625" level="INFO">${dir_exists} = True</msg>
<var>${dir_exists}</var>
<arg>Directory Should Exist</arg>
<arg>${temp_dir}</arg>
<doc>Runs the given keyword with given arguments and returns the status as a Boolean value.</doc>
<status status="PASS" start="2025-04-27T19:31:38.530452" elapsed="0.000180"/>
</kw>
<if>
<branch type="IF" condition="${dir_exists}">
<kw name="Log" owner="BuiltIn">
<msg time="2025-04-27T19:31:38.530742" level="INFO">Cleaning up temporary directory: /Users/tanakrit/Documents/GitHub/RobotFramewokForIDE/NewFormatOfRobot/WebsiteTesting/v2/temp</msg>
<arg>Cleaning up temporary directory: ${temp_dir}</arg>
<doc>Logs the given message with the given level.</doc>
<status status="PASS" start="2025-04-27T19:31:38.530703" elapsed="0.000052"/>
</kw>
<kw name="Remove Directory" owner="OperatingSystem">
<msg time="2025-04-27T19:31:38.531125" level="INFO" html="true">Removed directory '&lt;a href="file:///Users/tanakrit/Documents/GitHub/RobotFramewokForIDE/NewFormatOfRobot/WebsiteTesting/v2/temp"&gt;/Users/tanakrit/Documents/GitHub/RobotFramewokForIDE/NewFormatOfRobot/WebsiteTesting/v2/temp&lt;/a&gt;'.</msg>
<arg>${temp_dir}</arg>
<arg>recursive=True</arg>
<doc>Removes the directory pointed to by the given ``path``.</doc>
<status status="PASS" start="2025-04-27T19:31:38.530786" elapsed="0.000357"/>
</kw>
<status status="PASS" start="2025-04-27T19:31:38.530659" elapsed="0.000496"/>
</branch>
<branch type="ELSE">
<kw name="Log" owner="BuiltIn">
<arg>Temporary directory doesn't exist: ${temp_dir}</arg>
<doc>Logs the given message with the given level.</doc>
<status status="NOT RUN" start="2025-04-27T19:31:38.531195" elapsed="0.000006"/>
</kw>
<status status="NOT RUN" start="2025-04-27T19:31:38.531164" elapsed="0.000047"/>
</branch>
<status status="PASS" start="2025-04-27T19:31:38.530651" elapsed="0.000567"/>
</if>
<status status="PASS" start="2025-04-27T19:31:38.527619" elapsed="0.003615"/>
</kw>
<doc>Enhanced test suite for validating web development code
Provides specific, detailed feedback on differences</doc>
<status status="PASS" start="2025-04-27T19:31:38.253475" elapsed="0.277771"/>
</suite>
<statistics>
<total>
<stat pass="2" fail="0" skip="0">All Tests</stat>
</total>
<tag>
</tag>
<suite>
<stat name="Test Web Code" id="s1" pass="2" fail="0" skip="0">Test Web Code</stat>
</suite>
</statistics>
<errors>
<msg time="2025-04-27T19:31:38.379025" level="WARN">HTML differences found:</msg>
<msg time="2025-04-27T19:31:38.381170" level="WARN">CSS differences found:</msg>
<msg time="2025-04-27T19:31:38.382360" level="WARN">JavaScript differences found:</msg>
<msg time="2025-04-27T19:31:38.384001" level="WARN">Defaultcode does not match teacher reference. See JSON report for details.</msg>
<msg time="2025-04-27T19:31:38.468351" level="WARN">html differences found:</msg>
<msg time="2025-04-27T19:31:38.495825" level="WARN">css differences found:</msg>
<msg time="2025-04-27T19:31:38.522778" level="WARN">Detailed JavaScript Analysis:</msg>
<msg time="2025-04-27T19:31:38.523932" level="WARN">js differences found:</msg>
<msg time="2025-04-27T19:31:38.526930" level="WARN">Student submission has differences. Check the detailed report.</msg>
</errors>
</robot>
