<?xml version="1.0" encoding="UTF-8"?>
<robot generator="Robot 7.2.2 (Python 3.13.2 on darwin)" generated="2025-04-17T01:37:51.798426" rpa="false" schemaversion="5">
<suite id="s1" name="Test Web Code" source="/Users/tanakrit/Documents/GitHub/RobotFramewokForIDE/NewFormatOfRobot/WebsiteTesting/v2/test_web_code.robot">
<kw name="Setup Test Environment" type="SETUP">
<kw name="Create Directory" owner="OperatingSystem">
<msg time="2025-04-17T01:37:51.933611" level="INFO" html="true">Directory '&lt;a href="file:///Users/tanakrit/Documents/GitHub/RobotFramewokForIDE/NewFormatOfRobot/WebsiteTesting/v2/test_results"&gt;/Users/tanakrit/Documents/GitHub/RobotFramewokForIDE/NewFormatOfRobot/WebsiteTesting/v2/test_results&lt;/a&gt;' already exists.</msg>
<arg>${OUTPUT_DIR}</arg>
<doc>Creates the specified directory.</doc>
<status status="PASS" start="2025-04-17T01:37:51.933482" elapsed="0.000180"/>
</kw>
<kw name="Remove Files" owner="OperatingSystem">
<msg time="2025-04-17T01:37:51.935484" level="INFO" html="true">Removed file '&lt;a href="file:///Users/tanakrit/Documents/GitHub/RobotFramewokForIDE/NewFormatOfRobot/WebsiteTesting/v2/test_results/student_validation.json"&gt;/Users/tanakrit/Documents/GitHub/RobotFramewokForIDE/NewFormatOfRobot/WebsiteTesting/v2/test_results/student_validation.json&lt;/a&gt;'.</msg>
<msg time="2025-04-17T01:37:51.935597" level="INFO" html="true">Removed file '&lt;a href="file:///Users/tanakrit/Documents/GitHub/RobotFramewokForIDE/NewFormatOfRobot/WebsiteTesting/v2/test_results/validation_report.json"&gt;/Users/tanakrit/Documents/GitHub/RobotFramewokForIDE/NewFormatOfRobot/WebsiteTesting/v2/test_results/validation_report.json&lt;/a&gt;'.</msg>
<msg time="2025-04-17T01:37:51.935841" level="INFO" html="true">Removed file '&lt;a href="file:///Users/tanakrit/Documents/GitHub/RobotFramewokForIDE/NewFormatOfRobot/WebsiteTesting/v2/test_results/defaultcode_comparison_result.json"&gt;/Users/tanakrit/Documents/GitHub/RobotFramewokForIDE/NewFormatOfRobot/WebsiteTesting/v2/test_results/defaultcode_comparison_result.json&lt;/a&gt;'.</msg>
<arg>${OUTPUT_DIR}/*.json</arg>
<doc>Uses `Remove File` to remove multiple files one-by-one.</doc>
<status status="PASS" start="2025-04-17T01:37:51.933751" elapsed="0.002127"/>
</kw>
<kw name="Join Path" owner="OperatingSystem">
<msg time="2025-04-17T01:37:51.936064" level="INFO">${temp_dir} = /Users/tanakrit/Documents/GitHub/RobotFramewokForIDE/NewFormatOfRobot/WebsiteTesting/v2/temp</msg>
<var>${temp_dir}</var>
<arg>/Users/tanakrit/Documents/GitHub/RobotFramewokForIDE/NewFormatOfRobot/WebsiteTesting/v2</arg>
<arg>temp</arg>
<doc>Joins the given path part(s) to the given base path.</doc>
<status status="PASS" start="2025-04-17T01:37:51.935964" elapsed="0.000116"/>
</kw>
<kw name="Create Directory" owner="OperatingSystem">
<msg time="2025-04-17T01:37:51.936227" level="INFO" html="true">Directory '&lt;a href="file:///Users/tanakrit/Documents/GitHub/RobotFramewokForIDE/NewFormatOfRobot/WebsiteTesting/v2/temp"&gt;/Users/tanakrit/Documents/GitHub/RobotFramewokForIDE/NewFormatOfRobot/WebsiteTesting/v2/temp&lt;/a&gt;' already exists.</msg>
<arg>${temp_dir}</arg>
<doc>Creates the specified directory.</doc>
<status status="PASS" start="2025-04-17T01:37:51.936149" elapsed="0.000107"/>
</kw>
<status status="PASS" start="2025-04-17T01:37:51.933001" elapsed="0.003292"/>
</kw>
<test id="s1-t1" name="Test Default Code Consistency With Specific Feedback" line="24">
<kw name="Extract JSON Files">
<kw name="Log" owner="BuiltIn">
<msg time="2025-04-17T01:37:51.937091" level="INFO">Extracting JSON from /Users/tanakrit/Documents/GitHub/RobotFramewokForIDE/NewFormatOfRobot/WebsiteTesting/v2/students.json...</msg>
<arg>Extracting JSON from ${file_path}...</arg>
<doc>Logs the given message with the given level.</doc>
<status status="PASS" start="2025-04-17T01:37:51.937005" elapsed="0.000114"/>
</kw>
<kw name="Run Process" owner="Process">
<msg time="2025-04-17T01:37:51.937362" level="INFO">Starting process:
python /Users/tanakrit/Documents/GitHub/RobotFramewokForIDE/NewFormatOfRobot/WebsiteTesting/v2/json_helper.py extract /Users/tanakrit/Documents/GitHub/RobotFramewokForIDE/NewFormatOfRobot/WebsiteTesting/v2/students.json</msg>
<msg time="2025-04-17T01:37:51.940414" level="INFO">Waiting for process to complete.</msg>
<msg time="2025-04-17T01:37:51.975840" level="INFO">Process completed.</msg>
<msg time="2025-04-17T01:37:51.976105" level="INFO">${result} = &lt;result object with rc 0&gt;</msg>
<var>${result}</var>
<arg>python</arg>
<arg>${HELPER_SCRIPT}</arg>
<arg>extract</arg>
<arg>${file_path}</arg>
<arg>stderr=STDOUT</arg>
<doc>Runs a process and waits for it to complete.</doc>
<status status="PASS" start="2025-04-17T01:37:51.937182" elapsed="0.038953"/>
</kw>
<kw name="Log" owner="BuiltIn">
<msg time="2025-04-17T01:37:51.976961" level="INFO">Process output: Starting to process file: /Users/tanakrit/Documents/GitHub/RobotFramewokForIDE/NewFormatOfRobot/WebsiteTesting/v2/students.json
Successfully loaded JSON from /Users/tanakrit/Documents/GitHub/RobotFramewokForIDE/NewFormatOfRobot/WebsiteTesting/v2/students.json
Successfully extracted HTML, CSS, and JS content
Created/confirmed temp directory: /Users/tanakrit/Documents/GitHub/RobotFramewokForIDE/NewFormatOfRobot/WebsiteTesting/v2/temp
Wrote HTML content to /Users/tanakrit/Documents/GitHub/RobotFramewokForIDE/NewFormatOfRobot/WebsiteTesting/v2/temp/students_html.txt
Wrote CSS content to /Users/tanakrit/Documents/GitHub/RobotFramewokForIDE/NewFormatOfRobot/WebsiteTesting/v2/temp/students_css.txt
Wrote JS content to /Users/tanakrit/Documents/GitHub/RobotFramewokForIDE/NewFormatOfRobot/WebsiteTesting/v2/temp/students_js.txt
Returning file paths: {'html_path': '/Users/tanakrit/Documents/GitHub/RobotFramewokForIDE/NewFormatOfRobot/WebsiteTesting/v2/temp/students_html.txt', 'css_path': '/Users/tanakrit/Documents/GitHub/RobotFramewokForIDE/NewFormatOfRobot/WebsiteTesting/v2/temp/students_css.txt', 'js_path': '/Users/tanakrit/Documents/GitHub/RobotFramewokForIDE/NewFormatOfRobot/WebsiteTesting/v2/temp/students_js.txt'}
HTML_PATH:/Users/tanakrit/Documents/GitHub/RobotFramewokForIDE/NewFormatOfRobot/WebsiteTesting/v2/temp/students_html.txt
CSS_PATH:/Users/tanakrit/Documents/GitHub/RobotFramewokForIDE/NewFormatOfRobot/WebsiteTesting/v2/temp/students_css.txt
JS_PATH:/Users/tanakrit/Documents/GitHub/RobotFramewokForIDE/NewFormatOfRobot/WebsiteTesting/v2/temp/students_js.txt</msg>
<arg>Process output: ${result.stdout}</arg>
<doc>Logs the given message with the given level.</doc>
<status status="PASS" start="2025-04-17T01:37:51.976414" elapsed="0.000594"/>
</kw>
<kw name="Set Variable" owner="BuiltIn">
<msg time="2025-04-17T01:37:51.977463" level="INFO">${rc} = 0</msg>
<var>${rc}</var>
<arg>${result.rc}</arg>
<doc>Returns the given values which can then be assigned to a variables.</doc>
<status status="PASS" start="2025-04-17T01:37:51.977101" elapsed="0.000378"/>
</kw>
<kw name="Log" owner="BuiltIn">
<msg time="2025-04-17T01:37:51.977629" level="INFO">Process return code: 0</msg>
<arg>Process return code: ${rc}</arg>
<doc>Logs the given message with the given level.</doc>
<status status="PASS" start="2025-04-17T01:37:51.977551" elapsed="0.000103"/>
</kw>
<kw name="Run Keyword If" owner="BuiltIn">
<arg>${rc} != 0</arg>
<arg>Log</arg>
<arg>Error extracting data: ${result.stdout}</arg>
<arg>WARN</arg>
<doc>Runs the given keyword with the given arguments, if ``condition`` is true.</doc>
<status status="PASS" start="2025-04-17T01:37:51.977741" elapsed="0.000133"/>
</kw>
<kw name="Should Be Equal As Integers" owner="BuiltIn">
<msg time="2025-04-17T01:37:51.978288" level="INFO">Argument types are:
&lt;class 'int'&gt;
&lt;class 'str'&gt;</msg>
<arg>${rc}</arg>
<arg>0</arg>
<arg>Failed to extract data from ${file_path}: ${result.stdout}</arg>
<doc>Fails if objects are unequal after converting them to integers.</doc>
<status status="PASS" start="2025-04-17T01:37:51.977943" elapsed="0.000387"/>
</kw>
<kw name="Split To Lines" owner="String">
<msg time="2025-04-17T01:37:51.978660" level="INFO">11 lines returned</msg>
<msg time="2025-04-17T01:37:51.978715" level="INFO">${lines} = ['Starting to process file: /Users/tanakrit/Documents/GitHub/RobotFramewokForIDE/NewFormatOfRobot/WebsiteTesting/v2/students.json', 'Successfully loaded JSON from /Users/tanakrit/Documents/GitHub/Robo...</msg>
<var>${lines}</var>
<arg>${result.stdout}</arg>
<doc>Splits the given string to lines.</doc>
<status status="PASS" start="2025-04-17T01:37:51.978407" elapsed="0.000378"/>
</kw>
<kw name="Set Variable" owner="BuiltIn">
<msg time="2025-04-17T01:37:51.979110" level="INFO">${html_path} = </msg>
<var>${html_path}</var>
<arg>${EMPTY}</arg>
<doc>Returns the given values which can then be assigned to a variables.</doc>
<status status="PASS" start="2025-04-17T01:37:51.978852" elapsed="0.000274"/>
</kw>
<kw name="Set Variable" owner="BuiltIn">
<msg time="2025-04-17T01:37:51.979439" level="INFO">${css_path} = </msg>
<var>${css_path}</var>
<arg>${EMPTY}</arg>
<doc>Returns the given values which can then be assigned to a variables.</doc>
<status status="PASS" start="2025-04-17T01:37:51.979189" elapsed="0.000265"/>
</kw>
<kw name="Set Variable" owner="BuiltIn">
<msg time="2025-04-17T01:37:51.979756" level="INFO">${js_path} = </msg>
<var>${js_path}</var>
<arg>${EMPTY}</arg>
<doc>Returns the given values which can then be assigned to a variables.</doc>
<status status="PASS" start="2025-04-17T01:37:51.979515" elapsed="0.000256"/>
</kw>
<for flavor="IN">
<iter>
<kw name="Strip String" owner="String">
<msg time="2025-04-17T01:37:51.980175" level="INFO">${stripped} = Starting to process file: /Users/tanakrit/Documents/GitHub/RobotFramewokForIDE/NewFormatOfRobot/WebsiteTesting/v2/students.json</msg>
<var>${stripped}</var>
<arg>${line}</arg>
<doc>Remove leading and/or trailing whitespaces from the given string.</doc>
<status status="PASS" start="2025-04-17T01:37:51.980085" elapsed="0.000106"/>
</kw>
<if>
<branch type="IF" condition="&quot;${stripped}&quot; != &quot;${EMPTY}&quot;">
<if>
<branch type="IF" condition="$stripped.startswith(&quot;HTML_PATH:&quot;)">
<kw name="Set Variable" owner="BuiltIn">
<var>${html_path}</var>
<arg>${stripped.replace("HTML_PATH:", "")}</arg>
<doc>Returns the given values which can then be assigned to a variables.</doc>
<status status="NOT RUN" start="2025-04-17T01:37:51.980708" elapsed="0.000012"/>
</kw>
<status status="NOT RUN" start="2025-04-17T01:37:51.980551" elapsed="0.000192"/>
</branch>
<branch type="ELSE IF" condition="$stripped.startswith(&quot;CSS_PATH:&quot;)">
<kw name="Set Variable" owner="BuiltIn">
<var>${css_path}</var>
<arg>${stripped.replace("CSS_PATH:", "")}</arg>
<doc>Returns the given values which can then be assigned to a variables.</doc>
<status status="NOT RUN" start="2025-04-17T01:37:51.980868" elapsed="0.000011"/>
</kw>
<status status="NOT RUN" start="2025-04-17T01:37:51.980763" elapsed="0.000136"/>
</branch>
<branch type="ELSE IF" condition="$stripped.startswith(&quot;JS_PATH:&quot;)">
<kw name="Set Variable" owner="BuiltIn">
<var>${js_path}</var>
<arg>${stripped.replace("JS_PATH:", "")}</arg>
<doc>Returns the given values which can then be assigned to a variables.</doc>
<status status="NOT RUN" start="2025-04-17T01:37:51.981005" elapsed="0.000010"/>
</kw>
<status status="NOT RUN" start="2025-04-17T01:37:51.980915" elapsed="0.000118"/>
</branch>
<status status="PASS" start="2025-04-17T01:37:51.980539" elapsed="0.000507"/>
</if>
<status status="PASS" start="2025-04-17T01:37:51.980250" elapsed="0.000813"/>
</branch>
<status status="PASS" start="2025-04-17T01:37:51.980231" elapsed="0.000845"/>
</if>
<var name="${line}">Starting to process file: /Users/tanakrit/Documents/GitHub/RobotFramewokForIDE/NewFormatOfRobot/WebsiteTesting/v2/students.json</var>
<status status="PASS" start="2025-04-17T01:37:51.980031" elapsed="0.001058"/>
</iter>
<iter>
<kw name="Strip String" owner="String">
<msg time="2025-04-17T01:37:51.981334" level="INFO">${stripped} = Successfully loaded JSON from /Users/tanakrit/Documents/GitHub/RobotFramewokForIDE/NewFormatOfRobot/WebsiteTesting/v2/students.json</msg>
<var>${stripped}</var>
<arg>${line}</arg>
<doc>Remove leading and/or trailing whitespaces from the given string.</doc>
<status status="PASS" start="2025-04-17T01:37:51.981245" elapsed="0.000105"/>
</kw>
<if>
<branch type="IF" condition="&quot;${stripped}&quot; != &quot;${EMPTY}&quot;">
<if>
<branch type="IF" condition="$stripped.startswith(&quot;HTML_PATH:&quot;)">
<kw name="Set Variable" owner="BuiltIn">
<var>${html_path}</var>
<arg>${stripped.replace("HTML_PATH:", "")}</arg>
<doc>Returns the given values which can then be assigned to a variables.</doc>
<status status="NOT RUN" start="2025-04-17T01:37:51.981756" elapsed="0.000011"/>
</kw>
<status status="NOT RUN" start="2025-04-17T01:37:51.981660" elapsed="0.000129"/>
</branch>
<branch type="ELSE IF" condition="$stripped.startswith(&quot;CSS_PATH:&quot;)">
<kw name="Set Variable" owner="BuiltIn">
<var>${css_path}</var>
<arg>${stripped.replace("CSS_PATH:", "")}</arg>
<doc>Returns the given values which can then be assigned to a variables.</doc>
<status status="NOT RUN" start="2025-04-17T01:37:51.981895" elapsed="0.000010"/>
</kw>
<status status="NOT RUN" start="2025-04-17T01:37:51.981803" elapsed="0.000121"/>
</branch>
<branch type="ELSE IF" condition="$stripped.startswith(&quot;JS_PATH:&quot;)">
<kw name="Set Variable" owner="BuiltIn">
<var>${js_path}</var>
<arg>${stripped.replace("JS_PATH:", "")}</arg>
<doc>Returns the given values which can then be assigned to a variables.</doc>
<status status="NOT RUN" start="2025-04-17T01:37:51.982019" elapsed="0.000009"/>
</kw>
<status status="NOT RUN" start="2025-04-17T01:37:51.981937" elapsed="0.000109"/>
</branch>
<status status="PASS" start="2025-04-17T01:37:51.981651" elapsed="0.000407"/>
</if>
<status status="PASS" start="2025-04-17T01:37:51.981390" elapsed="0.000682"/>
</branch>
<status status="PASS" start="2025-04-17T01:37:51.981379" elapsed="0.000704"/>
</if>
<var name="${line}">Successfully loaded JSON from /Users/tanakrit/Documents/GitHub/RobotFramewokForIDE/NewFormatOfRobot/WebsiteTesting/v2/students.json</var>
<status status="PASS" start="2025-04-17T01:37:51.981198" elapsed="0.000898"/>
</iter>
<iter>
<kw name="Strip String" owner="String">
<msg time="2025-04-17T01:37:51.982333" level="INFO">${stripped} = Successfully extracted HTML, CSS, and JS content</msg>
<var>${stripped}</var>
<arg>${line}</arg>
<doc>Remove leading and/or trailing whitespaces from the given string.</doc>
<status status="PASS" start="2025-04-17T01:37:51.982245" elapsed="0.000103"/>
</kw>
<if>
<branch type="IF" condition="&quot;${stripped}&quot; != &quot;${EMPTY}&quot;">
<if>
<branch type="IF" condition="$stripped.startswith(&quot;HTML_PATH:&quot;)">
<kw name="Set Variable" owner="BuiltIn">
<var>${html_path}</var>
<arg>${stripped.replace("HTML_PATH:", "")}</arg>
<doc>Returns the given values which can then be assigned to a variables.</doc>
<status status="NOT RUN" start="2025-04-17T01:37:51.982743" elapsed="0.000010"/>
</kw>
<status status="NOT RUN" start="2025-04-17T01:37:51.982647" elapsed="0.000127"/>
</branch>
<branch type="ELSE IF" condition="$stripped.startswith(&quot;CSS_PATH:&quot;)">
<kw name="Set Variable" owner="BuiltIn">
<var>${css_path}</var>
<arg>${stripped.replace("CSS_PATH:", "")}</arg>
<doc>Returns the given values which can then be assigned to a variables.</doc>
<status status="NOT RUN" start="2025-04-17T01:37:51.982873" elapsed="0.000010"/>
</kw>
<status status="NOT RUN" start="2025-04-17T01:37:51.982788" elapsed="0.000115"/>
</branch>
<branch type="ELSE IF" condition="$stripped.startswith(&quot;JS_PATH:&quot;)">
<kw name="Set Variable" owner="BuiltIn">
<var>${js_path}</var>
<arg>${stripped.replace("JS_PATH:", "")}</arg>
<doc>Returns the given values which can then be assigned to a variables.</doc>
<status status="NOT RUN" start="2025-04-17T01:37:51.982998" elapsed="0.000009"/>
</kw>
<status status="NOT RUN" start="2025-04-17T01:37:51.982915" elapsed="0.000110"/>
</branch>
<status status="PASS" start="2025-04-17T01:37:51.982639" elapsed="0.000398"/>
</if>
<status status="PASS" start="2025-04-17T01:37:51.982386" elapsed="0.000664"/>
</branch>
<status status="PASS" start="2025-04-17T01:37:51.982376" elapsed="0.000685"/>
</if>
<var name="${line}">Successfully extracted HTML, CSS, and JS content</var>
<status status="PASS" start="2025-04-17T01:37:51.982199" elapsed="0.000873"/>
</iter>
<iter>
<kw name="Strip String" owner="String">
<msg time="2025-04-17T01:37:51.983295" level="INFO">${stripped} = Created/confirmed temp directory: /Users/tanakrit/Documents/GitHub/RobotFramewokForIDE/NewFormatOfRobot/WebsiteTesting/v2/temp</msg>
<var>${stripped}</var>
<arg>${line}</arg>
<doc>Remove leading and/or trailing whitespaces from the given string.</doc>
<status status="PASS" start="2025-04-17T01:37:51.983206" elapsed="0.000137"/>
</kw>
<if>
<branch type="IF" condition="&quot;${stripped}&quot; != &quot;${EMPTY}&quot;">
<if>
<branch type="IF" condition="$stripped.startswith(&quot;HTML_PATH:&quot;)">
<kw name="Set Variable" owner="BuiltIn">
<var>${html_path}</var>
<arg>${stripped.replace("HTML_PATH:", "")}</arg>
<doc>Returns the given values which can then be assigned to a variables.</doc>
<status status="NOT RUN" start="2025-04-17T01:37:51.983987" elapsed="0.000016"/>
</kw>
<status status="NOT RUN" start="2025-04-17T01:37:51.983839" elapsed="0.000193"/>
</branch>
<branch type="ELSE IF" condition="$stripped.startswith(&quot;CSS_PATH:&quot;)">
<kw name="Set Variable" owner="BuiltIn">
<var>${css_path}</var>
<arg>${stripped.replace("CSS_PATH:", "")}</arg>
<doc>Returns the given values which can then be assigned to a variables.</doc>
<status status="NOT RUN" start="2025-04-17T01:37:51.984154" elapsed="0.000011"/>
</kw>
<status status="NOT RUN" start="2025-04-17T01:37:51.984049" elapsed="0.000139"/>
</branch>
<branch type="ELSE IF" condition="$stripped.startswith(&quot;JS_PATH:&quot;)">
<kw name="Set Variable" owner="BuiltIn">
<var>${js_path}</var>
<arg>${stripped.replace("JS_PATH:", "")}</arg>
<doc>Returns the given values which can then be assigned to a variables.</doc>
<status status="NOT RUN" start="2025-04-17T01:37:51.984291" elapsed="0.000010"/>
</kw>
<status status="NOT RUN" start="2025-04-17T01:37:51.984202" elapsed="0.000117"/>
</branch>
<status status="PASS" start="2025-04-17T01:37:51.983826" elapsed="0.000506"/>
</if>
<status status="PASS" start="2025-04-17T01:37:51.983421" elapsed="0.000927"/>
</branch>
<status status="PASS" start="2025-04-17T01:37:51.983402" elapsed="0.000958"/>
</if>
<var name="${line}">Created/confirmed temp directory: /Users/tanakrit/Documents/GitHub/RobotFramewokForIDE/NewFormatOfRobot/WebsiteTesting/v2/temp</var>
<status status="PASS" start="2025-04-17T01:37:51.983162" elapsed="0.001211"/>
</iter>
<iter>
<kw name="Strip String" owner="String">
<msg time="2025-04-17T01:37:51.984640" level="INFO">${stripped} = Wrote HTML content to /Users/tanakrit/Documents/GitHub/RobotFramewokForIDE/NewFormatOfRobot/WebsiteTesting/v2/temp/students_html.txt</msg>
<var>${stripped}</var>
<arg>${line}</arg>
<doc>Remove leading and/or trailing whitespaces from the given string.</doc>
<status status="PASS" start="2025-04-17T01:37:51.984532" elapsed="0.000128"/>
</kw>
<if>
<branch type="IF" condition="&quot;${stripped}&quot; != &quot;${EMPTY}&quot;">
<if>
<branch type="IF" condition="$stripped.startswith(&quot;HTML_PATH:&quot;)">
<kw name="Set Variable" owner="BuiltIn">
<var>${html_path}</var>
<arg>${stripped.replace("HTML_PATH:", "")}</arg>
<doc>Returns the given values which can then be assigned to a variables.</doc>
<status status="NOT RUN" start="2025-04-17T01:37:51.985098" elapsed="0.000011"/>
</kw>
<status status="NOT RUN" start="2025-04-17T01:37:51.985001" elapsed="0.000130"/>
</branch>
<branch type="ELSE IF" condition="$stripped.startswith(&quot;CSS_PATH:&quot;)">
<kw name="Set Variable" owner="BuiltIn">
<var>${css_path}</var>
<arg>${stripped.replace("CSS_PATH:", "")}</arg>
<doc>Returns the given values which can then be assigned to a variables.</doc>
<status status="NOT RUN" start="2025-04-17T01:37:51.985235" elapsed="0.000010"/>
</kw>
<status status="NOT RUN" start="2025-04-17T01:37:51.985145" elapsed="0.000120"/>
</branch>
<branch type="ELSE IF" condition="$stripped.startswith(&quot;JS_PATH:&quot;)">
<kw name="Set Variable" owner="BuiltIn">
<var>${js_path}</var>
<arg>${stripped.replace("JS_PATH:", "")}</arg>
<doc>Returns the given values which can then be assigned to a variables.</doc>
<status status="NOT RUN" start="2025-04-17T01:37:51.985359" elapsed="0.000010"/>
</kw>
<status status="NOT RUN" start="2025-04-17T01:37:51.985277" elapsed="0.000111"/>
</branch>
<status status="PASS" start="2025-04-17T01:37:51.984992" elapsed="0.000408"/>
</if>
<status status="PASS" start="2025-04-17T01:37:51.984702" elapsed="0.000712"/>
</branch>
<status status="PASS" start="2025-04-17T01:37:51.984692" elapsed="0.000734"/>
</if>
<var name="${line}">Wrote HTML content to /Users/tanakrit/Documents/GitHub/RobotFramewokForIDE/NewFormatOfRobot/WebsiteTesting/v2/temp/students_html.txt</var>
<status status="PASS" start="2025-04-17T01:37:51.984483" elapsed="0.000955"/>
</iter>
<iter>
<kw name="Strip String" owner="String">
<msg time="2025-04-17T01:37:51.985673" level="INFO">${stripped} = Wrote CSS content to /Users/tanakrit/Documents/GitHub/RobotFramewokForIDE/NewFormatOfRobot/WebsiteTesting/v2/temp/students_css.txt</msg>
<var>${stripped}</var>
<arg>${line}</arg>
<doc>Remove leading and/or trailing whitespaces from the given string.</doc>
<status status="PASS" start="2025-04-17T01:37:51.985576" elapsed="0.000116"/>
</kw>
<if>
<branch type="IF" condition="&quot;${stripped}&quot; != &quot;${EMPTY}&quot;">
<if>
<branch type="IF" condition="$stripped.startswith(&quot;HTML_PATH:&quot;)">
<kw name="Set Variable" owner="BuiltIn">
<var>${html_path}</var>
<arg>${stripped.replace("HTML_PATH:", "")}</arg>
<doc>Returns the given values which can then be assigned to a variables.</doc>
<status status="NOT RUN" start="2025-04-17T01:37:51.986113" elapsed="0.000012"/>
</kw>
<status status="NOT RUN" start="2025-04-17T01:37:51.986020" elapsed="0.000125"/>
</branch>
<branch type="ELSE IF" condition="$stripped.startswith(&quot;CSS_PATH:&quot;)">
<kw name="Set Variable" owner="BuiltIn">
<var>${css_path}</var>
<arg>${stripped.replace("CSS_PATH:", "")}</arg>
<doc>Returns the given values which can then be assigned to a variables.</doc>
<status status="NOT RUN" start="2025-04-17T01:37:51.986247" elapsed="0.000010"/>
</kw>
<status status="NOT RUN" start="2025-04-17T01:37:51.986159" elapsed="0.000117"/>
</branch>
<branch type="ELSE IF" condition="$stripped.startswith(&quot;JS_PATH:&quot;)">
<kw name="Set Variable" owner="BuiltIn">
<var>${js_path}</var>
<arg>${stripped.replace("JS_PATH:", "")}</arg>
<doc>Returns the given values which can then be assigned to a variables.</doc>
<status status="NOT RUN" start="2025-04-17T01:37:51.986372" elapsed="0.000009"/>
</kw>
<status status="NOT RUN" start="2025-04-17T01:37:51.986288" elapsed="0.000110"/>
</branch>
<status status="PASS" start="2025-04-17T01:37:51.986012" elapsed="0.000398"/>
</if>
<status status="PASS" start="2025-04-17T01:37:51.985731" elapsed="0.000693"/>
</branch>
<status status="PASS" start="2025-04-17T01:37:51.985722" elapsed="0.000713"/>
</if>
<var name="${line}">Wrote CSS content to /Users/tanakrit/Documents/GitHub/RobotFramewokForIDE/NewFormatOfRobot/WebsiteTesting/v2/temp/students_css.txt</var>
<status status="PASS" start="2025-04-17T01:37:51.985531" elapsed="0.000916"/>
</iter>
<iter>
<kw name="Strip String" owner="String">
<msg time="2025-04-17T01:37:51.986679" level="INFO">${stripped} = Wrote JS content to /Users/tanakrit/Documents/GitHub/RobotFramewokForIDE/NewFormatOfRobot/WebsiteTesting/v2/temp/students_js.txt</msg>
<var>${stripped}</var>
<arg>${line}</arg>
<doc>Remove leading and/or trailing whitespaces from the given string.</doc>
<status status="PASS" start="2025-04-17T01:37:51.986589" elapsed="0.000106"/>
</kw>
<if>
<branch type="IF" condition="&quot;${stripped}&quot; != &quot;${EMPTY}&quot;">
<if>
<branch type="IF" condition="$stripped.startswith(&quot;HTML_PATH:&quot;)">
<kw name="Set Variable" owner="BuiltIn">
<var>${html_path}</var>
<arg>${stripped.replace("HTML_PATH:", "")}</arg>
<doc>Returns the given values which can then be assigned to a variables.</doc>
<status status="NOT RUN" start="2025-04-17T01:37:51.987100" elapsed="0.000010"/>
</kw>
<status status="NOT RUN" start="2025-04-17T01:37:51.987005" elapsed="0.000126"/>
</branch>
<branch type="ELSE IF" condition="$stripped.startswith(&quot;CSS_PATH:&quot;)">
<kw name="Set Variable" owner="BuiltIn">
<var>${css_path}</var>
<arg>${stripped.replace("CSS_PATH:", "")}</arg>
<doc>Returns the given values which can then be assigned to a variables.</doc>
<status status="NOT RUN" start="2025-04-17T01:37:51.987233" elapsed="0.000010"/>
</kw>
<status status="NOT RUN" start="2025-04-17T01:37:51.987145" elapsed="0.000155"/>
</branch>
<branch type="ELSE IF" condition="$stripped.startswith(&quot;JS_PATH:&quot;)">
<kw name="Set Variable" owner="BuiltIn">
<var>${js_path}</var>
<arg>${stripped.replace("JS_PATH:", "")}</arg>
<doc>Returns the given values which can then be assigned to a variables.</doc>
<status status="NOT RUN" start="2025-04-17T01:37:51.987399" elapsed="0.000009"/>
</kw>
<status status="NOT RUN" start="2025-04-17T01:37:51.987313" elapsed="0.000114"/>
</branch>
<status status="PASS" start="2025-04-17T01:37:51.986996" elapsed="0.000443"/>
</if>
<status status="PASS" start="2025-04-17T01:37:51.986733" elapsed="0.000720"/>
</branch>
<status status="PASS" start="2025-04-17T01:37:51.986724" elapsed="0.000740"/>
</if>
<var name="${line}">Wrote JS content to /Users/tanakrit/Documents/GitHub/RobotFramewokForIDE/NewFormatOfRobot/WebsiteTesting/v2/temp/students_js.txt</var>
<status status="PASS" start="2025-04-17T01:37:51.986545" elapsed="0.000932"/>
</iter>
<iter>
<kw name="Strip String" owner="String">
<msg time="2025-04-17T01:37:51.987703" level="INFO">${stripped} = Returning file paths: {'html_path': '/Users/tanakrit/Documents/GitHub/RobotFramewokForIDE/NewFormatOfRobot/WebsiteTesting/v2/temp/students_html.txt', 'css_path': '/Users/tanakrit/Documents/GitHub/Robo...</msg>
<var>${stripped}</var>
<arg>${line}</arg>
<doc>Remove leading and/or trailing whitespaces from the given string.</doc>
<status status="PASS" start="2025-04-17T01:37:51.987612" elapsed="0.000108"/>
</kw>
<if>
<branch type="IF" condition="&quot;${stripped}&quot; != &quot;${EMPTY}&quot;">
<if>
<branch type="IF" condition="$stripped.startswith(&quot;HTML_PATH:&quot;)">
<kw name="Set Variable" owner="BuiltIn">
<var>${html_path}</var>
<arg>${stripped.replace("HTML_PATH:", "")}</arg>
<doc>Returns the given values which can then be assigned to a variables.</doc>
<status status="NOT RUN" start="2025-04-17T01:37:51.988116" elapsed="0.000011"/>
</kw>
<status status="NOT RUN" start="2025-04-17T01:37:51.988025" elapsed="0.000124"/>
</branch>
<branch type="ELSE IF" condition="$stripped.startswith(&quot;CSS_PATH:&quot;)">
<kw name="Set Variable" owner="BuiltIn">
<var>${css_path}</var>
<arg>${stripped.replace("CSS_PATH:", "")}</arg>
<doc>Returns the given values which can then be assigned to a variables.</doc>
<status status="NOT RUN" start="2025-04-17T01:37:51.988248" elapsed="0.000010"/>
</kw>
<status status="NOT RUN" start="2025-04-17T01:37:51.988163" elapsed="0.000114"/>
</branch>
<branch type="ELSE IF" condition="$stripped.startswith(&quot;JS_PATH:&quot;)">
<kw name="Set Variable" owner="BuiltIn">
<var>${js_path}</var>
<arg>${stripped.replace("JS_PATH:", "")}</arg>
<doc>Returns the given values which can then be assigned to a variables.</doc>
<status status="NOT RUN" start="2025-04-17T01:37:51.988369" elapsed="0.000010"/>
</kw>
<status status="NOT RUN" start="2025-04-17T01:37:51.988290" elapsed="0.000106"/>
</branch>
<status status="PASS" start="2025-04-17T01:37:51.988017" elapsed="0.000391"/>
</if>
<status status="PASS" start="2025-04-17T01:37:51.987758" elapsed="0.000663"/>
</branch>
<status status="PASS" start="2025-04-17T01:37:51.987749" elapsed="0.000684"/>
</if>
<var name="${line}">Returning file paths: {'html_path': '/Users/tanakrit/Documents/GitHub/RobotFramewokForIDE/NewFormatOfRobot/WebsiteTesting/v2/temp/students_html.txt', 'css_path': '/Users/tanakrit/Documents/GitHub/Robo...</var>
<status status="PASS" start="2025-04-17T01:37:51.987567" elapsed="0.000878"/>
</iter>
<iter>
<kw name="Strip String" owner="String">
<msg time="2025-04-17T01:37:51.988675" level="INFO">${stripped} = HTML_PATH:/Users/tanakrit/Documents/GitHub/RobotFramewokForIDE/NewFormatOfRobot/WebsiteTesting/v2/temp/students_html.txt</msg>
<var>${stripped}</var>
<arg>${line}</arg>
<doc>Remove leading and/or trailing whitespaces from the given string.</doc>
<status status="PASS" start="2025-04-17T01:37:51.988587" elapsed="0.000107"/>
</kw>
<if>
<branch type="IF" condition="&quot;${stripped}&quot; != &quot;${EMPTY}&quot;">
<if>
<branch type="IF" condition="$stripped.startswith(&quot;HTML_PATH:&quot;)">
<kw name="Set Variable" owner="BuiltIn">
<msg time="2025-04-17T01:37:51.989357" level="INFO">${html_path} = /Users/tanakrit/Documents/GitHub/RobotFramewokForIDE/NewFormatOfRobot/WebsiteTesting/v2/temp/students_html.txt</msg>
<var>${html_path}</var>
<arg>${stripped.replace("HTML_PATH:", "")}</arg>
<doc>Returns the given values which can then be assigned to a variables.</doc>
<status status="PASS" start="2025-04-17T01:37:51.989093" elapsed="0.000280"/>
</kw>
<status status="PASS" start="2025-04-17T01:37:51.989001" elapsed="0.000395"/>
</branch>
<branch type="ELSE IF" condition="$stripped.startswith(&quot;CSS_PATH:&quot;)">
<kw name="Set Variable" owner="BuiltIn">
<var>${css_path}</var>
<arg>${stripped.replace("CSS_PATH:", "")}</arg>
<doc>Returns the given values which can then be assigned to a variables.</doc>
<status status="NOT RUN" start="2025-04-17T01:37:51.989466" elapsed="0.000011"/>
</kw>
<status status="NOT RUN" start="2025-04-17T01:37:51.989410" elapsed="0.000087"/>
</branch>
<branch type="ELSE IF" condition="$stripped.startswith(&quot;JS_PATH:&quot;)">
<kw name="Set Variable" owner="BuiltIn">
<var>${js_path}</var>
<arg>${stripped.replace("JS_PATH:", "")}</arg>
<doc>Returns the given values which can then be assigned to a variables.</doc>
<status status="NOT RUN" start="2025-04-17T01:37:51.989559" elapsed="0.000009"/>
</kw>
<status status="NOT RUN" start="2025-04-17T01:37:51.989510" elapsed="0.000075"/>
</branch>
<status status="PASS" start="2025-04-17T01:37:51.988993" elapsed="0.000603"/>
</if>
<status status="PASS" start="2025-04-17T01:37:51.988735" elapsed="0.000874"/>
</branch>
<status status="PASS" start="2025-04-17T01:37:51.988723" elapsed="0.000898"/>
</if>
<var name="${line}">HTML_PATH:/Users/tanakrit/Documents/GitHub/RobotFramewokForIDE/NewFormatOfRobot/WebsiteTesting/v2/temp/students_html.txt</var>
<status status="PASS" start="2025-04-17T01:37:51.988542" elapsed="0.001091"/>
</iter>
<iter>
<kw name="Strip String" owner="String">
<msg time="2025-04-17T01:37:51.989859" level="INFO">${stripped} = CSS_PATH:/Users/tanakrit/Documents/GitHub/RobotFramewokForIDE/NewFormatOfRobot/WebsiteTesting/v2/temp/students_css.txt</msg>
<var>${stripped}</var>
<arg>${line}</arg>
<doc>Remove leading and/or trailing whitespaces from the given string.</doc>
<status status="PASS" start="2025-04-17T01:37:51.989770" elapsed="0.000105"/>
</kw>
<if>
<branch type="IF" condition="&quot;${stripped}&quot; != &quot;${EMPTY}&quot;">
<if>
<branch type="IF" condition="$stripped.startswith(&quot;HTML_PATH:&quot;)">
<kw name="Set Variable" owner="BuiltIn">
<var>${html_path}</var>
<arg>${stripped.replace("HTML_PATH:", "")}</arg>
<doc>Returns the given values which can then be assigned to a variables.</doc>
<status status="NOT RUN" start="2025-04-17T01:37:51.990273" elapsed="0.000011"/>
</kw>
<status status="NOT RUN" start="2025-04-17T01:37:51.990182" elapsed="0.000123"/>
</branch>
<branch type="ELSE IF" condition="$stripped.startswith(&quot;CSS_PATH:&quot;)">
<kw name="Set Variable" owner="BuiltIn">
<msg time="2025-04-17T01:37:51.990661" level="INFO">${css_path} = /Users/tanakrit/Documents/GitHub/RobotFramewokForIDE/NewFormatOfRobot/WebsiteTesting/v2/temp/students_css.txt</msg>
<var>${css_path}</var>
<arg>${stripped.replace("CSS_PATH:", "")}</arg>
<doc>Returns the given values which can then be assigned to a variables.</doc>
<status status="PASS" start="2025-04-17T01:37:51.990404" elapsed="0.000273"/>
</kw>
<status status="PASS" start="2025-04-17T01:37:51.990318" elapsed="0.000380"/>
</branch>
<branch type="ELSE IF" condition="$stripped.startswith(&quot;JS_PATH:&quot;)">
<kw name="Set Variable" owner="BuiltIn">
<var>${js_path}</var>
<arg>${stripped.replace("JS_PATH:", "")}</arg>
<doc>Returns the given values which can then be assigned to a variables.</doc>
<status status="NOT RUN" start="2025-04-17T01:37:51.990765" elapsed="0.000010"/>
</kw>
<status status="NOT RUN" start="2025-04-17T01:37:51.990711" elapsed="0.000112"/>
</branch>
<status status="PASS" start="2025-04-17T01:37:51.990173" elapsed="0.000665"/>
</if>
<status status="PASS" start="2025-04-17T01:37:51.989914" elapsed="0.000939"/>
</branch>
<status status="PASS" start="2025-04-17T01:37:51.989905" elapsed="0.000959"/>
</if>
<var name="${line}">CSS_PATH:/Users/tanakrit/Documents/GitHub/RobotFramewokForIDE/NewFormatOfRobot/WebsiteTesting/v2/temp/students_css.txt</var>
<status status="PASS" start="2025-04-17T01:37:51.989724" elapsed="0.001152"/>
</iter>
<iter>
<kw name="Strip String" owner="String">
<msg time="2025-04-17T01:37:51.991100" level="INFO">${stripped} = JS_PATH:/Users/tanakrit/Documents/GitHub/RobotFramewokForIDE/NewFormatOfRobot/WebsiteTesting/v2/temp/students_js.txt</msg>
<var>${stripped}</var>
<arg>${line}</arg>
<doc>Remove leading and/or trailing whitespaces from the given string.</doc>
<status status="PASS" start="2025-04-17T01:37:51.991013" elapsed="0.000103"/>
</kw>
<if>
<branch type="IF" condition="&quot;${stripped}&quot; != &quot;${EMPTY}&quot;">
<if>
<branch type="IF" condition="$stripped.startswith(&quot;HTML_PATH:&quot;)">
<kw name="Set Variable" owner="BuiltIn">
<var>${html_path}</var>
<arg>${stripped.replace("HTML_PATH:", "")}</arg>
<doc>Returns the given values which can then be assigned to a variables.</doc>
<status status="NOT RUN" start="2025-04-17T01:37:51.991507" elapsed="0.000011"/>
</kw>
<status status="NOT RUN" start="2025-04-17T01:37:51.991415" elapsed="0.000124"/>
</branch>
<branch type="ELSE IF" condition="$stripped.startswith(&quot;CSS_PATH:&quot;)">
<kw name="Set Variable" owner="BuiltIn">
<var>${css_path}</var>
<arg>${stripped.replace("CSS_PATH:", "")}</arg>
<doc>Returns the given values which can then be assigned to a variables.</doc>
<status status="NOT RUN" start="2025-04-17T01:37:51.991639" elapsed="0.000010"/>
</kw>
<status status="NOT RUN" start="2025-04-17T01:37:51.991552" elapsed="0.000118"/>
</branch>
<branch type="ELSE IF" condition="$stripped.startswith(&quot;JS_PATH:&quot;)">
<kw name="Set Variable" owner="BuiltIn">
<msg time="2025-04-17T01:37:51.992016" level="INFO">${js_path} = /Users/tanakrit/Documents/GitHub/RobotFramewokForIDE/NewFormatOfRobot/WebsiteTesting/v2/temp/students_js.txt</msg>
<var>${js_path}</var>
<arg>${stripped.replace("JS_PATH:", "")}</arg>
<doc>Returns the given values which can then be assigned to a variables.</doc>
<status status="PASS" start="2025-04-17T01:37:51.991766" elapsed="0.000266"/>
</kw>
<status status="PASS" start="2025-04-17T01:37:51.991682" elapsed="0.000370"/>
</branch>
<status status="PASS" start="2025-04-17T01:37:51.991407" elapsed="0.000658"/>
</if>
<status status="PASS" start="2025-04-17T01:37:51.991154" elapsed="0.000924"/>
</branch>
<status status="PASS" start="2025-04-17T01:37:51.991145" elapsed="0.000943"/>
</if>
<var name="${line}">JS_PATH:/Users/tanakrit/Documents/GitHub/RobotFramewokForIDE/NewFormatOfRobot/WebsiteTesting/v2/temp/students_js.txt</var>
<status status="PASS" start="2025-04-17T01:37:51.990968" elapsed="0.001132"/>
</iter>
<var>${line}</var>
<value>@{lines}</value>
<status status="PASS" start="2025-04-17T01:37:51.979836" elapsed="0.012280"/>
</for>
<kw name="Create Dictionary" owner="BuiltIn">
<msg time="2025-04-17T01:37:51.992485" level="INFO">${paths} = {'html_path': '/Users/tanakrit/Documents/GitHub/RobotFramewokForIDE/NewFormatOfRobot/WebsiteTesting/v2/temp/students_html.txt', 'css_path': '/Users/tanakrit/Documents/GitHub/RobotFramewokForIDE/NewFor...</msg>
<var>${paths}</var>
<arg>html_path=${html_path}</arg>
<arg>css_path=${css_path}</arg>
<arg>js_path=${js_path}</arg>
<doc>Creates and returns a dictionary based on the given ``items``.</doc>
<status status="PASS" start="2025-04-17T01:37:51.992193" elapsed="0.000309"/>
</kw>
<return>
<value>${paths}</value>
<status status="PASS" start="2025-04-17T01:37:51.992546" elapsed="0.000046"/>
</return>
<msg time="2025-04-17T01:37:51.992687" level="INFO">${student_paths} = {'html_path': '/Users/tanakrit/Documents/GitHub/RobotFramewokForIDE/NewFormatOfRobot/WebsiteTesting/v2/temp/students_html.txt', 'css_path': '/Users/tanakrit/Documents/GitHub/RobotFramewokForIDE/NewFor...</msg>
<var>${student_paths}</var>
<arg>${STUDENTS_JSON}</arg>
<status status="PASS" start="2025-04-17T01:37:51.936821" elapsed="0.055881"/>
</kw>
<kw name="Extract JSON Files">
<kw name="Log" owner="BuiltIn">
<msg time="2025-04-17T01:37:51.993234" level="INFO">Extracting JSON from /Users/tanakrit/Documents/GitHub/RobotFramewokForIDE/NewFormatOfRobot/WebsiteTesting/v2/teachers.json...</msg>
<arg>Extracting JSON from ${file_path}...</arg>
<doc>Logs the given message with the given level.</doc>
<status status="PASS" start="2025-04-17T01:37:51.993155" elapsed="0.000108"/>
</kw>
<kw name="Run Process" owner="Process">
<msg time="2025-04-17T01:37:51.993530" level="INFO">Starting process:
python /Users/tanakrit/Documents/GitHub/RobotFramewokForIDE/NewFormatOfRobot/WebsiteTesting/v2/json_helper.py extract /Users/tanakrit/Documents/GitHub/RobotFramewokForIDE/NewFormatOfRobot/WebsiteTesting/v2/teachers.json</msg>
<msg time="2025-04-17T01:37:51.995962" level="INFO">Waiting for process to complete.</msg>
<msg time="2025-04-17T01:37:52.030890" level="INFO">Process completed.</msg>
<msg time="2025-04-17T01:37:52.031137" level="INFO">${result} = &lt;result object with rc 0&gt;</msg>
<var>${result}</var>
<arg>python</arg>
<arg>${HELPER_SCRIPT}</arg>
<arg>extract</arg>
<arg>${file_path}</arg>
<arg>stderr=STDOUT</arg>
<doc>Runs a process and waits for it to complete.</doc>
<status status="PASS" start="2025-04-17T01:37:51.993326" elapsed="0.037839"/>
</kw>
<kw name="Log" owner="BuiltIn">
<msg time="2025-04-17T01:37:52.032024" level="INFO">Process output: Starting to process file: /Users/tanakrit/Documents/GitHub/RobotFramewokForIDE/NewFormatOfRobot/WebsiteTesting/v2/teachers.json
Successfully loaded JSON from /Users/tanakrit/Documents/GitHub/RobotFramewokForIDE/NewFormatOfRobot/WebsiteTesting/v2/teachers.json
Successfully extracted HTML, CSS, and JS content
Created/confirmed temp directory: /Users/tanakrit/Documents/GitHub/RobotFramewokForIDE/NewFormatOfRobot/WebsiteTesting/v2/temp
Wrote HTML content to /Users/tanakrit/Documents/GitHub/RobotFramewokForIDE/NewFormatOfRobot/WebsiteTesting/v2/temp/teachers_html.txt
Wrote CSS content to /Users/tanakrit/Documents/GitHub/RobotFramewokForIDE/NewFormatOfRobot/WebsiteTesting/v2/temp/teachers_css.txt
Wrote JS content to /Users/tanakrit/Documents/GitHub/RobotFramewokForIDE/NewFormatOfRobot/WebsiteTesting/v2/temp/teachers_js.txt
Returning file paths: {'html_path': '/Users/tanakrit/Documents/GitHub/RobotFramewokForIDE/NewFormatOfRobot/WebsiteTesting/v2/temp/teachers_html.txt', 'css_path': '/Users/tanakrit/Documents/GitHub/RobotFramewokForIDE/NewFormatOfRobot/WebsiteTesting/v2/temp/teachers_css.txt', 'js_path': '/Users/tanakrit/Documents/GitHub/RobotFramewokForIDE/NewFormatOfRobot/WebsiteTesting/v2/temp/teachers_js.txt'}
HTML_PATH:/Users/tanakrit/Documents/GitHub/RobotFramewokForIDE/NewFormatOfRobot/WebsiteTesting/v2/temp/teachers_html.txt
CSS_PATH:/Users/tanakrit/Documents/GitHub/RobotFramewokForIDE/NewFormatOfRobot/WebsiteTesting/v2/temp/teachers_css.txt
JS_PATH:/Users/tanakrit/Documents/GitHub/RobotFramewokForIDE/NewFormatOfRobot/WebsiteTesting/v2/temp/teachers_js.txt</msg>
<arg>Process output: ${result.stdout}</arg>
<doc>Logs the given message with the given level.</doc>
<status status="PASS" start="2025-04-17T01:37:52.031469" elapsed="0.000604"/>
</kw>
<kw name="Set Variable" owner="BuiltIn">
<msg time="2025-04-17T01:37:52.032504" level="INFO">${rc} = 0</msg>
<var>${rc}</var>
<arg>${result.rc}</arg>
<doc>Returns the given values which can then be assigned to a variables.</doc>
<status status="PASS" start="2025-04-17T01:37:52.032169" elapsed="0.000352"/>
</kw>
<kw name="Log" owner="BuiltIn">
<msg time="2025-04-17T01:37:52.032680" level="INFO">Process return code: 0</msg>
<arg>Process return code: ${rc}</arg>
<doc>Logs the given message with the given level.</doc>
<status status="PASS" start="2025-04-17T01:37:52.032597" elapsed="0.000108"/>
</kw>
<kw name="Run Keyword If" owner="BuiltIn">
<arg>${rc} != 0</arg>
<arg>Log</arg>
<arg>Error extracting data: ${result.stdout}</arg>
<arg>WARN</arg>
<doc>Runs the given keyword with the given arguments, if ``condition`` is true.</doc>
<status status="PASS" start="2025-04-17T01:37:52.032790" elapsed="0.000155"/>
</kw>
<kw name="Should Be Equal As Integers" owner="BuiltIn">
<msg time="2025-04-17T01:37:52.033368" level="INFO">Argument types are:
&lt;class 'int'&gt;
&lt;class 'str'&gt;</msg>
<arg>${rc}</arg>
<arg>0</arg>
<arg>Failed to extract data from ${file_path}: ${result.stdout}</arg>
<doc>Fails if objects are unequal after converting them to integers.</doc>
<status status="PASS" start="2025-04-17T01:37:52.033017" elapsed="0.000393"/>
</kw>
<kw name="Split To Lines" owner="String">
<msg time="2025-04-17T01:37:52.033741" level="INFO">11 lines returned</msg>
<msg time="2025-04-17T01:37:52.033791" level="INFO">${lines} = ['Starting to process file: /Users/tanakrit/Documents/GitHub/RobotFramewokForIDE/NewFormatOfRobot/WebsiteTesting/v2/teachers.json', 'Successfully loaded JSON from /Users/tanakrit/Documents/GitHub/Robo...</msg>
<var>${lines}</var>
<arg>${result.stdout}</arg>
<doc>Splits the given string to lines.</doc>
<status status="PASS" start="2025-04-17T01:37:52.033488" elapsed="0.000318"/>
</kw>
<kw name="Set Variable" owner="BuiltIn">
<msg time="2025-04-17T01:37:52.034125" level="INFO">${html_path} = </msg>
<var>${html_path}</var>
<arg>${EMPTY}</arg>
<doc>Returns the given values which can then be assigned to a variables.</doc>
<status status="PASS" start="2025-04-17T01:37:52.033875" elapsed="0.000266"/>
</kw>
<kw name="Set Variable" owner="BuiltIn">
<msg time="2025-04-17T01:37:52.034441" level="INFO">${css_path} = </msg>
<var>${css_path}</var>
<arg>${EMPTY}</arg>
<doc>Returns the given values which can then be assigned to a variables.</doc>
<status status="PASS" start="2025-04-17T01:37:52.034202" elapsed="0.000254"/>
</kw>
<kw name="Set Variable" owner="BuiltIn">
<msg time="2025-04-17T01:37:52.034761" level="INFO">${js_path} = </msg>
<var>${js_path}</var>
<arg>${EMPTY}</arg>
<doc>Returns the given values which can then be assigned to a variables.</doc>
<status status="PASS" start="2025-04-17T01:37:52.034520" elapsed="0.000256"/>
</kw>
<for flavor="IN">
<iter>
<kw name="Strip String" owner="String">
<msg time="2025-04-17T01:37:52.035185" level="INFO">${stripped} = Starting to process file: /Users/tanakrit/Documents/GitHub/RobotFramewokForIDE/NewFormatOfRobot/WebsiteTesting/v2/teachers.json</msg>
<var>${stripped}</var>
<arg>${line}</arg>
<doc>Remove leading and/or trailing whitespaces from the given string.</doc>
<status status="PASS" start="2025-04-17T01:37:52.035084" elapsed="0.000117"/>
</kw>
<if>
<branch type="IF" condition="&quot;${stripped}&quot; != &quot;${EMPTY}&quot;">
<if>
<branch type="IF" condition="$stripped.startswith(&quot;HTML_PATH:&quot;)">
<kw name="Set Variable" owner="BuiltIn">
<var>${html_path}</var>
<arg>${stripped.replace("HTML_PATH:", "")}</arg>
<doc>Returns the given values which can then be assigned to a variables.</doc>
<status status="NOT RUN" start="2025-04-17T01:37:52.035669" elapsed="0.000011"/>
</kw>
<status status="NOT RUN" start="2025-04-17T01:37:52.035532" elapsed="0.000170"/>
</branch>
<branch type="ELSE IF" condition="$stripped.startswith(&quot;CSS_PATH:&quot;)">
<kw name="Set Variable" owner="BuiltIn">
<var>${css_path}</var>
<arg>${stripped.replace("CSS_PATH:", "")}</arg>
<doc>Returns the given values which can then be assigned to a variables.</doc>
<status status="NOT RUN" start="2025-04-17T01:37:52.035812" elapsed="0.000010"/>
</kw>
<status status="NOT RUN" start="2025-04-17T01:37:52.035718" elapsed="0.000124"/>
</branch>
<branch type="ELSE IF" condition="$stripped.startswith(&quot;JS_PATH:&quot;)">
<kw name="Set Variable" owner="BuiltIn">
<var>${js_path}</var>
<arg>${stripped.replace("JS_PATH:", "")}</arg>
<doc>Returns the given values which can then be assigned to a variables.</doc>
<status status="NOT RUN" start="2025-04-17T01:37:52.035940" elapsed="0.000009"/>
</kw>
<status status="NOT RUN" start="2025-04-17T01:37:52.035856" elapsed="0.000112"/>
</branch>
<status status="PASS" start="2025-04-17T01:37:52.035523" elapsed="0.000457"/>
</if>
<status status="PASS" start="2025-04-17T01:37:52.035250" elapsed="0.000746"/>
</branch>
<status status="PASS" start="2025-04-17T01:37:52.035238" elapsed="0.000770"/>
</if>
<var name="${line}">Starting to process file: /Users/tanakrit/Documents/GitHub/RobotFramewokForIDE/NewFormatOfRobot/WebsiteTesting/v2/teachers.json</var>
<status status="PASS" start="2025-04-17T01:37:52.035031" elapsed="0.000989"/>
</iter>
<iter>
<kw name="Strip String" owner="String">
<msg time="2025-04-17T01:37:52.036671" level="INFO">${stripped} = Successfully loaded JSON from /Users/tanakrit/Documents/GitHub/RobotFramewokForIDE/NewFormatOfRobot/WebsiteTesting/v2/teachers.json</msg>
<var>${stripped}</var>
<arg>${line}</arg>
<doc>Remove leading and/or trailing whitespaces from the given string.</doc>
<status status="PASS" start="2025-04-17T01:37:52.036581" elapsed="0.000107"/>
</kw>
<if>
<branch type="IF" condition="&quot;${stripped}&quot; != &quot;${EMPTY}&quot;">
<if>
<branch type="IF" condition="$stripped.startswith(&quot;HTML_PATH:&quot;)">
<kw name="Set Variable" owner="BuiltIn">
<var>${html_path}</var>
<arg>${stripped.replace("HTML_PATH:", "")}</arg>
<doc>Returns the given values which can then be assigned to a variables.</doc>
<status status="NOT RUN" start="2025-04-17T01:37:52.037099" elapsed="0.000011"/>
</kw>
<status status="NOT RUN" start="2025-04-17T01:37:52.037002" elapsed="0.000130"/>
</branch>
<branch type="ELSE IF" condition="$stripped.startswith(&quot;CSS_PATH:&quot;)">
<kw name="Set Variable" owner="BuiltIn">
<var>${css_path}</var>
<arg>${stripped.replace("CSS_PATH:", "")}</arg>
<doc>Returns the given values which can then be assigned to a variables.</doc>
<status status="NOT RUN" start="2025-04-17T01:37:52.037235" elapsed="0.000011"/>
</kw>
<status status="NOT RUN" start="2025-04-17T01:37:52.037146" elapsed="0.000120"/>
</branch>
<branch type="ELSE IF" condition="$stripped.startswith(&quot;JS_PATH:&quot;)">
<kw name="Set Variable" owner="BuiltIn">
<var>${js_path}</var>
<arg>${stripped.replace("JS_PATH:", "")}</arg>
<doc>Returns the given values which can then be assigned to a variables.</doc>
<status status="NOT RUN" start="2025-04-17T01:37:52.037359" elapsed="0.000009"/>
</kw>
<status status="NOT RUN" start="2025-04-17T01:37:52.037279" elapsed="0.000107"/>
</branch>
<status status="PASS" start="2025-04-17T01:37:52.036994" elapsed="0.000404"/>
</if>
<status status="PASS" start="2025-04-17T01:37:52.036729" elapsed="0.000682"/>
</branch>
<status status="PASS" start="2025-04-17T01:37:52.036719" elapsed="0.000704"/>
</if>
<var name="${line}">Successfully loaded JSON from /Users/tanakrit/Documents/GitHub/RobotFramewokForIDE/NewFormatOfRobot/WebsiteTesting/v2/teachers.json</var>
<status status="PASS" start="2025-04-17T01:37:52.036531" elapsed="0.000904"/>
</iter>
<iter>
<kw name="Strip String" owner="String">
<msg time="2025-04-17T01:37:52.037671" level="INFO">${stripped} = Successfully extracted HTML, CSS, and JS content</msg>
<var>${stripped}</var>
<arg>${line}</arg>
<doc>Remove leading and/or trailing whitespaces from the given string.</doc>
<status status="PASS" start="2025-04-17T01:37:52.037584" elapsed="0.000102"/>
</kw>
<if>
<branch type="IF" condition="&quot;${stripped}&quot; != &quot;${EMPTY}&quot;">
<if>
<branch type="IF" condition="$stripped.startswith(&quot;HTML_PATH:&quot;)">
<kw name="Set Variable" owner="BuiltIn">
<var>${html_path}</var>
<arg>${stripped.replace("HTML_PATH:", "")}</arg>
<doc>Returns the given values which can then be assigned to a variables.</doc>
<status status="NOT RUN" start="2025-04-17T01:37:52.038083" elapsed="0.000012"/>
</kw>
<status status="NOT RUN" start="2025-04-17T01:37:52.037990" elapsed="0.000127"/>
</branch>
<branch type="ELSE IF" condition="$stripped.startswith(&quot;CSS_PATH:&quot;)">
<kw name="Set Variable" owner="BuiltIn">
<var>${css_path}</var>
<arg>${stripped.replace("CSS_PATH:", "")}</arg>
<doc>Returns the given values which can then be assigned to a variables.</doc>
<status status="NOT RUN" start="2025-04-17T01:37:52.038223" elapsed="0.000010"/>
</kw>
<status status="NOT RUN" start="2025-04-17T01:37:52.038131" elapsed="0.000158"/>
</branch>
<branch type="ELSE IF" condition="$stripped.startswith(&quot;JS_PATH:&quot;)">
<kw name="Set Variable" owner="BuiltIn">
<var>${js_path}</var>
<arg>${stripped.replace("JS_PATH:", "")}</arg>
<doc>Returns the given values which can then be assigned to a variables.</doc>
<status status="NOT RUN" start="2025-04-17T01:37:52.038385" elapsed="0.000009"/>
</kw>
<status status="NOT RUN" start="2025-04-17T01:37:52.038303" elapsed="0.000110"/>
</branch>
<status status="PASS" start="2025-04-17T01:37:52.037981" elapsed="0.000443"/>
</if>
<status status="PASS" start="2025-04-17T01:37:52.037725" elapsed="0.000713"/>
</branch>
<status status="PASS" start="2025-04-17T01:37:52.037715" elapsed="0.000736"/>
</if>
<var name="${line}">Successfully extracted HTML, CSS, and JS content</var>
<status status="PASS" start="2025-04-17T01:37:52.037536" elapsed="0.000926"/>
</iter>
<iter>
<kw name="Strip String" owner="String">
<msg time="2025-04-17T01:37:52.038685" level="INFO">${stripped} = Created/confirmed temp directory: /Users/tanakrit/Documents/GitHub/RobotFramewokForIDE/NewFormatOfRobot/WebsiteTesting/v2/temp</msg>
<var>${stripped}</var>
<arg>${line}</arg>
<doc>Remove leading and/or trailing whitespaces from the given string.</doc>
<status status="PASS" start="2025-04-17T01:37:52.038600" elapsed="0.000101"/>
</kw>
<if>
<branch type="IF" condition="&quot;${stripped}&quot; != &quot;${EMPTY}&quot;">
<if>
<branch type="IF" condition="$stripped.startswith(&quot;HTML_PATH:&quot;)">
<kw name="Set Variable" owner="BuiltIn">
<var>${html_path}</var>
<arg>${stripped.replace("HTML_PATH:", "")}</arg>
<doc>Returns the given values which can then be assigned to a variables.</doc>
<status status="NOT RUN" start="2025-04-17T01:37:52.039090" elapsed="0.000011"/>
</kw>
<status status="NOT RUN" start="2025-04-17T01:37:52.039000" elapsed="0.000122"/>
</branch>
<branch type="ELSE IF" condition="$stripped.startswith(&quot;CSS_PATH:&quot;)">
<kw name="Set Variable" owner="BuiltIn">
<var>${css_path}</var>
<arg>${stripped.replace("CSS_PATH:", "")}</arg>
<doc>Returns the given values which can then be assigned to a variables.</doc>
<status status="NOT RUN" start="2025-04-17T01:37:52.039221" elapsed="0.000010"/>
</kw>
<status status="NOT RUN" start="2025-04-17T01:37:52.039135" elapsed="0.000115"/>
</branch>
<branch type="ELSE IF" condition="$stripped.startswith(&quot;JS_PATH:&quot;)">
<kw name="Set Variable" owner="BuiltIn">
<var>${js_path}</var>
<arg>${stripped.replace("JS_PATH:", "")}</arg>
<doc>Returns the given values which can then be assigned to a variables.</doc>
<status status="NOT RUN" start="2025-04-17T01:37:52.039343" elapsed="0.000009"/>
</kw>
<status status="NOT RUN" start="2025-04-17T01:37:52.039263" elapsed="0.000107"/>
</branch>
<status status="PASS" start="2025-04-17T01:37:52.038991" elapsed="0.000390"/>
</if>
<status status="PASS" start="2025-04-17T01:37:52.038739" elapsed="0.000655"/>
</branch>
<status status="PASS" start="2025-04-17T01:37:52.038730" elapsed="0.000675"/>
</if>
<var name="${line}">Created/confirmed temp directory: /Users/tanakrit/Documents/GitHub/RobotFramewokForIDE/NewFormatOfRobot/WebsiteTesting/v2/temp</var>
<status status="PASS" start="2025-04-17T01:37:52.038555" elapsed="0.000862"/>
</iter>
<iter>
<kw name="Strip String" owner="String">
<msg time="2025-04-17T01:37:52.039637" level="INFO">${stripped} = Wrote HTML content to /Users/tanakrit/Documents/GitHub/RobotFramewokForIDE/NewFormatOfRobot/WebsiteTesting/v2/temp/teachers_html.txt</msg>
<var>${stripped}</var>
<arg>${line}</arg>
<doc>Remove leading and/or trailing whitespaces from the given string.</doc>
<status status="PASS" start="2025-04-17T01:37:52.039551" elapsed="0.000101"/>
</kw>
<if>
<branch type="IF" condition="&quot;${stripped}&quot; != &quot;${EMPTY}&quot;">
<if>
<branch type="IF" condition="$stripped.startswith(&quot;HTML_PATH:&quot;)">
<kw name="Set Variable" owner="BuiltIn">
<var>${html_path}</var>
<arg>${stripped.replace("HTML_PATH:", "")}</arg>
<doc>Returns the given values which can then be assigned to a variables.</doc>
<status status="NOT RUN" start="2025-04-17T01:37:52.040042" elapsed="0.000011"/>
</kw>
<status status="NOT RUN" start="2025-04-17T01:37:52.039953" elapsed="0.000122"/>
</branch>
<branch type="ELSE IF" condition="$stripped.startswith(&quot;CSS_PATH:&quot;)">
<kw name="Set Variable" owner="BuiltIn">
<var>${css_path}</var>
<arg>${stripped.replace("CSS_PATH:", "")}</arg>
<doc>Returns the given values which can then be assigned to a variables.</doc>
<status status="NOT RUN" start="2025-04-17T01:37:52.040174" elapsed="0.000010"/>
</kw>
<status status="NOT RUN" start="2025-04-17T01:37:52.040088" elapsed="0.000115"/>
</branch>
<branch type="ELSE IF" condition="$stripped.startswith(&quot;JS_PATH:&quot;)">
<kw name="Set Variable" owner="BuiltIn">
<var>${js_path}</var>
<arg>${stripped.replace("JS_PATH:", "")}</arg>
<doc>Returns the given values which can then be assigned to a variables.</doc>
<status status="NOT RUN" start="2025-04-17T01:37:52.040294" elapsed="0.000009"/>
</kw>
<status status="NOT RUN" start="2025-04-17T01:37:52.040215" elapsed="0.000105"/>
</branch>
<status status="PASS" start="2025-04-17T01:37:52.039944" elapsed="0.000388"/>
</if>
<status status="PASS" start="2025-04-17T01:37:52.039690" elapsed="0.000655"/>
</branch>
<status status="PASS" start="2025-04-17T01:37:52.039681" elapsed="0.000675"/>
</if>
<var name="${line}">Wrote HTML content to /Users/tanakrit/Documents/GitHub/RobotFramewokForIDE/NewFormatOfRobot/WebsiteTesting/v2/temp/teachers_html.txt</var>
<status status="PASS" start="2025-04-17T01:37:52.039507" elapsed="0.000860"/>
</iter>
<iter>
<kw name="Strip String" owner="String">
<msg time="2025-04-17T01:37:52.040584" level="INFO">${stripped} = Wrote CSS content to /Users/tanakrit/Documents/GitHub/RobotFramewokForIDE/NewFormatOfRobot/WebsiteTesting/v2/temp/teachers_css.txt</msg>
<var>${stripped}</var>
<arg>${line}</arg>
<doc>Remove leading and/or trailing whitespaces from the given string.</doc>
<status status="PASS" start="2025-04-17T01:37:52.040501" elapsed="0.000099"/>
</kw>
<if>
<branch type="IF" condition="&quot;${stripped}&quot; != &quot;${EMPTY}&quot;">
<if>
<branch type="IF" condition="$stripped.startswith(&quot;HTML_PATH:&quot;)">
<kw name="Set Variable" owner="BuiltIn">
<var>${html_path}</var>
<arg>${stripped.replace("HTML_PATH:", "")}</arg>
<doc>Returns the given values which can then be assigned to a variables.</doc>
<status status="NOT RUN" start="2025-04-17T01:37:52.040988" elapsed="0.000011"/>
</kw>
<status status="NOT RUN" start="2025-04-17T01:37:52.040899" elapsed="0.000121"/>
</branch>
<branch type="ELSE IF" condition="$stripped.startswith(&quot;CSS_PATH:&quot;)">
<kw name="Set Variable" owner="BuiltIn">
<var>${css_path}</var>
<arg>${stripped.replace("CSS_PATH:", "")}</arg>
<doc>Returns the given values which can then be assigned to a variables.</doc>
<status status="NOT RUN" start="2025-04-17T01:37:52.041118" elapsed="0.000010"/>
</kw>
<status status="NOT RUN" start="2025-04-17T01:37:52.041033" elapsed="0.000114"/>
</branch>
<branch type="ELSE IF" condition="$stripped.startswith(&quot;JS_PATH:&quot;)">
<kw name="Set Variable" owner="BuiltIn">
<var>${js_path}</var>
<arg>${stripped.replace("JS_PATH:", "")}</arg>
<doc>Returns the given values which can then be assigned to a variables.</doc>
<status status="NOT RUN" start="2025-04-17T01:37:52.041237" elapsed="0.000009"/>
</kw>
<status status="NOT RUN" start="2025-04-17T01:37:52.041158" elapsed="0.000105"/>
</branch>
<status status="PASS" start="2025-04-17T01:37:52.040891" elapsed="0.000383"/>
</if>
<status status="PASS" start="2025-04-17T01:37:52.040637" elapsed="0.000651"/>
</branch>
<status status="PASS" start="2025-04-17T01:37:52.040627" elapsed="0.000672"/>
</if>
<var name="${line}">Wrote CSS content to /Users/tanakrit/Documents/GitHub/RobotFramewokForIDE/NewFormatOfRobot/WebsiteTesting/v2/temp/teachers_css.txt</var>
<status status="PASS" start="2025-04-17T01:37:52.040458" elapsed="0.000853"/>
</iter>
<iter>
<kw name="Strip String" owner="String">
<msg time="2025-04-17T01:37:52.041561" level="INFO">${stripped} = Wrote JS content to /Users/tanakrit/Documents/GitHub/RobotFramewokForIDE/NewFormatOfRobot/WebsiteTesting/v2/temp/teachers_js.txt</msg>
<var>${stripped}</var>
<arg>${line}</arg>
<doc>Remove leading and/or trailing whitespaces from the given string.</doc>
<status status="PASS" start="2025-04-17T01:37:52.041474" elapsed="0.000103"/>
</kw>
<if>
<branch type="IF" condition="&quot;${stripped}&quot; != &quot;${EMPTY}&quot;">
<if>
<branch type="IF" condition="$stripped.startswith(&quot;HTML_PATH:&quot;)">
<kw name="Set Variable" owner="BuiltIn">
<var>${html_path}</var>
<arg>${stripped.replace("HTML_PATH:", "")}</arg>
<doc>Returns the given values which can then be assigned to a variables.</doc>
<status status="NOT RUN" start="2025-04-17T01:37:52.041961" elapsed="0.000011"/>
</kw>
<status status="NOT RUN" start="2025-04-17T01:37:52.041872" elapsed="0.000120"/>
</branch>
<branch type="ELSE IF" condition="$stripped.startswith(&quot;CSS_PATH:&quot;)">
<kw name="Set Variable" owner="BuiltIn">
<var>${css_path}</var>
<arg>${stripped.replace("CSS_PATH:", "")}</arg>
<doc>Returns the given values which can then be assigned to a variables.</doc>
<status status="NOT RUN" start="2025-04-17T01:37:52.042091" elapsed="0.000010"/>
</kw>
<status status="NOT RUN" start="2025-04-17T01:37:52.042006" elapsed="0.000114"/>
</branch>
<branch type="ELSE IF" condition="$stripped.startswith(&quot;JS_PATH:&quot;)">
<kw name="Set Variable" owner="BuiltIn">
<var>${js_path}</var>
<arg>${stripped.replace("JS_PATH:", "")}</arg>
<doc>Returns the given values which can then be assigned to a variables.</doc>
<status status="NOT RUN" start="2025-04-17T01:37:52.042212" elapsed="0.000009"/>
</kw>
<status status="NOT RUN" start="2025-04-17T01:37:52.042132" elapsed="0.000107"/>
</branch>
<status status="PASS" start="2025-04-17T01:37:52.041863" elapsed="0.000388"/>
</if>
<status status="PASS" start="2025-04-17T01:37:52.041616" elapsed="0.000648"/>
</branch>
<status status="PASS" start="2025-04-17T01:37:52.041607" elapsed="0.000669"/>
</if>
<var name="${line}">Wrote JS content to /Users/tanakrit/Documents/GitHub/RobotFramewokForIDE/NewFormatOfRobot/WebsiteTesting/v2/temp/teachers_js.txt</var>
<status status="PASS" start="2025-04-17T01:37:52.041402" elapsed="0.000887"/>
</iter>
<iter>
<kw name="Strip String" owner="String">
<msg time="2025-04-17T01:37:52.042508" level="INFO">${stripped} = Returning file paths: {'html_path': '/Users/tanakrit/Documents/GitHub/RobotFramewokForIDE/NewFormatOfRobot/WebsiteTesting/v2/temp/teachers_html.txt', 'css_path': '/Users/tanakrit/Documents/GitHub/Robo...</msg>
<var>${stripped}</var>
<arg>${line}</arg>
<doc>Remove leading and/or trailing whitespaces from the given string.</doc>
<status status="PASS" start="2025-04-17T01:37:52.042424" elapsed="0.000100"/>
</kw>
<if>
<branch type="IF" condition="&quot;${stripped}&quot; != &quot;${EMPTY}&quot;">
<if>
<branch type="IF" condition="$stripped.startswith(&quot;HTML_PATH:&quot;)">
<kw name="Set Variable" owner="BuiltIn">
<var>${html_path}</var>
<arg>${stripped.replace("HTML_PATH:", "")}</arg>
<doc>Returns the given values which can then be assigned to a variables.</doc>
<status status="NOT RUN" start="2025-04-17T01:37:52.042906" elapsed="0.000010"/>
</kw>
<status status="NOT RUN" start="2025-04-17T01:37:52.042819" elapsed="0.000118"/>
</branch>
<branch type="ELSE IF" condition="$stripped.startswith(&quot;CSS_PATH:&quot;)">
<kw name="Set Variable" owner="BuiltIn">
<var>${css_path}</var>
<arg>${stripped.replace("CSS_PATH:", "")}</arg>
<doc>Returns the given values which can then be assigned to a variables.</doc>
<status status="NOT RUN" start="2025-04-17T01:37:52.043036" elapsed="0.000010"/>
</kw>
<status status="NOT RUN" start="2025-04-17T01:37:52.042951" elapsed="0.000114"/>
</branch>
<branch type="ELSE IF" condition="$stripped.startswith(&quot;JS_PATH:&quot;)">
<kw name="Set Variable" owner="BuiltIn">
<var>${js_path}</var>
<arg>${stripped.replace("JS_PATH:", "")}</arg>
<doc>Returns the given values which can then be assigned to a variables.</doc>
<status status="NOT RUN" start="2025-04-17T01:37:52.043156" elapsed="0.000010"/>
</kw>
<status status="NOT RUN" start="2025-04-17T01:37:52.043077" elapsed="0.000106"/>
</branch>
<status status="PASS" start="2025-04-17T01:37:52.042811" elapsed="0.000384"/>
</if>
<status status="PASS" start="2025-04-17T01:37:52.042561" elapsed="0.000646"/>
</branch>
<status status="PASS" start="2025-04-17T01:37:52.042552" elapsed="0.000666"/>
</if>
<var name="${line}">Returning file paths: {'html_path': '/Users/tanakrit/Documents/GitHub/RobotFramewokForIDE/NewFormatOfRobot/WebsiteTesting/v2/temp/teachers_html.txt', 'css_path': '/Users/tanakrit/Documents/GitHub/Robo...</var>
<status status="PASS" start="2025-04-17T01:37:52.042379" elapsed="0.000851"/>
</iter>
<iter>
<kw name="Strip String" owner="String">
<msg time="2025-04-17T01:37:52.043446" level="INFO">${stripped} = HTML_PATH:/Users/tanakrit/Documents/GitHub/RobotFramewokForIDE/NewFormatOfRobot/WebsiteTesting/v2/temp/teachers_html.txt</msg>
<var>${stripped}</var>
<arg>${line}</arg>
<doc>Remove leading and/or trailing whitespaces from the given string.</doc>
<status status="PASS" start="2025-04-17T01:37:52.043363" elapsed="0.000098"/>
</kw>
<if>
<branch type="IF" condition="&quot;${stripped}&quot; != &quot;${EMPTY}&quot;">
<if>
<branch type="IF" condition="$stripped.startswith(&quot;HTML_PATH:&quot;)">
<kw name="Set Variable" owner="BuiltIn">
<msg time="2025-04-17T01:37:52.044098" level="INFO">${html_path} = /Users/tanakrit/Documents/GitHub/RobotFramewokForIDE/NewFormatOfRobot/WebsiteTesting/v2/temp/teachers_html.txt</msg>
<var>${html_path}</var>
<arg>${stripped.replace("HTML_PATH:", "")}</arg>
<doc>Returns the given values which can then be assigned to a variables.</doc>
<status status="PASS" start="2025-04-17T01:37:52.043846" elapsed="0.000268"/>
</kw>
<status status="PASS" start="2025-04-17T01:37:52.043758" elapsed="0.000377"/>
</branch>
<branch type="ELSE IF" condition="$stripped.startswith(&quot;CSS_PATH:&quot;)">
<kw name="Set Variable" owner="BuiltIn">
<var>${css_path}</var>
<arg>${stripped.replace("CSS_PATH:", "")}</arg>
<doc>Returns the given values which can then be assigned to a variables.</doc>
<status status="NOT RUN" start="2025-04-17T01:37:52.044202" elapsed="0.000011"/>
</kw>
<status status="NOT RUN" start="2025-04-17T01:37:52.044148" elapsed="0.000084"/>
</branch>
<branch type="ELSE IF" condition="$stripped.startswith(&quot;JS_PATH:&quot;)">
<kw name="Set Variable" owner="BuiltIn">
<var>${js_path}</var>
<arg>${stripped.replace("JS_PATH:", "")}</arg>
<doc>Returns the given values which can then be assigned to a variables.</doc>
<status status="NOT RUN" start="2025-04-17T01:37:52.044295" elapsed="0.000009"/>
</kw>
<status status="NOT RUN" start="2025-04-17T01:37:52.044245" elapsed="0.000080"/>
</branch>
<status status="PASS" start="2025-04-17T01:37:52.043749" elapsed="0.000587"/>
</if>
<status status="PASS" start="2025-04-17T01:37:52.043498" elapsed="0.000851"/>
</branch>
<status status="PASS" start="2025-04-17T01:37:52.043488" elapsed="0.000873"/>
</if>
<var name="${line}">HTML_PATH:/Users/tanakrit/Documents/GitHub/RobotFramewokForIDE/NewFormatOfRobot/WebsiteTesting/v2/temp/teachers_html.txt</var>
<status status="PASS" start="2025-04-17T01:37:52.043320" elapsed="0.001053"/>
</iter>
<iter>
<kw name="Strip String" owner="String">
<msg time="2025-04-17T01:37:52.044589" level="INFO">${stripped} = CSS_PATH:/Users/tanakrit/Documents/GitHub/RobotFramewokForIDE/NewFormatOfRobot/WebsiteTesting/v2/temp/teachers_css.txt</msg>
<var>${stripped}</var>
<arg>${line}</arg>
<doc>Remove leading and/or trailing whitespaces from the given string.</doc>
<status status="PASS" start="2025-04-17T01:37:52.044507" elapsed="0.000098"/>
</kw>
<if>
<branch type="IF" condition="&quot;${stripped}&quot; != &quot;${EMPTY}&quot;">
<if>
<branch type="IF" condition="$stripped.startswith(&quot;HTML_PATH:&quot;)">
<kw name="Set Variable" owner="BuiltIn">
<var>${html_path}</var>
<arg>${stripped.replace("HTML_PATH:", "")}</arg>
<doc>Returns the given values which can then be assigned to a variables.</doc>
<status status="NOT RUN" start="2025-04-17T01:37:52.044988" elapsed="0.000011"/>
</kw>
<status status="NOT RUN" start="2025-04-17T01:37:52.044898" elapsed="0.000147"/>
</branch>
<branch type="ELSE IF" condition="$stripped.startswith(&quot;CSS_PATH:&quot;)">
<kw name="Set Variable" owner="BuiltIn">
<msg time="2025-04-17T01:37:52.045396" level="INFO">${css_path} = /Users/tanakrit/Documents/GitHub/RobotFramewokForIDE/NewFormatOfRobot/WebsiteTesting/v2/temp/teachers_css.txt</msg>
<var>${css_path}</var>
<arg>${stripped.replace("CSS_PATH:", "")}</arg>
<doc>Returns the given values which can then be assigned to a variables.</doc>
<status status="PASS" start="2025-04-17T01:37:52.045146" elapsed="0.000266"/>
</kw>
<status status="PASS" start="2025-04-17T01:37:52.045059" elapsed="0.000374"/>
</branch>
<branch type="ELSE IF" condition="$stripped.startswith(&quot;JS_PATH:&quot;)">
<kw name="Set Variable" owner="BuiltIn">
<var>${js_path}</var>
<arg>${stripped.replace("JS_PATH:", "")}</arg>
<doc>Returns the given values which can then be assigned to a variables.</doc>
<status status="NOT RUN" start="2025-04-17T01:37:52.045500" elapsed="0.000010"/>
</kw>
<status status="NOT RUN" start="2025-04-17T01:37:52.045446" elapsed="0.000082"/>
</branch>
<status status="PASS" start="2025-04-17T01:37:52.044889" elapsed="0.000651"/>
</if>
<status status="PASS" start="2025-04-17T01:37:52.044643" elapsed="0.000911"/>
</branch>
<status status="PASS" start="2025-04-17T01:37:52.044633" elapsed="0.000933"/>
</if>
<var name="${line}">CSS_PATH:/Users/tanakrit/Documents/GitHub/RobotFramewokForIDE/NewFormatOfRobot/WebsiteTesting/v2/temp/teachers_css.txt</var>
<status status="PASS" start="2025-04-17T01:37:52.044462" elapsed="0.001116"/>
</iter>
<iter>
<kw name="Strip String" owner="String">
<msg time="2025-04-17T01:37:52.045790" level="INFO">${stripped} = JS_PATH:/Users/tanakrit/Documents/GitHub/RobotFramewokForIDE/NewFormatOfRobot/WebsiteTesting/v2/temp/teachers_js.txt</msg>
<var>${stripped}</var>
<arg>${line}</arg>
<doc>Remove leading and/or trailing whitespaces from the given string.</doc>
<status status="PASS" start="2025-04-17T01:37:52.045710" elapsed="0.000095"/>
</kw>
<if>
<branch type="IF" condition="&quot;${stripped}&quot; != &quot;${EMPTY}&quot;">
<if>
<branch type="IF" condition="$stripped.startswith(&quot;HTML_PATH:&quot;)">
<kw name="Set Variable" owner="BuiltIn">
<var>${html_path}</var>
<arg>${stripped.replace("HTML_PATH:", "")}</arg>
<doc>Returns the given values which can then be assigned to a variables.</doc>
<status status="NOT RUN" start="2025-04-17T01:37:52.046189" elapsed="0.000011"/>
</kw>
<status status="NOT RUN" start="2025-04-17T01:37:52.046094" elapsed="0.000127"/>
</branch>
<branch type="ELSE IF" condition="$stripped.startswith(&quot;CSS_PATH:&quot;)">
<kw name="Set Variable" owner="BuiltIn">
<var>${css_path}</var>
<arg>${stripped.replace("CSS_PATH:", "")}</arg>
<doc>Returns the given values which can then be assigned to a variables.</doc>
<status status="NOT RUN" start="2025-04-17T01:37:52.046317" elapsed="0.000011"/>
</kw>
<status status="NOT RUN" start="2025-04-17T01:37:52.046234" elapsed="0.000113"/>
</branch>
<branch type="ELSE IF" condition="$stripped.startswith(&quot;JS_PATH:&quot;)">
<kw name="Set Variable" owner="BuiltIn">
<msg time="2025-04-17T01:37:52.046677" level="INFO">${js_path} = /Users/tanakrit/Documents/GitHub/RobotFramewokForIDE/NewFormatOfRobot/WebsiteTesting/v2/temp/teachers_js.txt</msg>
<var>${js_path}</var>
<arg>${stripped.replace("JS_PATH:", "")}</arg>
<doc>Returns the given values which can then be assigned to a variables.</doc>
<status status="PASS" start="2025-04-17T01:37:52.046439" elapsed="0.000254"/>
</kw>
<status status="PASS" start="2025-04-17T01:37:52.046359" elapsed="0.000355"/>
</branch>
<status status="PASS" start="2025-04-17T01:37:52.046085" elapsed="0.000642"/>
</if>
<status status="PASS" start="2025-04-17T01:37:52.045842" elapsed="0.000898"/>
</branch>
<status status="PASS" start="2025-04-17T01:37:52.045833" elapsed="0.000918"/>
</if>
<var name="${line}">JS_PATH:/Users/tanakrit/Documents/GitHub/RobotFramewokForIDE/NewFormatOfRobot/WebsiteTesting/v2/temp/teachers_js.txt</var>
<status status="PASS" start="2025-04-17T01:37:52.045666" elapsed="0.001097"/>
</iter>
<var>${line}</var>
<value>@{lines}</value>
<status status="PASS" start="2025-04-17T01:37:52.034833" elapsed="0.011946"/>
</for>
<kw name="Create Dictionary" owner="BuiltIn">
<msg time="2025-04-17T01:37:52.047048" level="INFO">${paths} = {'html_path': '/Users/tanakrit/Documents/GitHub/RobotFramewokForIDE/NewFormatOfRobot/WebsiteTesting/v2/temp/teachers_html.txt', 'css_path': '/Users/tanakrit/Documents/GitHub/RobotFramewokForIDE/NewFor...</msg>
<var>${paths}</var>
<arg>html_path=${html_path}</arg>
<arg>css_path=${css_path}</arg>
<arg>js_path=${js_path}</arg>
<doc>Creates and returns a dictionary based on the given ``items``.</doc>
<status status="PASS" start="2025-04-17T01:37:52.046850" elapsed="0.000215"/>
</kw>
<return>
<value>${paths}</value>
<status status="PASS" start="2025-04-17T01:37:52.047103" elapsed="0.000036"/>
</return>
<msg time="2025-04-17T01:37:52.047223" level="INFO">${teacher_paths} = {'html_path': '/Users/tanakrit/Documents/GitHub/RobotFramewokForIDE/NewFormatOfRobot/WebsiteTesting/v2/temp/teachers_html.txt', 'css_path': '/Users/tanakrit/Documents/GitHub/RobotFramewokForIDE/NewFor...</msg>
<var>${teacher_paths}</var>
<arg>${TEACHERS_JSON}</arg>
<status status="PASS" start="2025-04-17T01:37:51.992980" elapsed="0.054257"/>
</kw>
<kw name="Get File" owner="OperatingSystem">
<msg time="2025-04-17T01:37:52.047622" level="INFO" html="true">Getting file '&lt;a href="file:///Users/tanakrit/Documents/GitHub/RobotFramewokForIDE/NewFormatOfRobot/WebsiteTesting/v2/temp/students_html.txt"&gt;/Users/tanakrit/Documents/GitHub/RobotFramewokForIDE/NewFormatOfRobot/WebsiteTesting/v2/temp/students_html.txt&lt;/a&gt;'.</msg>
<msg time="2025-04-17T01:37:52.047773" level="INFO">${student_html} = &lt;!DOCTYPE html&gt;
&lt;html&gt;
&lt;head&gt;
    &lt;title&gt;HTML Demo&lt;/title&gt;
    &lt;style&gt;
        body {
            margin: 20px;
            background-color: #f5f5f5;
        }
        .container {
            backgr...</msg>
<var>${student_html}</var>
<arg>${student_paths["html_path"]}</arg>
<doc>Returns the contents of a specified file.</doc>
<status status="PASS" start="2025-04-17T01:37:52.047357" elapsed="0.000434"/>
</kw>
<kw name="Get File" owner="OperatingSystem">
<msg time="2025-04-17T01:37:52.048097" level="INFO" html="true">Getting file '&lt;a href="file:///Users/tanakrit/Documents/GitHub/RobotFramewokForIDE/NewFormatOfRobot/WebsiteTesting/v2/temp/students_css.txt"&gt;/Users/tanakrit/Documents/GitHub/RobotFramewokForIDE/NewFormatOfRobot/WebsiteTesting/v2/temp/students_css.txt&lt;/a&gt;'.</msg>
<msg time="2025-04-17T01:37:52.048203" level="INFO">${student_css} = /* Reset and base styles */
* {
    margin: 0;
    padding: 0;
    box-sizing: border-box;
}

body {
    font-family: Helvetica, sans-serif; /* Different font */
    line-height: 1.5; /* Different lin...</msg>
<var>${student_css}</var>
<arg>${student_paths["css_path"]}</arg>
<doc>Returns the contents of a specified file.</doc>
<status status="PASS" start="2025-04-17T01:37:52.047872" elapsed="0.000346"/>
</kw>
<kw name="Get File" owner="OperatingSystem">
<msg time="2025-04-17T01:37:52.048521" level="INFO" html="true">Getting file '&lt;a href="file:///Users/tanakrit/Documents/GitHub/RobotFramewokForIDE/NewFormatOfRobot/WebsiteTesting/v2/temp/students_js.txt"&gt;/Users/tanakrit/Documents/GitHub/RobotFramewokForIDE/NewFormatOfRobot/WebsiteTesting/v2/temp/students_js.txt&lt;/a&gt;'.</msg>
<msg time="2025-04-17T01:37:52.048628" level="INFO">${student_js} = // Wait for DOM to be fully loaded
document.addEventListener('DOMContentLoaded', function() {
    // Button click event with different behavior
       const result = document.getElementById('result');...</msg>
<var>${student_js}</var>
<arg>${student_paths["js_path"]}</arg>
<doc>Returns the contents of a specified file.</doc>
<status status="PASS" start="2025-04-17T01:37:52.048295" elapsed="0.000348"/>
</kw>
<kw name="Get File" owner="OperatingSystem">
<msg time="2025-04-17T01:37:52.048976" level="INFO" html="true">Getting file '&lt;a href="file:///Users/tanakrit/Documents/GitHub/RobotFramewokForIDE/NewFormatOfRobot/WebsiteTesting/v2/temp/teachers_html.txt"&gt;/Users/tanakrit/Documents/GitHub/RobotFramewokForIDE/NewFormatOfRobot/WebsiteTesting/v2/temp/teachers_html.txt&lt;/a&gt;'.</msg>
<msg time="2025-04-17T01:37:52.049061" level="INFO">${teacher_html} = &lt;!DOCTYPE html&gt;
&lt;html&gt;
&lt;head&gt;
    &lt;title&gt;HTML Demo&lt;/title&gt;
    &lt;style&gt;
        body {
            margin: 20px;
            background-color: #f5f5f5;
        }
        .container {
            backgr...</msg>
<var>${teacher_html}</var>
<arg>${teacher_paths["html_path"]}</arg>
<doc>Returns the contents of a specified file.</doc>
<status status="PASS" start="2025-04-17T01:37:52.048721" elapsed="0.000357"/>
</kw>
<kw name="Get File" owner="OperatingSystem">
<msg time="2025-04-17T01:37:52.049383" level="INFO" html="true">Getting file '&lt;a href="file:///Users/tanakrit/Documents/GitHub/RobotFramewokForIDE/NewFormatOfRobot/WebsiteTesting/v2/temp/teachers_css.txt"&gt;/Users/tanakrit/Documents/GitHub/RobotFramewokForIDE/NewFormatOfRobot/WebsiteTesting/v2/temp/teachers_css.txt&lt;/a&gt;'.</msg>
<msg time="2025-04-17T01:37:52.049465" level="INFO">${teacher_css} = /* Reset and base styles */
* {
    margin: 0;
    padding: 0;
    box-sizing: border-box;
}

body {
    font-family: Helvetica, sans-serif; /* Different font */
    line-height: 1.5; /* Different lin...</msg>
<var>${teacher_css}</var>
<arg>${teacher_paths["css_path"]}</arg>
<doc>Returns the contents of a specified file.</doc>
<status status="PASS" start="2025-04-17T01:37:52.049156" elapsed="0.000325"/>
</kw>
<kw name="Get File" owner="OperatingSystem">
<msg time="2025-04-17T01:37:52.049928" level="INFO" html="true">Getting file '&lt;a href="file:///Users/tanakrit/Documents/GitHub/RobotFramewokForIDE/NewFormatOfRobot/WebsiteTesting/v2/temp/teachers_js.txt"&gt;/Users/tanakrit/Documents/GitHub/RobotFramewokForIDE/NewFormatOfRobot/WebsiteTesting/v2/temp/teachers_js.txt&lt;/a&gt;'.</msg>
<msg time="2025-04-17T01:37:52.050049" level="INFO">${teacher_js} = // Wait for DOM to be fully loaded
document.addEventListener('DOMContentLoaded', function() {
    // Button click event with different behavior
       const result = document.getElementById('result');...</msg>
<var>${teacher_js}</var>
<arg>${teacher_paths["js_path"]}</arg>
<doc>Returns the contents of a specified file.</doc>
<status status="PASS" start="2025-04-17T01:37:52.049556" elapsed="0.000512"/>
</kw>
<kw name="Run Keyword And Return Status" owner="BuiltIn">
<kw name="Should Be Equal As Strings" owner="BuiltIn">
<arg>${student_html}</arg>
<arg>${teacher_html}</arg>
<doc>Fails if objects are unequal after converting them to strings.</doc>
<status status="PASS" start="2025-04-17T01:37:52.050302" elapsed="0.000128"/>
</kw>
<msg time="2025-04-17T01:37:52.050486" level="INFO">${html_match} = True</msg>
<var>${html_match}</var>
<arg>Should Be Equal As Strings</arg>
<arg>${student_html}</arg>
<arg>${teacher_html}</arg>
<doc>Runs the given keyword with given arguments and returns the status as a Boolean value.</doc>
<status status="PASS" start="2025-04-17T01:37:52.050186" elapsed="0.000316"/>
</kw>
<kw name="Create List" owner="BuiltIn">
<msg time="2025-04-17T01:37:52.050695" level="INFO">@{html_differences} = [ ]</msg>
<var>@{html_differences}</var>
<doc>Returns a list containing given items.</doc>
<status status="PASS" start="2025-04-17T01:37:52.050609" elapsed="0.000101"/>
</kw>
<kw name="Create List" owner="BuiltIn">
<msg time="2025-04-17T01:37:52.050859" level="INFO">@{css_differences} = [ ]</msg>
<var>@{css_differences}</var>
<doc>Returns a list containing given items.</doc>
<status status="PASS" start="2025-04-17T01:37:52.050784" elapsed="0.000090"/>
</kw>
<kw name="Create List" owner="BuiltIn">
<msg time="2025-04-17T01:37:52.051042" level="INFO">@{js_differences} = [ ]</msg>
<var>@{js_differences}</var>
<doc>Returns a list containing given items.</doc>
<status status="PASS" start="2025-04-17T01:37:52.050963" elapsed="0.000093"/>
</kw>
<if>
<branch type="IF" condition="not ${html_match}">
<kw name="Compare Html Structure" owner="WebCourseLibrary">
<var>${html_diff_result}</var>
<arg>${student_html}</arg>
<arg>${teacher_html}</arg>
<doc>Compare HTML structure and return specific differences</doc>
<status status="NOT RUN" start="2025-04-17T01:37:52.051223" elapsed="0.000012"/>
</kw>
<kw name="Set Variable" owner="BuiltIn">
<var>@{html_differences}</var>
<arg>${html_diff_result}</arg>
<doc>Returns the given values which can then be assigned to a variables.</doc>
<status status="NOT RUN" start="2025-04-17T01:37:52.051292" elapsed="0.000010"/>
</kw>
<kw name="Log" owner="BuiltIn">
<arg>HTML differences found:</arg>
<arg>WARN</arg>
<doc>Logs the given message with the given level.</doc>
<status status="NOT RUN" start="2025-04-17T01:37:52.051365" elapsed="0.000009"/>
</kw>
<kw name="Log Many" owner="BuiltIn">
<arg>@{html_differences}</arg>
<arg>WARN</arg>
<doc>Logs the given messages as separate entries using the INFO level.</doc>
<status status="NOT RUN" start="2025-04-17T01:37:52.051427" elapsed="0.000010"/>
</kw>
<status status="NOT RUN" start="2025-04-17T01:37:52.051119" elapsed="0.000336"/>
</branch>
<status status="PASS" start="2025-04-17T01:37:52.051106" elapsed="0.000363"/>
</if>
<kw name="Run Keyword And Return Status" owner="BuiltIn">
<kw name="Should Be Equal As Strings" owner="BuiltIn">
<arg>${student_css}</arg>
<arg>${teacher_css}</arg>
<doc>Fails if objects are unequal after converting them to strings.</doc>
<status status="PASS" start="2025-04-17T01:37:52.051623" elapsed="0.000106"/>
</kw>
<msg time="2025-04-17T01:37:52.051780" level="INFO">${css_match} = True</msg>
<var>${css_match}</var>
[...]
<msg time="2025-04-17T01:37:52.225548" level="INFO">Missing in student code: result.style.backgroundColor = '#ffeeee'; // Different color</msg>
<msg time="2025-04-17T01:37:52.225562" level="INFO">WARN</msg>
<arg>@{differences}</arg>
<arg>WARN</arg>
<doc>Logs the given messages as separate entries using the INFO level.</doc>
<status status="PASS" start="2025-04-17T01:37:52.225476" elapsed="0.000103"/>
</kw>
<status status="PASS" start="2025-04-17T01:37:52.178581" elapsed="0.047016"/>
</branch>
<status status="PASS" start="2025-04-17T01:37:52.178568" elapsed="0.047043"/>
</if>
<kw name="Create Dictionary" owner="BuiltIn">
<msg time="2025-04-17T01:37:52.225842" level="INFO">${result} = {'match': False, 'differences': ['JavaScript files differ but no specific functional differences were detected. Check for whitespace, comments, or formatting differences.', "Missing in student code: r...</msg>
<var>${result}</var>
<arg>match=${match}</arg>
<arg>differences=${differences}</arg>
<doc>Creates and returns a dictionary based on the given ``items``.</doc>
<status status="PASS" start="2025-04-17T01:37:52.225669" elapsed="0.000189"/>
</kw>
<return>
<value>${result}</value>
<status status="PASS" start="2025-04-17T01:37:52.225885" elapsed="0.000015"/>
</return>
<msg time="2025-04-17T01:37:52.225966" level="INFO">${js_result} = {'match': False, 'differences': ['JavaScript files differ but no specific functional differences were detected. Check for whitespace, comments, or formatting differences.', "Missing in student code: r...</msg>
<var>${js_result}</var>
<arg>${student_paths["js_path"]}</arg>
<arg>${teacher_paths["js_path"]}</arg>
<arg>js</arg>
<status status="PASS" start="2025-04-17T01:37:52.176507" elapsed="0.049473"/>
</kw>
<kw name="Evaluate" owner="BuiltIn">
<msg time="2025-04-17T01:37:52.226727" level="INFO">${overall_match} = False</msg>
<var>${overall_match}</var>
<arg>${html_result["match"]} and ${css_result["match"]} and ${js_result["match"]}</arg>
<doc>Evaluates the given expression in Python and returns the result.</doc>
<status status="PASS" start="2025-04-17T01:37:52.226063" elapsed="0.000679"/>
</kw>
<kw name="Convert To Boolean" owner="BuiltIn">
<msg time="2025-04-17T01:37:52.226916" level="INFO">${overall_match_bool} = False</msg>
<var>${overall_match_bool}</var>
<arg>${overall_match}</arg>
<doc>Converts the given item to Boolean true or false.</doc>
<status status="PASS" start="2025-04-17T01:37:52.226822" elapsed="0.000107"/>
</kw>
<kw name="Create Dictionary" owner="BuiltIn">
<msg time="2025-04-17T01:37:52.228352" level="INFO">${validation_data} = {'html_match': True, 'css_match': True, 'js_match': False, 'overall_match': False, 'html_differences': [], 'css_differences': [], 'js_differences': ['JavaScript files differ but no specific functional...</msg>
<var>${validation_data}</var>
<arg>html_match=${html_result["match"]}</arg>
<arg>css_match=${css_result["match"]}</arg>
<arg>js_match=${js_result["match"]}</arg>
<arg>overall_match=${overall_match_bool}</arg>
<arg>html_differences=${html_result["differences"]}</arg>
<arg>css_differences=${css_result["differences"]}</arg>
<arg>js_differences=${js_result["differences"]}</arg>
<doc>Creates and returns a dictionary based on the given ``items``.</doc>
<status status="PASS" start="2025-04-17T01:37:52.227007" elapsed="0.001370"/>
</kw>
<kw name="Set Variable" owner="BuiltIn">
<msg time="2025-04-17T01:37:52.228629" level="INFO">${report_file} = /Users/tanakrit/Documents/GitHub/RobotFramewokForIDE/NewFormatOfRobot/WebsiteTesting/v2/test_results/student_validation.json</msg>
<var>${report_file}</var>
<arg>${OUTPUT_DIR}/student_validation.json</arg>
<doc>Returns the given values which can then be assigned to a variables.</doc>
<status status="PASS" start="2025-04-17T01:37:52.228517" elapsed="0.000129"/>
</kw>
<kw name="Evaluate" owner="BuiltIn">
<msg time="2025-04-17T01:37:52.229036" level="INFO">${report_json} = {
  "html_match": true,
  "css_match": true,
  "js_match": false,
  "overall_match": false,
  "html_differences": [],
  "css_differences": [],
  "js_differences": [
    "JavaScript files differ but no...</msg>
<var>${report_json}</var>
<arg>json.dumps(${validation_data}, indent=2)</arg>
<arg>modules=json</arg>
<doc>Evaluates the given expression in Python and returns the result.</doc>
<status status="PASS" start="2025-04-17T01:37:52.228735" elapsed="0.000319"/>
</kw>
<kw name="Create File" owner="OperatingSystem">
<msg time="2025-04-17T01:37:52.229494" level="INFO" html="true">Created file '&lt;a href="file:///Users/tanakrit/Documents/GitHub/RobotFramewokForIDE/NewFormatOfRobot/WebsiteTesting/v2/test_results/student_validation.json"&gt;/Users/tanakrit/Documents/GitHub/RobotFramewokForIDE/NewFormatOfRobot/WebsiteTesting/v2/test_results/student_validation.json&lt;/a&gt;'.</msg>
<arg>${report_file}</arg>
<arg>${report_json}</arg>
<doc>Creates a file with the given content and encoding.</doc>
<status status="PASS" start="2025-04-17T01:37:52.229147" elapsed="0.000383"/>
</kw>
<if>
<branch type="IF" condition="${overall_match_bool}">
<kw name="Log" owner="BuiltIn">
<arg>All code parts match! Student submission is correct.</arg>
<arg>INFO</arg>
<doc>Logs the given message with the given level.</doc>
<status status="NOT RUN" start="2025-04-17T01:37:52.229691" elapsed="0.000013"/>
</kw>
<status status="NOT RUN" start="2025-04-17T01:37:52.229604" elapsed="0.000122"/>
</branch>
<branch type="ELSE">
<kw name="Log" owner="BuiltIn">
<msg time="2025-04-17T01:37:52.229853" level="WARN">Student submission has differences. Check the detailed report.</msg>
<arg>Student submission has differences. Check the detailed report.</arg>
<arg>WARN</arg>
<doc>Logs the given message with the given level.</doc>
<status status="PASS" start="2025-04-17T01:37:52.229793" elapsed="0.000122"/>
</kw>
<status status="PASS" start="2025-04-17T01:37:52.229741" elapsed="0.000195"/>
</branch>
<status status="PASS" start="2025-04-17T01:37:52.229587" elapsed="0.000361"/>
</if>
<kw name="Should Be True" owner="BuiltIn">
<msg time="2025-04-17T01:37:52.230287" level="FAIL">Student submission does not match the teacher reference</msg>
<arg>${overall_match_bool}</arg>
<arg>Student submission does not match the teacher reference</arg>
<doc>Fails if the given condition is not true.</doc>
<status status="FAIL" start="2025-04-17T01:37:52.230112" elapsed="0.000249">Student submission does not match the teacher reference</status>
</kw>
<doc>Test defaultcode in student JSON against teacher reference</doc>
<status status="FAIL" start="2025-04-17T01:37:52.056628" elapsed="0.173875">Student submission does not match the teacher reference</status>
</test>
<kw name="Teardown Test Environment" type="TEARDOWN">
<kw name="List Files In Directory" owner="OperatingSystem">
<msg time="2025-04-17T01:37:52.231300" level="INFO" html="true">Listing contents of directory '&lt;a href="file:///Users/tanakrit/Documents/GitHub/RobotFramewokForIDE/NewFormatOfRobot/WebsiteTesting/v2/test_results"&gt;/Users/tanakrit/Documents/GitHub/RobotFramewokForIDE/NewFormatOfRobot/WebsiteTesting/v2/test_results&lt;/a&gt;'.</msg>
<msg time="2025-04-17T01:37:52.231419" level="INFO">2 files:
defaultcode_comparison_result.json
student_validation.json</msg>
<msg time="2025-04-17T01:37:52.231464" level="INFO">${files} = ['defaultcode_comparison_result.json', 'student_validation.json']</msg>
<var>${files}</var>
<arg>${OUTPUT_DIR}</arg>
<arg>*.json</arg>
<doc>Wrapper for `List Directory` that returns only files.</doc>
<status status="PASS" start="2025-04-17T01:37:52.231188" elapsed="0.000289"/>
</kw>
<kw name="Create List" owner="BuiltIn">
<msg time="2025-04-17T01:37:52.231618" level="INFO">${all_results} = []</msg>
<var>${all_results}</var>
<doc>Returns a list containing given items.</doc>
<status status="PASS" start="2025-04-17T01:37:52.231552" elapsed="0.000080"/>
</kw>
<for flavor="IN">
<iter>
<kw name="Continue For Loop If" owner="BuiltIn">
<arg>'${file}' == 'validation_report.json'</arg>
<doc>Skips the current FOR loop iteration if the ``condition`` is true.</doc>
<status status="PASS" start="2025-04-17T01:37:52.231831" elapsed="0.000145"/>
</kw>
<kw name="Join Path" owner="OperatingSystem">
<msg time="2025-04-17T01:37:52.232148" level="INFO">${file_path} = /Users/tanakrit/Documents/GitHub/RobotFramewokForIDE/NewFormatOfRobot/WebsiteTesting/v2/test_results/defaultcode_comparison_result.json</msg>
<var>${file_path}</var>
<arg>${OUTPUT_DIR}</arg>
<arg>${file}</arg>
<doc>Joins the given path part(s) to the given base path.</doc>
<status status="PASS" start="2025-04-17T01:37:52.232044" elapsed="0.000119"/>
</kw>
<try>
<branch type="TRY">
<kw name="Get File" owner="OperatingSystem">
<msg time="2025-04-17T01:37:52.232380" level="INFO" html="true">Getting file '&lt;a href="file:///Users/tanakrit/Documents/GitHub/RobotFramewokForIDE/NewFormatOfRobot/WebsiteTesting/v2/test_results/defaultcode_comparison_result.json"&gt;/Users/tanakrit/Documents/GitHub/RobotFramewokForIDE/NewFormatOfRobot/WebsiteTesting/v2/test_results/defaultcode_comparison_result.json&lt;/a&gt;'.</msg>
<msg time="2025-04-17T01:37:52.232492" level="INFO">${json_content} = {
  "timestamp": 1744828672.054397,
  "html_match": true,
  "css_match": true,
  "js_match": false,
  "html_differences": [],
  "css_differences": [],
  "js_differences": [
    "JavaScript files diffe...</msg>
<var>${json_content}</var>
<arg>${file_path}</arg>
<doc>Returns the contents of a specified file.</doc>
<status status="PASS" start="2025-04-17T01:37:52.232301" elapsed="0.000206"/>
</kw>
<kw name="Evaluate" owner="BuiltIn">
<msg time="2025-04-17T01:37:52.232735" level="INFO">${json_obj} = {'timestamp': 1744828672.054397, 'html_match': True, 'css_match': True, 'js_match': False, 'html_differences': [], 'css_differences': [], 'js_differences': ['JavaScript files differ but no specific fu...</msg>
<var>${json_obj}</var>
<arg>json.loads('''${json_content}''')</arg>
<arg>modules=json</arg>
<doc>Evaluates the given expression in Python and returns the result.</doc>
<status status="PASS" start="2025-04-17T01:37:52.232567" elapsed="0.000185"/>
</kw>
<kw name="Append To List" owner="Collections">
<arg>${all_results}</arg>
<arg>${json_obj}</arg>
<doc>Adds ``values`` to the end of ``list``.</doc>
<status status="PASS" start="2025-04-17T01:37:52.232813" elapsed="0.000085"/>
</kw>
<status status="PASS" start="2025-04-17T01:37:52.232239" elapsed="0.000680"/>
</branch>
<branch type="EXCEPT">
<kw name="Log" owner="BuiltIn">
<arg>Error parsing JSON file: ${file_path}</arg>
<arg>level=WARN</arg>
<doc>Logs the given message with the given level.</doc>
<status status="NOT RUN" start="2025-04-17T01:37:52.233004" elapsed="0.000011"/>
</kw>
<status status="NOT RUN" start="2025-04-17T01:37:52.232949" elapsed="0.000086"/>
</branch>
<status status="PASS" start="2025-04-17T01:37:52.232203" elapsed="0.000853"/>
</try>
<var name="${file}">defaultcode_comparison_result.json</var>
<status status="PASS" start="2025-04-17T01:37:52.231777" elapsed="0.001294"/>
</iter>
<iter>
<kw name="Continue For Loop If" owner="BuiltIn">
<arg>'${file}' == 'validation_report.json'</arg>
<doc>Skips the current FOR loop iteration if the ``condition`` is true.</doc>
<status status="PASS" start="2025-04-17T01:37:52.233215" elapsed="0.000123"/>
</kw>
<kw name="Join Path" owner="OperatingSystem">
<msg time="2025-04-17T01:37:52.233495" level="INFO">${file_path} = /Users/tanakrit/Documents/GitHub/RobotFramewokForIDE/NewFormatOfRobot/WebsiteTesting/v2/test_results/student_validation.json</msg>
<var>${file_path}</var>
<arg>${OUTPUT_DIR}</arg>
<arg>${file}</arg>
<doc>Joins the given path part(s) to the given base path.</doc>
<status status="PASS" start="2025-04-17T01:37:52.233399" elapsed="0.000111"/>
</kw>
<try>
<branch type="TRY">
<kw name="Get File" owner="OperatingSystem">
<msg time="2025-04-17T01:37:52.233676" level="INFO" html="true">Getting file '&lt;a href="file:///Users/tanakrit/Documents/GitHub/RobotFramewokForIDE/NewFormatOfRobot/WebsiteTesting/v2/test_results/student_validation.json"&gt;/Users/tanakrit/Documents/GitHub/RobotFramewokForIDE/NewFormatOfRobot/WebsiteTesting/v2/test_results/student_validation.json&lt;/a&gt;'.</msg>
<msg time="2025-04-17T01:37:52.233768" level="INFO">${json_content} = {
  "html_match": true,
  "css_match": true,
  "js_match": false,
  "overall_match": false,
  "html_differences": [],
  "css_differences": [],
  "js_differences": [
    "JavaScript files differ but no...</msg>
<var>${json_content}</var>
<arg>${file_path}</arg>
<doc>Returns the contents of a specified file.</doc>
<status status="PASS" start="2025-04-17T01:37:52.233607" elapsed="0.000176"/>
</kw>
<kw name="Evaluate" owner="BuiltIn">
<msg time="2025-04-17T01:37:52.233990" level="INFO">${json_obj} = {'html_match': True, 'css_match': True, 'js_match': False, 'overall_match': False, 'html_differences': [], 'css_differences': [], 'js_differences': ['JavaScript files differ but no specific functional...</msg>
<var>${json_obj}</var>
<arg>json.loads('''${json_content}''')</arg>
<arg>modules=json</arg>
<doc>Evaluates the given expression in Python and returns the result.</doc>
<status status="PASS" start="2025-04-17T01:37:52.233841" elapsed="0.000165"/>
</kw>
<kw name="Append To List" owner="Collections">
<arg>${all_results}</arg>
<arg>${json_obj}</arg>
<doc>Adds ``values`` to the end of ``list``.</doc>
<status status="PASS" start="2025-04-17T01:37:52.234064" elapsed="0.000078"/>
</kw>
<status status="PASS" start="2025-04-17T01:37:52.233559" elapsed="0.000603"/>
</branch>
<branch type="EXCEPT">
<kw name="Log" owner="BuiltIn">
<arg>Error parsing JSON file: ${file_path}</arg>
<arg>level=WARN</arg>
<doc>Logs the given message with the given level.</doc>
<status status="NOT RUN" start="2025-04-17T01:37:52.234238" elapsed="0.000010"/>
</kw>
<status status="NOT RUN" start="2025-04-17T01:37:52.234187" elapsed="0.000081"/>
</branch>
<status status="PASS" start="2025-04-17T01:37:52.233541" elapsed="0.000743"/>
</try>
<var name="${file}">student_validation.json</var>
<status status="PASS" start="2025-04-17T01:37:52.233157" elapsed="0.001149"/>
</iter>
<var>${file}</var>
<value>@{files}</value>
<status status="PASS" start="2025-04-17T01:37:52.231663" elapsed="0.002698"/>
</for>
<kw name="Create Dictionary" owner="BuiltIn">
<msg time="2025-04-17T01:37:52.234652" level="INFO">${final_report} = {'results': [{'timestamp': 1744828672.054397, 'html_match': True, 'css_match': True, 'js_match': False, 'html_differences': [], 'css_differences': [], 'js_differences': ['JavaScript files differ but n...</msg>
<var>${final_report}</var>
<arg>results=${all_results}</arg>
<doc>Creates and returns a dictionary based on the given ``items``.</doc>
<status status="PASS" start="2025-04-17T01:37:52.234477" elapsed="0.000193"/>
</kw>
<kw name="Evaluate" owner="BuiltIn">
<msg time="2025-04-17T01:37:52.235049" level="INFO">${final_json} = {
  "results": [
    {
      "timestamp": 1744828672.054397,
      "html_match": true,
      "css_match": true,
      "js_match": false,
      "html_differences": [],
      "css_differences": [],
    ...</msg>
<var>${final_json}</var>
<arg>json.dumps(${final_report}, indent=2)</arg>
<arg>modules=json</arg>
<doc>Evaluates the given expression in Python and returns the result.</doc>
<status status="PASS" start="2025-04-17T01:37:52.234736" elapsed="0.000331"/>
</kw>
<kw name="Create File" owner="OperatingSystem">
<msg time="2025-04-17T01:37:52.235432" level="INFO" html="true">Created file '&lt;a href="file:///Users/tanakrit/Documents/GitHub/RobotFramewokForIDE/NewFormatOfRobot/WebsiteTesting/v2/test_results/validation_report.json"&gt;/Users/tanakrit/Documents/GitHub/RobotFramewokForIDE/NewFormatOfRobot/WebsiteTesting/v2/test_results/validation_report.json&lt;/a&gt;'.</msg>
<arg>${REPORT_FILE}</arg>
<arg>${final_json}</arg>
<doc>Creates a file with the given content and encoding.</doc>
<status status="PASS" start="2025-04-17T01:37:52.235133" elapsed="0.000333"/>
</kw>
<kw name="Join Path" owner="OperatingSystem">
<msg time="2025-04-17T01:37:52.235606" level="INFO">${temp_dir} = /Users/tanakrit/Documents/GitHub/RobotFramewokForIDE/NewFormatOfRobot/WebsiteTesting/v2/temp</msg>
<var>${temp_dir}</var>
<arg>/Users/tanakrit/Documents/GitHub/RobotFramewokForIDE/NewFormatOfRobot/WebsiteTesting/v2</arg>
<arg>temp</arg>
<doc>Joins the given path part(s) to the given base path.</doc>
<status status="PASS" start="2025-04-17T01:37:52.235531" elapsed="0.000090"/>
</kw>
<kw name="Run Keyword And Return Status" owner="BuiltIn">
<kw name="Directory Should Exist" owner="OperatingSystem">
<msg time="2025-04-17T01:37:52.235856" level="INFO" html="true">Directory '&lt;a href="file:///Users/tanakrit/Documents/GitHub/RobotFramewokForIDE/NewFormatOfRobot/WebsiteTesting/v2/temp"&gt;/Users/tanakrit/Documents/GitHub/RobotFramewokForIDE/NewFormatOfRobot/WebsiteTesting/v2/temp&lt;/a&gt;' exists.</msg>
<arg>${temp_dir}</arg>
<doc>Fails unless the given path points to an existing directory.</doc>
<status status="PASS" start="2025-04-17T01:37:52.235774" elapsed="0.000111"/>
</kw>
<msg time="2025-04-17T01:37:52.235929" level="INFO">${dir_exists} = True</msg>
<var>${dir_exists}</var>
<arg>Directory Should Exist</arg>
<arg>${temp_dir}</arg>
<doc>Runs the given keyword with given arguments and returns the status as a Boolean value.</doc>
<status status="PASS" start="2025-04-17T01:37:52.235687" elapsed="0.000254"/>
</kw>
<if>
<branch type="IF" condition="${dir_exists}">
<kw name="Log" owner="BuiltIn">
<msg time="2025-04-17T01:37:52.236132" level="INFO">Cleaning up temporary directory: /Users/tanakrit/Documents/GitHub/RobotFramewokForIDE/NewFormatOfRobot/WebsiteTesting/v2/temp</msg>
<arg>Cleaning up temporary directory: ${temp_dir}</arg>
<doc>Logs the given message with the given level.</doc>
<status status="PASS" start="2025-04-17T01:37:52.236062" elapsed="0.000094"/>
</kw>
<kw name="Remove Directory" owner="OperatingSystem">
<msg time="2025-04-17T01:37:52.237695" level="INFO" html="true">Removed directory '&lt;a href="file:///Users/tanakrit/Documents/GitHub/RobotFramewokForIDE/NewFormatOfRobot/WebsiteTesting/v2/temp"&gt;/Users/tanakrit/Documents/GitHub/RobotFramewokForIDE/NewFormatOfRobot/WebsiteTesting/v2/temp&lt;/a&gt;'.</msg>
<arg>${temp_dir}</arg>
<arg>recursive=True</arg>
<doc>Removes the directory pointed to by the given ``path``.</doc>
<status status="PASS" start="2025-04-17T01:37:52.236210" elapsed="0.001554"/>
</kw>
<status status="PASS" start="2025-04-17T01:37:52.235985" elapsed="0.001810"/>
</branch>
<branch type="ELSE">
<kw name="Log" owner="BuiltIn">
<arg>Temporary directory doesn't exist: ${temp_dir}</arg>
<doc>Logs the given message with the given level.</doc>
<status status="NOT RUN" start="2025-04-17T01:37:52.237911" elapsed="0.000011"/>
</kw>
<status status="NOT RUN" start="2025-04-17T01:37:52.237815" elapsed="0.000125"/>
</branch>
<status status="PASS" start="2025-04-17T01:37:52.235973" elapsed="0.001980"/>
</if>
<status status="PASS" start="2025-04-17T01:37:52.231055" elapsed="0.006934"/>
</kw>
<doc>Enhanced test suite for validating web development code
Provides specific, detailed feedback on differences</doc>
<status status="FAIL" start="2025-04-17T01:37:51.799585" elapsed="0.438422"/>
</suite>
<statistics>
<total>
<stat pass="0" fail="2" skip="0">All Tests</stat>
</total>
<tag>
</tag>
<suite>
<stat name="Test Web Code" id="s1" pass="0" fail="2" skip="0">Test Web Code</stat>
</suite>
</statistics>
<errors>
<msg time="2025-04-17T01:37:52.053965" level="WARN">JavaScript differences found:</msg>
<msg time="2025-04-17T01:37:52.223028" level="WARN">Detailed JavaScript Analysis:</msg>
<msg time="2025-04-17T01:37:52.225354" level="WARN">js differences found:</msg>
<msg time="2025-04-17T01:37:52.229853" level="WARN">Student submission has differences. Check the detailed report.</msg>
</errors>
</robot>
