<?xml version="1.0" encoding="UTF-8"?>
<robot generator="Robot 7.1.1 (Python 3.11.4 on darwin)" generated="2025-02-02T17:00:12.019205" rpa="false" schemaversion="5">
<suite id="s1" name="Case1" source="/Users/tanakrit/Documents/GitHub/RobotFramewokForIDE/NewFormatOfRobot/Case1.robot">
<test id="s1-t1" name="Compare Student And Teacher Code" line="129">
<kw name="Setup Test Environment" type="SETUP">
<kw name="Create Directory" owner="OperatingSystem">
<msg time="2025-02-02T17:00:12.087649" level="INFO" html="true">Created directory '&lt;a href="file:///Users/tanakrit/Documents/GitHub/RobotFramewokForIDE/NewFormatOfRobot/temp"&gt;/Users/tanakrit/Documents/GitHub/RobotFramewokForIDE/NewFormatOfRobot/temp&lt;/a&gt;'.</msg>
<arg>${TEMP_DIR}</arg>
<doc>Creates the specified directory.</doc>
<status status="PASS" start="2025-02-02T17:00:12.087422" elapsed="0.000258"/>
</kw>
<kw name="Evaluate" owner="BuiltIn">
<msg time="2025-02-02T17:00:12.087925" level="INFO">${student} = {'id': 2, 'title': 'Square Example', 'language': 'python', 'tag_list': ['other'], 'description': 'Write a Python function to calculate square of input', 'example': 'def factorial(n):\r\n    pass\r\n\r...</msg>
<var>${student}</var>
<arg>json.load(open('${STUDENT_FILE}'))</arg>
<arg>json</arg>
<doc>Evaluates the given expression in Python and returns the result.</doc>
<status status="PASS" start="2025-02-02T17:00:12.087741" elapsed="0.000195"/>
</kw>
<kw name="Evaluate" owner="BuiltIn">
<msg time="2025-02-02T17:00:12.088122" level="INFO">${teacher} = {'id': 2, 'title': 'Square Example', 'language': 'python', 'tag_list': ['other'], 'description': 'Write a Python function to calculate square of input', 'example': 'def factorial(n):\r\n    pass\r\n\r...</msg>
<var>${teacher}</var>
<arg>json.load(open('${TEACHER_FILE}'))</arg>
<arg>json</arg>
<doc>Evaluates the given expression in Python and returns the result.</doc>
<status status="PASS" start="2025-02-02T17:00:12.087991" elapsed="0.000141"/>
</kw>
<kw name="Create List" owner="BuiltIn">
<msg time="2025-02-02T17:00:12.088227" level="INFO">@{results} = [ ]</msg>
<var>@{results}</var>
<doc>Returns a list containing given items.</doc>
<status status="PASS" start="2025-02-02T17:00:12.088178" elapsed="0.000057"/>
</kw>
<return>
<value>${student}</value>
<value>${teacher}</value>
<value>${results}</value>
<status status="PASS" start="2025-02-02T17:00:12.088255" elapsed="0.000022"/>
</return>
<status status="PASS" start="2025-02-02T17:00:12.087101" elapsed="0.001238"/>
</kw>
<kw name="Setup Test Environment">
<kw name="Create Directory" owner="OperatingSystem">
<msg time="2025-02-02T17:00:12.088601" level="INFO" html="true">Directory '&lt;a href="file:///Users/tanakrit/Documents/GitHub/RobotFramewokForIDE/NewFormatOfRobot/temp"&gt;/Users/tanakrit/Documents/GitHub/RobotFramewokForIDE/NewFormatOfRobot/temp&lt;/a&gt;' already exists.</msg>
<arg>${TEMP_DIR}</arg>
<doc>Creates the specified directory.</doc>
<status status="PASS" start="2025-02-02T17:00:12.088531" elapsed="0.000091"/>
</kw>
<kw name="Evaluate" owner="BuiltIn">
<msg time="2025-02-02T17:00:12.088808" level="INFO">${student} = {'id': 2, 'title': 'Square Example', 'language': 'python', 'tag_list': ['other'], 'description': 'Write a Python function to calculate square of input', 'example': 'def factorial(n):\r\n    pass\r\n\r...</msg>
<var>${student}</var>
<arg>json.load(open('${STUDENT_FILE}'))</arg>
<arg>json</arg>
<doc>Evaluates the given expression in Python and returns the result.</doc>
<status status="PASS" start="2025-02-02T17:00:12.088675" elapsed="0.000143"/>
</kw>
<kw name="Evaluate" owner="BuiltIn">
<msg time="2025-02-02T17:00:12.088986" level="INFO">${teacher} = {'id': 2, 'title': 'Square Example', 'language': 'python', 'tag_list': ['other'], 'description': 'Write a Python function to calculate square of input', 'example': 'def factorial(n):\r\n    pass\r\n\r...</msg>
<var>${teacher}</var>
<arg>json.load(open('${TEACHER_FILE}'))</arg>
<arg>json</arg>
<doc>Evaluates the given expression in Python and returns the result.</doc>
<status status="PASS" start="2025-02-02T17:00:12.088865" elapsed="0.000130"/>
</kw>
<kw name="Create List" owner="BuiltIn">
<msg time="2025-02-02T17:00:12.089090" level="INFO">@{results} = [ ]</msg>
<var>@{results}</var>
<doc>Returns a list containing given items.</doc>
<status status="PASS" start="2025-02-02T17:00:12.089041" elapsed="0.000058"/>
</kw>
<return>
<value>${student}</value>
<value>${teacher}</value>
<value>${results}</value>
<status status="PASS" start="2025-02-02T17:00:12.089117" elapsed="0.000012"/>
</return>
<msg time="2025-02-02T17:00:12.089201" level="INFO">${student} = {'id': 2, 'title': 'Square Example', 'language': 'python', 'tag_list': ['other'], 'description': 'Write a Python function to calculate square of input', 'example': 'def factorial(n):\r\n    pass\r\n\r...</msg>
<msg time="2025-02-02T17:00:12.089220" level="INFO">${teacher} = {'id': 2, 'title': 'Square Example', 'language': 'python', 'tag_list': ['other'], 'description': 'Write a Python function to calculate square of input', 'example': 'def factorial(n):\r\n    pass\r\n\r...</msg>
<msg time="2025-02-02T17:00:12.089233" level="INFO">${results} = []</msg>
<var>${student}</var>
<var>${teacher}</var>
<var>${results}</var>
<status status="PASS" start="2025-02-02T17:00:12.088436" elapsed="0.000804"/>
</kw>
<kw name="Execute Code">
<kw name="Set Variable" owner="BuiltIn">
<msg time="2025-02-02T17:00:12.089633" level="INFO">${filename} = test</msg>
<var>${filename}</var>
<arg>test</arg>
<doc>Returns the given values which can then be assigned to a variables.</doc>
<status status="PASS" start="2025-02-02T17:00:12.089589" elapsed="0.000052"/>
</kw>
<kw name="Set Variable If" owner="BuiltIn">
<msg time="2025-02-02T17:00:12.089751" level="INFO">${ext} = .py</msg>
<var>${ext}</var>
<arg>'${language}' == 'python'</arg>
<arg>.py</arg>
<arg>'${language}' == 'cpp'</arg>
<arg>.cpp</arg>
<arg>'${language}' == 'rust'</arg>
<arg>.rs</arg>
<arg>'${language}' == 'javascript'</arg>
<arg>.js</arg>
<doc>Sets variable based on the given condition.</doc>
<status status="PASS" start="2025-02-02T17:00:12.089685" elapsed="0.000074"/>
</kw>
<kw name="Create File" owner="OperatingSystem">
<msg time="2025-02-02T17:00:12.090023" level="INFO" html="true">Created file '&lt;a href="file:///Users/tanakrit/Documents/GitHub/RobotFramewokForIDE/NewFormatOfRobot/temp/test.py"&gt;/Users/tanakrit/Documents/GitHub/RobotFramewokForIDE/NewFormatOfRobot/temp/test.py&lt;/a&gt;'.</msg>
<arg>${TEMP_DIR}/${filename}${ext}</arg>
<arg>${code}</arg>
<doc>Creates a file with the given content and encoding.</doc>
<status status="PASS" start="2025-02-02T17:00:12.089802" elapsed="0.000244"/>
</kw>
<kw name="Set Variable" owner="BuiltIn">
<msg time="2025-02-02T17:00:12.090129" level="INFO">${status} = success</msg>
<var>${status}</var>
<arg>success</arg>
<doc>Returns the given values which can then be assigned to a variables.</doc>
<status status="PASS" start="2025-02-02T17:00:12.090088" elapsed="0.000049"/>
</kw>
<kw name="Set Variable" owner="BuiltIn">
<msg time="2025-02-02T17:00:12.090464" level="INFO">${output} = </msg>
<var>${output}</var>
<arg>${EMPTY}</arg>
<doc>Returns the given values which can then be assigned to a variables.</doc>
<status status="PASS" start="2025-02-02T17:00:12.090174" elapsed="0.000299"/>
</kw>
<kw name="Set Variable" owner="BuiltIn">
<msg time="2025-02-02T17:00:12.090694" level="INFO">${error_msg} = </msg>
<var>${error_msg}</var>
<arg>${EMPTY}</arg>
<doc>Returns the given values which can then be assigned to a variables.</doc>
<status status="PASS" start="2025-02-02T17:00:12.090511" elapsed="0.000191"/>
</kw>
<try>
<branch type="TRY">
<if>
<branch type="IF" condition="$language == &quot;python&quot;">
<kw name="Run Process" owner="Process">
<msg time="2025-02-02T17:00:12.090957" level="INFO">Starting process:
python ./temp/test.py</msg>
<msg time="2025-02-02T17:00:12.093657" level="INFO">Waiting for process to complete.</msg>
<msg time="2025-02-02T17:00:12.108599" level="INFO">Process completed.</msg>
<msg time="2025-02-02T17:00:12.108815" level="INFO">${result} = &lt;result object with rc 0&gt;</msg>
<var>${result}</var>
<arg>${PYTHON_CMD}</arg>
<arg>${TEMP_DIR}/${filename}${ext}</arg>
<arg>shell=True</arg>
<doc>Runs a process and waits for it to complete.</doc>
<status status="PASS" start="2025-02-02T17:00:12.090851" elapsed="0.018039"/>
</kw>
<kw name="Set Variable" owner="BuiltIn">
<msg time="2025-02-02T17:00:12.109552" level="INFO">${output} = 120
6</msg>
<var>${output}</var>
<arg>${result.stdout}</arg>
<doc>Returns the given values which can then be assigned to a variables.</doc>
<status status="PASS" start="2025-02-02T17:00:12.109120" elapsed="0.000442"/>
</kw>
<kw name="Set Variable" owner="BuiltIn">
<msg time="2025-02-02T17:00:12.109838" level="INFO">${error_msg} = </msg>
<var>${error_msg}</var>
<arg>${result.stderr}</arg>
<doc>Returns the given values which can then be assigned to a variables.</doc>
<status status="PASS" start="2025-02-02T17:00:12.109616" elapsed="0.000231"/>
</kw>
<status status="PASS" start="2025-02-02T17:00:12.090766" elapsed="0.019101"/>
</branch>
<branch type="ELSE IF" condition="$language == &quot;javascript&quot;">
<kw name="Run Process" owner="Process">
<var>${result}</var>
<arg>${JAVASCRIPT_CMD}</arg>
<arg>${TEMP_DIR}/${filename}${ext}</arg>
<arg>shell=True</arg>
<doc>Runs a process and waits for it to complete.</doc>
<status status="NOT RUN" start="2025-02-02T17:00:12.109964" elapsed="0.000007"/>
</kw>
<kw name="Set Variable" owner="BuiltIn">
<var>${output}</var>
<arg>${result.stdout}</arg>
<doc>Returns the given values which can then be assigned to a variables.</doc>
<status status="NOT RUN" start="2025-02-02T17:00:12.110011" elapsed="0.000006"/>
</kw>
<kw name="Set Variable" owner="BuiltIn">
<var>${error_msg}</var>
<arg>${result.stderr}</arg>
<doc>Returns the given values which can then be assigned to a variables.</doc>
<status status="NOT RUN" start="2025-02-02T17:00:12.110050" elapsed="0.000006"/>
</kw>
<status status="NOT RUN" start="2025-02-02T17:00:12.109895" elapsed="0.000173"/>
</branch>
<branch type="ELSE IF" condition="$language == &quot;cpp&quot;">
<kw name="Run Process" owner="Process">
<var>${compile_result}</var>
<arg>${CPP_COMPILER}</arg>
<arg>${TEMP_DIR}/${filename}${ext}</arg>
<arg>-o</arg>
<arg>${TEMP_DIR}/${filename}</arg>
<arg>shell=True</arg>
<doc>Runs a process and waits for it to complete.</doc>
<status status="NOT RUN" start="2025-02-02T17:00:12.110114" elapsed="0.000006"/>
</kw>
<if>
<branch type="IF" condition="${compile_result.rc} == 0">
<kw name="Run Process" owner="Process">
<var>${result}</var>
<arg>${TEMP_DIR}/${filename}</arg>
<arg>shell=True</arg>
<doc>Runs a process and waits for it to complete.</doc>
<status status="NOT RUN" start="2025-02-02T17:00:12.110193" elapsed="0.000005"/>
</kw>
<kw name="Set Variable" owner="BuiltIn">
<var>${output}</var>
<arg>${result.stdout}</arg>
<doc>Returns the given values which can then be assigned to a variables.</doc>
<status status="NOT RUN" start="2025-02-02T17:00:12.110231" elapsed="0.000006"/>
</kw>
<kw name="Set Variable" owner="BuiltIn">
<var>${error_msg}</var>
<arg>${result.stderr}</arg>
<doc>Returns the given values which can then be assigned to a variables.</doc>
<status status="NOT RUN" start="2025-02-02T17:00:12.110268" elapsed="0.000004"/>
</kw>
<status status="NOT RUN" start="2025-02-02T17:00:12.110160" elapsed="0.000123"/>
</branch>
<branch type="ELSE">
<kw name="Set Variable" owner="BuiltIn">
<var>${status}</var>
<arg>compilation_error</arg>
<doc>Returns the given values which can then be assigned to a variables.</doc>
<status status="NOT RUN" start="2025-02-02T17:00:12.110321" elapsed="0.000005"/>
</kw>
<kw name="Set Variable" owner="BuiltIn">
<var>${error_msg}</var>
<arg>${compile_result.stderr}</arg>
<doc>Returns the given values which can then be assigned to a variables.</doc>
<status status="NOT RUN" start="2025-02-02T17:00:12.110356" elapsed="0.000005"/>
</kw>
<status status="NOT RUN" start="2025-02-02T17:00:12.110291" elapsed="0.000080"/>
</branch>
<status status="NOT RUN" start="2025-02-02T17:00:12.110150" elapsed="0.000229"/>
</if>
<status status="NOT RUN" start="2025-02-02T17:00:12.110078" elapsed="0.000310"/>
</branch>
<branch type="ELSE IF" condition="$language == &quot;rust&quot;">
<kw name="Run Process" owner="Process">
<var>${compile_result}</var>
<arg>${RUST_COMPILER}</arg>
<arg>${TEMP_DIR}/${filename}${ext}</arg>
<arg>-o</arg>
<arg>${TEMP_DIR}/${filename}</arg>
<arg>shell=True</arg>
<doc>Runs a process and waits for it to complete.</doc>
<status status="NOT RUN" start="2025-02-02T17:00:12.110427" elapsed="0.000005"/>
</kw>
<if>
<branch type="IF" condition="${compile_result.rc} == 0">
<kw name="Run Process" owner="Process">
<var>${result}</var>
<arg>${TEMP_DIR}/${filename}</arg>
<arg>shell=True</arg>
<doc>Runs a process and waits for it to complete.</doc>
<status status="NOT RUN" start="2025-02-02T17:00:12.110493" elapsed="0.000005"/>
</kw>
<kw name="Set Variable" owner="BuiltIn">
<var>${output}</var>
<arg>${result.stdout}</arg>
<doc>Returns the given values which can then be assigned to a variables.</doc>
<status status="NOT RUN" start="2025-02-02T17:00:12.110530" elapsed="0.000005"/>
</kw>
<kw name="Set Variable" owner="BuiltIn">
<var>${error_msg}</var>
<arg>${result.stderr}</arg>
<doc>Returns the given values which can then be assigned to a variables.</doc>
<status status="NOT RUN" start="2025-02-02T17:00:12.110565" elapsed="0.000005"/>
</kw>
<status status="NOT RUN" start="2025-02-02T17:00:12.110460" elapsed="0.000120"/>
</branch>
<branch type="ELSE">
<kw name="Set Variable" owner="BuiltIn">
<var>${status}</var>
<arg>compilation_error</arg>
<doc>Returns the given values which can then be assigned to a variables.</doc>
<status status="NOT RUN" start="2025-02-02T17:00:12.110624" elapsed="0.000006"/>
</kw>
<kw name="Set Variable" owner="BuiltIn">
<var>${error_msg}</var>
<arg>${compile_result.stderr}</arg>
<doc>Returns the given values which can then be assigned to a variables.</doc>
<status status="NOT RUN" start="2025-02-02T17:00:12.110662" elapsed="0.000005"/>
</kw>
<status status="NOT RUN" start="2025-02-02T17:00:12.110590" elapsed="0.000087"/>
</branch>
<status status="NOT RUN" start="2025-02-02T17:00:12.110453" elapsed="0.000232"/>
</if>
<status status="NOT RUN" start="2025-02-02T17:00:12.110396" elapsed="0.000297"/>
</branch>
<status status="PASS" start="2025-02-02T17:00:12.090759" elapsed="0.019943"/>
</if>
<kw name="Normalize Output">
<kw name="Strip String" owner="String">
<msg time="2025-02-02T17:00:12.111047" level="INFO">${normalized} = 120
6</msg>
<var>${normalized}</var>
<arg>${output}</arg>
<doc>Remove leading and/or trailing whitespaces from the given string.</doc>
<status status="PASS" start="2025-02-02T17:00:12.110977" elapsed="0.000080"/>
</kw>
<kw name="Replace String" owner="String">
<msg time="2025-02-02T17:00:12.111163" level="INFO">${normalized} = 120
6</msg>
<var>${normalized}</var>
<arg>${normalized}</arg>
<arg>\r\n</arg>
<arg>\n</arg>
<doc>Replaces ``search_for`` in the given ``string`` with ``replace_with``.</doc>
<status status="PASS" start="2025-02-02T17:00:12.111094" elapsed="0.000079"/>
</kw>
<kw name="Replace String" owner="String">
<msg time="2025-02-02T17:00:12.111267" level="INFO">${normalized} = 120
6</msg>
<var>${normalized}</var>
<arg>${normalized}</arg>
<arg>\r</arg>
<arg>\n</arg>
<doc>Replaces ``search_for`` in the given ``string`` with ``replace_with``.</doc>
<status status="PASS" start="2025-02-02T17:00:12.111211" elapsed="0.000064"/>
</kw>
<return>
<value>${normalized}</value>
<status status="PASS" start="2025-02-02T17:00:12.111294" elapsed="0.000034"/>
</return>
<msg time="2025-02-02T17:00:12.111376" level="INFO">${output} = 120
6</msg>
<var>${output}</var>
<arg>${output}</arg>
<status status="PASS" start="2025-02-02T17:00:12.110822" elapsed="0.000561"/>
</kw>
<kw name="Validate Code Output">
<kw name="Set Variable" owner="BuiltIn">
<msg time="2025-02-02T17:00:12.111634" level="INFO">${is_valid} = True</msg>
<var>${is_valid}</var>
<arg>${True}</arg>
<doc>Returns the given values which can then be assigned to a variables.</doc>
<status status="PASS" start="2025-02-02T17:00:12.111580" elapsed="0.000062"/>
</kw>
<kw name="Set Variable" owner="BuiltIn">
<msg time="2025-02-02T17:00:12.111917" level="INFO">${message} = </msg>
<var>${message}</var>
<arg>${EMPTY}</arg>
<doc>Returns the given values which can then be assigned to a variables.</doc>
<status status="PASS" start="2025-02-02T17:00:12.111710" elapsed="0.000216"/>
</kw>
<kw name="Strip String" owner="String">
<msg time="2025-02-02T17:00:12.112028" level="INFO">${output_stripped} = 120
6</msg>
<var>${output_stripped}</var>
<arg>${output}</arg>
<doc>Remove leading and/or trailing whitespaces from the given string.</doc>
<status status="PASS" start="2025-02-02T17:00:12.111967" elapsed="0.000071"/>
</kw>
<if>
<branch type="IF" condition="$status == &quot;success&quot; and $output_stripped == &quot;&quot;">
<kw name="Set Variable" owner="BuiltIn">
<var>${is_valid}</var>
<arg>${False}</arg>
<doc>Returns the given values which can then be assigned to a variables.</doc>
<status status="NOT RUN" start="2025-02-02T17:00:12.112223" elapsed="0.000007"/>
</kw>
<kw name="Set Variable" owner="BuiltIn">
<var>${message}</var>
<arg>No output generated from code execution</arg>
<doc>Returns the given values which can then be assigned to a variables.</doc>
<status status="NOT RUN" start="2025-02-02T17:00:12.112266" elapsed="0.000006"/>
</kw>
<status status="NOT RUN" start="2025-02-02T17:00:12.112067" elapsed="0.000218"/>
</branch>
<status status="PASS" start="2025-02-02T17:00:12.112059" elapsed="0.000236"/>
</if>
<return>
<value>${is_valid}</value>
<value>${message}</value>
<status status="PASS" start="2025-02-02T17:00:12.112311" elapsed="0.000017"/>
</return>
<msg time="2025-02-02T17:00:12.112403" level="INFO">${is_valid} = True</msg>
<msg time="2025-02-02T17:00:12.112418" level="INFO">${validation_message} = </msg>
<var>${is_valid}</var>
<var>${validation_message}</var>
<arg>${output}</arg>
<arg>${status}</arg>
<status status="PASS" start="2025-02-02T17:00:12.111467" elapsed="0.000958"/>
</kw>
<if>
<branch type="IF" condition="not ${is_valid}">
<kw name="Set Variable" owner="BuiltIn">
<var>${status}</var>
<arg>invalid_output</arg>
<doc>Returns the given values which can then be assigned to a variables.</doc>
<status status="NOT RUN" start="2025-02-02T17:00:12.112523" elapsed="0.000006"/>
</kw>
<kw name="Set Variable" owner="BuiltIn">
<var>${error_msg}</var>
<arg>${validation_message}</arg>
<doc>Returns the given values which can then be assigned to a variables.</doc>
<status status="NOT RUN" start="2025-02-02T17:00:12.112565" elapsed="0.000005"/>
</kw>
<status status="NOT RUN" start="2025-02-02T17:00:12.112453" elapsed="0.000129"/>
</branch>
<status status="PASS" start="2025-02-02T17:00:12.112447" elapsed="0.000144"/>
</if>
<status status="PASS" start="2025-02-02T17:00:12.090742" elapsed="0.021858"/>
</branch>
<branch type="EXCEPT" assign="${error}">
<kw name="Set Variable" owner="BuiltIn">
<var>${status}</var>
<arg>runtime_error</arg>
<doc>Returns the given values which can then be assigned to a variables.</doc>
<status status="NOT RUN" start="2025-02-02T17:00:12.112662" elapsed="0.000006"/>
</kw>
<kw name="Set Variable" owner="BuiltIn">
<var>${error_msg}</var>
<arg>${error}</arg>
<doc>Returns the given values which can then be assigned to a variables.</doc>
<status status="NOT RUN" start="2025-02-02T17:00:12.112701" elapsed="0.000005"/>
</kw>
<status status="NOT RUN" start="2025-02-02T17:00:12.112627" elapsed="0.000089"/>
</branch>
<status status="PASS" start="2025-02-02T17:00:12.090725" elapsed="0.022007"/>
</try>
<return>
<value>${status}</value>
<value>${output}</value>
<value>${error_msg}</value>
<status status="PASS" start="2025-02-02T17:00:12.112750" elapsed="0.000012"/>
</return>
<msg time="2025-02-02T17:00:12.112834" level="INFO">${student_status} = success</msg>
<msg time="2025-02-02T17:00:12.112848" level="INFO">${student_output} = 120
6</msg>
<msg time="2025-02-02T17:00:12.112860" level="INFO">${student_error} = </msg>
<var>${student_status}</var>
<var>${student_output}</var>
<var>${student_error}</var>
<arg>${student}[defaultCode]</arg>
<arg>${student}[language]</arg>
<status status="PASS" start="2025-02-02T17:00:12.089464" elapsed="0.023402"/>
</kw>
<kw name="Execute Code">
<kw name="Set Variable" owner="BuiltIn">
<msg time="2025-02-02T17:00:12.113372" level="INFO">${filename} = test</msg>
<var>${filename}</var>
<arg>test</arg>
<doc>Returns the given values which can then be assigned to a variables.</doc>
<status status="PASS" start="2025-02-02T17:00:12.113235" elapsed="0.000146"/>
</kw>
<kw name="Set Variable If" owner="BuiltIn">
<msg time="2025-02-02T17:00:12.113509" level="INFO">${ext} = .py</msg>
<var>${ext}</var>
<arg>'${language}' == 'python'</arg>
<arg>.py</arg>
<arg>'${language}' == 'cpp'</arg>
<arg>.cpp</arg>
<arg>'${language}' == 'rust'</arg>
<arg>.rs</arg>
<arg>'${language}' == 'javascript'</arg>
<arg>.js</arg>
<doc>Sets variable based on the given condition.</doc>
<status status="PASS" start="2025-02-02T17:00:12.113431" elapsed="0.000085"/>
</kw>
<kw name="Create File" owner="OperatingSystem">
<msg time="2025-02-02T17:00:12.113878" level="INFO" html="true">Created file '&lt;a href="file:///Users/tanakrit/Documents/GitHub/RobotFramewokForIDE/NewFormatOfRobot/temp/test.py"&gt;/Users/tanakrit/Documents/GitHub/RobotFramewokForIDE/NewFormatOfRobot/temp/test.py&lt;/a&gt;'.</msg>
<arg>${TEMP_DIR}/${filename}${ext}</arg>
<arg>${code}</arg>
<doc>Creates a file with the given content and encoding.</doc>
<status status="PASS" start="2025-02-02T17:00:12.113563" elapsed="0.000342"/>
</kw>
<kw name="Set Variable" owner="BuiltIn">
<msg time="2025-02-02T17:00:12.113986" level="INFO">${status} = success</msg>
<var>${status}</var>
<arg>success</arg>
<doc>Returns the given values which can then be assigned to a variables.</doc>
<status status="PASS" start="2025-02-02T17:00:12.113945" elapsed="0.000047"/>
</kw>
<kw name="Set Variable" owner="BuiltIn">
<msg time="2025-02-02T17:00:12.114255" level="INFO">${output} = </msg>
<var>${output}</var>
<arg>${EMPTY}</arg>
<doc>Returns the given values which can then be assigned to a variables.</doc>
<status status="PASS" start="2025-02-02T17:00:12.114028" elapsed="0.000235"/>
</kw>
<kw name="Set Variable" owner="BuiltIn">
<msg time="2025-02-02T17:00:12.114498" level="INFO">${error_msg} = </msg>
<var>${error_msg}</var>
<arg>${EMPTY}</arg>
<doc>Returns the given values which can then be assigned to a variables.</doc>
<status status="PASS" start="2025-02-02T17:00:12.114307" elapsed="0.000199"/>
</kw>
<try>
<branch type="TRY">
<if>
<branch type="IF" condition="$language == &quot;python&quot;">
<kw name="Run Process" owner="Process">
<msg time="2025-02-02T17:00:12.114745" level="INFO">Starting process:
python ./temp/test.py</msg>
<msg time="2025-02-02T17:00:12.119126" level="INFO">Waiting for process to complete.</msg>
<msg time="2025-02-02T17:00:12.135406" level="INFO">Process completed.</msg>
<msg time="2025-02-02T17:00:12.135610" level="INFO">${result} = &lt;result object with rc 0&gt;</msg>
<var>${result}</var>
<arg>${PYTHON_CMD}</arg>
<arg>${TEMP_DIR}/${filename}${ext}</arg>
<arg>shell=True</arg>
<doc>Runs a process and waits for it to complete.</doc>
<status status="PASS" start="2025-02-02T17:00:12.114634" elapsed="0.020992"/>
</kw>
<kw name="Set Variable" owner="BuiltIn">
<msg time="2025-02-02T17:00:12.136279" level="INFO">${output} = 120
6</msg>
<var>${output}</var>
<arg>${result.stdout}</arg>
<doc>Returns the given values which can then be assigned to a variables.</doc>
<status status="PASS" start="2025-02-02T17:00:12.135844" elapsed="0.000446"/>
</kw>
<kw name="Set Variable" owner="BuiltIn">
<msg time="2025-02-02T17:00:12.136560" level="INFO">${error_msg} = </msg>
<var>${error_msg}</var>
<arg>${result.stderr}</arg>
<doc>Returns the given values which can then be assigned to a variables.</doc>
<status status="PASS" start="2025-02-02T17:00:12.136355" elapsed="0.000214"/>
</kw>
<status status="PASS" start="2025-02-02T17:00:12.114556" elapsed="0.022032"/>
</branch>
<branch type="ELSE IF" condition="$language == &quot;javascript&quot;">
<kw name="Run Process" owner="Process">
<var>${result}</var>
<arg>${JAVASCRIPT_CMD}</arg>
<arg>${TEMP_DIR}/${filename}${ext}</arg>
<arg>shell=True</arg>
<doc>Runs a process and waits for it to complete.</doc>
<status status="NOT RUN" start="2025-02-02T17:00:12.136669" elapsed="0.000007"/>
</kw>
<kw name="Set Variable" owner="BuiltIn">
<var>${output}</var>
<arg>${result.stdout}</arg>
<doc>Returns the given values which can then be assigned to a variables.</doc>
<status status="NOT RUN" start="2025-02-02T17:00:12.136768" elapsed="0.000006"/>
</kw>
<kw name="Set Variable" owner="BuiltIn">
<var>${error_msg}</var>
<arg>${result.stderr}</arg>
<doc>Returns the given values which can then be assigned to a variables.</doc>
<status status="NOT RUN" start="2025-02-02T17:00:12.136806" elapsed="0.000005"/>
</kw>
<status status="NOT RUN" start="2025-02-02T17:00:12.136610" elapsed="0.000212"/>
</branch>
<branch type="ELSE IF" condition="$language == &quot;cpp&quot;">
<kw name="Run Process" owner="Process">
<var>${compile_result}</var>
<arg>${CPP_COMPILER}</arg>
<arg>${TEMP_DIR}/${filename}${ext}</arg>
<arg>-o</arg>
<arg>${TEMP_DIR}/${filename}</arg>
<arg>shell=True</arg>
<doc>Runs a process and waits for it to complete.</doc>
<status status="NOT RUN" start="2025-02-02T17:00:12.136865" elapsed="0.000005"/>
</kw>
<if>
<branch type="IF" condition="${compile_result.rc} == 0">
<kw name="Run Process" owner="Process">
<var>${result}</var>
<arg>${TEMP_DIR}/${filename}</arg>
<arg>shell=True</arg>
<doc>Runs a process and waits for it to complete.</doc>
<status status="NOT RUN" start="2025-02-02T17:00:12.136944" elapsed="0.000005"/>
</kw>
<kw name="Set Variable" owner="BuiltIn">
<var>${output}</var>
<arg>${result.stdout}</arg>
<doc>Returns the given values which can then be assigned to a variables.</doc>
<status status="NOT RUN" start="2025-02-02T17:00:12.136987" elapsed="0.000005"/>
</kw>
<kw name="Set Variable" owner="BuiltIn">
<var>${error_msg}</var>
<arg>${result.stderr}</arg>
<doc>Returns the given values which can then be assigned to a variables.</doc>
<status status="NOT RUN" start="2025-02-02T17:00:12.137028" elapsed="0.000004"/>
</kw>
<status status="NOT RUN" start="2025-02-02T17:00:12.136912" elapsed="0.000131"/>
</branch>
<branch type="ELSE">
<kw name="Set Variable" owner="BuiltIn">
<var>${status}</var>
<arg>compilation_error</arg>
<doc>Returns the given values which can then be assigned to a variables.</doc>
<status status="NOT RUN" start="2025-02-02T17:00:12.137080" elapsed="0.000005"/>
</kw>
<kw name="Set Variable" owner="BuiltIn">
<var>${error_msg}</var>
<arg>${compile_result.stderr}</arg>
<doc>Returns the given values which can then be assigned to a variables.</doc>
<status status="NOT RUN" start="2025-02-02T17:00:12.137117" elapsed="0.000005"/>
</kw>
<status status="NOT RUN" start="2025-02-02T17:00:12.137051" elapsed="0.000080"/>
</branch>
<status status="NOT RUN" start="2025-02-02T17:00:12.136901" elapsed="0.000237"/>
</if>
<status status="NOT RUN" start="2025-02-02T17:00:12.136831" elapsed="0.000317"/>
</branch>
<branch type="ELSE IF" condition="$language == &quot;rust&quot;">
<kw name="Run Process" owner="Process">
<var>${compile_result}</var>
<arg>${RUST_COMPILER}</arg>
<arg>${TEMP_DIR}/${filename}${ext}</arg>
<arg>-o</arg>
<arg>${TEMP_DIR}/${filename}</arg>
<arg>shell=True</arg>
<doc>Runs a process and waits for it to complete.</doc>
<status status="NOT RUN" start="2025-02-02T17:00:12.137187" elapsed="0.000005"/>
</kw>
<if>
<branch type="IF" condition="${compile_result.rc} == 0">
<kw name="Run Process" owner="Process">
<var>${result}</var>
<arg>${TEMP_DIR}/${filename}</arg>
<arg>shell=True</arg>
<doc>Runs a process and waits for it to complete.</doc>
<status status="NOT RUN" start="2025-02-02T17:00:12.137249" elapsed="0.000006"/>
</kw>
<kw name="Set Variable" owner="BuiltIn">
<var>${output}</var>
<arg>${result.stdout}</arg>
<doc>Returns the given values which can then be assigned to a variables.</doc>
<status status="NOT RUN" start="2025-02-02T17:00:12.137287" elapsed="0.000004"/>
</kw>
<kw name="Set Variable" owner="BuiltIn">
<var>${error_msg}</var>
<arg>${result.stderr}</arg>
<doc>Returns the given values which can then be assigned to a variables.</doc>
<status status="NOT RUN" start="2025-02-02T17:00:12.137320" elapsed="0.000004"/>
</kw>
<status status="NOT RUN" start="2025-02-02T17:00:12.137220" elapsed="0.000114"/>
</branch>
<branch type="ELSE">
<kw name="Set Variable" owner="BuiltIn">
<var>${status}</var>
<arg>compilation_error</arg>
<doc>Returns the given values which can then be assigned to a variables.</doc>
<status status="NOT RUN" start="2025-02-02T17:00:12.137369" elapsed="0.000005"/>
</kw>
<kw name="Set Variable" owner="BuiltIn">
<var>${error_msg}</var>
<arg>${compile_result.stderr}</arg>
<doc>Returns the given values which can then be assigned to a variables.</doc>
<status status="NOT RUN" start="2025-02-02T17:00:12.137403" elapsed="0.000005"/>
</kw>
<status status="NOT RUN" start="2025-02-02T17:00:12.137342" elapsed="0.000076"/>
</branch>
<status status="NOT RUN" start="2025-02-02T17:00:12.137214" elapsed="0.000211"/>
</if>
<status status="NOT RUN" start="2025-02-02T17:00:12.137156" elapsed="0.000279"/>
</branch>
<status status="PASS" start="2025-02-02T17:00:12.114551" elapsed="0.022892"/>
</if>
<kw name="Normalize Output">
<kw name="Strip String" owner="String">
<msg time="2025-02-02T17:00:12.137759" level="INFO">${normalized} = 120
6</msg>
<var>${normalized}</var>
<arg>${output}</arg>
<doc>Remove leading and/or trailing whitespaces from the given string.</doc>
<status status="PASS" start="2025-02-02T17:00:12.137691" elapsed="0.000077"/>
</kw>
<kw name="Replace String" owner="String">
<msg time="2025-02-02T17:00:12.137873" level="INFO">${normalized} = 120
6</msg>
<var>${normalized}</var>
<arg>${normalized}</arg>
<arg>\r\n</arg>
<arg>\n</arg>
<doc>Replaces ``search_for`` in the given ``string`` with ``replace_with``.</doc>
<status status="PASS" start="2025-02-02T17:00:12.137804" elapsed="0.000077"/>
</kw>
<kw name="Replace String" owner="String">
<msg time="2025-02-02T17:00:12.137975" level="INFO">${normalized} = 120
6</msg>
<var>${normalized}</var>
<arg>${normalized}</arg>
<arg>\r</arg>
<arg>\n</arg>
<doc>Replaces ``search_for`` in the given ``string`` with ``replace_with``.</doc>
<status status="PASS" start="2025-02-02T17:00:12.137918" elapsed="0.000065"/>
</kw>
<return>
<value>${normalized}</value>
<status status="PASS" start="2025-02-02T17:00:12.138003" elapsed="0.000027"/>
</return>
<msg time="2025-02-02T17:00:12.138080" level="INFO">${output} = 120
6</msg>
<var>${output}</var>
<arg>${output}</arg>
<status status="PASS" start="2025-02-02T17:00:12.137552" elapsed="0.000535"/>
</kw>
<kw name="Validate Code Output">
<kw name="Set Variable" owner="BuiltIn">
<msg time="2025-02-02T17:00:12.138352" level="INFO">${is_valid} = True</msg>
<var>${is_valid}</var>
<arg>${True}</arg>
<doc>Returns the given values which can then be assigned to a variables.</doc>
<status status="PASS" start="2025-02-02T17:00:12.138301" elapsed="0.000059"/>
</kw>
<kw name="Set Variable" owner="BuiltIn">
<msg time="2025-02-02T17:00:12.138589" level="INFO">${message} = </msg>
<var>${message}</var>
<arg>${EMPTY}</arg>
<doc>Returns the given values which can then be assigned to a variables.</doc>
<status status="PASS" start="2025-02-02T17:00:12.138397" elapsed="0.000201"/>
</kw>
<kw name="Strip String" owner="String">
<msg time="2025-02-02T17:00:12.138686" level="INFO">${output_stripped} = 120
6</msg>
<var>${output_stripped}</var>
<arg>${output}</arg>
<doc>Remove leading and/or trailing whitespaces from the given string.</doc>
<status status="PASS" start="2025-02-02T17:00:12.138634" elapsed="0.000059"/>
</kw>
<if>
<branch type="IF" condition="$status == &quot;success&quot; and $output_stripped == &quot;&quot;">
<kw name="Set Variable" owner="BuiltIn">
<var>${is_valid}</var>
<arg>${False}</arg>
<doc>Returns the given values which can then be assigned to a variables.</doc>
<status status="NOT RUN" start="2025-02-02T17:00:12.138846" elapsed="0.000006"/>
</kw>
<kw name="Set Variable" owner="BuiltIn">
<var>${message}</var>
<arg>No output generated from code execution</arg>
<doc>Returns the given values which can then be assigned to a variables.</doc>
<status status="NOT RUN" start="2025-02-02T17:00:12.138887" elapsed="0.000006"/>
</kw>
<status status="NOT RUN" start="2025-02-02T17:00:12.138716" elapsed="0.000217"/>
</branch>
<status status="PASS" start="2025-02-02T17:00:12.138710" elapsed="0.000232"/>
</if>
<return>
<value>${is_valid}</value>
<value>${message}</value>
<status status="PASS" start="2025-02-02T17:00:12.138956" elapsed="0.000012"/>
</return>
<msg time="2025-02-02T17:00:12.139030" level="INFO">${is_valid} = True</msg>
<msg time="2025-02-02T17:00:12.139044" level="INFO">${validation_message} = </msg>
<var>${is_valid}</var>
<var>${validation_message}</var>
<arg>${output}</arg>
<arg>${status}</arg>
<status status="PASS" start="2025-02-02T17:00:12.138181" elapsed="0.000870"/>
</kw>
<if>
<branch type="IF" condition="not ${is_valid}">
<kw name="Set Variable" owner="BuiltIn">
<var>${status}</var>
<arg>invalid_output</arg>
<doc>Returns the given values which can then be assigned to a variables.</doc>
<status status="NOT RUN" start="2025-02-02T17:00:12.139132" elapsed="0.000006"/>
</kw>
<kw name="Set Variable" owner="BuiltIn">
<var>${error_msg}</var>
<arg>${validation_message}</arg>
<doc>Returns the given values which can then be assigned to a variables.</doc>
<status status="NOT RUN" start="2025-02-02T17:00:12.139172" elapsed="0.000006"/>
</kw>
<status status="NOT RUN" start="2025-02-02T17:00:12.139075" elapsed="0.000114"/>
</branch>
<status status="PASS" start="2025-02-02T17:00:12.139070" elapsed="0.000126"/>
</if>
<status status="PASS" start="2025-02-02T17:00:12.114539" elapsed="0.024666"/>
</branch>
<branch type="EXCEPT" assign="${error}">
<kw name="Set Variable" owner="BuiltIn">
<var>${status}</var>
<arg>runtime_error</arg>
<doc>Returns the given values which can then be assigned to a variables.</doc>
<status status="NOT RUN" start="2025-02-02T17:00:12.139259" elapsed="0.000006"/>
</kw>
<kw name="Set Variable" owner="BuiltIn">
<var>${error_msg}</var>
<arg>${error}</arg>
<doc>Returns the given values which can then be assigned to a variables.</doc>
<status status="NOT RUN" start="2025-02-02T17:00:12.139296" elapsed="0.000005"/>
</kw>
<status status="NOT RUN" start="2025-02-02T17:00:12.139227" elapsed="0.000084"/>
</branch>
<status status="PASS" start="2025-02-02T17:00:12.114525" elapsed="0.024799"/>
</try>
<return>
<value>${status}</value>
<value>${output}</value>
<value>${error_msg}</value>
<status status="PASS" start="2025-02-02T17:00:12.139341" elapsed="0.000012"/>
</return>
<msg time="2025-02-02T17:00:12.139423" level="INFO">${teacher_status} = success</msg>
<msg time="2025-02-02T17:00:12.139440" level="INFO">${teacher_output} = 120
6</msg>
<msg time="2025-02-02T17:00:12.139461" level="INFO">${teacher_error} = </msg>
<var>${teacher_status}</var>
<var>${teacher_output}</var>
<var>${teacher_error}</var>
<arg>${teacher}[defaultCode]</arg>
<arg>${teacher}[language]</arg>
<status status="PASS" start="2025-02-02T17:00:12.113109" elapsed="0.026361"/>
</kw>
<kw name="Normalize Output">
<kw name="Strip String" owner="String">
<msg time="2025-02-02T17:00:12.139754" level="INFO">${normalized} = 120
6</msg>
<var>${normalized}</var>
<arg>${output}</arg>
<doc>Remove leading and/or trailing whitespaces from the given string.</doc>
<status status="PASS" start="2025-02-02T17:00:12.139692" elapsed="0.000072"/>
</kw>
<kw name="Replace String" owner="String">
<msg time="2025-02-02T17:00:12.139859" level="INFO">${normalized} = 120
6</msg>
<var>${normalized}</var>
<arg>${normalized}</arg>
<arg>\r\n</arg>
<arg>\n</arg>
<doc>Replaces ``search_for`` in the given ``string`` with ``replace_with``.</doc>
<status status="PASS" start="2025-02-02T17:00:12.139800" elapsed="0.000066"/>
</kw>
<kw name="Replace String" owner="String">
<msg time="2025-02-02T17:00:12.139955" level="INFO">${normalized} = 120
6</msg>
<var>${normalized}</var>
<arg>${normalized}</arg>
<arg>\r</arg>
<arg>\n</arg>
<doc>Replaces ``search_for`` in the given ``string`` with ``replace_with``.</doc>
<status status="PASS" start="2025-02-02T17:00:12.139901" elapsed="0.000061"/>
</kw>
<return>
<value>${normalized}</value>
<status status="PASS" start="2025-02-02T17:00:12.139986" elapsed="0.000012"/>
</return>
<msg time="2025-02-02T17:00:12.140039" level="INFO">${student_output} = 120
6</msg>
<var>${student_output}</var>
<arg>${student_output}</arg>
<status status="PASS" start="2025-02-02T17:00:12.139588" elapsed="0.000458"/>
</kw>
<kw name="Normalize Output">
<kw name="Strip String" owner="String">
<msg time="2025-02-02T17:00:12.140373" level="INFO">${normalized} = 120
6</msg>
<var>${normalized}</var>
<arg>${output}</arg>
<doc>Remove leading and/or trailing whitespaces from the given string.</doc>
<status status="PASS" start="2025-02-02T17:00:12.140321" elapsed="0.000060"/>
</kw>
<kw name="Replace String" owner="String">
<msg time="2025-02-02T17:00:12.140473" level="INFO">${normalized} = 120
6</msg>
<var>${normalized}</var>
<arg>${normalized}</arg>
<arg>\r\n</arg>
<arg>\n</arg>
<doc>Replaces ``search_for`` in the given ``string`` with ``replace_with``.</doc>
<status status="PASS" start="2025-02-02T17:00:12.140417" elapsed="0.000063"/>
</kw>
<kw name="Replace String" owner="String">
<msg time="2025-02-02T17:00:12.140568" level="INFO">${normalized} = 120
6</msg>
<var>${normalized}</var>
<arg>${normalized}</arg>
<arg>\r</arg>
<arg>\n</arg>
<doc>Replaces ``search_for`` in the given ``string`` with ``replace_with``.</doc>
<status status="PASS" start="2025-02-02T17:00:12.140515" elapsed="0.000060"/>
</kw>
<return>
<value>${normalized}</value>
<status status="PASS" start="2025-02-02T17:00:12.140592" elapsed="0.000009"/>
</return>
<msg time="2025-02-02T17:00:12.140640" level="INFO">${teacher_output} = 120
6</msg>
<var>${teacher_output}</var>
<arg>${teacher_output}</arg>
<status status="PASS" start="2025-02-02T17:00:12.140115" elapsed="0.000531"/>
</kw>
<kw name="Set Variable" owner="BuiltIn">
<msg time="2025-02-02T17:00:12.140765" level="INFO">${details} = Student output: "120
6"
Teacher output: "120
6"</msg>
<var>${details}</var>
<arg>Student output: "${student_output}"\nTeacher output: "${teacher_output}"</arg>
<doc>Returns the given values which can then be assigned to a variables.</doc>
<status status="PASS" start="2025-02-02T17:00:12.140701" elapsed="0.000071"/>
</kw>
<if>
<branch type="IF" condition="$student_status != &quot;success&quot;">
<kw name="Add Comparison Result">
<arg>${results}</arg>
<arg>FAIL</arg>
<arg>Student code error: ${student_output}</arg>
<arg>${student}[language]</arg>
<arg>${student_error}</arg>
<status status="NOT RUN" start="2025-02-02T17:00:12.140895" elapsed="0.000007"/>
</kw>
<status status="NOT RUN" start="2025-02-02T17:00:12.140812" elapsed="0.000106"/>
</branch>
<branch type="ELSE IF" condition="$teacher_status != &quot;success&quot;">
<kw name="Add Comparison Result">
<arg>${results}</arg>
<arg>FAIL</arg>
<arg>Teacher code error: ${teacher_output}</arg>
<arg>${student}[language]</arg>
<arg>${teacher_error}</arg>
<status status="NOT RUN" start="2025-02-02T17:00:12.140991" elapsed="0.000007"/>
</kw>
<status status="NOT RUN" start="2025-02-02T17:00:12.140926" elapsed="0.000085"/>
</branch>
<branch type="ELSE IF" condition="$student_output == $teacher_output">
<kw name="Add Comparison Result">
<kw name="Create Dictionary" owner="BuiltIn">
<msg time="2025-02-02T17:00:12.141579" level="INFO">${result} = {'status': 'PASS', 'details': 'Student output: "120\n6"\nTeacher output: "120\n6"', 'language': 'python', 'error': ''}</msg>
<var>${result}</var>
<arg>status=${status}</arg>
<arg>details=${details}</arg>
<arg>language=${language}</arg>
<arg>error=${error_msg}</arg>
<doc>Creates and returns a dictionary based on the given ``items``.</doc>
<status status="PASS" start="2025-02-02T17:00:12.141369" elapsed="0.000220"/>
</kw>
<kw name="Append To List" owner="Collections">
<arg>${results}</arg>
<arg>${result}</arg>
<doc>Adds ``values`` to the end of ``list``.</doc>
<status status="PASS" start="2025-02-02T17:00:12.141633" elapsed="0.000061"/>
</kw>
<arg>${results}</arg>
<arg>PASS</arg>
<arg>${details}</arg>
<arg>${student}[language]</arg>
<status status="PASS" start="2025-02-02T17:00:12.141085" elapsed="0.000629"/>
</kw>
<status status="PASS" start="2025-02-02T17:00:12.141019" elapsed="0.000708"/>
</branch>
<branch type="ELSE">
<kw name="Add Comparison Result">
<arg>${results}</arg>
<arg>FAIL</arg>
<arg>${details}</arg>
<arg>${student}[language]</arg>
<status status="NOT RUN" start="2025-02-02T17:00:12.141800" elapsed="0.000007"/>
</kw>
<status status="NOT RUN" start="2025-02-02T17:00:12.141760" elapsed="0.000059"/>
</branch>
<status status="PASS" start="2025-02-02T17:00:12.140805" elapsed="0.001021"/>
</if>
<kw name="Save Results">
<kw name="Evaluate" owner="BuiltIn">
<msg time="2025-02-02T17:00:12.142164" level="INFO">${json_string} = [
  {
    "status": "PASS",
    "details": "Student output: \"120\n6\"\nTeacher output: \"120\n6\"",
    "language": "python",
    "error": ""
  }
]</msg>
<var>${json_string}</var>
<arg>json.dumps($results, indent=2)</arg>
<arg>json</arg>
<doc>Evaluates the given expression in Python and returns the result.</doc>
<status status="PASS" start="2025-02-02T17:00:12.141976" elapsed="0.000198"/>
</kw>
<kw name="Create File" owner="OperatingSystem">
<msg time="2025-02-02T17:00:12.142500" level="INFO" html="true">Created file '&lt;a href="file:///Users/tanakrit/Documents/GitHub/RobotFramewokForIDE/NewFormatOfRobot/comparison_results.json"&gt;/Users/tanakrit/Documents/GitHub/RobotFramewokForIDE/NewFormatOfRobot/comparison_results.json&lt;/a&gt;'.</msg>
<arg>${RESULTS_FILE}</arg>
<arg>${json_string}</arg>
<doc>Creates a file with the given content and encoding.</doc>
<status status="PASS" start="2025-02-02T17:00:12.142217" elapsed="0.000309"/>
</kw>
<arg>${results}</arg>
<status status="PASS" start="2025-02-02T17:00:12.141881" elapsed="0.000668"/>
</kw>
<kw name="Cleanup Test Environment" type="TEARDOWN">
<kw name="Remove Directory" owner="OperatingSystem">
<msg time="2025-02-02T17:00:12.143026" level="INFO" html="true">Removed directory '&lt;a href="file:///Users/tanakrit/Documents/GitHub/RobotFramewokForIDE/NewFormatOfRobot/temp"&gt;/Users/tanakrit/Documents/GitHub/RobotFramewokForIDE/NewFormatOfRobot/temp&lt;/a&gt;'.</msg>
<arg>${TEMP_DIR}</arg>
<arg>recursive=True</arg>
<doc>Removes the directory pointed to by the given ``path``.</doc>
<status status="PASS" start="2025-02-02T17:00:12.142752" elapsed="0.000298"/>
</kw>
<status status="PASS" start="2025-02-02T17:00:12.142671" elapsed="0.000407"/>
</kw>
<doc>Compare student code output with teacher's expected results</doc>
<status status="PASS" start="2025-02-02T17:00:12.086716" elapsed="0.056391"/>
</test>
<status status="PASS" start="2025-02-02T17:00:12.020101" elapsed="0.123235"/>
</suite>
<statistics>
<total>
<stat pass="1" fail="0" skip="0">All Tests</stat>
</total>
<tag>
</tag>
<suite>
<stat pass="1" fail="0" skip="0" id="s1" name="Case1">Case1</stat>
</suite>
</statistics>
<errors>
</errors>
</robot>
