<?xml version="1.0" encoding="UTF-8"?>
<robot generator="Robot 7.1.1 (Python 3.11.4 on darwin)" generated="2025-02-13T01:19:57.358219" rpa="false" schemaversion="5">
<suite id="s1" name="Case2" source="/Users/tanakrit/Documents/GitHub/RobotFramewokForIDE/NewFormatOfRobot/Case2.robot">
<test id="s1-t1" name="Compare Student Code With Test Cases" line="365">
<kw name="Setup Test Environment" type="SETUP">
<kw name="Create Directory" owner="OperatingSystem">
<msg time="2025-02-13T01:19:57.412380" level="INFO" html="true">Created directory '&lt;a href="file:///Users/tanakrit/Documents/GitHub/RobotFramewokForIDE/NewFormatOfRobot/temp"&gt;/Users/tanakrit/Documents/GitHub/RobotFramewokForIDE/NewFormatOfRobot/temp&lt;/a&gt;'.</msg>
<arg>${TEMP_DIR}</arg>
<doc>Creates the specified directory.</doc>
<status status="PASS" start="2025-02-13T01:19:57.412228" elapsed="0.000182"/>
</kw>
<kw name="Load Json From File" owner="JSONLibrary">
<msg time="2025-02-13T01:19:57.412585" level="INFO">${student} = {'id': 4, 'student': 9, 'question': 2, 'labtest': 1, 'homework': None, 'version': 1, 'answerTo': 'labtest', 'marking': 5, 'content': 'def factorial(n):\r\n    if n == 0 or n == 1:\r\n        return 1\...</msg>
<var>${student}</var>
<arg>${STUDENT_FILE}</arg>
<doc>Load JSON from file.</doc>
<status status="PASS" start="2025-02-13T01:19:57.412466" elapsed="0.000129"/>
</kw>
<kw name="Load Json From File" owner="JSONLibrary">
<msg time="2025-02-13T01:19:57.412759" level="INFO">${teacher} = {'id': 4, 'title': 'L2Q2 Unicode', 'language': 'javascript', 'tag_list': ['other'], 'description': 'Write a program to read one character from keyboard and the program then prints out its Unicode in h...</msg>
<var>${teacher}</var>
<arg>${TEACHER_FILE}</arg>
<doc>Load JSON from file.</doc>
<status status="PASS" start="2025-02-13T01:19:57.412642" elapsed="0.000127"/>
</kw>
<kw name="Create Dictionary" owner="BuiltIn">
<msg time="2025-02-13T01:19:57.412889" level="INFO">${results} = {}</msg>
<var>${results}</var>
<doc>Creates and returns a dictionary based on the given ``items``.</doc>
<status status="PASS" start="2025-02-13T01:19:57.412817" elapsed="0.000080"/>
</kw>
<kw name="Get Current Date" owner="DateTime">
<msg time="2025-02-13T01:19:57.413022" level="INFO">${current_time} = 2025-02-13 01:19:57</msg>
<var>${current_time}</var>
<arg>result_format=%Y-%m-%d %H:%M:%S</arg>
<doc>Returns current local or UTC time with an optional increment.</doc>
<status status="PASS" start="2025-02-13T01:19:57.412939" elapsed="0.000091"/>
</kw>
<return>
<value>${student}</value>
<value>${teacher}</value>
<value>${results}</value>
<status status="PASS" start="2025-02-13T01:19:57.413050" elapsed="0.000019"/>
</return>
<status status="PASS" start="2025-02-13T01:19:57.411922" elapsed="0.001204"/>
</kw>
<kw name="Setup Test Environment">
<kw name="Create Directory" owner="OperatingSystem">
<msg time="2025-02-13T01:19:57.413389" level="INFO" html="true">Directory '&lt;a href="file:///Users/tanakrit/Documents/GitHub/RobotFramewokForIDE/NewFormatOfRobot/temp"&gt;/Users/tanakrit/Documents/GitHub/RobotFramewokForIDE/NewFormatOfRobot/temp&lt;/a&gt;' already exists.</msg>
<arg>${TEMP_DIR}</arg>
<doc>Creates the specified directory.</doc>
<status status="PASS" start="2025-02-13T01:19:57.413322" elapsed="0.000088"/>
</kw>
<kw name="Load Json From File" owner="JSONLibrary">
<msg time="2025-02-13T01:19:57.413555" level="INFO">${student} = {'id': 4, 'student': 9, 'question': 2, 'labtest': 1, 'homework': None, 'version': 1, 'answerTo': 'labtest', 'marking': 5, 'content': 'def factorial(n):\r\n    if n == 0 or n == 1:\r\n        return 1\...</msg>
<var>${student}</var>
<arg>${STUDENT_FILE}</arg>
<doc>Load JSON from file.</doc>
<status status="PASS" start="2025-02-13T01:19:57.413456" elapsed="0.000108"/>
</kw>
<kw name="Load Json From File" owner="JSONLibrary">
<msg time="2025-02-13T01:19:57.413709" level="INFO">${teacher} = {'id': 4, 'title': 'L2Q2 Unicode', 'language': 'javascript', 'tag_list': ['other'], 'description': 'Write a program to read one character from keyboard and the program then prints out its Unicode in h...</msg>
<var>${teacher}</var>
<arg>${TEACHER_FILE}</arg>
<doc>Load JSON from file.</doc>
<status status="PASS" start="2025-02-13T01:19:57.413608" elapsed="0.000110"/>
</kw>
<kw name="Create Dictionary" owner="BuiltIn">
<msg time="2025-02-13T01:19:57.413860" level="INFO">${results} = {}</msg>
<var>${results}</var>
<doc>Creates and returns a dictionary based on the given ``items``.</doc>
<status status="PASS" start="2025-02-13T01:19:57.413758" elapsed="0.000110"/>
</kw>
<kw name="Get Current Date" owner="DateTime">
<msg time="2025-02-13T01:19:57.413973" level="INFO">${current_time} = 2025-02-13 01:19:57</msg>
<var>${current_time}</var>
<arg>result_format=%Y-%m-%d %H:%M:%S</arg>
<doc>Returns current local or UTC time with an optional increment.</doc>
<status status="PASS" start="2025-02-13T01:19:57.413905" elapsed="0.000075"/>
</kw>
<return>
<value>${student}</value>
<value>${teacher}</value>
<value>${results}</value>
<status status="PASS" start="2025-02-13T01:19:57.413997" elapsed="0.000011"/>
</return>
<msg time="2025-02-13T01:19:57.414076" level="INFO">${student} = {'id': 4, 'student': 9, 'question': 2, 'labtest': 1, 'homework': None, 'version': 1, 'answerTo': 'labtest', 'marking': 5, 'content': 'def factorial(n):\r\n    if n == 0 or n == 1:\r\n        return 1\...</msg>
<msg time="2025-02-13T01:19:57.414098" level="INFO">${teacher} = {'id': 4, 'title': 'L2Q2 Unicode', 'language': 'javascript', 'tag_list': ['other'], 'description': 'Write a program to read one character from keyboard and the program then prints out its Unicode in h...</msg>
<msg time="2025-02-13T01:19:57.414110" level="INFO">${results} = {}</msg>
<var>${student}</var>
<var>${teacher}</var>
<var>${results}</var>
<status status="PASS" start="2025-02-13T01:19:57.413226" elapsed="0.000890"/>
</kw>
<kw name="Log Debug Info">
<kw name="Get Current Date" owner="DateTime">
<msg time="2025-02-13T01:19:57.414344" level="INFO">${timestamp} = 2025-02-13 01:19:57.414320</msg>
<var>${timestamp}</var>
<arg>result_format=%Y-%m-%d %H:%M:%S.%f</arg>
<doc>Returns current local or UTC time with an optional increment.</doc>
<status status="PASS" start="2025-02-13T01:19:57.414279" elapsed="0.000073"/>
</kw>
<kw name="Append To File" owner="OperatingSystem">
<msg time="2025-02-13T01:19:57.414540" level="INFO" html="true">Appended to file '&lt;a href="file:///Users/tanakrit/Documents/GitHub/RobotFramewokForIDE/NewFormatOfRobot/execution.log"&gt;/Users/tanakrit/Documents/GitHub/RobotFramewokForIDE/NewFormatOfRobot/execution.log&lt;/a&gt;'.</msg>
<arg>${LOG_FILE}</arg>
<arg>${timestamp}: ${message}\n</arg>
<doc>Appends the given content to the specified file.</doc>
<status status="PASS" start="2025-02-13T01:19:57.414390" elapsed="0.000170"/>
</kw>
<arg>Starting test execution</arg>
<status status="PASS" start="2025-02-13T01:19:57.414186" elapsed="0.000399"/>
</kw>
<kw name="Set Variable" owner="BuiltIn">
<msg time="2025-02-13T01:19:57.414710" level="INFO">@{test_cases} = [ {'input': '0', 'expected': '1'} | {'input': '1', 'expected': '2'} | {'input': '2', 'expected': '4'} | {'input': '3', 'expected': '8'} | {'input': '4', 'expected': '16'} | {'input': '5', 'expected': ...</msg>
<var>@{test_cases}</var>
<arg>${teacher}[testcase]</arg>
<doc>Returns the given values which can then be assigned to a variables.</doc>
<status status="PASS" start="2025-02-13T01:19:57.414641" elapsed="0.000078"/>
</kw>
<kw name="Set Variable" owner="BuiltIn">
<msg time="2025-02-13T01:19:57.414823" level="INFO">${code} = use std::io;

fn main() {
    println!("Enter a value for x:");
    let mut input = String::new();
    io::stdin().read_line(&amp;mut input).expect("Failed to read line");
    
    let x: u32 = input.trim...</msg>
<var>${code}</var>
<arg>${student}[defaultCode]</arg>
<doc>Returns the given values which can then be assigned to a variables.</doc>
<status status="PASS" start="2025-02-13T01:19:57.414772" elapsed="0.000059"/>
</kw>
<kw name="Set Variable" owner="BuiltIn">
<msg time="2025-02-13T01:19:57.414931" level="INFO">${language} = rust</msg>
<var>${language}</var>
<arg>${student}[language]</arg>
<doc>Returns the given values which can then be assigned to a variables.</doc>
<status status="PASS" start="2025-02-13T01:19:57.414879" elapsed="0.000059"/>
</kw>
<for flavor="IN ENUMERATE">
<iter>
<kw name="Evaluate" owner="BuiltIn">
<msg time="2025-02-13T01:19:57.415213" level="INFO">${case_number} = 1</msg>
<var>${case_number}</var>
<arg>${index} + 1</arg>
<doc>Evaluates the given expression in Python and returns the result.</doc>
<status status="PASS" start="2025-02-13T01:19:57.415142" elapsed="0.000080"/>
</kw>
<kw name="Log Debug Info">
<kw name="Get Current Date" owner="DateTime">
<msg time="2025-02-13T01:19:57.415422" level="INFO">${timestamp} = 2025-02-13 01:19:57.415400</msg>
<var>${timestamp}</var>
<arg>result_format=%Y-%m-%d %H:%M:%S.%f</arg>
<doc>Returns current local or UTC time with an optional increment.</doc>
<status status="PASS" start="2025-02-13T01:19:57.415363" elapsed="0.000067"/>
</kw>
<kw name="Append To File" owner="OperatingSystem">
<msg time="2025-02-13T01:19:57.415577" level="INFO" html="true">Appended to file '&lt;a href="file:///Users/tanakrit/Documents/GitHub/RobotFramewokForIDE/NewFormatOfRobot/execution.log"&gt;/Users/tanakrit/Documents/GitHub/RobotFramewokForIDE/NewFormatOfRobot/execution.log&lt;/a&gt;'.</msg>
<arg>${LOG_FILE}</arg>
<arg>${timestamp}: ${message}\n</arg>
<doc>Appends the given content to the specified file.</doc>
<status status="PASS" start="2025-02-13T01:19:57.415464" elapsed="0.000131"/>
</kw>
<arg>Processing test case ${case_number}</arg>
<status status="PASS" start="2025-02-13T01:19:57.415268" elapsed="0.000353"/>
</kw>
<kw name="Run Keyword And Return Status" owner="BuiltIn">
<kw name="Should Not Be Empty" owner="BuiltIn">
<msg time="2025-02-13T01:19:57.415755" level="INFO">Length is 314.</msg>
<arg>${code}</arg>
<doc>Verifies that the given item is not empty.</doc>
<status status="PASS" start="2025-02-13T01:19:57.415713" elapsed="0.000055"/>
</kw>
<msg time="2025-02-13T01:19:57.415793" level="INFO">${code_exists} = True</msg>
<var>${code_exists}</var>
<arg>Should Not Be Empty</arg>
<arg>${code}</arg>
<doc>Runs the given keyword with given arguments and returns the status as a Boolean value.</doc>
<status status="PASS" start="2025-02-13T01:19:57.415661" elapsed="0.000138"/>
</kw>
<if>
<branch type="IF" condition="not ${code_exists}">
<kw name="Handle Invalid Code">
<arg>${results}</arg>
<arg>${case_number}</arg>
<arg>${test_case}[expected]</arg>
<arg>${test_case}[input]</arg>
<arg>${language}</arg>
<status status="NOT RUN" start="2025-02-13T01:19:57.415896" elapsed="0.000008"/>
</kw>
<kw name="Continue For Loop" owner="BuiltIn">
<doc>Skips the current FOR loop iteration and continues from the next.</doc>
<status status="NOT RUN" start="2025-02-13T01:19:57.415940" elapsed="0.000005"/>
</kw>
<status status="NOT RUN" start="2025-02-13T01:19:57.415830" elapsed="0.000124"/>
</branch>
<status status="PASS" start="2025-02-13T01:19:57.415822" elapsed="0.000142"/>
</if>
<kw name="Execute Code With Input">
<kw name="Set Variable" owner="BuiltIn">
<msg time="2025-02-13T01:19:57.416309" level="INFO">${filename} = test</msg>
<var>${filename}</var>
<arg>test</arg>
<doc>Returns the given values which can then be assigned to a variables.</doc>
<status status="PASS" start="2025-02-13T01:19:57.416267" elapsed="0.000049"/>
</kw>
<kw name="Set Variable If" owner="BuiltIn">
<msg time="2025-02-13T01:19:57.416450" level="INFO">${ext} = .rs</msg>
<var>${ext}</var>
<arg>'${language}' == 'python'</arg>
<arg>.py</arg>
<arg>'${language}' == 'cpp'</arg>
<arg>.cpp</arg>
<arg>'${language}' == 'rust'</arg>
<arg>.rs</arg>
<arg>'${language}' == 'javascript'</arg>
<arg>.js</arg>
<doc>Sets variable based on the given condition.</doc>
<status status="PASS" start="2025-02-13T01:19:57.416355" elapsed="0.000102"/>
</kw>
<kw name="Log Debug Info">
<kw name="Get Current Date" owner="DateTime">
<msg time="2025-02-13T01:19:57.416657" level="INFO">${timestamp} = 2025-02-13 01:19:57.416631</msg>
<var>${timestamp}</var>
<arg>result_format=%Y-%m-%d %H:%M:%S.%f</arg>
<doc>Returns current local or UTC time with an optional increment.</doc>
<status status="PASS" start="2025-02-13T01:19:57.416596" elapsed="0.000070"/>
</kw>
<kw name="Append To File" owner="OperatingSystem">
<msg time="2025-02-13T01:19:57.417249" level="INFO" html="true">Appended to file '&lt;a href="file:///Users/tanakrit/Documents/GitHub/RobotFramewokForIDE/NewFormatOfRobot/execution.log"&gt;/Users/tanakrit/Documents/GitHub/RobotFramewokForIDE/NewFormatOfRobot/execution.log&lt;/a&gt;'.</msg>
<arg>${LOG_FILE}</arg>
<arg>${timestamp}: ${message}\n</arg>
<doc>Appends the given content to the specified file.</doc>
<status status="PASS" start="2025-02-13T01:19:57.416701" elapsed="0.000568"/>
</kw>
<arg>Executing code in ${language}:\n${code}</arg>
<status status="PASS" start="2025-02-13T01:19:57.416501" elapsed="0.000794"/>
</kw>
<kw name="Log Debug Info">
<kw name="Get Current Date" owner="DateTime">
<msg time="2025-02-13T01:19:57.417502" level="INFO">${timestamp} = 2025-02-13 01:19:57.417476</msg>
<var>${timestamp}</var>
<arg>result_format=%Y-%m-%d %H:%M:%S.%f</arg>
<doc>Returns current local or UTC time with an optional increment.</doc>
<status status="PASS" start="2025-02-13T01:19:57.417439" elapsed="0.000073"/>
</kw>
<kw name="Append To File" owner="OperatingSystem">
<msg time="2025-02-13T01:19:57.417800" level="INFO" html="true">Appended to file '&lt;a href="file:///Users/tanakrit/Documents/GitHub/RobotFramewokForIDE/NewFormatOfRobot/execution.log"&gt;/Users/tanakrit/Documents/GitHub/RobotFramewokForIDE/NewFormatOfRobot/execution.log&lt;/a&gt;'.</msg>
<arg>${LOG_FILE}</arg>
<arg>${timestamp}: ${message}\n</arg>
<doc>Appends the given content to the specified file.</doc>
<status status="PASS" start="2025-02-13T01:19:57.417549" elapsed="0.000286"/>
</kw>
<arg>Input values: ${input}</arg>
<status status="PASS" start="2025-02-13T01:19:57.417343" elapsed="0.000554"/>
</kw>
<kw name="Create File" owner="OperatingSystem">
<msg time="2025-02-13T01:19:57.418195" level="INFO" html="true">Created file '&lt;a href="file:///Users/tanakrit/Documents/GitHub/RobotFramewokForIDE/NewFormatOfRobot/temp/test.rs"&gt;/Users/tanakrit/Documents/GitHub/RobotFramewokForIDE/NewFormatOfRobot/temp/test.rs&lt;/a&gt;'.</msg>
<arg>${TEMP_DIR}/${filename}${ext}</arg>
<arg>${code}</arg>
<doc>Creates a file with the given content and encoding.</doc>
<status status="PASS" start="2025-02-13T01:19:57.417951" elapsed="0.000270"/>
</kw>
<kw name="Prepare Input File">
<kw name="Run Keyword And Return Status" owner="BuiltIn">
<kw name="Variable Should Exist" owner="BuiltIn">
<arg>${input}</arg>
<doc>Fails unless the given variable exists within the current scope.</doc>
<status status="PASS" start="2025-02-13T01:19:57.418508" elapsed="0.000060"/>
</kw>
<msg time="2025-02-13T01:19:57.418598" level="INFO">${input_exists} = True</msg>
<var>${input_exists}</var>
<arg>Variable Should Exist</arg>
<arg>${input}</arg>
<doc>Runs the given keyword with given arguments and returns the status as a Boolean value.</doc>
<status status="PASS" start="2025-02-13T01:19:57.418444" elapsed="0.000162"/>
</kw>
<kw name="Run Keyword And Return Status" owner="BuiltIn">
<kw name="Should Not Be Equal" owner="BuiltIn">
<arg>${input}</arg>
<arg>None</arg>
<doc>Fails if the given objects are equal.</doc>
<status status="PASS" start="2025-02-13T01:19:57.418701" elapsed="0.000062"/>
</kw>
<msg time="2025-02-13T01:19:57.418792" level="INFO">${input_not_none} = True</msg>
<var>${input_not_none}</var>
<arg>Should Not Be Equal</arg>
<arg>${input}</arg>
<arg>None</arg>
<doc>Runs the given keyword with given arguments and returns the status as a Boolean value.</doc>
<status status="PASS" start="2025-02-13T01:19:57.418649" elapsed="0.000150"/>
</kw>
<kw name="Evaluate" owner="BuiltIn">
<msg time="2025-02-13T01:19:57.418925" level="INFO">${should_create_input} = True</msg>
<var>${should_create_input}</var>
<arg>${input_exists} and ${input_not_none}</arg>
<doc>Evaluates the given expression in Python and returns the result.</doc>
<status status="PASS" start="2025-02-13T01:19:57.418841" elapsed="0.000092"/>
</kw>
<if>
<branch type="IF" condition="${should_create_input}">
<kw name="Replace String" owner="String">
<msg time="2025-02-13T01:19:57.419103" level="INFO">${normalized_input} = 0</msg>
<var>${normalized_input}</var>
<arg>${input}</arg>
<arg>\r\n</arg>
<arg>\n</arg>
<doc>Replaces ``search_for`` in the given ``string`` with ``replace_with``.</doc>
<status status="PASS" start="2025-02-13T01:19:57.419040" elapsed="0.000071"/>
</kw>
<kw name="Run Keyword And Return Status" owner="BuiltIn">
<kw name="Should End With" owner="BuiltIn">
<msg time="2025-02-13T01:19:57.419289" level="FAIL">'0' does not end with '
'</msg>
<arg>${normalized_input}</arg>
<arg>\n</arg>
<doc>Fails if the string ``str1`` does not end with the string ``str2``.</doc>
<status status="FAIL" start="2025-02-13T01:19:57.419209" elapsed="0.000134">'0' does not end with '
'</status>
</kw>
<msg time="2025-02-13T01:19:57.419381" level="INFO">${has_newline} = False</msg>
<var>${has_newline}</var>
<arg>Should End With</arg>
<arg>${normalized_input}</arg>
<arg>\n</arg>
<doc>Runs the given keyword with given arguments and returns the status as a Boolean value.</doc>
<status status="PASS" start="2025-02-13T01:19:57.419156" elapsed="0.000233"/>
</kw>
<if>
<branch type="IF" condition="not ${has_newline}">
<kw name="Set Variable" owner="BuiltIn">
<msg time="2025-02-13T01:19:57.419536" level="INFO">${normalized_input} = 0
</msg>
<var>${normalized_input}</var>
<arg>${normalized_input}\n</arg>
<doc>Returns the given values which can then be assigned to a variables.</doc>
<status status="PASS" start="2025-02-13T01:19:57.419480" elapsed="0.000063"/>
</kw>
<status status="PASS" start="2025-02-13T01:19:57.419417" elapsed="0.000139"/>
</branch>
<status status="PASS" start="2025-02-13T01:19:57.419410" elapsed="0.000157"/>
</if>
<kw name="Create File" owner="OperatingSystem">
<msg time="2025-02-13T01:19:57.419808" level="INFO" html="true">Created file '&lt;a href="file:///Users/tanakrit/Documents/GitHub/RobotFramewokForIDE/NewFormatOfRobot/temp/input.txt"&gt;/Users/tanakrit/Documents/GitHub/RobotFramewokForIDE/NewFormatOfRobot/temp/input.txt&lt;/a&gt;'.</msg>
<arg>${TEMP_DIR}/input.txt</arg>
<arg>${normalized_input}</arg>
<arg>encoding=UTF-8</arg>
<doc>Creates a file with the given content and encoding.</doc>
<status status="PASS" start="2025-02-13T01:19:57.419602" elapsed="0.000229"/>
</kw>
<kw name="Log Debug Info">
<kw name="Get Current Date" owner="DateTime">
<msg time="2025-02-13T01:19:57.420050" level="INFO">${timestamp} = 2025-02-13 01:19:57.420021</msg>
<var>${timestamp}</var>
<arg>result_format=%Y-%m-%d %H:%M:%S.%f</arg>
<doc>Returns current local or UTC time with an optional increment.</doc>
<status status="PASS" start="2025-02-13T01:19:57.419980" elapsed="0.000078"/>
</kw>
<kw name="Append To File" owner="OperatingSystem">
<msg time="2025-02-13T01:19:57.420219" level="INFO" html="true">Appended to file '&lt;a href="file:///Users/tanakrit/Documents/GitHub/RobotFramewokForIDE/NewFormatOfRobot/execution.log"&gt;/Users/tanakrit/Documents/GitHub/RobotFramewokForIDE/NewFormatOfRobot/execution.log&lt;/a&gt;'.</msg>
<arg>${LOG_FILE}</arg>
<arg>${timestamp}: ${message}\n</arg>
<doc>Appends the given content to the specified file.</doc>
<status status="PASS" start="2025-02-13T01:19:57.420101" elapsed="0.000149"/>
</kw>
<arg>Created input file with content: ${normalized_input}</arg>
<status status="PASS" start="2025-02-13T01:19:57.419879" elapsed="0.000392"/>
</kw>
<return>
<value>${True}</value>
<value>${TEMP_DIR}/input.txt</value>
<status status="PASS" start="2025-02-13T01:19:57.420287" elapsed="0.000013"/>
</return>
<status status="PASS" start="2025-02-13T01:19:57.418988" elapsed="0.001327"/>
</branch>
<status status="PASS" start="2025-02-13T01:19:57.418980" elapsed="0.001345"/>
</if>
<return>
<value>${False}</value>
<value>${EMPTY}</value>
<status status="NOT RUN" start="2025-02-13T01:19:57.420344" elapsed="0.000005"/>
</return>
<msg time="2025-02-13T01:19:57.420411" level="INFO">${has_input} = True</msg>
<msg time="2025-02-13T01:19:57.420424" level="INFO">${input_file} = ./temp/input.txt</msg>
<var>${has_input}</var>
<var>${input_file}</var>
<arg>${input}</arg>
<status status="PASS" start="2025-02-13T01:19:57.418322" elapsed="0.002109"/>
</kw>
<kw name="Set Variable" owner="BuiltIn">
<msg time="2025-02-13T01:19:57.420514" level="INFO">${status} = success</msg>
<var>${status}</var>
<arg>success</arg>
<doc>Returns the given values which can then be assigned to a variables.</doc>
<status status="PASS" start="2025-02-13T01:19:57.420472" elapsed="0.000049"/>
</kw>
<kw name="Set Variable" owner="BuiltIn">
<msg time="2025-02-13T01:19:57.420786" level="INFO">${output} = </msg>
<var>${output}</var>
<arg>${EMPTY}</arg>
<doc>Returns the given values which can then be assigned to a variables.</doc>
<status status="PASS" start="2025-02-13T01:19:57.420559" elapsed="0.000235"/>
</kw>
<try>
<branch type="TRY">
<if>
<branch type="IF" condition="'${language}' == 'python'">
<kw name="Execute Python Code">
<var>${result}</var>
<arg>${TEMP_DIR}/${filename}${ext}</arg>
<arg>${has_input}</arg>
<arg>${input_file}</arg>
<status status="NOT RUN" start="2025-02-13T01:19:57.420944" elapsed="0.000007"/>
</kw>
<if>
<branch type="IF" condition="${result.rc} != 0">
<kw name="Set Variable" owner="BuiltIn">
<var>${status}</var>
<arg>runtime_error</arg>
<doc>Returns the given values which can then be assigned to a variables.</doc>
<status status="NOT RUN" start="2025-02-13T01:19:57.421140" elapsed="0.000007"/>
</kw>
<kw name="Set Variable" owner="BuiltIn">
<var>${output}</var>
<arg>${result.stdout}</arg>
<doc>Returns the given values which can then be assigned to a variables.</doc>
<status status="NOT RUN" start="2025-02-13T01:19:57.421186" elapsed="0.000005"/>
</kw>
<kw name="Log Debug Info">
<arg>Python runtime error: ${result.stdout}</arg>
<status status="NOT RUN" start="2025-02-13T01:19:57.421229" elapsed="0.000006"/>
</kw>
<status status="NOT RUN" start="2025-02-13T01:19:57.420979" elapsed="0.000266"/>
</branch>
<branch type="ELSE">
<kw name="Get Final Output">
<var>${raw_output}</var>
<arg>${result.stdout}</arg>
<status status="NOT RUN" start="2025-02-13T01:19:57.421379" elapsed="0.000009"/>
</kw>
<kw name="Normalize Output">
<var>${output}</var>
<arg>${raw_output}</arg>
<status status="NOT RUN" start="2025-02-13T01:19:57.421680" elapsed="0.000012"/>
</kw>
<kw name="Log Debug Info">
<arg>Python final output: ${output}</arg>
<status status="NOT RUN" start="2025-02-13T01:19:57.421743" elapsed="0.000008"/>
</kw>
<status status="NOT RUN" start="2025-02-13T01:19:57.421255" elapsed="0.000508"/>
</branch>
<status status="NOT RUN" start="2025-02-13T01:19:57.420972" elapsed="0.000802"/>
</if>
<status status="NOT RUN" start="2025-02-13T01:19:57.420852" elapsed="0.000933"/>
</branch>
<branch type="ELSE IF" condition="'${language}' == 'cpp'">
<kw name="Execute CPP Code">
<var>${exec_status}</var>
<var>${result}</var>
<arg>${TEMP_DIR}/${filename}${ext}</arg>
<arg>${has_input}</arg>
<arg>${input_file}</arg>
<status status="NOT RUN" start="2025-02-13T01:19:57.421912" elapsed="0.000008"/>
</kw>
<if>
<branch type="IF" condition="'${exec_status}' == 'success'">
<kw name="Get Final Output">
<var>${raw_output}</var>
<arg>${result.stdout}</arg>
<status status="NOT RUN" start="2025-02-13T01:19:57.422025" elapsed="0.000006"/>
</kw>
<kw name="Normalize Output">
<var>${output}</var>
<arg>${raw_output}</arg>
<status status="NOT RUN" start="2025-02-13T01:19:57.422123" elapsed="0.000007"/>
</kw>
<kw name="Log Debug Info">
<arg>C++ final output: ${output}</arg>
<status status="NOT RUN" start="2025-02-13T01:19:57.422165" elapsed="0.000006"/>
</kw>
<status status="NOT RUN" start="2025-02-13T01:19:57.421949" elapsed="0.000231"/>
</branch>
<branch type="ELSE">
<kw name="Set Variable" owner="BuiltIn">
<var>${status}</var>
<arg>${exec_status}</arg>
<doc>Returns the given values which can then be assigned to a variables.</doc>
<status status="NOT RUN" start="2025-02-13T01:19:57.422231" elapsed="0.000007"/>
</kw>
<kw name="Set Variable" owner="BuiltIn">
<var>${output}</var>
<arg>${result.stdout}</arg>
<doc>Returns the given values which can then be assigned to a variables.</doc>
<status status="NOT RUN" start="2025-02-13T01:19:57.422274" elapsed="0.000006"/>
</kw>
<status status="NOT RUN" start="2025-02-13T01:19:57.422190" elapsed="0.000126"/>
</branch>
<status status="NOT RUN" start="2025-02-13T01:19:57.421942" elapsed="0.000384"/>
</if>
<status status="NOT RUN" start="2025-02-13T01:19:57.421794" elapsed="0.000541"/>
</branch>
<branch type="ELSE IF" condition="'${language}' == 'rust'">
<kw name="Execute Rust Code">
<kw name="Run Process" owner="Process">
<msg time="2025-02-13T01:19:57.422689" level="INFO">Starting process:
rustc ./temp/test.rs -o ./temp/program</msg>
<msg time="2025-02-13T01:19:57.425269" level="INFO">Waiting for process to complete.</msg>
<msg time="2025-02-13T01:19:57.526778" level="INFO">Process completed.</msg>
<msg time="2025-02-13T01:19:57.527035" level="INFO">${compile_result} = &lt;result object with rc 0&gt;</msg>
<var>${compile_result}</var>
<arg>${RUST_COMPILER}</arg>
<arg>${filename}</arg>
<arg>-o</arg>
<arg>${TEMP_DIR}/program</arg>
<arg>shell=True</arg>
<arg>stderr=STDOUT</arg>
<doc>Runs a process and waits for it to complete.</doc>
<status status="PASS" start="2025-02-13T01:19:57.422579" elapsed="0.104476"/>
</kw>
<kw name="Log Debug Info">
<kw name="Get Current Date" owner="DateTime">
<msg time="2025-02-13T01:19:57.527962" level="INFO">${timestamp} = 2025-02-13 01:19:57.527915</msg>
<var>${timestamp}</var>
<arg>result_format=%Y-%m-%d %H:%M:%S.%f</arg>
<doc>Returns current local or UTC time with an optional increment.</doc>
<status status="PASS" start="2025-02-13T01:19:57.527843" elapsed="0.000130"/>
</kw>
<kw name="Append To File" owner="OperatingSystem">
<msg time="2025-02-13T01:19:57.528255" level="INFO" html="true">Appended to file '&lt;a href="file:///Users/tanakrit/Documents/GitHub/RobotFramewokForIDE/NewFormatOfRobot/execution.log"&gt;/Users/tanakrit/Documents/GitHub/RobotFramewokForIDE/NewFormatOfRobot/execution.log&lt;/a&gt;'.</msg>
<arg>${LOG_FILE}</arg>
<arg>${timestamp}: ${message}\n</arg>
<doc>Appends the given content to the specified file.</doc>
<status status="PASS" start="2025-02-13T01:19:57.528021" elapsed="0.000260"/>
</kw>
<arg>Rust compilation result: ${compile_result.stdout}</arg>
<status status="PASS" start="2025-02-13T01:19:57.527359" elapsed="0.000947"/>
</kw>
<if>
<branch type="IF" condition="${compile_result.rc} == 0">
<if>
<branch type="IF" condition="${has_input}">
<kw name="Run Process" owner="Process">
<msg time="2025-02-13T01:19:57.528836" level="INFO">Starting process:
./temp/program</msg>
<msg time="2025-02-13T01:19:57.530596" level="INFO">Waiting for process to complete.</msg>
<msg time="2025-02-13T01:19:57.691138" level="INFO">Process completed.</msg>
<msg time="2025-02-13T01:19:57.691335" level="INFO">${result} = &lt;result object with rc 0&gt;</msg>
<var>${result}</var>
<arg>${TEMP_DIR}/program</arg>
<arg>stdin=${input_file}</arg>
<arg>shell=True</arg>
<arg>stderr=STDOUT</arg>
<arg>stdout=STDOUT</arg>
<doc>Runs a process and waits for it to complete.</doc>
<status status="PASS" start="2025-02-13T01:19:57.528637" elapsed="0.162717"/>
</kw>
<status status="PASS" start="2025-02-13T01:19:57.528581" elapsed="0.162836"/>
</branch>
<branch type="ELSE">
<kw name="Run Process" owner="Process">
<var>${result}</var>
<arg>${TEMP_DIR}/program</arg>
<arg>shell=True</arg>
<arg>stderr=STDOUT</arg>
<arg>stdout=STDOUT</arg>
<doc>Runs a process and waits for it to complete.</doc>
<status status="NOT RUN" start="2025-02-13T01:19:57.691611" elapsed="0.000012"/>
</kw>
<status status="NOT RUN" start="2025-02-13T01:19:57.691443" elapsed="0.000196"/>
</branch>
<status status="PASS" start="2025-02-13T01:19:57.528575" elapsed="0.163073"/>
</if>
<kw name="Log Debug Info">
<kw name="Get Current Date" owner="DateTime">
<msg time="2025-02-13T01:19:57.692991" level="INFO">${timestamp} = 2025-02-13 01:19:57.692911</msg>
<var>${timestamp}</var>
<arg>result_format=%Y-%m-%d %H:%M:%S.%f</arg>
<doc>Returns current local or UTC time with an optional increment.</doc>
<status status="PASS" start="2025-02-13T01:19:57.692774" elapsed="0.000241"/>
</kw>
<kw name="Append To File" owner="OperatingSystem">
<msg time="2025-02-13T01:19:57.693478" level="INFO" html="true">Appended to file '&lt;a href="file:///Users/tanakrit/Documents/GitHub/RobotFramewokForIDE/NewFormatOfRobot/execution.log"&gt;/Users/tanakrit/Documents/GitHub/RobotFramewokForIDE/NewFormatOfRobot/execution.log&lt;/a&gt;'.</msg>
<arg>${LOG_FILE}</arg>
<arg>${timestamp}: ${message}\n</arg>
<doc>Appends the given content to the specified file.</doc>
<status status="PASS" start="2025-02-13T01:19:57.693111" elapsed="0.000409"/>
</kw>
<arg>Rust execution output:\n${result.stdout}</arg>
<status status="PASS" start="2025-02-13T01:19:57.691868" elapsed="0.001687"/>
</kw>
<return>
<value>success</value>
<value>${result}</value>
<status status="PASS" start="2025-02-13T01:19:57.693572" elapsed="0.000029"/>
</return>
<status status="PASS" start="2025-02-13T01:19:57.528358" elapsed="0.165257"/>
</branch>
<branch type="ELSE">
<return>
<value>compilation_error</value>
<value>${compile_result}</value>
<status status="NOT RUN" start="2025-02-13T01:19:57.693639" elapsed="0.000004"/>
</return>
<status status="NOT RUN" start="2025-02-13T01:19:57.693625" elapsed="0.000028"/>
</branch>
<status status="PASS" start="2025-02-13T01:19:57.528345" elapsed="0.165316"/>
</if>
<msg time="2025-02-13T01:19:57.693716" level="INFO">${exec_status} = success</msg>
<msg time="2025-02-13T01:19:57.693729" level="INFO">${result} = &lt;result object with rc 0&gt;</msg>
<var>${exec_status}</var>
<var>${result}</var>
<arg>${TEMP_DIR}/${filename}${ext}</arg>
<arg>${has_input}</arg>
<arg>${input_file}</arg>
<status status="PASS" start="2025-02-13T01:19:57.422446" elapsed="0.271293"/>
</kw>
<if>
<branch type="IF" condition="'${exec_status}' == 'success'">
<kw name="Get Final Output">
<kw name="Log Debug Info">
<kw name="Get Current Date" owner="DateTime">
<msg time="2025-02-13T01:19:57.694285" level="INFO">${timestamp} = 2025-02-13 01:19:57.694262</msg>
<var>${timestamp}</var>
<arg>result_format=%Y-%m-%d %H:%M:%S.%f</arg>
<doc>Returns current local or UTC time with an optional increment.</doc>
<status status="PASS" start="2025-02-13T01:19:57.694224" elapsed="0.000069"/>
</kw>
<kw name="Append To File" owner="OperatingSystem">
<msg time="2025-02-13T01:19:57.694436" level="INFO" html="true">Appended to file '&lt;a href="file:///Users/tanakrit/Documents/GitHub/RobotFramewokForIDE/NewFormatOfRobot/execution.log"&gt;/Users/tanakrit/Documents/GitHub/RobotFramewokForIDE/NewFormatOfRobot/execution.log&lt;/a&gt;'.</msg>
<arg>${LOG_FILE}</arg>
<arg>${timestamp}: ${message}\n</arg>
<doc>Appends the given content to the specified file.</doc>
<status status="PASS" start="2025-02-13T01:19:57.694328" elapsed="0.000144"/>
</kw>
<arg>Processing raw output: ${output}</arg>
<status status="PASS" start="2025-02-13T01:19:57.694142" elapsed="0.000350"/>
</kw>
<kw name="Split To Lines" owner="String">
<msg time="2025-02-13T01:19:57.694572" level="INFO">2 lines returned</msg>
<msg time="2025-02-13T01:19:57.694595" level="INFO">${lines} = ['Enter a value for x:', '1']</msg>
<var>${lines}</var>
<arg>${output}</arg>
<doc>Splits the given string to lines.</doc>
<status status="PASS" start="2025-02-13T01:19:57.694530" elapsed="0.000072"/>
</kw>
<kw name="Create List" owner="BuiltIn">
<msg time="2025-02-13T01:19:57.694689" level="INFO">${final_lines} = []</msg>
<var>${final_lines}</var>
<doc>Returns a list containing given items.</doc>
<status status="PASS" start="2025-02-13T01:19:57.694641" elapsed="0.000055"/>
</kw>
<kw name="Create List" owner="BuiltIn">
<msg time="2025-02-13T01:19:57.694926" level="INFO">@{patterns_to_remove} = [ (?i)Enter [A-Za-z\s]+: | (?i)Input [A-Za-z\s]+: | (?i)Please enter [A-Za-z\s]+: | (?i)Please input [A-Za-z\s]+: | (?i)Enter the [A-Za-z\s]+: | (?i)The [A-Za-z\s]+ is: | (?i)Enter [A-Za-z\s]+ | (?i)I...</msg>
<var>@{patterns_to_remove}</var>
<arg>(?i)Enter [A-Za-z\\s]+:</arg>
<arg>(?i)Input [A-Za-z\\s]+:</arg>
<arg>(?i)Please enter [A-Za-z\\s]+:</arg>
<arg>(?i)Please input [A-Za-z\\s]+:</arg>
<arg>(?i)Enter the [A-Za-z\\s]+:</arg>
<arg>(?i)The [A-Za-z\\s]+ is:</arg>
<arg>(?i)Enter [A-Za-z\\s]+</arg>
<arg>(?i)Input [A-Za-z\\s]+</arg>
<arg>(?i)Please enter [A-Za-z\\s]+</arg>
<arg>(?i)Please input [A-Za-z\\s]+</arg>
<arg>(?i)Enter the [A-Za-z\\s]+</arg>
<arg>(?i)The [A-Za-z\\s]+ is</arg>
<arg>(?i)Enter [A-Za-z\\s]+:</arg>
<arg>(?i)Input [A-Za-z\\s]+:</arg>
<arg>(?i)The Unicode is:</arg>
<doc>Returns a list containing given items.</doc>
<status status="PASS" start="2025-02-13T01:19:57.694729" elapsed="0.000205"/>
</kw>
<for flavor="IN">
<iter>
<kw name="Strip String" owner="String">
<msg time="2025-02-13T01:19:57.695381" level="INFO">${stripped} = Enter a value for x:</msg>
<var>${stripped}</var>
<arg>${line}</arg>
<doc>Remove leading and/or trailing whitespaces from the given string.</doc>
<status status="PASS" start="2025-02-13T01:19:57.695258" elapsed="0.000141"/>
</kw>
<kw name="Continue For Loop If" owner="BuiltIn">
<arg>'${stripped}' == ''</arg>
<doc>Skips the current FOR loop iteration if the ``condition`` is true.</doc>
<status status="PASS" start="2025-02-13T01:19:57.695491" elapsed="0.000181"/>
</kw>
<kw name="Set Variable" owner="BuiltIn">
<msg time="2025-02-13T01:19:57.695867" level="INFO">${cleaned} = Enter a value for x:</msg>
<var>${cleaned}</var>
<arg>${stripped}</arg>
<doc>Returns the given values which can then be assigned to a variables.</doc>
<status status="PASS" start="2025-02-13T01:19:57.695760" elapsed="0.000124"/>
</kw>
<for flavor="IN">
<iter>
<kw name="Replace String Using Regexp" owner="String">
<msg time="2025-02-13T01:19:57.696949" level="INFO">${cleaned} = </msg>
<var>${cleaned}</var>
<arg>${cleaned}</arg>
<arg>${pattern}</arg>
<arg>${EMPTY}</arg>
<doc>Replaces ``pattern`` in the given ``string`` with ``replace_with``.</doc>
<status status="PASS" start="2025-02-13T01:19:57.696085" elapsed="0.000884"/>
</kw>
<var name="${pattern}">(?i)Enter [A-Za-z\s]+:</var>
<status status="PASS" start="2025-02-13T01:19:57.696015" elapsed="0.000988"/>
</iter>
<iter>
<kw name="Replace String Using Regexp" owner="String">
<msg time="2025-02-13T01:19:57.697776" level="INFO">${cleaned} = </msg>
<var>${cleaned}</var>
<arg>${cleaned}</arg>
<arg>${pattern}</arg>
<arg>${EMPTY}</arg>
<doc>Replaces ``pattern`` in the given ``string`` with ``replace_with``.</doc>
<status status="PASS" start="2025-02-13T01:19:57.697153" elapsed="0.000639"/>
</kw>
<var name="${pattern}">(?i)Input [A-Za-z\s]+:</var>
<status status="PASS" start="2025-02-13T01:19:57.697081" elapsed="0.000739"/>
</iter>
<iter>
<kw name="Replace String Using Regexp" owner="String">
<msg time="2025-02-13T01:19:57.698533" level="INFO">${cleaned} = </msg>
<var>${cleaned}</var>
<arg>${cleaned}</arg>
<arg>${pattern}</arg>
<arg>${EMPTY}</arg>
<doc>Replaces ``pattern`` in the given ``string`` with ``replace_with``.</doc>
<status status="PASS" start="2025-02-13T01:19:57.697934" elapsed="0.000615"/>
</kw>
<var name="${pattern}">(?i)Please enter [A-Za-z\s]+:</var>
<status status="PASS" start="2025-02-13T01:19:57.697875" elapsed="0.000701"/>
</iter>
<iter>
<kw name="Replace String Using Regexp" owner="String">
<msg time="2025-02-13T01:19:57.699274" level="INFO">${cleaned} = </msg>
<var>${cleaned}</var>
<arg>${cleaned}</arg>
<arg>${pattern}</arg>
<arg>${EMPTY}</arg>
<doc>Replaces ``pattern`` in the given ``string`` with ``replace_with``.</doc>
<status status="PASS" start="2025-02-13T01:19:57.698691" elapsed="0.000599"/>
</kw>
<var name="${pattern}">(?i)Please input [A-Za-z\s]+:</var>
<status status="PASS" start="2025-02-13T01:19:57.698631" elapsed="0.000685"/>
</iter>
<iter>
<kw name="Replace String Using Regexp" owner="String">
<msg time="2025-02-13T01:19:57.699995" level="INFO">${cleaned} = </msg>
<var>${cleaned}</var>
<arg>${cleaned}</arg>
<arg>${pattern}</arg>
<arg>${EMPTY}</arg>
<doc>Replaces ``pattern`` in the given ``string`` with ``replace_with``.</doc>
<status status="PASS" start="2025-02-13T01:19:57.699430" elapsed="0.000581"/>
</kw>
<var name="${pattern}">(?i)Enter the [A-Za-z\s]+:</var>
<status status="PASS" start="2025-02-13T01:19:57.699371" elapsed="0.000667"/>
</iter>
<iter>
<kw name="Replace String Using Regexp" owner="String">
<msg time="2025-02-13T01:19:57.700716" level="INFO">${cleaned} = </msg>
<var>${cleaned}</var>
<arg>${cleaned}</arg>
<arg>${pattern}</arg>
<arg>${EMPTY}</arg>
<doc>Replaces ``pattern`` in the given ``string`` with ``replace_with``.</doc>
<status status="PASS" start="2025-02-13T01:19:57.700155" elapsed="0.000577"/>
</kw>
<var name="${pattern}">(?i)The [A-Za-z\s]+ is:</var>
<status status="PASS" start="2025-02-13T01:19:57.700096" elapsed="0.000664"/>
</iter>
<iter>
<kw name="Replace String Using Regexp" owner="String">
<msg time="2025-02-13T01:19:57.701424" level="INFO">${cleaned} = </msg>
<var>${cleaned}</var>
<arg>${cleaned}</arg>
<arg>${pattern}</arg>
<arg>${EMPTY}</arg>
<doc>Replaces ``pattern`` in the given ``string`` with ``replace_with``.</doc>
<status status="PASS" start="2025-02-13T01:19:57.700871" elapsed="0.000568"/>
</kw>
<var name="${pattern}">(?i)Enter [A-Za-z\s]+</var>
<status status="PASS" start="2025-02-13T01:19:57.700813" elapsed="0.000653"/>
</iter>
<iter>
<kw name="Replace String Using Regexp" owner="String">
<msg time="2025-02-13T01:19:57.702123" level="INFO">${cleaned} = </msg>
<var>${cleaned}</var>
<arg>${cleaned}</arg>
<arg>${pattern}</arg>
<arg>${EMPTY}</arg>
<doc>Replaces ``pattern`` in the given ``string`` with ``replace_with``.</doc>
<status status="PASS" start="2025-02-13T01:19:57.701573" elapsed="0.000567"/>
</kw>
<var name="${pattern}">(?i)Input [A-Za-z\s]+</var>
<status status="PASS" start="2025-02-13T01:19:57.701516" elapsed="0.000650"/>
</iter>
<iter>
<kw name="Replace String Using Regexp" owner="String">
<msg time="2025-02-13T01:19:57.702853" level="INFO">${cleaned} = </msg>
<var>${cleaned}</var>
<arg>${cleaned}</arg>
<arg>${pattern}</arg>
<arg>${EMPTY}</arg>
<doc>Replaces ``pattern`` in the given ``string`` with ``replace_with``.</doc>
<status status="PASS" start="2025-02-13T01:19:57.702276" elapsed="0.000593"/>
</kw>
<var name="${pattern}">(?i)Please enter [A-Za-z\s]+</var>
<status status="PASS" start="2025-02-13T01:19:57.702218" elapsed="0.000679"/>
</iter>
<iter>
<kw name="Replace String Using Regexp" owner="String">
<msg time="2025-02-13T01:19:57.703562" level="INFO">${cleaned} = </msg>
<var>${cleaned}</var>
<arg>${cleaned}</arg>
<arg>${pattern}</arg>
<arg>${EMPTY}</arg>
<doc>Replaces ``pattern`` in the given ``string`` with ``replace_with``.</doc>
<status status="PASS" start="2025-02-13T01:19:57.703008" elapsed="0.000569"/>
</kw>
<var name="${pattern}">(?i)Please input [A-Za-z\s]+</var>
<status status="PASS" start="2025-02-13T01:19:57.702949" elapsed="0.000656"/>
</iter>
<iter>
<kw name="Replace String Using Regexp" owner="String">
<msg time="2025-02-13T01:19:57.704257" level="INFO">${cleaned} = </msg>
<var>${cleaned}</var>
<arg>${cleaned}</arg>
<arg>${pattern}</arg>
<arg>${EMPTY}</arg>
<doc>Replaces ``pattern`` in the given ``string`` with ``replace_with``.</doc>
<status status="PASS" start="2025-02-13T01:19:57.703712" elapsed="0.000560"/>
</kw>
<var name="${pattern}">(?i)Enter the [A-Za-z\s]+</var>
<status status="PASS" start="2025-02-13T01:19:57.703654" elapsed="0.000646"/>
</iter>
<iter>
<kw name="Replace String Using Regexp" owner="String">
<msg time="2025-02-13T01:19:57.704967" level="INFO">${cleaned} = </msg>
<var>${cleaned}</var>
<arg>${cleaned}</arg>
<arg>${pattern}</arg>
<arg>${EMPTY}</arg>
<doc>Replaces ``pattern`` in the given ``string`` with ``replace_with``.</doc>
<status status="PASS" start="2025-02-13T01:19:57.704406" elapsed="0.000577"/>
</kw>
<var name="${pattern}">(?i)The [A-Za-z\s]+ is</var>
<status status="PASS" start="2025-02-13T01:19:57.704348" elapsed="0.000662"/>
</iter>
<iter>
<kw name="Replace String Using Regexp" owner="String">
<msg time="2025-02-13T01:19:57.705424" level="INFO">${cleaned} = </msg>
<var>${cleaned}</var>
<arg>${cleaned}</arg>
<arg>${pattern}</arg>
<arg>${EMPTY}</arg>
<doc>Replaces ``pattern`` in the given ``string`` with ``replace_with``.</doc>
<status status="PASS" start="2025-02-13T01:19:57.705106" elapsed="0.000331"/>
</kw>
<var name="${pattern}">(?i)Enter [A-Za-z\s]+:</var>
<status status="PASS" start="2025-02-13T01:19:57.705056" elapsed="0.000405"/>
</iter>
<iter>
<kw name="Replace String Using Regexp" owner="String">
<msg time="2025-02-13T01:19:57.705914" level="INFO">${cleaned} = </msg>
<var>${cleaned}</var>
<arg>${cleaned}</arg>
<arg>${pattern}</arg>
<arg>${EMPTY}</arg>
<doc>Replaces ``pattern`` in the given ``string`` with ``replace_with``.</doc>
<status status="PASS" start="2025-02-13T01:19:57.705592" elapsed="0.000335"/>
</kw>
<var name="${pattern}">(?i)Input [A-Za-z\s]+:</var>
<status status="PASS" start="2025-02-13T01:19:57.705540" elapsed="0.000411"/>
</iter>
<iter>
<kw name="Replace String Using Regexp" owner="String">
<msg time="2025-02-13T01:19:57.706394" level="INFO">${cleaned} = </msg>
<var>${cleaned}</var>
<arg>${cleaned}</arg>
<arg>${pattern}</arg>
<arg>${EMPTY}</arg>
<doc>Replaces ``pattern`` in the given ``string`` with ``replace_with``.</doc>
<status status="PASS" start="2025-02-13T01:19:57.706045" elapsed="0.000363"/>
</kw>
<var name="${pattern}">(?i)The Unicode is:</var>
<status status="PASS" start="2025-02-13T01:19:57.705995" elapsed="0.000437"/>
</iter>
<var>${pattern}</var>
<value>@{patterns_to_remove}</value>
<status status="PASS" start="2025-02-13T01:19:57.695925" elapsed="0.010524"/>
</for>
<kw name="Strip String" owner="String">
<msg time="2025-02-13T01:19:57.706604" level="INFO">${cleaned} = </msg>
<var>${cleaned}</var>
<arg>${cleaned}</arg>
<doc>Remove leading and/or trailing whitespaces from the given string.</doc>
<status status="PASS" start="2025-02-13T01:19:57.706518" elapsed="0.000097"/>
</kw>
<kw name="Continue For Loop If" owner="BuiltIn">
<msg time="2025-02-13T01:19:57.706798" level="INFO">Continuing for loop from the next iteration.</msg>
<arg>'${cleaned}' == ''</arg>
<doc>Skips the current FOR loop iteration if the ``condition`` is true.</doc>
<status status="PASS" start="2025-02-13T01:19:57.706676" elapsed="0.000172"/>
</kw>
<kw name="Append To List" owner="Collections">
<arg>${final_lines}</arg>
<arg>${cleaned}</arg>
<doc>Adds ``values`` to the end of ``list``.</doc>
<status status="NOT RUN" start="2025-02-13T01:19:57.706918" elapsed="0.000010"/>
</kw>
<var name="${line}">Enter a value for x:</var>
<status status="PASS" start="2025-02-13T01:19:57.695183" elapsed="0.011768"/>
</iter>
<iter>
<kw name="Strip String" owner="String">
<msg time="2025-02-13T01:19:57.707166" level="INFO">${stripped} = 1</msg>
<var>${stripped}</var>
<arg>${line}</arg>
<doc>Remove leading and/or trailing whitespaces from the given string.</doc>
<status status="PASS" start="2025-02-13T01:19:57.707080" elapsed="0.000099"/>
</kw>
<kw name="Continue For Loop If" owner="BuiltIn">
<arg>'${stripped}' == ''</arg>
<doc>Skips the current FOR loop iteration if the ``condition`` is true.</doc>
<status status="PASS" start="2025-02-13T01:19:57.707240" elapsed="0.000112"/>
</kw>
<kw name="Set Variable" owner="BuiltIn">
<msg time="2025-02-13T01:19:57.707490" level="INFO">${cleaned} = 1</msg>
<var>${cleaned}</var>
<arg>${stripped}</arg>
<doc>Returns the given values which can then be assigned to a variables.</doc>
<status status="PASS" start="2025-02-13T01:19:57.707413" elapsed="0.000089"/>
</kw>
<for flavor="IN">
<iter>
<kw name="Replace String Using Regexp" owner="String">
<msg time="2025-02-13T01:19:57.708093" level="INFO">${cleaned} = 1</msg>
<var>${cleaned}</var>
<arg>${cleaned}</arg>
<arg>${pattern}</arg>
<arg>${EMPTY}</arg>
<doc>Replaces ``pattern`` in the given ``string`` with ``replace_with``.</doc>
<status status="PASS" start="2025-02-13T01:19:57.707648" elapsed="0.000459"/>
</kw>
<var name="${pattern}">(?i)Enter [A-Za-z\s]+:</var>
<status status="PASS" start="2025-02-13T01:19:57.707598" elapsed="0.000533"/>
</iter>
<iter>
<kw name="Replace String Using Regexp" owner="String">
<msg time="2025-02-13T01:19:57.708545" level="INFO">${cleaned} = 1</msg>
<var>${cleaned}</var>
<arg>${cleaned}</arg>
<arg>${pattern}</arg>
<arg>${EMPTY}</arg>
<doc>Replaces ``pattern`` in the given ``string`` with ``replace_with``.</doc>
<status status="PASS" start="2025-02-13T01:19:57.708227" elapsed="0.000326"/>
</kw>
<var name="${pattern}">(?i)Input [A-Za-z\s]+:</var>
<status status="PASS" start="2025-02-13T01:19:57.708176" elapsed="0.000391"/>
</iter>
<iter>
<kw name="Replace String Using Regexp" owner="String">
<msg time="2025-02-13T01:19:57.708818" level="INFO">${cleaned} = 1</msg>
<var>${cleaned}</var>
<arg>${cleaned}</arg>
<arg>${pattern}</arg>
<arg>${EMPTY}</arg>
<doc>Replaces ``pattern`` in the given ``string`` with ``replace_with``.</doc>
<status status="PASS" start="2025-02-13T01:19:57.708625" elapsed="0.000201"/>
</kw>
<var name="${pattern}">(?i)Please enter [A-Za-z\s]+:</var>
<status status="PASS" start="2025-02-13T01:19:57.708594" elapsed="0.000247"/>
</iter>
<iter>
<kw name="Replace String Using Regexp" owner="String">
<msg time="2025-02-13T01:19:57.709091" level="INFO">${cleaned} = 1</msg>
<var>${cleaned}</var>
<arg>${cleaned}</arg>
<arg>${pattern}</arg>
<arg>${EMPTY}</arg>
<doc>Replaces ``pattern`` in the given ``string`` with ``replace_with``.</doc>
<status status="PASS" start="2025-02-13T01:19:57.708898" elapsed="0.000201"/>
</kw>
<var name="${pattern}">(?i)Please input [A-Za-z\s]+:</var>
<status status="PASS" start="2025-02-13T01:19:57.708868" elapsed="0.000245"/>
</iter>
<iter>
<kw name="Replace String Using Regexp" owner="String">
<msg time="2025-02-13T01:19:57.709402" level="INFO">${cleaned} = 1</msg>
<var>${cleaned}</var>
<arg>${cleaned}</arg>
<arg>${pattern}</arg>
<arg>${EMPTY}</arg>
<doc>Replaces ``pattern`` in the given ``string`` with ``replace_with``.</doc>
<status status="PASS" start="2025-02-13T01:19:57.709170" elapsed="0.000245"/>
</kw>
<var name="${pattern}">(?i)Enter the [A-Za-z\s]+:</var>
<status status="PASS" start="2025-02-13T01:19:57.709140" elapsed="0.000299"/>
</iter>
<iter>
<kw name="Replace String Using Regexp" owner="String">
<msg time="2025-02-13T01:19:57.709847" level="INFO">${cleaned} = 1</msg>
<var>${cleaned}</var>
<arg>${cleaned}</arg>
<arg>${pattern}</arg>
<arg>${EMPTY}</arg>
<doc>Replaces ``pattern`` in the given ``string`` with ``replace_with``.</doc>
<status status="PASS" start="2025-02-13T01:19:57.709532" elapsed="0.000328"/>
</kw>
<var name="${pattern}">(?i)The [A-Za-z\s]+ is:</var>
<status status="PASS" start="2025-02-13T01:19:57.709483" elapsed="0.000400"/>
</iter>
<iter>
<kw name="Replace String Using Regexp" owner="String">
<msg time="2025-02-13T01:19:57.710286" level="INFO">${cleaned} = 1</msg>
<var>${cleaned}</var>
<arg>${cleaned}</arg>
<arg>${pattern}</arg>
<arg>${EMPTY}</arg>
<doc>Replaces ``pattern`` in the given ``string`` with ``replace_with``.</doc>
<status status="PASS" start="2025-02-13T01:19:57.709975" elapsed="0.000324"/>
</kw>
<var name="${pattern}">(?i)Enter [A-Za-z\s]+</var>
<status status="PASS" start="2025-02-13T01:19:57.709926" elapsed="0.000397"/>
</iter>
<iter>
<kw name="Replace String Using Regexp" owner="String">
<msg time="2025-02-13T01:19:57.710726" level="INFO">${cleaned} = 1</msg>
<var>${cleaned}</var>
<arg>${cleaned}</arg>
<arg>${pattern}</arg>
<arg>${EMPTY}</arg>
<doc>Replaces ``pattern`` in the given ``string`` with ``replace_with``.</doc>
<status status="PASS" start="2025-02-13T01:19:57.710416" elapsed="0.000323"/>
</kw>
<var name="${pattern}">(?i)Input [A-Za-z\s]+</var>
<status status="PASS" start="2025-02-13T01:19:57.710367" elapsed="0.000396"/>
</iter>
<iter>
<kw name="Replace String Using Regexp" owner="String">
<msg time="2025-02-13T01:19:57.711167" level="INFO">${cleaned} = 1</msg>
<var>${cleaned}</var>
<arg>${cleaned}</arg>
<arg>${pattern}</arg>
<arg>${EMPTY}</arg>
<doc>Replaces ``pattern`` in the given ``string`` with ``replace_with``.</doc>
<status status="PASS" start="2025-02-13T01:19:57.710856" elapsed="0.000324"/>
</kw>
<var name="${pattern}">(?i)Please enter [A-Za-z\s]+</var>
<status status="PASS" start="2025-02-13T01:19:57.710806" elapsed="0.000397"/>
</iter>
<iter>
<kw name="Replace String Using Regexp" owner="String">
<msg time="2025-02-13T01:19:57.711600" level="INFO">${cleaned} = 1</msg>
<var>${cleaned}</var>
<arg>${cleaned}</arg>
<arg>${pattern}</arg>
<arg>${EMPTY}</arg>
<doc>Replaces ``pattern`` in the given ``string`` with ``replace_with``.</doc>
<status status="PASS" start="2025-02-13T01:19:57.711294" elapsed="0.000319"/>
</kw>
<var name="${pattern}">(?i)Please input [A-Za-z\s]+</var>
<status status="PASS" start="2025-02-13T01:19:57.711245" elapsed="0.000421"/>
</iter>
<iter>
<kw name="Replace String Using Regexp" owner="String">
<msg time="2025-02-13T01:19:57.712073" level="INFO">${cleaned} = 1</msg>
<var>${cleaned}</var>
<arg>${cleaned}</arg>
<arg>${pattern}</arg>
<arg>${EMPTY}</arg>
<doc>Replaces ``pattern`` in the given ``string`` with ``replace_with``.</doc>
<status status="PASS" start="2025-02-13T01:19:57.711759" elapsed="0.000327"/>
</kw>
<var name="${pattern}">(?i)Enter the [A-Za-z\s]+</var>
<status status="PASS" start="2025-02-13T01:19:57.711711" elapsed="0.000399"/>
</iter>
<iter>
<kw name="Replace String Using Regexp" owner="String">
<msg time="2025-02-13T01:19:57.712514" level="INFO">${cleaned} = 1</msg>
<var>${cleaned}</var>
<arg>${cleaned}</arg>
<arg>${pattern}</arg>
<arg>${EMPTY}</arg>
<doc>Replaces ``pattern`` in the given ``string`` with ``replace_with``.</doc>
<status status="PASS" start="2025-02-13T01:19:57.712202" elapsed="0.000325"/>
</kw>
<var name="${pattern}">(?i)The [A-Za-z\s]+ is</var>
<status status="PASS" start="2025-02-13T01:19:57.712154" elapsed="0.000397"/>
</iter>
<iter>
<kw name="Replace String Using Regexp" owner="String">
<msg time="2025-02-13T01:19:57.712920" level="INFO">${cleaned} = 1</msg>
<var>${cleaned}</var>
<arg>${cleaned}</arg>
<arg>${pattern}</arg>
<arg>${EMPTY}</arg>
<doc>Replaces ``pattern`` in the given ``string`` with ``replace_with``.</doc>
<status status="PASS" start="2025-02-13T01:19:57.712643" elapsed="0.000289"/>
</kw>
<var name="${pattern}">(?i)Enter [A-Za-z\s]+:</var>
<status status="PASS" start="2025-02-13T01:19:57.712595" elapsed="0.000359"/>
</iter>
<iter>
<kw name="Replace String Using Regexp" owner="String">
<msg time="2025-02-13T01:19:57.713314" level="INFO">${cleaned} = 1</msg>
<var>${cleaned}</var>
<arg>${cleaned}</arg>
<arg>${pattern}</arg>
<arg>${EMPTY}</arg>
<doc>Replaces ``pattern`` in the given ``string`` with ``replace_with``.</doc>
<status status="PASS" start="2025-02-13T01:19:57.713037" elapsed="0.000289"/>
</kw>
<var name="${pattern}">(?i)Input [A-Za-z\s]+:</var>
<status status="PASS" start="2025-02-13T01:19:57.712993" elapsed="0.000354"/>
</iter>
<iter>
<kw name="Replace String Using Regexp" owner="String">
<msg time="2025-02-13T01:19:57.713709" level="INFO">${cleaned} = 1</msg>
<var>${cleaned}</var>
<arg>${cleaned}</arg>
<arg>${pattern}</arg>
<arg>${EMPTY}</arg>
<doc>Replaces ``pattern`` in the given ``string`` with ``replace_with``.</doc>
<status status="PASS" start="2025-02-13T01:19:57.713430" elapsed="0.000291"/>
</kw>
<var name="${pattern}">(?i)The Unicode is:</var>
<status status="PASS" start="2025-02-13T01:19:57.713387" elapsed="0.000355"/>
</iter>
<var>${pattern}</var>
<value>@{patterns_to_remove}</value>
<status status="PASS" start="2025-02-13T01:19:57.707531" elapsed="0.006226"/>
</for>
<kw name="Strip String" owner="String">
<msg time="2025-02-13T01:19:57.713890" level="INFO">${cleaned} = 1</msg>
<var>${cleaned}</var>
<arg>${cleaned}</arg>
<doc>Remove leading and/or trailing whitespaces from the given string.</doc>
<status status="PASS" start="2025-02-13T01:19:57.713814" elapsed="0.000086"/>
</kw>
<kw name="Continue For Loop If" owner="BuiltIn">
<arg>'${cleaned}' == ''</arg>
<doc>Skips the current FOR loop iteration if the ``condition`` is true.</doc>
<status status="PASS" start="2025-02-13T01:19:57.713955" elapsed="0.000103"/>
</kw>
<kw name="Append To List" owner="Collections">
<arg>${final_lines}</arg>
<arg>${cleaned}</arg>
<doc>Adds ``values`` to the end of ``list``.</doc>
<status status="PASS" start="2025-02-13T01:19:57.714112" elapsed="0.000074"/>
</kw>
<var name="${line}">1</var>
<status status="PASS" start="2025-02-13T01:19:57.707031" elapsed="0.007174"/>
</iter>
<var>${line}</var>
<value>@{lines}</value>
<status status="PASS" start="2025-02-13T01:19:57.695017" elapsed="0.019202"/>
</for>
<kw name="Evaluate" owner="BuiltIn">
<msg time="2025-02-13T01:19:57.714476" level="INFO">${final_output} = 1</msg>
<var>${final_output}</var>
<arg>"\\n".join($final_lines)</arg>
<doc>Evaluates the given expression in Python and returns the result.</doc>
<status status="PASS" start="2025-02-13T01:19:57.714281" elapsed="0.000208"/>
</kw>
<kw name="Log Debug Info">
<kw name="Get Current Date" owner="DateTime">
<msg time="2025-02-13T01:19:57.714788" level="INFO">${timestamp} = 2025-02-13 01:19:57.714752</msg>
<var>${timestamp}</var>
<arg>result_format=%Y-%m-%d %H:%M:%S.%f</arg>
<doc>Returns current local or UTC time with an optional increment.</doc>
<status status="PASS" start="2025-02-13T01:19:57.714695" elapsed="0.000105"/>
</kw>
<kw name="Append To File" owner="OperatingSystem">
<msg time="2025-02-13T01:19:57.715049" level="INFO" html="true">Appended to file '&lt;a href="file:///Users/tanakrit/Documents/GitHub/RobotFramewokForIDE/NewFormatOfRobot/execution.log"&gt;/Users/tanakrit/Documents/GitHub/RobotFramewokForIDE/NewFormatOfRobot/execution.log&lt;/a&gt;'.</msg>
<arg>${LOG_FILE}</arg>
<arg>${timestamp}: ${message}\n</arg>
<doc>Appends the given content to the specified file.</doc>
<status status="PASS" start="2025-02-13T01:19:57.714852" elapsed="0.000224"/>
</kw>
<arg>Final processed output: ${final_output}</arg>
<status status="PASS" start="2025-02-13T01:19:57.714555" elapsed="0.000552"/>
</kw>
<return>
<value>${final_output}</value>
<status status="PASS" start="2025-02-13T01:19:57.715126" elapsed="0.000014"/>
</return>
<msg time="2025-02-13T01:19:57.715185" level="INFO">${raw_output} = 1</msg>
<var>${raw_output}</var>
<arg>${result.stdout}</arg>
<status status="PASS" start="2025-02-13T01:19:57.693904" elapsed="0.021288"/>
</kw>
<kw name="Normalize Output">
<kw name="Set Variable" owner="BuiltIn">
<msg time="2025-02-13T01:19:57.715456" level="INFO">${normalized} = 1</msg>
<var>${normalized}</var>
<arg>${output}</arg>
<doc>Returns the given values which can then be assigned to a variables.</doc>
<status status="PASS" start="2025-02-13T01:19:57.715408" elapsed="0.000056"/>
</kw>
<kw name="Run Keyword And Return Status" owner="BuiltIn">
<kw name="Should Be Empty" owner="BuiltIn">
<msg time="2025-02-13T01:19:57.715611" level="INFO">Length is 1.</msg>
<msg time="2025-02-13T01:19:57.715660" level="FAIL">'1' should be empty.</msg>
<arg>${normalized}</arg>
<doc>Verifies that the given item is empty.</doc>
<status status="FAIL" start="2025-02-13T01:19:57.715567" elapsed="0.000145">'1' should be empty.</status>
</kw>
<msg time="2025-02-13T01:19:57.715746" level="INFO">${is_empty} = False</msg>
<var>${is_empty}</var>
<arg>Should Be Empty</arg>
<arg>${normalized}</arg>
<doc>Runs the given keyword with given arguments and returns the status as a Boolean value.</doc>
<status status="PASS" start="2025-02-13T01:19:57.715509" elapsed="0.000245"/>
</kw>
<if>
<branch type="IF" condition="${is_empty}">
<return>
<value>${normalized}</value>
<status status="NOT RUN" start="2025-02-13T01:19:57.715887" elapsed="0.000005"/>
</return>
<status status="NOT RUN" start="2025-02-13T01:19:57.715857" elapsed="0.000045"/>
</branch>
<status status="PASS" start="2025-02-13T01:19:57.715776" elapsed="0.000135"/>
</if>
<kw name="Split To Lines" owner="String">
<msg time="2025-02-13T01:19:57.716004" level="INFO">1 lines returned</msg>
<msg time="2025-02-13T01:19:57.716036" level="INFO">${lines} = ['1']</msg>
<var>${lines}</var>
<arg>${normalized}</arg>
<doc>Splits the given string to lines.</doc>
<status status="PASS" start="2025-02-13T01:19:57.715947" elapsed="0.000099"/>
</kw>
<kw name="Create List" owner="BuiltIn">
<msg time="2025-02-13T01:19:57.716156" level="INFO">${stripped_lines} = []</msg>
<var>${stripped_lines}</var>
<doc>Returns a list containing given items.</doc>
<status status="PASS" start="2025-02-13T01:19:57.716099" elapsed="0.000067"/>
</kw>
<for flavor="IN">
<iter>
<kw name="Strip String" owner="String">
<msg time="2025-02-13T01:19:57.716406" level="INFO">${stripped} = 1</msg>
<var>${stripped}</var>
<arg>${line}</arg>
<doc>Remove leading and/or trailing whitespaces from the given string.</doc>
<status status="PASS" start="2025-02-13T01:19:57.716332" elapsed="0.000085"/>
</kw>
<kw name="Continue For Loop If" owner="BuiltIn">
<arg>'${stripped}' == ''</arg>
<doc>Skips the current FOR loop iteration if the ``condition`` is true.</doc>
<status status="PASS" start="2025-02-13T01:19:57.716500" elapsed="0.000102"/>
</kw>
<try>
<branch type="TRY">
<kw name="Convert To Number" owner="BuiltIn">
<msg time="2025-02-13T01:19:57.716796" level="INFO">${as_number} = 1.0</msg>
<var>${as_number}</var>
<arg>${stripped}</arg>
<doc>Converts the given item to a floating point number.</doc>
<status status="PASS" start="2025-02-13T01:19:57.716703" elapsed="0.000104"/>
</kw>
<kw name="Convert To String" owner="BuiltIn">
<msg time="2025-02-13T01:19:57.716940" level="INFO">${normalized_line} = 1.0</msg>
<var>${normalized_line}</var>
<arg>${as_number}</arg>
<doc>Converts the given item to a Unicode string.</doc>
<status status="PASS" start="2025-02-13T01:19:57.716861" elapsed="0.000090"/>
</kw>
<status status="PASS" start="2025-02-13T01:19:57.716652" elapsed="0.000317"/>
</branch>
<branch type="EXCEPT">
<kw name="Set Variable" owner="BuiltIn">
<var>${normalized_line}</var>
<arg>${stripped}</arg>
<doc>Returns the given values which can then be assigned to a variables.</doc>
<status status="NOT RUN" start="2025-02-13T01:19:57.717044" elapsed="0.000008"/>
</kw>
<status status="NOT RUN" start="2025-02-13T01:19:57.716995" elapsed="0.000074"/>
</branch>
<status status="PASS" start="2025-02-13T01:19:57.716632" elapsed="0.000453"/>
</try>
<kw name="Append To List" owner="Collections">
<arg>${stripped_lines}</arg>
<arg>${normalized_line}</arg>
<doc>Adds ``values`` to the end of ``list``.</doc>
<status status="PASS" start="2025-02-13T01:19:57.717132" elapsed="0.000077"/>
</kw>
<var name="${line}">1</var>
<status status="PASS" start="2025-02-13T01:19:57.716288" elapsed="0.000939"/>
</iter>
<var>${line}</var>
<value>@{lines}</value>
<status status="PASS" start="2025-02-13T01:19:57.716192" elapsed="0.001050"/>
</for>
<kw name="Evaluate" owner="BuiltIn">
<msg time="2025-02-13T01:19:57.717425" level="INFO">${normalized} = 1.0</msg>
<var>${normalized}</var>
<arg>"\\n".join($stripped_lines)</arg>
<doc>Evaluates the given expression in Python and returns the result.</doc>
<status status="PASS" start="2025-02-13T01:19:57.717296" elapsed="0.000140"/>
</kw>
<kw name="Strip String" owner="String">
<msg time="2025-02-13T01:19:57.717564" level="INFO">${normalized} = 1.0</msg>
<var>${normalized}</var>
<arg>${normalized}</arg>
<doc>Remove leading and/or trailing whitespaces from the given string.</doc>
<status status="PASS" start="2025-02-13T01:19:57.717490" elapsed="0.000084"/>
</kw>
<kw name="Log Debug Info">
<kw name="Get Current Date" owner="DateTime">
<msg time="2025-02-13T01:19:57.717852" level="INFO">${timestamp} = 2025-02-13 01:19:57.717818</msg>
<var>${timestamp}</var>
<arg>result_format=%Y-%m-%d %H:%M:%S.%f</arg>
<doc>Returns current local or UTC time with an optional increment.</doc>
<status status="PASS" start="2025-02-13T01:19:57.717764" elapsed="0.000099"/>
</kw>
<kw name="Append To File" owner="OperatingSystem">
<msg time="2025-02-13T01:19:57.718088" level="INFO" html="true">Appended to file '&lt;a href="file:///Users/tanakrit/Documents/GitHub/RobotFramewokForIDE/NewFormatOfRobot/execution.log"&gt;/Users/tanakrit/Documents/GitHub/RobotFramewokForIDE/NewFormatOfRobot/execution.log&lt;/a&gt;'.</msg>
<arg>${LOG_FILE}</arg>
<arg>${timestamp}: ${message}\n</arg>
<doc>Appends the given content to the specified file.</doc>
<status status="PASS" start="2025-02-13T01:19:57.717915" elapsed="0.000198"/>
</kw>
<arg>Normalized output: ${normalized}</arg>
<status status="PASS" start="2025-02-13T01:19:57.717633" elapsed="0.000509"/>
</kw>
<return>
<value>${normalized}</value>
<status status="PASS" start="2025-02-13T01:19:57.718162" elapsed="0.000012"/>
</return>
<msg time="2025-02-13T01:19:57.718215" level="INFO">${output} = 1.0</msg>
<var>${output}</var>
<arg>${raw_output}</arg>
<status status="PASS" start="2025-02-13T01:19:57.715311" elapsed="0.002912"/>
</kw>
<kw name="Log Debug Info">
<kw name="Get Current Date" owner="DateTime">
<msg time="2025-02-13T01:19:57.718419" level="INFO">${timestamp} = 2025-02-13 01:19:57.718396</msg>
<var>${timestamp}</var>
<arg>result_format=%Y-%m-%d %H:%M:%S.%f</arg>
<doc>Returns current local or UTC time with an optional increment.</doc>
<status status="PASS" start="2025-02-13T01:19:57.718358" elapsed="0.000069"/>
</kw>
<kw name="Append To File" owner="OperatingSystem">
<msg time="2025-02-13T01:19:57.718586" level="INFO" html="true">Appended to file '&lt;a href="file:///Users/tanakrit/Documents/GitHub/RobotFramewokForIDE/NewFormatOfRobot/execution.log"&gt;/Users/tanakrit/Documents/GitHub/RobotFramewokForIDE/NewFormatOfRobot/execution.log&lt;/a&gt;'.</msg>
<arg>${LOG_FILE}</arg>
<arg>${timestamp}: ${message}\n</arg>
<doc>Appends the given content to the specified file.</doc>
<status status="PASS" start="2025-02-13T01:19:57.718463" elapsed="0.000149"/>
</kw>
<arg>Rust final output: ${output}</arg>
<status status="PASS" start="2025-02-13T01:19:57.718263" elapsed="0.000378"/>
</kw>
<status status="PASS" start="2025-02-13T01:19:57.693771" elapsed="0.024885"/>
</branch>
<branch type="ELSE">
<kw name="Set Variable" owner="BuiltIn">
<var>${status}</var>
<arg>${exec_status}</arg>
<doc>Returns the given values which can then be assigned to a variables.</doc>
<status status="NOT RUN" start="2025-02-13T01:19:57.718706" elapsed="0.000006"/>
</kw>
<kw name="Set Variable" owner="BuiltIn">
<var>${output}</var>
<arg>${result.stdout}</arg>
<doc>Returns the given values which can then be assigned to a variables.</doc>
<status status="NOT RUN" start="2025-02-13T01:19:57.718747" elapsed="0.000006"/>
</kw>
<status status="NOT RUN" start="2025-02-13T01:19:57.718668" elapsed="0.000096"/>
</branch>
<status status="PASS" start="2025-02-13T01:19:57.693764" elapsed="0.025008"/>
</if>
<status status="PASS" start="2025-02-13T01:19:57.422343" elapsed="0.296438"/>
</branch>
<branch type="ELSE IF" condition="'${language}' == 'javascript'">
<kw name="Execute JavaScript Code">
<var>${result}</var>
<arg>${TEMP_DIR}/${filename}${ext}</arg>
<arg>${has_input}</arg>
<arg>${input_file}</arg>
<status status="NOT RUN" start="2025-02-13T01:19:57.718854" elapsed="0.000008"/>
</kw>
<if>
<branch type="IF" condition="${result.rc} != 0">
<kw name="Set Variable" owner="BuiltIn">
<var>${status}</var>
<arg>runtime_error</arg>
<doc>Returns the given values which can then be assigned to a variables.</doc>
<status status="NOT RUN" start="2025-02-13T01:19:57.718922" elapsed="0.000006"/>
</kw>
<kw name="Set Variable" owner="BuiltIn">
<var>${output}</var>
<arg>${result.stdout}</arg>
<doc>Returns the given values which can then be assigned to a variables.</doc>
<status status="NOT RUN" start="2025-02-13T01:19:57.718963" elapsed="0.000006"/>
</kw>
<kw name="Log Debug Info">
<arg>JavaScript runtime error: ${result.stdout}</arg>
<status status="NOT RUN" start="2025-02-13T01:19:57.719006" elapsed="0.000006"/>
</kw>
<status status="NOT RUN" start="2025-02-13T01:19:57.718886" elapsed="0.000135"/>
</branch>
<branch type="ELSE">
<kw name="Get Final Output">
<var>${raw_output}</var>
<arg>${result.stdout}</arg>
<status status="NOT RUN" start="2025-02-13T01:19:57.719103" elapsed="0.000007"/>
</kw>
<kw name="Normalize Output">
<var>${output}</var>
<arg>${raw_output}</arg>
<status status="NOT RUN" start="2025-02-13T01:19:57.719230" elapsed="0.000009"/>
</kw>
<kw name="Log Debug Info">
<arg>JavaScript final output: ${output}</arg>
<status status="NOT RUN" start="2025-02-13T01:19:57.719288" elapsed="0.000007"/>
</kw>
<status status="NOT RUN" start="2025-02-13T01:19:57.719030" elapsed="0.000279"/>
</branch>
<status status="NOT RUN" start="2025-02-13T01:19:57.718881" elapsed="0.000439"/>
</if>
<status status="NOT RUN" start="2025-02-13T01:19:57.718792" elapsed="0.000540"/>
</branch>
<status status="PASS" start="2025-02-13T01:19:57.420847" elapsed="0.298495"/>
</if>
<status status="PASS" start="2025-02-13T01:19:57.420832" elapsed="0.298522"/>
</branch>
<branch type="EXCEPT" assign="${error}">
<kw name="Set Variable" owner="BuiltIn">
<var>${status}</var>
<arg>runtime_error</arg>
<doc>Returns the given values which can then be assigned to a variables.</doc>
<status status="NOT RUN" start="2025-02-13T01:19:57.719451" elapsed="0.000008"/>
</kw>
<kw name="Set Variable" owner="BuiltIn">
<var>${output}</var>
<arg>${error}</arg>
<doc>Returns the given values which can then be assigned to a variables.</doc>
<status status="NOT RUN" start="2025-02-13T01:19:57.719508" elapsed="0.000008"/>
</kw>
<kw name="Log Debug Info">
<arg>Exception occurred: ${error}</arg>
<status status="NOT RUN" start="2025-02-13T01:19:57.719568" elapsed="0.000010"/>
</kw>
<status status="NOT RUN" start="2025-02-13T01:19:57.719403" elapsed="0.000188"/>
</branch>
<status status="PASS" start="2025-02-13T01:19:57.420816" elapsed="0.298793"/>
</try>
<kw name="Log Debug Info">
<kw name="Get Current Date" owner="DateTime">
<msg time="2025-02-13T01:19:57.719883" level="INFO">${timestamp} = 2025-02-13 01:19:57.719850</msg>
<var>${timestamp}</var>
<arg>result_format=%Y-%m-%d %H:%M:%S.%f</arg>
<doc>Returns current local or UTC time with an optional increment.</doc>
<status status="PASS" start="2025-02-13T01:19:57.719795" elapsed="0.000100"/>
</kw>
<kw name="Append To File" owner="OperatingSystem">
<msg time="2025-02-13T01:19:57.720118" level="INFO" html="true">Appended to file '&lt;a href="file:///Users/tanakrit/Documents/GitHub/RobotFramewokForIDE/NewFormatOfRobot/execution.log"&gt;/Users/tanakrit/Documents/GitHub/RobotFramewokForIDE/NewFormatOfRobot/execution.log&lt;/a&gt;'.</msg>
<arg>${LOG_FILE}</arg>
<arg>${timestamp}: ${message}\n</arg>
<doc>Appends the given content to the specified file.</doc>
<status status="PASS" start="2025-02-13T01:19:57.719950" elapsed="0.000195"/>
</kw>
<arg>Final execution status: ${status}</arg>
<status status="PASS" start="2025-02-13T01:19:57.719658" elapsed="0.000516"/>
</kw>
<kw name="Log Debug Info">
<kw name="Get Current Date" owner="DateTime">
<msg time="2025-02-13T01:19:57.720372" level="INFO">${timestamp} = 2025-02-13 01:19:57.720350</msg>
<var>${timestamp}</var>
<arg>result_format=%Y-%m-%d %H:%M:%S.%f</arg>
<doc>Returns current local or UTC time with an optional increment.</doc>
<status status="PASS" start="2025-02-13T01:19:57.720312" elapsed="0.000068"/>
</kw>
<kw name="Append To File" owner="OperatingSystem">
<msg time="2025-02-13T01:19:57.720542" level="INFO" html="true">Appended to file '&lt;a href="file:///Users/tanakrit/Documents/GitHub/RobotFramewokForIDE/NewFormatOfRobot/execution.log"&gt;/Users/tanakrit/Documents/GitHub/RobotFramewokForIDE/NewFormatOfRobot/execution.log&lt;/a&gt;'.</msg>
<arg>${LOG_FILE}</arg>
<arg>${timestamp}: ${message}\n</arg>
<doc>Appends the given content to the specified file.</doc>
<status status="PASS" start="2025-02-13T01:19:57.720418" elapsed="0.000144"/>
</kw>
<arg>Final processed output: ${output}</arg>
<status status="PASS" start="2025-02-13T01:19:57.720217" elapsed="0.000371"/>
</kw>
<return>
<value>${status}</value>
<value>${output}</value>
<status status="PASS" start="2025-02-13T01:19:57.720606" elapsed="0.000014"/>
</return>
<msg time="2025-02-13T01:19:57.720686" level="INFO">${status} = success</msg>
<msg time="2025-02-13T01:19:57.720701" level="INFO">${actual_output} = 1.0</msg>
<var>${status}</var>
<var>${actual_output}</var>
<arg>${code}</arg>
<arg>${language}</arg>
<arg>${test_case}[input]</arg>
<status status="PASS" start="2025-02-13T01:19:57.416151" elapsed="0.304557"/>
</kw>
<if>
<branch type="IF" condition="'${status}' == 'success'">
<kw name="Compare Outputs">
<kw name="Normalize Output">
<kw name="Set Variable" owner="BuiltIn">
<msg time="2025-02-13T01:19:57.721300" level="INFO">${normalized} = 1.0</msg>
<var>${normalized}</var>
<arg>${output}</arg>
<doc>Returns the given values which can then be assigned to a variables.</doc>
<status status="PASS" start="2025-02-13T01:19:57.721249" elapsed="0.000059"/>
</kw>
<kw name="Run Keyword And Return Status" owner="BuiltIn">
<kw name="Should Be Empty" owner="BuiltIn">
<msg time="2025-02-13T01:19:57.721457" level="INFO">Length is 3.</msg>
<msg time="2025-02-13T01:19:57.721501" level="FAIL">'1.0' should be empty.</msg>
<arg>${normalized}</arg>
<doc>Verifies that the given item is empty.</doc>
<status status="FAIL" start="2025-02-13T01:19:57.721407" elapsed="0.000128">'1.0' should be empty.</status>
</kw>
<msg time="2025-02-13T01:19:57.721576" level="INFO">${is_empty} = False</msg>
<var>${is_empty}</var>
<arg>Should Be Empty</arg>
<arg>${normalized}</arg>
<doc>Runs the given keyword with given arguments and returns the status as a Boolean value.</doc>
<status status="PASS" start="2025-02-13T01:19:57.721353" elapsed="0.000232"/>
</kw>
<if>
<branch type="IF" condition="${is_empty}">
<return>
<value>${normalized}</value>
<status status="NOT RUN" start="2025-02-13T01:19:57.721649" elapsed="0.000006"/>
</return>
<status status="NOT RUN" start="2025-02-13T01:19:57.721616" elapsed="0.000052"/>
</branch>
<status status="PASS" start="2025-02-13T01:19:57.721609" elapsed="0.000070"/>
</if>
<kw name="Split To Lines" owner="String">
<msg time="2025-02-13T01:19:57.721778" level="INFO">1 lines returned</msg>
<msg time="2025-02-13T01:19:57.721807" level="INFO">${lines} = ['1.0']</msg>
<var>${lines}</var>
<arg>${normalized}</arg>
<doc>Splits the given string to lines.</doc>
<status status="PASS" start="2025-02-13T01:19:57.721724" elapsed="0.000091"/>
</kw>
<kw name="Create List" owner="BuiltIn">
<msg time="2025-02-13T01:19:57.721914" level="INFO">${stripped_lines} = []</msg>
<var>${stripped_lines}</var>
<doc>Returns a list containing given items.</doc>
<status status="PASS" start="2025-02-13T01:19:57.721863" elapsed="0.000060"/>
</kw>
<for flavor="IN">
<iter>
<kw name="Strip String" owner="String">
<msg time="2025-02-13T01:19:57.722143" level="INFO">${stripped} = 1.0</msg>
<var>${stripped}</var>
<arg>${line}</arg>
<doc>Remove leading and/or trailing whitespaces from the given string.</doc>
<status status="PASS" start="2025-02-13T01:19:57.722074" elapsed="0.000080"/>
</kw>
<kw name="Continue For Loop If" owner="BuiltIn">
<arg>'${stripped}' == ''</arg>
<doc>Skips the current FOR loop iteration if the ``condition`` is true.</doc>
<status status="PASS" start="2025-02-13T01:19:57.722203" elapsed="0.000094"/>
</kw>
<try>
<branch type="TRY">
<kw name="Convert To Number" owner="BuiltIn">
<msg time="2025-02-13T01:19:57.722461" level="INFO">${as_number} = 1.0</msg>
<var>${as_number}</var>
<arg>${stripped}</arg>
<doc>Converts the given item to a floating point number.</doc>
<status status="PASS" start="2025-02-13T01:19:57.722380" elapsed="0.000090"/>
</kw>
<kw name="Convert To String" owner="BuiltIn">
<msg time="2025-02-13T01:19:57.722595" level="INFO">${normalized_line} = 1.0</msg>
<var>${normalized_line}</var>
<arg>${as_number}</arg>
<doc>Converts the given item to a Unicode string.</doc>
<status status="PASS" start="2025-02-13T01:19:57.722518" elapsed="0.000087"/>
</kw>
<status status="PASS" start="2025-02-13T01:19:57.722334" elapsed="0.000287"/>
</branch>
<branch type="EXCEPT">
<kw name="Set Variable" owner="BuiltIn">
<var>${normalized_line}</var>
<arg>${stripped}</arg>
<doc>Returns the given values which can then be assigned to a variables.</doc>
<status status="NOT RUN" start="2025-02-13T01:19:57.722683" elapsed="0.000008"/>
</kw>
<status status="NOT RUN" start="2025-02-13T01:19:57.722640" elapsed="0.000068"/>
</branch>
<status status="PASS" start="2025-02-13T01:19:57.722320" elapsed="0.000402"/>
</try>
<kw name="Append To List" owner="Collections">
<arg>${stripped_lines}</arg>
<arg>${normalized_line}</arg>
<doc>Adds ``values`` to the end of ``list``.</doc>
<status status="PASS" start="2025-02-13T01:19:57.722763" elapsed="0.000069"/>
</kw>
<var name="${line}">1.0</var>
<status status="PASS" start="2025-02-13T01:19:57.722034" elapsed="0.000815"/>
</iter>
<var>${line}</var>
<value>@{lines}</value>
<status status="PASS" start="2025-02-13T01:19:57.721946" elapsed="0.000918"/>
</for>
<kw name="Evaluate" owner="BuiltIn">
<msg time="2025-02-13T01:19:57.723026" level="INFO">${normalized} = 1.0</msg>
<var>${normalized}</var>
<arg>"\\n".join($stripped_lines)</arg>
<doc>Evaluates the given expression in Python and returns the result.</doc>
<status status="PASS" start="2025-02-13T01:19:57.722914" elapsed="0.000123"/>
</kw>
<kw name="Strip String" owner="String">
<msg time="2025-02-13T01:19:57.723184" level="INFO">${normalized} = 1.0</msg>
<var>${normalized}</var>
<arg>${normalized}</arg>
<doc>Remove leading and/or trailing whitespaces from the given string.</doc>
<status status="PASS" start="2025-02-13T01:19:57.723114" elapsed="0.000081"/>
</kw>
<kw name="Log Debug Info">
<kw name="Get Current Date" owner="DateTime">
<msg time="2025-02-13T01:19:57.723453" level="INFO">${timestamp} = 2025-02-13 01:19:57.723421</msg>
<var>${timestamp}</var>
<arg>result_format=%Y-%m-%d %H:%M:%S.%f</arg>
<doc>Returns current local or UTC time with an optional increment.</doc>
<status status="PASS" start="2025-02-13T01:19:57.723371" elapsed="0.000092"/>
</kw>
<kw name="Append To File" owner="OperatingSystem">
<msg time="2025-02-13T01:19:57.723668" level="INFO" html="true">Appended to file '&lt;a href="file:///Users/tanakrit/Documents/GitHub/RobotFramewokForIDE/NewFormatOfRobot/execution.log"&gt;/Users/tanakrit/Documents/GitHub/RobotFramewokForIDE/NewFormatOfRobot/execution.log&lt;/a&gt;'.</msg>
<arg>${LOG_FILE}</arg>
<arg>${timestamp}: ${message}\n</arg>
<doc>Appends the given content to the specified file.</doc>
<status status="PASS" start="2025-02-13T01:19:57.723513" elapsed="0.000179"/>
</kw>
<arg>Normalized output: ${normalized}</arg>
<status status="PASS" start="2025-02-13T01:19:57.723251" elapsed="0.000468"/>
</kw>
<return>
<value>${normalized}</value>
<status status="PASS" start="2025-02-13T01:19:57.723738" elapsed="0.000012"/>
</return>
<msg time="2025-02-13T01:19:57.723795" level="INFO">${normalized_student} = 1.0</msg>
<var>${normalized_student}</var>
<arg>${student_output}</arg>
<status status="PASS" start="2025-02-13T01:19:57.721154" elapsed="0.002648"/>
</kw>
<kw name="Normalize Output">
<kw name="Set Variable" owner="BuiltIn">
<msg time="2025-02-13T01:19:57.724056" level="INFO">${normalized} = 1</msg>
<var>${normalized}</var>
<arg>${output}</arg>
<doc>Returns the given values which can then be assigned to a variables.</doc>
<status status="PASS" start="2025-02-13T01:19:57.724005" elapsed="0.000059"/>
</kw>
<kw name="Run Keyword And Return Status" owner="BuiltIn">
<kw name="Should Be Empty" owner="BuiltIn">
<msg time="2025-02-13T01:19:57.724203" level="INFO">Length is 1.</msg>
<msg time="2025-02-13T01:19:57.724241" level="FAIL">'1' should be empty.</msg>
<arg>${normalized}</arg>
<doc>Verifies that the given item is empty.</doc>
<status status="FAIL" start="2025-02-13T01:19:57.724162" elapsed="0.000116">'1' should be empty.</status>
</kw>
<msg time="2025-02-13T01:19:57.724318" level="INFO">${is_empty} = False</msg>
<var>${is_empty}</var>
<arg>Should Be Empty</arg>
<arg>${normalized}</arg>
<doc>Runs the given keyword with given arguments and returns the status as a Boolean value.</doc>
<status status="PASS" start="2025-02-13T01:19:57.724108" elapsed="0.000219"/>
</kw>
<if>
<branch type="IF" condition="${is_empty}">
<return>
<value>${normalized}</value>
<status status="NOT RUN" start="2025-02-13T01:19:57.724496" elapsed="0.000007"/>
</return>
<status status="NOT RUN" start="2025-02-13T01:19:57.724459" elapsed="0.000058"/>
</branch>
<status status="PASS" start="2025-02-13T01:19:57.724352" elapsed="0.000176"/>
</if>
<kw name="Split To Lines" owner="String">
<msg time="2025-02-13T01:19:57.724629" level="INFO">1 lines returned</msg>
<msg time="2025-02-13T01:19:57.724659" level="INFO">${lines} = ['1']</msg>
<var>${lines}</var>
<arg>${normalized}</arg>
<doc>Splits the given string to lines.</doc>
<status status="PASS" start="2025-02-13T01:19:57.724574" elapsed="0.000094"/>
</kw>
<kw name="Create List" owner="BuiltIn">
<msg time="2025-02-13T01:19:57.724766" level="INFO">${stripped_lines} = []</msg>
<var>${stripped_lines}</var>
<doc>Returns a list containing given items.</doc>
<status status="PASS" start="2025-02-13T01:19:57.724716" elapsed="0.000059"/>
</kw>
<for flavor="IN">
<iter>
<kw name="Strip String" owner="String">
<msg time="2025-02-13T01:19:57.724993" level="INFO">${stripped} = 1</msg>
<var>${stripped}</var>
<arg>${line}</arg>
<doc>Remove leading and/or trailing whitespaces from the given string.</doc>
<status status="PASS" start="2025-02-13T01:19:57.724926" elapsed="0.000078"/>
</kw>
<kw name="Continue For Loop If" owner="BuiltIn">
<arg>'${stripped}' == ''</arg>
<doc>Skips the current FOR loop iteration if the ``condition`` is true.</doc>
<status status="PASS" start="2025-02-13T01:19:57.725052" elapsed="0.000092"/>
</kw>
<try>
<branch type="TRY">
<kw name="Convert To Number" owner="BuiltIn">
<msg time="2025-02-13T01:19:57.725304" level="INFO">${as_number} = 1.0</msg>
<var>${as_number}</var>
<arg>${stripped}</arg>
<doc>Converts the given item to a floating point number.</doc>
<status status="PASS" start="2025-02-13T01:19:57.725225" elapsed="0.000089"/>
</kw>
<kw name="Convert To String" owner="BuiltIn">
<msg time="2025-02-13T01:19:57.725434" level="INFO">${normalized_line} = 1.0</msg>
<var>${normalized_line}</var>
<arg>${as_number}</arg>
<doc>Converts the given item to a Unicode string.</doc>
<status status="PASS" start="2025-02-13T01:19:57.725361" elapsed="0.000083"/>
</kw>
<status status="PASS" start="2025-02-13T01:19:57.725180" elapsed="0.000280"/>
</branch>
<branch type="EXCEPT">
<kw name="Set Variable" owner="BuiltIn">
<var>${normalized_line}</var>
<arg>${stripped}</arg>
<doc>Returns the given values which can then be assigned to a variables.</doc>
<status status="NOT RUN" start="2025-02-13T01:19:57.725526" elapsed="0.000007"/>
</kw>
<status status="NOT RUN" start="2025-02-13T01:19:57.725481" elapsed="0.000068"/>
</branch>
<status status="PASS" start="2025-02-13T01:19:57.725167" elapsed="0.000397"/>
</try>
<kw name="Append To List" owner="Collections">
<arg>${stripped_lines}</arg>
<arg>${normalized_line}</arg>
<doc>Adds ``values`` to the end of ``list``.</doc>
<status status="PASS" start="2025-02-13T01:19:57.725607" elapsed="0.000070"/>
</kw>
<var name="${line}">1</var>
<status status="PASS" start="2025-02-13T01:19:57.724885" elapsed="0.000808"/>
</iter>
<var>${line}</var>
<value>@{lines}</value>
<status status="PASS" start="2025-02-13T01:19:57.724798" elapsed="0.000909"/>
</for>
[...]
<status status="PASS" start="2025-02-13T01:20:00.379798" elapsed="0.000210"/>
</kw>
<if>
<branch type="IF" condition="${is_empty}">
<return>
<value>${normalized}</value>
<status status="NOT RUN" start="2025-02-13T01:20:00.380068" elapsed="0.000006"/>
</return>
<status status="NOT RUN" start="2025-02-13T01:20:00.380037" elapsed="0.000049"/>
</branch>
<status status="PASS" start="2025-02-13T01:20:00.380030" elapsed="0.000065"/>
</if>
<kw name="Split To Lines" owner="String">
<msg time="2025-02-13T01:20:00.380186" level="INFO">1 lines returned</msg>
<msg time="2025-02-13T01:20:00.380214" level="INFO">${lines} = ['1024']</msg>
<var>${lines}</var>
<arg>${normalized}</arg>
<doc>Splits the given string to lines.</doc>
<status status="PASS" start="2025-02-13T01:20:00.380138" elapsed="0.000084"/>
</kw>
<kw name="Create List" owner="BuiltIn">
<msg time="2025-02-13T01:20:00.380314" level="INFO">${stripped_lines} = []</msg>
<var>${stripped_lines}</var>
<doc>Returns a list containing given items.</doc>
<status status="PASS" start="2025-02-13T01:20:00.380269" elapsed="0.000053"/>
</kw>
<for flavor="IN">
<iter>
<kw name="Strip String" owner="String">
<msg time="2025-02-13T01:20:00.380525" level="INFO">${stripped} = 1024</msg>
<var>${stripped}</var>
<arg>${line}</arg>
<doc>Remove leading and/or trailing whitespaces from the given string.</doc>
<status status="PASS" start="2025-02-13T01:20:00.380459" elapsed="0.000075"/>
</kw>
<kw name="Continue For Loop If" owner="BuiltIn">
<arg>'${stripped}' == ''</arg>
<doc>Skips the current FOR loop iteration if the ``condition`` is true.</doc>
<status status="PASS" start="2025-02-13T01:20:00.380581" elapsed="0.000085"/>
</kw>
<try>
<branch type="TRY">
<kw name="Convert To Number" owner="BuiltIn">
<msg time="2025-02-13T01:20:00.380810" level="INFO">${as_number} = 1024.0</msg>
<var>${as_number}</var>
<arg>${stripped}</arg>
<doc>Converts the given item to a floating point number.</doc>
<status status="PASS" start="2025-02-13T01:20:00.380738" elapsed="0.000081"/>
</kw>
<kw name="Convert To String" owner="BuiltIn">
<msg time="2025-02-13T01:20:00.380932" level="INFO">${normalized_line} = 1024.0</msg>
<var>${normalized_line}</var>
<arg>${as_number}</arg>
<doc>Converts the given item to a Unicode string.</doc>
<status status="PASS" start="2025-02-13T01:20:00.380864" elapsed="0.000077"/>
</kw>
<status status="PASS" start="2025-02-13T01:20:00.380697" elapsed="0.000278"/>
</branch>
<branch type="EXCEPT">
<kw name="Set Variable" owner="BuiltIn">
<var>${normalized_line}</var>
<arg>${stripped}</arg>
<doc>Returns the given values which can then be assigned to a variables.</doc>
<status status="NOT RUN" start="2025-02-13T01:20:00.381033" elapsed="0.000007"/>
</kw>
<status status="NOT RUN" start="2025-02-13T01:20:00.380992" elapsed="0.000062"/>
</branch>
<status status="PASS" start="2025-02-13T01:20:00.380686" elapsed="0.000380"/>
</try>
<kw name="Append To List" owner="Collections">
<arg>${stripped_lines}</arg>
<arg>${normalized_line}</arg>
<doc>Adds ``values`` to the end of ``list``.</doc>
<status status="PASS" start="2025-02-13T01:20:00.381104" elapsed="0.000064"/>
</kw>
<var name="${line}">1024</var>
<status status="PASS" start="2025-02-13T01:20:00.380421" elapsed="0.000766"/>
</iter>
<var>${line}</var>
<value>@{lines}</value>
<status status="PASS" start="2025-02-13T01:20:00.380342" elapsed="0.000858"/>
</for>
<kw name="Evaluate" owner="BuiltIn">
<msg time="2025-02-13T01:20:00.381347" level="INFO">${normalized} = 1024.0</msg>
<var>${normalized}</var>
<arg>"\\n".join($stripped_lines)</arg>
<doc>Evaluates the given expression in Python and returns the result.</doc>
<status status="PASS" start="2025-02-13T01:20:00.381245" elapsed="0.000112"/>
</kw>
<kw name="Strip String" owner="String">
<msg time="2025-02-13T01:20:00.381466" level="INFO">${normalized} = 1024.0</msg>
<var>${normalized}</var>
<arg>${normalized}</arg>
<doc>Remove leading and/or trailing whitespaces from the given string.</doc>
<status status="PASS" start="2025-02-13T01:20:00.381404" elapsed="0.000071"/>
</kw>
<kw name="Log Debug Info">
<kw name="Get Current Date" owner="DateTime">
<msg time="2025-02-13T01:20:00.381815" level="INFO">${timestamp} = 2025-02-13 01:20:00.381785</msg>
<var>${timestamp}</var>
<arg>result_format=%Y-%m-%d %H:%M:%S.%f</arg>
<doc>Returns current local or UTC time with an optional increment.</doc>
<status status="PASS" start="2025-02-13T01:20:00.381640" elapsed="0.000186"/>
</kw>
<kw name="Append To File" owner="OperatingSystem">
<msg time="2025-02-13T01:20:00.382026" level="INFO" html="true">Appended to file '&lt;a href="file:///Users/tanakrit/Documents/GitHub/RobotFramewokForIDE/NewFormatOfRobot/execution.log"&gt;/Users/tanakrit/Documents/GitHub/RobotFramewokForIDE/NewFormatOfRobot/execution.log&lt;/a&gt;'.</msg>
<arg>${LOG_FILE}</arg>
<arg>${timestamp}: ${message}\n</arg>
<doc>Appends the given content to the specified file.</doc>
<status status="PASS" start="2025-02-13T01:20:00.381874" elapsed="0.000175"/>
</kw>
<arg>Normalized output: ${normalized}</arg>
<status status="PASS" start="2025-02-13T01:20:00.381526" elapsed="0.000549"/>
</kw>
<return>
<value>${normalized}</value>
<status status="PASS" start="2025-02-13T01:20:00.382092" elapsed="0.000013"/>
</return>
<msg time="2025-02-13T01:20:00.382157" level="INFO">${normalized_expected} = 1024.0</msg>
<var>${normalized_expected}</var>
<arg>${expected_output}</arg>
<status status="PASS" start="2025-02-13T01:20:00.379565" elapsed="0.002601"/>
</kw>
<kw name="Split To Lines" owner="String">
<msg time="2025-02-13T01:20:00.382262" level="INFO">1 lines returned</msg>
<msg time="2025-02-13T01:20:00.382289" level="INFO">${student_lines} = ['1024.0']</msg>
<var>${student_lines}</var>
<arg>${normalized_student}</arg>
<doc>Splits the given string to lines.</doc>
<status status="PASS" start="2025-02-13T01:20:00.382213" elapsed="0.000086"/>
</kw>
<kw name="Split To Lines" owner="String">
<msg time="2025-02-13T01:20:00.382394" level="INFO">1 lines returned</msg>
<msg time="2025-02-13T01:20:00.382421" level="INFO">${expected_lines} = ['1024.0']</msg>
<var>${expected_lines}</var>
<arg>${normalized_expected}</arg>
<doc>Splits the given string to lines.</doc>
<status status="PASS" start="2025-02-13T01:20:00.382346" elapsed="0.000084"/>
</kw>
<kw name="Get Length" owner="BuiltIn">
<msg time="2025-02-13T01:20:00.382525" level="INFO">Length is 1.</msg>
<msg time="2025-02-13T01:20:00.382553" level="INFO">${student_length} = 1</msg>
<var>${student_length}</var>
<arg>${student_lines}</arg>
<doc>Returns and logs the length of the given item as an integer.</doc>
<status status="PASS" start="2025-02-13T01:20:00.382479" elapsed="0.000082"/>
</kw>
<kw name="Get Length" owner="BuiltIn">
<msg time="2025-02-13T01:20:00.382649" level="INFO">Length is 1.</msg>
<msg time="2025-02-13T01:20:00.382674" level="INFO">${expected_length} = 1</msg>
<var>${expected_length}</var>
<arg>${expected_lines}</arg>
<doc>Returns and logs the length of the given item as an integer.</doc>
<status status="PASS" start="2025-02-13T01:20:00.382607" elapsed="0.000075"/>
</kw>
<if>
<branch type="IF" condition="${student_length} != ${expected_length}">
<kw name="Log Debug Info">
<arg>Different number of lines - Student: ${student_length}, Expected: ${expected_length}</arg>
<status status="NOT RUN" start="2025-02-13T01:20:00.382798" elapsed="0.000008"/>
</kw>
<return>
<value>${FALSE}</value>
<status status="NOT RUN" start="2025-02-13T01:20:00.382823" elapsed="0.000006"/>
</return>
<status status="NOT RUN" start="2025-02-13T01:20:00.382710" elapsed="0.000130"/>
</branch>
<status status="PASS" start="2025-02-13T01:20:00.382703" elapsed="0.000147"/>
</if>
<for flavor="IN RANGE">
<iter>
<kw name="Get From List" owner="Collections">
<msg time="2025-02-13T01:20:00.383069" level="INFO">${student_line} = 1024.0</msg>
<var>${student_line}</var>
<arg>${student_lines}</arg>
<arg>${index}</arg>
<doc>Returns the value specified with an ``index`` from ``list``.</doc>
<status status="PASS" start="2025-02-13T01:20:00.382994" elapsed="0.000085"/>
</kw>
<kw name="Get From List" owner="Collections">
<msg time="2025-02-13T01:20:00.383194" level="INFO">${expected_line} = 1024.0</msg>
<var>${expected_line}</var>
<arg>${expected_lines}</arg>
<arg>${index}</arg>
<doc>Returns the value specified with an ``index`` from ``list``.</doc>
<status status="PASS" start="2025-02-13T01:20:00.383126" elapsed="0.000078"/>
</kw>
<kw name="Replace String" owner="String">
<msg time="2025-02-13T01:20:00.383518" level="INFO">${student_line} = 1024.0</msg>
<var>${student_line}</var>
<arg>${student_line}</arg>
<arg>\r</arg>
<arg>${EMPTY}</arg>
<doc>Replaces ``search_for`` in the given ``string`` with ``replace_with``.</doc>
<status status="PASS" start="2025-02-13T01:20:00.383254" elapsed="0.000275"/>
</kw>
<kw name="Replace String" owner="String">
<msg time="2025-02-13T01:20:00.383831" level="INFO">${expected_line} = 1024.0</msg>
<var>${expected_line}</var>
<arg>${expected_line}</arg>
<arg>\r</arg>
<arg>${EMPTY}</arg>
<doc>Replaces ``search_for`` in the given ``string`` with ``replace_with``.</doc>
<status status="PASS" start="2025-02-13T01:20:00.383581" elapsed="0.000260"/>
</kw>
<kw name="Strip String" owner="String">
<msg time="2025-02-13T01:20:00.383959" level="INFO">${student_line} = 1024.0</msg>
<var>${student_line}</var>
<arg>${student_line}</arg>
<doc>Remove leading and/or trailing whitespaces from the given string.</doc>
<status status="PASS" start="2025-02-13T01:20:00.383894" elapsed="0.000073"/>
</kw>
<kw name="Strip String" owner="String">
<msg time="2025-02-13T01:20:00.384068" level="INFO">${expected_line} = 1024.0</msg>
<var>${expected_line}</var>
<arg>${expected_line}</arg>
<doc>Remove leading and/or trailing whitespaces from the given string.</doc>
<status status="PASS" start="2025-02-13T01:20:00.384011" elapsed="0.000065"/>
</kw>
<kw name="Run Keyword And Return Status" owner="BuiltIn">
<kw name="Should Be Equal As Strings" owner="BuiltIn">
<arg>${student_line}</arg>
<arg>${expected_line}</arg>
<doc>Fails if objects are unequal after converting them to strings.</doc>
<status status="PASS" start="2025-02-13T01:20:00.384188" elapsed="0.000079"/>
</kw>
<msg time="2025-02-13T01:20:00.384300" level="INFO">${line_matches} = True</msg>
<var>${line_matches}</var>
<arg>Should Be Equal As Strings</arg>
<arg>${student_line}</arg>
<arg>${expected_line}</arg>
<doc>Runs the given keyword with given arguments and returns the status as a Boolean value.</doc>
<status status="PASS" start="2025-02-13T01:20:00.384124" elapsed="0.000184"/>
</kw>
<if>
<branch type="IF" condition="not ${line_matches}">
<kw name="Log Debug Info">
<arg>Mismatch at line ${index} - Student: "${student_line}", Expected: "${expected_line}"</arg>
<status status="NOT RUN" start="2025-02-13T01:20:00.384423" elapsed="0.000008"/>
</kw>
<return>
<value>${FALSE}</value>
<status status="NOT RUN" start="2025-02-13T01:20:00.384448" elapsed="0.000005"/>
</return>
<status status="NOT RUN" start="2025-02-13T01:20:00.384352" elapsed="0.000112"/>
</branch>
<status status="PASS" start="2025-02-13T01:20:00.384346" elapsed="0.000127"/>
</if>
<var name="${index}">0</var>
<status status="PASS" start="2025-02-13T01:20:00.382955" elapsed="0.001527"/>
</iter>
<var>${index}</var>
<value>${student_length}</value>
<status status="PASS" start="2025-02-13T01:20:00.382866" elapsed="0.001628"/>
</for>
<kw name="Log Debug Info">
<kw name="Get Current Date" owner="DateTime">
<msg time="2025-02-13T01:20:00.384706" level="INFO">${timestamp} = 2025-02-13 01:20:00.384680</msg>
<var>${timestamp}</var>
<arg>result_format=%Y-%m-%d %H:%M:%S.%f</arg>
<doc>Returns current local or UTC time with an optional increment.</doc>
<status status="PASS" start="2025-02-13T01:20:00.384636" elapsed="0.000080"/>
</kw>
<kw name="Append To File" owner="OperatingSystem">
<msg time="2025-02-13T01:20:00.384890" level="INFO" html="true">Appended to file '&lt;a href="file:///Users/tanakrit/Documents/GitHub/RobotFramewokForIDE/NewFormatOfRobot/execution.log"&gt;/Users/tanakrit/Documents/GitHub/RobotFramewokForIDE/NewFormatOfRobot/execution.log&lt;/a&gt;'.</msg>
<arg>${LOG_FILE}</arg>
<arg>${timestamp}: ${message}\n</arg>
<doc>Appends the given content to the specified file.</doc>
<status status="PASS" start="2025-02-13T01:20:00.384759" elapsed="0.000153"/>
</kw>
<arg>Outputs match completely</arg>
<status status="PASS" start="2025-02-13T01:20:00.384538" elapsed="0.000399"/>
</kw>
<return>
<value>${TRUE}</value>
<status status="PASS" start="2025-02-13T01:20:00.384952" elapsed="0.000012"/>
</return>
<msg time="2025-02-13T01:20:00.385013" level="INFO">${outputs_match} = True</msg>
<var>${outputs_match}</var>
<arg>${actual_output}</arg>
<arg>${test_case}[expected]</arg>
<status status="PASS" start="2025-02-13T01:20:00.376505" elapsed="0.008516"/>
</kw>
<kw name="Set Variable If" owner="BuiltIn">
<msg time="2025-02-13T01:20:00.385131" level="INFO">${final_status} = PASS</msg>
<var>${final_status}</var>
<arg>${outputs_match}</arg>
<arg>PASS</arg>
<arg>FAIL</arg>
<doc>Sets variable based on the given condition.</doc>
<status status="PASS" start="2025-02-13T01:20:00.385072" elapsed="0.000068"/>
</kw>
<status status="PASS" start="2025-02-13T01:20:00.376333" elapsed="0.008824"/>
</branch>
<branch type="ELSE">
<kw name="Set Variable" owner="BuiltIn">
<var>${final_status}</var>
<arg>${status}</arg>
<doc>Returns the given values which can then be assigned to a variables.</doc>
<status status="NOT RUN" start="2025-02-13T01:20:00.385209" elapsed="0.000007"/>
</kw>
<status status="NOT RUN" start="2025-02-13T01:20:00.385167" elapsed="0.000062"/>
</branch>
<status status="PASS" start="2025-02-13T01:20:00.376326" elapsed="0.008912"/>
</if>
<kw name="Add Comparison Result">
<kw name="Set Variable" owner="BuiltIn">
<msg time="2025-02-13T01:20:00.385527" level="INFO">${case_key} = Case10</msg>
<var>${case_key}</var>
<arg>Case${case_number}</arg>
<doc>Returns the given values which can then be assigned to a variables.</doc>
<status status="PASS" start="2025-02-13T01:20:00.385468" elapsed="0.000068"/>
</kw>
<kw name="Create Dictionary" owner="BuiltIn">
<msg time="2025-02-13T01:20:00.385725" level="INFO">${case_result} = {'status': 'PASS', 'teacherinput': '10', 'detail': 'Student=1024.0 vs Teacher=1024'}</msg>
<var>${case_result}</var>
<arg>status=${status}</arg>
<arg>teacherinput=${teacher_input}</arg>
<arg>detail=Student=${student_output} vs Teacher=${teacher_output}</arg>
<doc>Creates and returns a dictionary based on the given ``items``.</doc>
<status status="PASS" start="2025-02-13T01:20:00.385585" elapsed="0.000150"/>
</kw>
<kw name="Set To Dictionary" owner="Collections">
<arg>${results}</arg>
<arg>${case_key}=${case_result}</arg>
<doc>Adds the given ``key_value_pairs`` and/or ``items`` to the ``dictionary``.</doc>
<status status="PASS" start="2025-02-13T01:20:00.385782" elapsed="0.000085"/>
</kw>
<kw name="Log Debug Info">
<kw name="Get Current Date" owner="DateTime">
<msg time="2025-02-13T01:20:00.386103" level="INFO">${timestamp} = 2025-02-13 01:20:00.386076</msg>
<var>${timestamp}</var>
<arg>result_format=%Y-%m-%d %H:%M:%S.%f</arg>
<doc>Returns current local or UTC time with an optional increment.</doc>
<status status="PASS" start="2025-02-13T01:20:00.386034" elapsed="0.000078"/>
</kw>
<kw name="Append To File" owner="OperatingSystem">
<msg time="2025-02-13T01:20:00.386283" level="INFO" html="true">Appended to file '&lt;a href="file:///Users/tanakrit/Documents/GitHub/RobotFramewokForIDE/NewFormatOfRobot/execution.log"&gt;/Users/tanakrit/Documents/GitHub/RobotFramewokForIDE/NewFormatOfRobot/execution.log&lt;/a&gt;'.</msg>
<arg>${LOG_FILE}</arg>
<arg>${timestamp}: ${message}\n</arg>
<doc>Appends the given content to the specified file.</doc>
<status status="PASS" start="2025-02-13T01:20:00.386156" elapsed="0.000147"/>
</kw>
<arg>Added comparison result for ${case_key}: ${case_result}</arg>
<status status="PASS" start="2025-02-13T01:20:00.385917" elapsed="0.000410"/>
</kw>
<arg>${results}</arg>
<arg>${case_number}</arg>
<arg>${final_status}</arg>
<arg>${actual_output}</arg>
<arg>${test_case}[input]</arg>
<arg>${test_case}[expected]</arg>
<status status="PASS" start="2025-02-13T01:20:00.385285" elapsed="0.001061"/>
</kw>
<var name="${index}">9</var>
<var name="${test_case}">{'input': '10', 'expected': '1024'}</var>
<status status="PASS" start="2025-02-13T01:20:00.087310" elapsed="0.299054"/>
</iter>
<var>${index}</var>
<var>${test_case}</var>
<value>@{test_cases}</value>
<status status="PASS" start="2025-02-13T01:19:57.414995" elapsed="2.971389"/>
</for>
<kw name="Save Results">
<kw name="Evaluate" owner="BuiltIn">
<msg time="2025-02-13T01:20:00.386804" level="INFO">${json_string} = {
  "Case1": {
    "status": "PASS",
    "teacherinput": "0",
    "detail": "Student=1.0 vs Teacher=1"
  },
  "Case2": {
    "status": "PASS",
    "teacherinput": "1",
    "detail": "Student=2.0 vs Te...</msg>
<var>${json_string}</var>
<arg>json.dumps($results, indent=2)</arg>
<arg>json</arg>
<doc>Evaluates the given expression in Python and returns the result.</doc>
<status status="PASS" start="2025-02-13T01:20:00.386582" elapsed="0.000234"/>
</kw>
<kw name="Create File" owner="OperatingSystem">
<msg time="2025-02-13T01:20:00.387045" level="INFO" html="true">Created file '&lt;a href="file:///Users/tanakrit/Documents/GitHub/RobotFramewokForIDE/NewFormatOfRobot/comparison_results.json"&gt;/Users/tanakrit/Documents/GitHub/RobotFramewokForIDE/NewFormatOfRobot/comparison_results.json&lt;/a&gt;'.</msg>
<arg>${RESULTS_FILE}</arg>
<arg>${json_string}</arg>
<doc>Creates a file with the given content and encoding.</doc>
<status status="PASS" start="2025-02-13T01:20:00.386865" elapsed="0.000201"/>
</kw>
<kw name="Log Debug Info">
<kw name="Get Current Date" owner="DateTime">
<msg time="2025-02-13T01:20:00.387290" level="INFO">${timestamp} = 2025-02-13 01:20:00.387264</msg>
<var>${timestamp}</var>
<arg>result_format=%Y-%m-%d %H:%M:%S.%f</arg>
<doc>Returns current local or UTC time with an optional increment.</doc>
<status status="PASS" start="2025-02-13T01:20:00.387221" elapsed="0.000079"/>
</kw>
<kw name="Append To File" owner="OperatingSystem">
<msg time="2025-02-13T01:20:00.387469" level="INFO" html="true">Appended to file '&lt;a href="file:///Users/tanakrit/Documents/GitHub/RobotFramewokForIDE/NewFormatOfRobot/execution.log"&gt;/Users/tanakrit/Documents/GitHub/RobotFramewokForIDE/NewFormatOfRobot/execution.log&lt;/a&gt;'.</msg>
<arg>${LOG_FILE}</arg>
<arg>${timestamp}: ${message}\n</arg>
<doc>Appends the given content to the specified file.</doc>
<status status="PASS" start="2025-02-13T01:20:00.387342" elapsed="0.000149"/>
</kw>
<arg>Saved results to ${RESULTS_FILE}</arg>
<status status="PASS" start="2025-02-13T01:20:00.387116" elapsed="0.000416"/>
</kw>
<arg>${results}</arg>
<status status="PASS" start="2025-02-13T01:20:00.386472" elapsed="0.001081"/>
</kw>
<kw name="Cleanup Test Environment" type="TEARDOWN">
<kw name="Remove Directory" owner="OperatingSystem">
<msg time="2025-02-13T01:20:00.388241" level="INFO" html="true">Removed directory '&lt;a href="file:///Users/tanakrit/Documents/GitHub/RobotFramewokForIDE/NewFormatOfRobot/temp"&gt;/Users/tanakrit/Documents/GitHub/RobotFramewokForIDE/NewFormatOfRobot/temp&lt;/a&gt;'.</msg>
<arg>${TEMP_DIR}</arg>
<arg>recursive=True</arg>
<doc>Removes the directory pointed to by the given ``path``.</doc>
<status status="PASS" start="2025-02-13T01:20:00.387867" elapsed="0.000397"/>
</kw>
<status status="PASS" start="2025-02-13T01:20:00.387664" elapsed="0.000627"/>
</kw>
<status status="PASS" start="2025-02-13T01:19:57.411610" elapsed="2.976728"/>
</test>
<status status="PASS" start="2025-02-13T01:19:57.358799" elapsed="3.029780"/>
</suite>
<statistics>
<total>
<stat pass="1" fail="0" skip="0">All Tests</stat>
</total>
<tag>
</tag>
<suite>
<stat pass="1" fail="0" skip="0" id="s1" name="Case2">Case2</stat>
</suite>
</statistics>
<errors>
</errors>
</robot>
