<?xml version="1.0" encoding="UTF-8"?>
<robot generator="Robot 7.1.1 (Python 3.11.4 on darwin)" generated="2025-02-02T19:34:01.550286" rpa="false" schemaversion="5">
<suite id="s1" name="Case3" source="/Users/tanakrit/Documents/GitHub/RobotFramewokForIDE/NewFormatOfRobot/Case3.robot">
<test id="s1-t1" name="Compare Student and Teacher Results" line="60">
<kw name="Load JSON Data">
<kw name="Load Json From File" owner="JSONLibrary">
<msg time="2025-02-02T19:34:01.619759" level="INFO">${data} = {'id': 4, 'title': 'L2Q2 Unicode', 'language': 'python', 'tag_list': ['other'], 'description': 'Write a program to read one character from keyboard and the program then prints out its Unicode in hexad...</msg>
<var>${data}</var>
<arg>${file_path}</arg>
<doc>Load JSON from file.</doc>
<status status="PASS" start="2025-02-02T19:34:01.619586" elapsed="0.000190"/>
</kw>
<kw name="Run Keyword If" owner="BuiltIn">
<arg>${data} == None</arg>
<arg>Fail</arg>
<arg>Failed to load data from ${file_path}</arg>
<doc>Runs the given keyword with the given arguments, if ``condition`` is true.</doc>
<status status="PASS" start="2025-02-02T19:34:01.619841" elapsed="0.000110"/>
</kw>
<return>
<value>${data}</value>
<status status="PASS" start="2025-02-02T19:34:01.619980" elapsed="0.000020"/>
</return>
<msg time="2025-02-02T19:34:01.620057" level="INFO">${student_data} = {'id': 4, 'title': 'L2Q2 Unicode', 'language': 'python', 'tag_list': ['other'], 'description': 'Write a program to read one character from keyboard and the program then prints out its Unicode in hexad...</msg>
<var>${student_data}</var>
<arg>${STUDENT_FILE}</arg>
<status status="PASS" start="2025-02-02T19:34:01.619252" elapsed="0.000815"/>
</kw>
<kw name="Load JSON Data">
<kw name="Load Json From File" owner="JSONLibrary">
<msg time="2025-02-02T19:34:01.620376" level="INFO">${data} = {'id': 4, 'title': 'L2Q2 Unicode', 'language': 'python', 'tag_list': ['other'], 'description': 'Write a program to read one character from keyboard and the program then prints out its Unicode in hexad...</msg>
<var>${data}</var>
<arg>${file_path}</arg>
<doc>Load JSON from file.</doc>
<status status="PASS" start="2025-02-02T19:34:01.620267" elapsed="0.000119"/>
</kw>
<kw name="Run Keyword If" owner="BuiltIn">
<arg>${data} == None</arg>
<arg>Fail</arg>
<arg>Failed to load data from ${file_path}</arg>
<doc>Runs the given keyword with the given arguments, if ``condition`` is true.</doc>
<status status="PASS" start="2025-02-02T19:34:01.620436" elapsed="0.000091"/>
</kw>
<return>
<value>${data}</value>
<status status="PASS" start="2025-02-02T19:34:01.620548" elapsed="0.000014"/>
</return>
<msg time="2025-02-02T19:34:01.620611" level="INFO">${teacher_data} = {'id': 4, 'title': 'L2Q2 Unicode', 'language': 'python', 'tag_list': ['other'], 'description': 'Write a program to read one character from keyboard and the program then prints out its Unicode in hexad...</msg>
<var>${teacher_data}</var>
<arg>${TEACHER_FILE}</arg>
<status status="PASS" start="2025-02-02T19:34:01.620152" elapsed="0.000469"/>
</kw>
<kw name="Set Variable" owner="BuiltIn">
<msg time="2025-02-02T19:34:01.620747" level="INFO">${student_result} = a
b
c
d
e</msg>
<var>${student_result}</var>
<arg>${student_data}[testresult]</arg>
<doc>Returns the given values which can then be assigned to a variables.</doc>
<status status="PASS" start="2025-02-02T19:34:01.620684" elapsed="0.000071"/>
</kw>
<kw name="Set Variable" owner="BuiltIn">
<msg time="2025-02-02T19:34:01.620872" level="INFO">${teacher_result} = a
b
c
d
e</msg>
<var>${teacher_result}</var>
<arg>${teacher_data}[testresult]</arg>
<doc>Returns the given values which can then be assigned to a variables.</doc>
<status status="PASS" start="2025-02-02T19:34:01.620813" elapsed="0.000068"/>
</kw>
<kw name="Split String Into Characters">
<kw name="Replace String" owner="String">
<msg time="2025-02-02T19:34:01.621139" level="INFO">${normalized} = a b c d e</msg>
<var>${normalized}</var>
<arg>${input_string}</arg>
<arg>\r\n</arg>
<arg>${SPACE}</arg>
<doc>Replaces ``search_for`` in the given ``string`` with ``replace_with``.</doc>
<status status="PASS" start="2025-02-02T19:34:01.621061" elapsed="0.000087"/>
</kw>
<kw name="Replace String" owner="String">
<msg time="2025-02-02T19:34:01.621268" level="INFO">${normalized} = a b c d e</msg>
<var>${normalized}</var>
<arg>${normalized}</arg>
<arg>\n</arg>
<arg>${SPACE}</arg>
<doc>Replaces ``search_for`` in the given ``string`` with ``replace_with``.</doc>
<status status="PASS" start="2025-02-02T19:34:01.621194" elapsed="0.000084"/>
</kw>
<kw name="Replace String" owner="String">
<msg time="2025-02-02T19:34:01.621383" level="INFO">${normalized} = a b c d e</msg>
<var>${normalized}</var>
<arg>${normalized}</arg>
<arg>\r</arg>
<arg>${SPACE}</arg>
<doc>Replaces ``search_for`` in the given ``string`` with ``replace_with``.</doc>
<status status="PASS" start="2025-02-02T19:34:01.621320" elapsed="0.000071"/>
</kw>
<kw name="Split String" owner="String">
<msg time="2025-02-02T19:34:01.621489" level="INFO">${chars} = ['a', 'b', 'c', 'd', 'e']</msg>
<var>${chars}</var>
<arg>${normalized}</arg>
<arg>${SPACE}</arg>
<doc>Splits the ``string`` using ``separator`` as a delimiter string.</doc>
<status status="PASS" start="2025-02-02T19:34:01.621429" elapsed="0.000068"/>
</kw>
<return>
<value>${chars}</value>
<status status="PASS" start="2025-02-02T19:34:01.621514" elapsed="0.000012"/>
</return>
<msg time="2025-02-02T19:34:01.621569" level="INFO">${student_chars} = ['a', 'b', 'c', 'd', 'e']</msg>
<var>${student_chars}</var>
<arg>${student_result}</arg>
<status status="PASS" start="2025-02-02T19:34:01.620958" elapsed="0.000618"/>
</kw>
<kw name="Split String Into Characters">
<kw name="Replace String" owner="String">
<msg time="2025-02-02T19:34:01.621816" level="INFO">${normalized} = a b c d e</msg>
<var>${normalized}</var>
<arg>${input_string}</arg>
<arg>\r\n</arg>
<arg>${SPACE}</arg>
<doc>Replaces ``search_for`` in the given ``string`` with ``replace_with``.</doc>
<status status="PASS" start="2025-02-02T19:34:01.621749" elapsed="0.000076"/>
</kw>
<kw name="Replace String" owner="String">
<msg time="2025-02-02T19:34:01.621929" level="INFO">${normalized} = a b c d e</msg>
<var>${normalized}</var>
<arg>${normalized}</arg>
<arg>\n</arg>
<arg>${SPACE}</arg>
<doc>Replaces ``search_for`` in the given ``string`` with ``replace_with``.</doc>
<status status="PASS" start="2025-02-02T19:34:01.621866" elapsed="0.000071"/>
</kw>
<kw name="Replace String" owner="String">
<msg time="2025-02-02T19:34:01.622043" level="INFO">${normalized} = a b c d e</msg>
<var>${normalized}</var>
<arg>${normalized}</arg>
<arg>\r</arg>
<arg>${SPACE}</arg>
<doc>Replaces ``search_for`` in the given ``string`` with ``replace_with``.</doc>
<status status="PASS" start="2025-02-02T19:34:01.621980" elapsed="0.000071"/>
</kw>
<kw name="Split String" owner="String">
<msg time="2025-02-02T19:34:01.622149" level="INFO">${chars} = ['a', 'b', 'c', 'd', 'e']</msg>
<var>${chars}</var>
<arg>${normalized}</arg>
<arg>${SPACE}</arg>
<doc>Splits the ``string`` using ``separator`` as a delimiter string.</doc>
<status status="PASS" start="2025-02-02T19:34:01.622090" elapsed="0.000067"/>
</kw>
<return>
<value>${chars}</value>
<status status="PASS" start="2025-02-02T19:34:01.622175" elapsed="0.000012"/>
</return>
<msg time="2025-02-02T19:34:01.622231" level="INFO">${teacher_chars} = ['a', 'b', 'c', 'd', 'e']</msg>
<var>${teacher_chars}</var>
<arg>${teacher_result}</arg>
<status status="PASS" start="2025-02-02T19:34:01.621650" elapsed="0.000588"/>
</kw>
<kw name="Compare Characters">
<kw name="Create Dictionary" owner="BuiltIn">
<msg time="2025-02-02T19:34:01.622605" level="INFO">${results_dict} = {}</msg>
<var>${results_dict}</var>
<doc>Creates and returns a dictionary based on the given ``items``.</doc>
<status status="PASS" start="2025-02-02T19:34:01.622526" elapsed="0.000087"/>
</kw>
<kw name="Get Length" owner="BuiltIn">
<msg time="2025-02-02T19:34:01.622691" level="INFO">Length is 5.</msg>
<msg time="2025-02-02T19:34:01.622712" level="INFO">${student_length} = 5</msg>
<var>${student_length}</var>
<arg>${student_chars}</arg>
<doc>Returns and logs the length of the given item as an integer.</doc>
<status status="PASS" start="2025-02-02T19:34:01.622651" elapsed="0.000068"/>
</kw>
<kw name="Get Length" owner="BuiltIn">
<msg time="2025-02-02T19:34:01.622834" level="INFO">Length is 5.</msg>
<msg time="2025-02-02T19:34:01.622855" level="INFO">${teacher_length} = 5</msg>
<var>${teacher_length}</var>
<arg>${teacher_chars}</arg>
<doc>Returns and logs the length of the given item as an integer.</doc>
<status status="PASS" start="2025-02-02T19:34:01.622795" elapsed="0.000067"/>
</kw>
<kw name="Run Keyword If" owner="BuiltIn">
<arg>${student_length} != ${teacher_length}</arg>
<arg>Fail</arg>
<arg>Length mismatch: Student chars (${student_length}) ≠ Teacher chars (${teacher_length})</arg>
<doc>Runs the given keyword with the given arguments, if ``condition`` is true.</doc>
<status status="PASS" start="2025-02-02T19:34:01.622902" elapsed="0.000061"/>
</kw>
<for flavor="IN RANGE">
<iter>
<kw name="Set Variable" owner="BuiltIn">
<msg time="2025-02-02T19:34:01.623345" level="INFO">${case_key} = Case1</msg>
<var>${case_key}</var>
<arg>Case${index + 1}</arg>
<doc>Returns the given values which can then be assigned to a variables.</doc>
<status status="PASS" start="2025-02-02T19:34:01.623101" elapsed="0.000252"/>
</kw>
<kw name="Set Variable" owner="BuiltIn">
<msg time="2025-02-02T19:34:01.623454" level="INFO">${student_char} = a</msg>
<var>${student_char}</var>
<arg>${student_chars}[${index}]</arg>
<doc>Returns the given values which can then be assigned to a variables.</doc>
<status status="PASS" start="2025-02-02T19:34:01.623392" elapsed="0.000069"/>
</kw>
<kw name="Set Variable" owner="BuiltIn">
<msg time="2025-02-02T19:34:01.623553" level="INFO">${teacher_char} = a</msg>
<var>${teacher_char}</var>
<arg>${teacher_chars}[${index}]</arg>
<doc>Returns the given values which can then be assigned to a variables.</doc>
<status status="PASS" start="2025-02-02T19:34:01.623497" elapsed="0.000064"/>
</kw>
<kw name="Run Keyword And Return Status" owner="BuiltIn">
<kw name="Should Be Equal As Strings" owner="BuiltIn">
<arg>${student_char}</arg>
<arg>${teacher_char}</arg>
<doc>Fails if objects are unequal after converting them to strings.</doc>
<status status="PASS" start="2025-02-02T19:34:01.623654" elapsed="0.000075"/>
</kw>
<msg time="2025-02-02T19:34:01.623755" level="INFO">${status} = True</msg>
<var>${status}</var>
<arg>Should Be Equal As Strings</arg>
<arg>${student_char}</arg>
<arg>${teacher_char}</arg>
<doc>Runs the given keyword with given arguments and returns the status as a Boolean value.</doc>
<status status="PASS" start="2025-02-02T19:34:01.623600" elapsed="0.000162"/>
</kw>
<kw name="Set Variable If" owner="BuiltIn">
<msg time="2025-02-02T19:34:01.623857" level="INFO">${status_str} = PASS</msg>
<var>${status_str}</var>
<arg>${status}</arg>
<arg>PASS</arg>
<arg>FAIL</arg>
<doc>Sets variable based on the given condition.</doc>
<status status="PASS" start="2025-02-02T19:34:01.623805" elapsed="0.000059"/>
</kw>
<kw name="Create Dictionary" owner="BuiltIn">
<msg time="2025-02-02T19:34:01.624014" level="INFO">${case_dict} = {'status': 'PASS', 'detail': 'Student=a vs Teacher=a'}</msg>
<var>${case_dict}</var>
<arg>status=${status_str}</arg>
<arg>detail=Student=${student_char} vs Teacher=${teacher_char}</arg>
<doc>Creates and returns a dictionary based on the given ``items``.</doc>
<status status="PASS" start="2025-02-02T19:34:01.623906" elapsed="0.000116"/>
</kw>
<kw name="Set To Dictionary" owner="Collections">
<arg>${results_dict}</arg>
<arg>${case_key}=${case_dict}</arg>
<doc>Adds the given ``key_value_pairs`` and/or ``items`` to the ``dictionary``.</doc>
<status status="PASS" start="2025-02-02T19:34:01.624060" elapsed="0.000074"/>
</kw>
<var name="${index}">0</var>
<status status="PASS" start="2025-02-02T19:34:01.623068" elapsed="0.001081"/>
</iter>
<iter>
<kw name="Set Variable" owner="BuiltIn">
<msg time="2025-02-02T19:34:01.624439" level="INFO">${case_key} = Case2</msg>
<var>${case_key}</var>
<arg>Case${index + 1}</arg>
<doc>Returns the given values which can then be assigned to a variables.</doc>
<status status="PASS" start="2025-02-02T19:34:01.624222" elapsed="0.000225"/>
</kw>
<kw name="Set Variable" owner="BuiltIn">
<msg time="2025-02-02T19:34:01.624543" level="INFO">${student_char} = b</msg>
<var>${student_char}</var>
<arg>${student_chars}[${index}]</arg>
<doc>Returns the given values which can then be assigned to a variables.</doc>
<status status="PASS" start="2025-02-02T19:34:01.624484" elapsed="0.000066"/>
</kw>
<kw name="Set Variable" owner="BuiltIn">
<msg time="2025-02-02T19:34:01.624638" level="INFO">${teacher_char} = b</msg>
<var>${teacher_char}</var>
<arg>${teacher_chars}[${index}]</arg>
<doc>Returns the given values which can then be assigned to a variables.</doc>
<status status="PASS" start="2025-02-02T19:34:01.624585" elapsed="0.000061"/>
</kw>
<kw name="Run Keyword And Return Status" owner="BuiltIn">
<kw name="Should Be Equal As Strings" owner="BuiltIn">
<arg>${student_char}</arg>
<arg>${teacher_char}</arg>
<doc>Fails if objects are unequal after converting them to strings.</doc>
<status status="PASS" start="2025-02-02T19:34:01.624734" elapsed="0.000062"/>
</kw>
<msg time="2025-02-02T19:34:01.624826" level="INFO">${status} = True</msg>
<var>${status}</var>
<arg>Should Be Equal As Strings</arg>
<arg>${student_char}</arg>
<arg>${teacher_char}</arg>
<doc>Runs the given keyword with given arguments and returns the status as a Boolean value.</doc>
<status status="PASS" start="2025-02-02T19:34:01.624685" elapsed="0.000148"/>
</kw>
<kw name="Set Variable If" owner="BuiltIn">
<msg time="2025-02-02T19:34:01.624921" level="INFO">${status_str} = PASS</msg>
<var>${status_str}</var>
<arg>${status}</arg>
<arg>PASS</arg>
<arg>FAIL</arg>
<doc>Sets variable based on the given condition.</doc>
<status status="PASS" start="2025-02-02T19:34:01.624874" elapsed="0.000068"/>
</kw>
<kw name="Create Dictionary" owner="BuiltIn">
<msg time="2025-02-02T19:34:01.625199" level="INFO">${case_dict} = {'status': 'PASS', 'detail': 'Student=b vs Teacher=b'}</msg>
<var>${case_dict}</var>
<arg>status=${status_str}</arg>
<arg>detail=Student=${student_char} vs Teacher=${teacher_char}</arg>
<doc>Creates and returns a dictionary based on the given ``items``.</doc>
<status status="PASS" start="2025-02-02T19:34:01.625061" elapsed="0.000202"/>
</kw>
<kw name="Set To Dictionary" owner="Collections">
<arg>${results_dict}</arg>
<arg>${case_key}=${case_dict}</arg>
<doc>Adds the given ``key_value_pairs`` and/or ``items`` to the ``dictionary``.</doc>
<status status="PASS" start="2025-02-02T19:34:01.625320" elapsed="0.000093"/>
</kw>
<var name="${index}">1</var>
<status status="PASS" start="2025-02-02T19:34:01.624193" elapsed="0.001236"/>
</iter>
<iter>
<kw name="Set Variable" owner="BuiltIn">
<msg time="2025-02-02T19:34:01.625771" level="INFO">${case_key} = Case3</msg>
<var>${case_key}</var>
<arg>Case${index + 1}</arg>
<doc>Returns the given values which can then be assigned to a variables.</doc>
<status status="PASS" start="2025-02-02T19:34:01.625516" elapsed="0.000264"/>
</kw>
<kw name="Set Variable" owner="BuiltIn">
<msg time="2025-02-02T19:34:01.625898" level="INFO">${student_char} = c</msg>
<var>${student_char}</var>
<arg>${student_chars}[${index}]</arg>
<doc>Returns the given values which can then be assigned to a variables.</doc>
<status status="PASS" start="2025-02-02T19:34:01.625824" elapsed="0.000085"/>
</kw>
<kw name="Set Variable" owner="BuiltIn">
<msg time="2025-02-02T19:34:01.626019" level="INFO">${teacher_char} = c</msg>
<var>${teacher_char}</var>
<arg>${teacher_chars}[${index}]</arg>
<doc>Returns the given values which can then be assigned to a variables.</doc>
<status status="PASS" start="2025-02-02T19:34:01.625955" elapsed="0.000072"/>
</kw>
<kw name="Run Keyword And Return Status" owner="BuiltIn">
<kw name="Should Be Equal As Strings" owner="BuiltIn">
<arg>${student_char}</arg>
<arg>${teacher_char}</arg>
<doc>Fails if objects are unequal after converting them to strings.</doc>
<status status="PASS" start="2025-02-02T19:34:01.626126" elapsed="0.000078"/>
</kw>
<msg time="2025-02-02T19:34:01.626233" level="INFO">${status} = True</msg>
<var>${status}</var>
<arg>Should Be Equal As Strings</arg>
<arg>${student_char}</arg>
<arg>${teacher_char}</arg>
<doc>Runs the given keyword with given arguments and returns the status as a Boolean value.</doc>
<status status="PASS" start="2025-02-02T19:34:01.626071" elapsed="0.000208"/>
</kw>
<kw name="Set Variable If" owner="BuiltIn">
<msg time="2025-02-02T19:34:01.626385" level="INFO">${status_str} = PASS</msg>
<var>${status_str}</var>
<arg>${status}</arg>
<arg>PASS</arg>
<arg>FAIL</arg>
<doc>Sets variable based on the given condition.</doc>
<status status="PASS" start="2025-02-02T19:34:01.626329" elapsed="0.000064"/>
</kw>
<kw name="Create Dictionary" owner="BuiltIn">
<msg time="2025-02-02T19:34:01.626544" level="INFO">${case_dict} = {'status': 'PASS', 'detail': 'Student=c vs Teacher=c'}</msg>
<var>${case_dict}</var>
<arg>status=${status_str}</arg>
<arg>detail=Student=${student_char} vs Teacher=${teacher_char}</arg>
<doc>Creates and returns a dictionary based on the given ``items``.</doc>
<status status="PASS" start="2025-02-02T19:34:01.626436" elapsed="0.000117"/>
</kw>
<kw name="Set To Dictionary" owner="Collections">
<arg>${results_dict}</arg>
<arg>${case_key}=${case_dict}</arg>
<doc>Adds the given ``key_value_pairs`` and/or ``items`` to the ``dictionary``.</doc>
<status status="PASS" start="2025-02-02T19:34:01.626594" elapsed="0.000077"/>
</kw>
<var name="${index}">2</var>
<status status="PASS" start="2025-02-02T19:34:01.625479" elapsed="0.001206"/>
</iter>
<iter>
<kw name="Set Variable" owner="BuiltIn">
<msg time="2025-02-02T19:34:01.627006" level="INFO">${case_key} = Case4</msg>
<var>${case_key}</var>
<arg>Case${index + 1}</arg>
<doc>Returns the given values which can then be assigned to a variables.</doc>
<status status="PASS" start="2025-02-02T19:34:01.626767" elapsed="0.000248"/>
</kw>
<kw name="Set Variable" owner="BuiltIn">
<msg time="2025-02-02T19:34:01.627119" level="INFO">${student_char} = d</msg>
<var>${student_char}</var>
<arg>${student_chars}[${index}]</arg>
<doc>Returns the given values which can then be assigned to a variables.</doc>
<status status="PASS" start="2025-02-02T19:34:01.627057" elapsed="0.000070"/>
</kw>
<kw name="Set Variable" owner="BuiltIn">
<msg time="2025-02-02T19:34:01.627224" level="INFO">${teacher_char} = d</msg>
<var>${teacher_char}</var>
<arg>${teacher_chars}[${index}]</arg>
<doc>Returns the given values which can then be assigned to a variables.</doc>
<status status="PASS" start="2025-02-02T19:34:01.627165" elapsed="0.000066"/>
</kw>
<kw name="Run Keyword And Return Status" owner="BuiltIn">
<kw name="Should Be Equal As Strings" owner="BuiltIn">
<arg>${student_char}</arg>
<arg>${teacher_char}</arg>
<doc>Fails if objects are unequal after converting them to strings.</doc>
<status status="PASS" start="2025-02-02T19:34:01.627326" elapsed="0.000067"/>
</kw>
<msg time="2025-02-02T19:34:01.627420" level="INFO">${status} = True</msg>
<var>${status}</var>
<arg>Should Be Equal As Strings</arg>
<arg>${student_char}</arg>
<arg>${teacher_char}</arg>
<doc>Runs the given keyword with given arguments and returns the status as a Boolean value.</doc>
<status status="PASS" start="2025-02-02T19:34:01.627273" elapsed="0.000154"/>
</kw>
<kw name="Set Variable If" owner="BuiltIn">
<msg time="2025-02-02T19:34:01.627518" level="INFO">${status_str} = PASS</msg>
<var>${status_str}</var>
<arg>${status}</arg>
<arg>PASS</arg>
<arg>FAIL</arg>
<doc>Sets variable based on the given condition.</doc>
<status status="PASS" start="2025-02-02T19:34:01.627471" elapsed="0.000055"/>
</kw>
<kw name="Create Dictionary" owner="BuiltIn">
<msg time="2025-02-02T19:34:01.627669" level="INFO">${case_dict} = {'status': 'PASS', 'detail': 'Student=d vs Teacher=d'}</msg>
<var>${case_dict}</var>
<arg>status=${status_str}</arg>
<arg>detail=Student=${student_char} vs Teacher=${teacher_char}</arg>
<doc>Creates and returns a dictionary based on the given ``items``.</doc>
<status status="PASS" start="2025-02-02T19:34:01.627569" elapsed="0.000109"/>
</kw>
<kw name="Set To Dictionary" owner="Collections">
<arg>${results_dict}</arg>
<arg>${case_key}=${case_dict}</arg>
<doc>Adds the given ``key_value_pairs`` and/or ``items`` to the ``dictionary``.</doc>
<status status="PASS" start="2025-02-02T19:34:01.627717" elapsed="0.000071"/>
</kw>
<var name="${index}">3</var>
<status status="PASS" start="2025-02-02T19:34:01.626734" elapsed="0.001068"/>
</iter>
<iter>
<kw name="Set Variable" owner="BuiltIn">
<msg time="2025-02-02T19:34:01.628102" level="INFO">${case_key} = Case5</msg>
<var>${case_key}</var>
<arg>Case${index + 1}</arg>
<doc>Returns the given values which can then be assigned to a variables.</doc>
<status status="PASS" start="2025-02-02T19:34:01.627880" elapsed="0.000230"/>
</kw>
<kw name="Set Variable" owner="BuiltIn">
<msg time="2025-02-02T19:34:01.628211" level="INFO">${student_char} = e</msg>
<var>${student_char}</var>
<arg>${student_chars}[${index}]</arg>
<doc>Returns the given values which can then be assigned to a variables.</doc>
<status status="PASS" start="2025-02-02T19:34:01.628150" elapsed="0.000069"/>
</kw>
<kw name="Set Variable" owner="BuiltIn">
<msg time="2025-02-02T19:34:01.628311" level="INFO">${teacher_char} = e</msg>
<var>${teacher_char}</var>
<arg>${teacher_chars}[${index}]</arg>
<doc>Returns the given values which can then be assigned to a variables.</doc>
<status status="PASS" start="2025-02-02T19:34:01.628256" elapsed="0.000063"/>
</kw>
<kw name="Run Keyword And Return Status" owner="BuiltIn">
<kw name="Should Be Equal As Strings" owner="BuiltIn">
<arg>${student_char}</arg>
<arg>${teacher_char}</arg>
<doc>Fails if objects are unequal after converting them to strings.</doc>
<status status="PASS" start="2025-02-02T19:34:01.628413" elapsed="0.000062"/>
</kw>
<msg time="2025-02-02T19:34:01.628502" level="INFO">${status} = True</msg>
<var>${status}</var>
<arg>Should Be Equal As Strings</arg>
<arg>${student_char}</arg>
<arg>${teacher_char}</arg>
<doc>Runs the given keyword with given arguments and returns the status as a Boolean value.</doc>
<status status="PASS" start="2025-02-02T19:34:01.628361" elapsed="0.000148"/>
</kw>
<kw name="Set Variable If" owner="BuiltIn">
<msg time="2025-02-02T19:34:01.628599" level="INFO">${status_str} = PASS</msg>
<var>${status_str}</var>
<arg>${status}</arg>
<arg>PASS</arg>
<arg>FAIL</arg>
<doc>Sets variable based on the given condition.</doc>
<status status="PASS" start="2025-02-02T19:34:01.628551" elapsed="0.000056"/>
</kw>
<kw name="Create Dictionary" owner="BuiltIn">
<msg time="2025-02-02T19:34:01.628826" level="INFO">${case_dict} = {'status': 'PASS', 'detail': 'Student=e vs Teacher=e'}</msg>
<var>${case_dict}</var>
<arg>status=${status_str}</arg>
<arg>detail=Student=${student_char} vs Teacher=${teacher_char}</arg>
<doc>Creates and returns a dictionary based on the given ``items``.</doc>
<status status="PASS" start="2025-02-02T19:34:01.628649" elapsed="0.000186"/>
</kw>
<kw name="Set To Dictionary" owner="Collections">
<arg>${results_dict}</arg>
<arg>${case_key}=${case_dict}</arg>
<doc>Adds the given ``key_value_pairs`` and/or ``items`` to the ``dictionary``.</doc>
<status status="PASS" start="2025-02-02T19:34:01.628874" elapsed="0.000070"/>
</kw>
<var name="${index}">4</var>
<status status="PASS" start="2025-02-02T19:34:01.627848" elapsed="0.001110"/>
</iter>
<var>${index}</var>
<value>0</value>
<value>${student_length}</value>
<status status="PASS" start="2025-02-02T19:34:01.622995" elapsed="0.005975"/>
</for>
<return>
<value>${results_dict}</value>
<status status="PASS" start="2025-02-02T19:34:01.628994" elapsed="0.000019"/>
</return>
<msg time="2025-02-02T19:34:01.629093" level="INFO">${results} = {'Case1': {'status': 'PASS', 'detail': 'Student=a vs Teacher=a'}, 'Case2': {'status': 'PASS', 'detail': 'Student=b vs Teacher=b'}, 'Case3': {'status': 'PASS', 'detail': 'Student=c vs Teacher=c'}, 'Cas...</msg>
<var>${results}</var>
<arg>${student_chars}</arg>
<arg>${teacher_chars}</arg>
<status status="PASS" start="2025-02-02T19:34:01.622335" elapsed="0.006767"/>
</kw>
<kw name="Save Results">
<kw name="Evaluate" owner="BuiltIn">
<msg time="2025-02-02T19:34:01.629760" level="INFO">${json_string} = {
  "Case1": {
    "status": "PASS",
    "detail": "Student=a vs Teacher=a"
  },
  "Case2": {
    "status": "PASS",
    "detail": "Student=b vs Teacher=b"
  },
  "Case3": {
    "status": "PASS",
    "...</msg>
<var>${json_string}</var>
<arg>json.dumps($results, indent=2)</arg>
<arg>json</arg>
<doc>Evaluates the given expression in Python and returns the result.</doc>
<status status="PASS" start="2025-02-02T19:34:01.629460" elapsed="0.000312"/>
</kw>
<kw name="Create File" owner="OperatingSystem">
<msg time="2025-02-02T19:34:01.630088" level="INFO" html="true">Created file '&lt;a href="file:///Users/tanakrit/Documents/GitHub/RobotFramewokForIDE/NewFormatOfRobot/comparison_results.json"&gt;/Users/tanakrit/Documents/GitHub/RobotFramewokForIDE/NewFormatOfRobot/comparison_results.json&lt;/a&gt;'.</msg>
<arg>${RESULTS_FILE}</arg>
<arg>${json_string}</arg>
<doc>Creates a file with the given content and encoding.</doc>
<status status="PASS" start="2025-02-02T19:34:01.629817" elapsed="0.000293"/>
</kw>
<arg>${results}</arg>
<status status="PASS" start="2025-02-02T19:34:01.629260" elapsed="0.000876"/>
</kw>
<status status="PASS" start="2025-02-02T19:34:01.618892" elapsed="0.011326"/>
</test>
<status status="PASS" start="2025-02-02T19:34:01.550970" elapsed="0.079448"/>
</suite>
<statistics>
<total>
<stat pass="1" fail="0" skip="0">All Tests</stat>
</total>
<tag>
</tag>
<suite>
<stat pass="1" fail="0" skip="0" id="s1" name="Case3">Case3</stat>
</suite>
</statistics>
<errors>
</errors>
</robot>
