<?xml version="1.0" encoding="UTF-8"?>
<robot generator="Robot 7.1.1 (Python 3.11.4 on darwin)" generated="2025-02-09T15:35:06.779319" rpa="false" schemaversion="5">
<suite id="s1" name="Case2" source="/Users/tanakrit/Documents/GitHub/RobotFramewokForIDE/NewFormatOfRobot/Case2.robot">
<test id="s1-t1" name="Compare Student Code With Test Cases" line="349">
<kw name="Setup Test Environment" type="SETUP">
<kw name="Create Directory" owner="OperatingSystem">
<msg time="2025-02-09T15:35:06.835721" level="INFO" html="true">Created directory '&lt;a href="file:///Users/tanakrit/Documents/GitHub/RobotFramewokForIDE/NewFormatOfRobot/temp"&gt;/Users/tanakrit/Documents/GitHub/RobotFramewokForIDE/NewFormatOfRobot/temp&lt;/a&gt;'.</msg>
<arg>${TEMP_DIR}</arg>
<doc>Creates the specified directory.</doc>
<status status="PASS" start="2025-02-09T15:35:06.835542" elapsed="0.000207"/>
</kw>
<kw name="Load Json From File" owner="JSONLibrary">
<msg time="2025-02-09T15:35:06.835918" level="INFO">${student} = {'id': 4, 'title': 'L2Q2 Unicode', 'language': 'python', 'tag_list': ['other'], 'description': 'Write a program to read one character from keyboard and the program then prints out its Unicode in hexad...</msg>
<var>${student}</var>
<arg>${STUDENT_FILE}</arg>
<doc>Load JSON from file.</doc>
<status status="PASS" start="2025-02-09T15:35:06.835803" elapsed="0.000125"/>
</kw>
<kw name="Load Json From File" owner="JSONLibrary">
<msg time="2025-02-09T15:35:06.836073" level="INFO">${teacher} = {'id': 4, 'title': 'L2Q2 Unicode', 'language': 'python', 'tag_list': ['other'], 'description': 'Write a program to read one character from keyboard and the program then prints out its Unicode in hexad...</msg>
<var>${teacher}</var>
<arg>${TEACHER_FILE}</arg>
<doc>Load JSON from file.</doc>
<status status="PASS" start="2025-02-09T15:35:06.835973" elapsed="0.000111"/>
</kw>
<kw name="Create Dictionary" owner="BuiltIn">
<msg time="2025-02-09T15:35:06.836207" level="INFO">${results} = {}</msg>
<var>${results}</var>
<doc>Creates and returns a dictionary based on the given ``items``.</doc>
<status status="PASS" start="2025-02-09T15:35:06.836135" elapsed="0.000080"/>
</kw>
<kw name="Get Current Date" owner="DateTime">
<msg time="2025-02-09T15:35:06.836339" level="INFO">${current_time} = 2025-02-09 15:35:06</msg>
<var>${current_time}</var>
<arg>result_format=%Y-%m-%d %H:%M:%S</arg>
<doc>Returns current local or UTC time with an optional increment.</doc>
<status status="PASS" start="2025-02-09T15:35:06.836258" elapsed="0.000089"/>
</kw>
<return>
<value>${student}</value>
<value>${teacher}</value>
<value>${results}</value>
<status status="PASS" start="2025-02-09T15:35:06.836367" elapsed="0.000018"/>
</return>
<status status="PASS" start="2025-02-09T15:35:06.835221" elapsed="0.001219"/>
</kw>
<kw name="Setup Test Environment">
<kw name="Create Directory" owner="OperatingSystem">
<msg time="2025-02-09T15:35:06.836698" level="INFO" html="true">Directory '&lt;a href="file:///Users/tanakrit/Documents/GitHub/RobotFramewokForIDE/NewFormatOfRobot/temp"&gt;/Users/tanakrit/Documents/GitHub/RobotFramewokForIDE/NewFormatOfRobot/temp&lt;/a&gt;' already exists.</msg>
<arg>${TEMP_DIR}</arg>
<doc>Creates the specified directory.</doc>
<status status="PASS" start="2025-02-09T15:35:06.836633" elapsed="0.000086"/>
</kw>
<kw name="Load Json From File" owner="JSONLibrary">
<msg time="2025-02-09T15:35:06.836864" level="INFO">${student} = {'id': 4, 'title': 'L2Q2 Unicode', 'language': 'python', 'tag_list': ['other'], 'description': 'Write a program to read one character from keyboard and the program then prints out its Unicode in hexad...</msg>
<var>${student}</var>
<arg>${STUDENT_FILE}</arg>
<doc>Load JSON from file.</doc>
<status status="PASS" start="2025-02-09T15:35:06.836765" elapsed="0.000108"/>
</kw>
<kw name="Load Json From File" owner="JSONLibrary">
<msg time="2025-02-09T15:35:06.837018" level="INFO">${teacher} = {'id': 4, 'title': 'L2Q2 Unicode', 'language': 'python', 'tag_list': ['other'], 'description': 'Write a program to read one character from keyboard and the program then prints out its Unicode in hexad...</msg>
<var>${teacher}</var>
<arg>${TEACHER_FILE}</arg>
<doc>Load JSON from file.</doc>
<status status="PASS" start="2025-02-09T15:35:06.836918" elapsed="0.000109"/>
</kw>
<kw name="Create Dictionary" owner="BuiltIn">
<msg time="2025-02-09T15:35:06.837169" level="INFO">${results} = {}</msg>
<var>${results}</var>
<doc>Creates and returns a dictionary based on the given ``items``.</doc>
<status status="PASS" start="2025-02-09T15:35:06.837067" elapsed="0.000110"/>
</kw>
<kw name="Get Current Date" owner="DateTime">
<msg time="2025-02-09T15:35:06.837282" level="INFO">${current_time} = 2025-02-09 15:35:06</msg>
<var>${current_time}</var>
<arg>result_format=%Y-%m-%d %H:%M:%S</arg>
<doc>Returns current local or UTC time with an optional increment.</doc>
<status status="PASS" start="2025-02-09T15:35:06.837215" elapsed="0.000074"/>
</kw>
<return>
<value>${student}</value>
<value>${teacher}</value>
<value>${results}</value>
<status status="PASS" start="2025-02-09T15:35:06.837305" elapsed="0.000012"/>
</return>
<msg time="2025-02-09T15:35:06.837384" level="INFO">${student} = {'id': 4, 'title': 'L2Q2 Unicode', 'language': 'python', 'tag_list': ['other'], 'description': 'Write a program to read one character from keyboard and the program then prints out its Unicode in hexad...</msg>
<msg time="2025-02-09T15:35:06.837401" level="INFO">${teacher} = {'id': 4, 'title': 'L2Q2 Unicode', 'language': 'python', 'tag_list': ['other'], 'description': 'Write a program to read one character from keyboard and the program then prints out its Unicode in hexad...</msg>
<msg time="2025-02-09T15:35:06.837414" level="INFO">${results} = {}</msg>
<var>${student}</var>
<var>${teacher}</var>
<var>${results}</var>
<status status="PASS" start="2025-02-09T15:35:06.836538" elapsed="0.000882"/>
</kw>
<kw name="Log Debug Info">
<kw name="Get Current Date" owner="DateTime">
<msg time="2025-02-09T15:35:06.837650" level="INFO">${timestamp} = 2025-02-09 15:35:06.837622</msg>
<var>${timestamp}</var>
<arg>result_format=%Y-%m-%d %H:%M:%S.%f</arg>
<doc>Returns current local or UTC time with an optional increment.</doc>
<status status="PASS" start="2025-02-09T15:35:06.837582" elapsed="0.000076"/>
</kw>
<kw name="Append To File" owner="OperatingSystem">
<msg time="2025-02-09T15:35:06.837842" level="INFO" html="true">Appended to file '&lt;a href="file:///Users/tanakrit/Documents/GitHub/RobotFramewokForIDE/NewFormatOfRobot/execution.log"&gt;/Users/tanakrit/Documents/GitHub/RobotFramewokForIDE/NewFormatOfRobot/execution.log&lt;/a&gt;'.</msg>
<arg>${LOG_FILE}</arg>
<arg>${timestamp}: ${message}\n</arg>
<doc>Appends the given content to the specified file.</doc>
<status status="PASS" start="2025-02-09T15:35:06.837696" elapsed="0.000165"/>
</kw>
<arg>Starting test execution</arg>
<status status="PASS" start="2025-02-09T15:35:06.837490" elapsed="0.000393"/>
</kw>
<kw name="Set Variable" owner="BuiltIn">
<msg time="2025-02-09T15:35:06.837999" level="INFO">@{test_cases} = [ {'input': 'a', 'output': 'u0061'} | {'input': 'b', 'output': 'u0062'} | {'input': 'c', 'output': 'u0063'} | {'input': 'd', 'output': 'u0064'} | {'input': 'e', 'output': 'u0065'} | {'input': 'f', 'ou...</msg>
<var>@{test_cases}</var>
<arg>${teacher}[testcases]</arg>
<doc>Returns the given values which can then be assigned to a variables.</doc>
<status status="PASS" start="2025-02-09T15:35:06.837933" elapsed="0.000075"/>
</kw>
<kw name="Set Variable" owner="BuiltIn">
<msg time="2025-02-09T15:35:06.838111" level="INFO">${code} = x = input("Enter a character: ")
print("The Unicode is: u%04x" %ord(x))</msg>
<var>${code}</var>
<arg>${student}[code]</arg>
<doc>Returns the given values which can then be assigned to a variables.</doc>
<status status="PASS" start="2025-02-09T15:35:06.838061" elapsed="0.000058"/>
</kw>
<kw name="Set Variable" owner="BuiltIn">
<msg time="2025-02-09T15:35:06.838220" level="INFO">${language} = python</msg>
<var>${language}</var>
<arg>${student}[language]</arg>
<doc>Returns the given values which can then be assigned to a variables.</doc>
<status status="PASS" start="2025-02-09T15:35:06.838166" elapsed="0.000061"/>
</kw>
<for flavor="IN ENUMERATE">
<iter>
<kw name="Evaluate" owner="BuiltIn">
<msg time="2025-02-09T15:35:06.838503" level="INFO">${case_number} = 1</msg>
<var>${case_number}</var>
<arg>${index} + 1</arg>
<doc>Evaluates the given expression in Python and returns the result.</doc>
<status status="PASS" start="2025-02-09T15:35:06.838433" elapsed="0.000078"/>
</kw>
<kw name="Log Debug Info">
<kw name="Get Current Date" owner="DateTime">
<msg time="2025-02-09T15:35:06.838717" level="INFO">${timestamp} = 2025-02-09 15:35:06.838693</msg>
<var>${timestamp}</var>
<arg>result_format=%Y-%m-%d %H:%M:%S.%f</arg>
<doc>Returns current local or UTC time with an optional increment.</doc>
<status status="PASS" start="2025-02-09T15:35:06.838652" elapsed="0.000072"/>
</kw>
<kw name="Append To File" owner="OperatingSystem">
<msg time="2025-02-09T15:35:06.838882" level="INFO" html="true">Appended to file '&lt;a href="file:///Users/tanakrit/Documents/GitHub/RobotFramewokForIDE/NewFormatOfRobot/execution.log"&gt;/Users/tanakrit/Documents/GitHub/RobotFramewokForIDE/NewFormatOfRobot/execution.log&lt;/a&gt;'.</msg>
<arg>${LOG_FILE}</arg>
<arg>${timestamp}: ${message}\n</arg>
<doc>Appends the given content to the specified file.</doc>
<status status="PASS" start="2025-02-09T15:35:06.838761" elapsed="0.000143"/>
</kw>
<arg>Processing test case ${case_number}</arg>
<status status="PASS" start="2025-02-09T15:35:06.838555" elapsed="0.000370"/>
</kw>
<kw name="Run Keyword And Return Status" owner="BuiltIn">
<kw name="Should Not Be Empty" owner="BuiltIn">
<msg time="2025-02-09T15:35:06.839059" level="INFO">Length is 72.</msg>
<arg>${code}</arg>
<doc>Verifies that the given item is not empty.</doc>
<status status="PASS" start="2025-02-09T15:35:06.839017" elapsed="0.000056"/>
</kw>
<msg time="2025-02-09T15:35:06.839098" level="INFO">${code_exists} = True</msg>
<var>${code_exists}</var>
<arg>Should Not Be Empty</arg>
<arg>${code}</arg>
<doc>Runs the given keyword with given arguments and returns the status as a Boolean value.</doc>
<status status="PASS" start="2025-02-09T15:35:06.838964" elapsed="0.000140"/>
</kw>
<if>
<branch type="IF" condition="not ${code_exists}">
<kw name="Handle Invalid Code">
<arg>${results}</arg>
<arg>${case_number}</arg>
<arg>${test_case}[output]</arg>
<arg>${test_case}[input]</arg>
<arg>${language}</arg>
<status status="NOT RUN" start="2025-02-09T15:35:06.839201" elapsed="0.000007"/>
</kw>
<kw name="Continue For Loop" owner="BuiltIn">
<doc>Skips the current FOR loop iteration and continues from the next.</doc>
<status status="NOT RUN" start="2025-02-09T15:35:06.839251" elapsed="0.000006"/>
</kw>
<status status="NOT RUN" start="2025-02-09T15:35:06.839135" elapsed="0.000131"/>
</branch>
<status status="PASS" start="2025-02-09T15:35:06.839126" elapsed="0.000150"/>
</if>
<kw name="Execute Code With Input">
<kw name="Set Variable" owner="BuiltIn">
<msg time="2025-02-09T15:35:06.839615" level="INFO">${filename} = test</msg>
<var>${filename}</var>
<arg>test</arg>
<doc>Returns the given values which can then be assigned to a variables.</doc>
<status status="PASS" start="2025-02-09T15:35:06.839579" elapsed="0.000043"/>
</kw>
<kw name="Set Variable If" owner="BuiltIn">
<msg time="2025-02-09T15:35:06.839722" level="INFO">${ext} = .py</msg>
<var>${ext}</var>
<arg>'${language}' == 'python'</arg>
<arg>.py</arg>
<arg>'${language}' == 'cpp'</arg>
<arg>.cpp</arg>
<arg>'${language}' == 'rust'</arg>
<arg>.rs</arg>
<arg>'${language}' == 'javascript'</arg>
<arg>.js</arg>
<doc>Sets variable based on the given condition.</doc>
<status status="PASS" start="2025-02-09T15:35:06.839661" elapsed="0.000068"/>
</kw>
<kw name="Log Debug Info">
<kw name="Get Current Date" owner="DateTime">
<msg time="2025-02-09T15:35:06.839924" level="INFO">${timestamp} = 2025-02-09 15:35:06.839903</msg>
<var>${timestamp}</var>
<arg>result_format=%Y-%m-%d %H:%M:%S.%f</arg>
<doc>Returns current local or UTC time with an optional increment.</doc>
<status status="PASS" start="2025-02-09T15:35:06.839867" elapsed="0.000065"/>
</kw>
<kw name="Append To File" owner="OperatingSystem">
<msg time="2025-02-09T15:35:06.840504" level="INFO" html="true">Appended to file '&lt;a href="file:///Users/tanakrit/Documents/GitHub/RobotFramewokForIDE/NewFormatOfRobot/execution.log"&gt;/Users/tanakrit/Documents/GitHub/RobotFramewokForIDE/NewFormatOfRobot/execution.log&lt;/a&gt;'.</msg>
<arg>${LOG_FILE}</arg>
<arg>${timestamp}: ${message}\n</arg>
<doc>Appends the given content to the specified file.</doc>
<status status="PASS" start="2025-02-09T15:35:06.839965" elapsed="0.000561"/>
</kw>
<arg>Executing code in ${language}:\n${code}</arg>
<status status="PASS" start="2025-02-09T15:35:06.839773" elapsed="0.000778"/>
</kw>
<kw name="Log Debug Info">
<kw name="Get Current Date" owner="DateTime">
<msg time="2025-02-09T15:35:06.840764" level="INFO">${timestamp} = 2025-02-09 15:35:06.840738</msg>
<var>${timestamp}</var>
<arg>result_format=%Y-%m-%d %H:%M:%S.%f</arg>
<doc>Returns current local or UTC time with an optional increment.</doc>
<status status="PASS" start="2025-02-09T15:35:06.840695" elapsed="0.000078"/>
</kw>
<kw name="Append To File" owner="OperatingSystem">
<msg time="2025-02-09T15:35:06.840954" level="INFO" html="true">Appended to file '&lt;a href="file:///Users/tanakrit/Documents/GitHub/RobotFramewokForIDE/NewFormatOfRobot/execution.log"&gt;/Users/tanakrit/Documents/GitHub/RobotFramewokForIDE/NewFormatOfRobot/execution.log&lt;/a&gt;'.</msg>
<arg>${LOG_FILE}</arg>
<arg>${timestamp}: ${message}\n</arg>
<doc>Appends the given content to the specified file.</doc>
<status status="PASS" start="2025-02-09T15:35:06.840810" elapsed="0.000177"/>
</kw>
<arg>Input values: ${input}</arg>
<status status="PASS" start="2025-02-09T15:35:06.840597" elapsed="0.000422"/>
</kw>
<kw name="Create File" owner="OperatingSystem">
<msg time="2025-02-09T15:35:06.841284" level="INFO" html="true">Created file '&lt;a href="file:///Users/tanakrit/Documents/GitHub/RobotFramewokForIDE/NewFormatOfRobot/temp/test.py"&gt;/Users/tanakrit/Documents/GitHub/RobotFramewokForIDE/NewFormatOfRobot/temp/test.py&lt;/a&gt;'.</msg>
<arg>${TEMP_DIR}/${filename}${ext}</arg>
<arg>${code}</arg>
<doc>Creates a file with the given content and encoding.</doc>
<status status="PASS" start="2025-02-09T15:35:06.841072" elapsed="0.000231"/>
</kw>
<kw name="Prepare Input File">
<kw name="Run Keyword And Return Status" owner="BuiltIn">
<kw name="Variable Should Exist" owner="BuiltIn">
<arg>${input}</arg>
<doc>Fails unless the given variable exists within the current scope.</doc>
<status status="PASS" start="2025-02-09T15:35:06.841558" elapsed="0.000057"/>
</kw>
<msg time="2025-02-09T15:35:06.841642" level="INFO">${input_exists} = True</msg>
<var>${input_exists}</var>
<arg>Variable Should Exist</arg>
<arg>${input}</arg>
<doc>Runs the given keyword with given arguments and returns the status as a Boolean value.</doc>
<status status="PASS" start="2025-02-09T15:35:06.841500" elapsed="0.000150"/>
</kw>
<kw name="Run Keyword And Return Status" owner="BuiltIn">
<kw name="Should Not Be Equal" owner="BuiltIn">
<arg>${input}</arg>
<arg>None</arg>
<doc>Fails if the given objects are equal.</doc>
<status status="PASS" start="2025-02-09T15:35:06.841744" elapsed="0.000059"/>
</kw>
<msg time="2025-02-09T15:35:06.841831" level="INFO">${input_not_none} = True</msg>
<var>${input_not_none}</var>
<arg>Should Not Be Equal</arg>
<arg>${input}</arg>
<arg>None</arg>
<doc>Runs the given keyword with given arguments and returns the status as a Boolean value.</doc>
<status status="PASS" start="2025-02-09T15:35:06.841691" elapsed="0.000147"/>
</kw>
<kw name="Evaluate" owner="BuiltIn">
<msg time="2025-02-09T15:35:06.841961" level="INFO">${should_create_input} = True</msg>
<var>${should_create_input}</var>
<arg>${input_exists} and ${input_not_none}</arg>
<doc>Evaluates the given expression in Python and returns the result.</doc>
<status status="PASS" start="2025-02-09T15:35:06.841883" elapsed="0.000086"/>
</kw>
<if>
<branch type="IF" condition="${should_create_input}">
<kw name="Replace String" owner="String">
<msg time="2025-02-09T15:35:06.842105" level="INFO">${normalized_input} = a</msg>
<var>${normalized_input}</var>
<arg>${input}</arg>
<arg>\r\n</arg>
<arg>\n</arg>
<doc>Replaces ``search_for`` in the given ``string`` with ``replace_with``.</doc>
<status status="PASS" start="2025-02-09T15:35:06.842045" elapsed="0.000087"/>
</kw>
<kw name="Run Keyword And Return Status" owner="BuiltIn">
<kw name="Should End With" owner="BuiltIn">
<msg time="2025-02-09T15:35:06.842311" level="FAIL">'a' does not end with '
'</msg>
<arg>${normalized_input}</arg>
<arg>\n</arg>
<doc>Fails if the string ``str1`` does not end with the string ``str2``.</doc>
<status status="FAIL" start="2025-02-09T15:35:06.842229" elapsed="0.000140">'a' does not end with '
'</status>
</kw>
<msg time="2025-02-09T15:35:06.842405" level="INFO">${has_newline} = False</msg>
<var>${has_newline}</var>
<arg>Should End With</arg>
<arg>${normalized_input}</arg>
<arg>\n</arg>
<doc>Runs the given keyword with given arguments and returns the status as a Boolean value.</doc>
<status status="PASS" start="2025-02-09T15:35:06.842177" elapsed="0.000236"/>
</kw>
<if>
<branch type="IF" condition="not ${has_newline}">
<kw name="Set Variable" owner="BuiltIn">
<msg time="2025-02-09T15:35:06.842554" level="INFO">${normalized_input} = a
</msg>
<var>${normalized_input}</var>
<arg>${normalized_input}\n</arg>
<doc>Returns the given values which can then be assigned to a variables.</doc>
<status status="PASS" start="2025-02-09T15:35:06.842500" elapsed="0.000061"/>
</kw>
<status status="PASS" start="2025-02-09T15:35:06.842439" elapsed="0.000134"/>
</branch>
<status status="PASS" start="2025-02-09T15:35:06.842433" elapsed="0.000151"/>
</if>
<kw name="Create File" owner="OperatingSystem">
<msg time="2025-02-09T15:35:06.842805" level="INFO" html="true">Created file '&lt;a href="file:///Users/tanakrit/Documents/GitHub/RobotFramewokForIDE/NewFormatOfRobot/temp/input.txt"&gt;/Users/tanakrit/Documents/GitHub/RobotFramewokForIDE/NewFormatOfRobot/temp/input.txt&lt;/a&gt;'.</msg>
<arg>${TEMP_DIR}/input.txt</arg>
<arg>${normalized_input}</arg>
<arg>encoding=UTF-8</arg>
<doc>Creates a file with the given content and encoding.</doc>
<status status="PASS" start="2025-02-09T15:35:06.842618" elapsed="0.000205"/>
</kw>
<kw name="Log Debug Info">
<kw name="Get Current Date" owner="DateTime">
<msg time="2025-02-09T15:35:06.843034" level="INFO">${timestamp} = 2025-02-09 15:35:06.843008</msg>
<var>${timestamp}</var>
<arg>result_format=%Y-%m-%d %H:%M:%S.%f</arg>
<doc>Returns current local or UTC time with an optional increment.</doc>
<status status="PASS" start="2025-02-09T15:35:06.842968" elapsed="0.000074"/>
</kw>
<kw name="Append To File" owner="OperatingSystem">
<msg time="2025-02-09T15:35:06.843193" level="INFO" html="true">Appended to file '&lt;a href="file:///Users/tanakrit/Documents/GitHub/RobotFramewokForIDE/NewFormatOfRobot/execution.log"&gt;/Users/tanakrit/Documents/GitHub/RobotFramewokForIDE/NewFormatOfRobot/execution.log&lt;/a&gt;'.</msg>
<arg>${LOG_FILE}</arg>
<arg>${timestamp}: ${message}\n</arg>
<doc>Appends the given content to the specified file.</doc>
<status status="PASS" start="2025-02-09T15:35:06.843078" elapsed="0.000133"/>
</kw>
<arg>Created input file with content: ${normalized_input}</arg>
<status status="PASS" start="2025-02-09T15:35:06.842871" elapsed="0.000362"/>
</kw>
<return>
<value>${True}</value>
<value>${TEMP_DIR}/input.txt</value>
<status status="PASS" start="2025-02-09T15:35:06.843249" elapsed="0.000013"/>
</return>
<status status="PASS" start="2025-02-09T15:35:06.841995" elapsed="0.001282"/>
</branch>
<status status="PASS" start="2025-02-09T15:35:06.841987" elapsed="0.001305"/>
</if>
<return>
<value>${False}</value>
<value>${EMPTY}</value>
<status status="NOT RUN" start="2025-02-09T15:35:06.843307" elapsed="0.000004"/>
</return>
<msg time="2025-02-09T15:35:06.843372" level="INFO">${has_input} = True</msg>
<msg time="2025-02-09T15:35:06.843385" level="INFO">${input_file} = ./temp/input.txt</msg>
<var>${has_input}</var>
<var>${input_file}</var>
<arg>${input}</arg>
<status status="PASS" start="2025-02-09T15:35:06.841394" elapsed="0.001998"/>
</kw>
<kw name="Set Variable" owner="BuiltIn">
<msg time="2025-02-09T15:35:06.843470" level="INFO">${status} = success</msg>
<var>${status}</var>
<arg>success</arg>
<doc>Returns the given values which can then be assigned to a variables.</doc>
<status status="PASS" start="2025-02-09T15:35:06.843432" elapsed="0.000045"/>
</kw>
<kw name="Set Variable" owner="BuiltIn">
<msg time="2025-02-09T15:35:06.843744" level="INFO">${output} = </msg>
<var>${output}</var>
<arg>${EMPTY}</arg>
<doc>Returns the given values which can then be assigned to a variables.</doc>
<status status="PASS" start="2025-02-09T15:35:06.843513" elapsed="0.000239"/>
</kw>
<try>
<branch type="TRY">
<if>
<branch type="IF" condition="'${language}' == 'python'">
<kw name="Execute Python Code">
<if>
<branch type="IF" condition="${has_input}">
<kw name="Run Process" owner="Process">
<msg time="2025-02-09T15:35:06.844309" level="INFO">Starting process:
python ./temp/test.py</msg>
<msg time="2025-02-09T15:35:06.846585" level="INFO">Waiting for process to complete.</msg>
<msg time="2025-02-09T15:35:06.857868" level="INFO">Process completed.</msg>
<msg time="2025-02-09T15:35:06.858027" level="INFO">${result} = &lt;result object with rc 0&gt;</msg>
<var>${result}</var>
<arg>${PYTHON_CMD}</arg>
<arg>${filename}</arg>
<arg>stdin=${input_file}</arg>
<arg>shell=True</arg>
<arg>stderr=STDOUT</arg>
<doc>Runs a process and waits for it to complete.</doc>
<status status="PASS" start="2025-02-09T15:35:06.844117" elapsed="0.013925"/>
</kw>
<kw name="Log Debug Info">
<kw name="Get Current Date" owner="DateTime">
<msg time="2025-02-09T15:35:06.859180" level="INFO">${timestamp} = 2025-02-09 15:35:06.859133</msg>
<var>${timestamp}</var>
<arg>result_format=%Y-%m-%d %H:%M:%S.%f</arg>
<doc>Returns current local or UTC time with an optional increment.</doc>
<status status="PASS" start="2025-02-09T15:35:06.859054" elapsed="0.000135"/>
</kw>
<kw name="Append To File" owner="OperatingSystem">
<msg time="2025-02-09T15:35:06.859487" level="INFO" html="true">Appended to file '&lt;a href="file:///Users/tanakrit/Documents/GitHub/RobotFramewokForIDE/NewFormatOfRobot/execution.log"&gt;/Users/tanakrit/Documents/GitHub/RobotFramewokForIDE/NewFormatOfRobot/execution.log&lt;/a&gt;'.</msg>
<arg>${LOG_FILE}</arg>
<arg>${timestamp}: ${message}\n</arg>
<doc>Appends the given content to the specified file.</doc>
<status status="PASS" start="2025-02-09T15:35:06.859235" elapsed="0.000275"/>
</kw>
<arg>Python execution with input - RC: ${result.rc}, Output:\n${result.stdout}</arg>
<status status="PASS" start="2025-02-09T15:35:06.858263" elapsed="0.001272"/>
</kw>
<status status="PASS" start="2025-02-09T15:35:06.844039" elapsed="0.015508"/>
</branch>
<branch type="ELSE">
<kw name="Run Process" owner="Process">
<var>${result}</var>
<arg>${PYTHON_CMD}</arg>
<arg>${filename}</arg>
<arg>shell=True</arg>
<arg>stderr=STDOUT</arg>
<arg>stdout=STDOUT</arg>
<doc>Runs a process and waits for it to complete.</doc>
<status status="NOT RUN" start="2025-02-09T15:35:06.859628" elapsed="0.000007"/>
</kw>
<kw name="Log Debug Info">
<arg>Python execution without input - RC: ${result.rc}, Output:\n${result.stdout}</arg>
<status status="NOT RUN" start="2025-02-09T15:35:06.859682" elapsed="0.000007"/>
</kw>
<status status="NOT RUN" start="2025-02-09T15:35:06.859574" elapsed="0.000125"/>
</branch>
<status status="PASS" start="2025-02-09T15:35:06.844033" elapsed="0.015675"/>
</if>
<return>
<value>${result}</value>
<status status="PASS" start="2025-02-09T15:35:06.859728" elapsed="0.000021"/>
</return>
<msg time="2025-02-09T15:35:06.859806" level="INFO">${result} = &lt;result object with rc 0&gt;</msg>
<var>${result}</var>
<arg>${TEMP_DIR}/${filename}${ext}</arg>
<arg>${has_input}</arg>
<arg>${input_file}</arg>
<status status="PASS" start="2025-02-09T15:35:06.843898" elapsed="0.015916"/>
</kw>
<if>
<branch type="IF" condition="${result.rc} != 0">
<kw name="Set Variable" owner="BuiltIn">
<var>${status}</var>
<arg>runtime_error</arg>
<doc>Returns the given values which can then be assigned to a variables.</doc>
<status status="NOT RUN" start="2025-02-09T15:35:06.860088" elapsed="0.000007"/>
</kw>
<kw name="Set Variable" owner="BuiltIn">
<var>${output}</var>
<arg>${result.stdout}</arg>
<doc>Returns the given values which can then be assigned to a variables.</doc>
<status status="NOT RUN" start="2025-02-09T15:35:06.860160" elapsed="0.000006"/>
</kw>
<kw name="Log Debug Info">
<arg>Python runtime error: ${result.stdout}</arg>
<status status="NOT RUN" start="2025-02-09T15:35:06.860205" elapsed="0.000005"/>
</kw>
<status status="NOT RUN" start="2025-02-09T15:35:06.859843" elapsed="0.000378"/>
</branch>
<branch type="ELSE">
<kw name="Get Final Output">
<kw name="Log Debug Info">
<kw name="Get Current Date" owner="DateTime">
<msg time="2025-02-09T15:35:06.860723" level="INFO">${timestamp} = 2025-02-09 15:35:06.860697</msg>
<var>${timestamp}</var>
<arg>result_format=%Y-%m-%d %H:%M:%S.%f</arg>
<doc>Returns current local or UTC time with an optional increment.</doc>
<status status="PASS" start="2025-02-09T15:35:06.860657" elapsed="0.000074"/>
</kw>
<kw name="Append To File" owner="OperatingSystem">
<msg time="2025-02-09T15:35:06.860897" level="INFO" html="true">Appended to file '&lt;a href="file:///Users/tanakrit/Documents/GitHub/RobotFramewokForIDE/NewFormatOfRobot/execution.log"&gt;/Users/tanakrit/Documents/GitHub/RobotFramewokForIDE/NewFormatOfRobot/execution.log&lt;/a&gt;'.</msg>
<arg>${LOG_FILE}</arg>
<arg>${timestamp}: ${message}\n</arg>
<doc>Appends the given content to the specified file.</doc>
<status status="PASS" start="2025-02-09T15:35:06.860767" elapsed="0.000152"/>
</kw>
<arg>Processing raw output: ${output}</arg>
<status status="PASS" start="2025-02-09T15:35:06.860573" elapsed="0.000367"/>
</kw>
<kw name="Split To Lines" owner="String">
<msg time="2025-02-09T15:35:06.861035" level="INFO">1 lines returned</msg>
<msg time="2025-02-09T15:35:06.861057" level="INFO">${lines} = ['Enter a character: The Unicode is: u0061']</msg>
<var>${lines}</var>
<arg>${output}</arg>
<doc>Splits the given string to lines.</doc>
<status status="PASS" start="2025-02-09T15:35:06.860988" elapsed="0.000076"/>
</kw>
<kw name="Create List" owner="BuiltIn">
<msg time="2025-02-09T15:35:06.861140" level="INFO">${final_lines} = []</msg>
<var>${final_lines}</var>
<doc>Returns a list containing given items.</doc>
<status status="PASS" start="2025-02-09T15:35:06.861100" elapsed="0.000047"/>
</kw>
<kw name="Create List" owner="BuiltIn">
<msg time="2025-02-09T15:35:06.861249" level="INFO">@{patterns_to_remove} = [ (?i)Enter [A-Za-z\s]+: | (?i)Input [A-Za-z\s]+: | (?i)Please enter [A-Za-z\s]+: | (?i)The Unicode is: ]</msg>
<var>@{patterns_to_remove}</var>
<arg>(?i)Enter [A-Za-z\\s]+:</arg>
<arg>(?i)Input [A-Za-z\\s]+:</arg>
<arg>(?i)Please enter [A-Za-z\\s]+:</arg>
<arg>(?i)The Unicode is:</arg>
<doc>Returns a list containing given items.</doc>
<status status="PASS" start="2025-02-09T15:35:06.861190" elapsed="0.000067"/>
</kw>
<for flavor="IN">
<iter>
<kw name="Strip String" owner="String">
<msg time="2025-02-09T15:35:06.861441" level="INFO">${stripped} = Enter a character: The Unicode is: u0061</msg>
<var>${stripped}</var>
<arg>${line}</arg>
<doc>Remove leading and/or trailing whitespaces from the given string.</doc>
<status status="PASS" start="2025-02-09T15:35:06.861388" elapsed="0.000061"/>
</kw>
<kw name="Continue For Loop If" owner="BuiltIn">
<arg>'${stripped}' == ''</arg>
<doc>Skips the current FOR loop iteration if the ``condition`` is true.</doc>
<status status="PASS" start="2025-02-09T15:35:06.861485" elapsed="0.000077"/>
</kw>
<kw name="Set Variable" owner="BuiltIn">
<msg time="2025-02-09T15:35:06.861641" level="INFO">${cleaned} = Enter a character: The Unicode is: u0061</msg>
<var>${cleaned}</var>
<arg>${stripped}</arg>
<doc>Returns the given values which can then be assigned to a variables.</doc>
<status status="PASS" start="2025-02-09T15:35:06.861598" elapsed="0.000051"/>
</kw>
<for flavor="IN">
<iter>
<kw name="Replace String Using Regexp" owner="String">
<msg time="2025-02-09T15:35:06.862105" level="INFO">${cleaned} =  The Unicode is: u0061</msg>
<var>${cleaned}</var>
<arg>${cleaned}</arg>
<arg>${pattern}</arg>
<arg>${EMPTY}</arg>
<doc>Replaces ``pattern`` in the given ``string`` with ``replace_with``.</doc>
<status status="PASS" start="2025-02-09T15:35:06.861733" elapsed="0.000381"/>
</kw>
<var name="${pattern}">(?i)Enter [A-Za-z\s]+:</var>
<status status="PASS" start="2025-02-09T15:35:06.861703" elapsed="0.000425"/>
</iter>
<iter>
<kw name="Replace String Using Regexp" owner="String">
<msg time="2025-02-09T15:35:06.862477" level="INFO">${cleaned} =  The Unicode is: u0061</msg>
<var>${cleaned}</var>
<arg>${cleaned}</arg>
<arg>${pattern}</arg>
<arg>${EMPTY}</arg>
<doc>Replaces ``pattern`` in the given ``string`` with ``replace_with``.</doc>
<status status="PASS" start="2025-02-09T15:35:06.862190" elapsed="0.000295"/>
</kw>
<var name="${pattern}">(?i)Input [A-Za-z\s]+:</var>
<status status="PASS" start="2025-02-09T15:35:06.862160" elapsed="0.000338"/>
</iter>
<iter>
<kw name="Replace String Using Regexp" owner="String">
<msg time="2025-02-09T15:35:06.862845" level="INFO">${cleaned} =  The Unicode is: u0061</msg>
<var>${cleaned}</var>
<arg>${cleaned}</arg>
<arg>${pattern}</arg>
<arg>${EMPTY}</arg>
<doc>Replaces ``pattern`` in the given ``string`` with ``replace_with``.</doc>
<status status="PASS" start="2025-02-09T15:35:06.862554" elapsed="0.000299"/>
</kw>
<var name="${pattern}">(?i)Please enter [A-Za-z\s]+:</var>
<status status="PASS" start="2025-02-09T15:35:06.862525" elapsed="0.000341"/>
</iter>
<iter>
<kw name="Replace String Using Regexp" owner="String">
<msg time="2025-02-09T15:35:06.863135" level="INFO">${cleaned} =   u0061</msg>
<var>${cleaned}</var>
<arg>${cleaned}</arg>
<arg>${pattern}</arg>
<arg>${EMPTY}</arg>
<doc>Replaces ``pattern`` in the given ``string`` with ``replace_with``.</doc>
<status status="PASS" start="2025-02-09T15:35:06.862925" elapsed="0.000218"/>
</kw>
<var name="${pattern}">(?i)The Unicode is:</var>
<status status="PASS" start="2025-02-09T15:35:06.862892" elapsed="0.000263"/>
</iter>
<var>${pattern}</var>
<value>@{patterns_to_remove}</value>
<status status="PASS" start="2025-02-09T15:35:06.861665" elapsed="0.001501"/>
</for>
<kw name="Strip String" owner="String">
<msg time="2025-02-09T15:35:06.863250" level="INFO">${cleaned} = u0061</msg>
<var>${cleaned}</var>
<arg>${cleaned}</arg>
<doc>Remove leading and/or trailing whitespaces from the given string.</doc>
<status status="PASS" start="2025-02-09T15:35:06.863203" elapsed="0.000053"/>
</kw>
<kw name="Continue For Loop If" owner="BuiltIn">
<arg>'${cleaned}' == ''</arg>
<doc>Skips the current FOR loop iteration if the ``condition`` is true.</doc>
<status status="PASS" start="2025-02-09T15:35:06.863291" elapsed="0.000073"/>
</kw>
<kw name="Append To List" owner="Collections">
<arg>${final_lines}</arg>
<arg>${cleaned}</arg>
<doc>Adds ``values`` to the end of ``list``.</doc>
<status status="PASS" start="2025-02-09T15:35:06.863400" elapsed="0.000050"/>
</kw>
<var name="${line}">Enter a character: The Unicode is: u0061</var>
<status status="PASS" start="2025-02-09T15:35:06.861356" elapsed="0.002106"/>
</iter>
<var>${line}</var>
<value>@{lines}</value>
<status status="PASS" start="2025-02-09T15:35:06.861284" elapsed="0.002189"/>
</for>
<kw name="Evaluate" owner="BuiltIn">
<msg time="2025-02-09T15:35:06.863629" level="INFO">${final_output} = u0061</msg>
<var>${final_output}</var>
<arg>"\\n".join($final_lines)</arg>
<doc>Evaluates the given expression in Python and returns the result.</doc>
<status status="PASS" start="2025-02-09T15:35:06.863510" elapsed="0.000126"/>
</kw>
<kw name="Log Debug Info">
<kw name="Get Current Date" owner="DateTime">
<msg time="2025-02-09T15:35:06.863841" level="INFO">${timestamp} = 2025-02-09 15:35:06.863813</msg>
<var>${timestamp}</var>
<arg>result_format=%Y-%m-%d %H:%M:%S.%f</arg>
<doc>Returns current local or UTC time with an optional increment.</doc>
<status status="PASS" start="2025-02-09T15:35:06.863773" elapsed="0.000076"/>
</kw>
<kw name="Append To File" owner="OperatingSystem">
<msg time="2025-02-09T15:35:06.864016" level="INFO" html="true">Appended to file '&lt;a href="file:///Users/tanakrit/Documents/GitHub/RobotFramewokForIDE/NewFormatOfRobot/execution.log"&gt;/Users/tanakrit/Documents/GitHub/RobotFramewokForIDE/NewFormatOfRobot/execution.log&lt;/a&gt;'.</msg>
<arg>${LOG_FILE}</arg>
<arg>${timestamp}: ${message}\n</arg>
<doc>Appends the given content to the specified file.</doc>
<status status="PASS" start="2025-02-09T15:35:06.863886" elapsed="0.000173"/>
</kw>
<arg>Final processed output: ${final_output}</arg>
<status status="PASS" start="2025-02-09T15:35:06.863676" elapsed="0.000405"/>
</kw>
<return>
<value>${final_output}</value>
<status status="PASS" start="2025-02-09T15:35:06.864097" elapsed="0.000012"/>
</return>
<msg time="2025-02-09T15:35:06.864151" level="INFO">${raw_output} = u0061</msg>
<var>${raw_output}</var>
<arg>${result.stdout}</arg>
<status status="PASS" start="2025-02-09T15:35:06.860336" elapsed="0.003822"/>
</kw>
<kw name="Normalize Output">
<kw name="Set Variable" owner="BuiltIn">
<msg time="2025-02-09T15:35:06.864504" level="INFO">${normalized} = u0061</msg>
<var>${normalized}</var>
<arg>${output}</arg>
<doc>Returns the given values which can then be assigned to a variables.</doc>
<status status="PASS" start="2025-02-09T15:35:06.864457" elapsed="0.000054"/>
</kw>
<kw name="Run Keyword And Return Status" owner="BuiltIn">
<kw name="Should Be Empty" owner="BuiltIn">
<msg time="2025-02-09T15:35:06.864651" level="INFO">Length is 5.</msg>
<msg time="2025-02-09T15:35:06.864694" level="FAIL">'u0061' should be empty.</msg>
<arg>${normalized}</arg>
<doc>Verifies that the given item is empty.</doc>
<status status="FAIL" start="2025-02-09T15:35:06.864606" elapsed="0.000129">'u0061' should be empty.</status>
</kw>
<msg time="2025-02-09T15:35:06.864765" level="INFO">${is_empty} = False</msg>
<var>${is_empty}</var>
<arg>Should Be Empty</arg>
<arg>${normalized}</arg>
<doc>Runs the given keyword with given arguments and returns the status as a Boolean value.</doc>
<status status="PASS" start="2025-02-09T15:35:06.864557" elapsed="0.000214"/>
</kw>
<if>
<branch type="IF" condition="${is_empty}">
<return>
<value>${normalized}</value>
<status status="NOT RUN" start="2025-02-09T15:35:06.864818" elapsed="0.000004"/>
</return>
<status status="NOT RUN" start="2025-02-09T15:35:06.864794" elapsed="0.000036"/>
</branch>
<status status="PASS" start="2025-02-09T15:35:06.864789" elapsed="0.000048"/>
</if>
<kw name="Split To Lines" owner="String">
<msg time="2025-02-09T15:35:06.864913" level="INFO">1 lines returned</msg>
<msg time="2025-02-09T15:35:06.864933" level="INFO">${lines} = ['u0061']</msg>
<var>${lines}</var>
<arg>${normalized}</arg>
<doc>Splits the given string to lines.</doc>
<status status="PASS" start="2025-02-09T15:35:06.864870" elapsed="0.000070"/>
</kw>
<kw name="Create List" owner="BuiltIn">
<msg time="2025-02-09T15:35:06.865006" level="INFO">${stripped_lines} = []</msg>
<var>${stripped_lines}</var>
<doc>Returns a list containing given items.</doc>
<status status="PASS" start="2025-02-09T15:35:06.864974" elapsed="0.000039"/>
</kw>
<for flavor="IN">
<iter>
<kw name="Strip String" owner="String">
<msg time="2025-02-09T15:35:06.865166" level="INFO">${stripped} = u0061</msg>
<var>${stripped}</var>
<arg>${line}</arg>
<doc>Remove leading and/or trailing whitespaces from the given string.</doc>
<status status="PASS" start="2025-02-09T15:35:06.865118" elapsed="0.000055"/>
</kw>
<kw name="Continue For Loop If" owner="BuiltIn">
<arg>'${stripped}' == ''</arg>
<doc>Skips the current FOR loop iteration if the ``condition`` is true.</doc>
<status status="PASS" start="2025-02-09T15:35:06.865207" elapsed="0.000064"/>
</kw>
<try>
<branch type="TRY">
<kw name="Convert To Number" owner="BuiltIn">
<msg time="2025-02-09T15:35:06.865426" level="FAIL">'u0061' cannot be converted to a floating point number: ValueError: could not convert string to float: 'u0061'</msg>
<var>${as_number}</var>
<arg>${stripped}</arg>
<doc>Converts the given item to a floating point number.</doc>
<status status="FAIL" start="2025-02-09T15:35:06.865334" elapsed="0.000161">'u0061' cannot be converted to a floating point number: ValueError: could not convert string to float: 'u0061'</status>
</kw>
<kw name="Convert To String" owner="BuiltIn">
<var>${normalized_line}</var>
<arg>${as_number}</arg>
<doc>Converts the given item to a Unicode string.</doc>
<status status="NOT RUN" start="2025-02-09T15:35:06.865537" elapsed="0.000006"/>
</kw>
<status status="FAIL" start="2025-02-09T15:35:06.865302" elapsed="0.000271">'u0061' cannot be converted to a floating point number: ValueError: could not convert string to float: 'u0061'</status>
</branch>
<branch type="EXCEPT">
<kw name="Set Variable" owner="BuiltIn">
<msg time="2025-02-09T15:35:06.865672" level="INFO">${normalized_line} = u0061</msg>
<var>${normalized_line}</var>
<arg>${stripped}</arg>
<doc>Returns the given values which can then be assigned to a variables.</doc>
<status status="PASS" start="2025-02-09T15:35:06.865622" elapsed="0.000057"/>
</kw>
<status status="PASS" start="2025-02-09T15:35:06.865592" elapsed="0.000097"/>
</branch>
<status status="PASS" start="2025-02-09T15:35:06.865289" elapsed="0.000412"/>
</try>
<kw name="Append To List" owner="Collections">
<arg>${stripped_lines}</arg>
<arg>${normalized_line}</arg>
<doc>Adds ``values`` to the end of ``list``.</doc>
<status status="PASS" start="2025-02-09T15:35:06.865733" elapsed="0.000049"/>
</kw>
<var name="${line}">u0061</var>
<status status="PASS" start="2025-02-09T15:35:06.865091" elapsed="0.000702"/>
</iter>
<var>${line}</var>
<value>@{lines}</value>
<status status="PASS" start="2025-02-09T15:35:06.865029" elapsed="0.000774"/>
</for>
<kw name="Evaluate" owner="BuiltIn">
<msg time="2025-02-09T15:35:06.865924" level="INFO">${normalized} = u0061</msg>
<var>${normalized}</var>
<arg>"\\n".join($stripped_lines)</arg>
<doc>Evaluates the given expression in Python and returns the result.</doc>
<status status="PASS" start="2025-02-09T15:35:06.865839" elapsed="0.000093"/>
</kw>
<kw name="Strip String" owner="String">
<msg time="2025-02-09T15:35:06.866013" level="INFO">${normalized} = u0061</msg>
<var>${normalized}</var>
<arg>${normalized}</arg>
<doc>Remove leading and/or trailing whitespaces from the given string.</doc>
<status status="PASS" start="2025-02-09T15:35:06.865967" elapsed="0.000052"/>
</kw>
<kw name="Log Debug Info">
<kw name="Get Current Date" owner="DateTime">
<msg time="2025-02-09T15:35:06.866196" level="INFO">${timestamp} = 2025-02-09 15:35:06.866175</msg>
<var>${timestamp}</var>
<arg>result_format=%Y-%m-%d %H:%M:%S.%f</arg>
<doc>Returns current local or UTC time with an optional increment.</doc>
<status status="PASS" start="2025-02-09T15:35:06.866140" elapsed="0.000064"/>
</kw>
<kw name="Append To File" owner="OperatingSystem">
<msg time="2025-02-09T15:35:06.866342" level="INFO" html="true">Appended to file '&lt;a href="file:///Users/tanakrit/Documents/GitHub/RobotFramewokForIDE/NewFormatOfRobot/execution.log"&gt;/Users/tanakrit/Documents/GitHub/RobotFramewokForIDE/NewFormatOfRobot/execution.log&lt;/a&gt;'.</msg>
<arg>${LOG_FILE}</arg>
<arg>${timestamp}: ${message}\n</arg>
<doc>Appends the given content to the specified file.</doc>
<status status="PASS" start="2025-02-09T15:35:06.866237" elapsed="0.000124"/>
</kw>
<arg>Normalized output: ${normalized}</arg>
<status status="PASS" start="2025-02-09T15:35:06.866057" elapsed="0.000326"/>
</kw>
<return>
<value>${normalized}</value>
<status status="PASS" start="2025-02-09T15:35:06.866398" elapsed="0.000011"/>
</return>
<msg time="2025-02-09T15:35:06.866452" level="INFO">${output} = u0061</msg>
<var>${output}</var>
<arg>${raw_output}</arg>
<status status="PASS" start="2025-02-09T15:35:06.864365" elapsed="0.002095"/>
</kw>
<kw name="Log Debug Info">
<kw name="Get Current Date" owner="DateTime">
<msg time="2025-02-09T15:35:06.866642" level="INFO">${timestamp} = 2025-02-09 15:35:06.866621</msg>
<var>${timestamp}</var>
<arg>result_format=%Y-%m-%d %H:%M:%S.%f</arg>
<doc>Returns current local or UTC time with an optional increment.</doc>
<status status="PASS" start="2025-02-09T15:35:06.866586" elapsed="0.000064"/>
</kw>
<kw name="Append To File" owner="OperatingSystem">
<msg time="2025-02-09T15:35:06.866811" level="INFO" html="true">Appended to file '&lt;a href="file:///Users/tanakrit/Documents/GitHub/RobotFramewokForIDE/NewFormatOfRobot/execution.log"&gt;/Users/tanakrit/Documents/GitHub/RobotFramewokForIDE/NewFormatOfRobot/execution.log&lt;/a&gt;'.</msg>
<arg>${LOG_FILE}</arg>
<arg>${timestamp}: ${message}\n</arg>
<doc>Appends the given content to the specified file.</doc>
<status status="PASS" start="2025-02-09T15:35:06.866706" elapsed="0.000133"/>
</kw>
<arg>Python final output: ${output}</arg>
<status status="PASS" start="2025-02-09T15:35:06.866499" elapsed="0.000360"/>
</kw>
<status status="PASS" start="2025-02-09T15:35:06.860231" elapsed="0.006638"/>
</branch>
<status status="PASS" start="2025-02-09T15:35:06.859836" elapsed="0.007042"/>
</if>
<status status="PASS" start="2025-02-09T15:35:06.843809" elapsed="0.023078"/>
</branch>
<branch type="ELSE IF" condition="'${language}' == 'cpp'">
<kw name="Execute CPP Code">
<var>${exec_status}</var>
<var>${result}</var>
<arg>${TEMP_DIR}/${filename}${ext}</arg>
<arg>${has_input}</arg>
<arg>${input_file}</arg>
<status status="NOT RUN" start="2025-02-09T15:35:06.866980" elapsed="0.000006"/>
</kw>
<if>
<branch type="IF" condition="'${exec_status}' == 'success'">
<kw name="Get Final Output">
<var>${raw_output}</var>
<arg>${result.stdout}</arg>
<status status="NOT RUN" start="2025-02-09T15:35:06.867084" elapsed="0.000006"/>
</kw>
<kw name="Normalize Output">
<var>${output}</var>
<arg>${raw_output}</arg>
<status status="NOT RUN" start="2025-02-09T15:35:06.867177" elapsed="0.000007"/>
</kw>
<kw name="Log Debug Info">
<arg>C++ final output: ${output}</arg>
<status status="NOT RUN" start="2025-02-09T15:35:06.867217" elapsed="0.000091"/>
</kw>
<status status="NOT RUN" start="2025-02-09T15:35:06.867016" elapsed="0.000303"/>
</branch>
<branch type="ELSE">
<kw name="Set Variable" owner="BuiltIn">
<var>${status}</var>
<arg>${exec_status}</arg>
<doc>Returns the given values which can then be assigned to a variables.</doc>
<status status="NOT RUN" start="2025-02-09T15:35:06.867361" elapsed="0.000006"/>
</kw>
<kw name="Set Variable" owner="BuiltIn">
<var>${output}</var>
<arg>${result.stdout}</arg>
<doc>Returns the given values which can then be assigned to a variables.</doc>
<status status="NOT RUN" start="2025-02-09T15:35:06.867400" elapsed="0.000005"/>
</kw>
<status status="NOT RUN" start="2025-02-09T15:35:06.867328" elapsed="0.000087"/>
</branch>
<status status="NOT RUN" start="2025-02-09T15:35:06.867011" elapsed="0.000410"/>
</if>
<status status="NOT RUN" start="2025-02-09T15:35:06.866899" elapsed="0.000530"/>
</branch>
<branch type="ELSE IF" condition="'${language}' == 'rust'">
<kw name="Execute Rust Code">
<var>${exec_status}</var>
<var>${result}</var>
<arg>${TEMP_DIR}/${filename}${ext}</arg>
<arg>${has_input}</arg>
<arg>${input_file}</arg>
<status status="NOT RUN" start="2025-02-09T15:35:06.867503" elapsed="0.000007"/>
</kw>
<if>
<branch type="IF" condition="'${exec_status}' == 'success'">
<kw name="Get Final Output">
<var>${raw_output}</var>
<arg>${result.stdout}</arg>
<status status="NOT RUN" start="2025-02-09T15:35:06.867595" elapsed="0.000005"/>
</kw>
<kw name="Normalize Output">
<var>${output}</var>
<arg>${raw_output}</arg>
<status status="NOT RUN" start="2025-02-09T15:35:06.867680" elapsed="0.000006"/>
</kw>
<kw name="Log Debug Info">
<arg>Rust final output: ${output}</arg>
<status status="NOT RUN" start="2025-02-09T15:35:06.867717" elapsed="0.000005"/>
</kw>
<status status="NOT RUN" start="2025-02-09T15:35:06.867531" elapsed="0.000200"/>
</branch>
<branch type="ELSE">
<kw name="Set Variable" owner="BuiltIn">
<var>${status}</var>
<arg>${exec_status}</arg>
<doc>Returns the given values which can then be assigned to a variables.</doc>
<status status="NOT RUN" start="2025-02-09T15:35:06.867768" elapsed="0.000005"/>
</kw>
<kw name="Set Variable" owner="BuiltIn">
<var>${output}</var>
<arg>${result.stdout}</arg>
<doc>Returns the given values which can then be assigned to a variables.</doc>
<status status="NOT RUN" start="2025-02-09T15:35:06.867805" elapsed="0.000005"/>
</kw>
<status status="NOT RUN" start="2025-02-09T15:35:06.867738" elapsed="0.000081"/>
</branch>
<status status="NOT RUN" start="2025-02-09T15:35:06.867527" elapsed="0.000298"/>
</if>
<status status="NOT RUN" start="2025-02-09T15:35:06.867436" elapsed="0.000398"/>
</branch>
<branch type="ELSE IF" condition="'${language}' == 'javascript'">
<kw name="Execute JavaScript Code">
<var>${result}</var>
<arg>${TEMP_DIR}/${filename}${ext}</arg>
<arg>${has_input}</arg>
<arg>${input_file}</arg>
<status status="NOT RUN" start="2025-02-09T15:35:06.867890" elapsed="0.000005"/>
</kw>
<if>
<branch type="IF" condition="${result.rc} != 0">
<kw name="Set Variable" owner="BuiltIn">
<var>${status}</var>
<arg>runtime_error</arg>
<doc>Returns the given values which can then be assigned to a variables.</doc>
<status status="NOT RUN" start="2025-02-09T15:35:06.867944" elapsed="0.000006"/>
</kw>
<kw name="Set Variable" owner="BuiltIn">
<var>${output}</var>
<arg>${result.stdout}</arg>
<doc>Returns the given values which can then be assigned to a variables.</doc>
<status status="NOT RUN" start="2025-02-09T15:35:06.867982" elapsed="0.000004"/>
</kw>
<kw name="Log Debug Info">
<arg>JavaScript runtime error: ${result.stdout}</arg>
<status status="NOT RUN" start="2025-02-09T15:35:06.868018" elapsed="0.000005"/>
</kw>
<status status="NOT RUN" start="2025-02-09T15:35:06.867915" elapsed="0.000117"/>
</branch>
<branch type="ELSE">
<kw name="Get Final Output">
<var>${raw_output}</var>
<arg>${result.stdout}</arg>
<status status="NOT RUN" start="2025-02-09T15:35:06.868100" elapsed="0.000005"/>
</kw>
<kw name="Normalize Output">
<var>${output}</var>
<arg>${raw_output}</arg>
<status status="NOT RUN" start="2025-02-09T15:35:06.868185" elapsed="0.000006"/>
</kw>
<kw name="Log Debug Info">
<arg>JavaScript final output: ${output}</arg>
<status status="NOT RUN" start="2025-02-09T15:35:06.868221" elapsed="0.000005"/>
</kw>
<status status="NOT RUN" start="2025-02-09T15:35:06.868039" elapsed="0.000195"/>
</branch>
<status status="NOT RUN" start="2025-02-09T15:35:06.867911" elapsed="0.000330"/>
</if>
<status status="NOT RUN" start="2025-02-09T15:35:06.867840" elapsed="0.000408"/>
</branch>
<status status="PASS" start="2025-02-09T15:35:06.843803" elapsed="0.024451"/>
</if>
<status status="PASS" start="2025-02-09T15:35:06.843790" elapsed="0.024472"/>
</branch>
<branch type="EXCEPT" assign="${error}">
<kw name="Set Variable" owner="BuiltIn">
<var>${status}</var>
<arg>runtime_error</arg>
<doc>Returns the given values which can then be assigned to a variables.</doc>
<status status="NOT RUN" start="2025-02-09T15:35:06.868309" elapsed="0.000005"/>
</kw>
<kw name="Set Variable" owner="BuiltIn">
<var>${output}</var>
<arg>${error}</arg>
<doc>Returns the given values which can then be assigned to a variables.</doc>
<status status="NOT RUN" start="2025-02-09T15:35:06.868346" elapsed="0.000005"/>
</kw>
<kw name="Log Debug Info">
<arg>Exception occurred: ${error}</arg>
<status status="NOT RUN" start="2025-02-09T15:35:06.868392" elapsed="0.000009"/>
</kw>
<status status="NOT RUN" start="2025-02-09T15:35:06.868278" elapsed="0.000135"/>
</branch>
<status status="PASS" start="2025-02-09T15:35:06.843773" elapsed="0.024650"/>
</try>
<kw name="Log Debug Info">
<kw name="Get Current Date" owner="DateTime">
<msg time="2025-02-09T15:35:06.868613" level="INFO">${timestamp} = 2025-02-09 15:35:06.868590</msg>
<var>${timestamp}</var>
<arg>result_format=%Y-%m-%d %H:%M:%S.%f</arg>
<doc>Returns current local or UTC time with an optional increment.</doc>
<status status="PASS" start="2025-02-09T15:35:06.868551" elapsed="0.000070"/>
</kw>
<kw name="Append To File" owner="OperatingSystem">
<msg time="2025-02-09T15:35:06.868775" level="INFO" html="true">Appended to file '&lt;a href="file:///Users/tanakrit/Documents/GitHub/RobotFramewokForIDE/NewFormatOfRobot/execution.log"&gt;/Users/tanakrit/Documents/GitHub/RobotFramewokForIDE/NewFormatOfRobot/execution.log&lt;/a&gt;'.</msg>
<arg>${LOG_FILE}</arg>
<arg>${timestamp}: ${message}\n</arg>
<doc>Appends the given content to the specified file.</doc>
<status status="PASS" start="2025-02-09T15:35:06.868658" elapsed="0.000162"/>
</kw>
<arg>Final execution status: ${status}</arg>
<status status="PASS" start="2025-02-09T15:35:06.868456" elapsed="0.000385"/>
</kw>
<kw name="Log Debug Info">
<kw name="Get Current Date" owner="DateTime">
<msg time="2025-02-09T15:35:06.869026" level="INFO">${timestamp} = 2025-02-09 15:35:06.869005</msg>
<var>${timestamp}</var>
<arg>result_format=%Y-%m-%d %H:%M:%S.%f</arg>
<doc>Returns current local or UTC time with an optional increment.</doc>
<status status="PASS" start="2025-02-09T15:35:06.868969" elapsed="0.000064"/>
</kw>
<kw name="Append To File" owner="OperatingSystem">
<msg time="2025-02-09T15:35:06.869172" level="INFO" html="true">Appended to file '&lt;a href="file:///Users/tanakrit/Documents/GitHub/RobotFramewokForIDE/NewFormatOfRobot/execution.log"&gt;/Users/tanakrit/Documents/GitHub/RobotFramewokForIDE/NewFormatOfRobot/execution.log&lt;/a&gt;'.</msg>
<arg>${LOG_FILE}</arg>
<arg>${timestamp}: ${message}\n</arg>
<doc>Appends the given content to the specified file.</doc>
<status status="PASS" start="2025-02-09T15:35:06.869068" elapsed="0.000131"/>
</kw>
<arg>Final processed output: ${output}</arg>
<status status="PASS" start="2025-02-09T15:35:06.868880" elapsed="0.000339"/>
</kw>
<return>
<value>${status}</value>
<value>${output}</value>
<status status="PASS" start="2025-02-09T15:35:06.869232" elapsed="0.000010"/>
</return>
<msg time="2025-02-09T15:35:06.869300" level="INFO">${status} = success</msg>
<msg time="2025-02-09T15:35:06.869312" level="INFO">${actual_output} = u0061</msg>
<var>${status}</var>
<var>${actual_output}</var>
<arg>${code}</arg>
<arg>${language}</arg>
<arg>${test_case}[input]</arg>
<status status="PASS" start="2025-02-09T15:35:06.839463" elapsed="0.029856"/>
</kw>
<if>
<branch type="IF" condition="'${status}' == 'success'">
<kw name="Compare Outputs">
<kw name="Normalize Output">
<kw name="Set Variable" owner="BuiltIn">
<msg time="2025-02-09T15:35:06.869824" level="INFO">${normalized} = u0061</msg>
<var>${normalized}</var>
<arg>${output}</arg>
<doc>Returns the given values which can then be assigned to a variables.</doc>
<status status="PASS" start="2025-02-09T15:35:06.869712" elapsed="0.000120"/>
</kw>
<kw name="Run Keyword And Return Status" owner="BuiltIn">
<kw name="Should Be Empty" owner="BuiltIn">
<msg time="2025-02-09T15:35:06.869957" level="INFO">Length is 5.</msg>
<msg time="2025-02-09T15:35:06.869984" level="FAIL">'u0061' should be empty.</msg>
<arg>${normalized}</arg>
<doc>Verifies that the given item is empty.</doc>
<status status="FAIL" start="2025-02-09T15:35:06.869920" elapsed="0.000085">'u0061' should be empty.</status>
</kw>
<msg time="2025-02-09T15:35:06.870033" level="INFO">${is_empty} = False</msg>
<var>${is_empty}</var>
<arg>Should Be Empty</arg>
<arg>${normalized}</arg>
<doc>Runs the given keyword with given arguments and returns the status as a Boolean value.</doc>
<status status="PASS" start="2025-02-09T15:35:06.869872" elapsed="0.000167"/>
</kw>
<if>
<branch type="IF" condition="${is_empty}">
<return>
<value>${normalized}</value>
<status status="NOT RUN" start="2025-02-09T15:35:06.870081" elapsed="0.000004"/>
</return>
<status status="NOT RUN" start="2025-02-09T15:35:06.870060" elapsed="0.000034"/>
</branch>
<status status="PASS" start="2025-02-09T15:35:06.870055" elapsed="0.000046"/>
</if>
<kw name="Split To Lines" owner="String">
<msg time="2025-02-09T15:35:06.870169" level="INFO">1 lines returned</msg>
<msg time="2025-02-09T15:35:06.870188" level="INFO">${lines} = ['u0061']</msg>
<var>${lines}</var>
<arg>${normalized}</arg>
<doc>Splits the given string to lines.</doc>
<status status="PASS" start="2025-02-09T15:35:06.870132" elapsed="0.000063"/>
</kw>
<kw name="Create List" owner="BuiltIn">
<msg time="2025-02-09T15:35:06.870261" level="INFO">${stripped_lines} = []</msg>
<var>${stripped_lines}</var>
<doc>Returns a list containing given items.</doc>
<status status="PASS" start="2025-02-09T15:35:06.870228" elapsed="0.000039"/>
</kw>
<for flavor="IN">
<iter>
<kw name="Strip String" owner="String">
<msg time="2025-02-09T15:35:06.870419" level="INFO">${stripped} = u0061</msg>
<var>${stripped}</var>
<arg>${line}</arg>
<doc>Remove leading and/or trailing whitespaces from the given string.</doc>
<status status="PASS" start="2025-02-09T15:35:06.870372" elapsed="0.000054"/>
</kw>
<kw name="Continue For Loop If" owner="BuiltIn">
<arg>'${stripped}' == ''</arg>
<doc>Skips the current FOR loop iteration if the ``condition`` is true.</doc>
<status status="PASS" start="2025-02-09T15:35:06.870459" elapsed="0.000066"/>
</kw>
<try>
<branch type="TRY">
<kw name="Convert To Number" owner="BuiltIn">
<msg time="2025-02-09T15:35:06.870648" level="FAIL">'u0061' cannot be converted to a floating point number: ValueError: could not convert string to float: 'u0061'</msg>
<var>${as_number}</var>
<arg>${stripped}</arg>
<doc>Converts the given item to a floating point number.</doc>
<status status="FAIL" start="2025-02-09T15:35:06.870580" elapsed="0.000118">'u0061' cannot be converted to a floating point number: ValueError: could not convert string to float: 'u0061'</status>
</kw>
<kw name="Convert To String" owner="BuiltIn">
<var>${normalized_line}</var>
<arg>${as_number}</arg>
<doc>Converts the given item to a Unicode string.</doc>
<status status="NOT RUN" start="2025-02-09T15:35:06.870739" elapsed="0.000006"/>
</kw>
<status status="FAIL" start="2025-02-09T15:35:06.870550" elapsed="0.000215">'u0061' cannot be converted to a floating point number: ValueError: could not convert string to float: 'u0061'</status>
</branch>
<branch type="EXCEPT">
<kw name="Set Variable" owner="BuiltIn">
<msg time="2025-02-09T15:35:06.870859" level="INFO">${normalized_line} = u0061</msg>
<var>${normalized_line}</var>
<arg>${stripped}</arg>
<doc>Returns the given values which can then be assigned to a variables.</doc>
<status status="PASS" start="2025-02-09T15:35:06.870811" elapsed="0.000054"/>
</kw>
<status status="PASS" start="2025-02-09T15:35:06.870781" elapsed="0.000095"/>
</branch>
<status status="PASS" start="2025-02-09T15:35:06.870540" elapsed="0.000346"/>
</try>
<kw name="Append To List" owner="Collections">
<arg>${stripped_lines}</arg>
<arg>${normalized_line}</arg>
<doc>Adds ``values`` to the end of ``list``.</doc>
<status status="PASS" start="2025-02-09T15:35:06.870916" elapsed="0.000049"/>
</kw>
<var name="${line}">u0061</var>
<status status="PASS" start="2025-02-09T15:35:06.870344" elapsed="0.000633"/>
</iter>
<var>${line}</var>
<value>@{lines}</value>
<status status="PASS" start="2025-02-09T15:35:06.870282" elapsed="0.000705"/>
</for>
<kw name="Evaluate" owner="BuiltIn">
<msg time="2025-02-09T15:35:06.871100" level="INFO">${normalized} = u0061</msg>
<var>${normalized}</var>
<arg>"\\n".join($stripped_lines)</arg>
<doc>Evaluates the given expression in Python and returns the result.</doc>
<status status="PASS" start="2025-02-09T15:35:06.871021" elapsed="0.000086"/>
</kw>
<kw name="Strip String" owner="String">
<msg time="2025-02-09T15:35:06.871189" level="INFO">${normalized} = u0061</msg>
<var>${normalized}</var>
<arg>${normalized}</arg>
<doc>Remove leading and/or trailing whitespaces from the given string.</doc>
<status status="PASS" start="2025-02-09T15:35:06.871143" elapsed="0.000053"/>
</kw>
<kw name="Log Debug Info">
<kw name="Get Current Date" owner="DateTime">
<msg time="2025-02-09T15:35:06.871383" level="INFO">${timestamp} = 2025-02-09 15:35:06.871362</msg>
<var>${timestamp}</var>
<arg>result_format=%Y-%m-%d %H:%M:%S.%f</arg>
<doc>Returns current local or UTC time with an optional increment.</doc>
<status status="PASS" start="2025-02-09T15:35:06.871328" elapsed="0.000063"/>
</kw>
<kw name="Append To File" owner="OperatingSystem">
<msg time="2025-02-09T15:35:06.871547" level="INFO" html="true">Appended to file '&lt;a href="file:///Users/tanakrit/Documents/GitHub/RobotFramewokForIDE/NewFormatOfRobot/execution.log"&gt;/Users/tanakrit/Documents/GitHub/RobotFramewokForIDE/NewFormatOfRobot/execution.log&lt;/a&gt;'.</msg>
<arg>${LOG_FILE}</arg>
<arg>${timestamp}: ${message}\n</arg>
<doc>Appends the given content to the specified file.</doc>
<status status="PASS" start="2025-02-09T15:35:06.871424" elapsed="0.000161"/>
</kw>
<arg>Normalized output: ${normalized}</arg>
<status status="PASS" start="2025-02-09T15:35:06.871233" elapsed="0.000373"/>
</kw>
<return>
<value>${normalized}</value>
<status status="PASS" start="2025-02-09T15:35:06.871619" elapsed="0.000010"/>
</return>
<msg time="2025-02-09T15:35:06.871670" level="INFO">${normalized_student} = u0061</msg>
<var>${normalized_student}</var>
<arg>${student_output}</arg>
<status status="PASS" start="2025-02-09T15:35:06.869631" elapsed="0.002046"/>
</kw>
<kw name="Normalize Output">
<kw name="Set Variable" owner="BuiltIn">
<msg time="2025-02-09T15:35:06.871905" level="INFO">${normalized} = u0061</msg>
<var>${normalized}</var>
<arg>${output}</arg>
<doc>Returns the given values which can then be assigned to a variables.</doc>
<status status="PASS" start="2025-02-09T15:35:06.871860" elapsed="0.000052"/>
</kw>
<kw name="Run Keyword And Return Status" owner="BuiltIn">
<kw name="Should Be Empty" owner="BuiltIn">
<msg time="2025-02-09T15:35:06.872048" level="INFO">Length is 5.</msg>
<msg time="2025-02-09T15:35:06.872075" level="FAIL">'u0061' should be empty.</msg>
<arg>${normalized}</arg>
<doc>Verifies that the given item is empty.</doc>
<status status="FAIL" start="2025-02-09T15:35:06.872008" elapsed="0.000089">'u0061' should be empty.</status>
</kw>
<msg time="2025-02-09T15:35:06.872127" level="INFO">${is_empty} = False</msg>
<var>${is_empty}</var>
<arg>Should Be Empty</arg>
<arg>${normalized}</arg>
<doc>Runs the given keyword with given arguments and returns the status as a Boolean value.</doc>
<status status="PASS" start="2025-02-09T15:35:06.871953" elapsed="0.000181"/>
</kw>
<if>
<branch type="IF" condition="${is_empty}">
<return>
<value>${normalized}</value>
<status status="NOT RUN" start="2025-02-09T15:35:06.872183" elapsed="0.000004"/>
</return>
<status status="NOT RUN" start="2025-02-09T15:35:06.872158" elapsed="0.000039"/>
</branch>
<status status="PASS" start="2025-02-09T15:35:06.872152" elapsed="0.000052"/>
</if>
<kw name="Split To Lines" owner="String">
<msg time="2025-02-09T15:35:06.872279" level="INFO">1 lines returned</msg>
<msg time="2025-02-09T15:35:06.872300" level="INFO">${lines} = ['u0061']</msg>
<var>${lines}</var>
<arg>${normalized}</arg>
<doc>Splits the given string to lines.</doc>
<status status="PASS" start="2025-02-09T15:35:06.872238" elapsed="0.000069"/>
</kw>
<kw name="Create List" owner="BuiltIn">
<msg time="2025-02-09T15:35:06.872381" level="INFO">${stripped_lines} = []</msg>
<var>${stripped_lines}</var>
<doc>Returns a list containing given items.</doc>
<status status="PASS" start="2025-02-09T15:35:06.872343" elapsed="0.000044"/>
</kw>
<for flavor="IN">
<iter>
<kw name="Strip String" owner="String">
<msg time="2025-02-09T15:35:06.872553" level="INFO">${stripped} = u0061</msg>
<var>${stripped}</var>
<arg>${line}</arg>
<doc>Remove leading and/or trailing whitespaces from the given string.</doc>
<status status="PASS" start="2025-02-09T15:35:06.872500" elapsed="0.000060"/>
</kw>
<kw name="Continue For Loop If" owner="BuiltIn">
<arg>'${stripped}' == ''</arg>
<doc>Skips the current FOR loop iteration if the ``condition`` is true.</doc>
<status status="PASS" start="2025-02-09T15:35:06.872598" elapsed="0.000162"/>
</kw>
<try>
<branch type="TRY">
<kw name="Convert To Number" owner="BuiltIn">
<msg time="2025-02-09T15:35:06.872901" level="FAIL">'u0061' cannot be converted to a floating point number: ValueError: could not convert string to float: 'u0061'</msg>
<var>${as_number}</var>
<arg>${stripped}</arg>
<doc>Converts the given item to a floating point number.</doc>
<status status="FAIL" start="2025-02-09T15:35:06.872827" elapsed="0.000119">'u0061' cannot be converted to a floating point number: ValueError: could not convert string to float: 'u0061'</status>
</kw>
<kw name="Convert To String" owner="BuiltIn">
<var>${normalized_line}</var>
<arg>${as_number}</arg>
<doc>Converts the given item to a Unicode string.</doc>
<status status="NOT RUN" start="2025-02-09T15:35:06.872990" elapsed="0.000007"/>
</kw>
<status status="FAIL" start="2025-02-09T15:35:06.872789" elapsed="0.000229">'u0061' cannot be converted to a floating point number: ValueError: could not convert string to float: 'u0061'</status>
</branch>
<branch type="EXCEPT">
<kw name="Set Variable" owner="BuiltIn">
<msg time="2025-02-09T15:35:06.873122" level="INFO">${normalized_line} = u0061</msg>
<var>${normalized_line}</var>
<arg>${stripped}</arg>
<doc>Returns the given values which can then be assigned to a variables.</doc>
<status status="PASS" start="2025-02-09T15:35:06.873070" elapsed="0.000059"/>
</kw>
<status status="PASS" start="2025-02-09T15:35:06.873037" elapsed="0.000103"/>
</branch>
<status status="PASS" start="2025-02-09T15:35:06.872778" elapsed="0.000374"/>
</try>
<kw name="Append To List" owner="Collections">
<arg>${stripped_lines}</arg>
<arg>${normalized_line}</arg>
<doc>Adds ``values`` to the end of ``list``.</doc>
<status status="PASS" start="2025-02-09T15:35:06.873182" elapsed="0.000048"/>
</kw>
<var name="${line}">u0061</var>
<status status="PASS" start="2025-02-09T15:35:06.872470" elapsed="0.000772"/>
</iter>
<var>${line}</var>
<value>@{lines}</value>
<status status="PASS" start="2025-02-09T15:35:06.872405" elapsed="0.000847"/>
</for>
<kw name="Evaluate" owner="BuiltIn">
<msg time="2025-02-09T15:35:06.873363" level="INFO">${normalized} = u0061</msg>
<var>${normalized}</var>
<arg>"\\n".join($stripped_lines)</arg>
<doc>Evaluates the given expression in Python and returns the result.</doc>
<status status="PASS" start="2025-02-09T15:35:06.873285" elapsed="0.000086"/>
</kw>
<kw name="Strip String" owner="String">
<msg time="2025-02-09T15:35:06.873452" level="INFO">${normalized} = u0061</msg>
<var>${normalized}</var>
<arg>${normalized}</arg>
<doc>Remove leading and/or trailing whitespaces from the given string.</doc>
<status status="PASS" start="2025-02-09T15:35:06.873405" elapsed="0.000053"/>
</kw>
<kw name="Log Debug Info">
<kw name="Get Current Date" owner="DateTime">
<msg time="2025-02-09T15:35:06.873632" level="INFO">${timestamp} = 2025-02-09 15:35:06.873612</msg>
<var>${timestamp}</var>
<arg>result_format=%Y-%m-%d %H:%M:%S.%f</arg>
<doc>Returns current local or UTC time with an optional increment.</doc>
<status status="PASS" start="2025-02-09T15:35:06.873578" elapsed="0.000062"/>
</kw>
<kw name="Append To File" owner="OperatingSystem">
<msg time="2025-02-09T15:35:06.873783" level="INFO" html="true">Appended to file '&lt;a href="file:///Users/tanakrit/Documents/GitHub/RobotFramewokForIDE/NewFormatOfRobot/execution.log"&gt;/Users/tanakrit/Documents/GitHub/RobotFramewokForIDE/NewFormatOfRobot/execution.log&lt;/a&gt;'.</msg>
<arg>${LOG_FILE}</arg>
<arg>${timestamp}: ${message}\n</arg>
<doc>Appends the given content to the specified file.</doc>
<status status="PASS" start="2025-02-09T15:35:06.873672" elapsed="0.000129"/>
</kw>
<arg>Normalized output: ${normalized}</arg>
<status status="PASS" start="2025-02-09T15:35:06.873495" elapsed="0.000328"/>
</kw>
<return>
<value>${normalized}</value>
<status status="PASS" start="2025-02-09T15:35:06.873836" elapsed="0.000009"/>
</return>
<msg time="2025-02-09T15:35:06.873886" level="INFO">${normalized_expected} = u0061</msg>
<var>${normalized_expected}</var>
<arg>${expected_output}</arg>
<status status="PASS" start="2025-02-09T15:35:06.871774" elapsed="0.002119"/>
</kw>
<kw name="Split To Lines" owner="String">
<msg time="2025-02-09T15:35:06.873969" level="INFO">1 lines returned</msg>
<msg time="2025-02-09T15:35:06.873990" level="INFO">${student_lines} = ['u0061']</msg>
<var>${student_lines}</var>
<arg>${normalized_student}</arg>
<doc>Splits the given string to lines.</doc>
<status status="PASS" start="2025-02-09T15:35:06.873928" elapsed="0.000069"/>
</kw>
<kw name="Split To Lines" owner="String">
<msg time="2025-02-09T15:35:06.874084" level="INFO">1 lines returned</msg>
<msg time="2025-02-09T15:35:06.874107" level="INFO">${expected_lines} = ['u0061']</msg>
<var>${expected_lines}</var>
<arg>${normalized_expected}</arg>
<doc>Splits the given string to lines.</doc>
<status status="PASS" start="2025-02-09T15:35:06.874031" elapsed="0.000083"/>
</kw>
<kw name="Get Length" owner="BuiltIn">
<msg time="2025-02-09T15:35:06.874186" level="INFO">Length is 1.</msg>
<msg time="2025-02-09T15:35:06.874206" level="INFO">${student_length} = 1</msg>
<var>${student_length}</var>
<arg>${student_lines}</arg>
<doc>Returns and logs the length of the given item as an integer.</doc>
<status status="PASS" start="2025-02-09T15:35:06.874150" elapsed="0.000062"/>
</kw>
<kw name="Get Length" owner="BuiltIn">
<msg time="2025-02-09T15:35:06.874284" level="INFO">Length is 1.</msg>
<msg time="2025-02-09T15:35:06.874304" level="INFO">${expected_length} = 1</msg>
<var>${expected_length}</var>
<arg>${expected_lines}</arg>
<doc>Returns and logs the length of the given item as an integer.</doc>
<status status="PASS" start="2025-02-09T15:35:06.874247" elapsed="0.000063"/>
</kw>
<if>
<branch type="IF" condition="${student_length} != ${expected_length}">
<kw name="Log Debug Info">
<arg>Different number of lines - Student: ${student_length}, Expected: ${expected_length}</arg>
<status status="NOT RUN" start="2025-02-09T15:35:06.874394" elapsed="0.000006"/>
</kw>
<return>
<value>${FALSE}</value>
<status status="NOT RUN" start="2025-02-09T15:35:06.874412" elapsed="0.000004"/>
</return>
<status status="NOT RUN" start="2025-02-09T15:35:06.874331" elapsed="0.000093"/>
</branch>
<status status="PASS" start="2025-02-09T15:35:06.874326" elapsed="0.000105"/>
</if>
<for flavor="IN RANGE">
<iter>
<kw name="Get From List" owner="Collections">
<msg time="2025-02-09T15:35:06.874600" level="INFO">${student_line} = u0061</msg>
<var>${student_line}</var>
<arg>${student_lines}</arg>
<arg>${index}</arg>
<doc>Returns the value specified with an ``index`` from ``list``.</doc>
<status status="PASS" start="2025-02-09T15:35:06.874544" elapsed="0.000064"/>
</kw>
<kw name="Get From List" owner="Collections">
<msg time="2025-02-09T15:35:06.874695" level="INFO">${expected_line} = u0061</msg>
<var>${expected_line}</var>
<arg>${expected_lines}</arg>
<arg>${index}</arg>
<doc>Returns the value specified with an ``index`` from ``list``.</doc>
<status status="PASS" start="2025-02-09T15:35:06.874643" elapsed="0.000059"/>
</kw>
<kw name="Replace String" owner="String">
<msg time="2025-02-09T15:35:06.874931" level="INFO">${student_line} = u0061</msg>
<var>${student_line}</var>
<arg>${student_line}</arg>
<arg>\r</arg>
<arg>${EMPTY}</arg>
<doc>Replaces ``search_for`` in the given ``string`` with ``replace_with``.</doc>
<status status="PASS" start="2025-02-09T15:35:06.874737" elapsed="0.000202"/>
</kw>
<kw name="Replace String" owner="String">
<msg time="2025-02-09T15:35:06.875160" level="INFO">${expected_line} = u0061</msg>
<var>${expected_line}</var>
<arg>${expected_line}</arg>
<arg>\r</arg>
<arg>${EMPTY}</arg>
<doc>Replaces ``search_for`` in the given ``string`` with ``replace_with``.</doc>
<status status="PASS" start="2025-02-09T15:35:06.874979" elapsed="0.000189"/>
</kw>
<kw name="Strip String" owner="String">
<msg time="2025-02-09T15:35:06.875253" level="INFO">${student_line} = u0061</msg>
<var>${student_line}</var>
<arg>${student_line}</arg>
<doc>Remove leading and/or trailing whitespaces from the given string.</doc>
<status status="PASS" start="2025-02-09T15:35:06.875205" elapsed="0.000055"/>
</kw>
<kw name="Strip String" owner="String">
<msg time="2025-02-09T15:35:06.875338" level="INFO">${expected_line} = u0061</msg>
<var>${expected_line}</var>
<arg>${expected_line}</arg>
<doc>Remove leading and/or trailing whitespaces from the given string.</doc>
<status status="PASS" start="2025-02-09T15:35:06.875294" elapsed="0.000051"/>
</kw>
<kw name="Run Keyword And Return Status" owner="BuiltIn">
<kw name="Should Be Equal As Strings" owner="BuiltIn">
<arg>${student_line}</arg>
<arg>${expected_line}</arg>
<doc>Fails if objects are unequal after converting them to strings.</doc>
<status status="PASS" start="2025-02-09T15:35:06.875434" elapsed="0.000065"/>
</kw>
<msg time="2025-02-09T15:35:06.875524" level="INFO">${line_matches} = True</msg>
<var>${line_matches}</var>
<arg>Should Be Equal As Strings</arg>
<arg>${student_line}</arg>
<arg>${expected_line}</arg>
<doc>Runs the given keyword with given arguments and returns the status as a Boolean value.</doc>
<status status="PASS" start="2025-02-09T15:35:06.875382" elapsed="0.000149"/>
</kw>
<if>
<branch type="IF" condition="not ${line_matches}">
<kw name="Log Debug Info">
<arg>Mismatch at line ${index} - Student: "${student_line}", Expected: "${expected_line}"</arg>
<status status="NOT RUN" start="2025-02-09T15:35:06.875606" elapsed="0.000006"/>
</kw>
<return>
<value>${FALSE}</value>
<status status="NOT RUN" start="2025-02-09T15:35:06.875625" elapsed="0.000004"/>
</return>
<status status="NOT RUN" start="2025-02-09T15:35:06.875552" elapsed="0.000085"/>
</branch>
<status status="PASS" start="2025-02-09T15:35:06.875547" elapsed="0.000097"/>
</if>
<var name="${index}">0</var>
<status status="PASS" start="2025-02-09T15:35:06.874515" elapsed="0.001136"/>
</iter>
<var>${index}</var>
<value>${student_length}</value>
<status status="PASS" start="2025-02-09T15:35:06.874446" elapsed="0.001214"/>
</for>
<kw name="Log Debug Info">
<kw name="Get Current Date" owner="DateTime">
<msg time="2025-02-09T15:35:06.875825" level="INFO">${timestamp} = 2025-02-09 15:35:06.875805</msg>
<var>${timestamp}</var>
<arg>result_format=%Y-%m-%d %H:%M:%S.%f</arg>
<doc>Returns current local or UTC time with an optional increment.</doc>
<status status="PASS" start="2025-02-09T15:35:06.875770" elapsed="0.000062"/>
</kw>
<kw name="Append To File" owner="OperatingSystem">
<msg time="2025-02-09T15:35:06.875968" level="INFO" html="true">Appended to file '&lt;a href="file:///Users/tanakrit/Documents/GitHub/RobotFramewokForIDE/NewFormatOfRobot/execution.log"&gt;/Users/tanakrit/Documents/GitHub/RobotFramewokForIDE/NewFormatOfRobot/execution.log&lt;/a&gt;'.</msg>
<arg>${LOG_FILE}</arg>
<arg>${timestamp}: ${message}\n</arg>
<doc>Appends the given content to the specified file.</doc>
<status status="PASS" start="2025-02-09T15:35:06.875865" elapsed="0.000132"/>
</kw>
<arg>Outputs match completely</arg>
<status status="PASS" start="2025-02-09T15:35:06.875695" elapsed="0.000322"/>
</kw>
<return>
<value>${TRUE}</value>
<status status="PASS" start="2025-02-09T15:35:06.876029" elapsed="0.000010"/>
</return>
<msg time="2025-02-09T15:35:06.876078" level="INFO">${outputs_match} = True</msg>
<var>${outputs_match}</var>
<arg>${actual_output}</arg>
<arg>${test_case}[output]</arg>
<status status="PASS" start="2025-02-09T15:35:06.869471" elapsed="0.006614"/>
</kw>
<kw name="Set Variable If" owner="BuiltIn">
<msg time="2025-02-09T15:35:06.876176" level="INFO">${final_status} = PASS</msg>
<var>${final_status}</var>
<arg>${outputs_match}</arg>
<arg>PASS</arg>
<arg>FAIL</arg>
<doc>Sets variable based on the given condition.</doc>
<status status="PASS" start="2025-02-09T15:35:06.876127" elapsed="0.000056"/>
</kw>
<status status="PASS" start="2025-02-09T15:35:06.869343" elapsed="0.006853"/>
</branch>
<branch type="ELSE">
<kw name="Set Variable" owner="BuiltIn">
<var>${final_status}</var>
<arg>${status}</arg>
<doc>Returns the given values which can then be assigned to a variables.</doc>
<status status="NOT RUN" start="2025-02-09T15:35:06.876244" elapsed="0.000006"/>
</kw>
<status status="NOT RUN" start="2025-02-09T15:35:06.876205" elapsed="0.000055"/>
</branch>
<status status="PASS" start="2025-02-09T15:35:06.869337" elapsed="0.006930"/>
</if>
<kw name="Add Comparison Result">
<kw name="Set Variable" owner="BuiltIn">
<msg time="2025-02-09T15:35:06.876502" level="INFO">${case_key} = Case1</msg>
<var>${case_key}</var>
<arg>Case${case_number}</arg>
<doc>Returns the given values which can then be assigned to a variables.</doc>
<status status="PASS" start="2025-02-09T15:35:06.876457" elapsed="0.000053"/>
</kw>
<kw name="Create Dictionary" owner="BuiltIn">
<msg time="2025-02-09T15:35:06.876683" level="INFO">${case_result} = {'status': 'PASS', 'teacherinput': 'a', 'detail': 'Student=u0061 vs Teacher=u0061'}</msg>
<var>${case_result}</var>
<arg>status=${status}</arg>
<arg>teacherinput=${teacher_input}</arg>
<arg>detail=Student=${student_output} vs Teacher=${teacher_output}</arg>
<doc>Creates and returns a dictionary based on the given ``items``.</doc>
<status status="PASS" start="2025-02-09T15:35:06.876567" elapsed="0.000124"/>
</kw>
<kw name="Set To Dictionary" owner="Collections">
<arg>${results}</arg>
<arg>${case_key}=${case_result}</arg>
<doc>Adds the given ``key_value_pairs`` and/or ``items`` to the ``dictionary``.</doc>
<status status="PASS" start="2025-02-09T15:35:06.876729" elapsed="0.000076"/>
</kw>
<kw name="Log Debug Info">
<kw name="Get Current Date" owner="DateTime">
<msg time="2025-02-09T15:35:06.877067" level="INFO">${timestamp} = 2025-02-09 15:35:06.877045</msg>
<var>${timestamp}</var>
<arg>result_format=%Y-%m-%d %H:%M:%S.%f</arg>
<doc>Returns current local or UTC time with an optional increment.</doc>
<status status="PASS" start="2025-02-09T15:35:06.877010" elapsed="0.000064"/>
</kw>
<kw name="Append To File" owner="OperatingSystem">
<msg time="2025-02-09T15:35:06.877209" level="INFO" html="true">Appended to file '&lt;a href="file:///Users/tanakrit/Documents/GitHub/RobotFramewokForIDE/NewFormatOfRobot/execution.log"&gt;/Users/tanakrit/Documents/GitHub/RobotFramewokForIDE/NewFormatOfRobot/execution.log&lt;/a&gt;'.</msg>
<arg>${LOG_FILE}</arg>
<arg>${timestamp}: ${message}\n</arg>
<doc>Appends the given content to the specified file.</doc>
<status status="PASS" start="2025-02-09T15:35:06.877108" elapsed="0.000118"/>
</kw>
<arg>Added comparison result for ${case_key}: ${case_result}</arg>
<status status="PASS" start="2025-02-09T15:35:06.876844" elapsed="0.000406"/>
</kw>
<arg>${results}</arg>
<arg>${case_number}</arg>
<arg>${final_status}</arg>
<arg>${actual_output}</arg>
<arg>${test_case}[input]</arg>
<arg>${test_case}[output]</arg>
<status status="PASS" start="2025-02-09T15:35:06.876307" elapsed="0.000959"/>
</kw>
<var name="${index}">0</var>
<var name="${test_case}">{'input': 'a', 'output': 'u0061'}</var>
<status status="PASS" start="2025-02-09T15:35:06.838398" elapsed="0.038882"/>
</iter>
<iter>
<kw name="Evaluate" owner="BuiltIn">
<msg time="2025-02-09T15:35:06.877450" level="INFO">${case_number} = 2</msg>
<var>${case_number}</var>
<arg>${index} + 1</arg>
<doc>Evaluates the given expression in Python and returns the result.</doc>
<status status="PASS" start="2025-02-09T15:35:06.877389" elapsed="0.000069"/>
</kw>
<kw name="Log Debug Info">
<kw name="Get Current Date" owner="DateTime">
<msg time="2025-02-09T15:35:06.877637" level="INFO">${timestamp} = 2025-02-09 15:35:06.877616</msg>
<var>${timestamp}</var>
<arg>result_format=%Y-%m-%d %H:%M:%S.%f</arg>
<doc>Returns current local or UTC time with an optional increment.</doc>
<status status="PASS" start="2025-02-09T15:35:06.877581" elapsed="0.000064"/>
</kw>
<kw name="Append To File" owner="OperatingSystem">
<msg time="2025-02-09T15:35:06.877779" level="INFO" html="true">Appended to file '&lt;a href="file:///Users/tanakrit/Documents/GitHub/RobotFramewokForIDE/NewFormatOfRobot/execution.log"&gt;/Users/tanakrit/Documents/GitHub/RobotFramewokForIDE/NewFormatOfRobot/execution.log&lt;/a&gt;'.</msg>
<arg>${LOG_FILE}</arg>
<arg>${timestamp}: ${message}\n</arg>
<doc>Appends the given content to the specified file.</doc>
<status status="PASS" start="2025-02-09T15:35:06.877680" elapsed="0.000140"/>
</kw>
<arg>Processing test case ${case_number}</arg>
<status status="PASS" start="2025-02-09T15:35:06.877496" elapsed="0.000359"/>
</kw>
<kw name="Run Keyword And Return Status" owner="BuiltIn">
<kw name="Should Not Be Empty" owner="BuiltIn">
<msg time="2025-02-09T15:35:06.878016" level="INFO">Length is 72.</msg>
<arg>${code}</arg>
<doc>Verifies that the given item is not empty.</doc>
<status status="PASS" start="2025-02-09T15:35:06.877967" elapsed="0.000065"/>
</kw>
<msg time="2025-02-09T15:35:06.878061" level="INFO">${code_exists} = True</msg>
<var>${code_exists}</var>
<arg>Should Not Be Empty</arg>
<arg>${code}</arg>
<doc>Runs the given keyword with given arguments and returns the status as a Boolean value.</doc>
<status status="PASS" start="2025-02-09T15:35:06.877906" elapsed="0.000162"/>
</kw>
<if>
<branch type="IF" condition="not ${code_exists}">
<kw name="Handle Invalid Code">
<arg>${results}</arg>
<arg>${case_number}</arg>
<arg>${test_case}[output]</arg>
<arg>${test_case}[input]</arg>
<arg>${language}</arg>
<status status="NOT RUN" start="2025-02-09T15:35:06.878159" elapsed="0.000008"/>
</kw>
<kw name="Continue For Loop" owner="BuiltIn">
<doc>Skips the current FOR loop iteration and continues from the next.</doc>
<status status="NOT RUN" start="2025-02-09T15:35:06.878210" elapsed="0.000006"/>
</kw>
<status status="NOT RUN" start="2025-02-09T15:35:06.878093" elapsed="0.000132"/>
</branch>
<status status="PASS" start="2025-02-09T15:35:06.878087" elapsed="0.000146"/>
</if>
<kw name="Execute Code With Input">
<kw name="Set Variable" owner="BuiltIn">
<msg time="2025-02-09T15:35:06.878560" level="INFO">${filename} = test</msg>
<var>${filename}</var>
<arg>test</arg>
<doc>Returns the given values which can then be assigned to a variables.</doc>
<status status="PASS" start="2025-02-09T15:35:06.878521" elapsed="0.000046"/>
</kw>
<kw name="Set Variable If" owner="BuiltIn">
<msg time="2025-02-09T15:35:06.878667" level="INFO">${ext} = .py</msg>
<var>${ext}</var>
<arg>'${language}' == 'python'</arg>
<arg>.py</arg>
<arg>'${language}' == 'cpp'</arg>
<arg>.cpp</arg>
<arg>'${language}' == 'rust'</arg>
<arg>.rs</arg>
<arg>'${language}' == 'javascript'</arg>
<arg>.js</arg>
<doc>Sets variable based on the given condition.</doc>
<status status="PASS" start="2025-02-09T15:35:06.878607" elapsed="0.000067"/>
</kw>
<kw name="Log Debug Info">
<kw name="Get Current Date" owner="DateTime">
<msg time="2025-02-09T15:35:06.878868" level="INFO">${timestamp} = 2025-02-09 15:35:06.878846</msg>
<var>${timestamp}</var>
<arg>result_format=%Y-%m-%d %H:%M:%S.%f</arg>
<doc>Returns current local or UTC time with an optional increment.</doc>
<status status="PASS" start="2025-02-09T15:35:06.878809" elapsed="0.000067"/>
</kw>
<kw name="Append To File" owner="OperatingSystem">
[...]
</if>
<kw name="Split To Lines" owner="String">
<msg time="2025-02-09T15:35:07.052324" level="INFO">1 lines returned</msg>
<msg time="2025-02-09T15:35:07.052344" level="INFO">${lines} = ['u0068']</msg>
<var>${lines}</var>
<arg>${normalized}</arg>
<doc>Splits the given string to lines.</doc>
<status status="PASS" start="2025-02-09T15:35:07.052288" elapsed="0.000063"/>
</kw>
<kw name="Create List" owner="BuiltIn">
<msg time="2025-02-09T15:35:07.052418" level="INFO">${stripped_lines} = []</msg>
<var>${stripped_lines}</var>
<doc>Returns a list containing given items.</doc>
<status status="PASS" start="2025-02-09T15:35:07.052384" elapsed="0.000040"/>
</kw>
<for flavor="IN">
<iter>
<kw name="Strip String" owner="String">
<msg time="2025-02-09T15:35:07.052584" level="INFO">${stripped} = u0068</msg>
<var>${stripped}</var>
<arg>${line}</arg>
<doc>Remove leading and/or trailing whitespaces from the given string.</doc>
<status status="PASS" start="2025-02-09T15:35:07.052528" elapsed="0.000064"/>
</kw>
<kw name="Continue For Loop If" owner="BuiltIn">
<arg>'${stripped}' == ''</arg>
<doc>Skips the current FOR loop iteration if the ``condition`` is true.</doc>
<status status="PASS" start="2025-02-09T15:35:07.052629" elapsed="0.000070"/>
</kw>
<try>
<branch type="TRY">
<kw name="Convert To Number" owner="BuiltIn">
<msg time="2025-02-09T15:35:07.052822" level="FAIL">'u0068' cannot be converted to a floating point number: ValueError: could not convert string to float: 'u0068'</msg>
<var>${as_number}</var>
<arg>${stripped}</arg>
<doc>Converts the given item to a floating point number.</doc>
<status status="FAIL" start="2025-02-09T15:35:07.052756" elapsed="0.000104">'u0068' cannot be converted to a floating point number: ValueError: could not convert string to float: 'u0068'</status>
</kw>
<kw name="Convert To String" owner="BuiltIn">
<var>${normalized_line}</var>
<arg>${as_number}</arg>
<doc>Converts the given item to a Unicode string.</doc>
<status status="NOT RUN" start="2025-02-09T15:35:07.052900" elapsed="0.000006"/>
</kw>
<status status="FAIL" start="2025-02-09T15:35:07.052723" elapsed="0.000200">'u0068' cannot be converted to a floating point number: ValueError: could not convert string to float: 'u0068'</status>
</branch>
<branch type="EXCEPT">
<kw name="Set Variable" owner="BuiltIn">
<msg time="2025-02-09T15:35:07.053011" level="INFO">${normalized_line} = u0068</msg>
<var>${normalized_line}</var>
<arg>${stripped}</arg>
<doc>Returns the given values which can then be assigned to a variables.</doc>
<status status="PASS" start="2025-02-09T15:35:07.052966" elapsed="0.000052"/>
</kw>
<status status="PASS" start="2025-02-09T15:35:07.052937" elapsed="0.000091"/>
</branch>
<status status="PASS" start="2025-02-09T15:35:07.052715" elapsed="0.000323"/>
</try>
<kw name="Append To List" owner="Collections">
<arg>${stripped_lines}</arg>
<arg>${normalized_line}</arg>
<doc>Adds ``values`` to the end of ``list``.</doc>
<status status="PASS" start="2025-02-09T15:35:07.053068" elapsed="0.000047"/>
</kw>
<var name="${line}">u0068</var>
<status status="PASS" start="2025-02-09T15:35:07.052496" elapsed="0.000630"/>
</iter>
<var>${line}</var>
<value>@{lines}</value>
<status status="PASS" start="2025-02-09T15:35:07.052438" elapsed="0.000698"/>
</for>
<kw name="Evaluate" owner="BuiltIn">
<msg time="2025-02-09T15:35:07.053255" level="INFO">${normalized} = u0068</msg>
<var>${normalized}</var>
<arg>"\\n".join($stripped_lines)</arg>
<doc>Evaluates the given expression in Python and returns the result.</doc>
<status status="PASS" start="2025-02-09T15:35:07.053180" elapsed="0.000082"/>
</kw>
<kw name="Strip String" owner="String">
<msg time="2025-02-09T15:35:07.053355" level="INFO">${normalized} = u0068</msg>
<var>${normalized}</var>
<arg>${normalized}</arg>
<doc>Remove leading and/or trailing whitespaces from the given string.</doc>
<status status="PASS" start="2025-02-09T15:35:07.053309" elapsed="0.000052"/>
</kw>
<kw name="Log Debug Info">
<kw name="Get Current Date" owner="DateTime">
<msg time="2025-02-09T15:35:07.053533" level="INFO">${timestamp} = 2025-02-09 15:35:07.053513</msg>
<var>${timestamp}</var>
<arg>result_format=%Y-%m-%d %H:%M:%S.%f</arg>
<doc>Returns current local or UTC time with an optional increment.</doc>
<status status="PASS" start="2025-02-09T15:35:07.053480" elapsed="0.000061"/>
</kw>
<kw name="Append To File" owner="OperatingSystem">
<msg time="2025-02-09T15:35:07.053688" level="INFO" html="true">Appended to file '&lt;a href="file:///Users/tanakrit/Documents/GitHub/RobotFramewokForIDE/NewFormatOfRobot/execution.log"&gt;/Users/tanakrit/Documents/GitHub/RobotFramewokForIDE/NewFormatOfRobot/execution.log&lt;/a&gt;'.</msg>
<arg>${LOG_FILE}</arg>
<arg>${timestamp}: ${message}\n</arg>
<doc>Appends the given content to the specified file.</doc>
<status status="PASS" start="2025-02-09T15:35:07.053577" elapsed="0.000139"/>
</kw>
<arg>Normalized output: ${normalized}</arg>
<status status="PASS" start="2025-02-09T15:35:07.053397" elapsed="0.000338"/>
</kw>
<return>
<value>${normalized}</value>
<status status="PASS" start="2025-02-09T15:35:07.053748" elapsed="0.000009"/>
</return>
<msg time="2025-02-09T15:35:07.053797" level="INFO">${normalized_expected} = u0068</msg>
<var>${normalized_expected}</var>
<arg>${expected_output}</arg>
<status status="PASS" start="2025-02-09T15:35:07.051868" elapsed="0.001936"/>
</kw>
<kw name="Split To Lines" owner="String">
<msg time="2025-02-09T15:35:07.053878" level="INFO">1 lines returned</msg>
<msg time="2025-02-09T15:35:07.053899" level="INFO">${student_lines} = ['u0066']</msg>
<var>${student_lines}</var>
<arg>${normalized_student}</arg>
<doc>Splits the given string to lines.</doc>
<status status="PASS" start="2025-02-09T15:35:07.053840" elapsed="0.000065"/>
</kw>
<kw name="Split To Lines" owner="String">
<msg time="2025-02-09T15:35:07.053975" level="INFO">1 lines returned</msg>
<msg time="2025-02-09T15:35:07.053995" level="INFO">${expected_lines} = ['u0068']</msg>
<var>${expected_lines}</var>
<arg>${normalized_expected}</arg>
<doc>Splits the given string to lines.</doc>
<status status="PASS" start="2025-02-09T15:35:07.053940" elapsed="0.000062"/>
</kw>
<kw name="Get Length" owner="BuiltIn">
<msg time="2025-02-09T15:35:07.054067" level="INFO">Length is 1.</msg>
<msg time="2025-02-09T15:35:07.054085" level="INFO">${student_length} = 1</msg>
<var>${student_length}</var>
<arg>${student_lines}</arg>
<doc>Returns and logs the length of the given item as an integer.</doc>
<status status="PASS" start="2025-02-09T15:35:07.054035" elapsed="0.000056"/>
</kw>
<kw name="Get Length" owner="BuiltIn">
<msg time="2025-02-09T15:35:07.054157" level="INFO">Length is 1.</msg>
<msg time="2025-02-09T15:35:07.054257" level="INFO">${expected_length} = 1</msg>
<var>${expected_length}</var>
<arg>${expected_lines}</arg>
<doc>Returns and logs the length of the given item as an integer.</doc>
<status status="PASS" start="2025-02-09T15:35:07.054124" elapsed="0.000140"/>
</kw>
<if>
<branch type="IF" condition="${student_length} != ${expected_length}">
<kw name="Log Debug Info">
<arg>Different number of lines - Student: ${student_length}, Expected: ${expected_length}</arg>
<status status="NOT RUN" start="2025-02-09T15:35:07.054350" elapsed="0.000006"/>
</kw>
<return>
<value>${FALSE}</value>
<status status="NOT RUN" start="2025-02-09T15:35:07.054369" elapsed="0.000004"/>
</return>
<status status="NOT RUN" start="2025-02-09T15:35:07.054286" elapsed="0.000095"/>
</branch>
<status status="PASS" start="2025-02-09T15:35:07.054281" elapsed="0.000107"/>
</if>
<for flavor="IN RANGE">
<iter>
<kw name="Get From List" owner="Collections">
<msg time="2025-02-09T15:35:07.054551" level="INFO">${student_line} = u0066</msg>
<var>${student_line}</var>
<arg>${student_lines}</arg>
<arg>${index}</arg>
<doc>Returns the value specified with an ``index`` from ``list``.</doc>
<status status="PASS" start="2025-02-09T15:35:07.054497" elapsed="0.000061"/>
</kw>
<kw name="Get From List" owner="Collections">
<msg time="2025-02-09T15:35:07.054645" level="INFO">${expected_line} = u0068</msg>
<var>${expected_line}</var>
<arg>${expected_lines}</arg>
<arg>${index}</arg>
<doc>Returns the value specified with an ``index`` from ``list``.</doc>
<status status="PASS" start="2025-02-09T15:35:07.054593" elapsed="0.000059"/>
</kw>
<kw name="Replace String" owner="String">
<msg time="2025-02-09T15:35:07.054876" level="INFO">${student_line} = u0066</msg>
<var>${student_line}</var>
<arg>${student_line}</arg>
<arg>\r</arg>
<arg>${EMPTY}</arg>
<doc>Replaces ``search_for`` in the given ``string`` with ``replace_with``.</doc>
<status status="PASS" start="2025-02-09T15:35:07.054686" elapsed="0.000198"/>
</kw>
<kw name="Replace String" owner="String">
<msg time="2025-02-09T15:35:07.055099" level="INFO">${expected_line} = u0068</msg>
<var>${expected_line}</var>
<arg>${expected_line}</arg>
<arg>\r</arg>
<arg>${EMPTY}</arg>
<doc>Replaces ``search_for`` in the given ``string`` with ``replace_with``.</doc>
<status status="PASS" start="2025-02-09T15:35:07.054921" elapsed="0.000185"/>
</kw>
<kw name="Strip String" owner="String">
<msg time="2025-02-09T15:35:07.055200" level="INFO">${student_line} = u0066</msg>
<var>${student_line}</var>
<arg>${student_line}</arg>
<doc>Remove leading and/or trailing whitespaces from the given string.</doc>
<status status="PASS" start="2025-02-09T15:35:07.055143" elapsed="0.000064"/>
</kw>
<kw name="Strip String" owner="String">
<msg time="2025-02-09T15:35:07.055293" level="INFO">${expected_line} = u0068</msg>
<var>${expected_line}</var>
<arg>${expected_line}</arg>
<doc>Remove leading and/or trailing whitespaces from the given string.</doc>
<status status="PASS" start="2025-02-09T15:35:07.055242" elapsed="0.000058"/>
</kw>
<kw name="Run Keyword And Return Status" owner="BuiltIn">
<kw name="Should Be Equal As Strings" owner="BuiltIn">
<msg time="2025-02-09T15:35:07.055470" level="FAIL">u0066 != u0068</msg>
<arg>${student_line}</arg>
<arg>${expected_line}</arg>
<doc>Fails if objects are unequal after converting them to strings.</doc>
<status status="FAIL" start="2025-02-09T15:35:07.055390" elapsed="0.000103">u0066 != u0068</status>
</kw>
<msg time="2025-02-09T15:35:07.055522" level="INFO">${line_matches} = False</msg>
<var>${line_matches}</var>
<arg>Should Be Equal As Strings</arg>
<arg>${student_line}</arg>
<arg>${expected_line}</arg>
<doc>Runs the given keyword with given arguments and returns the status as a Boolean value.</doc>
<status status="PASS" start="2025-02-09T15:35:07.055338" elapsed="0.000191"/>
</kw>
<if>
<branch type="IF" condition="not ${line_matches}">
<kw name="Log Debug Info">
<kw name="Get Current Date" owner="DateTime">
<msg time="2025-02-09T15:35:07.055753" level="INFO">${timestamp} = 2025-02-09 15:35:07.055733</msg>
<var>${timestamp}</var>
<arg>result_format=%Y-%m-%d %H:%M:%S.%f</arg>
<doc>Returns current local or UTC time with an optional increment.</doc>
<status status="PASS" start="2025-02-09T15:35:07.055699" elapsed="0.000061"/>
</kw>
<kw name="Append To File" owner="OperatingSystem">
<msg time="2025-02-09T15:35:07.055892" level="INFO" html="true">Appended to file '&lt;a href="file:///Users/tanakrit/Documents/GitHub/RobotFramewokForIDE/NewFormatOfRobot/execution.log"&gt;/Users/tanakrit/Documents/GitHub/RobotFramewokForIDE/NewFormatOfRobot/execution.log&lt;/a&gt;'.</msg>
<arg>${LOG_FILE}</arg>
<arg>${timestamp}: ${message}\n</arg>
<doc>Appends the given content to the specified file.</doc>
<status status="PASS" start="2025-02-09T15:35:07.055793" elapsed="0.000117"/>
</kw>
<arg>Mismatch at line ${index} - Student: "${student_line}", Expected: "${expected_line}"</arg>
<status status="PASS" start="2025-02-09T15:35:07.055605" elapsed="0.000329"/>
</kw>
<return>
<value>${FALSE}</value>
<status status="PASS" start="2025-02-09T15:35:07.055964" elapsed="0.000009"/>
</return>
<status status="PASS" start="2025-02-09T15:35:07.055550" elapsed="0.000435"/>
</branch>
<status status="PASS" start="2025-02-09T15:35:07.055545" elapsed="0.000448"/>
</if>
<var name="${index}">0</var>
<status status="PASS" start="2025-02-09T15:35:07.054468" elapsed="0.001535"/>
</iter>
<var>${index}</var>
<value>${student_length}</value>
<status status="PASS" start="2025-02-09T15:35:07.054399" elapsed="0.001615"/>
</for>
<kw name="Log Debug Info">
<arg>Outputs match completely</arg>
<status status="NOT RUN" start="2025-02-09T15:35:07.056053" elapsed="0.000007"/>
</kw>
<return>
<value>${TRUE}</value>
<status status="NOT RUN" start="2025-02-09T15:35:07.056071" elapsed="0.000004"/>
</return>
<msg time="2025-02-09T15:35:07.056116" level="INFO">${outputs_match} = False</msg>
<var>${outputs_match}</var>
<arg>${actual_output}</arg>
<arg>${test_case}[output]</arg>
<status status="PASS" start="2025-02-09T15:35:07.049232" elapsed="0.006892"/>
</kw>
<kw name="Set Variable If" owner="BuiltIn">
<msg time="2025-02-09T15:35:07.056209" level="INFO">${final_status} = FAIL</msg>
<var>${final_status}</var>
<arg>${outputs_match}</arg>
<arg>PASS</arg>
<arg>FAIL</arg>
<doc>Sets variable based on the given condition.</doc>
<status status="PASS" start="2025-02-09T15:35:07.056164" elapsed="0.000051"/>
</kw>
<status status="PASS" start="2025-02-09T15:35:07.049118" elapsed="0.007110"/>
</branch>
<branch type="ELSE">
<kw name="Set Variable" owner="BuiltIn">
<var>${final_status}</var>
<arg>${status}</arg>
<doc>Returns the given values which can then be assigned to a variables.</doc>
<status status="NOT RUN" start="2025-02-09T15:35:07.056268" elapsed="0.000006"/>
</kw>
<status status="NOT RUN" start="2025-02-09T15:35:07.056236" elapsed="0.000048"/>
</branch>
<status status="PASS" start="2025-02-09T15:35:07.049112" elapsed="0.007178"/>
</if>
<kw name="Add Comparison Result">
<kw name="Set Variable" owner="BuiltIn">
<msg time="2025-02-09T15:35:07.056511" level="INFO">${case_key} = Case6</msg>
<var>${case_key}</var>
<arg>Case${case_number}</arg>
<doc>Returns the given values which can then be assigned to a variables.</doc>
<status status="PASS" start="2025-02-09T15:35:07.056466" elapsed="0.000052"/>
</kw>
<kw name="Create Dictionary" owner="BuiltIn">
<msg time="2025-02-09T15:35:07.056666" level="INFO">${case_result} = {'status': 'FAIL', 'teacherinput': 'f', 'detail': 'Student=u0066 vs Teacher=u0068'}</msg>
<var>${case_result}</var>
<arg>status=${status}</arg>
<arg>teacherinput=${teacher_input}</arg>
<arg>detail=Student=${student_output} vs Teacher=${teacher_output}</arg>
<doc>Creates and returns a dictionary based on the given ``items``.</doc>
<status status="PASS" start="2025-02-09T15:35:07.056555" elapsed="0.000119"/>
</kw>
<kw name="Set To Dictionary" owner="Collections">
<arg>${results}</arg>
<arg>${case_key}=${case_result}</arg>
<doc>Adds the given ``key_value_pairs`` and/or ``items`` to the ``dictionary``.</doc>
<status status="PASS" start="2025-02-09T15:35:07.056710" elapsed="0.000066"/>
</kw>
<kw name="Log Debug Info">
<kw name="Get Current Date" owner="DateTime">
<msg time="2025-02-09T15:35:07.056957" level="INFO">${timestamp} = 2025-02-09 15:35:07.056936</msg>
<var>${timestamp}</var>
<arg>result_format=%Y-%m-%d %H:%M:%S.%f</arg>
<doc>Returns current local or UTC time with an optional increment.</doc>
<status status="PASS" start="2025-02-09T15:35:07.056903" elapsed="0.000061"/>
</kw>
<kw name="Append To File" owner="OperatingSystem">
<msg time="2025-02-09T15:35:07.057096" level="INFO" html="true">Appended to file '&lt;a href="file:///Users/tanakrit/Documents/GitHub/RobotFramewokForIDE/NewFormatOfRobot/execution.log"&gt;/Users/tanakrit/Documents/GitHub/RobotFramewokForIDE/NewFormatOfRobot/execution.log&lt;/a&gt;'.</msg>
<arg>${LOG_FILE}</arg>
<arg>${timestamp}: ${message}\n</arg>
<doc>Appends the given content to the specified file.</doc>
<status status="PASS" start="2025-02-09T15:35:07.056999" elapsed="0.000114"/>
</kw>
<arg>Added comparison result for ${case_key}: ${case_result}</arg>
<status status="PASS" start="2025-02-09T15:35:07.056813" elapsed="0.000322"/>
</kw>
<arg>${results}</arg>
<arg>${case_number}</arg>
<arg>${final_status}</arg>
<arg>${actual_output}</arg>
<arg>${test_case}[input]</arg>
<arg>${test_case}[output]</arg>
<status status="PASS" start="2025-02-09T15:35:07.056326" elapsed="0.000824"/>
</kw>
<var name="${index}">5</var>
<var name="${test_case}">{'input': 'f', 'output': 'u0068'}</var>
<status status="PASS" start="2025-02-09T15:35:07.022859" elapsed="0.034304"/>
</iter>
<var>${index}</var>
<var>${test_case}</var>
<value>@{test_cases}</value>
<status status="PASS" start="2025-02-09T15:35:06.838285" elapsed="0.218895"/>
</for>
<kw name="Save Results">
<kw name="Evaluate" owner="BuiltIn">
<msg time="2025-02-09T15:35:07.057521" level="INFO">${json_string} = {
  "Case1": {
    "status": "PASS",
    "teacherinput": "a",
    "detail": "Student=u0061 vs Teacher=u0061"
  },
  "Case2": {
    "status": "PASS",
    "teacherinput": "b",
    "detail": "Student=u00...</msg>
<var>${json_string}</var>
<arg>json.dumps($results, indent=2)</arg>
<arg>json</arg>
<doc>Evaluates the given expression in Python and returns the result.</doc>
<status status="PASS" start="2025-02-09T15:35:07.057354" elapsed="0.000176"/>
</kw>
<kw name="Create File" owner="OperatingSystem">
<msg time="2025-02-09T15:35:07.057703" level="INFO" html="true">Created file '&lt;a href="file:///Users/tanakrit/Documents/GitHub/RobotFramewokForIDE/NewFormatOfRobot/comparison_results.json"&gt;/Users/tanakrit/Documents/GitHub/RobotFramewokForIDE/NewFormatOfRobot/comparison_results.json&lt;/a&gt;'.</msg>
<arg>${RESULTS_FILE}</arg>
<arg>${json_string}</arg>
<doc>Creates a file with the given content and encoding.</doc>
<status status="PASS" start="2025-02-09T15:35:07.057570" elapsed="0.000150"/>
</kw>
<kw name="Log Debug Info">
<kw name="Get Current Date" owner="DateTime">
<msg time="2025-02-09T15:35:07.057909" level="INFO">${timestamp} = 2025-02-09 15:35:07.057889</msg>
<var>${timestamp}</var>
<arg>result_format=%Y-%m-%d %H:%M:%S.%f</arg>
<doc>Returns current local or UTC time with an optional increment.</doc>
<status status="PASS" start="2025-02-09T15:35:07.057854" elapsed="0.000063"/>
</kw>
<kw name="Append To File" owner="OperatingSystem">
<msg time="2025-02-09T15:35:07.058129" level="INFO" html="true">Appended to file '&lt;a href="file:///Users/tanakrit/Documents/GitHub/RobotFramewokForIDE/NewFormatOfRobot/execution.log"&gt;/Users/tanakrit/Documents/GitHub/RobotFramewokForIDE/NewFormatOfRobot/execution.log&lt;/a&gt;'.</msg>
<arg>${LOG_FILE}</arg>
<arg>${timestamp}: ${message}\n</arg>
<doc>Appends the given content to the specified file.</doc>
<status status="PASS" start="2025-02-09T15:35:07.057952" elapsed="0.000196"/>
</kw>
<arg>Saved results to ${RESULTS_FILE}</arg>
<status status="PASS" start="2025-02-09T15:35:07.057763" elapsed="0.000409"/>
</kw>
<arg>${results}</arg>
<status status="PASS" start="2025-02-09T15:35:07.057263" elapsed="0.000925"/>
</kw>
<kw name="Cleanup Test Environment" type="TEARDOWN">
<kw name="Remove Directory" owner="OperatingSystem">
<msg time="2025-02-09T15:35:07.058591" level="INFO" html="true">Removed directory '&lt;a href="file:///Users/tanakrit/Documents/GitHub/RobotFramewokForIDE/NewFormatOfRobot/temp"&gt;/Users/tanakrit/Documents/GitHub/RobotFramewokForIDE/NewFormatOfRobot/temp&lt;/a&gt;'.</msg>
<arg>${TEMP_DIR}</arg>
<arg>recursive=True</arg>
<doc>Removes the directory pointed to by the given ``path``.</doc>
<status status="PASS" start="2025-02-09T15:35:07.058367" elapsed="0.000241"/>
</kw>
<status status="PASS" start="2025-02-09T15:35:07.058282" elapsed="0.000345"/>
</kw>
<status status="PASS" start="2025-02-09T15:35:06.834927" elapsed="0.223745"/>
</test>
<status status="PASS" start="2025-02-09T15:35:06.780187" elapsed="0.278689"/>
</suite>
<statistics>
<total>
<stat pass="1" fail="0" skip="0">All Tests</stat>
</total>
<tag>
</tag>
<suite>
<stat pass="1" fail="0" skip="0" id="s1" name="Case2">Case2</stat>
</suite>
</statistics>
<errors>
</errors>
</robot>
