<?xml version="1.0" encoding="UTF-8"?>
<robot generator="Robot 7.1.1 (Python 3.11.4 on darwin)" generated="2025-02-02T19:35:53.194974" rpa="false" schemaversion="5">
<suite id="s1" name="Case3" source="/Users/tanakrit/Documents/GitHub/RobotFramewokForIDE/NewFormatOfRobot/Case3.robot">
<test id="s1-t1" name="Compare Student and Teacher Results" line="60">
<kw name="Load JSON Data">
<kw name="Load Json From File" owner="JSONLibrary">
<msg time="2025-02-02T19:35:53.258342" level="INFO">${data} = {'id': 4, 'title': 'L2Q2 Unicode', 'language': 'python', 'tag_list': ['other'], 'description': 'Write a program to read one character from keyboard and the program then prints out its Unicode in hexad...</msg>
<var>${data}</var>
<arg>${file_path}</arg>
<doc>Load JSON from file.</doc>
<status status="PASS" start="2025-02-02T19:35:53.258165" elapsed="0.000196"/>
</kw>
<kw name="Run Keyword If" owner="BuiltIn">
<arg>${data} == None</arg>
<arg>Fail</arg>
<arg>Failed to load data from ${file_path}</arg>
<doc>Runs the given keyword with the given arguments, if ``condition`` is true.</doc>
<status status="PASS" start="2025-02-02T19:35:53.258432" elapsed="0.000122"/>
</kw>
<return>
<value>${data}</value>
<status status="PASS" start="2025-02-02T19:35:53.258585" elapsed="0.000022"/>
</return>
<msg time="2025-02-02T19:35:53.258669" level="INFO">${student_data} = {'id': 4, 'title': 'L2Q2 Unicode', 'language': 'python', 'tag_list': ['other'], 'description': 'Write a program to read one character from keyboard and the program then prints out its Unicode in hexad...</msg>
<var>${student_data}</var>
<arg>${STUDENT_FILE}</arg>
<status status="PASS" start="2025-02-02T19:35:53.257813" elapsed="0.000867"/>
</kw>
<kw name="Load JSON Data">
<kw name="Load Json From File" owner="JSONLibrary">
<msg time="2025-02-02T19:35:53.259003" level="INFO">${data} = {'id': 4, 'title': 'L2Q2 Unicode', 'language': 'python', 'tag_list': ['other'], 'description': 'Write a program to read one character from keyboard and the program then prints out its Unicode in hexad...</msg>
<var>${data}</var>
<arg>${file_path}</arg>
<doc>Load JSON from file.</doc>
<status status="PASS" start="2025-02-02T19:35:53.258886" elapsed="0.000128"/>
</kw>
<kw name="Run Keyword If" owner="BuiltIn">
<arg>${data} == None</arg>
<arg>Fail</arg>
<arg>Failed to load data from ${file_path}</arg>
<doc>Runs the given keyword with the given arguments, if ``condition`` is true.</doc>
<status status="PASS" start="2025-02-02T19:35:53.259068" elapsed="0.000097"/>
</kw>
<return>
<value>${data}</value>
<status status="PASS" start="2025-02-02T19:35:53.259188" elapsed="0.000016"/>
</return>
<msg time="2025-02-02T19:35:53.259255" level="INFO">${teacher_data} = {'id': 4, 'title': 'L2Q2 Unicode', 'language': 'python', 'tag_list': ['other'], 'description': 'Write a program to read one character from keyboard and the program then prints out its Unicode in hexad...</msg>
<var>${teacher_data}</var>
<arg>${TEACHER_FILE}</arg>
<status status="PASS" start="2025-02-02T19:35:53.258766" elapsed="0.000500"/>
</kw>
<kw name="Set Variable" owner="BuiltIn">
<msg time="2025-02-02T19:35:53.259391" level="INFO">${student_result} = Hello
Class
!!!
First
Time</msg>
<var>${student_result}</var>
<arg>${student_data}[testresult]</arg>
<doc>Returns the given values which can then be assigned to a variables.</doc>
<status status="PASS" start="2025-02-02T19:35:53.259326" elapsed="0.000074"/>
</kw>
<kw name="Set Variable" owner="BuiltIn">
<msg time="2025-02-02T19:35:53.259523" level="INFO">${teacher_result} = Hello
World
!!!
First
Time</msg>
<var>${teacher_result}</var>
<arg>${teacher_data}[testresult]</arg>
<doc>Returns the given values which can then be assigned to a variables.</doc>
<status status="PASS" start="2025-02-02T19:35:53.259461" elapsed="0.000071"/>
</kw>
<kw name="Split String Into Characters">
<kw name="Replace String" owner="String">
<msg time="2025-02-02T19:35:53.259797" level="INFO">${normalized} = Hello Class !!! First Time</msg>
<var>${normalized}</var>
<arg>${input_string}</arg>
<arg>\r\n</arg>
<arg>${SPACE}</arg>
<doc>Replaces ``search_for`` in the given ``string`` with ``replace_with``.</doc>
<status status="PASS" start="2025-02-02T19:35:53.259720" elapsed="0.000086"/>
</kw>
<kw name="Replace String" owner="String">
<msg time="2025-02-02T19:35:53.259934" level="INFO">${normalized} = Hello Class !!! First Time</msg>
<var>${normalized}</var>
<arg>${normalized}</arg>
<arg>\n</arg>
<arg>${SPACE}</arg>
<doc>Replaces ``search_for`` in the given ``string`` with ``replace_with``.</doc>
<status status="PASS" start="2025-02-02T19:35:53.259854" elapsed="0.000090"/>
</kw>
<kw name="Replace String" owner="String">
<msg time="2025-02-02T19:35:53.260057" level="INFO">${normalized} = Hello Class !!! First Time</msg>
<var>${normalized}</var>
<arg>${normalized}</arg>
<arg>\r</arg>
<arg>${SPACE}</arg>
<doc>Replaces ``search_for`` in the given ``string`` with ``replace_with``.</doc>
<status status="PASS" start="2025-02-02T19:35:53.259989" elapsed="0.000076"/>
</kw>
<kw name="Split String" owner="String">
<msg time="2025-02-02T19:35:53.260168" level="INFO">${chars} = ['Hello', 'Class', '!!!', 'First', 'Time']</msg>
<var>${chars}</var>
<arg>${normalized}</arg>
<arg>${SPACE}</arg>
<doc>Splits the ``string`` using ``separator`` as a delimiter string.</doc>
<status status="PASS" start="2025-02-02T19:35:53.260106" elapsed="0.000070"/>
</kw>
<return>
<value>${chars}</value>
<status status="PASS" start="2025-02-02T19:35:53.260194" elapsed="0.000014"/>
</return>
<msg time="2025-02-02T19:35:53.260252" level="INFO">${student_chars} = ['Hello', 'Class', '!!!', 'First', 'Time']</msg>
<var>${student_chars}</var>
<arg>${student_result}</arg>
<status status="PASS" start="2025-02-02T19:35:53.259613" elapsed="0.000647"/>
</kw>
<kw name="Split String Into Characters">
<kw name="Replace String" owner="String">
<msg time="2025-02-02T19:35:53.260498" level="INFO">${normalized} = Hello World !!! First Time</msg>
<var>${normalized}</var>
<arg>${input_string}</arg>
<arg>\r\n</arg>
<arg>${SPACE}</arg>
<doc>Replaces ``search_for`` in the given ``string`` with ``replace_with``.</doc>
<status status="PASS" start="2025-02-02T19:35:53.260431" elapsed="0.000076"/>
</kw>
<kw name="Replace String" owner="String">
<msg time="2025-02-02T19:35:53.260611" level="INFO">${normalized} = Hello World !!! First Time</msg>
<var>${normalized}</var>
<arg>${normalized}</arg>
<arg>\n</arg>
<arg>${SPACE}</arg>
<doc>Replaces ``search_for`` in the given ``string`` with ``replace_with``.</doc>
<status status="PASS" start="2025-02-02T19:35:53.260547" elapsed="0.000072"/>
</kw>
<kw name="Replace String" owner="String">
<msg time="2025-02-02T19:35:53.260718" level="INFO">${normalized} = Hello World !!! First Time</msg>
<var>${normalized}</var>
<arg>${normalized}</arg>
<arg>\r</arg>
<arg>${SPACE}</arg>
<doc>Replaces ``search_for`` in the given ``string`` with ``replace_with``.</doc>
<status status="PASS" start="2025-02-02T19:35:53.260657" elapsed="0.000068"/>
</kw>
<kw name="Split String" owner="String">
<msg time="2025-02-02T19:35:53.260822" level="INFO">${chars} = ['Hello', 'World', '!!!', 'First', 'Time']</msg>
<var>${chars}</var>
<arg>${normalized}</arg>
<arg>${SPACE}</arg>
<doc>Splits the ``string`` using ``separator`` as a delimiter string.</doc>
<status status="PASS" start="2025-02-02T19:35:53.260763" elapsed="0.000067"/>
</kw>
<return>
<value>${chars}</value>
<status status="PASS" start="2025-02-02T19:35:53.260847" elapsed="0.000012"/>
</return>
<msg time="2025-02-02T19:35:53.260905" level="INFO">${teacher_chars} = ['Hello', 'World', '!!!', 'First', 'Time']</msg>
<var>${teacher_chars}</var>
<arg>${teacher_result}</arg>
<status status="PASS" start="2025-02-02T19:35:53.260330" elapsed="0.000584"/>
</kw>
<kw name="Compare Characters">
<kw name="Create Dictionary" owner="BuiltIn">
<msg time="2025-02-02T19:35:53.261322" level="INFO">${results_dict} = {}</msg>
<var>${results_dict}</var>
<doc>Creates and returns a dictionary based on the given ``items``.</doc>
<status status="PASS" start="2025-02-02T19:35:53.261236" elapsed="0.000096"/>
</kw>
<kw name="Get Length" owner="BuiltIn">
<msg time="2025-02-02T19:35:53.261420" level="INFO">Length is 5.</msg>
<msg time="2025-02-02T19:35:53.261486" level="INFO">${student_length} = 5</msg>
<var>${student_length}</var>
<arg>${student_chars}</arg>
<doc>Returns and logs the length of the given item as an integer.</doc>
<status status="PASS" start="2025-02-02T19:35:53.261375" elapsed="0.000119"/>
</kw>
<kw name="Get Length" owner="BuiltIn">
<msg time="2025-02-02T19:35:53.261573" level="INFO">Length is 5.</msg>
<msg time="2025-02-02T19:35:53.261595" level="INFO">${teacher_length} = 5</msg>
<var>${teacher_length}</var>
<arg>${teacher_chars}</arg>
<doc>Returns and logs the length of the given item as an integer.</doc>
<status status="PASS" start="2025-02-02T19:35:53.261535" elapsed="0.000067"/>
</kw>
<kw name="Run Keyword If" owner="BuiltIn">
<arg>${student_length} != ${teacher_length}</arg>
<arg>Fail</arg>
<arg>Length mismatch: Student chars (${student_length}) ≠ Teacher chars (${teacher_length})</arg>
<doc>Runs the given keyword with the given arguments, if ``condition`` is true.</doc>
<status status="PASS" start="2025-02-02T19:35:53.261644" elapsed="0.000068"/>
</kw>
<for flavor="IN RANGE">
<iter>
<kw name="Set Variable" owner="BuiltIn">
<msg time="2025-02-02T19:35:53.262112" level="INFO">${case_key} = Case1</msg>
<var>${case_key}</var>
<arg>Case${index + 1}</arg>
<doc>Returns the given values which can then be assigned to a variables.</doc>
<status status="PASS" start="2025-02-02T19:35:53.261856" elapsed="0.000265"/>
</kw>
<kw name="Set Variable" owner="BuiltIn">
<msg time="2025-02-02T19:35:53.262224" level="INFO">${student_char} = Hello</msg>
<var>${student_char}</var>
<arg>${student_chars}[${index}]</arg>
<doc>Returns the given values which can then be assigned to a variables.</doc>
<status status="PASS" start="2025-02-02T19:35:53.262162" elapsed="0.000070"/>
</kw>
<kw name="Set Variable" owner="BuiltIn">
<msg time="2025-02-02T19:35:53.262327" level="INFO">${teacher_char} = Hello</msg>
<var>${teacher_char}</var>
<arg>${teacher_chars}[${index}]</arg>
<doc>Returns the given values which can then be assigned to a variables.</doc>
<status status="PASS" start="2025-02-02T19:35:53.262271" elapsed="0.000063"/>
</kw>
<kw name="Run Keyword And Return Status" owner="BuiltIn">
<kw name="Should Be Equal As Strings" owner="BuiltIn">
<arg>${student_char}</arg>
<arg>${teacher_char}</arg>
<doc>Fails if objects are unequal after converting them to strings.</doc>
<status status="PASS" start="2025-02-02T19:35:53.262431" elapsed="0.000070"/>
</kw>
<msg time="2025-02-02T19:35:53.262530" level="INFO">${status} = True</msg>
<var>${status}</var>
<arg>Should Be Equal As Strings</arg>
<arg>${student_char}</arg>
<arg>${teacher_char}</arg>
<doc>Runs the given keyword with given arguments and returns the status as a Boolean value.</doc>
<status status="PASS" start="2025-02-02T19:35:53.262375" elapsed="0.000162"/>
</kw>
<kw name="Set Variable If" owner="BuiltIn">
<msg time="2025-02-02T19:35:53.262630" level="INFO">${status_str} = PASS</msg>
<var>${status_str}</var>
<arg>${status}</arg>
<arg>PASS</arg>
<arg>FAIL</arg>
<doc>Sets variable based on the given condition.</doc>
<status status="PASS" start="2025-02-02T19:35:53.262581" elapsed="0.000056"/>
</kw>
<kw name="Create Dictionary" owner="BuiltIn">
<msg time="2025-02-02T19:35:53.262793" level="INFO">${case_dict} = {'status': 'PASS', 'detail': 'Student=Hello vs Teacher=Hello'}</msg>
<var>${case_dict}</var>
<arg>status=${status_str}</arg>
<arg>detail=Student=${student_char} vs Teacher=${teacher_char}</arg>
<doc>Creates and returns a dictionary based on the given ``items``.</doc>
<status status="PASS" start="2025-02-02T19:35:53.262679" elapsed="0.000123"/>
</kw>
<kw name="Set To Dictionary" owner="Collections">
<arg>${results_dict}</arg>
<arg>${case_key}=${case_dict}</arg>
<doc>Adds the given ``key_value_pairs`` and/or ``items`` to the ``dictionary``.</doc>
<status status="PASS" start="2025-02-02T19:35:53.262842" elapsed="0.000075"/>
</kw>
<var name="${index}">0</var>
<status status="PASS" start="2025-02-02T19:35:53.261821" elapsed="0.001111"/>
</iter>
<iter>
<kw name="Set Variable" owner="BuiltIn">
<msg time="2025-02-02T19:35:53.263246" level="INFO">${case_key} = Case2</msg>
<var>${case_key}</var>
<arg>Case${index + 1}</arg>
<doc>Returns the given values which can then be assigned to a variables.</doc>
<status status="PASS" start="2025-02-02T19:35:53.263011" elapsed="0.000244"/>
</kw>
<kw name="Set Variable" owner="BuiltIn">
<msg time="2025-02-02T19:35:53.263356" level="INFO">${student_char} = Class</msg>
<var>${student_char}</var>
<arg>${student_chars}[${index}]</arg>
<doc>Returns the given values which can then be assigned to a variables.</doc>
<status status="PASS" start="2025-02-02T19:35:53.263294" elapsed="0.000070"/>
</kw>
<kw name="Set Variable" owner="BuiltIn">
<msg time="2025-02-02T19:35:53.263459" level="INFO">${teacher_char} = World</msg>
<var>${teacher_char}</var>
<arg>${teacher_chars}[${index}]</arg>
<doc>Returns the given values which can then be assigned to a variables.</doc>
<status status="PASS" start="2025-02-02T19:35:53.263402" elapsed="0.000065"/>
</kw>
<kw name="Run Keyword And Return Status" owner="BuiltIn">
<kw name="Should Be Equal As Strings" owner="BuiltIn">
<msg time="2025-02-02T19:35:53.263737" level="FAIL">Class != World</msg>
<arg>${student_char}</arg>
<arg>${teacher_char}</arg>
<doc>Fails if objects are unequal after converting them to strings.</doc>
<status status="FAIL" start="2025-02-02T19:35:53.263563" elapsed="0.000244">Class != World</status>
</kw>
<msg time="2025-02-02T19:35:53.263843" level="INFO">${status} = False</msg>
<var>${status}</var>
<arg>Should Be Equal As Strings</arg>
<arg>${student_char}</arg>
<arg>${teacher_char}</arg>
<doc>Runs the given keyword with given arguments and returns the status as a Boolean value.</doc>
<status status="PASS" start="2025-02-02T19:35:53.263510" elapsed="0.000341"/>
</kw>
<kw name="Set Variable If" owner="BuiltIn">
<msg time="2025-02-02T19:35:53.264053" level="INFO">${status_str} = FAIL</msg>
<var>${status_str}</var>
<arg>${status}</arg>
<arg>PASS</arg>
<arg>FAIL</arg>
<doc>Sets variable based on the given condition.</doc>
<status status="PASS" start="2025-02-02T19:35:53.263983" elapsed="0.000078"/>
</kw>
<kw name="Create Dictionary" owner="BuiltIn">
<msg time="2025-02-02T19:35:53.264223" level="INFO">${case_dict} = {'status': 'FAIL', 'detail': 'Student=Class vs Teacher=World'}</msg>
<var>${case_dict}</var>
<arg>status=${status_str}</arg>
<arg>detail=Student=${student_char} vs Teacher=${teacher_char}</arg>
<doc>Creates and returns a dictionary based on the given ``items``.</doc>
<status status="PASS" start="2025-02-02T19:35:53.264105" elapsed="0.000127"/>
</kw>
<kw name="Set To Dictionary" owner="Collections">
<arg>${results_dict}</arg>
<arg>${case_key}=${case_dict}</arg>
<doc>Adds the given ``key_value_pairs`` and/or ``items`` to the ``dictionary``.</doc>
<status status="PASS" start="2025-02-02T19:35:53.264273" elapsed="0.000075"/>
</kw>
<var name="${index}">1</var>
<status status="PASS" start="2025-02-02T19:35:53.262979" elapsed="0.001383"/>
</iter>
<iter>
<kw name="Set Variable" owner="BuiltIn">
<msg time="2025-02-02T19:35:53.264767" level="INFO">${case_key} = Case3</msg>
<var>${case_key}</var>
<arg>Case${index + 1}</arg>
<doc>Returns the given values which can then be assigned to a variables.</doc>
<status status="PASS" start="2025-02-02T19:35:53.264447" elapsed="0.000329"/>
</kw>
<kw name="Set Variable" owner="BuiltIn">
<msg time="2025-02-02T19:35:53.264879" level="INFO">${student_char} = !!!</msg>
<var>${student_char}</var>
<arg>${student_chars}[${index}]</arg>
<doc>Returns the given values which can then be assigned to a variables.</doc>
<status status="PASS" start="2025-02-02T19:35:53.264818" elapsed="0.000069"/>
</kw>
<kw name="Set Variable" owner="BuiltIn">
<msg time="2025-02-02T19:35:53.265054" level="INFO">${teacher_char} = !!!</msg>
<var>${teacher_char}</var>
<arg>${teacher_chars}[${index}]</arg>
<doc>Returns the given values which can then be assigned to a variables.</doc>
<status status="PASS" start="2025-02-02T19:35:53.264945" elapsed="0.000116"/>
</kw>
<kw name="Run Keyword And Return Status" owner="BuiltIn">
<kw name="Should Be Equal As Strings" owner="BuiltIn">
<arg>${student_char}</arg>
<arg>${teacher_char}</arg>
<doc>Fails if objects are unequal after converting them to strings.</doc>
<status status="PASS" start="2025-02-02T19:35:53.265193" elapsed="0.000069"/>
</kw>
<msg time="2025-02-02T19:35:53.265289" level="INFO">${status} = True</msg>
<var>${status}</var>
<arg>Should Be Equal As Strings</arg>
<arg>${student_char}</arg>
<arg>${teacher_char}</arg>
<doc>Runs the given keyword with given arguments and returns the status as a Boolean value.</doc>
<status status="PASS" start="2025-02-02T19:35:53.265103" elapsed="0.000193"/>
</kw>
<kw name="Set Variable If" owner="BuiltIn">
<msg time="2025-02-02T19:35:53.265388" level="INFO">${status_str} = PASS</msg>
<var>${status_str}</var>
<arg>${status}</arg>
<arg>PASS</arg>
<arg>FAIL</arg>
<doc>Sets variable based on the given condition.</doc>
<status status="PASS" start="2025-02-02T19:35:53.265339" elapsed="0.000057"/>
</kw>
<kw name="Create Dictionary" owner="BuiltIn">
<msg time="2025-02-02T19:35:53.265542" level="INFO">${case_dict} = {'status': 'PASS', 'detail': 'Student=!!! vs Teacher=!!!'}</msg>
<var>${case_dict}</var>
<arg>status=${status_str}</arg>
<arg>detail=Student=${student_char} vs Teacher=${teacher_char}</arg>
<doc>Creates and returns a dictionary based on the given ``items``.</doc>
<status status="PASS" start="2025-02-02T19:35:53.265439" elapsed="0.000112"/>
</kw>
<kw name="Set To Dictionary" owner="Collections">
<arg>${results_dict}</arg>
<arg>${case_key}=${case_dict}</arg>
<doc>Adds the given ``key_value_pairs`` and/or ``items`` to the ``dictionary``.</doc>
<status status="PASS" start="2025-02-02T19:35:53.265591" elapsed="0.000074"/>
</kw>
<var name="${index}">2</var>
<status status="PASS" start="2025-02-02T19:35:53.264411" elapsed="0.001268"/>
</iter>
<iter>
<kw name="Set Variable" owner="BuiltIn">
<msg time="2025-02-02T19:35:53.266021" level="INFO">${case_key} = Case4</msg>
<var>${case_key}</var>
<arg>Case${index + 1}</arg>
<doc>Returns the given values which can then be assigned to a variables.</doc>
<status status="PASS" start="2025-02-02T19:35:53.265760" elapsed="0.000270"/>
</kw>
<kw name="Set Variable" owner="BuiltIn">
<msg time="2025-02-02T19:35:53.266131" level="INFO">${student_char} = First</msg>
<var>${student_char}</var>
<arg>${student_chars}[${index}]</arg>
<doc>Returns the given values which can then be assigned to a variables.</doc>
<status status="PASS" start="2025-02-02T19:35:53.266070" elapsed="0.000068"/>
</kw>
<kw name="Set Variable" owner="BuiltIn">
<msg time="2025-02-02T19:35:53.266235" level="INFO">${teacher_char} = First</msg>
<var>${teacher_char}</var>
<arg>${teacher_chars}[${index}]</arg>
<doc>Returns the given values which can then be assigned to a variables.</doc>
<status status="PASS" start="2025-02-02T19:35:53.266176" elapsed="0.000066"/>
</kw>
<kw name="Run Keyword And Return Status" owner="BuiltIn">
<kw name="Should Be Equal As Strings" owner="BuiltIn">
<arg>${student_char}</arg>
<arg>${teacher_char}</arg>
<doc>Fails if objects are unequal after converting them to strings.</doc>
<status status="PASS" start="2025-02-02T19:35:53.266338" elapsed="0.000070"/>
</kw>
<msg time="2025-02-02T19:35:53.266435" level="INFO">${status} = True</msg>
<var>${status}</var>
<arg>Should Be Equal As Strings</arg>
<arg>${student_char}</arg>
<arg>${teacher_char}</arg>
<doc>Runs the given keyword with given arguments and returns the status as a Boolean value.</doc>
<status status="PASS" start="2025-02-02T19:35:53.266284" elapsed="0.000158"/>
</kw>
<kw name="Set Variable If" owner="BuiltIn">
<msg time="2025-02-02T19:35:53.266534" level="INFO">${status_str} = PASS</msg>
<var>${status_str}</var>
<arg>${status}</arg>
<arg>PASS</arg>
<arg>FAIL</arg>
<doc>Sets variable based on the given condition.</doc>
<status status="PASS" start="2025-02-02T19:35:53.266485" elapsed="0.000056"/>
</kw>
<kw name="Create Dictionary" owner="BuiltIn">
<msg time="2025-02-02T19:35:53.266683" level="INFO">${case_dict} = {'status': 'PASS', 'detail': 'Student=First vs Teacher=First'}</msg>
<var>${case_dict}</var>
<arg>status=${status_str}</arg>
<arg>detail=Student=${student_char} vs Teacher=${teacher_char}</arg>
<doc>Creates and returns a dictionary based on the given ``items``.</doc>
<status status="PASS" start="2025-02-02T19:35:53.266583" elapsed="0.000108"/>
</kw>
<kw name="Set To Dictionary" owner="Collections">
<arg>${results_dict}</arg>
<arg>${case_key}=${case_dict}</arg>
<doc>Adds the given ``key_value_pairs`` and/or ``items`` to the ``dictionary``.</doc>
<status status="PASS" start="2025-02-02T19:35:53.266729" elapsed="0.000071"/>
</kw>
<var name="${index}">3</var>
<status status="PASS" start="2025-02-02T19:35:53.265728" elapsed="0.001085"/>
</iter>
<iter>
<kw name="Set Variable" owner="BuiltIn">
<msg time="2025-02-02T19:35:53.267195" level="INFO">${case_key} = Case5</msg>
<var>${case_key}</var>
<arg>Case${index + 1}</arg>
<doc>Returns the given values which can then be assigned to a variables.</doc>
<status status="PASS" start="2025-02-02T19:35:53.266970" elapsed="0.000234"/>
</kw>
<kw name="Set Variable" owner="BuiltIn">
<msg time="2025-02-02T19:35:53.267304" level="INFO">${student_char} = Time</msg>
<var>${student_char}</var>
<arg>${student_chars}[${index}]</arg>
<doc>Returns the given values which can then be assigned to a variables.</doc>
<status status="PASS" start="2025-02-02T19:35:53.267242" elapsed="0.000070"/>
</kw>
<kw name="Set Variable" owner="BuiltIn">
<msg time="2025-02-02T19:35:53.267404" level="INFO">${teacher_char} = Time</msg>
<var>${teacher_char}</var>
<arg>${teacher_chars}[${index}]</arg>
<doc>Returns the given values which can then be assigned to a variables.</doc>
<status status="PASS" start="2025-02-02T19:35:53.267349" elapsed="0.000063"/>
</kw>
<kw name="Run Keyword And Return Status" owner="BuiltIn">
<kw name="Should Be Equal As Strings" owner="BuiltIn">
<arg>${student_char}</arg>
<arg>${teacher_char}</arg>
<doc>Fails if objects are unequal after converting them to strings.</doc>
<status status="PASS" start="2025-02-02T19:35:53.267507" elapsed="0.000063"/>
</kw>
<msg time="2025-02-02T19:35:53.267597" level="INFO">${status} = True</msg>
<var>${status}</var>
<arg>Should Be Equal As Strings</arg>
<arg>${student_char}</arg>
<arg>${teacher_char}</arg>
<doc>Runs the given keyword with given arguments and returns the status as a Boolean value.</doc>
<status status="PASS" start="2025-02-02T19:35:53.267454" elapsed="0.000150"/>
</kw>
<kw name="Set Variable If" owner="BuiltIn">
<msg time="2025-02-02T19:35:53.267951" level="INFO">${status_str} = PASS</msg>
<var>${status_str}</var>
<arg>${status}</arg>
<arg>PASS</arg>
<arg>FAIL</arg>
<doc>Sets variable based on the given condition.</doc>
<status status="PASS" start="2025-02-02T19:35:53.267646" elapsed="0.000346"/>
</kw>
<kw name="Create Dictionary" owner="BuiltIn">
<msg time="2025-02-02T19:35:53.268648" level="INFO">${case_dict} = {'status': 'PASS', 'detail': 'Student=Time vs Teacher=Time'}</msg>
<var>${case_dict}</var>
<arg>status=${status_str}</arg>
<arg>detail=Student=${student_char} vs Teacher=${teacher_char}</arg>
<doc>Creates and returns a dictionary based on the given ``items``.</doc>
<status status="PASS" start="2025-02-02T19:35:53.268252" elapsed="0.000411"/>
</kw>
<kw name="Set To Dictionary" owner="Collections">
<arg>${results_dict}</arg>
<arg>${case_key}=${case_dict}</arg>
<doc>Adds the given ``key_value_pairs`` and/or ``items`` to the ``dictionary``.</doc>
<status status="PASS" start="2025-02-02T19:35:53.268732" elapsed="0.000148"/>
</kw>
<var name="${index}">4</var>
<status status="PASS" start="2025-02-02T19:35:53.266937" elapsed="0.001957"/>
</iter>
<var>${index}</var>
<value>0</value>
<value>${student_length}</value>
<status status="PASS" start="2025-02-02T19:35:53.261746" elapsed="0.007162"/>
</for>
<return>
<value>${results_dict}</value>
<status status="PASS" start="2025-02-02T19:35:53.268948" elapsed="0.000021"/>
</return>
<msg time="2025-02-02T19:35:53.269033" level="INFO">${results} = {'Case1': {'status': 'PASS', 'detail': 'Student=Hello vs Teacher=Hello'}, 'Case2': {'status': 'FAIL', 'detail': 'Student=Class vs Teacher=World'}, 'Case3': {'status': 'PASS', 'detail': 'Student=!!! vs...</msg>
<var>${results}</var>
<arg>${student_chars}</arg>
<arg>${teacher_chars}</arg>
<status status="PASS" start="2025-02-02T19:35:53.261026" elapsed="0.008092"/>
</kw>
<kw name="Save Results">
<kw name="Evaluate" owner="BuiltIn">
<msg time="2025-02-02T19:35:53.269689" level="INFO">${json_string} = {
  "Case1": {
    "status": "PASS",
    "detail": "Student=Hello vs Teacher=Hello"
  },
  "Case2": {
    "status": "FAIL",
    "detail": "Student=Class vs Teacher=World"
  },
  "Case3": {
    "status...</msg>
<var>${json_string}</var>
<arg>json.dumps($results, indent=2)</arg>
<arg>json</arg>
<doc>Evaluates the given expression in Python and returns the result.</doc>
<status status="PASS" start="2025-02-02T19:35:53.269434" elapsed="0.000269"/>
</kw>
<kw name="Create File" owner="OperatingSystem">
<msg time="2025-02-02T19:35:53.270016" level="INFO" html="true">Created file '&lt;a href="file:///Users/tanakrit/Documents/GitHub/RobotFramewokForIDE/NewFormatOfRobot/comparison_results.json"&gt;/Users/tanakrit/Documents/GitHub/RobotFramewokForIDE/NewFormatOfRobot/comparison_results.json&lt;/a&gt;'.</msg>
<arg>${RESULTS_FILE}</arg>
<arg>${json_string}</arg>
<doc>Creates a file with the given content and encoding.</doc>
<status status="PASS" start="2025-02-02T19:35:53.269751" elapsed="0.000287"/>
</kw>
<arg>${results}</arg>
<status status="PASS" start="2025-02-02T19:35:53.269238" elapsed="0.000826"/>
</kw>
<status status="PASS" start="2025-02-02T19:35:53.257445" elapsed="0.012691"/>
</test>
<status status="PASS" start="2025-02-02T19:35:53.195574" elapsed="0.074751"/>
</suite>
<statistics>
<total>
<stat pass="1" fail="0" skip="0">All Tests</stat>
</total>
<tag>
</tag>
<suite>
<stat pass="1" fail="0" skip="0" id="s1" name="Case3">Case3</stat>
</suite>
</statistics>
<errors>
</errors>
</robot>
