<?xml version="1.0" encoding="UTF-8"?>
<robot generator="Robot 7.1.1 (Python 3.11.4 on darwin)" generated="2025-02-01T17:32:41.691791" rpa="false" schemaversion="5">
<suite id="s1" name="Case2" source="/Users/tanakrit/Documents/GitHub/RobotFramewokForIDE/NewFormatOfRobot/Case2.robot">
<test id="s1-t1" name="Compare Student Code With Test Cases" line="104">
<kw name="Setup Test Environment" type="SETUP">
<kw name="Create Directory" owner="OperatingSystem">
<msg time="2025-02-01T17:32:41.741500" level="INFO" html="true">Created directory '&lt;a href="file:///Users/tanakrit/Documents/GitHub/RobotFramewokForIDE/NewFormatOfRobot/temp"&gt;/Users/tanakrit/Documents/GitHub/RobotFramewokForIDE/NewFormatOfRobot/temp&lt;/a&gt;'.</msg>
<arg>${TEMP_DIR}</arg>
<doc>Creates the specified directory.</doc>
<status status="PASS" start="2025-02-01T17:32:41.741280" elapsed="0.000253"/>
</kw>
<kw name="Load Json From File" owner="JSONLibrary">
<msg time="2025-02-01T17:32:41.741764" level="INFO">${student} = {'id': 4, 'title': 'L2Q2 Unicode', 'language': 'python', 'tag_list': ['other'], 'description': 'Write a program to read one character from keyboard and the program then prints out its Unicode in hexad...</msg>
<var>${student}</var>
<arg>${STUDENT_FILE}</arg>
<doc>Load JSON from file.</doc>
<status status="PASS" start="2025-02-01T17:32:41.741596" elapsed="0.000183"/>
</kw>
<kw name="Load Json From File" owner="JSONLibrary">
<msg time="2025-02-01T17:32:41.741957" level="INFO">${teacher} = {'id': 4, 'title': 'L2Q2 Unicode', 'language': 'python', 'tag_list': ['other'], 'description': 'Write a program to read one character from keyboard and the program then prints out its Unicode in hexad...</msg>
<var>${teacher}</var>
<arg>${TEACHER_FILE}</arg>
<doc>Load JSON from file.</doc>
<status status="PASS" start="2025-02-01T17:32:41.741836" elapsed="0.000134"/>
</kw>
<kw name="Create List" owner="BuiltIn">
<msg time="2025-02-01T17:32:41.742077" level="INFO">@{results} = [ ]</msg>
<var>@{results}</var>
<doc>Returns a list containing given items.</doc>
<status status="PASS" start="2025-02-01T17:32:41.742020" elapsed="0.000066"/>
</kw>
<return>
<value>${student}</value>
<value>${teacher}</value>
<value>${results}</value>
<status status="PASS" start="2025-02-01T17:32:41.742108" elapsed="0.000023"/>
</return>
<status status="PASS" start="2025-02-01T17:32:41.740965" elapsed="0.001235"/>
</kw>
<kw name="Setup Test Environment">
<kw name="Create Directory" owner="OperatingSystem">
<msg time="2025-02-01T17:32:41.742478" level="INFO" html="true">Directory '&lt;a href="file:///Users/tanakrit/Documents/GitHub/RobotFramewokForIDE/NewFormatOfRobot/temp"&gt;/Users/tanakrit/Documents/GitHub/RobotFramewokForIDE/NewFormatOfRobot/temp&lt;/a&gt;' already exists.</msg>
<arg>${TEMP_DIR}</arg>
<doc>Creates the specified directory.</doc>
<status status="PASS" start="2025-02-01T17:32:41.742398" elapsed="0.000103"/>
</kw>
<kw name="Load Json From File" owner="JSONLibrary">
<msg time="2025-02-01T17:32:41.742680" level="INFO">${student} = {'id': 4, 'title': 'L2Q2 Unicode', 'language': 'python', 'tag_list': ['other'], 'description': 'Write a program to read one character from keyboard and the program then prints out its Unicode in hexad...</msg>
<var>${student}</var>
<arg>${STUDENT_FILE}</arg>
<doc>Load JSON from file.</doc>
<status status="PASS" start="2025-02-01T17:32:41.742560" elapsed="0.000130"/>
</kw>
<kw name="Load Json From File" owner="JSONLibrary">
<msg time="2025-02-01T17:32:41.742827" level="INFO">${teacher} = {'id': 4, 'title': 'L2Q2 Unicode', 'language': 'python', 'tag_list': ['other'], 'description': 'Write a program to read one character from keyboard and the program then prints out its Unicode in hexad...</msg>
<var>${teacher}</var>
<arg>${TEACHER_FILE}</arg>
<doc>Load JSON from file.</doc>
<status status="PASS" start="2025-02-01T17:32:41.742733" elapsed="0.000103"/>
</kw>
<kw name="Create List" owner="BuiltIn">
<msg time="2025-02-01T17:32:41.742927" level="INFO">@{results} = [ ]</msg>
<var>@{results}</var>
<doc>Returns a list containing given items.</doc>
<status status="PASS" start="2025-02-01T17:32:41.742880" elapsed="0.000056"/>
</kw>
<return>
<value>${student}</value>
<value>${teacher}</value>
<value>${results}</value>
<status status="PASS" start="2025-02-01T17:32:41.742952" elapsed="0.000016"/>
</return>
<msg time="2025-02-01T17:32:41.743044" level="INFO">${student} = {'id': 4, 'title': 'L2Q2 Unicode', 'language': 'python', 'tag_list': ['other'], 'description': 'Write a program to read one character from keyboard and the program then prints out its Unicode in hexad...</msg>
<msg time="2025-02-01T17:32:41.743062" level="INFO">${teacher} = {'id': 4, 'title': 'L2Q2 Unicode', 'language': 'python', 'tag_list': ['other'], 'description': 'Write a program to read one character from keyboard and the program then prints out its Unicode in hexad...</msg>
<msg time="2025-02-01T17:32:41.743076" level="INFO">${results} = []</msg>
<var>${student}</var>
<var>${teacher}</var>
<var>${results}</var>
<status status="PASS" start="2025-02-01T17:32:41.742303" elapsed="0.000781"/>
</kw>
<kw name="Set Variable" owner="BuiltIn">
<msg time="2025-02-01T17:32:41.743207" level="INFO">${test_input} = b</msg>
<var>${test_input}</var>
<arg>${teacher}[testcase]</arg>
<doc>Returns the given values which can then be assigned to a variables.</doc>
<status status="PASS" start="2025-02-01T17:32:41.743146" elapsed="0.000071"/>
</kw>
<kw name="Set Variable" owner="BuiltIn">
<msg time="2025-02-01T17:32:41.743328" level="INFO">${expected_output} = u0061</msg>
<var>${expected_output}</var>
<arg>${teacher}[testresult]</arg>
<doc>Returns the given values which can then be assigned to a variables.</doc>
<status status="PASS" start="2025-02-01T17:32:41.743276" elapsed="0.000059"/>
</kw>
<kw name="Execute Code With Input">
<kw name="Set Variable" owner="BuiltIn">
<msg time="2025-02-01T17:32:41.743710" level="INFO">${filename} = test</msg>
<var>${filename}</var>
<arg>test</arg>
<doc>Returns the given values which can then be assigned to a variables.</doc>
<status status="PASS" start="2025-02-01T17:32:41.743669" elapsed="0.000049"/>
</kw>
<kw name="Set Variable If" owner="BuiltIn">
<msg time="2025-02-01T17:32:41.743832" level="INFO">${ext} = .py</msg>
<var>${ext}</var>
<arg>'${language}' == 'python'</arg>
<arg>.py</arg>
<arg>'${language}' == 'cpp'</arg>
<arg>.cpp</arg>
<arg>'${language}' == 'rust'</arg>
<arg>.rs</arg>
<arg>'${language}' == 'javascript'</arg>
<arg>.js</arg>
<doc>Sets variable based on the given condition.</doc>
<status status="PASS" start="2025-02-01T17:32:41.743762" elapsed="0.000078"/>
</kw>
<kw name="Create File" owner="OperatingSystem">
<msg time="2025-02-01T17:32:41.744132" level="INFO" html="true">Created file '&lt;a href="file:///Users/tanakrit/Documents/GitHub/RobotFramewokForIDE/NewFormatOfRobot/temp/test.py"&gt;/Users/tanakrit/Documents/GitHub/RobotFramewokForIDE/NewFormatOfRobot/temp/test.py&lt;/a&gt;'.</msg>
<arg>${TEMP_DIR}/${filename}${ext}</arg>
<arg>${code}</arg>
<doc>Creates a file with the given content and encoding.</doc>
<status status="PASS" start="2025-02-01T17:32:41.743885" elapsed="0.000266"/>
</kw>
<kw name="Create File" owner="OperatingSystem">
<msg time="2025-02-01T17:32:41.744357" level="INFO" html="true">Created file '&lt;a href="file:///Users/tanakrit/Documents/GitHub/RobotFramewokForIDE/NewFormatOfRobot/temp/input.txt"&gt;/Users/tanakrit/Documents/GitHub/RobotFramewokForIDE/NewFormatOfRobot/temp/input.txt&lt;/a&gt;'.</msg>
<arg>${TEMP_DIR}/input.txt</arg>
<arg>${input}</arg>
<doc>Creates a file with the given content and encoding.</doc>
<status status="PASS" start="2025-02-01T17:32:41.744190" elapsed="0.000185"/>
</kw>
<kw name="Set Variable" owner="BuiltIn">
<msg time="2025-02-01T17:32:41.744520" level="INFO">${status} = success</msg>
<var>${status}</var>
<arg>success</arg>
<doc>Returns the given values which can then be assigned to a variables.</doc>
<status status="PASS" start="2025-02-01T17:32:41.744414" elapsed="0.000114"/>
</kw>
<kw name="Set Variable" owner="BuiltIn">
<msg time="2025-02-01T17:32:41.744783" level="INFO">${output} = </msg>
<var>${output}</var>
<arg>${EMPTY}</arg>
<doc>Returns the given values which can then be assigned to a variables.</doc>
<status status="PASS" start="2025-02-01T17:32:41.744566" elapsed="0.000225"/>
</kw>
<try>
<branch type="TRY">
<if>
<branch type="IF" condition="'${language}' == 'python'">
<kw name="Run Process" owner="Process">
<msg time="2025-02-01T17:32:41.745090" level="INFO">Starting process:
python ./temp/test.py</msg>
<msg time="2025-02-01T17:32:41.747605" level="INFO">Waiting for process to complete.</msg>
<msg time="2025-02-01T17:32:41.760929" level="INFO">Process completed.</msg>
<msg time="2025-02-01T17:32:41.761138" level="INFO">${result} = &lt;result object with rc 0&gt;</msg>
<var>${result}</var>
<arg>${PYTHON_CMD}</arg>
<arg>${TEMP_DIR}/${filename}${ext}</arg>
<arg>stdin=${TEMP_DIR}/input.txt</arg>
<arg>shell=True</arg>
<arg>stderr=STDOUT</arg>
<doc>Runs a process and waits for it to complete.</doc>
<status status="PASS" start="2025-02-01T17:32:41.744944" elapsed="0.016221"/>
</kw>
<kw name="Extract Unicode Value">
<kw name="Split To Lines" owner="String">
<msg time="2025-02-01T17:32:41.762008" level="INFO">1 lines returned</msg>
<msg time="2025-02-01T17:32:41.762039" level="INFO">${output_lines} = ['Enter a character: The Unicode is: u0062']</msg>
<var>${output_lines}</var>
<arg>${output}</arg>
<doc>Splits the given string to lines.</doc>
<status status="PASS" start="2025-02-01T17:32:41.761938" elapsed="0.000109"/>
</kw>
<kw name="Set Variable" owner="BuiltIn">
<msg time="2025-02-01T17:32:41.762168" level="INFO">${last_line} = Enter a character: The Unicode is: u0062</msg>
<var>${last_line}</var>
<arg>${output_lines}[-1]</arg>
<doc>Returns the given values which can then be assigned to a variables.</doc>
<status status="PASS" start="2025-02-01T17:32:41.762100" elapsed="0.000075"/>
</kw>
<kw name="Get Regexp Matches" owner="String">
<msg time="2025-02-01T17:32:41.762372" level="INFO">${unicode_value} = ['u0062']</msg>
<var>${unicode_value}</var>
<arg>${last_line}</arg>
<arg>u[0-9a-fA-F]{4}</arg>
<doc>Returns a list of all non-overlapping matches in the given string.</doc>
<status status="PASS" start="2025-02-01T17:32:41.762220" elapsed="0.000160"/>
</kw>
<return>
<value>${unicode_value}[0]</value>
<status status="PASS" start="2025-02-01T17:32:41.762404" elapsed="0.000032"/>
</return>
<msg time="2025-02-01T17:32:41.762495" level="INFO">${output} = u0062</msg>
<var>${output}</var>
<arg>${result.stdout}</arg>
<status status="PASS" start="2025-02-01T17:32:41.761489" elapsed="0.001013"/>
</kw>
<status status="PASS" start="2025-02-01T17:32:41.744878" elapsed="0.017637"/>
</branch>
<branch type="ELSE IF" condition="'${language}' == 'cpp'">
<kw name="Run Process" owner="Process">
<var>${compile_result}</var>
<arg>${CPP_COMPILER}</arg>
<arg>${TEMP_DIR}/${filename}${ext}</arg>
<arg>-o</arg>
<arg>${TEMP_DIR}/${filename}</arg>
<arg>shell=True</arg>
<arg>stderr=STDOUT</arg>
<doc>Runs a process and waits for it to complete.</doc>
<status status="NOT RUN" start="2025-02-01T17:32:41.762583" elapsed="0.000006"/>
</kw>
<if>
<branch type="IF" condition="${compile_result.rc} == 0">
<kw name="Run Process" owner="Process">
<var>${result}</var>
<arg>${TEMP_DIR}/${filename}</arg>
<arg>stdin=${TEMP_DIR}/input.txt</arg>
<arg>shell=True</arg>
<arg>stderr=STDOUT</arg>
<doc>Runs a process and waits for it to complete.</doc>
<status status="NOT RUN" start="2025-02-01T17:32:41.762663" elapsed="0.000006"/>
</kw>
<kw name="Extract Unicode Value">
<var>${output}</var>
<arg>${result.stdout}</arg>
<status status="NOT RUN" start="2025-02-01T17:32:41.762731" elapsed="0.000007"/>
</kw>
<status status="NOT RUN" start="2025-02-01T17:32:41.762624" elapsed="0.000126"/>
</branch>
<branch type="ELSE">
<kw name="Set Variable" owner="BuiltIn">
<var>${status}</var>
<arg>compilation_error</arg>
<doc>Returns the given values which can then be assigned to a variables.</doc>
<status status="NOT RUN" start="2025-02-01T17:32:41.762792" elapsed="0.000005"/>
</kw>
<kw name="Set Variable" owner="BuiltIn">
<var>${output}</var>
<arg>${compile_result.stderr}</arg>
<doc>Returns the given values which can then be assigned to a variables.</doc>
<status status="NOT RUN" start="2025-02-01T17:32:41.762828" elapsed="0.000005"/>
</kw>
<status status="NOT RUN" start="2025-02-01T17:32:41.762759" elapsed="0.000085"/>
</branch>
<status status="NOT RUN" start="2025-02-01T17:32:41.762618" elapsed="0.000234"/>
</if>
<status status="NOT RUN" start="2025-02-01T17:32:41.762535" elapsed="0.000329"/>
</branch>
<branch type="ELSE IF" condition="'${language}' == 'rust'">
<kw name="Run Process" owner="Process">
<var>${compile_result}</var>
<arg>${RUST_COMPILER}</arg>
<arg>${TEMP_DIR}/${filename}${ext}</arg>
<arg>-o</arg>
<arg>${TEMP_DIR}/${filename}</arg>
<arg>shell=True</arg>
<arg>stderr=STDOUT</arg>
<doc>Runs a process and waits for it to complete.</doc>
<status status="NOT RUN" start="2025-02-01T17:32:41.762910" elapsed="0.000005"/>
</kw>
<if>
<branch type="IF" condition="${compile_result.rc} == 0">
<kw name="Run Process" owner="Process">
<var>${result}</var>
<arg>${TEMP_DIR}/${filename}</arg>
<arg>stdin=${TEMP_DIR}/input.txt</arg>
<arg>shell=True</arg>
<arg>stderr=STDOUT</arg>
<doc>Runs a process and waits for it to complete.</doc>
<status status="NOT RUN" start="2025-02-01T17:32:41.762974" elapsed="0.000005"/>
</kw>
<kw name="Extract Unicode Value">
<var>${output}</var>
<arg>${result.stdout}</arg>
<status status="NOT RUN" start="2025-02-01T17:32:41.763033" elapsed="0.000010"/>
</kw>
<status status="NOT RUN" start="2025-02-01T17:32:41.762942" elapsed="0.000113"/>
</branch>
<branch type="ELSE">
<kw name="Set Variable" owner="BuiltIn">
<var>${status}</var>
<arg>compilation_error</arg>
<doc>Returns the given values which can then be assigned to a variables.</doc>
<status status="NOT RUN" start="2025-02-01T17:32:41.763096" elapsed="0.000005"/>
</kw>
<kw name="Set Variable" owner="BuiltIn">
<var>${output}</var>
<arg>${compile_result.stderr}</arg>
<doc>Returns the given values which can then be assigned to a variables.</doc>
<status status="NOT RUN" start="2025-02-01T17:32:41.763133" elapsed="0.000005"/>
</kw>
<status status="NOT RUN" start="2025-02-01T17:32:41.763064" elapsed="0.000084"/>
</branch>
<status status="NOT RUN" start="2025-02-01T17:32:41.762937" elapsed="0.000218"/>
</if>
<status status="NOT RUN" start="2025-02-01T17:32:41.762872" elapsed="0.000291"/>
</branch>
<branch type="ELSE IF" condition="'${language}' == 'javascript'">
<kw name="Run Process" owner="Process">
<var>${result}</var>
<arg>${JAVASCRIPT_CMD}</arg>
<arg>${TEMP_DIR}/${filename}${ext}</arg>
<arg>stdin=${TEMP_DIR}/input.txt</arg>
<arg>shell=True</arg>
<arg>stderr=STDOUT</arg>
<doc>Runs a process and waits for it to complete.</doc>
<status status="NOT RUN" start="2025-02-01T17:32:41.763208" elapsed="0.000005"/>
</kw>
<kw name="Extract Unicode Value">
<var>${output}</var>
<arg>${result.stdout}</arg>
<status status="NOT RUN" start="2025-02-01T17:32:41.763261" elapsed="0.000007"/>
</kw>
<status status="NOT RUN" start="2025-02-01T17:32:41.763173" elapsed="0.000105"/>
</branch>
<status status="PASS" start="2025-02-01T17:32:41.744871" elapsed="0.018417"/>
</if>
<status status="PASS" start="2025-02-01T17:32:41.744854" elapsed="0.018443"/>
</branch>
<branch type="EXCEPT" assign="${error}">
<kw name="Set Variable" owner="BuiltIn">
<var>${status}</var>
<arg>runtime_error</arg>
<doc>Returns the given values which can then be assigned to a variables.</doc>
<status status="NOT RUN" start="2025-02-01T17:32:41.763356" elapsed="0.000005"/>
</kw>
<kw name="Set Variable" owner="BuiltIn">
<var>${output}</var>
<arg>${error}</arg>
<doc>Returns the given values which can then be assigned to a variables.</doc>
<status status="NOT RUN" start="2025-02-01T17:32:41.763401" elapsed="0.000005"/>
</kw>
<status status="NOT RUN" start="2025-02-01T17:32:41.763323" elapsed="0.000094"/>
</branch>
<status status="PASS" start="2025-02-01T17:32:41.744836" elapsed="0.018595"/>
</try>
<return>
<value>${status}</value>
<value>${output}</value>
<status status="PASS" start="2025-02-01T17:32:41.763445" elapsed="0.000012"/>
</return>
<msg time="2025-02-01T17:32:41.763520" level="INFO">${student_status} = success</msg>
<msg time="2025-02-01T17:32:41.763572" level="INFO">${student_output} = u0062</msg>
<var>${student_status}</var>
<var>${student_output}</var>
<arg>${student}[defaultCode]</arg>
<arg>${student}[language]</arg>
<arg>${test_input}</arg>
<status status="PASS" start="2025-02-01T17:32:41.743532" elapsed="0.020048"/>
</kw>
<kw name="Set Variable If" owner="BuiltIn">
<msg time="2025-02-01T17:32:41.763812" level="INFO">${test_status} = FAIL</msg>
<var>${test_status}</var>
<arg>'${student_status}' != 'success'</arg>
<arg>FAIL</arg>
<arg>'${student_output}' != '${expected_output}'</arg>
<arg>FAIL</arg>
<arg>PASS</arg>
<doc>Sets variable based on the given condition.</doc>
<status status="PASS" start="2025-02-01T17:32:41.763686" elapsed="0.000134"/>
</kw>
<kw name="Add Comparison Result">
<kw name="Create Dictionary" owner="BuiltIn">
<msg time="2025-02-01T17:32:41.764251" level="INFO">${result} = {'status': 'FAIL', 'details': 'Student output: "u0062"\nTeacher output: "u0061"', 'language': 'python'}</msg>
<var>${result}</var>
<arg>status=${status}</arg>
<arg>details=Student output: "${student_output}"\nTeacher output: "${teacher_output}"</arg>
<arg>language=${language}</arg>
<doc>Creates and returns a dictionary based on the given ``items``.</doc>
<status status="PASS" start="2025-02-01T17:32:41.764065" elapsed="0.000196"/>
</kw>
<kw name="Append To List" owner="Collections">
<arg>${results}</arg>
<arg>${result}</arg>
<doc>Adds ``values`` to the end of ``list``.</doc>
<status status="PASS" start="2025-02-01T17:32:41.764306" elapsed="0.000059"/>
</kw>
<arg>${results}</arg>
<arg>${test_status}</arg>
<arg>${student_output}</arg>
<arg>${expected_output}</arg>
<arg>${student}[language]</arg>
<status status="PASS" start="2025-02-01T17:32:41.763897" elapsed="0.000490"/>
</kw>
<kw name="Save Results">
<kw name="Evaluate" owner="BuiltIn">
<msg time="2025-02-01T17:32:41.764762" level="INFO">${json_string} = [
  {
    "status": "FAIL",
    "details": "Student output: \"u0062\"\nTeacher output: \"u0061\"",
    "language": "python"
  }
]</msg>
<var>${json_string}</var>
<arg>json.dumps($results, indent=2)</arg>
<arg>json</arg>
<doc>Evaluates the given expression in Python and returns the result.</doc>
<status status="PASS" start="2025-02-01T17:32:41.764553" elapsed="0.000219"/>
</kw>
<kw name="Create File" owner="OperatingSystem">
<msg time="2025-02-01T17:32:41.765079" level="INFO" html="true">Created file '&lt;a href="file:///Users/tanakrit/Documents/GitHub/RobotFramewokForIDE/NewFormatOfRobot/comparison_results.json"&gt;/Users/tanakrit/Documents/GitHub/RobotFramewokForIDE/NewFormatOfRobot/comparison_results.json&lt;/a&gt;'.</msg>
<arg>${RESULTS_FILE}</arg>
<arg>${json_string}</arg>
<doc>Creates a file with the given content and encoding.</doc>
<status status="PASS" start="2025-02-01T17:32:41.764813" elapsed="0.000294"/>
</kw>
<arg>${results}</arg>
<status status="PASS" start="2025-02-01T17:32:41.764455" elapsed="0.000675"/>
</kw>
<kw name="Cleanup Test Environment" type="TEARDOWN">
<kw name="Remove Directory" owner="OperatingSystem">
<msg time="2025-02-01T17:32:41.765582" level="INFO" html="true">Removed directory '&lt;a href="file:///Users/tanakrit/Documents/GitHub/RobotFramewokForIDE/NewFormatOfRobot/temp"&gt;/Users/tanakrit/Documents/GitHub/RobotFramewokForIDE/NewFormatOfRobot/temp&lt;/a&gt;'.</msg>
<arg>${TEMP_DIR}</arg>
<arg>recursive=True</arg>
<doc>Removes the directory pointed to by the given ``path``.</doc>
<status status="PASS" start="2025-02-01T17:32:41.765320" elapsed="0.000283"/>
</kw>
<status status="PASS" start="2025-02-01T17:32:41.765235" elapsed="0.000390"/>
</kw>
<status status="PASS" start="2025-02-01T17:32:41.740612" elapsed="0.025055"/>
</test>
<status status="PASS" start="2025-02-01T17:32:41.693335" elapsed="0.072519"/>
</suite>
<statistics>
<total>
<stat pass="1" fail="0" skip="0">All Tests</stat>
</total>
<tag>
</tag>
<suite>
<stat pass="1" fail="0" skip="0" id="s1" name="Case2">Case2</stat>
</suite>
</statistics>
<errors>
</errors>
</robot>
