<?xml version="1.0" encoding="UTF-8"?>
<robot generator="Robot 7.1.1 (Python 3.11.4 on darwin)" generated="2025-02-13T01:08:25.078743" rpa="false" schemaversion="5">
<suite id="s1" name="Case2" source="/Users/tanakrit/Documents/GitHub/RobotFramewokForIDE/NewFormatOfRobot/Case2.robot">
<test id="s1-t1" name="Compare Student Code With Test Cases" line="365">
<kw name="Setup Test Environment" type="SETUP">
<kw name="Create Directory" owner="OperatingSystem">
<msg time="2025-02-13T01:08:25.137560" level="INFO" html="true">Created directory '&lt;a href="file:///Users/tanakrit/Documents/GitHub/RobotFramewokForIDE/NewFormatOfRobot/temp"&gt;/Users/tanakrit/Documents/GitHub/RobotFramewokForIDE/NewFormatOfRobot/temp&lt;/a&gt;'.</msg>
<arg>${TEMP_DIR}</arg>
<doc>Creates the specified directory.</doc>
<status status="PASS" start="2025-02-13T01:08:25.137351" elapsed="0.000240"/>
</kw>
<kw name="Load Json From File" owner="JSONLibrary">
<msg time="2025-02-13T01:08:25.137766" level="INFO">${student} = {'id': 4, 'student': 9, 'question': 2, 'labtest': 1, 'homework': None, 'version': 1, 'answerTo': 'labtest', 'marking': 5, 'content': 'def factorial(n):\r\n    if n == 0 or n == 1:\r\n        return 1\...</msg>
<var>${student}</var>
<arg>${STUDENT_FILE}</arg>
<doc>Load JSON from file.</doc>
<status status="PASS" start="2025-02-13T01:08:25.137647" elapsed="0.000130"/>
</kw>
<kw name="Load Json From File" owner="JSONLibrary">
<msg time="2025-02-13T01:08:25.137932" level="INFO">${teacher} = {'id': 4, 'title': 'L2Q2 Unicode', 'language': 'javascript', 'tag_list': ['other'], 'description': 'Write a program to read one character from keyboard and the program then prints out its Unicode in h...</msg>
<var>${teacher}</var>
<arg>${TEACHER_FILE}</arg>
<doc>Load JSON from file.</doc>
<status status="PASS" start="2025-02-13T01:08:25.137823" elapsed="0.000120"/>
</kw>
<kw name="Create Dictionary" owner="BuiltIn">
<msg time="2025-02-13T01:08:25.138066" level="INFO">${results} = {}</msg>
<var>${results}</var>
<doc>Creates and returns a dictionary based on the given ``items``.</doc>
<status status="PASS" start="2025-02-13T01:08:25.137994" elapsed="0.000080"/>
</kw>
<kw name="Get Current Date" owner="DateTime">
<msg time="2025-02-13T01:08:25.138197" level="INFO">${current_time} = 2025-02-13 01:08:25</msg>
<var>${current_time}</var>
<arg>result_format=%Y-%m-%d %H:%M:%S</arg>
<doc>Returns current local or UTC time with an optional increment.</doc>
<status status="PASS" start="2025-02-13T01:08:25.138115" elapsed="0.000090"/>
</kw>
<return>
<value>${student}</value>
<value>${teacher}</value>
<value>${results}</value>
<status status="PASS" start="2025-02-13T01:08:25.138225" elapsed="0.000019"/>
</return>
<status status="PASS" start="2025-02-13T01:08:25.137042" elapsed="0.001259"/>
</kw>
<kw name="Setup Test Environment">
<kw name="Create Directory" owner="OperatingSystem">
<msg time="2025-02-13T01:08:25.138564" level="INFO" html="true">Directory '&lt;a href="file:///Users/tanakrit/Documents/GitHub/RobotFramewokForIDE/NewFormatOfRobot/temp"&gt;/Users/tanakrit/Documents/GitHub/RobotFramewokForIDE/NewFormatOfRobot/temp&lt;/a&gt;' already exists.</msg>
<arg>${TEMP_DIR}</arg>
<doc>Creates the specified directory.</doc>
<status status="PASS" start="2025-02-13T01:08:25.138498" elapsed="0.000087"/>
</kw>
<kw name="Load Json From File" owner="JSONLibrary">
<msg time="2025-02-13T01:08:25.138734" level="INFO">${student} = {'id': 4, 'student': 9, 'question': 2, 'labtest': 1, 'homework': None, 'version': 1, 'answerTo': 'labtest', 'marking': 5, 'content': 'def factorial(n):\r\n    if n == 0 or n == 1:\r\n        return 1\...</msg>
<var>${student}</var>
<arg>${STUDENT_FILE}</arg>
<doc>Load JSON from file.</doc>
<status status="PASS" start="2025-02-13T01:08:25.138630" elapsed="0.000113"/>
</kw>
<kw name="Load Json From File" owner="JSONLibrary">
<msg time="2025-02-13T01:08:25.138884" level="INFO">${teacher} = {'id': 4, 'title': 'L2Q2 Unicode', 'language': 'javascript', 'tag_list': ['other'], 'description': 'Write a program to read one character from keyboard and the program then prints out its Unicode in h...</msg>
<var>${teacher}</var>
<arg>${TEACHER_FILE}</arg>
<doc>Load JSON from file.</doc>
<status status="PASS" start="2025-02-13T01:08:25.138785" elapsed="0.000108"/>
</kw>
<kw name="Create Dictionary" owner="BuiltIn">
<msg time="2025-02-13T01:08:25.139035" level="INFO">${results} = {}</msg>
<var>${results}</var>
<doc>Creates and returns a dictionary based on the given ``items``.</doc>
<status status="PASS" start="2025-02-13T01:08:25.138932" elapsed="0.000111"/>
</kw>
<kw name="Get Current Date" owner="DateTime">
<msg time="2025-02-13T01:08:25.139149" level="INFO">${current_time} = 2025-02-13 01:08:25</msg>
<var>${current_time}</var>
<arg>result_format=%Y-%m-%d %H:%M:%S</arg>
<doc>Returns current local or UTC time with an optional increment.</doc>
<status status="PASS" start="2025-02-13T01:08:25.139080" elapsed="0.000077"/>
</kw>
<return>
<value>${student}</value>
<value>${teacher}</value>
<value>${results}</value>
<status status="PASS" start="2025-02-13T01:08:25.139173" elapsed="0.000012"/>
</return>
<msg time="2025-02-13T01:08:25.139253" level="INFO">${student} = {'id': 4, 'student': 9, 'question': 2, 'labtest': 1, 'homework': None, 'version': 1, 'answerTo': 'labtest', 'marking': 5, 'content': 'def factorial(n):\r\n    if n == 0 or n == 1:\r\n        return 1\...</msg>
<msg time="2025-02-13T01:08:25.139275" level="INFO">${teacher} = {'id': 4, 'title': 'L2Q2 Unicode', 'language': 'javascript', 'tag_list': ['other'], 'description': 'Write a program to read one character from keyboard and the program then prints out its Unicode in h...</msg>
<msg time="2025-02-13T01:08:25.139287" level="INFO">${results} = {}</msg>
<var>${student}</var>
<var>${teacher}</var>
<var>${results}</var>
<status status="PASS" start="2025-02-13T01:08:25.138404" elapsed="0.000889"/>
</kw>
<kw name="Log Debug Info">
<kw name="Get Current Date" owner="DateTime">
<msg time="2025-02-13T01:08:25.139525" level="INFO">${timestamp} = 2025-02-13 01:08:25.139500</msg>
<var>${timestamp}</var>
<arg>result_format=%Y-%m-%d %H:%M:%S.%f</arg>
<doc>Returns current local or UTC time with an optional increment.</doc>
<status status="PASS" start="2025-02-13T01:08:25.139459" elapsed="0.000074"/>
</kw>
<kw name="Append To File" owner="OperatingSystem">
<msg time="2025-02-13T01:08:25.139748" level="INFO" html="true">Appended to file '&lt;a href="file:///Users/tanakrit/Documents/GitHub/RobotFramewokForIDE/NewFormatOfRobot/execution.log"&gt;/Users/tanakrit/Documents/GitHub/RobotFramewokForIDE/NewFormatOfRobot/execution.log&lt;/a&gt;'.</msg>
<arg>${LOG_FILE}</arg>
<arg>${timestamp}: ${message}\n</arg>
<doc>Appends the given content to the specified file.</doc>
<status status="PASS" start="2025-02-13T01:08:25.139571" elapsed="0.000199"/>
</kw>
<arg>Starting test execution</arg>
<status status="PASS" start="2025-02-13T01:08:25.139367" elapsed="0.000424"/>
</kw>
<kw name="Set Variable" owner="BuiltIn">
<msg time="2025-02-13T01:08:25.139917" level="INFO">@{test_cases} = [ {'input': '0', 'expected': '1'} | {'input': '1', 'expected': '2'} | {'input': '2', 'expected': '4'} | {'input': '3', 'expected': '8'} | {'input': '4', 'expected': '16'} | {'input': '5', 'expected': ...</msg>
<var>@{test_cases}</var>
<arg>${teacher}[testcase]</arg>
<doc>Returns the given values which can then be assigned to a variables.</doc>
<status status="PASS" start="2025-02-13T01:08:25.139848" elapsed="0.000078"/>
</kw>
<kw name="Set Variable" owner="BuiltIn">
<msg time="2025-02-13T01:08:25.140030" level="INFO">${code} = use std::io;

fn main() {
    println!("Enter a value for x:");
    let mut input = String::new();
    io::stdin().read_line(&amp;mut input).expect("Failed to read line");
    
    let x: u32 = input.trim...</msg>
<var>${code}</var>
<arg>${student}[defaultCode]</arg>
<doc>Returns the given values which can then be assigned to a variables.</doc>
<status status="PASS" start="2025-02-13T01:08:25.139979" elapsed="0.000059"/>
</kw>
<kw name="Set Variable" owner="BuiltIn">
<msg time="2025-02-13T01:08:25.140139" level="INFO">${language} = rust</msg>
<var>${language}</var>
<arg>${student}[language]</arg>
<doc>Returns the given values which can then be assigned to a variables.</doc>
<status status="PASS" start="2025-02-13T01:08:25.140086" elapsed="0.000060"/>
</kw>
<for flavor="IN ENUMERATE">
<iter>
<kw name="Evaluate" owner="BuiltIn">
<msg time="2025-02-13T01:08:25.140434" level="INFO">${case_number} = 1</msg>
<var>${case_number}</var>
<arg>${index} + 1</arg>
<doc>Evaluates the given expression in Python and returns the result.</doc>
<status status="PASS" start="2025-02-13T01:08:25.140363" elapsed="0.000080"/>
</kw>
<kw name="Log Debug Info">
<kw name="Get Current Date" owner="DateTime">
<msg time="2025-02-13T01:08:25.140646" level="INFO">${timestamp} = 2025-02-13 01:08:25.140622</msg>
<var>${timestamp}</var>
<arg>result_format=%Y-%m-%d %H:%M:%S.%f</arg>
<doc>Returns current local or UTC time with an optional increment.</doc>
<status status="PASS" start="2025-02-13T01:08:25.140586" elapsed="0.000067"/>
</kw>
<kw name="Append To File" owner="OperatingSystem">
<msg time="2025-02-13T01:08:25.140822" level="INFO" html="true">Appended to file '&lt;a href="file:///Users/tanakrit/Documents/GitHub/RobotFramewokForIDE/NewFormatOfRobot/execution.log"&gt;/Users/tanakrit/Documents/GitHub/RobotFramewokForIDE/NewFormatOfRobot/execution.log&lt;/a&gt;'.</msg>
<arg>${LOG_FILE}</arg>
<arg>${timestamp}: ${message}\n</arg>
<doc>Appends the given content to the specified file.</doc>
<status status="PASS" start="2025-02-13T01:08:25.140691" elapsed="0.000150"/>
</kw>
<arg>Processing test case ${case_number}</arg>
<status status="PASS" start="2025-02-13T01:08:25.140488" elapsed="0.000376"/>
</kw>
<kw name="Run Keyword And Return Status" owner="BuiltIn">
<kw name="Should Not Be Empty" owner="BuiltIn">
<msg time="2025-02-13T01:08:25.141004" level="INFO">Length is 314.</msg>
<arg>${code}</arg>
<doc>Verifies that the given item is not empty.</doc>
<status status="PASS" start="2025-02-13T01:08:25.140961" elapsed="0.000058"/>
</kw>
<msg time="2025-02-13T01:08:25.141045" level="INFO">${code_exists} = True</msg>
<var>${code_exists}</var>
<arg>Should Not Be Empty</arg>
<arg>${code}</arg>
<doc>Runs the given keyword with given arguments and returns the status as a Boolean value.</doc>
<status status="PASS" start="2025-02-13T01:08:25.140904" elapsed="0.000148"/>
</kw>
<if>
<branch type="IF" condition="not ${code_exists}">
<kw name="Handle Invalid Code">
<arg>${results}</arg>
<arg>${case_number}</arg>
<arg>${test_case}[expected]</arg>
<arg>${test_case}[input]</arg>
<arg>${language}</arg>
<status status="NOT RUN" start="2025-02-13T01:08:25.141153" elapsed="0.000007"/>
</kw>
<kw name="Continue For Loop" owner="BuiltIn">
<doc>Skips the current FOR loop iteration and continues from the next.</doc>
<status status="NOT RUN" start="2025-02-13T01:08:25.141197" elapsed="0.000006"/>
</kw>
<status status="NOT RUN" start="2025-02-13T01:08:25.141084" elapsed="0.000127"/>
</branch>
<status status="PASS" start="2025-02-13T01:08:25.141075" elapsed="0.000146"/>
</if>
<kw name="Execute Code With Input">
<kw name="Set Variable" owner="BuiltIn">
<msg time="2025-02-13T01:08:25.141635" level="INFO">${filename} = test</msg>
<var>${filename}</var>
<arg>test</arg>
<doc>Returns the given values which can then be assigned to a variables.</doc>
<status status="PASS" start="2025-02-13T01:08:25.141547" elapsed="0.000099"/>
</kw>
<kw name="Set Variable If" owner="BuiltIn">
<msg time="2025-02-13T01:08:25.141823" level="INFO">${ext} = .rs</msg>
<var>${ext}</var>
<arg>'${language}' == 'python'</arg>
<arg>.py</arg>
<arg>'${language}' == 'cpp'</arg>
<arg>.cpp</arg>
<arg>'${language}' == 'rust'</arg>
<arg>.rs</arg>
<arg>'${language}' == 'javascript'</arg>
<arg>.js</arg>
<doc>Sets variable based on the given condition.</doc>
<status status="PASS" start="2025-02-13T01:08:25.141702" elapsed="0.000130"/>
</kw>
<kw name="Log Debug Info">
<kw name="Get Current Date" owner="DateTime">
<msg time="2025-02-13T01:08:25.142090" level="INFO">${timestamp} = 2025-02-13 01:08:25.142058</msg>
<var>${timestamp}</var>
<arg>result_format=%Y-%m-%d %H:%M:%S.%f</arg>
<doc>Returns current local or UTC time with an optional increment.</doc>
<status status="PASS" start="2025-02-13T01:08:25.142012" elapsed="0.000087"/>
</kw>
<kw name="Append To File" owner="OperatingSystem">
<msg time="2025-02-13T01:08:25.142878" level="INFO" html="true">Appended to file '&lt;a href="file:///Users/tanakrit/Documents/GitHub/RobotFramewokForIDE/NewFormatOfRobot/execution.log"&gt;/Users/tanakrit/Documents/GitHub/RobotFramewokForIDE/NewFormatOfRobot/execution.log&lt;/a&gt;'.</msg>
<arg>${LOG_FILE}</arg>
<arg>${timestamp}: ${message}\n</arg>
<doc>Appends the given content to the specified file.</doc>
<status status="PASS" start="2025-02-13T01:08:25.142140" elapsed="0.000778"/>
</kw>
<arg>Executing code in ${language}:\n${code}</arg>
<status status="PASS" start="2025-02-13T01:08:25.141891" elapsed="0.001054"/>
</kw>
<kw name="Log Debug Info">
<kw name="Get Current Date" owner="DateTime">
<msg time="2025-02-13T01:08:25.143187" level="INFO">${timestamp} = 2025-02-13 01:08:25.143159</msg>
<var>${timestamp}</var>
<arg>result_format=%Y-%m-%d %H:%M:%S.%f</arg>
<doc>Returns current local or UTC time with an optional increment.</doc>
<status status="PASS" start="2025-02-13T01:08:25.143114" elapsed="0.000082"/>
</kw>
<kw name="Append To File" owner="OperatingSystem">
<msg time="2025-02-13T01:08:25.143364" level="INFO" html="true">Appended to file '&lt;a href="file:///Users/tanakrit/Documents/GitHub/RobotFramewokForIDE/NewFormatOfRobot/execution.log"&gt;/Users/tanakrit/Documents/GitHub/RobotFramewokForIDE/NewFormatOfRobot/execution.log&lt;/a&gt;'.</msg>
<arg>${LOG_FILE}</arg>
<arg>${timestamp}: ${message}\n</arg>
<doc>Appends the given content to the specified file.</doc>
<status status="PASS" start="2025-02-13T01:08:25.143234" elapsed="0.000161"/>
</kw>
<arg>Input values: ${input}</arg>
<status status="PASS" start="2025-02-13T01:08:25.143001" elapsed="0.000418"/>
</kw>
<kw name="Create File" owner="OperatingSystem">
<msg time="2025-02-13T01:08:25.143672" level="INFO" html="true">Created file '&lt;a href="file:///Users/tanakrit/Documents/GitHub/RobotFramewokForIDE/NewFormatOfRobot/temp/test.rs"&gt;/Users/tanakrit/Documents/GitHub/RobotFramewokForIDE/NewFormatOfRobot/temp/test.rs&lt;/a&gt;'.</msg>
<arg>${TEMP_DIR}/${filename}${ext}</arg>
<arg>${code}</arg>
<doc>Creates a file with the given content and encoding.</doc>
<status status="PASS" start="2025-02-13T01:08:25.143458" elapsed="0.000233"/>
</kw>
<kw name="Prepare Input File">
<kw name="Run Keyword And Return Status" owner="BuiltIn">
<kw name="Variable Should Exist" owner="BuiltIn">
<arg>${input}</arg>
<doc>Fails unless the given variable exists within the current scope.</doc>
<status status="PASS" start="2025-02-13T01:08:25.143959" elapsed="0.000058"/>
</kw>
<msg time="2025-02-13T01:08:25.144044" level="INFO">${input_exists} = True</msg>
<var>${input_exists}</var>
<arg>Variable Should Exist</arg>
<arg>${input}</arg>
<doc>Runs the given keyword with given arguments and returns the status as a Boolean value.</doc>
<status status="PASS" start="2025-02-13T01:08:25.143900" elapsed="0.000151"/>
</kw>
<kw name="Run Keyword And Return Status" owner="BuiltIn">
<kw name="Should Not Be Equal" owner="BuiltIn">
<arg>${input}</arg>
<arg>None</arg>
<doc>Fails if the given objects are equal.</doc>
<status status="PASS" start="2025-02-13T01:08:25.144141" elapsed="0.000059"/>
</kw>
<msg time="2025-02-13T01:08:25.144227" level="INFO">${input_not_none} = True</msg>
<var>${input_not_none}</var>
<arg>Should Not Be Equal</arg>
<arg>${input}</arg>
<arg>None</arg>
<doc>Runs the given keyword with given arguments and returns the status as a Boolean value.</doc>
<status status="PASS" start="2025-02-13T01:08:25.144091" elapsed="0.000143"/>
</kw>
<kw name="Evaluate" owner="BuiltIn">
<msg time="2025-02-13T01:08:25.144348" level="INFO">${should_create_input} = True</msg>
<var>${should_create_input}</var>
<arg>${input_exists} and ${input_not_none}</arg>
<doc>Evaluates the given expression in Python and returns the result.</doc>
<status status="PASS" start="2025-02-13T01:08:25.144273" elapsed="0.000082"/>
</kw>
<if>
<branch type="IF" condition="${should_create_input}">
<kw name="Replace String" owner="String">
<msg time="2025-02-13T01:08:25.144512" level="INFO">${normalized_input} = 0</msg>
<var>${normalized_input}</var>
<arg>${input}</arg>
<arg>\r\n</arg>
<arg>\n</arg>
<doc>Replaces ``search_for`` in the given ``string`` with ``replace_with``.</doc>
<status status="PASS" start="2025-02-13T01:08:25.144453" elapsed="0.000067"/>
</kw>
<kw name="Run Keyword And Return Status" owner="BuiltIn">
<kw name="Should End With" owner="BuiltIn">
<msg time="2025-02-13T01:08:25.144686" level="FAIL">'0' does not end with '
'</msg>
<arg>${normalized_input}</arg>
<arg>\n</arg>
<doc>Fails if the string ``str1`` does not end with the string ``str2``.</doc>
<status status="FAIL" start="2025-02-13T01:08:25.144609" elapsed="0.000135">'0' does not end with '
'</status>
</kw>
<msg time="2025-02-13T01:08:25.144780" level="INFO">${has_newline} = False</msg>
<var>${has_newline}</var>
<arg>Should End With</arg>
<arg>${normalized_input}</arg>
<arg>\n</arg>
<doc>Runs the given keyword with given arguments and returns the status as a Boolean value.</doc>
<status status="PASS" start="2025-02-13T01:08:25.144562" elapsed="0.000225"/>
</kw>
<if>
<branch type="IF" condition="not ${has_newline}">
<kw name="Set Variable" owner="BuiltIn">
<msg time="2025-02-13T01:08:25.144957" level="INFO">${normalized_input} = 0
</msg>
<var>${normalized_input}</var>
<arg>${normalized_input}\n</arg>
<doc>Returns the given values which can then be assigned to a variables.</doc>
<status status="PASS" start="2025-02-13T01:08:25.144878" elapsed="0.000087"/>
</kw>
<status status="PASS" start="2025-02-13T01:08:25.144814" elapsed="0.000164"/>
</branch>
<status status="PASS" start="2025-02-13T01:08:25.144807" elapsed="0.000181"/>
</if>
<kw name="Create File" owner="OperatingSystem">
<msg time="2025-02-13T01:08:25.145224" level="INFO" html="true">Created file '&lt;a href="file:///Users/tanakrit/Documents/GitHub/RobotFramewokForIDE/NewFormatOfRobot/temp/input.txt"&gt;/Users/tanakrit/Documents/GitHub/RobotFramewokForIDE/NewFormatOfRobot/temp/input.txt&lt;/a&gt;'.</msg>
<arg>${TEMP_DIR}/input.txt</arg>
<arg>${normalized_input}</arg>
<arg>encoding=UTF-8</arg>
<doc>Creates a file with the given content and encoding.</doc>
<status status="PASS" start="2025-02-13T01:08:25.145022" elapsed="0.000222"/>
</kw>
<kw name="Log Debug Info">
<kw name="Get Current Date" owner="DateTime">
<msg time="2025-02-13T01:08:25.145457" level="INFO">${timestamp} = 2025-02-13 01:08:25.145431</msg>
<var>${timestamp}</var>
<arg>result_format=%Y-%m-%d %H:%M:%S.%f</arg>
<doc>Returns current local or UTC time with an optional increment.</doc>
<status status="PASS" start="2025-02-13T01:08:25.145386" elapsed="0.000079"/>
</kw>
<kw name="Append To File" owner="OperatingSystem">
<msg time="2025-02-13T01:08:25.145622" level="INFO" html="true">Appended to file '&lt;a href="file:///Users/tanakrit/Documents/GitHub/RobotFramewokForIDE/NewFormatOfRobot/execution.log"&gt;/Users/tanakrit/Documents/GitHub/RobotFramewokForIDE/NewFormatOfRobot/execution.log&lt;/a&gt;'.</msg>
<arg>${LOG_FILE}</arg>
<arg>${timestamp}: ${message}\n</arg>
<doc>Appends the given content to the specified file.</doc>
<status status="PASS" start="2025-02-13T01:08:25.145504" elapsed="0.000151"/>
</kw>
<arg>Created input file with content: ${normalized_input}</arg>
<status status="PASS" start="2025-02-13T01:08:25.145291" elapsed="0.000387"/>
</kw>
<return>
<value>${True}</value>
<value>${TEMP_DIR}/input.txt</value>
<status status="PASS" start="2025-02-13T01:08:25.145695" elapsed="0.000014"/>
</return>
<status status="PASS" start="2025-02-13T01:08:25.144404" elapsed="0.001320"/>
</branch>
<status status="PASS" start="2025-02-13T01:08:25.144395" elapsed="0.001339"/>
</if>
<return>
<value>${False}</value>
<value>${EMPTY}</value>
<status status="NOT RUN" start="2025-02-13T01:08:25.145749" elapsed="0.000004"/>
</return>
<msg time="2025-02-13T01:08:25.145815" level="INFO">${has_input} = True</msg>
<msg time="2025-02-13T01:08:25.145828" level="INFO">${input_file} = ./temp/input.txt</msg>
<var>${has_input}</var>
<var>${input_file}</var>
<arg>${input}</arg>
<status status="PASS" start="2025-02-13T01:08:25.143791" elapsed="0.002044"/>
</kw>
<kw name="Set Variable" owner="BuiltIn">
<msg time="2025-02-13T01:08:25.145915" level="INFO">${status} = success</msg>
<var>${status}</var>
<arg>success</arg>
<doc>Returns the given values which can then be assigned to a variables.</doc>
<status status="PASS" start="2025-02-13T01:08:25.145876" elapsed="0.000046"/>
</kw>
<kw name="Set Variable" owner="BuiltIn">
<msg time="2025-02-13T01:08:25.146260" level="INFO">${output} = </msg>
<var>${output}</var>
<arg>${EMPTY}</arg>
<doc>Returns the given values which can then be assigned to a variables.</doc>
<status status="PASS" start="2025-02-13T01:08:25.145960" elapsed="0.000313"/>
</kw>
<try>
<branch type="TRY">
<if>
<branch type="IF" condition="'${language}' == 'python'">
<kw name="Execute Python Code">
<var>${result}</var>
<arg>${TEMP_DIR}/${filename}${ext}</arg>
<arg>${has_input}</arg>
<arg>${input_file}</arg>
<status status="NOT RUN" start="2025-02-13T01:08:25.146648" elapsed="0.000008"/>
</kw>
<if>
<branch type="IF" condition="${result.rc} != 0">
<kw name="Set Variable" owner="BuiltIn">
<var>${status}</var>
<arg>runtime_error</arg>
<doc>Returns the given values which can then be assigned to a variables.</doc>
<status status="NOT RUN" start="2025-02-13T01:08:25.146781" elapsed="0.000010"/>
</kw>
<kw name="Set Variable" owner="BuiltIn">
<var>${output}</var>
<arg>${result.stdout}</arg>
<doc>Returns the given values which can then be assigned to a variables.</doc>
<status status="NOT RUN" start="2025-02-13T01:08:25.146840" elapsed="0.000006"/>
</kw>
<kw name="Log Debug Info">
<arg>Python runtime error: ${result.stdout}</arg>
<status status="NOT RUN" start="2025-02-13T01:08:25.146890" elapsed="0.000008"/>
</kw>
<status status="NOT RUN" start="2025-02-13T01:08:25.146684" elapsed="0.000225"/>
</branch>
<branch type="ELSE">
<kw name="Get Final Output">
<var>${raw_output}</var>
<arg>${result.stdout}</arg>
<status status="NOT RUN" start="2025-02-13T01:08:25.147013" elapsed="0.000006"/>
</kw>
<kw name="Normalize Output">
<var>${output}</var>
<arg>${raw_output}</arg>
<status status="NOT RUN" start="2025-02-13T01:08:25.147231" elapsed="0.000008"/>
</kw>
<kw name="Log Debug Info">
<arg>Python final output: ${output}</arg>
<status status="NOT RUN" start="2025-02-13T01:08:25.147278" elapsed="0.000007"/>
</kw>
<status status="NOT RUN" start="2025-02-13T01:08:25.146920" elapsed="0.000375"/>
</branch>
<status status="NOT RUN" start="2025-02-13T01:08:25.146679" elapsed="0.000625"/>
</if>
<status status="NOT RUN" start="2025-02-13T01:08:25.146425" elapsed="0.000890"/>
</branch>
<branch type="ELSE IF" condition="'${language}' == 'cpp'">
<kw name="Execute CPP Code">
<var>${exec_status}</var>
<var>${result}</var>
<arg>${TEMP_DIR}/${filename}${ext}</arg>
<arg>${has_input}</arg>
<arg>${input_file}</arg>
<status status="NOT RUN" start="2025-02-13T01:08:25.147434" elapsed="0.000007"/>
</kw>
<if>
<branch type="IF" condition="'${exec_status}' == 'success'">
<kw name="Get Final Output">
<var>${raw_output}</var>
<arg>${result.stdout}</arg>
<status status="NOT RUN" start="2025-02-13T01:08:25.147542" elapsed="0.000007"/>
</kw>
<kw name="Normalize Output">
<var>${output}</var>
<arg>${raw_output}</arg>
<status status="NOT RUN" start="2025-02-13T01:08:25.147640" elapsed="0.000006"/>
</kw>
<kw name="Log Debug Info">
<arg>C++ final output: ${output}</arg>
<status status="NOT RUN" start="2025-02-13T01:08:25.147681" elapsed="0.000006"/>
</kw>
<status status="NOT RUN" start="2025-02-13T01:08:25.147470" elapsed="0.000226"/>
</branch>
<branch type="ELSE">
<kw name="Set Variable" owner="BuiltIn">
<var>${status}</var>
<arg>${exec_status}</arg>
<doc>Returns the given values which can then be assigned to a variables.</doc>
<status status="NOT RUN" start="2025-02-13T01:08:25.147741" elapsed="0.000006"/>
</kw>
<kw name="Set Variable" owner="BuiltIn">
<var>${output}</var>
<arg>${result.stdout}</arg>
<doc>Returns the given values which can then be assigned to a variables.</doc>
<status status="NOT RUN" start="2025-02-13T01:08:25.147783" elapsed="0.000005"/>
</kw>
<status status="NOT RUN" start="2025-02-13T01:08:25.147705" elapsed="0.000122"/>
</branch>
<status status="NOT RUN" start="2025-02-13T01:08:25.147462" elapsed="0.000375"/>
</if>
<status status="NOT RUN" start="2025-02-13T01:08:25.147323" elapsed="0.000523"/>
</branch>
<branch type="ELSE IF" condition="'${language}' == 'rust'">
<kw name="Execute Rust Code">
<kw name="Run Process" owner="Process">
<msg time="2025-02-13T01:08:25.148237" level="INFO">Starting process:
rustc ./temp/test.rs -o ./temp/program</msg>
<msg time="2025-02-13T01:08:25.150427" level="INFO">Waiting for process to complete.</msg>
<msg time="2025-02-13T01:08:25.692711" level="INFO">Process completed.</msg>
<msg time="2025-02-13T01:08:25.693193" level="INFO">${compile_result} = &lt;result object with rc 0&gt;</msg>
<var>${compile_result}</var>
<arg>${RUST_COMPILER}</arg>
<arg>${filename}</arg>
<arg>-o</arg>
<arg>${TEMP_DIR}/program</arg>
<arg>shell=True</arg>
<arg>stderr=STDOUT</arg>
<doc>Runs a process and waits for it to complete.</doc>
<status status="PASS" start="2025-02-13T01:08:25.148112" elapsed="0.545127"/>
</kw>
<kw name="Log Debug Info">
<kw name="Get Current Date" owner="DateTime">
<msg time="2025-02-13T01:08:25.694544" level="INFO">${timestamp} = 2025-02-13 01:08:25.694482</msg>
<var>${timestamp}</var>
<arg>result_format=%Y-%m-%d %H:%M:%S.%f</arg>
<doc>Returns current local or UTC time with an optional increment.</doc>
<status status="PASS" start="2025-02-13T01:08:25.694385" elapsed="0.000172"/>
</kw>
<kw name="Append To File" owner="OperatingSystem">
<msg time="2025-02-13T01:08:25.694946" level="INFO" html="true">Appended to file '&lt;a href="file:///Users/tanakrit/Documents/GitHub/RobotFramewokForIDE/NewFormatOfRobot/execution.log"&gt;/Users/tanakrit/Documents/GitHub/RobotFramewokForIDE/NewFormatOfRobot/execution.log&lt;/a&gt;'.</msg>
<arg>${LOG_FILE}</arg>
<arg>${timestamp}: ${message}\n</arg>
<doc>Appends the given content to the specified file.</doc>
<status status="PASS" start="2025-02-13T01:08:25.694618" elapsed="0.000353"/>
</kw>
<arg>Rust compilation result: ${compile_result.stdout}</arg>
<status status="PASS" start="2025-02-13T01:08:25.693764" elapsed="0.001238"/>
</kw>
<if>
<branch type="IF" condition="${compile_result.rc} == 0">
<if>
<branch type="IF" condition="${has_input}">
<kw name="Run Process" owner="Process">
<msg time="2025-02-13T01:08:25.695868" level="INFO">Starting process:
./temp/program</msg>
<msg time="2025-02-13T01:08:25.698523" level="INFO">Waiting for process to complete.</msg>
<msg time="2025-02-13T01:08:25.861426" level="INFO">Process completed.</msg>
<msg time="2025-02-13T01:08:25.861793" level="INFO">${result} = &lt;result object with rc 0&gt;</msg>
<var>${result}</var>
<arg>${TEMP_DIR}/program</arg>
<arg>stdin=${input_file}</arg>
<arg>shell=True</arg>
<arg>stderr=STDOUT</arg>
<arg>stdout=STDOUT</arg>
<doc>Runs a process and waits for it to complete.</doc>
<status status="PASS" start="2025-02-13T01:08:25.695433" elapsed="0.166382"/>
</kw>
<status status="PASS" start="2025-02-13T01:08:25.695368" elapsed="0.166521"/>
</branch>
<branch type="ELSE">
<kw name="Run Process" owner="Process">
<var>${result}</var>
<arg>${TEMP_DIR}/program</arg>
<arg>shell=True</arg>
<arg>stderr=STDOUT</arg>
<arg>stdout=STDOUT</arg>
<doc>Runs a process and waits for it to complete.</doc>
<status status="NOT RUN" start="2025-02-13T01:08:25.862088" elapsed="0.000012"/>
</kw>
<status status="NOT RUN" start="2025-02-13T01:08:25.861914" elapsed="0.000203"/>
</branch>
<status status="PASS" start="2025-02-13T01:08:25.695361" elapsed="0.166764"/>
</if>
<kw name="Log Debug Info">
<kw name="Get Current Date" owner="DateTime">
<msg time="2025-02-13T01:08:25.862981" level="INFO">${timestamp} = 2025-02-13 01:08:25.862933</msg>
<var>${timestamp}</var>
<arg>result_format=%Y-%m-%d %H:%M:%S.%f</arg>
<doc>Returns current local or UTC time with an optional increment.</doc>
<status status="PASS" start="2025-02-13T01:08:25.862851" elapsed="0.000145"/>
</kw>
<kw name="Append To File" owner="OperatingSystem">
<msg time="2025-02-13T01:08:25.863274" level="INFO" html="true">Appended to file '&lt;a href="file:///Users/tanakrit/Documents/GitHub/RobotFramewokForIDE/NewFormatOfRobot/execution.log"&gt;/Users/tanakrit/Documents/GitHub/RobotFramewokForIDE/NewFormatOfRobot/execution.log&lt;/a&gt;'.</msg>
<arg>${LOG_FILE}</arg>
<arg>${timestamp}: ${message}\n</arg>
<doc>Appends the given content to the specified file.</doc>
<status status="PASS" start="2025-02-13T01:08:25.863046" elapsed="0.000250"/>
</kw>
<arg>Rust execution output:\n${result.stdout}</arg>
<status status="PASS" start="2025-02-13T01:08:25.862255" elapsed="0.001067"/>
</kw>
<return>
<value>success</value>
<value>${result}</value>
<status status="PASS" start="2025-02-13T01:08:25.863343" elapsed="0.000031"/>
</return>
<status status="PASS" start="2025-02-13T01:08:25.695064" elapsed="0.168327"/>
</branch>
<branch type="ELSE">
<return>
<value>compilation_error</value>
<value>${compile_result}</value>
<status status="NOT RUN" start="2025-02-13T01:08:25.863419" elapsed="0.000005"/>
</return>
<status status="NOT RUN" start="2025-02-13T01:08:25.863404" elapsed="0.000030"/>
</branch>
<status status="PASS" start="2025-02-13T01:08:25.695047" elapsed="0.168395"/>
</if>
<msg time="2025-02-13T01:08:25.863501" level="INFO">${exec_status} = success</msg>
<msg time="2025-02-13T01:08:25.863518" level="INFO">${result} = &lt;result object with rc 0&gt;</msg>
<var>${exec_status}</var>
<var>${result}</var>
<arg>${TEMP_DIR}/${filename}${ext}</arg>
<arg>${has_input}</arg>
<arg>${input_file}</arg>
<status status="PASS" start="2025-02-13T01:08:25.147965" elapsed="0.715561"/>
</kw>
<if>
<branch type="IF" condition="'${exec_status}' == 'success'">
<kw name="Get Final Output">
<kw name="Log Debug Info">
<kw name="Get Current Date" owner="DateTime">
<msg time="2025-02-13T01:08:25.864135" level="INFO">${timestamp} = 2025-02-13 01:08:25.864107</msg>
<var>${timestamp}</var>
<arg>result_format=%Y-%m-%d %H:%M:%S.%f</arg>
<doc>Returns current local or UTC time with an optional increment.</doc>
<status status="PASS" start="2025-02-13T01:08:25.864066" elapsed="0.000078"/>
</kw>
<kw name="Append To File" owner="OperatingSystem">
<msg time="2025-02-13T01:08:25.864316" level="INFO" html="true">Appended to file '&lt;a href="file:///Users/tanakrit/Documents/GitHub/RobotFramewokForIDE/NewFormatOfRobot/execution.log"&gt;/Users/tanakrit/Documents/GitHub/RobotFramewokForIDE/NewFormatOfRobot/execution.log&lt;/a&gt;'.</msg>
<arg>${LOG_FILE}</arg>
<arg>${timestamp}: ${message}\n</arg>
<doc>Appends the given content to the specified file.</doc>
<status status="PASS" start="2025-02-13T01:08:25.864182" elapsed="0.000157"/>
</kw>
<arg>Processing raw output: ${output}</arg>
<status status="PASS" start="2025-02-13T01:08:25.863977" elapsed="0.000385"/>
</kw>
<kw name="Split To Lines" owner="String">
<msg time="2025-02-13T01:08:25.864444" level="INFO">2 lines returned</msg>
<msg time="2025-02-13T01:08:25.864470" level="INFO">${lines} = ['Enter a value for x:', '1']</msg>
<var>${lines}</var>
<arg>${output}</arg>
<doc>Splits the given string to lines.</doc>
<status status="PASS" start="2025-02-13T01:08:25.864399" elapsed="0.000078"/>
</kw>
<kw name="Create List" owner="BuiltIn">
<msg time="2025-02-13T01:08:25.864569" level="INFO">${final_lines} = []</msg>
<var>${final_lines}</var>
<doc>Returns a list containing given items.</doc>
<status status="PASS" start="2025-02-13T01:08:25.864520" elapsed="0.000056"/>
</kw>
<kw name="Create List" owner="BuiltIn">
<msg time="2025-02-13T01:08:25.864824" level="INFO">@{patterns_to_remove} = [ (?i)Enter [A-Za-z\s]+: | (?i)Input [A-Za-z\s]+: | (?i)Please enter [A-Za-z\s]+: | (?i)Please input [A-Za-z\s]+: | (?i)Enter the [A-Za-z\s]+: | (?i)The [A-Za-z\s]+ is: | (?i)Enter [A-Za-z\s]+ | (?i)I...</msg>
<var>@{patterns_to_remove}</var>
<arg>(?i)Enter [A-Za-z\\s]+:</arg>
<arg>(?i)Input [A-Za-z\\s]+:</arg>
<arg>(?i)Please enter [A-Za-z\\s]+:</arg>
<arg>(?i)Please input [A-Za-z\\s]+:</arg>
<arg>(?i)Enter the [A-Za-z\\s]+:</arg>
<arg>(?i)The [A-Za-z\\s]+ is:</arg>
<arg>(?i)Enter [A-Za-z\\s]+</arg>
<arg>(?i)Input [A-Za-z\\s]+</arg>
<arg>(?i)Please enter [A-Za-z\\s]+</arg>
<arg>(?i)Please input [A-Za-z\\s]+</arg>
<arg>(?i)Enter the [A-Za-z\\s]+</arg>
<arg>(?i)The [A-Za-z\\s]+ is</arg>
<arg>(?i)Enter [A-Za-z\\s]+:</arg>
<arg>(?i)Input [A-Za-z\\s]+:</arg>
<arg>(?i)The Unicode is:</arg>
<doc>Returns a list containing given items.</doc>
<status status="PASS" start="2025-02-13T01:08:25.864612" elapsed="0.000222"/>
</kw>
<for flavor="IN">
<iter>
<kw name="Strip String" owner="String">
<msg time="2025-02-13T01:08:25.865088" level="INFO">${stripped} = Enter a value for x:</msg>
<var>${stripped}</var>
<arg>${line}</arg>
<doc>Remove leading and/or trailing whitespaces from the given string.</doc>
<status status="PASS" start="2025-02-13T01:08:25.865030" elapsed="0.000066"/>
</kw>
<kw name="Continue For Loop If" owner="BuiltIn">
<arg>'${stripped}' == ''</arg>
<doc>Skips the current FOR loop iteration if the ``condition`` is true.</doc>
<status status="PASS" start="2025-02-13T01:08:25.865140" elapsed="0.000091"/>
</kw>
<kw name="Set Variable" owner="BuiltIn">
<msg time="2025-02-13T01:08:25.865323" level="INFO">${cleaned} = Enter a value for x:</msg>
<var>${cleaned}</var>
<arg>${stripped}</arg>
<doc>Returns the given values which can then be assigned to a variables.</doc>
<status status="PASS" start="2025-02-13T01:08:25.865273" elapsed="0.000058"/>
</kw>
<for flavor="IN">
<iter>
<kw name="Replace String Using Regexp" owner="String">
<msg time="2025-02-13T01:08:25.865852" level="INFO">${cleaned} = </msg>
<var>${cleaned}</var>
<arg>${cleaned}</arg>
<arg>${pattern}</arg>
<arg>${EMPTY}</arg>
<doc>Replaces ``pattern`` in the given ``string`` with ``replace_with``.</doc>
<status status="PASS" start="2025-02-13T01:08:25.865427" elapsed="0.000434"/>
</kw>
<var name="${pattern}">(?i)Enter [A-Za-z\s]+:</var>
<status status="PASS" start="2025-02-13T01:08:25.865395" elapsed="0.000481"/>
</iter>
<iter>
<kw name="Replace String Using Regexp" owner="String">
<msg time="2025-02-13T01:08:25.866244" level="INFO">${cleaned} = </msg>
<var>${cleaned}</var>
<arg>${cleaned}</arg>
<arg>${pattern}</arg>
<arg>${EMPTY}</arg>
<doc>Replaces ``pattern`` in the given ``string`` with ``replace_with``.</doc>
<status status="PASS" start="2025-02-13T01:08:25.865940" elapsed="0.000312"/>
</kw>
<var name="${pattern}">(?i)Input [A-Za-z\s]+:</var>
<status status="PASS" start="2025-02-13T01:08:25.865909" elapsed="0.000357"/>
</iter>
<iter>
<kw name="Replace String Using Regexp" owner="String">
<msg time="2025-02-13T01:08:25.866626" level="INFO">${cleaned} = </msg>
<var>${cleaned}</var>
<arg>${cleaned}</arg>
<arg>${pattern}</arg>
<arg>${EMPTY}</arg>
<doc>Replaces ``pattern`` in the given ``string`` with ``replace_with``.</doc>
<status status="PASS" start="2025-02-13T01:08:25.866324" elapsed="0.000310"/>
</kw>
<var name="${pattern}">(?i)Please enter [A-Za-z\s]+:</var>
<status status="PASS" start="2025-02-13T01:08:25.866294" elapsed="0.000354"/>
</iter>
<iter>
<kw name="Replace String Using Regexp" owner="String">
<msg time="2025-02-13T01:08:25.867002" level="INFO">${cleaned} = </msg>
<var>${cleaned}</var>
<arg>${cleaned}</arg>
<arg>${pattern}</arg>
<arg>${EMPTY}</arg>
<doc>Replaces ``pattern`` in the given ``string`` with ``replace_with``.</doc>
<status status="PASS" start="2025-02-13T01:08:25.866707" elapsed="0.000304"/>
</kw>
<var name="${pattern}">(?i)Please input [A-Za-z\s]+:</var>
<status status="PASS" start="2025-02-13T01:08:25.866676" elapsed="0.000349"/>
</iter>
<iter>
<kw name="Replace String Using Regexp" owner="String">
<msg time="2025-02-13T01:08:25.867386" level="INFO">${cleaned} = </msg>
<var>${cleaned}</var>
<arg>${cleaned}</arg>
<arg>${pattern}</arg>
<arg>${EMPTY}</arg>
<doc>Replaces ``pattern`` in the given ``string`` with ``replace_with``.</doc>
<status status="PASS" start="2025-02-13T01:08:25.867083" elapsed="0.000312"/>
</kw>
<var name="${pattern}">(?i)Enter the [A-Za-z\s]+:</var>
<status status="PASS" start="2025-02-13T01:08:25.867052" elapsed="0.000357"/>
</iter>
<iter>
<kw name="Replace String Using Regexp" owner="String">
<msg time="2025-02-13T01:08:25.867774" level="INFO">${cleaned} = </msg>
<var>${cleaned}</var>
<arg>${cleaned}</arg>
<arg>${pattern}</arg>
<arg>${EMPTY}</arg>
<doc>Replaces ``pattern`` in the given ``string`` with ``replace_with``.</doc>
<status status="PASS" start="2025-02-13T01:08:25.867474" elapsed="0.000308"/>
</kw>
<var name="${pattern}">(?i)The [A-Za-z\s]+ is:</var>
<status status="PASS" start="2025-02-13T01:08:25.867441" elapsed="0.000355"/>
</iter>
<iter>
<kw name="Replace String Using Regexp" owner="String">
<msg time="2025-02-13T01:08:25.868166" level="INFO">${cleaned} = </msg>
<var>${cleaned}</var>
<arg>${cleaned}</arg>
<arg>${pattern}</arg>
<arg>${EMPTY}</arg>
<doc>Replaces ``pattern`` in the given ``string`` with ``replace_with``.</doc>
<status status="PASS" start="2025-02-13T01:08:25.867852" elapsed="0.000328"/>
</kw>
<var name="${pattern}">(?i)Enter [A-Za-z\s]+</var>
<status status="PASS" start="2025-02-13T01:08:25.867823" elapsed="0.000381"/>
</iter>
<iter>
<kw name="Replace String Using Regexp" owner="String">
<msg time="2025-02-13T01:08:25.868771" level="INFO">${cleaned} = </msg>
<var>${cleaned}</var>
<arg>${cleaned}</arg>
<arg>${pattern}</arg>
<arg>${EMPTY}</arg>
<doc>Replaces ``pattern`` in the given ``string`` with ``replace_with``.</doc>
<status status="PASS" start="2025-02-13T01:08:25.868297" elapsed="0.000488"/>
</kw>
<var name="${pattern}">(?i)Input [A-Za-z\s]+</var>
<status status="PASS" start="2025-02-13T01:08:25.868247" elapsed="0.000561"/>
</iter>
<iter>
<kw name="Replace String Using Regexp" owner="String">
<msg time="2025-02-13T01:08:25.869376" level="INFO">${cleaned} = </msg>
<var>${cleaned}</var>
<arg>${cleaned}</arg>
<arg>${pattern}</arg>
<arg>${EMPTY}</arg>
<doc>Replaces ``pattern`` in the given ``string`` with ``replace_with``.</doc>
<status status="PASS" start="2025-02-13T01:08:25.868901" elapsed="0.000488"/>
</kw>
<var name="${pattern}">(?i)Please enter [A-Za-z\s]+</var>
<status status="PASS" start="2025-02-13T01:08:25.868852" elapsed="0.000560"/>
</iter>
<iter>
<kw name="Replace String Using Regexp" owner="String">
<msg time="2025-02-13T01:08:25.869982" level="INFO">${cleaned} = </msg>
<var>${cleaned}</var>
<arg>${cleaned}</arg>
<arg>${pattern}</arg>
<arg>${EMPTY}</arg>
<doc>Replaces ``pattern`` in the given ``string`` with ``replace_with``.</doc>
<status status="PASS" start="2025-02-13T01:08:25.869505" elapsed="0.000491"/>
</kw>
<var name="${pattern}">(?i)Please input [A-Za-z\s]+</var>
<status status="PASS" start="2025-02-13T01:08:25.869455" elapsed="0.000564"/>
</iter>
<iter>
<kw name="Replace String Using Regexp" owner="String">
<msg time="2025-02-13T01:08:25.870592" level="INFO">${cleaned} = </msg>
<var>${cleaned}</var>
<arg>${cleaned}</arg>
<arg>${pattern}</arg>
<arg>${EMPTY}</arg>
<doc>Replaces ``pattern`` in the given ``string`` with ``replace_with``.</doc>
<status status="PASS" start="2025-02-13T01:08:25.870111" elapsed="0.000495"/>
</kw>
<var name="${pattern}">(?i)Enter the [A-Za-z\s]+</var>
<status status="PASS" start="2025-02-13T01:08:25.870062" elapsed="0.000568"/>
</iter>
<iter>
<kw name="Replace String Using Regexp" owner="String">
<msg time="2025-02-13T01:08:25.871204" level="INFO">${cleaned} = </msg>
<var>${cleaned}</var>
<arg>${cleaned}</arg>
<arg>${pattern}</arg>
<arg>${EMPTY}</arg>
<doc>Replaces ``pattern`` in the given ``string`` with ``replace_with``.</doc>
<status status="PASS" start="2025-02-13T01:08:25.870722" elapsed="0.000496"/>
</kw>
<var name="${pattern}">(?i)The [A-Za-z\s]+ is</var>
<status status="PASS" start="2025-02-13T01:08:25.870673" elapsed="0.000569"/>
</iter>
<iter>
<kw name="Replace String Using Regexp" owner="String">
<msg time="2025-02-13T01:08:25.871651" level="INFO">${cleaned} = </msg>
<var>${cleaned}</var>
<arg>${cleaned}</arg>
<arg>${pattern}</arg>
<arg>${EMPTY}</arg>
<doc>Replaces ``pattern`` in the given ``string`` with ``replace_with``.</doc>
<status status="PASS" start="2025-02-13T01:08:25.871335" elapsed="0.000329"/>
</kw>
<var name="${pattern}">(?i)Enter [A-Za-z\s]+:</var>
<status status="PASS" start="2025-02-13T01:08:25.871285" elapsed="0.000402"/>
</iter>
<iter>
<kw name="Replace String Using Regexp" owner="String">
<msg time="2025-02-13T01:08:25.872137" level="INFO">${cleaned} = </msg>
<var>${cleaned}</var>
<arg>${cleaned}</arg>
<arg>${pattern}</arg>
<arg>${EMPTY}</arg>
<doc>Replaces ``pattern`` in the given ``string`` with ``replace_with``.</doc>
<status status="PASS" start="2025-02-13T01:08:25.871816" elapsed="0.000334"/>
</kw>
<var name="${pattern}">(?i)Input [A-Za-z\s]+:</var>
<status status="PASS" start="2025-02-13T01:08:25.871766" elapsed="0.000408"/>
</iter>
<iter>
<kw name="Replace String Using Regexp" owner="String">
<msg time="2025-02-13T01:08:25.872619" level="INFO">${cleaned} = </msg>
<var>${cleaned}</var>
<arg>${cleaned}</arg>
<arg>${pattern}</arg>
<arg>${EMPTY}</arg>
<doc>Replaces ``pattern`` in the given ``string`` with ``replace_with``.</doc>
<status status="PASS" start="2025-02-13T01:08:25.872267" elapsed="0.000366"/>
</kw>
<var name="${pattern}">(?i)The Unicode is:</var>
<status status="PASS" start="2025-02-13T01:08:25.872217" elapsed="0.000440"/>
</iter>
<var>${pattern}</var>
<value>@{patterns_to_remove}</value>
<status status="PASS" start="2025-02-13T01:08:25.865351" elapsed="0.007323"/>
</for>
<kw name="Strip String" owner="String">
<msg time="2025-02-13T01:08:25.872831" level="INFO">${cleaned} = </msg>
<var>${cleaned}</var>
<arg>${cleaned}</arg>
<doc>Remove leading and/or trailing whitespaces from the given string.</doc>
<status status="PASS" start="2025-02-13T01:08:25.872744" elapsed="0.000099"/>
</kw>
<kw name="Continue For Loop If" owner="BuiltIn">
<msg time="2025-02-13T01:08:25.873030" level="INFO">Continuing for loop from the next iteration.</msg>
<arg>'${cleaned}' == ''</arg>
<doc>Skips the current FOR loop iteration if the ``condition`` is true.</doc>
<status status="PASS" start="2025-02-13T01:08:25.872905" elapsed="0.000180"/>
</kw>
<kw name="Append To List" owner="Collections">
<arg>${final_lines}</arg>
<arg>${cleaned}</arg>
<doc>Adds ``values`` to the end of ``list``.</doc>
<status status="NOT RUN" start="2025-02-13T01:08:25.873155" elapsed="0.000011"/>
</kw>
<var name="${line}">Enter a value for x:</var>
<status status="PASS" start="2025-02-13T01:08:25.864992" elapsed="0.008196"/>
</iter>
<iter>
<kw name="Strip String" owner="String">
<msg time="2025-02-13T01:08:25.873407" level="INFO">${stripped} = 1</msg>
<var>${stripped}</var>
<arg>${line}</arg>
<doc>Remove leading and/or trailing whitespaces from the given string.</doc>
<status status="PASS" start="2025-02-13T01:08:25.873320" elapsed="0.000100"/>
</kw>
<kw name="Continue For Loop If" owner="BuiltIn">
<arg>'${stripped}' == ''</arg>
<doc>Skips the current FOR loop iteration if the ``condition`` is true.</doc>
<status status="PASS" start="2025-02-13T01:08:25.873481" elapsed="0.000116"/>
</kw>
<kw name="Set Variable" owner="BuiltIn">
<msg time="2025-02-13T01:08:25.873722" level="INFO">${cleaned} = 1</msg>
<var>${cleaned}</var>
<arg>${stripped}</arg>
<doc>Returns the given values which can then be assigned to a variables.</doc>
<status status="PASS" start="2025-02-13T01:08:25.873652" elapsed="0.000081"/>
</kw>
<for flavor="IN">
<iter>
<kw name="Replace String Using Regexp" owner="String">
<msg time="2025-02-13T01:08:25.874337" level="INFO">${cleaned} = 1</msg>
<var>${cleaned}</var>
<arg>${cleaned}</arg>
<arg>${pattern}</arg>
<arg>${EMPTY}</arg>
<doc>Replaces ``pattern`` in the given ``string`` with ``replace_with``.</doc>
<status status="PASS" start="2025-02-13T01:08:25.873863" elapsed="0.000492"/>
</kw>
<var name="${pattern}">(?i)Enter [A-Za-z\s]+:</var>
<status status="PASS" start="2025-02-13T01:08:25.873819" elapsed="0.000564"/>
</iter>
<iter>
<kw name="Replace String Using Regexp" owner="String">
<msg time="2025-02-13T01:08:25.874812" level="INFO">${cleaned} = 1</msg>
<var>${cleaned}</var>
<arg>${cleaned}</arg>
<arg>${pattern}</arg>
<arg>${EMPTY}</arg>
<doc>Replaces ``pattern`` in the given ``string`` with ``replace_with``.</doc>
<status status="PASS" start="2025-02-13T01:08:25.874490" elapsed="0.000336"/>
</kw>
<var name="${pattern}">(?i)Input [A-Za-z\s]+:</var>
<status status="PASS" start="2025-02-13T01:08:25.874433" elapsed="0.000417"/>
</iter>
<iter>
<kw name="Replace String Using Regexp" owner="String">
<msg time="2025-02-13T01:08:25.875363" level="INFO">${cleaned} = 1</msg>
<var>${cleaned}</var>
<arg>${cleaned}</arg>
<arg>${pattern}</arg>
<arg>${EMPTY}</arg>
<doc>Replaces ``pattern`` in the given ``string`` with ``replace_with``.</doc>
<status status="PASS" start="2025-02-13T01:08:25.874945" elapsed="0.000435"/>
</kw>
<var name="${pattern}">(?i)Please enter [A-Za-z\s]+:</var>
<status status="PASS" start="2025-02-13T01:08:25.874893" elapsed="0.000514"/>
</iter>
<iter>
<kw name="Replace String Using Regexp" owner="String">
<msg time="2025-02-13T01:08:25.875827" level="INFO">${cleaned} = 1</msg>
<var>${cleaned}</var>
<arg>${cleaned}</arg>
<arg>${pattern}</arg>
<arg>${EMPTY}</arg>
<doc>Replaces ``pattern`` in the given ``string`` with ``replace_with``.</doc>
<status status="PASS" start="2025-02-13T01:08:25.875512" elapsed="0.000330"/>
</kw>
<var name="${pattern}">(?i)Please input [A-Za-z\s]+:</var>
<status status="PASS" start="2025-02-13T01:08:25.875456" elapsed="0.000409"/>
</iter>
<iter>
<kw name="Replace String Using Regexp" owner="String">
<msg time="2025-02-13T01:08:25.876256" level="INFO">${cleaned} = 1</msg>
<var>${cleaned}</var>
<arg>${cleaned}</arg>
<arg>${pattern}</arg>
<arg>${EMPTY}</arg>
<doc>Replaces ``pattern`` in the given ``string`` with ``replace_with``.</doc>
<status status="PASS" start="2025-02-13T01:08:25.875958" elapsed="0.000310"/>
</kw>
<var name="${pattern}">(?i)Enter the [A-Za-z\s]+:</var>
<status status="PASS" start="2025-02-13T01:08:25.875908" elapsed="0.000382"/>
</iter>
<iter>
<kw name="Replace String Using Regexp" owner="String">
<msg time="2025-02-13T01:08:25.876671" level="INFO">${cleaned} = 1</msg>
<var>${cleaned}</var>
<arg>${cleaned}</arg>
<arg>${pattern}</arg>
<arg>${EMPTY}</arg>
<doc>Replaces ``pattern`` in the given ``string`` with ``replace_with``.</doc>
<status status="PASS" start="2025-02-13T01:08:25.876379" elapsed="0.000304"/>
</kw>
<var name="${pattern}">(?i)The [A-Za-z\s]+ is:</var>
<status status="PASS" start="2025-02-13T01:08:25.876332" elapsed="0.000373"/>
</iter>
<iter>
<kw name="Replace String Using Regexp" owner="String">
<msg time="2025-02-13T01:08:25.877080" level="INFO">${cleaned} = 1</msg>
<var>${cleaned}</var>
<arg>${cleaned}</arg>
<arg>${pattern}</arg>
<arg>${EMPTY}</arg>
<doc>Replaces ``pattern`` in the given ``string`` with ``replace_with``.</doc>
<status status="PASS" start="2025-02-13T01:08:25.876792" elapsed="0.000300"/>
</kw>
<var name="${pattern}">(?i)Enter [A-Za-z\s]+</var>
<status status="PASS" start="2025-02-13T01:08:25.876746" elapsed="0.000368"/>
</iter>
<iter>
<kw name="Replace String Using Regexp" owner="String">
<msg time="2025-02-13T01:08:25.877484" level="INFO">${cleaned} = 1</msg>
<var>${cleaned}</var>
<arg>${cleaned}</arg>
<arg>${pattern}</arg>
<arg>${EMPTY}</arg>
<doc>Replaces ``pattern`` in the given ``string`` with ``replace_with``.</doc>
<status status="PASS" start="2025-02-13T01:08:25.877200" elapsed="0.000297"/>
</kw>
<var name="${pattern}">(?i)Input [A-Za-z\s]+</var>
<status status="PASS" start="2025-02-13T01:08:25.877154" elapsed="0.000365"/>
</iter>
<iter>
<kw name="Replace String Using Regexp" owner="String">
<msg time="2025-02-13T01:08:25.877890" level="INFO">${cleaned} = 1</msg>
<var>${cleaned}</var>
<arg>${cleaned}</arg>
<arg>${pattern}</arg>
<arg>${EMPTY}</arg>
<doc>Replaces ``pattern`` in the given ``string`` with ``replace_with``.</doc>
<status status="PASS" start="2025-02-13T01:08:25.877604" elapsed="0.000298"/>
</kw>
<var name="${pattern}">(?i)Please enter [A-Za-z\s]+</var>
<status status="PASS" start="2025-02-13T01:08:25.877558" elapsed="0.000364"/>
</iter>
<iter>
<kw name="Replace String Using Regexp" owner="String">
<msg time="2025-02-13T01:08:25.878286" level="INFO">${cleaned} = 1</msg>
<var>${cleaned}</var>
<arg>${cleaned}</arg>
<arg>${pattern}</arg>
<arg>${EMPTY}</arg>
<doc>Replaces ``pattern`` in the given ``string`` with ``replace_with``.</doc>
<status status="PASS" start="2025-02-13T01:08:25.878007" elapsed="0.000291"/>
</kw>
<var name="${pattern}">(?i)Please input [A-Za-z\s]+</var>
<status status="PASS" start="2025-02-13T01:08:25.877962" elapsed="0.000390"/>
</iter>
<iter>
<kw name="Replace String Using Regexp" owner="String">
<msg time="2025-02-13T01:08:25.878723" level="INFO">${cleaned} = 1</msg>
<var>${cleaned}</var>
<arg>${cleaned}</arg>
<arg>${pattern}</arg>
<arg>${EMPTY}</arg>
<doc>Replaces ``pattern`` in the given ``string`` with ``replace_with``.</doc>
<status status="PASS" start="2025-02-13T01:08:25.878438" elapsed="0.000297"/>
</kw>
<var name="${pattern}">(?i)Enter the [A-Za-z\s]+</var>
<status status="PASS" start="2025-02-13T01:08:25.878393" elapsed="0.000363"/>
</iter>
<iter>
<kw name="Replace String Using Regexp" owner="String">
<msg time="2025-02-13T01:08:25.879121" level="INFO">${cleaned} = 1</msg>
<var>${cleaned}</var>
<arg>${cleaned}</arg>
<arg>${pattern}</arg>
<arg>${EMPTY}</arg>
<doc>Replaces ``pattern`` in the given ``string`` with ``replace_with``.</doc>
<status status="PASS" start="2025-02-13T01:08:25.878840" elapsed="0.000293"/>
</kw>
<var name="${pattern}">(?i)The [A-Za-z\s]+ is</var>
<status status="PASS" start="2025-02-13T01:08:25.878795" elapsed="0.000360"/>
</iter>
<iter>
<kw name="Replace String Using Regexp" owner="String">
<msg time="2025-02-13T01:08:25.879514" level="INFO">${cleaned} = 1</msg>
<var>${cleaned}</var>
<arg>${cleaned}</arg>
<arg>${pattern}</arg>
<arg>${EMPTY}</arg>
<doc>Replaces ``pattern`` in the given ``string`` with ``replace_with``.</doc>
<status status="PASS" start="2025-02-13T01:08:25.879237" elapsed="0.000289"/>
</kw>
<var name="${pattern}">(?i)Enter [A-Za-z\s]+:</var>
<status status="PASS" start="2025-02-13T01:08:25.879194" elapsed="0.000359"/>
</iter>
<iter>
<kw name="Replace String Using Regexp" owner="String">
<msg time="2025-02-13T01:08:25.879920" level="INFO">${cleaned} = 1</msg>
<var>${cleaned}</var>
<arg>${cleaned}</arg>
<arg>${pattern}</arg>
<arg>${EMPTY}</arg>
<doc>Replaces ``pattern`` in the given ``string`` with ``replace_with``.</doc>
<status status="PASS" start="2025-02-13T01:08:25.879640" elapsed="0.000293"/>
</kw>
<var name="${pattern}">(?i)Input [A-Za-z\s]+:</var>
<status status="PASS" start="2025-02-13T01:08:25.879596" elapsed="0.000358"/>
</iter>
<iter>
<kw name="Replace String Using Regexp" owner="String">
<msg time="2025-02-13T01:08:25.880317" level="INFO">${cleaned} = 1</msg>
<var>${cleaned}</var>
<arg>${cleaned}</arg>
<arg>${pattern}</arg>
<arg>${EMPTY}</arg>
<doc>Replaces ``pattern`` in the given ``string`` with ``replace_with``.</doc>
<status status="PASS" start="2025-02-13T01:08:25.880037" elapsed="0.000292"/>
</kw>
<var name="${pattern}">(?i)The Unicode is:</var>
<status status="PASS" start="2025-02-13T01:08:25.879993" elapsed="0.000357"/>
</iter>
<var>${pattern}</var>
<value>@{patterns_to_remove}</value>
<status status="PASS" start="2025-02-13T01:08:25.873759" elapsed="0.006606"/>
</for>
<kw name="Strip String" owner="String">
<msg time="2025-02-13T01:08:25.880503" level="INFO">${cleaned} = 1</msg>
<var>${cleaned}</var>
<arg>${cleaned}</arg>
<doc>Remove leading and/or trailing whitespaces from the given string.</doc>
<status status="PASS" start="2025-02-13T01:08:25.880425" elapsed="0.000089"/>
</kw>
<kw name="Continue For Loop If" owner="BuiltIn">
<arg>'${cleaned}' == ''</arg>
<doc>Skips the current FOR loop iteration if the ``condition`` is true.</doc>
<status status="PASS" start="2025-02-13T01:08:25.880570" elapsed="0.000120"/>
</kw>
<kw name="Append To List" owner="Collections">
<arg>${final_lines}</arg>
<arg>${cleaned}</arg>
<doc>Adds ``values`` to the end of ``list``.</doc>
<status status="PASS" start="2025-02-13T01:08:25.880746" elapsed="0.000077"/>
</kw>
<var name="${line}">1</var>
<status status="PASS" start="2025-02-13T01:08:25.873272" elapsed="0.007570"/>
</iter>
<var>${line}</var>
<value>@{lines}</value>
<status status="PASS" start="2025-02-13T01:08:25.864908" elapsed="0.015949"/>
</for>
<kw name="Evaluate" owner="BuiltIn">
<msg time="2025-02-13T01:08:25.881116" level="INFO">${final_output} = 1</msg>
<var>${final_output}</var>
<arg>"\\n".join($final_lines)</arg>
<doc>Evaluates the given expression in Python and returns the result.</doc>
<status status="PASS" start="2025-02-13T01:08:25.880920" elapsed="0.000209"/>
</kw>
<kw name="Log Debug Info">
<kw name="Get Current Date" owner="DateTime">
<msg time="2025-02-13T01:08:25.881444" level="INFO">${timestamp} = 2025-02-13 01:08:25.881404</msg>
<var>${timestamp}</var>
<arg>result_format=%Y-%m-%d %H:%M:%S.%f</arg>
<doc>Returns current local or UTC time with an optional increment.</doc>
<status status="PASS" start="2025-02-13T01:08:25.881343" elapsed="0.000113"/>
</kw>
<kw name="Append To File" owner="OperatingSystem">
<msg time="2025-02-13T01:08:25.881721" level="INFO" html="true">Appended to file '&lt;a href="file:///Users/tanakrit/Documents/GitHub/RobotFramewokForIDE/NewFormatOfRobot/execution.log"&gt;/Users/tanakrit/Documents/GitHub/RobotFramewokForIDE/NewFormatOfRobot/execution.log&lt;/a&gt;'.</msg>
<arg>${LOG_FILE}</arg>
<arg>${timestamp}: ${message}\n</arg>
<doc>Appends the given content to the specified file.</doc>
<status status="PASS" start="2025-02-13T01:08:25.881510" elapsed="0.000237"/>
</kw>
<arg>Final processed output: ${final_output}</arg>
<status status="PASS" start="2025-02-13T01:08:25.881197" elapsed="0.000579"/>
</kw>
<return>
<value>${final_output}</value>
<status status="PASS" start="2025-02-13T01:08:25.881794" elapsed="0.000016"/>
</return>
<msg time="2025-02-13T01:08:25.881854" level="INFO">${raw_output} = 1</msg>
<var>${raw_output}</var>
<arg>${result.stdout}</arg>
<status status="PASS" start="2025-02-13T01:08:25.863714" elapsed="0.018147"/>
</kw>
<kw name="Normalize Output">
<kw name="Set Variable" owner="BuiltIn">
<msg time="2025-02-13T01:08:25.882125" level="INFO">${normalized} = 1</msg>
<var>${normalized}</var>
<arg>${output}</arg>
<doc>Returns the given values which can then be assigned to a variables.</doc>
<status status="PASS" start="2025-02-13T01:08:25.882075" elapsed="0.000057"/>
</kw>
<kw name="Run Keyword And Return Status" owner="BuiltIn">
<kw name="Should Be Empty" owner="BuiltIn">
<msg time="2025-02-13T01:08:25.882275" level="INFO">Length is 1.</msg>
<msg time="2025-02-13T01:08:25.882333" level="FAIL">'1' should be empty.</msg>
<arg>${normalized}</arg>
<doc>Verifies that the given item is empty.</doc>
<status status="FAIL" start="2025-02-13T01:08:25.882234" elapsed="0.000162">'1' should be empty.</status>
</kw>
<msg time="2025-02-13T01:08:25.882444" level="INFO">${is_empty} = False</msg>
<var>${is_empty}</var>
<arg>Should Be Empty</arg>
<arg>${normalized}</arg>
<doc>Runs the given keyword with given arguments and returns the status as a Boolean value.</doc>
<status status="PASS" start="2025-02-13T01:08:25.882178" elapsed="0.000276"/>
</kw>
<if>
<branch type="IF" condition="${is_empty}">
<return>
<value>${normalized}</value>
<status status="NOT RUN" start="2025-02-13T01:08:25.882634" elapsed="0.000007"/>
</return>
<status status="NOT RUN" start="2025-02-13T01:08:25.882594" elapsed="0.000061"/>
</branch>
<status status="PASS" start="2025-02-13T01:08:25.882479" elapsed="0.000188"/>
</if>
<kw name="Split To Lines" owner="String">
<msg time="2025-02-13T01:08:25.882772" level="INFO">1 lines returned</msg>
<msg time="2025-02-13T01:08:25.882803" level="INFO">${lines} = ['1']</msg>
<var>${lines}</var>
<arg>${normalized}</arg>
<doc>Splits the given string to lines.</doc>
<status status="PASS" start="2025-02-13T01:08:25.882715" elapsed="0.000097"/>
</kw>
<kw name="Create List" owner="BuiltIn">
<msg time="2025-02-13T01:08:25.882911" level="INFO">${stripped_lines} = []</msg>
<var>${stripped_lines}</var>
<doc>Returns a list containing given items.</doc>
<status status="PASS" start="2025-02-13T01:08:25.882862" elapsed="0.000059"/>
</kw>
<for flavor="IN">
<iter>
<kw name="Strip String" owner="String">
<msg time="2025-02-13T01:08:25.883145" level="INFO">${stripped} = 1</msg>
<var>${stripped}</var>
<arg>${line}</arg>
<doc>Remove leading and/or trailing whitespaces from the given string.</doc>
<status status="PASS" start="2025-02-13T01:08:25.883075" elapsed="0.000080"/>
</kw>
<kw name="Continue For Loop If" owner="BuiltIn">
<arg>'${stripped}' == ''</arg>
<doc>Skips the current FOR loop iteration if the ``condition`` is true.</doc>
<status status="PASS" start="2025-02-13T01:08:25.883235" elapsed="0.000095"/>
</kw>
<try>
<branch type="TRY">
<kw name="Convert To Number" owner="BuiltIn">
<msg time="2025-02-13T01:08:25.883510" level="INFO">${as_number} = 1.0</msg>
<var>${as_number}</var>
<arg>${stripped}</arg>
<doc>Converts the given item to a floating point number.</doc>
<status status="PASS" start="2025-02-13T01:08:25.883424" elapsed="0.000096"/>
</kw>
<kw name="Convert To String" owner="BuiltIn">
<msg time="2025-02-13T01:08:25.883672" level="INFO">${normalized_line} = 1.0</msg>
<var>${normalized_line}</var>
<arg>${as_number}</arg>
<doc>Converts the given item to a Unicode string.</doc>
<status status="PASS" start="2025-02-13T01:08:25.883570" elapsed="0.000114"/>
</kw>
<status status="PASS" start="2025-02-13T01:08:25.883376" elapsed="0.000325"/>
</branch>
<branch type="EXCEPT">
<kw name="Set Variable" owner="BuiltIn">
<var>${normalized_line}</var>
<arg>${stripped}</arg>
<doc>Returns the given values which can then be assigned to a variables.</doc>
<status status="NOT RUN" start="2025-02-13T01:08:25.883769" elapsed="0.000008"/>
</kw>
<status status="NOT RUN" start="2025-02-13T01:08:25.883725" elapsed="0.000068"/>
</branch>
<status status="PASS" start="2025-02-13T01:08:25.883358" elapsed="0.000450"/>
</try>
<kw name="Append To List" owner="Collections">
<arg>${stripped_lines}</arg>
<arg>${normalized_line}</arg>
<doc>Adds ``values`` to the end of ``list``.</doc>
<status status="PASS" start="2025-02-13T01:08:25.883850" elapsed="0.000074"/>
</kw>
<var name="${line}">1</var>
<status status="PASS" start="2025-02-13T01:08:25.883035" elapsed="0.000907"/>
</iter>
<var>${line}</var>
<value>@{lines}</value>
<status status="PASS" start="2025-02-13T01:08:25.882944" elapsed="0.001012"/>
</for>
<kw name="Evaluate" owner="BuiltIn">
<msg time="2025-02-13T01:08:25.884154" level="INFO">${normalized} = 1.0</msg>
<var>${normalized}</var>
<arg>"\\n".join($stripped_lines)</arg>
<doc>Evaluates the given expression in Python and returns the result.</doc>
<status status="PASS" start="2025-02-13T01:08:25.884008" elapsed="0.000157"/>
</kw>
<kw name="Strip String" owner="String">
<msg time="2025-02-13T01:08:25.884282" level="INFO">${normalized} = 1.0</msg>
<var>${normalized}</var>
<arg>${normalized}</arg>
<doc>Remove leading and/or trailing whitespaces from the given string.</doc>
<status status="PASS" start="2025-02-13T01:08:25.884214" elapsed="0.000078"/>
</kw>
<kw name="Log Debug Info">
<kw name="Get Current Date" owner="DateTime">
<msg time="2025-02-13T01:08:25.884552" level="INFO">${timestamp} = 2025-02-13 01:08:25.884520</msg>
<var>${timestamp}</var>
<arg>result_format=%Y-%m-%d %H:%M:%S.%f</arg>
<doc>Returns current local or UTC time with an optional increment.</doc>
<status status="PASS" start="2025-02-13T01:08:25.884469" elapsed="0.000094"/>
</kw>
<kw name="Append To File" owner="OperatingSystem">
<msg time="2025-02-13T01:08:25.884800" level="INFO" html="true">Appended to file '&lt;a href="file:///Users/tanakrit/Documents/GitHub/RobotFramewokForIDE/NewFormatOfRobot/execution.log"&gt;/Users/tanakrit/Documents/GitHub/RobotFramewokForIDE/NewFormatOfRobot/execution.log&lt;/a&gt;'.</msg>
<arg>${LOG_FILE}</arg>
<arg>${timestamp}: ${message}\n</arg>
<doc>Appends the given content to the specified file.</doc>
<status status="PASS" start="2025-02-13T01:08:25.884610" elapsed="0.000215"/>
</kw>
<arg>Normalized output: ${normalized}</arg>
<status status="PASS" start="2025-02-13T01:08:25.884348" elapsed="0.000504"/>
</kw>
<return>
<value>${normalized}</value>
<status status="PASS" start="2025-02-13T01:08:25.884870" elapsed="0.000012"/>
</return>
<msg time="2025-02-13T01:08:25.884925" level="INFO">${output} = 1.0</msg>
<var>${output}</var>
<arg>${raw_output}</arg>
<status status="PASS" start="2025-02-13T01:08:25.881981" elapsed="0.002951"/>
</kw>
<kw name="Log Debug Info">
<kw name="Get Current Date" owner="DateTime">
<msg time="2025-02-13T01:08:25.885126" level="INFO">${timestamp} = 2025-02-13 01:08:25.885103</msg>
<var>${timestamp}</var>
<arg>result_format=%Y-%m-%d %H:%M:%S.%f</arg>
<doc>Returns current local or UTC time with an optional increment.</doc>
<status status="PASS" start="2025-02-13T01:08:25.885065" elapsed="0.000070"/>
</kw>
<kw name="Append To File" owner="OperatingSystem">
<msg time="2025-02-13T01:08:25.885291" level="INFO" html="true">Appended to file '&lt;a href="file:///Users/tanakrit/Documents/GitHub/RobotFramewokForIDE/NewFormatOfRobot/execution.log"&gt;/Users/tanakrit/Documents/GitHub/RobotFramewokForIDE/NewFormatOfRobot/execution.log&lt;/a&gt;'.</msg>
<arg>${LOG_FILE}</arg>
<arg>${timestamp}: ${message}\n</arg>
<doc>Appends the given content to the specified file.</doc>
<status status="PASS" start="2025-02-13T01:08:25.885172" elapsed="0.000138"/>
</kw>
<arg>Rust final output: ${output}</arg>
<status status="PASS" start="2025-02-13T01:08:25.884973" elapsed="0.000357"/>
</kw>
<status status="PASS" start="2025-02-13T01:08:25.863562" elapsed="0.021778"/>
</branch>
<branch type="ELSE">
<kw name="Set Variable" owner="BuiltIn">
<var>${status}</var>
<arg>${exec_status}</arg>
<doc>Returns the given values which can then be assigned to a variables.</doc>
<status status="NOT RUN" start="2025-02-13T01:08:25.885387" elapsed="0.000006"/>
</kw>
<kw name="Set Variable" owner="BuiltIn">
<var>${output}</var>
<arg>${result.stdout}</arg>
<doc>Returns the given values which can then be assigned to a variables.</doc>
<status status="NOT RUN" start="2025-02-13T01:08:25.885427" elapsed="0.000006"/>
</kw>
<status status="NOT RUN" start="2025-02-13T01:08:25.885349" elapsed="0.000095"/>
</branch>
<status status="PASS" start="2025-02-13T01:08:25.863555" elapsed="0.021896"/>
</if>
<status status="PASS" start="2025-02-13T01:08:25.147853" elapsed="0.737607"/>
</branch>
<branch type="ELSE IF" condition="'${language}' == 'javascript'">
<kw name="Execute JavaScript Code">
<var>${result}</var>
<arg>${TEMP_DIR}/${filename}${ext}</arg>
<arg>${has_input}</arg>
<arg>${input_file}</arg>
<status status="NOT RUN" start="2025-02-13T01:08:25.885534" elapsed="0.000006"/>
</kw>
<if>
<branch type="IF" condition="${result.rc} != 0">
<kw name="Set Variable" owner="BuiltIn">
<var>${status}</var>
<arg>runtime_error</arg>
<doc>Returns the given values which can then be assigned to a variables.</doc>
<status status="NOT RUN" start="2025-02-13T01:08:25.885599" elapsed="0.000005"/>
</kw>
<kw name="Set Variable" owner="BuiltIn">
<var>${output}</var>
<arg>${result.stdout}</arg>
<doc>Returns the given values which can then be assigned to a variables.</doc>
<status status="NOT RUN" start="2025-02-13T01:08:25.885638" elapsed="0.000005"/>
</kw>
<kw name="Log Debug Info">
<arg>JavaScript runtime error: ${result.stdout}</arg>
<status status="NOT RUN" start="2025-02-13T01:08:25.885680" elapsed="0.000006"/>
</kw>
<status status="NOT RUN" start="2025-02-13T01:08:25.885564" elapsed="0.000131"/>
</branch>
<branch type="ELSE">
<kw name="Get Final Output">
<var>${raw_output}</var>
<arg>${result.stdout}</arg>
<status status="NOT RUN" start="2025-02-13T01:08:25.885773" elapsed="0.000007"/>
</kw>
<kw name="Normalize Output">
<var>${output}</var>
<arg>${raw_output}</arg>
<status status="NOT RUN" start="2025-02-13T01:08:25.885873" elapsed="0.000007"/>
</kw>
<kw name="Log Debug Info">
<arg>JavaScript final output: ${output}</arg>
<status status="NOT RUN" start="2025-02-13T01:08:25.885914" elapsed="0.000006"/>
</kw>
<status status="NOT RUN" start="2025-02-13T01:08:25.885703" elapsed="0.000226"/>
</branch>
<status status="NOT RUN" start="2025-02-13T01:08:25.885559" elapsed="0.000378"/>
</if>
<status status="NOT RUN" start="2025-02-13T01:08:25.885470" elapsed="0.000476"/>
</branch>
<status status="PASS" start="2025-02-13T01:08:25.146412" elapsed="0.739541"/>
</if>
<status status="PASS" start="2025-02-13T01:08:25.146368" elapsed="0.739594"/>
</branch>
<branch type="EXCEPT" assign="${error}">
<kw name="Set Variable" owner="BuiltIn">
<var>${status}</var>
<arg>runtime_error</arg>
<doc>Returns the given values which can then be assigned to a variables.</doc>
<status status="NOT RUN" start="2025-02-13T01:08:25.886034" elapsed="0.000006"/>
</kw>
<kw name="Set Variable" owner="BuiltIn">
<var>${output}</var>
<arg>${error}</arg>
<doc>Returns the given values which can then be assigned to a variables.</doc>
<status status="NOT RUN" start="2025-02-13T01:08:25.886075" elapsed="0.000005"/>
</kw>
<kw name="Log Debug Info">
<arg>Exception occurred: ${error}</arg>
<status status="NOT RUN" start="2025-02-13T01:08:25.886122" elapsed="0.000009"/>
</kw>
<status status="NOT RUN" start="2025-02-13T01:08:25.885999" elapsed="0.000145"/>
</branch>
<status status="PASS" start="2025-02-13T01:08:25.146303" elapsed="0.739855"/>
</try>
<kw name="Log Debug Info">
<kw name="Get Current Date" owner="DateTime">
<msg time="2025-02-13T01:08:25.886414" level="INFO">${timestamp} = 2025-02-13 01:08:25.886383</msg>
<var>${timestamp}</var>
<arg>result_format=%Y-%m-%d %H:%M:%S.%f</arg>
<doc>Returns current local or UTC time with an optional increment.</doc>
<status status="PASS" start="2025-02-13T01:08:25.886331" elapsed="0.000094"/>
</kw>
<kw name="Append To File" owner="OperatingSystem">
<msg time="2025-02-13T01:08:25.886639" level="INFO" html="true">Appended to file '&lt;a href="file:///Users/tanakrit/Documents/GitHub/RobotFramewokForIDE/NewFormatOfRobot/execution.log"&gt;/Users/tanakrit/Documents/GitHub/RobotFramewokForIDE/NewFormatOfRobot/execution.log&lt;/a&gt;'.</msg>
<arg>${LOG_FILE}</arg>
<arg>${timestamp}: ${message}\n</arg>
<doc>Appends the given content to the specified file.</doc>
<status status="PASS" start="2025-02-13T01:08:25.886475" elapsed="0.000188"/>
</kw>
<arg>Final execution status: ${status}</arg>
<status status="PASS" start="2025-02-13T01:08:25.886201" elapsed="0.000486"/>
</kw>
<kw name="Log Debug Info">
<kw name="Get Current Date" owner="DateTime">
<msg time="2025-02-13T01:08:25.886885" level="INFO">${timestamp} = 2025-02-13 01:08:25.886862</msg>
<var>${timestamp}</var>
<arg>result_format=%Y-%m-%d %H:%M:%S.%f</arg>
<doc>Returns current local or UTC time with an optional increment.</doc>
<status status="PASS" start="2025-02-13T01:08:25.886824" elapsed="0.000069"/>
</kw>
<kw name="Append To File" owner="OperatingSystem">
<msg time="2025-02-13T01:08:25.887043" level="INFO" html="true">Appended to file '&lt;a href="file:///Users/tanakrit/Documents/GitHub/RobotFramewokForIDE/NewFormatOfRobot/execution.log"&gt;/Users/tanakrit/Documents/GitHub/RobotFramewokForIDE/NewFormatOfRobot/execution.log&lt;/a&gt;'.</msg>
<arg>${LOG_FILE}</arg>
<arg>${timestamp}: ${message}\n</arg>
<doc>Appends the given content to the specified file.</doc>
<status status="PASS" start="2025-02-13T01:08:25.886930" elapsed="0.000132"/>
</kw>
<arg>Final processed output: ${output}</arg>
<status status="PASS" start="2025-02-13T01:08:25.886727" elapsed="0.000357"/>
</kw>
<return>
<value>${status}</value>
<value>${output}</value>
<status status="PASS" start="2025-02-13T01:08:25.887099" elapsed="0.000012"/>
</return>
<msg time="2025-02-13T01:08:25.887171" level="INFO">${status} = success</msg>
<msg time="2025-02-13T01:08:25.887184" level="INFO">${actual_output} = 1.0</msg>
<var>${status}</var>
<var>${actual_output}</var>
<arg>${code}</arg>
<arg>${language}</arg>
<arg>${test_case}[input]</arg>
<status status="PASS" start="2025-02-13T01:08:25.141414" elapsed="0.745777"/>
</kw>
<if>
<branch type="IF" condition="'${status}' == 'success'">
<kw name="Compare Outputs">
<kw name="Normalize Output">
<kw name="Set Variable" owner="BuiltIn">
<msg time="2025-02-13T01:08:25.887827" level="INFO">${normalized} = 1.0</msg>
<var>${normalized}</var>
<arg>${output}</arg>
<doc>Returns the given values which can then be assigned to a variables.</doc>
<status status="PASS" start="2025-02-13T01:08:25.887768" elapsed="0.000069"/>
</kw>
<kw name="Run Keyword And Return Status" owner="BuiltIn">
<kw name="Should Be Empty" owner="BuiltIn">
<msg time="2025-02-13T01:08:25.888001" level="INFO">Length is 3.</msg>
<msg time="2025-02-13T01:08:25.888040" level="FAIL">'1.0' should be empty.</msg>
<arg>${normalized}</arg>
<doc>Verifies that the given item is empty.</doc>
<status status="FAIL" start="2025-02-13T01:08:25.887951" elapsed="0.000121">'1.0' should be empty.</status>
</kw>
<msg time="2025-02-13T01:08:25.888110" level="INFO">${is_empty} = False</msg>
<var>${is_empty}</var>
<arg>Should Be Empty</arg>
<arg>${normalized}</arg>
<doc>Runs the given keyword with given arguments and returns the status as a Boolean value.</doc>
<status status="PASS" start="2025-02-13T01:08:25.887888" elapsed="0.000231"/>
</kw>
<if>
<branch type="IF" condition="${is_empty}">
<return>
<value>${normalized}</value>
<status status="NOT RUN" start="2025-02-13T01:08:25.888176" elapsed="0.000005"/>
</return>
<status status="NOT RUN" start="2025-02-13T01:08:25.888147" elapsed="0.000046"/>
</branch>
<status status="PASS" start="2025-02-13T01:08:25.888140" elapsed="0.000063"/>
</if>
<kw name="Split To Lines" owner="String">
<msg time="2025-02-13T01:08:25.888296" level="INFO">1 lines returned</msg>
<msg time="2025-02-13T01:08:25.888324" level="INFO">${lines} = ['1.0']</msg>
<var>${lines}</var>
<arg>${normalized}</arg>
<doc>Splits the given string to lines.</doc>
<status status="PASS" start="2025-02-13T01:08:25.888245" elapsed="0.000088"/>
</kw>
<kw name="Create List" owner="BuiltIn">
<msg time="2025-02-13T01:08:25.888421" level="INFO">${stripped_lines} = []</msg>
<var>${stripped_lines}</var>
<doc>Returns a list containing given items.</doc>
<status status="PASS" start="2025-02-13T01:08:25.888377" elapsed="0.000053"/>
</kw>
<for flavor="IN">
<iter>
<kw name="Strip String" owner="String">
<msg time="2025-02-13T01:08:25.888632" level="INFO">${stripped} = 1.0</msg>
<var>${stripped}</var>
<arg>${line}</arg>
<doc>Remove leading and/or trailing whitespaces from the given string.</doc>
<status status="PASS" start="2025-02-13T01:08:25.888569" elapsed="0.000073"/>
</kw>
<kw name="Continue For Loop If" owner="BuiltIn">
<arg>'${stripped}' == ''</arg>
<doc>Skips the current FOR loop iteration if the ``condition`` is true.</doc>
<status status="PASS" start="2025-02-13T01:08:25.888689" elapsed="0.000087"/>
</kw>
<try>
<branch type="TRY">
<kw name="Convert To Number" owner="BuiltIn">
<msg time="2025-02-13T01:08:25.888932" level="INFO">${as_number} = 1.0</msg>
<var>${as_number}</var>
<arg>${stripped}</arg>
<doc>Converts the given item to a floating point number.</doc>
<status status="PASS" start="2025-02-13T01:08:25.888852" elapsed="0.000089"/>
</kw>
<kw name="Convert To String" owner="BuiltIn">
<msg time="2025-02-13T01:08:25.889059" level="INFO">${normalized_line} = 1.0</msg>
<var>${normalized_line}</var>
<arg>${as_number}</arg>
<doc>Converts the given item to a Unicode string.</doc>
<status status="PASS" start="2025-02-13T01:08:25.888986" elapsed="0.000082"/>
</kw>
<status status="PASS" start="2025-02-13T01:08:25.888810" elapsed="0.000273"/>
</branch>
<branch type="EXCEPT">
<kw name="Set Variable" owner="BuiltIn">
<var>${normalized_line}</var>
<arg>${stripped}</arg>
<doc>Returns the given values which can then be assigned to a variables.</doc>
<status status="NOT RUN" start="2025-02-13T01:08:25.889141" elapsed="0.000007"/>
</kw>
<status status="NOT RUN" start="2025-02-13T01:08:25.889101" elapsed="0.000062"/>
</branch>
<status status="PASS" start="2025-02-13T01:08:25.888797" elapsed="0.000379"/>
</try>
<kw name="Append To List" owner="Collections">
<arg>${stripped_lines}</arg>
<arg>${normalized_line}</arg>
<doc>Adds ``values`` to the end of ``list``.</doc>
<status status="PASS" start="2025-02-13T01:08:25.889215" elapsed="0.000066"/>
</kw>
<var name="${line}">1.0</var>
<status status="PASS" start="2025-02-13T01:08:25.888532" elapsed="0.000765"/>
</iter>
<var>${line}</var>
<value>@{lines}</value>
<status status="PASS" start="2025-02-13T01:08:25.888451" elapsed="0.000858"/>
</for>
<kw name="Evaluate" owner="BuiltIn">
<msg time="2025-02-13T01:08:25.889465" level="INFO">${normalized} = 1.0</msg>
<var>${normalized}</var>
<arg>"\\n".join($stripped_lines)</arg>
<doc>Evaluates the given expression in Python and returns the result.</doc>
<status status="PASS" start="2025-02-13T01:08:25.889357" elapsed="0.000118"/>
</kw>
<kw name="Strip String" owner="String">
<msg time="2025-02-13T01:08:25.889613" level="INFO">${normalized} = 1.0</msg>
<var>${normalized}</var>
<arg>${normalized}</arg>
<doc>Remove leading and/or trailing whitespaces from the given string.</doc>
<status status="PASS" start="2025-02-13T01:08:25.889548" elapsed="0.000075"/>
</kw>
<kw name="Log Debug Info">
<kw name="Get Current Date" owner="DateTime">
<msg time="2025-02-13T01:08:25.889860" level="INFO">${timestamp} = 2025-02-13 01:08:25.889833</msg>
<var>${timestamp}</var>
<arg>result_format=%Y-%m-%d %H:%M:%S.%f</arg>
<doc>Returns current local or UTC time with an optional increment.</doc>
<status status="PASS" start="2025-02-13T01:08:25.889786" elapsed="0.000084"/>
</kw>
<kw name="Append To File" owner="OperatingSystem">
<msg time="2025-02-13T01:08:25.890074" level="INFO" html="true">Appended to file '&lt;a href="file:///Users/tanakrit/Documents/GitHub/RobotFramewokForIDE/NewFormatOfRobot/execution.log"&gt;/Users/tanakrit/Documents/GitHub/RobotFramewokForIDE/NewFormatOfRobot/execution.log&lt;/a&gt;'.</msg>
<arg>${LOG_FILE}</arg>
<arg>${timestamp}: ${message}\n</arg>
<doc>Appends the given content to the specified file.</doc>
<status status="PASS" start="2025-02-13T01:08:25.889921" elapsed="0.000189"/>
</kw>
<arg>Normalized output: ${normalized}</arg>
<status status="PASS" start="2025-02-13T01:08:25.889674" elapsed="0.000458"/>
</kw>
<return>
<value>${normalized}</value>
<status status="PASS" start="2025-02-13T01:08:25.890145" elapsed="0.000012"/>
</return>
<msg time="2025-02-13T01:08:25.890205" level="INFO">${normalized_student} = 1.0</msg>
<var>${normalized_student}</var>
<arg>${student_output}</arg>
<status status="PASS" start="2025-02-13T01:08:25.887658" elapsed="0.002555"/>
</kw>
<kw name="Normalize Output">
<kw name="Set Variable" owner="BuiltIn">
<msg time="2025-02-13T01:08:25.890480" level="INFO">${normalized} = 1</msg>
<var>${normalized}</var>
<arg>${output}</arg>
<doc>Returns the given values which can then be assigned to a variables.</doc>
<status status="PASS" start="2025-02-13T01:08:25.890429" elapsed="0.000059"/>
</kw>
<kw name="Run Keyword And Return Status" owner="BuiltIn">
<kw name="Should Be Empty" owner="BuiltIn">
<msg time="2025-02-13T01:08:25.890628" level="INFO">Length is 1.</msg>
<msg time="2025-02-13T01:08:25.890662" level="FAIL">'1' should be empty.</msg>
<arg>${normalized}</arg>
<doc>Verifies that the given item is empty.</doc>
<status status="FAIL" start="2025-02-13T01:08:25.890585" elapsed="0.000115">'1' should be empty.</status>
</kw>
<msg time="2025-02-13T01:08:25.890741" level="INFO">${is_empty} = False</msg>
<var>${is_empty}</var>
<arg>Should Be Empty</arg>
<arg>${normalized}</arg>
<doc>Runs the given keyword with given arguments and returns the status as a Boolean value.</doc>
<status status="PASS" start="2025-02-13T01:08:25.890531" elapsed="0.000219"/>
</kw>
<if>
<branch type="IF" condition="${is_empty}">
<return>
<value>${normalized}</value>
<status status="NOT RUN" start="2025-02-13T01:08:25.890908" elapsed="0.000006"/>
</return>
<status status="NOT RUN" start="2025-02-13T01:08:25.890875" elapsed="0.000053"/>
</branch>
<status status="PASS" start="2025-02-13T01:08:25.890772" elapsed="0.000165"/>
</if>
<kw name="Split To Lines" owner="String">
<msg time="2025-02-13T01:08:25.891031" level="INFO">1 lines returned</msg>
<msg time="2025-02-13T01:08:25.891060" level="INFO">${lines} = ['1']</msg>
<var>${lines}</var>
<arg>${normalized}</arg>
<doc>Splits the given string to lines.</doc>
<status status="PASS" start="2025-02-13T01:08:25.890980" elapsed="0.000089"/>
</kw>
<kw name="Create List" owner="BuiltIn">
<msg time="2025-02-13T01:08:25.891161" level="INFO">${stripped_lines} = []</msg>
<var>${stripped_lines}</var>
<doc>Returns a list containing given items.</doc>
<status status="PASS" start="2025-02-13T01:08:25.891116" elapsed="0.000054"/>
</kw>
<for flavor="IN">
<iter>
<kw name="Strip String" owner="String">
<msg time="2025-02-13T01:08:25.891380" level="INFO">${stripped} = 1</msg>
<var>${stripped}</var>
<arg>${line}</arg>
<doc>Remove leading and/or trailing whitespaces from the given string.</doc>
<status status="PASS" start="2025-02-13T01:08:25.891313" elapsed="0.000077"/>
</kw>
<kw name="Continue For Loop If" owner="BuiltIn">
<arg>'${stripped}' == ''</arg>
<doc>Skips the current FOR loop iteration if the ``condition`` is true.</doc>
<status status="PASS" start="2025-02-13T01:08:25.891437" elapsed="0.000090"/>
</kw>
<try>
<branch type="TRY">
<kw name="Convert To Number" owner="BuiltIn">
<msg time="2025-02-13T01:08:25.891684" level="INFO">${as_number} = 1.0</msg>
<var>${as_number}</var>
<arg>${stripped}</arg>
<doc>Converts the given item to a floating point number.</doc>
<status status="PASS" start="2025-02-13T01:08:25.891606" elapsed="0.000088"/>
</kw>
<kw name="Convert To String" owner="BuiltIn">
<msg time="2025-02-13T01:08:25.891809" level="INFO">${normalized_line} = 1.0</msg>
<var>${normalized_line}</var>
<arg>${as_number}</arg>
<doc>Converts the given item to a Unicode string.</doc>
<status status="PASS" start="2025-02-13T01:08:25.891739" elapsed="0.000080"/>
</kw>
<status status="PASS" start="2025-02-13T01:08:25.891562" elapsed="0.000272"/>
</branch>
<branch type="EXCEPT">
<kw name="Set Variable" owner="BuiltIn">
<var>${normalized_line}</var>
<arg>${stripped}</arg>
<doc>Returns the given values which can then be assigned to a variables.</doc>
<status status="NOT RUN" start="2025-02-13T01:08:25.891894" elapsed="0.000008"/>
</kw>
<status status="NOT RUN" start="2025-02-13T01:08:25.891853" elapsed="0.000064"/>
</branch>
<status status="PASS" start="2025-02-13T01:08:25.891548" elapsed="0.000385"/>
</try>
<kw name="Append To List" owner="Collections">
<arg>${stripped_lines}</arg>
<arg>${normalized_line}</arg>
<doc>Adds ``values`` to the end of ``list``.</doc>
<status status="PASS" start="2025-02-13T01:08:25.891972" elapsed="0.000069"/>
</kw>
<var name="${line}">1</var>
<status status="PASS" start="2025-02-13T01:08:25.891274" elapsed="0.000783"/>
</iter>
<var>${line}</var>
<value>@{lines}</value>
<status status="PASS" start="2025-02-13T01:08:25.891191" elapsed="0.000879"/>
</for>
[...]
<status status="PASS" start="2025-02-13T01:08:28.513913" elapsed="0.000193"/>
</kw>
<if>
<branch type="IF" condition="${is_empty}">
<return>
<value>${normalized}</value>
<status status="NOT RUN" start="2025-02-13T01:08:28.514159" elapsed="0.000005"/>
</return>
<status status="NOT RUN" start="2025-02-13T01:08:28.514132" elapsed="0.000042"/>
</branch>
<status status="PASS" start="2025-02-13T01:08:28.514125" elapsed="0.000058"/>
</if>
<kw name="Split To Lines" owner="String">
<msg time="2025-02-13T01:08:28.514266" level="INFO">1 lines returned</msg>
<msg time="2025-02-13T01:08:28.514290" level="INFO">${lines} = ['512']</msg>
<var>${lines}</var>
<arg>${normalized}</arg>
<doc>Splits the given string to lines.</doc>
<status status="PASS" start="2025-02-13T01:08:28.514221" elapsed="0.000076"/>
</kw>
<kw name="Create List" owner="BuiltIn">
<msg time="2025-02-13T01:08:28.514381" level="INFO">${stripped_lines} = []</msg>
<var>${stripped_lines}</var>
<doc>Returns a list containing given items.</doc>
<status status="PASS" start="2025-02-13T01:08:28.514337" elapsed="0.000052"/>
</kw>
<for flavor="IN">
<iter>
<kw name="Strip String" owner="String">
<msg time="2025-02-13T01:08:28.514568" level="INFO">${stripped} = 512</msg>
<var>${stripped}</var>
<arg>${line}</arg>
<doc>Remove leading and/or trailing whitespaces from the given string.</doc>
<status status="PASS" start="2025-02-13T01:08:28.514510" elapsed="0.000067"/>
</kw>
<kw name="Continue For Loop If" owner="BuiltIn">
<arg>'${stripped}' == ''</arg>
<doc>Skips the current FOR loop iteration if the ``condition`` is true.</doc>
<status status="PASS" start="2025-02-13T01:08:28.514619" elapsed="0.000084"/>
</kw>
<try>
<branch type="TRY">
<kw name="Convert To Number" owner="BuiltIn">
<msg time="2025-02-13T01:08:28.514832" level="INFO">${as_number} = 512.0</msg>
<var>${as_number}</var>
<arg>${stripped}</arg>
<doc>Converts the given item to a floating point number.</doc>
<status status="PASS" start="2025-02-13T01:08:28.514766" elapsed="0.000074"/>
</kw>
<kw name="Convert To String" owner="BuiltIn">
<msg time="2025-02-13T01:08:28.514941" level="INFO">${normalized_line} = 512.0</msg>
<var>${normalized_line}</var>
<arg>${as_number}</arg>
<doc>Converts the given item to a Unicode string.</doc>
<status status="PASS" start="2025-02-13T01:08:28.514880" elapsed="0.000070"/>
</kw>
<status status="PASS" start="2025-02-13T01:08:28.514731" elapsed="0.000253"/>
</branch>
<branch type="EXCEPT">
<kw name="Set Variable" owner="BuiltIn">
<var>${normalized_line}</var>
<arg>${stripped}</arg>
<doc>Returns the given values which can then be assigned to a variables.</doc>
<status status="NOT RUN" start="2025-02-13T01:08:28.515056" elapsed="0.000006"/>
</kw>
<status status="NOT RUN" start="2025-02-13T01:08:28.515019" elapsed="0.000056"/>
</branch>
<status status="PASS" start="2025-02-13T01:08:28.514721" elapsed="0.000365"/>
</try>
<kw name="Append To List" owner="Collections">
<arg>${stripped_lines}</arg>
<arg>${normalized_line}</arg>
<doc>Adds ``values`` to the end of ``list``.</doc>
<status status="PASS" start="2025-02-13T01:08:28.515120" elapsed="0.000058"/>
</kw>
<var name="${line}">512</var>
<status status="PASS" start="2025-02-13T01:08:28.514476" elapsed="0.000722"/>
</iter>
<var>${line}</var>
<value>@{lines}</value>
<status status="PASS" start="2025-02-13T01:08:28.514405" elapsed="0.000804"/>
</for>
<kw name="Evaluate" owner="BuiltIn">
<msg time="2025-02-13T01:08:28.515346" level="INFO">${normalized} = 512.0</msg>
<var>${normalized}</var>
<arg>"\\n".join($stripped_lines)</arg>
<doc>Evaluates the given expression in Python and returns the result.</doc>
<status status="PASS" start="2025-02-13T01:08:28.515251" elapsed="0.000104"/>
</kw>
<kw name="Strip String" owner="String">
<msg time="2025-02-13T01:08:28.515455" level="INFO">${normalized} = 512.0</msg>
<var>${normalized}</var>
<arg>${normalized}</arg>
<doc>Remove leading and/or trailing whitespaces from the given string.</doc>
<status status="PASS" start="2025-02-13T01:08:28.515397" elapsed="0.000066"/>
</kw>
<kw name="Log Debug Info">
<kw name="Get Current Date" owner="DateTime">
<msg time="2025-02-13T01:08:28.515766" level="INFO">${timestamp} = 2025-02-13 01:08:28.515739</msg>
<var>${timestamp}</var>
<arg>result_format=%Y-%m-%d %H:%M:%S.%f</arg>
<doc>Returns current local or UTC time with an optional increment.</doc>
<status status="PASS" start="2025-02-13T01:08:28.515609" elapsed="0.000167"/>
</kw>
<kw name="Append To File" owner="OperatingSystem">
<msg time="2025-02-13T01:08:28.515953" level="INFO" html="true">Appended to file '&lt;a href="file:///Users/tanakrit/Documents/GitHub/RobotFramewokForIDE/NewFormatOfRobot/execution.log"&gt;/Users/tanakrit/Documents/GitHub/RobotFramewokForIDE/NewFormatOfRobot/execution.log&lt;/a&gt;'.</msg>
<arg>${LOG_FILE}</arg>
<arg>${timestamp}: ${message}\n</arg>
<doc>Appends the given content to the specified file.</doc>
<status status="PASS" start="2025-02-13T01:08:28.515819" elapsed="0.000154"/>
</kw>
<arg>Normalized output: ${normalized}</arg>
<status status="PASS" start="2025-02-13T01:08:28.515509" elapsed="0.000487"/>
</kw>
<return>
<value>${normalized}</value>
<status status="PASS" start="2025-02-13T01:08:28.516012" elapsed="0.000011"/>
</return>
<msg time="2025-02-13T01:08:28.516071" level="INFO">${normalized_expected} = 512.0</msg>
<var>${normalized_expected}</var>
<arg>${expected_output}</arg>
<status status="PASS" start="2025-02-13T01:08:28.513702" elapsed="0.002377"/>
</kw>
<kw name="Split To Lines" owner="String">
<msg time="2025-02-13T01:08:28.516166" level="INFO">1 lines returned</msg>
<msg time="2025-02-13T01:08:28.516191" level="INFO">${student_lines} = ['512.0']</msg>
<var>${student_lines}</var>
<arg>${normalized_student}</arg>
<doc>Splits the given string to lines.</doc>
<status status="PASS" start="2025-02-13T01:08:28.516121" elapsed="0.000079"/>
</kw>
<kw name="Split To Lines" owner="String">
<msg time="2025-02-13T01:08:28.516285" level="INFO">1 lines returned</msg>
<msg time="2025-02-13T01:08:28.516310" level="INFO">${expected_lines} = ['512.0']</msg>
<var>${expected_lines}</var>
<arg>${normalized_expected}</arg>
<doc>Splits the given string to lines.</doc>
<status status="PASS" start="2025-02-13T01:08:28.516243" elapsed="0.000075"/>
</kw>
<kw name="Get Length" owner="BuiltIn">
<msg time="2025-02-13T01:08:28.516404" level="INFO">Length is 1.</msg>
<msg time="2025-02-13T01:08:28.516429" level="INFO">${student_length} = 1</msg>
<var>${student_length}</var>
<arg>${student_lines}</arg>
<doc>Returns and logs the length of the given item as an integer.</doc>
<status status="PASS" start="2025-02-13T01:08:28.516362" elapsed="0.000075"/>
</kw>
<kw name="Get Length" owner="BuiltIn">
<msg time="2025-02-13T01:08:28.516516" level="INFO">Length is 1.</msg>
<msg time="2025-02-13T01:08:28.516539" level="INFO">${expected_length} = 1</msg>
<var>${expected_length}</var>
<arg>${expected_lines}</arg>
<doc>Returns and logs the length of the given item as an integer.</doc>
<status status="PASS" start="2025-02-13T01:08:28.516478" elapsed="0.000068"/>
</kw>
<if>
<branch type="IF" condition="${student_length} != ${expected_length}">
<kw name="Log Debug Info">
<arg>Different number of lines - Student: ${student_length}, Expected: ${expected_length}</arg>
<status status="NOT RUN" start="2025-02-13T01:08:28.516652" elapsed="0.000007"/>
</kw>
<return>
<value>${FALSE}</value>
<status status="NOT RUN" start="2025-02-13T01:08:28.516675" elapsed="0.000005"/>
</return>
<status status="NOT RUN" start="2025-02-13T01:08:28.516571" elapsed="0.000119"/>
</branch>
<status status="PASS" start="2025-02-13T01:08:28.516565" elapsed="0.000134"/>
</if>
<for flavor="IN RANGE">
<iter>
<kw name="Get From List" owner="Collections">
<msg time="2025-02-13T01:08:28.516896" level="INFO">${student_line} = 512.0</msg>
<var>${student_line}</var>
<arg>${student_lines}</arg>
<arg>${index}</arg>
<doc>Returns the value specified with an ``index`` from ``list``.</doc>
<status status="PASS" start="2025-02-13T01:08:28.516830" elapsed="0.000075"/>
</kw>
<kw name="Get From List" owner="Collections">
<msg time="2025-02-13T01:08:28.517012" level="INFO">${expected_line} = 512.0</msg>
<var>${expected_line}</var>
<arg>${expected_lines}</arg>
<arg>${index}</arg>
<doc>Returns the value specified with an ``index`` from ``list``.</doc>
<status status="PASS" start="2025-02-13T01:08:28.516947" elapsed="0.000073"/>
</kw>
<kw name="Replace String" owner="String">
<msg time="2025-02-13T01:08:28.517322" level="INFO">${student_line} = 512.0</msg>
<var>${student_line}</var>
<arg>${student_line}</arg>
<arg>\r</arg>
<arg>${EMPTY}</arg>
<doc>Replaces ``search_for`` in the given ``string`` with ``replace_with``.</doc>
<status status="PASS" start="2025-02-13T01:08:28.517063" elapsed="0.000268"/>
</kw>
<kw name="Replace String" owner="String">
<msg time="2025-02-13T01:08:28.517605" level="INFO">${expected_line} = 512.0</msg>
<var>${expected_line}</var>
<arg>${expected_line}</arg>
<arg>\r</arg>
<arg>${EMPTY}</arg>
<doc>Replaces ``search_for`` in the given ``string`` with ``replace_with``.</doc>
<status status="PASS" start="2025-02-13T01:08:28.517377" elapsed="0.000237"/>
</kw>
<kw name="Strip String" owner="String">
<msg time="2025-02-13T01:08:28.517722" level="INFO">${student_line} = 512.0</msg>
<var>${student_line}</var>
<arg>${student_line}</arg>
<doc>Remove leading and/or trailing whitespaces from the given string.</doc>
<status status="PASS" start="2025-02-13T01:08:28.517660" elapsed="0.000071"/>
</kw>
<kw name="Strip String" owner="String">
<msg time="2025-02-13T01:08:28.517825" level="INFO">${expected_line} = 512.0</msg>
<var>${expected_line}</var>
<arg>${expected_line}</arg>
<doc>Remove leading and/or trailing whitespaces from the given string.</doc>
<status status="PASS" start="2025-02-13T01:08:28.517771" elapsed="0.000062"/>
</kw>
<kw name="Run Keyword And Return Status" owner="BuiltIn">
<kw name="Should Be Equal As Strings" owner="BuiltIn">
<arg>${student_line}</arg>
<arg>${expected_line}</arg>
<doc>Fails if objects are unequal after converting them to strings.</doc>
<status status="PASS" start="2025-02-13T01:08:28.517937" elapsed="0.000075"/>
</kw>
<msg time="2025-02-13T01:08:28.518042" level="INFO">${line_matches} = True</msg>
<var>${line_matches}</var>
<arg>Should Be Equal As Strings</arg>
<arg>${student_line}</arg>
<arg>${expected_line}</arg>
<doc>Runs the given keyword with given arguments and returns the status as a Boolean value.</doc>
<status status="PASS" start="2025-02-13T01:08:28.517877" elapsed="0.000173"/>
</kw>
<if>
<branch type="IF" condition="not ${line_matches}">
<kw name="Log Debug Info">
<arg>Mismatch at line ${index} - Student: "${student_line}", Expected: "${expected_line}"</arg>
<status status="NOT RUN" start="2025-02-13T01:08:28.518155" elapsed="0.000007"/>
</kw>
<return>
<value>${FALSE}</value>
<status status="NOT RUN" start="2025-02-13T01:08:28.518176" elapsed="0.000005"/>
</return>
<status status="NOT RUN" start="2025-02-13T01:08:28.518091" elapsed="0.000100"/>
</branch>
<status status="PASS" start="2025-02-13T01:08:28.518085" elapsed="0.000114"/>
</if>
<var name="${index}">0</var>
<status status="PASS" start="2025-02-13T01:08:28.516795" elapsed="0.001413"/>
</iter>
<var>${index}</var>
<value>${student_length}</value>
<status status="PASS" start="2025-02-13T01:08:28.516714" elapsed="0.001504"/>
</for>
<kw name="Log Debug Info">
<kw name="Get Current Date" owner="DateTime">
<msg time="2025-02-13T01:08:28.518412" level="INFO">${timestamp} = 2025-02-13 01:08:28.518387</msg>
<var>${timestamp}</var>
<arg>result_format=%Y-%m-%d %H:%M:%S.%f</arg>
<doc>Returns current local or UTC time with an optional increment.</doc>
<status status="PASS" start="2025-02-13T01:08:28.518347" elapsed="0.000073"/>
</kw>
<kw name="Append To File" owner="OperatingSystem">
<msg time="2025-02-13T01:08:28.518602" level="INFO" html="true">Appended to file '&lt;a href="file:///Users/tanakrit/Documents/GitHub/RobotFramewokForIDE/NewFormatOfRobot/execution.log"&gt;/Users/tanakrit/Documents/GitHub/RobotFramewokForIDE/NewFormatOfRobot/execution.log&lt;/a&gt;'.</msg>
<arg>${LOG_FILE}</arg>
<arg>${timestamp}: ${message}\n</arg>
<doc>Appends the given content to the specified file.</doc>
<status status="PASS" start="2025-02-13T01:08:28.518460" elapsed="0.000169"/>
</kw>
<arg>Outputs match completely</arg>
<status status="PASS" start="2025-02-13T01:08:28.518259" elapsed="0.000392"/>
</kw>
<return>
<value>${TRUE}</value>
<status status="PASS" start="2025-02-13T01:08:28.518666" elapsed="0.000011"/>
</return>
<msg time="2025-02-13T01:08:28.518722" level="INFO">${outputs_match} = True</msg>
<var>${outputs_match}</var>
<arg>${actual_output}</arg>
<arg>${test_case}[expected]</arg>
<status status="PASS" start="2025-02-13T01:08:28.510913" elapsed="0.007817"/>
</kw>
<kw name="Set Variable If" owner="BuiltIn">
<msg time="2025-02-13T01:08:28.518827" level="INFO">${final_status} = PASS</msg>
<var>${final_status}</var>
<arg>${outputs_match}</arg>
<arg>PASS</arg>
<arg>FAIL</arg>
<doc>Sets variable based on the given condition.</doc>
<status status="PASS" start="2025-02-13T01:08:28.518776" elapsed="0.000059"/>
</kw>
<status status="PASS" start="2025-02-13T01:08:28.510747" elapsed="0.008102"/>
</branch>
<branch type="ELSE">
<kw name="Set Variable" owner="BuiltIn">
<var>${final_status}</var>
<arg>${status}</arg>
<doc>Returns the given values which can then be assigned to a variables.</doc>
<status status="NOT RUN" start="2025-02-13T01:08:28.518897" elapsed="0.000006"/>
</kw>
<status status="NOT RUN" start="2025-02-13T01:08:28.518859" elapsed="0.000056"/>
</branch>
<status status="PASS" start="2025-02-13T01:08:28.510741" elapsed="0.008182"/>
</if>
<kw name="Add Comparison Result">
<kw name="Set Variable" owner="BuiltIn">
<msg time="2025-02-13T01:08:28.519184" level="INFO">${case_key} = Case10</msg>
<var>${case_key}</var>
<arg>Case${case_number}</arg>
<doc>Returns the given values which can then be assigned to a variables.</doc>
<status status="PASS" start="2025-02-13T01:08:28.519131" elapsed="0.000061"/>
</kw>
<kw name="Create Dictionary" owner="BuiltIn">
<msg time="2025-02-13T01:08:28.519366" level="INFO">${case_result} = {'status': 'PASS', 'teacherinput': '9', 'detail': 'Student=512.0 vs Teacher=512'}</msg>
<var>${case_result}</var>
<arg>status=${status}</arg>
<arg>teacherinput=${teacher_input}</arg>
<arg>detail=Student=${student_output} vs Teacher=${teacher_output}</arg>
<doc>Creates and returns a dictionary based on the given ``items``.</doc>
<status status="PASS" start="2025-02-13T01:08:28.519239" elapsed="0.000137"/>
</kw>
<kw name="Set To Dictionary" owner="Collections">
<arg>${results}</arg>
<arg>${case_key}=${case_result}</arg>
<doc>Adds the given ``key_value_pairs`` and/or ``items`` to the ``dictionary``.</doc>
<status status="PASS" start="2025-02-13T01:08:28.519420" elapsed="0.000081"/>
</kw>
<kw name="Log Debug Info">
<kw name="Get Current Date" owner="DateTime">
<msg time="2025-02-13T01:08:28.519715" level="INFO">${timestamp} = 2025-02-13 01:08:28.519691</msg>
<var>${timestamp}</var>
<arg>result_format=%Y-%m-%d %H:%M:%S.%f</arg>
<doc>Returns current local or UTC time with an optional increment.</doc>
<status status="PASS" start="2025-02-13T01:08:28.519652" elapsed="0.000072"/>
</kw>
<kw name="Append To File" owner="OperatingSystem">
<msg time="2025-02-13T01:08:28.519883" level="INFO" html="true">Appended to file '&lt;a href="file:///Users/tanakrit/Documents/GitHub/RobotFramewokForIDE/NewFormatOfRobot/execution.log"&gt;/Users/tanakrit/Documents/GitHub/RobotFramewokForIDE/NewFormatOfRobot/execution.log&lt;/a&gt;'.</msg>
<arg>${LOG_FILE}</arg>
<arg>${timestamp}: ${message}\n</arg>
<doc>Appends the given content to the specified file.</doc>
<status status="PASS" start="2025-02-13T01:08:28.519763" elapsed="0.000138"/>
</kw>
<arg>Added comparison result for ${case_key}: ${case_result}</arg>
<status status="PASS" start="2025-02-13T01:08:28.519545" elapsed="0.000378"/>
</kw>
<arg>${results}</arg>
<arg>${case_number}</arg>
<arg>${final_status}</arg>
<arg>${actual_output}</arg>
<arg>${test_case}[input]</arg>
<arg>${test_case}[expected]</arg>
<status status="PASS" start="2025-02-13T01:08:28.518966" elapsed="0.000973"/>
</kw>
<var name="${index}">9</var>
<var name="${test_case}">{'input': '9', 'expected': '512'}</var>
<status status="PASS" start="2025-02-13T01:08:28.237290" elapsed="0.282664"/>
</iter>
<var>${index}</var>
<var>${test_case}</var>
<value>@{test_cases}</value>
<status status="PASS" start="2025-02-13T01:08:25.140212" elapsed="3.379761"/>
</for>
<kw name="Save Results">
<kw name="Evaluate" owner="BuiltIn">
<msg time="2025-02-13T01:08:28.520356" level="INFO">${json_string} = {
  "Case1": {
    "status": "PASS",
    "teacherinput": "0",
    "detail": "Student=1.0 vs Teacher=1"
  },
  "Case2": {
    "status": "PASS",
    "teacherinput": "1",
    "detail": "Student=2.0 vs Te...</msg>
<var>${json_string}</var>
<arg>json.dumps($results, indent=2)</arg>
<arg>json</arg>
<doc>Evaluates the given expression in Python and returns the result.</doc>
<status status="PASS" start="2025-02-13T01:08:28.520150" elapsed="0.000217"/>
</kw>
<kw name="Create File" owner="OperatingSystem">
<msg time="2025-02-13T01:08:28.520598" level="INFO" html="true">Created file '&lt;a href="file:///Users/tanakrit/Documents/GitHub/RobotFramewokForIDE/NewFormatOfRobot/comparison_results.json"&gt;/Users/tanakrit/Documents/GitHub/RobotFramewokForIDE/NewFormatOfRobot/comparison_results.json&lt;/a&gt;'.</msg>
<arg>${RESULTS_FILE}</arg>
<arg>${json_string}</arg>
<doc>Creates a file with the given content and encoding.</doc>
<status status="PASS" start="2025-02-13T01:08:28.520411" elapsed="0.000214"/>
</kw>
<kw name="Log Debug Info">
<kw name="Get Current Date" owner="DateTime">
<msg time="2025-02-13T01:08:28.520827" level="INFO">${timestamp} = 2025-02-13 01:08:28.520803</msg>
<var>${timestamp}</var>
<arg>result_format=%Y-%m-%d %H:%M:%S.%f</arg>
<doc>Returns current local or UTC time with an optional increment.</doc>
<status status="PASS" start="2025-02-13T01:08:28.520765" elapsed="0.000070"/>
</kw>
<kw name="Append To File" owner="OperatingSystem">
<msg time="2025-02-13T01:08:28.520993" level="INFO" html="true">Appended to file '&lt;a href="file:///Users/tanakrit/Documents/GitHub/RobotFramewokForIDE/NewFormatOfRobot/execution.log"&gt;/Users/tanakrit/Documents/GitHub/RobotFramewokForIDE/NewFormatOfRobot/execution.log&lt;/a&gt;'.</msg>
<arg>${LOG_FILE}</arg>
<arg>${timestamp}: ${message}\n</arg>
<doc>Appends the given content to the specified file.</doc>
<status status="PASS" start="2025-02-13T01:08:28.520874" elapsed="0.000146"/>
</kw>
<arg>Saved results to ${RESULTS_FILE}</arg>
<status status="PASS" start="2025-02-13T01:08:28.520668" elapsed="0.000388"/>
</kw>
<arg>${results}</arg>
<status status="PASS" start="2025-02-13T01:08:28.520052" elapsed="0.001021"/>
</kw>
<kw name="Cleanup Test Environment" type="TEARDOWN">
<kw name="Remove Directory" owner="OperatingSystem">
<msg time="2025-02-13T01:08:28.521718" level="INFO" html="true">Removed directory '&lt;a href="file:///Users/tanakrit/Documents/GitHub/RobotFramewokForIDE/NewFormatOfRobot/temp"&gt;/Users/tanakrit/Documents/GitHub/RobotFramewokForIDE/NewFormatOfRobot/temp&lt;/a&gt;'.</msg>
<arg>${TEMP_DIR}</arg>
<arg>recursive=True</arg>
<doc>Removes the directory pointed to by the given ``path``.</doc>
<status status="PASS" start="2025-02-13T01:08:28.521359" elapsed="0.000382"/>
</kw>
<status status="PASS" start="2025-02-13T01:08:28.521172" elapsed="0.000593"/>
</kw>
<status status="PASS" start="2025-02-13T01:08:25.136745" elapsed="3.385063"/>
</test>
<status status="PASS" start="2025-02-13T01:08:25.079272" elapsed="3.442761"/>
</suite>
<statistics>
<total>
<stat pass="1" fail="0" skip="0">All Tests</stat>
</total>
<tag>
</tag>
<suite>
<stat pass="1" fail="0" skip="0" id="s1" name="Case2">Case2</stat>
</suite>
</statistics>
<errors>
</errors>
</robot>
