<?xml version="1.0" encoding="UTF-8"?>
<robot generator="Robot 7.1.1 (Python 3.11.4 on darwin)" generated="2025-02-09T17:38:22.678384" rpa="false" schemaversion="5">
<suite id="s1" name="Case2" source="/Users/tanakrit/Documents/GitHub/RobotFramewokForIDE/NewFormatOfRobot/Case2.robot">
<test id="s1-t1" name="Compare Student Code With Test Cases" line="349">
<kw name="Setup Test Environment" type="SETUP">
<kw name="Create Directory" owner="OperatingSystem">
<msg time="2025-02-09T17:38:22.734515" level="INFO" html="true">Created directory '&lt;a href="file:///Users/tanakrit/Documents/GitHub/RobotFramewokForIDE/NewFormatOfRobot/temp"&gt;/Users/tanakrit/Documents/GitHub/RobotFramewokForIDE/NewFormatOfRobot/temp&lt;/a&gt;'.</msg>
<arg>${TEMP_DIR}</arg>
<doc>Creates the specified directory.</doc>
<status status="PASS" start="2025-02-09T17:38:22.734317" elapsed="0.000227"/>
</kw>
<kw name="Load Json From File" owner="JSONLibrary">
<msg time="2025-02-09T17:38:22.734715" level="INFO">${student} = {'id': 4, 'title': 'L2Q2 Unicode', 'language': 'python', 'tag_list': ['other'], 'description': 'Write a program to read one character from keyboard and the program then prints out its Unicode in hexad...</msg>
<var>${student}</var>
<arg>${STUDENT_FILE}</arg>
<doc>Load JSON from file.</doc>
<status status="PASS" start="2025-02-09T17:38:22.734599" elapsed="0.000126"/>
</kw>
<kw name="Load Json From File" owner="JSONLibrary">
<msg time="2025-02-09T17:38:22.734871" level="INFO">${teacher} = {'id': 4, 'title': 'L2Q2 Unicode', 'language': 'python', 'tag_list': ['other'], 'description': 'Write a program to read one character from keyboard and the program then prints out its Unicode in hexad...</msg>
<var>${teacher}</var>
<arg>${TEACHER_FILE}</arg>
<doc>Load JSON from file.</doc>
<status status="PASS" start="2025-02-09T17:38:22.734771" elapsed="0.000111"/>
</kw>
<kw name="Create Dictionary" owner="BuiltIn">
<msg time="2025-02-09T17:38:22.734997" level="INFO">${results} = {}</msg>
<var>${results}</var>
<doc>Creates and returns a dictionary based on the given ``items``.</doc>
<status status="PASS" start="2025-02-09T17:38:22.734930" elapsed="0.000075"/>
</kw>
<kw name="Get Current Date" owner="DateTime">
<msg time="2025-02-09T17:38:22.735132" level="INFO">${current_time} = 2025-02-09 17:38:22</msg>
<var>${current_time}</var>
<arg>result_format=%Y-%m-%d %H:%M:%S</arg>
<doc>Returns current local or UTC time with an optional increment.</doc>
<status status="PASS" start="2025-02-09T17:38:22.735046" elapsed="0.000094"/>
</kw>
<return>
<value>${student}</value>
<value>${teacher}</value>
<value>${results}</value>
<status status="PASS" start="2025-02-09T17:38:22.735160" elapsed="0.000019"/>
</return>
<status status="PASS" start="2025-02-09T17:38:22.734000" elapsed="0.001234"/>
</kw>
<kw name="Setup Test Environment">
<kw name="Create Directory" owner="OperatingSystem">
<msg time="2025-02-09T17:38:22.735491" level="INFO" html="true">Directory '&lt;a href="file:///Users/tanakrit/Documents/GitHub/RobotFramewokForIDE/NewFormatOfRobot/temp"&gt;/Users/tanakrit/Documents/GitHub/RobotFramewokForIDE/NewFormatOfRobot/temp&lt;/a&gt;' already exists.</msg>
<arg>${TEMP_DIR}</arg>
<doc>Creates the specified directory.</doc>
<status status="PASS" start="2025-02-09T17:38:22.735426" elapsed="0.000085"/>
</kw>
<kw name="Load Json From File" owner="JSONLibrary">
<msg time="2025-02-09T17:38:22.735660" level="INFO">${student} = {'id': 4, 'title': 'L2Q2 Unicode', 'language': 'python', 'tag_list': ['other'], 'description': 'Write a program to read one character from keyboard and the program then prints out its Unicode in hexad...</msg>
<var>${student}</var>
<arg>${STUDENT_FILE}</arg>
<doc>Load JSON from file.</doc>
<status status="PASS" start="2025-02-09T17:38:22.735557" elapsed="0.000112"/>
</kw>
<kw name="Load Json From File" owner="JSONLibrary">
<msg time="2025-02-09T17:38:22.735814" level="INFO">${teacher} = {'id': 4, 'title': 'L2Q2 Unicode', 'language': 'python', 'tag_list': ['other'], 'description': 'Write a program to read one character from keyboard and the program then prints out its Unicode in hexad...</msg>
<var>${teacher}</var>
<arg>${TEACHER_FILE}</arg>
<doc>Load JSON from file.</doc>
<status status="PASS" start="2025-02-09T17:38:22.735715" elapsed="0.000108"/>
</kw>
<kw name="Create Dictionary" owner="BuiltIn">
<msg time="2025-02-09T17:38:22.735964" level="INFO">${results} = {}</msg>
<var>${results}</var>
<doc>Creates and returns a dictionary based on the given ``items``.</doc>
<status status="PASS" start="2025-02-09T17:38:22.735862" elapsed="0.000110"/>
</kw>
<kw name="Get Current Date" owner="DateTime">
<msg time="2025-02-09T17:38:22.736076" level="INFO">${current_time} = 2025-02-09 17:38:22</msg>
<var>${current_time}</var>
<arg>result_format=%Y-%m-%d %H:%M:%S</arg>
<doc>Returns current local or UTC time with an optional increment.</doc>
<status status="PASS" start="2025-02-09T17:38:22.736009" elapsed="0.000074"/>
</kw>
<return>
<value>${student}</value>
<value>${teacher}</value>
<value>${results}</value>
<status status="PASS" start="2025-02-09T17:38:22.736098" elapsed="0.000012"/>
</return>
<msg time="2025-02-09T17:38:22.736177" level="INFO">${student} = {'id': 4, 'title': 'L2Q2 Unicode', 'language': 'python', 'tag_list': ['other'], 'description': 'Write a program to read one character from keyboard and the program then prints out its Unicode in hexad...</msg>
<msg time="2025-02-09T17:38:22.736196" level="INFO">${teacher} = {'id': 4, 'title': 'L2Q2 Unicode', 'language': 'python', 'tag_list': ['other'], 'description': 'Write a program to read one character from keyboard and the program then prints out its Unicode in hexad...</msg>
<msg time="2025-02-09T17:38:22.736208" level="INFO">${results} = {}</msg>
<var>${student}</var>
<var>${teacher}</var>
<var>${results}</var>
<status status="PASS" start="2025-02-09T17:38:22.735332" elapsed="0.000882"/>
</kw>
<kw name="Log Debug Info">
<kw name="Get Current Date" owner="DateTime">
<msg time="2025-02-09T17:38:22.736441" level="INFO">${timestamp} = 2025-02-09 17:38:22.736416</msg>
<var>${timestamp}</var>
<arg>result_format=%Y-%m-%d %H:%M:%S.%f</arg>
<doc>Returns current local or UTC time with an optional increment.</doc>
<status status="PASS" start="2025-02-09T17:38:22.736376" elapsed="0.000073"/>
</kw>
<kw name="Append To File" owner="OperatingSystem">
<msg time="2025-02-09T17:38:22.736837" level="INFO" html="true">Appended to file '&lt;a href="file:///Users/tanakrit/Documents/GitHub/RobotFramewokForIDE/NewFormatOfRobot/execution.log"&gt;/Users/tanakrit/Documents/GitHub/RobotFramewokForIDE/NewFormatOfRobot/execution.log&lt;/a&gt;'.</msg>
<arg>${LOG_FILE}</arg>
<arg>${timestamp}: ${message}\n</arg>
<doc>Appends the given content to the specified file.</doc>
<status status="PASS" start="2025-02-09T17:38:22.736487" elapsed="0.000368"/>
</kw>
<arg>Starting test execution</arg>
<status status="PASS" start="2025-02-09T17:38:22.736285" elapsed="0.000591"/>
</kw>
<kw name="Set Variable" owner="BuiltIn">
<msg time="2025-02-09T17:38:22.736998" level="INFO">@{test_cases} = [ {'input': 'a', 'output': 'u0061'} | {'input': 'b', 'output': 'u0062'} | {'input': 'c', 'output': 'u0063'} | {'input': 'd', 'output': 'u0064'} | {'input': 'e', 'output': 'u0065'} ]</msg>
<var>@{test_cases}</var>
<arg>${teacher}[testcases]</arg>
<doc>Returns the given values which can then be assigned to a variables.</doc>
<status status="PASS" start="2025-02-09T17:38:22.736931" elapsed="0.000076"/>
</kw>
<kw name="Set Variable" owner="BuiltIn">
<msg time="2025-02-09T17:38:22.737116" level="INFO">${code} = x = input("Enter a character: ")
print("The Unicode is: u%04x" %ord(x))</msg>
<var>${code}</var>
<arg>${student}[defaultCode]</arg>
<doc>Returns the given values which can then be assigned to a variables.</doc>
<status status="PASS" start="2025-02-09T17:38:22.737063" elapsed="0.000061"/>
</kw>
<kw name="Set Variable" owner="BuiltIn">
<msg time="2025-02-09T17:38:22.737223" level="INFO">${language} = python</msg>
<var>${language}</var>
<arg>${student}[language]</arg>
<doc>Returns the given values which can then be assigned to a variables.</doc>
<status status="PASS" start="2025-02-09T17:38:22.737171" elapsed="0.000059"/>
</kw>
<for flavor="IN ENUMERATE">
<iter>
<kw name="Evaluate" owner="BuiltIn">
<msg time="2025-02-09T17:38:22.737503" level="INFO">${case_number} = 1</msg>
<var>${case_number}</var>
<arg>${index} + 1</arg>
<doc>Evaluates the given expression in Python and returns the result.</doc>
<status status="PASS" start="2025-02-09T17:38:22.737432" elapsed="0.000079"/>
</kw>
<kw name="Log Debug Info">
<kw name="Get Current Date" owner="DateTime">
<msg time="2025-02-09T17:38:22.737720" level="INFO">${timestamp} = 2025-02-09 17:38:22.737695</msg>
<var>${timestamp}</var>
<arg>result_format=%Y-%m-%d %H:%M:%S.%f</arg>
<doc>Returns current local or UTC time with an optional increment.</doc>
<status status="PASS" start="2025-02-09T17:38:22.737657" elapsed="0.000071"/>
</kw>
<kw name="Append To File" owner="OperatingSystem">
<msg time="2025-02-09T17:38:22.737870" level="INFO" html="true">Appended to file '&lt;a href="file:///Users/tanakrit/Documents/GitHub/RobotFramewokForIDE/NewFormatOfRobot/execution.log"&gt;/Users/tanakrit/Documents/GitHub/RobotFramewokForIDE/NewFormatOfRobot/execution.log&lt;/a&gt;'.</msg>
<arg>${LOG_FILE}</arg>
<arg>${timestamp}: ${message}\n</arg>
<doc>Appends the given content to the specified file.</doc>
<status status="PASS" start="2025-02-09T17:38:22.737762" elapsed="0.000126"/>
</kw>
<arg>Processing test case ${case_number}</arg>
<status status="PASS" start="2025-02-09T17:38:22.737555" elapsed="0.000359"/>
</kw>
<kw name="Run Keyword And Return Status" owner="BuiltIn">
<kw name="Should Not Be Empty" owner="BuiltIn">
<msg time="2025-02-09T17:38:22.738047" level="INFO">Length is 72.</msg>
<arg>${code}</arg>
<doc>Verifies that the given item is not empty.</doc>
<status status="PASS" start="2025-02-09T17:38:22.738007" elapsed="0.000054"/>
</kw>
<msg time="2025-02-09T17:38:22.738086" level="INFO">${code_exists} = True</msg>
<var>${code_exists}</var>
<arg>Should Not Be Empty</arg>
<arg>${code}</arg>
<doc>Runs the given keyword with given arguments and returns the status as a Boolean value.</doc>
<status status="PASS" start="2025-02-09T17:38:22.737954" elapsed="0.000139"/>
</kw>
<if>
<branch type="IF" condition="not ${code_exists}">
<kw name="Handle Invalid Code">
<arg>${results}</arg>
<arg>${case_number}</arg>
<arg>${test_case}[output]</arg>
<arg>${test_case}[input]</arg>
<arg>${language}</arg>
<status status="NOT RUN" start="2025-02-09T17:38:22.738190" elapsed="0.000006"/>
</kw>
<kw name="Continue For Loop" owner="BuiltIn">
<doc>Skips the current FOR loop iteration and continues from the next.</doc>
<status status="NOT RUN" start="2025-02-09T17:38:22.738238" elapsed="0.000006"/>
</kw>
<status status="NOT RUN" start="2025-02-09T17:38:22.738124" elapsed="0.000129"/>
</branch>
<status status="PASS" start="2025-02-09T17:38:22.738115" elapsed="0.000148"/>
</if>
<kw name="Execute Code With Input">
<kw name="Set Variable" owner="BuiltIn">
<msg time="2025-02-09T17:38:22.738637" level="INFO">${filename} = test</msg>
<var>${filename}</var>
<arg>test</arg>
<doc>Returns the given values which can then be assigned to a variables.</doc>
<status status="PASS" start="2025-02-09T17:38:22.738595" elapsed="0.000050"/>
</kw>
<kw name="Set Variable If" owner="BuiltIn">
<msg time="2025-02-09T17:38:22.738753" level="INFO">${ext} = .py</msg>
<var>${ext}</var>
<arg>'${language}' == 'python'</arg>
<arg>.py</arg>
<arg>'${language}' == 'cpp'</arg>
<arg>.cpp</arg>
<arg>'${language}' == 'rust'</arg>
<arg>.rs</arg>
<arg>'${language}' == 'javascript'</arg>
<arg>.js</arg>
<doc>Sets variable based on the given condition.</doc>
<status status="PASS" start="2025-02-09T17:38:22.738686" elapsed="0.000075"/>
</kw>
<kw name="Log Debug Info">
<kw name="Get Current Date" owner="DateTime">
<msg time="2025-02-09T17:38:22.738974" level="INFO">${timestamp} = 2025-02-09 17:38:22.738951</msg>
<var>${timestamp}</var>
<arg>result_format=%Y-%m-%d %H:%M:%S.%f</arg>
<doc>Returns current local or UTC time with an optional increment.</doc>
<status status="PASS" start="2025-02-09T17:38:22.738912" elapsed="0.000070"/>
</kw>
<kw name="Append To File" owner="OperatingSystem">
<msg time="2025-02-09T17:38:22.739676" level="INFO" html="true">Appended to file '&lt;a href="file:///Users/tanakrit/Documents/GitHub/RobotFramewokForIDE/NewFormatOfRobot/execution.log"&gt;/Users/tanakrit/Documents/GitHub/RobotFramewokForIDE/NewFormatOfRobot/execution.log&lt;/a&gt;'.</msg>
<arg>${LOG_FILE}</arg>
<arg>${timestamp}: ${message}\n</arg>
<doc>Appends the given content to the specified file.</doc>
<status status="PASS" start="2025-02-09T17:38:22.739018" elapsed="0.000679"/>
</kw>
<arg>Executing code in ${language}:\n${code}</arg>
<status status="PASS" start="2025-02-09T17:38:22.738809" elapsed="0.000914"/>
</kw>
<kw name="Log Debug Info">
<kw name="Get Current Date" owner="DateTime">
<msg time="2025-02-09T17:38:22.739941" level="INFO">${timestamp} = 2025-02-09 17:38:22.739917</msg>
<var>${timestamp}</var>
<arg>result_format=%Y-%m-%d %H:%M:%S.%f</arg>
<doc>Returns current local or UTC time with an optional increment.</doc>
<status status="PASS" start="2025-02-09T17:38:22.739875" elapsed="0.000075"/>
</kw>
<kw name="Append To File" owner="OperatingSystem">
<msg time="2025-02-09T17:38:22.740100" level="INFO" html="true">Appended to file '&lt;a href="file:///Users/tanakrit/Documents/GitHub/RobotFramewokForIDE/NewFormatOfRobot/execution.log"&gt;/Users/tanakrit/Documents/GitHub/RobotFramewokForIDE/NewFormatOfRobot/execution.log&lt;/a&gt;'.</msg>
<arg>${LOG_FILE}</arg>
<arg>${timestamp}: ${message}\n</arg>
<doc>Appends the given content to the specified file.</doc>
<status status="PASS" start="2025-02-09T17:38:22.739987" elapsed="0.000131"/>
</kw>
<arg>Input values: ${input}</arg>
<status status="PASS" start="2025-02-09T17:38:22.739772" elapsed="0.000368"/>
</kw>
<kw name="Create File" owner="OperatingSystem">
<msg time="2025-02-09T17:38:22.740371" level="INFO" html="true">Created file '&lt;a href="file:///Users/tanakrit/Documents/GitHub/RobotFramewokForIDE/NewFormatOfRobot/temp/test.py"&gt;/Users/tanakrit/Documents/GitHub/RobotFramewokForIDE/NewFormatOfRobot/temp/test.py&lt;/a&gt;'.</msg>
<arg>${TEMP_DIR}/${filename}${ext}</arg>
<arg>${code}</arg>
<doc>Creates a file with the given content and encoding.</doc>
<status status="PASS" start="2025-02-09T17:38:22.740177" elapsed="0.000212"/>
</kw>
<kw name="Prepare Input File">
<kw name="Run Keyword And Return Status" owner="BuiltIn">
<kw name="Variable Should Exist" owner="BuiltIn">
<arg>${input}</arg>
<doc>Fails unless the given variable exists within the current scope.</doc>
<status status="PASS" start="2025-02-09T17:38:22.740642" elapsed="0.000056"/>
</kw>
<msg time="2025-02-09T17:38:22.740726" level="INFO">${input_exists} = True</msg>
<var>${input_exists}</var>
<arg>Variable Should Exist</arg>
<arg>${input}</arg>
<doc>Runs the given keyword with given arguments and returns the status as a Boolean value.</doc>
<status status="PASS" start="2025-02-09T17:38:22.740586" elapsed="0.000147"/>
</kw>
<kw name="Run Keyword And Return Status" owner="BuiltIn">
<kw name="Should Not Be Equal" owner="BuiltIn">
<arg>${input}</arg>
<arg>None</arg>
<doc>Fails if the given objects are equal.</doc>
<status status="PASS" start="2025-02-09T17:38:22.740825" elapsed="0.000057"/>
</kw>
<msg time="2025-02-09T17:38:22.740909" level="INFO">${input_not_none} = True</msg>
<var>${input_not_none}</var>
<arg>Should Not Be Equal</arg>
<arg>${input}</arg>
<arg>None</arg>
<doc>Runs the given keyword with given arguments and returns the status as a Boolean value.</doc>
<status status="PASS" start="2025-02-09T17:38:22.740774" elapsed="0.000142"/>
</kw>
<kw name="Evaluate" owner="BuiltIn">
<msg time="2025-02-09T17:38:22.741031" level="INFO">${should_create_input} = True</msg>
<var>${should_create_input}</var>
<arg>${input_exists} and ${input_not_none}</arg>
<doc>Evaluates the given expression in Python and returns the result.</doc>
<status status="PASS" start="2025-02-09T17:38:22.740959" elapsed="0.000079"/>
</kw>
<if>
<branch type="IF" condition="${should_create_input}">
<kw name="Replace String" owner="String">
<msg time="2025-02-09T17:38:22.741172" level="INFO">${normalized_input} = a</msg>
<var>${normalized_input}</var>
<arg>${input}</arg>
<arg>\r\n</arg>
<arg>\n</arg>
<doc>Replaces ``search_for`` in the given ``string`` with ``replace_with``.</doc>
<status status="PASS" start="2025-02-09T17:38:22.741113" elapsed="0.000086"/>
</kw>
<kw name="Run Keyword And Return Status" owner="BuiltIn">
<kw name="Should End With" owner="BuiltIn">
<msg time="2025-02-09T17:38:22.741365" level="FAIL">'a' does not end with '
'</msg>
<arg>${normalized_input}</arg>
<arg>\n</arg>
<doc>Fails if the string ``str1`` does not end with the string ``str2``.</doc>
<status status="FAIL" start="2025-02-09T17:38:22.741290" elapsed="0.000128">'a' does not end with '
'</status>
</kw>
<msg time="2025-02-09T17:38:22.741453" level="INFO">${has_newline} = False</msg>
<var>${has_newline}</var>
<arg>Should End With</arg>
<arg>${normalized_input}</arg>
<arg>\n</arg>
<doc>Runs the given keyword with given arguments and returns the status as a Boolean value.</doc>
<status status="PASS" start="2025-02-09T17:38:22.741242" elapsed="0.000218"/>
</kw>
<if>
<branch type="IF" condition="not ${has_newline}">
<kw name="Set Variable" owner="BuiltIn">
<msg time="2025-02-09T17:38:22.741594" level="INFO">${normalized_input} = a
</msg>
<var>${normalized_input}</var>
<arg>${normalized_input}\n</arg>
<doc>Returns the given values which can then be assigned to a variables.</doc>
<status status="PASS" start="2025-02-09T17:38:22.741542" elapsed="0.000059"/>
</kw>
<status status="PASS" start="2025-02-09T17:38:22.741486" elapsed="0.000126"/>
</branch>
<status status="PASS" start="2025-02-09T17:38:22.741479" elapsed="0.000143"/>
</if>
<kw name="Create File" owner="OperatingSystem">
<msg time="2025-02-09T17:38:22.741923" level="INFO" html="true">Created file '&lt;a href="file:///Users/tanakrit/Documents/GitHub/RobotFramewokForIDE/NewFormatOfRobot/temp/input.txt"&gt;/Users/tanakrit/Documents/GitHub/RobotFramewokForIDE/NewFormatOfRobot/temp/input.txt&lt;/a&gt;'.</msg>
<arg>${TEMP_DIR}/input.txt</arg>
<arg>${normalized_input}</arg>
<arg>encoding=UTF-8</arg>
<doc>Creates a file with the given content and encoding.</doc>
<status status="PASS" start="2025-02-09T17:38:22.741655" elapsed="0.000310"/>
</kw>
<kw name="Log Debug Info">
<kw name="Get Current Date" owner="DateTime">
<msg time="2025-02-09T17:38:22.742281" level="INFO">${timestamp} = 2025-02-09 17:38:22.742248</msg>
<var>${timestamp}</var>
<arg>result_format=%Y-%m-%d %H:%M:%S.%f</arg>
<doc>Returns current local or UTC time with an optional increment.</doc>
<status status="PASS" start="2025-02-09T17:38:22.742199" elapsed="0.000092"/>
</kw>
<kw name="Append To File" owner="OperatingSystem">
<msg time="2025-02-09T17:38:22.742473" level="INFO" html="true">Appended to file '&lt;a href="file:///Users/tanakrit/Documents/GitHub/RobotFramewokForIDE/NewFormatOfRobot/execution.log"&gt;/Users/tanakrit/Documents/GitHub/RobotFramewokForIDE/NewFormatOfRobot/execution.log&lt;/a&gt;'.</msg>
<arg>${LOG_FILE}</arg>
<arg>${timestamp}: ${message}\n</arg>
<doc>Appends the given content to the specified file.</doc>
<status status="PASS" start="2025-02-09T17:38:22.742335" elapsed="0.000159"/>
</kw>
<arg>Created input file with content: ${normalized_input}</arg>
<status status="PASS" start="2025-02-09T17:38:22.742032" elapsed="0.000487"/>
</kw>
<return>
<value>${True}</value>
<value>${TEMP_DIR}/input.txt</value>
<status status="PASS" start="2025-02-09T17:38:22.742535" elapsed="0.000016"/>
</return>
<status status="PASS" start="2025-02-09T17:38:22.741064" elapsed="0.001503"/>
</branch>
<status status="PASS" start="2025-02-09T17:38:22.741056" elapsed="0.001525"/>
</if>
<return>
<value>${False}</value>
<value>${EMPTY}</value>
<status status="NOT RUN" start="2025-02-09T17:38:22.742597" elapsed="0.000005"/>
</return>
<msg time="2025-02-09T17:38:22.742664" level="INFO">${has_input} = True</msg>
<msg time="2025-02-09T17:38:22.742679" level="INFO">${input_file} = ./temp/input.txt</msg>
<var>${has_input}</var>
<var>${input_file}</var>
<arg>${input}</arg>
<status status="PASS" start="2025-02-09T17:38:22.740479" elapsed="0.002207"/>
</kw>
<kw name="Set Variable" owner="BuiltIn">
<msg time="2025-02-09T17:38:22.742775" level="INFO">${status} = success</msg>
<var>${status}</var>
<arg>success</arg>
<doc>Returns the given values which can then be assigned to a variables.</doc>
<status status="PASS" start="2025-02-09T17:38:22.742731" elapsed="0.000052"/>
</kw>
<kw name="Set Variable" owner="BuiltIn">
<msg time="2025-02-09T17:38:22.743054" level="INFO">${output} = </msg>
<var>${output}</var>
<arg>${EMPTY}</arg>
<doc>Returns the given values which can then be assigned to a variables.</doc>
<status status="PASS" start="2025-02-09T17:38:22.742822" elapsed="0.000241"/>
</kw>
<try>
<branch type="TRY">
<if>
<branch type="IF" condition="'${language}' == 'python'">
<kw name="Execute Python Code">
<if>
<branch type="IF" condition="${has_input}">
<kw name="Run Process" owner="Process">
<msg time="2025-02-09T17:38:22.743514" level="INFO">Starting process:
python ./temp/test.py</msg>
<msg time="2025-02-09T17:38:22.745641" level="INFO">Waiting for process to complete.</msg>
<msg time="2025-02-09T17:38:22.756864" level="INFO">Process completed.</msg>
<msg time="2025-02-09T17:38:22.757021" level="INFO">${result} = &lt;result object with rc 0&gt;</msg>
<var>${result}</var>
<arg>${PYTHON_CMD}</arg>
<arg>${filename}</arg>
<arg>stdin=${input_file}</arg>
<arg>shell=True</arg>
<arg>stderr=STDOUT</arg>
<doc>Runs a process and waits for it to complete.</doc>
<status status="PASS" start="2025-02-09T17:38:22.743391" elapsed="0.013645"/>
</kw>
<kw name="Log Debug Info">
<kw name="Get Current Date" owner="DateTime">
<msg time="2025-02-09T17:38:22.758073" level="INFO">${timestamp} = 2025-02-09 17:38:22.758035</msg>
<var>${timestamp}</var>
<arg>result_format=%Y-%m-%d %H:%M:%S.%f</arg>
<doc>Returns current local or UTC time with an optional increment.</doc>
<status status="PASS" start="2025-02-09T17:38:22.757969" elapsed="0.000113"/>
</kw>
<kw name="Append To File" owner="OperatingSystem">
<msg time="2025-02-09T17:38:22.758349" level="INFO" html="true">Appended to file '&lt;a href="file:///Users/tanakrit/Documents/GitHub/RobotFramewokForIDE/NewFormatOfRobot/execution.log"&gt;/Users/tanakrit/Documents/GitHub/RobotFramewokForIDE/NewFormatOfRobot/execution.log&lt;/a&gt;'.</msg>
<arg>${LOG_FILE}</arg>
<arg>${timestamp}: ${message}\n</arg>
<doc>Appends the given content to the specified file.</doc>
<status status="PASS" start="2025-02-09T17:38:22.758126" elapsed="0.000255"/>
</kw>
<arg>Python execution with input - RC: ${result.rc}, Output:\n${result.stdout}</arg>
<status status="PASS" start="2025-02-09T17:38:22.757248" elapsed="0.001156"/>
</kw>
<status status="PASS" start="2025-02-09T17:38:22.743345" elapsed="0.015069"/>
</branch>
<branch type="ELSE">
<kw name="Run Process" owner="Process">
<var>${result}</var>
<arg>${PYTHON_CMD}</arg>
<arg>${filename}</arg>
<arg>shell=True</arg>
<arg>stderr=STDOUT</arg>
<arg>stdout=STDOUT</arg>
<doc>Runs a process and waits for it to complete.</doc>
<status status="NOT RUN" start="2025-02-09T17:38:22.758506" elapsed="0.000007"/>
</kw>
<kw name="Log Debug Info">
<arg>Python execution without input - RC: ${result.rc}, Output:\n${result.stdout}</arg>
<status status="NOT RUN" start="2025-02-09T17:38:22.758557" elapsed="0.000006"/>
</kw>
<status status="NOT RUN" start="2025-02-09T17:38:22.758455" elapsed="0.000117"/>
</branch>
<status status="PASS" start="2025-02-09T17:38:22.743339" elapsed="0.015241"/>
</if>
<return>
<value>${result}</value>
<status status="PASS" start="2025-02-09T17:38:22.758597" elapsed="0.000022"/>
</return>
<msg time="2025-02-09T17:38:22.758666" level="INFO">${result} = &lt;result object with rc 0&gt;</msg>
<var>${result}</var>
<arg>${TEMP_DIR}/${filename}${ext}</arg>
<arg>${has_input}</arg>
<arg>${input_file}</arg>
<status status="PASS" start="2025-02-09T17:38:22.743226" elapsed="0.015448"/>
</kw>
<if>
<branch type="IF" condition="${result.rc} != 0">
<kw name="Set Variable" owner="BuiltIn">
<var>${status}</var>
<arg>runtime_error</arg>
<doc>Returns the given values which can then be assigned to a variables.</doc>
<status status="NOT RUN" start="2025-02-09T17:38:22.758956" elapsed="0.000007"/>
</kw>
<kw name="Set Variable" owner="BuiltIn">
<var>${output}</var>
<arg>${result.stdout}</arg>
<doc>Returns the given values which can then be assigned to a variables.</doc>
<status status="NOT RUN" start="2025-02-09T17:38:22.759029" elapsed="0.000006"/>
</kw>
<kw name="Log Debug Info">
<arg>Python runtime error: ${result.stdout}</arg>
<status status="NOT RUN" start="2025-02-09T17:38:22.759073" elapsed="0.000006"/>
</kw>
<status status="NOT RUN" start="2025-02-09T17:38:22.758702" elapsed="0.000388"/>
</branch>
<branch type="ELSE">
<kw name="Get Final Output">
<kw name="Log Debug Info">
<kw name="Get Current Date" owner="DateTime">
<msg time="2025-02-09T17:38:22.759587" level="INFO">${timestamp} = 2025-02-09 17:38:22.759561</msg>
<var>${timestamp}</var>
<arg>result_format=%Y-%m-%d %H:%M:%S.%f</arg>
<doc>Returns current local or UTC time with an optional increment.</doc>
<status status="PASS" start="2025-02-09T17:38:22.759522" elapsed="0.000073"/>
</kw>
<kw name="Append To File" owner="OperatingSystem">
<msg time="2025-02-09T17:38:22.759756" level="INFO" html="true">Appended to file '&lt;a href="file:///Users/tanakrit/Documents/GitHub/RobotFramewokForIDE/NewFormatOfRobot/execution.log"&gt;/Users/tanakrit/Documents/GitHub/RobotFramewokForIDE/NewFormatOfRobot/execution.log&lt;/a&gt;'.</msg>
<arg>${LOG_FILE}</arg>
<arg>${timestamp}: ${message}\n</arg>
<doc>Appends the given content to the specified file.</doc>
<status status="PASS" start="2025-02-09T17:38:22.759630" elapsed="0.000159"/>
</kw>
<arg>Processing raw output: ${output}</arg>
<status status="PASS" start="2025-02-09T17:38:22.759428" elapsed="0.000383"/>
</kw>
<kw name="Split To Lines" owner="String">
<msg time="2025-02-09T17:38:22.759901" level="INFO">1 lines returned</msg>
<msg time="2025-02-09T17:38:22.759924" level="INFO">${lines} = ['Enter a character: The Unicode is: u0061']</msg>
<var>${lines}</var>
<arg>${output}</arg>
<doc>Splits the given string to lines.</doc>
<status status="PASS" start="2025-02-09T17:38:22.759847" elapsed="0.000084"/>
</kw>
<kw name="Create List" owner="BuiltIn">
<msg time="2025-02-09T17:38:22.760024" level="INFO">${final_lines} = []</msg>
<var>${final_lines}</var>
<doc>Returns a list containing given items.</doc>
<status status="PASS" start="2025-02-09T17:38:22.759976" elapsed="0.000055"/>
</kw>
<kw name="Create List" owner="BuiltIn">
<msg time="2025-02-09T17:38:22.760131" level="INFO">@{patterns_to_remove} = [ (?i)Enter [A-Za-z\s]+: | (?i)Input [A-Za-z\s]+: | (?i)Please enter [A-Za-z\s]+: | (?i)The Unicode is: ]</msg>
<var>@{patterns_to_remove}</var>
<arg>(?i)Enter [A-Za-z\\s]+:</arg>
<arg>(?i)Input [A-Za-z\\s]+:</arg>
<arg>(?i)Please enter [A-Za-z\\s]+:</arg>
<arg>(?i)The Unicode is:</arg>
<doc>Returns a list containing given items.</doc>
<status status="PASS" start="2025-02-09T17:38:22.760066" elapsed="0.000073"/>
</kw>
<for flavor="IN">
<iter>
<kw name="Strip String" owner="String">
<msg time="2025-02-09T17:38:22.760315" level="INFO">${stripped} = Enter a character: The Unicode is: u0061</msg>
<var>${stripped}</var>
<arg>${line}</arg>
<doc>Remove leading and/or trailing whitespaces from the given string.</doc>
<status status="PASS" start="2025-02-09T17:38:22.760265" elapsed="0.000057"/>
</kw>
<kw name="Continue For Loop If" owner="BuiltIn">
<arg>'${stripped}' == ''</arg>
<doc>Skips the current FOR loop iteration if the ``condition`` is true.</doc>
<status status="PASS" start="2025-02-09T17:38:22.760364" elapsed="0.000076"/>
</kw>
<kw name="Set Variable" owner="BuiltIn">
<msg time="2025-02-09T17:38:22.760517" level="INFO">${cleaned} = Enter a character: The Unicode is: u0061</msg>
<var>${cleaned}</var>
<arg>${stripped}</arg>
<doc>Returns the given values which can then be assigned to a variables.</doc>
<status status="PASS" start="2025-02-09T17:38:22.760474" elapsed="0.000051"/>
</kw>
<for flavor="IN">
<iter>
<kw name="Replace String Using Regexp" owner="String">
<msg time="2025-02-09T17:38:22.760974" level="INFO">${cleaned} =  The Unicode is: u0061</msg>
<var>${cleaned}</var>
<arg>${cleaned}</arg>
<arg>${pattern}</arg>
<arg>${EMPTY}</arg>
<doc>Replaces ``pattern`` in the given ``string`` with ``replace_with``.</doc>
<status status="PASS" start="2025-02-09T17:38:22.760608" elapsed="0.000374"/>
</kw>
<var name="${pattern}">(?i)Enter [A-Za-z\s]+:</var>
<status status="PASS" start="2025-02-09T17:38:22.760579" elapsed="0.000417"/>
</iter>
<iter>
<kw name="Replace String Using Regexp" owner="String">
<msg time="2025-02-09T17:38:22.761347" level="INFO">${cleaned} =  The Unicode is: u0061</msg>
<var>${cleaned}</var>
<arg>${cleaned}</arg>
<arg>${pattern}</arg>
<arg>${EMPTY}</arg>
<doc>Replaces ``pattern`` in the given ``string`` with ``replace_with``.</doc>
<status status="PASS" start="2025-02-09T17:38:22.761058" elapsed="0.000297"/>
</kw>
<var name="${pattern}">(?i)Input [A-Za-z\s]+:</var>
<status status="PASS" start="2025-02-09T17:38:22.761028" elapsed="0.000340"/>
</iter>
<iter>
<kw name="Replace String Using Regexp" owner="String">
<msg time="2025-02-09T17:38:22.761719" level="INFO">${cleaned} =  The Unicode is: u0061</msg>
<var>${cleaned}</var>
<arg>${cleaned}</arg>
<arg>${pattern}</arg>
<arg>${EMPTY}</arg>
<doc>Replaces ``pattern`` in the given ``string`` with ``replace_with``.</doc>
<status status="PASS" start="2025-02-09T17:38:22.761424" elapsed="0.000302"/>
</kw>
<var name="${pattern}">(?i)Please enter [A-Za-z\s]+:</var>
<status status="PASS" start="2025-02-09T17:38:22.761395" elapsed="0.000345"/>
</iter>
<iter>
<kw name="Replace String Using Regexp" owner="String">
<msg time="2025-02-09T17:38:22.762007" level="INFO">${cleaned} =   u0061</msg>
<var>${cleaned}</var>
<arg>${cleaned}</arg>
<arg>${pattern}</arg>
<arg>${EMPTY}</arg>
<doc>Replaces ``pattern`` in the given ``string`` with ``replace_with``.</doc>
<status status="PASS" start="2025-02-09T17:38:22.761796" elapsed="0.000219"/>
</kw>
<var name="${pattern}">(?i)The Unicode is:</var>
<status status="PASS" start="2025-02-09T17:38:22.761767" elapsed="0.000261"/>
</iter>
<var>${pattern}</var>
<value>@{patterns_to_remove}</value>
<status status="PASS" start="2025-02-09T17:38:22.760542" elapsed="0.001496"/>
</for>
<kw name="Strip String" owner="String">
<msg time="2025-02-09T17:38:22.762122" level="INFO">${cleaned} = u0061</msg>
<var>${cleaned}</var>
<arg>${cleaned}</arg>
<doc>Remove leading and/or trailing whitespaces from the given string.</doc>
<status status="PASS" start="2025-02-09T17:38:22.762075" elapsed="0.000053"/>
</kw>
<kw name="Continue For Loop If" owner="BuiltIn">
<arg>'${cleaned}' == ''</arg>
<doc>Skips the current FOR loop iteration if the ``condition`` is true.</doc>
<status status="PASS" start="2025-02-09T17:38:22.762164" elapsed="0.000072"/>
</kw>
<kw name="Append To List" owner="Collections">
<arg>${final_lines}</arg>
<arg>${cleaned}</arg>
<doc>Adds ``values`` to the end of ``list``.</doc>
<status status="PASS" start="2025-02-09T17:38:22.762276" elapsed="0.000050"/>
</kw>
<var name="${line}">Enter a character: The Unicode is: u0061</var>
<status status="PASS" start="2025-02-09T17:38:22.760234" elapsed="0.002104"/>
</iter>
<var>${line}</var>
<value>@{lines}</value>
<status status="PASS" start="2025-02-09T17:38:22.760166" elapsed="0.002183"/>
</for>
<kw name="Evaluate" owner="BuiltIn">
<msg time="2025-02-09T17:38:22.762495" level="INFO">${final_output} = u0061</msg>
<var>${final_output}</var>
<arg>"\\n".join($final_lines)</arg>
<doc>Evaluates the given expression in Python and returns the result.</doc>
<status status="PASS" start="2025-02-09T17:38:22.762385" elapsed="0.000117"/>
</kw>
<kw name="Log Debug Info">
<kw name="Get Current Date" owner="DateTime">
<msg time="2025-02-09T17:38:22.762688" level="INFO">${timestamp} = 2025-02-09 17:38:22.762667</msg>
<var>${timestamp}</var>
<arg>result_format=%Y-%m-%d %H:%M:%S.%f</arg>
<doc>Returns current local or UTC time with an optional increment.</doc>
<status status="PASS" start="2025-02-09T17:38:22.762631" elapsed="0.000065"/>
</kw>
<kw name="Append To File" owner="OperatingSystem">
<msg time="2025-02-09T17:38:22.762845" level="INFO" html="true">Appended to file '&lt;a href="file:///Users/tanakrit/Documents/GitHub/RobotFramewokForIDE/NewFormatOfRobot/execution.log"&gt;/Users/tanakrit/Documents/GitHub/RobotFramewokForIDE/NewFormatOfRobot/execution.log&lt;/a&gt;'.</msg>
<arg>${LOG_FILE}</arg>
<arg>${timestamp}: ${message}\n</arg>
<doc>Appends the given content to the specified file.</doc>
<status status="PASS" start="2025-02-09T17:38:22.762729" elapsed="0.000165"/>
</kw>
<arg>Final processed output: ${final_output}</arg>
<status status="PASS" start="2025-02-09T17:38:22.762542" elapsed="0.000373"/>
</kw>
<return>
<value>${final_output}</value>
<status status="PASS" start="2025-02-09T17:38:22.762929" elapsed="0.000012"/>
</return>
<msg time="2025-02-09T17:38:22.762983" level="INFO">${raw_output} = u0061</msg>
<var>${raw_output}</var>
<arg>${result.stdout}</arg>
<status status="PASS" start="2025-02-09T17:38:22.759192" elapsed="0.003797"/>
</kw>
<kw name="Normalize Output">
<kw name="Set Variable" owner="BuiltIn">
<msg time="2025-02-09T17:38:22.763337" level="INFO">${normalized} = u0061</msg>
<var>${normalized}</var>
<arg>${output}</arg>
<doc>Returns the given values which can then be assigned to a variables.</doc>
<status status="PASS" start="2025-02-09T17:38:22.763289" elapsed="0.000056"/>
</kw>
<kw name="Run Keyword And Return Status" owner="BuiltIn">
<kw name="Should Be Empty" owner="BuiltIn">
<msg time="2025-02-09T17:38:22.763493" level="INFO">Length is 5.</msg>
<msg time="2025-02-09T17:38:22.763537" level="FAIL">'u0061' should be empty.</msg>
<arg>${normalized}</arg>
<doc>Verifies that the given item is empty.</doc>
<status status="FAIL" start="2025-02-09T17:38:22.763445" elapsed="0.000136">'u0061' should be empty.</status>
</kw>
<msg time="2025-02-09T17:38:22.763613" level="INFO">${is_empty} = False</msg>
<var>${is_empty}</var>
<arg>Should Be Empty</arg>
<arg>${normalized}</arg>
<doc>Runs the given keyword with given arguments and returns the status as a Boolean value.</doc>
<status status="PASS" start="2025-02-09T17:38:22.763393" elapsed="0.000226"/>
</kw>
<if>
<branch type="IF" condition="${is_empty}">
<return>
<value>${normalized}</value>
<status status="NOT RUN" start="2025-02-09T17:38:22.763667" elapsed="0.000004"/>
</return>
<status status="NOT RUN" start="2025-02-09T17:38:22.763642" elapsed="0.000038"/>
</branch>
<status status="PASS" start="2025-02-09T17:38:22.763636" elapsed="0.000051"/>
</if>
<kw name="Split To Lines" owner="String">
<msg time="2025-02-09T17:38:22.763756" level="INFO">1 lines returned</msg>
<msg time="2025-02-09T17:38:22.763776" level="INFO">${lines} = ['u0061']</msg>
<var>${lines}</var>
<arg>${normalized}</arg>
<doc>Splits the given string to lines.</doc>
<status status="PASS" start="2025-02-09T17:38:22.763720" elapsed="0.000062"/>
</kw>
<kw name="Create List" owner="BuiltIn">
<msg time="2025-02-09T17:38:22.763850" level="INFO">${stripped_lines} = []</msg>
<var>${stripped_lines}</var>
<doc>Returns a list containing given items.</doc>
<status status="PASS" start="2025-02-09T17:38:22.763817" elapsed="0.000039"/>
</kw>
<for flavor="IN">
<iter>
<kw name="Strip String" owner="String">
<msg time="2025-02-09T17:38:22.764008" level="INFO">${stripped} = u0061</msg>
<var>${stripped}</var>
<arg>${line}</arg>
<doc>Remove leading and/or trailing whitespaces from the given string.</doc>
<status status="PASS" start="2025-02-09T17:38:22.763961" elapsed="0.000055"/>
</kw>
<kw name="Continue For Loop If" owner="BuiltIn">
<arg>'${stripped}' == ''</arg>
<doc>Skips the current FOR loop iteration if the ``condition`` is true.</doc>
<status status="PASS" start="2025-02-09T17:38:22.764050" elapsed="0.000064"/>
</kw>
<try>
<branch type="TRY">
<kw name="Convert To Number" owner="BuiltIn">
<msg time="2025-02-09T17:38:22.764270" level="FAIL">'u0061' cannot be converted to a floating point number: ValueError: could not convert string to float: 'u0061'</msg>
<var>${as_number}</var>
<arg>${stripped}</arg>
<doc>Converts the given item to a floating point number.</doc>
<status status="FAIL" start="2025-02-09T17:38:22.764183" elapsed="0.000156">'u0061' cannot be converted to a floating point number: ValueError: could not convert string to float: 'u0061'</status>
</kw>
<kw name="Convert To String" owner="BuiltIn">
<var>${normalized_line}</var>
<arg>${as_number}</arg>
<doc>Converts the given item to a Unicode string.</doc>
<status status="NOT RUN" start="2025-02-09T17:38:22.764389" elapsed="0.000009"/>
</kw>
<status status="FAIL" start="2025-02-09T17:38:22.764149" elapsed="0.000281">'u0061' cannot be converted to a floating point number: ValueError: could not convert string to float: 'u0061'</status>
</branch>
<branch type="EXCEPT">
<kw name="Set Variable" owner="BuiltIn">
<msg time="2025-02-09T17:38:22.764541" level="INFO">${normalized_line} = u0061</msg>
<var>${normalized_line}</var>
<arg>${stripped}</arg>
<doc>Returns the given values which can then be assigned to a variables.</doc>
<status status="PASS" start="2025-02-09T17:38:22.764490" elapsed="0.000059"/>
</kw>
<status status="PASS" start="2025-02-09T17:38:22.764455" elapsed="0.000106"/>
</branch>
<status status="PASS" start="2025-02-09T17:38:22.764136" elapsed="0.000437"/>
</try>
<kw name="Append To List" owner="Collections">
<arg>${stripped_lines}</arg>
<arg>${normalized_line}</arg>
<doc>Adds ``values`` to the end of ``list``.</doc>
<status status="PASS" start="2025-02-09T17:38:22.764608" elapsed="0.000050"/>
</kw>
<var name="${line}">u0061</var>
<status status="PASS" start="2025-02-09T17:38:22.763933" elapsed="0.000737"/>
</iter>
<var>${line}</var>
<value>@{lines}</value>
<status status="PASS" start="2025-02-09T17:38:22.763872" elapsed="0.000807"/>
</for>
<kw name="Evaluate" owner="BuiltIn">
<msg time="2025-02-09T17:38:22.764794" level="INFO">${normalized} = u0061</msg>
<var>${normalized}</var>
<arg>"\\n".join($stripped_lines)</arg>
<doc>Evaluates the given expression in Python and returns the result.</doc>
<status status="PASS" start="2025-02-09T17:38:22.764714" elapsed="0.000087"/>
</kw>
<kw name="Strip String" owner="String">
<msg time="2025-02-09T17:38:22.764881" level="INFO">${normalized} = u0061</msg>
<var>${normalized}</var>
<arg>${normalized}</arg>
<doc>Remove leading and/or trailing whitespaces from the given string.</doc>
<status status="PASS" start="2025-02-09T17:38:22.764834" elapsed="0.000054"/>
</kw>
<kw name="Log Debug Info">
<kw name="Get Current Date" owner="DateTime">
<msg time="2025-02-09T17:38:22.765063" level="INFO">${timestamp} = 2025-02-09 17:38:22.765042</msg>
<var>${timestamp}</var>
<arg>result_format=%Y-%m-%d %H:%M:%S.%f</arg>
<doc>Returns current local or UTC time with an optional increment.</doc>
<status status="PASS" start="2025-02-09T17:38:22.765008" elapsed="0.000062"/>
</kw>
<kw name="Append To File" owner="OperatingSystem">
<msg time="2025-02-09T17:38:22.765211" level="INFO" html="true">Appended to file '&lt;a href="file:///Users/tanakrit/Documents/GitHub/RobotFramewokForIDE/NewFormatOfRobot/execution.log"&gt;/Users/tanakrit/Documents/GitHub/RobotFramewokForIDE/NewFormatOfRobot/execution.log&lt;/a&gt;'.</msg>
<arg>${LOG_FILE}</arg>
<arg>${timestamp}: ${message}\n</arg>
<doc>Appends the given content to the specified file.</doc>
<status status="PASS" start="2025-02-09T17:38:22.765103" elapsed="0.000136"/>
</kw>
<arg>Normalized output: ${normalized}</arg>
<status status="PASS" start="2025-02-09T17:38:22.764925" elapsed="0.000333"/>
</kw>
<return>
<value>${normalized}</value>
<status status="PASS" start="2025-02-09T17:38:22.765272" elapsed="0.000011"/>
</return>
<msg time="2025-02-09T17:38:22.765323" level="INFO">${output} = u0061</msg>
<var>${output}</var>
<arg>${raw_output}</arg>
<status status="PASS" start="2025-02-09T17:38:22.763193" elapsed="0.002137"/>
</kw>
<kw name="Log Debug Info">
<kw name="Get Current Date" owner="DateTime">
<msg time="2025-02-09T17:38:22.765516" level="INFO">${timestamp} = 2025-02-09 17:38:22.765495</msg>
<var>${timestamp}</var>
<arg>result_format=%Y-%m-%d %H:%M:%S.%f</arg>
<doc>Returns current local or UTC time with an optional increment.</doc>
<status status="PASS" start="2025-02-09T17:38:22.765459" elapsed="0.000065"/>
</kw>
<kw name="Append To File" owner="OperatingSystem">
<msg time="2025-02-09T17:38:22.765680" level="INFO" html="true">Appended to file '&lt;a href="file:///Users/tanakrit/Documents/GitHub/RobotFramewokForIDE/NewFormatOfRobot/execution.log"&gt;/Users/tanakrit/Documents/GitHub/RobotFramewokForIDE/NewFormatOfRobot/execution.log&lt;/a&gt;'.</msg>
<arg>${LOG_FILE}</arg>
<arg>${timestamp}: ${message}\n</arg>
<doc>Appends the given content to the specified file.</doc>
<status status="PASS" start="2025-02-09T17:38:22.765579" elapsed="0.000129"/>
</kw>
<arg>Python final output: ${output}</arg>
<status status="PASS" start="2025-02-09T17:38:22.765368" elapsed="0.000360"/>
</kw>
<status status="PASS" start="2025-02-09T17:38:22.759100" elapsed="0.006637"/>
</branch>
<status status="PASS" start="2025-02-09T17:38:22.758695" elapsed="0.007050"/>
</if>
<status status="PASS" start="2025-02-09T17:38:22.743126" elapsed="0.022628"/>
</branch>
<branch type="ELSE IF" condition="'${language}' == 'cpp'">
<kw name="Execute CPP Code">
<var>${exec_status}</var>
<var>${result}</var>
<arg>${TEMP_DIR}/${filename}${ext}</arg>
<arg>${has_input}</arg>
<arg>${input_file}</arg>
<status status="NOT RUN" start="2025-02-09T17:38:22.765849" elapsed="0.000007"/>
</kw>
<if>
<branch type="IF" condition="'${exec_status}' == 'success'">
<kw name="Get Final Output">
<var>${raw_output}</var>
<arg>${result.stdout}</arg>
<status status="NOT RUN" start="2025-02-09T17:38:22.765953" elapsed="0.000006"/>
</kw>
<kw name="Normalize Output">
<var>${output}</var>
<arg>${raw_output}</arg>
<status status="NOT RUN" start="2025-02-09T17:38:22.766050" elapsed="0.000005"/>
</kw>
<kw name="Log Debug Info">
<arg>C++ final output: ${output}</arg>
<status status="NOT RUN" start="2025-02-09T17:38:22.766085" elapsed="0.000087"/>
</kw>
<status status="NOT RUN" start="2025-02-09T17:38:22.765886" elapsed="0.000297"/>
</branch>
<branch type="ELSE">
<kw name="Set Variable" owner="BuiltIn">
<var>${status}</var>
<arg>${exec_status}</arg>
<doc>Returns the given values which can then be assigned to a variables.</doc>
<status status="NOT RUN" start="2025-02-09T17:38:22.766224" elapsed="0.000006"/>
</kw>
<kw name="Set Variable" owner="BuiltIn">
<var>${output}</var>
<arg>${result.stdout}</arg>
<doc>Returns the given values which can then be assigned to a variables.</doc>
<status status="NOT RUN" start="2025-02-09T17:38:22.766262" elapsed="0.000005"/>
</kw>
<status status="NOT RUN" start="2025-02-09T17:38:22.766191" elapsed="0.000086"/>
</branch>
<status status="NOT RUN" start="2025-02-09T17:38:22.765880" elapsed="0.000404"/>
</if>
<status status="NOT RUN" start="2025-02-09T17:38:22.765766" elapsed="0.000526"/>
</branch>
<branch type="ELSE IF" condition="'${language}' == 'rust'">
<kw name="Execute Rust Code">
<var>${exec_status}</var>
<var>${result}</var>
<arg>${TEMP_DIR}/${filename}${ext}</arg>
<arg>${has_input}</arg>
<arg>${input_file}</arg>
<status status="NOT RUN" start="2025-02-09T17:38:22.766366" elapsed="0.000006"/>
</kw>
<if>
<branch type="IF" condition="'${exec_status}' == 'success'">
<kw name="Get Final Output">
<var>${raw_output}</var>
<arg>${result.stdout}</arg>
<status status="NOT RUN" start="2025-02-09T17:38:22.766460" elapsed="0.000006"/>
</kw>
<kw name="Normalize Output">
<var>${output}</var>
<arg>${raw_output}</arg>
<status status="NOT RUN" start="2025-02-09T17:38:22.766547" elapsed="0.000005"/>
</kw>
<kw name="Log Debug Info">
<arg>Rust final output: ${output}</arg>
<status status="NOT RUN" start="2025-02-09T17:38:22.766582" elapsed="0.000005"/>
</kw>
<status status="NOT RUN" start="2025-02-09T17:38:22.766394" elapsed="0.000202"/>
</branch>
<branch type="ELSE">
<kw name="Set Variable" owner="BuiltIn">
<var>${status}</var>
<arg>${exec_status}</arg>
<doc>Returns the given values which can then be assigned to a variables.</doc>
<status status="NOT RUN" start="2025-02-09T17:38:22.766633" elapsed="0.000005"/>
</kw>
<kw name="Set Variable" owner="BuiltIn">
<var>${output}</var>
<arg>${result.stdout}</arg>
<doc>Returns the given values which can then be assigned to a variables.</doc>
<status status="NOT RUN" start="2025-02-09T17:38:22.766668" elapsed="0.000005"/>
</kw>
<status status="NOT RUN" start="2025-02-09T17:38:22.766603" elapsed="0.000079"/>
</branch>
<status status="NOT RUN" start="2025-02-09T17:38:22.766390" elapsed="0.000299"/>
</if>
<status status="NOT RUN" start="2025-02-09T17:38:22.766298" elapsed="0.000399"/>
</branch>
<branch type="ELSE IF" condition="'${language}' == 'javascript'">
<kw name="Execute JavaScript Code">
<var>${result}</var>
<arg>${TEMP_DIR}/${filename}${ext}</arg>
<arg>${has_input}</arg>
<arg>${input_file}</arg>
<status status="NOT RUN" start="2025-02-09T17:38:22.766753" elapsed="0.000006"/>
</kw>
<if>
<branch type="IF" condition="${result.rc} != 0">
<kw name="Set Variable" owner="BuiltIn">
<var>${status}</var>
<arg>runtime_error</arg>
<doc>Returns the given values which can then be assigned to a variables.</doc>
<status status="NOT RUN" start="2025-02-09T17:38:22.766815" elapsed="0.000005"/>
</kw>
<kw name="Set Variable" owner="BuiltIn">
<var>${output}</var>
<arg>${result.stdout}</arg>
<doc>Returns the given values which can then be assigned to a variables.</doc>
<status status="NOT RUN" start="2025-02-09T17:38:22.766853" elapsed="0.000005"/>
</kw>
<kw name="Log Debug Info">
<arg>JavaScript runtime error: ${result.stdout}</arg>
<status status="NOT RUN" start="2025-02-09T17:38:22.766891" elapsed="0.000005"/>
</kw>
<status status="NOT RUN" start="2025-02-09T17:38:22.766779" elapsed="0.000125"/>
</branch>
<branch type="ELSE">
<kw name="Get Final Output">
<var>${raw_output}</var>
<arg>${result.stdout}</arg>
<status status="NOT RUN" start="2025-02-09T17:38:22.766977" elapsed="0.000006"/>
</kw>
<kw name="Normalize Output">
<var>${output}</var>
<arg>${raw_output}</arg>
<status status="NOT RUN" start="2025-02-09T17:38:22.767062" elapsed="0.000005"/>
</kw>
<kw name="Log Debug Info">
<arg>JavaScript final output: ${output}</arg>
<status status="NOT RUN" start="2025-02-09T17:38:22.767106" elapsed="0.000004"/>
</kw>
<status status="NOT RUN" start="2025-02-09T17:38:22.766911" elapsed="0.000208"/>
</branch>
<status status="NOT RUN" start="2025-02-09T17:38:22.766774" elapsed="0.000351"/>
</if>
<status status="NOT RUN" start="2025-02-09T17:38:22.766704" elapsed="0.000429"/>
</branch>
<status status="PASS" start="2025-02-09T17:38:22.743120" elapsed="0.024020"/>
</if>
<status status="PASS" start="2025-02-09T17:38:22.743104" elapsed="0.024043"/>
</branch>
<branch type="EXCEPT" assign="${error}">
<kw name="Set Variable" owner="BuiltIn">
<var>${status}</var>
<arg>runtime_error</arg>
<doc>Returns the given values which can then be assigned to a variables.</doc>
<status status="NOT RUN" start="2025-02-09T17:38:22.767190" elapsed="0.000006"/>
</kw>
<kw name="Set Variable" owner="BuiltIn">
<var>${output}</var>
<arg>${error}</arg>
<doc>Returns the given values which can then be assigned to a variables.</doc>
<status status="NOT RUN" start="2025-02-09T17:38:22.767227" elapsed="0.000005"/>
</kw>
<kw name="Log Debug Info">
<arg>Exception occurred: ${error}</arg>
<status status="NOT RUN" start="2025-02-09T17:38:22.767264" elapsed="0.000006"/>
</kw>
<status status="NOT RUN" start="2025-02-09T17:38:22.767161" elapsed="0.000118"/>
</branch>
<status status="PASS" start="2025-02-09T17:38:22.743085" elapsed="0.024204"/>
</try>
<kw name="Log Debug Info">
<kw name="Get Current Date" owner="DateTime">
<msg time="2025-02-09T17:38:22.767468" level="INFO">${timestamp} = 2025-02-09 17:38:22.767447</msg>
<var>${timestamp}</var>
<arg>result_format=%Y-%m-%d %H:%M:%S.%f</arg>
<doc>Returns current local or UTC time with an optional increment.</doc>
<status status="PASS" start="2025-02-09T17:38:22.767411" elapsed="0.000064"/>
</kw>
<kw name="Append To File" owner="OperatingSystem">
<msg time="2025-02-09T17:38:22.767616" level="INFO" html="true">Appended to file '&lt;a href="file:///Users/tanakrit/Documents/GitHub/RobotFramewokForIDE/NewFormatOfRobot/execution.log"&gt;/Users/tanakrit/Documents/GitHub/RobotFramewokForIDE/NewFormatOfRobot/execution.log&lt;/a&gt;'.</msg>
<arg>${LOG_FILE}</arg>
<arg>${timestamp}: ${message}\n</arg>
<doc>Appends the given content to the specified file.</doc>
<status status="PASS" start="2025-02-09T17:38:22.767509" elapsed="0.000154"/>
</kw>
<arg>Final execution status: ${status}</arg>
<status status="PASS" start="2025-02-09T17:38:22.767320" elapsed="0.000363"/>
</kw>
<kw name="Log Debug Info">
<kw name="Get Current Date" owner="DateTime">
<msg time="2025-02-09T17:38:22.767865" level="INFO">${timestamp} = 2025-02-09 17:38:22.767843</msg>
<var>${timestamp}</var>
<arg>result_format=%Y-%m-%d %H:%M:%S.%f</arg>
<doc>Returns current local or UTC time with an optional increment.</doc>
<status status="PASS" start="2025-02-09T17:38:22.767808" elapsed="0.000064"/>
</kw>
<kw name="Append To File" owner="OperatingSystem">
<msg time="2025-02-09T17:38:22.768003" level="INFO" html="true">Appended to file '&lt;a href="file:///Users/tanakrit/Documents/GitHub/RobotFramewokForIDE/NewFormatOfRobot/execution.log"&gt;/Users/tanakrit/Documents/GitHub/RobotFramewokForIDE/NewFormatOfRobot/execution.log&lt;/a&gt;'.</msg>
<arg>${LOG_FILE}</arg>
<arg>${timestamp}: ${message}\n</arg>
<doc>Appends the given content to the specified file.</doc>
<status status="PASS" start="2025-02-09T17:38:22.767904" elapsed="0.000127"/>
</kw>
<arg>Final processed output: ${output}</arg>
<status status="PASS" start="2025-02-09T17:38:22.767720" elapsed="0.000331"/>
</kw>
<return>
<value>${status}</value>
<value>${output}</value>
<status status="PASS" start="2025-02-09T17:38:22.768065" elapsed="0.000009"/>
</return>
<msg time="2025-02-09T17:38:22.768132" level="INFO">${status} = success</msg>
<msg time="2025-02-09T17:38:22.768145" level="INFO">${actual_output} = u0061</msg>
<var>${status}</var>
<var>${actual_output}</var>
<arg>${code}</arg>
<arg>${language}</arg>
<arg>${test_case}[input]</arg>
<status status="PASS" start="2025-02-09T17:38:22.738465" elapsed="0.029686"/>
</kw>
<if>
<branch type="IF" condition="'${status}' == 'success'">
<kw name="Compare Outputs">
<kw name="Normalize Output">
<kw name="Set Variable" owner="BuiltIn">
<msg time="2025-02-09T17:38:22.768644" level="INFO">${normalized} = u0061</msg>
<var>${normalized}</var>
<arg>${output}</arg>
<doc>Returns the given values which can then be assigned to a variables.</doc>
<status status="PASS" start="2025-02-09T17:38:22.768530" elapsed="0.000121"/>
</kw>
<kw name="Run Keyword And Return Status" owner="BuiltIn">
<kw name="Should Be Empty" owner="BuiltIn">
<msg time="2025-02-09T17:38:22.768774" level="INFO">Length is 5.</msg>
<msg time="2025-02-09T17:38:22.768801" level="FAIL">'u0061' should be empty.</msg>
<arg>${normalized}</arg>
<doc>Verifies that the given item is empty.</doc>
<status status="FAIL" start="2025-02-09T17:38:22.768737" elapsed="0.000085">'u0061' should be empty.</status>
</kw>
<msg time="2025-02-09T17:38:22.768850" level="INFO">${is_empty} = False</msg>
<var>${is_empty}</var>
<arg>Should Be Empty</arg>
<arg>${normalized}</arg>
<doc>Runs the given keyword with given arguments and returns the status as a Boolean value.</doc>
<status status="PASS" start="2025-02-09T17:38:22.768691" elapsed="0.000166"/>
</kw>
<if>
<branch type="IF" condition="${is_empty}">
<return>
<value>${normalized}</value>
<status status="NOT RUN" start="2025-02-09T17:38:22.768900" elapsed="0.000004"/>
</return>
<status status="NOT RUN" start="2025-02-09T17:38:22.768878" elapsed="0.000034"/>
</branch>
<status status="PASS" start="2025-02-09T17:38:22.768873" elapsed="0.000046"/>
</if>
<kw name="Split To Lines" owner="String">
<msg time="2025-02-09T17:38:22.768988" level="INFO">1 lines returned</msg>
<msg time="2025-02-09T17:38:22.769008" level="INFO">${lines} = ['u0061']</msg>
<var>${lines}</var>
<arg>${normalized}</arg>
<doc>Splits the given string to lines.</doc>
<status status="PASS" start="2025-02-09T17:38:22.768951" elapsed="0.000064"/>
</kw>
<kw name="Create List" owner="BuiltIn">
<msg time="2025-02-09T17:38:22.769081" level="INFO">${stripped_lines} = []</msg>
<var>${stripped_lines}</var>
<doc>Returns a list containing given items.</doc>
<status status="PASS" start="2025-02-09T17:38:22.769047" elapsed="0.000040"/>
</kw>
<for flavor="IN">
<iter>
<kw name="Strip String" owner="String">
<msg time="2025-02-09T17:38:22.769241" level="INFO">${stripped} = u0061</msg>
<var>${stripped}</var>
<arg>${line}</arg>
<doc>Remove leading and/or trailing whitespaces from the given string.</doc>
<status status="PASS" start="2025-02-09T17:38:22.769195" elapsed="0.000053"/>
</kw>
<kw name="Continue For Loop If" owner="BuiltIn">
<arg>'${stripped}' == ''</arg>
<doc>Skips the current FOR loop iteration if the ``condition`` is true.</doc>
<status status="PASS" start="2025-02-09T17:38:22.769282" elapsed="0.000066"/>
</kw>
<try>
<branch type="TRY">
<kw name="Convert To Number" owner="BuiltIn">
<msg time="2025-02-09T17:38:22.769472" level="FAIL">'u0061' cannot be converted to a floating point number: ValueError: could not convert string to float: 'u0061'</msg>
<var>${as_number}</var>
<arg>${stripped}</arg>
<doc>Converts the given item to a floating point number.</doc>
<status status="FAIL" start="2025-02-09T17:38:22.769405" elapsed="0.000120">'u0061' cannot be converted to a floating point number: ValueError: could not convert string to float: 'u0061'</status>
</kw>
<kw name="Convert To String" owner="BuiltIn">
<var>${normalized_line}</var>
<arg>${as_number}</arg>
<doc>Converts the given item to a Unicode string.</doc>
<status status="NOT RUN" start="2025-02-09T17:38:22.769566" elapsed="0.000006"/>
</kw>
<status status="FAIL" start="2025-02-09T17:38:22.769374" elapsed="0.000219">'u0061' cannot be converted to a floating point number: ValueError: could not convert string to float: 'u0061'</status>
</branch>
<branch type="EXCEPT">
<kw name="Set Variable" owner="BuiltIn">
<msg time="2025-02-09T17:38:22.769685" level="INFO">${normalized_line} = u0061</msg>
<var>${normalized_line}</var>
<arg>${stripped}</arg>
<doc>Returns the given values which can then be assigned to a variables.</doc>
<status status="PASS" start="2025-02-09T17:38:22.769638" elapsed="0.000053"/>
</kw>
<status status="PASS" start="2025-02-09T17:38:22.769609" elapsed="0.000094"/>
</branch>
<status status="PASS" start="2025-02-09T17:38:22.769364" elapsed="0.000349"/>
</try>
<kw name="Append To List" owner="Collections">
<arg>${stripped_lines}</arg>
<arg>${normalized_line}</arg>
<doc>Adds ``values`` to the end of ``list``.</doc>
<status status="PASS" start="2025-02-09T17:38:22.769744" elapsed="0.000047"/>
</kw>
<var name="${line}">u0061</var>
<status status="PASS" start="2025-02-09T17:38:22.769166" elapsed="0.000637"/>
</iter>
<var>${line}</var>
<value>@{lines}</value>
<status status="PASS" start="2025-02-09T17:38:22.769104" elapsed="0.000709"/>
</for>
<kw name="Evaluate" owner="BuiltIn">
<msg time="2025-02-09T17:38:22.769925" level="INFO">${normalized} = u0061</msg>
<var>${normalized}</var>
<arg>"\\n".join($stripped_lines)</arg>
<doc>Evaluates the given expression in Python and returns the result.</doc>
<status status="PASS" start="2025-02-09T17:38:22.769846" elapsed="0.000086"/>
</kw>
<kw name="Strip String" owner="String">
<msg time="2025-02-09T17:38:22.770012" level="INFO">${normalized} = u0061</msg>
<var>${normalized}</var>
<arg>${normalized}</arg>
<doc>Remove leading and/or trailing whitespaces from the given string.</doc>
<status status="PASS" start="2025-02-09T17:38:22.769965" elapsed="0.000053"/>
</kw>
<kw name="Log Debug Info">
<kw name="Get Current Date" owner="DateTime">
<msg time="2025-02-09T17:38:22.770191" level="INFO">${timestamp} = 2025-02-09 17:38:22.770170</msg>
<var>${timestamp}</var>
<arg>result_format=%Y-%m-%d %H:%M:%S.%f</arg>
<doc>Returns current local or UTC time with an optional increment.</doc>
<status status="PASS" start="2025-02-09T17:38:22.770137" elapsed="0.000062"/>
</kw>
<kw name="Append To File" owner="OperatingSystem">
<msg time="2025-02-09T17:38:22.770336" level="INFO" html="true">Appended to file '&lt;a href="file:///Users/tanakrit/Documents/GitHub/RobotFramewokForIDE/NewFormatOfRobot/execution.log"&gt;/Users/tanakrit/Documents/GitHub/RobotFramewokForIDE/NewFormatOfRobot/execution.log&lt;/a&gt;'.</msg>
<arg>${LOG_FILE}</arg>
<arg>${timestamp}: ${message}\n</arg>
<doc>Appends the given content to the specified file.</doc>
<status status="PASS" start="2025-02-09T17:38:22.770232" elapsed="0.000143"/>
</kw>
<arg>Normalized output: ${normalized}</arg>
<status status="PASS" start="2025-02-09T17:38:22.770054" elapsed="0.000341"/>
</kw>
<return>
<value>${normalized}</value>
<status status="PASS" start="2025-02-09T17:38:22.770408" elapsed="0.000010"/>
</return>
<msg time="2025-02-09T17:38:22.770459" level="INFO">${normalized_student} = u0061</msg>
<var>${normalized_student}</var>
<arg>${student_output}</arg>
<status status="PASS" start="2025-02-09T17:38:22.768451" elapsed="0.002014"/>
</kw>
<kw name="Normalize Output">
<kw name="Set Variable" owner="BuiltIn">
<msg time="2025-02-09T17:38:22.770719" level="INFO">${normalized} = u0061</msg>
<var>${normalized}</var>
<arg>${output}</arg>
<doc>Returns the given values which can then be assigned to a variables.</doc>
<status status="PASS" start="2025-02-09T17:38:22.770673" elapsed="0.000053"/>
</kw>
<kw name="Run Keyword And Return Status" owner="BuiltIn">
<kw name="Should Be Empty" owner="BuiltIn">
<msg time="2025-02-09T17:38:22.770875" level="INFO">Length is 5.</msg>
<msg time="2025-02-09T17:38:22.770904" level="FAIL">'u0061' should be empty.</msg>
<arg>${normalized}</arg>
<doc>Verifies that the given item is empty.</doc>
<status status="FAIL" start="2025-02-09T17:38:22.770835" elapsed="0.000090">'u0061' should be empty.</status>
</kw>
<msg time="2025-02-09T17:38:22.770955" level="INFO">${is_empty} = False</msg>
<var>${is_empty}</var>
<arg>Should Be Empty</arg>
<arg>${normalized}</arg>
<doc>Runs the given keyword with given arguments and returns the status as a Boolean value.</doc>
<status status="PASS" start="2025-02-09T17:38:22.770771" elapsed="0.000191"/>
</kw>
<if>
<branch type="IF" condition="${is_empty}">
<return>
<value>${normalized}</value>
<status status="NOT RUN" start="2025-02-09T17:38:22.771011" elapsed="0.000021"/>
</return>
<status status="NOT RUN" start="2025-02-09T17:38:22.770986" elapsed="0.000058"/>
</branch>
<status status="PASS" start="2025-02-09T17:38:22.770980" elapsed="0.000073"/>
</if>
<kw name="Split To Lines" owner="String">
<msg time="2025-02-09T17:38:22.771136" level="INFO">1 lines returned</msg>
<msg time="2025-02-09T17:38:22.771158" level="INFO">${lines} = ['u0061']</msg>
<var>${lines}</var>
<arg>${normalized}</arg>
<doc>Splits the given string to lines.</doc>
<status status="PASS" start="2025-02-09T17:38:22.771090" elapsed="0.000075"/>
</kw>
<kw name="Create List" owner="BuiltIn">
<msg time="2025-02-09T17:38:22.771237" level="INFO">${stripped_lines} = []</msg>
<var>${stripped_lines}</var>
<doc>Returns a list containing given items.</doc>
<status status="PASS" start="2025-02-09T17:38:22.771201" elapsed="0.000043"/>
</kw>
<for flavor="IN">
<iter>
<kw name="Strip String" owner="String">
<msg time="2025-02-09T17:38:22.771407" level="INFO">${stripped} = u0061</msg>
<var>${stripped}</var>
<arg>${line}</arg>
<doc>Remove leading and/or trailing whitespaces from the given string.</doc>
<status status="PASS" start="2025-02-09T17:38:22.771357" elapsed="0.000057"/>
</kw>
<kw name="Continue For Loop If" owner="BuiltIn">
<arg>'${stripped}' == ''</arg>
<doc>Skips the current FOR loop iteration if the ``condition`` is true.</doc>
<status status="PASS" start="2025-02-09T17:38:22.771451" elapsed="0.000155"/>
</kw>
<try>
<branch type="TRY">
<kw name="Convert To Number" owner="BuiltIn">
<msg time="2025-02-09T17:38:22.771748" level="FAIL">'u0061' cannot be converted to a floating point number: ValueError: could not convert string to float: 'u0061'</msg>
<var>${as_number}</var>
<arg>${stripped}</arg>
<doc>Converts the given item to a floating point number.</doc>
<status status="FAIL" start="2025-02-09T17:38:22.771672" elapsed="0.000121">'u0061' cannot be converted to a floating point number: ValueError: could not convert string to float: 'u0061'</status>
</kw>
<kw name="Convert To String" owner="BuiltIn">
<var>${normalized_line}</var>
<arg>${as_number}</arg>
<doc>Converts the given item to a Unicode string.</doc>
<status status="NOT RUN" start="2025-02-09T17:38:22.771838" elapsed="0.000007"/>
</kw>
<status status="FAIL" start="2025-02-09T17:38:22.771636" elapsed="0.000229">'u0061' cannot be converted to a floating point number: ValueError: could not convert string to float: 'u0061'</status>
</branch>
<branch type="EXCEPT">
<kw name="Set Variable" owner="BuiltIn">
<msg time="2025-02-09T17:38:22.771967" level="INFO">${normalized_line} = u0061</msg>
<var>${normalized_line}</var>
<arg>${stripped}</arg>
<doc>Returns the given values which can then be assigned to a variables.</doc>
<status status="PASS" start="2025-02-09T17:38:22.771917" elapsed="0.000057"/>
</kw>
<status status="PASS" start="2025-02-09T17:38:22.771884" elapsed="0.000102"/>
</branch>
<status status="PASS" start="2025-02-09T17:38:22.771625" elapsed="0.000372"/>
</try>
<kw name="Append To List" owner="Collections">
<arg>${stripped_lines}</arg>
<arg>${normalized_line}</arg>
<doc>Adds ``values`` to the end of ``list``.</doc>
<status status="PASS" start="2025-02-09T17:38:22.772028" elapsed="0.000048"/>
</kw>
<var name="${line}">u0061</var>
<status status="PASS" start="2025-02-09T17:38:22.771327" elapsed="0.000760"/>
</iter>
<var>${line}</var>
<value>@{lines}</value>
<status status="PASS" start="2025-02-09T17:38:22.771262" elapsed="0.000835"/>
</for>
<kw name="Evaluate" owner="BuiltIn">
<msg time="2025-02-09T17:38:22.772208" level="INFO">${normalized} = u0061</msg>
<var>${normalized}</var>
<arg>"\\n".join($stripped_lines)</arg>
<doc>Evaluates the given expression in Python and returns the result.</doc>
<status status="PASS" start="2025-02-09T17:38:22.772130" elapsed="0.000085"/>
</kw>
<kw name="Strip String" owner="String">
<msg time="2025-02-09T17:38:22.772296" level="INFO">${normalized} = u0061</msg>
<var>${normalized}</var>
<arg>${normalized}</arg>
<doc>Remove leading and/or trailing whitespaces from the given string.</doc>
<status status="PASS" start="2025-02-09T17:38:22.772248" elapsed="0.000054"/>
</kw>
<kw name="Log Debug Info">
<kw name="Get Current Date" owner="DateTime">
<msg time="2025-02-09T17:38:22.772475" level="INFO">${timestamp} = 2025-02-09 17:38:22.772455</msg>
<var>${timestamp}</var>
<arg>result_format=%Y-%m-%d %H:%M:%S.%f</arg>
<doc>Returns current local or UTC time with an optional increment.</doc>
<status status="PASS" start="2025-02-09T17:38:22.772421" elapsed="0.000061"/>
</kw>
<kw name="Append To File" owner="OperatingSystem">
<msg time="2025-02-09T17:38:22.772637" level="INFO" html="true">Appended to file '&lt;a href="file:///Users/tanakrit/Documents/GitHub/RobotFramewokForIDE/NewFormatOfRobot/execution.log"&gt;/Users/tanakrit/Documents/GitHub/RobotFramewokForIDE/NewFormatOfRobot/execution.log&lt;/a&gt;'.</msg>
<arg>${LOG_FILE}</arg>
<arg>${timestamp}: ${message}\n</arg>
<doc>Appends the given content to the specified file.</doc>
<status status="PASS" start="2025-02-09T17:38:22.772515" elapsed="0.000150"/>
</kw>
<arg>Normalized output: ${normalized}</arg>
<status status="PASS" start="2025-02-09T17:38:22.772338" elapsed="0.000346"/>
</kw>
<return>
<value>${normalized}</value>
<status status="PASS" start="2025-02-09T17:38:22.772697" elapsed="0.000009"/>
</return>
<msg time="2025-02-09T17:38:22.772747" level="INFO">${normalized_expected} = u0061</msg>
<var>${normalized_expected}</var>
<arg>${expected_output}</arg>
<status status="PASS" start="2025-02-09T17:38:22.770585" elapsed="0.002169"/>
</kw>
<kw name="Split To Lines" owner="String">
<msg time="2025-02-09T17:38:22.772829" level="INFO">1 lines returned</msg>
<msg time="2025-02-09T17:38:22.772850" level="INFO">${student_lines} = ['u0061']</msg>
<var>${student_lines}</var>
<arg>${normalized_student}</arg>
<doc>Splits the given string to lines.</doc>
<status status="PASS" start="2025-02-09T17:38:22.772790" elapsed="0.000066"/>
</kw>
<kw name="Split To Lines" owner="String">
<msg time="2025-02-09T17:38:22.772943" level="INFO">1 lines returned</msg>
<msg time="2025-02-09T17:38:22.772964" level="INFO">${expected_lines} = ['u0061']</msg>
<var>${expected_lines}</var>
<arg>${normalized_expected}</arg>
<doc>Splits the given string to lines.</doc>
<status status="PASS" start="2025-02-09T17:38:22.772891" elapsed="0.000079"/>
</kw>
<kw name="Get Length" owner="BuiltIn">
<msg time="2025-02-09T17:38:22.773038" level="INFO">Length is 1.</msg>
<msg time="2025-02-09T17:38:22.773057" level="INFO">${student_length} = 1</msg>
<var>${student_length}</var>
<arg>${student_lines}</arg>
<doc>Returns and logs the length of the given item as an integer.</doc>
<status status="PASS" start="2025-02-09T17:38:22.773005" elapsed="0.000058"/>
</kw>
<kw name="Get Length" owner="BuiltIn">
<msg time="2025-02-09T17:38:22.773130" level="INFO">Length is 1.</msg>
<msg time="2025-02-09T17:38:22.773149" level="INFO">${expected_length} = 1</msg>
<var>${expected_length}</var>
<arg>${expected_lines}</arg>
<doc>Returns and logs the length of the given item as an integer.</doc>
<status status="PASS" start="2025-02-09T17:38:22.773097" elapsed="0.000058"/>
</kw>
<if>
<branch type="IF" condition="${student_length} != ${expected_length}">
<kw name="Log Debug Info">
<arg>Different number of lines - Student: ${student_length}, Expected: ${expected_length}</arg>
<status status="NOT RUN" start="2025-02-09T17:38:22.773240" elapsed="0.000006"/>
</kw>
<return>
<value>${FALSE}</value>
<status status="NOT RUN" start="2025-02-09T17:38:22.773259" elapsed="0.000004"/>
</return>
<status status="NOT RUN" start="2025-02-09T17:38:22.773176" elapsed="0.000095"/>
</branch>
<status status="PASS" start="2025-02-09T17:38:22.773171" elapsed="0.000107"/>
</if>
<for flavor="IN RANGE">
<iter>
<kw name="Get From List" owner="Collections">
<msg time="2025-02-09T17:38:22.773449" level="INFO">${student_line} = u0061</msg>
<var>${student_line}</var>
<arg>${student_lines}</arg>
<arg>${index}</arg>
<doc>Returns the value specified with an ``index`` from ``list``.</doc>
<status status="PASS" start="2025-02-09T17:38:22.773394" elapsed="0.000063"/>
</kw>
<kw name="Get From List" owner="Collections">
<msg time="2025-02-09T17:38:22.773543" level="INFO">${expected_line} = u0061</msg>
<var>${expected_line}</var>
<arg>${expected_lines}</arg>
<arg>${index}</arg>
<doc>Returns the value specified with an ``index`` from ``list``.</doc>
<status status="PASS" start="2025-02-09T17:38:22.773492" elapsed="0.000057"/>
</kw>
<kw name="Replace String" owner="String">
<msg time="2025-02-09T17:38:22.773778" level="INFO">${student_line} = u0061</msg>
<var>${student_line}</var>
<arg>${student_line}</arg>
<arg>\r</arg>
<arg>${EMPTY}</arg>
<doc>Replaces ``search_for`` in the given ``string`` with ``replace_with``.</doc>
<status status="PASS" start="2025-02-09T17:38:22.773584" elapsed="0.000201"/>
</kw>
<kw name="Replace String" owner="String">
<msg time="2025-02-09T17:38:22.774010" level="INFO">${expected_line} = u0061</msg>
<var>${expected_line}</var>
<arg>${expected_line}</arg>
<arg>\r</arg>
<arg>${EMPTY}</arg>
<doc>Replaces ``search_for`` in the given ``string`` with ``replace_with``.</doc>
<status status="PASS" start="2025-02-09T17:38:22.773824" elapsed="0.000194"/>
</kw>
<kw name="Strip String" owner="String">
<msg time="2025-02-09T17:38:22.774104" level="INFO">${student_line} = u0061</msg>
<var>${student_line}</var>
<arg>${student_line}</arg>
<doc>Remove leading and/or trailing whitespaces from the given string.</doc>
<status status="PASS" start="2025-02-09T17:38:22.774055" elapsed="0.000056"/>
</kw>
<kw name="Strip String" owner="String">
<msg time="2025-02-09T17:38:22.774189" level="INFO">${expected_line} = u0061</msg>
<var>${expected_line}</var>
<arg>${expected_line}</arg>
<doc>Remove leading and/or trailing whitespaces from the given string.</doc>
<status status="PASS" start="2025-02-09T17:38:22.774145" elapsed="0.000050"/>
</kw>
<kw name="Run Keyword And Return Status" owner="BuiltIn">
<kw name="Should Be Equal As Strings" owner="BuiltIn">
<arg>${student_line}</arg>
<arg>${expected_line}</arg>
<doc>Fails if objects are unequal after converting them to strings.</doc>
<status status="PASS" start="2025-02-09T17:38:22.774286" elapsed="0.000069"/>
</kw>
<msg time="2025-02-09T17:38:22.774379" level="INFO">${line_matches} = True</msg>
<var>${line_matches}</var>
<arg>Should Be Equal As Strings</arg>
<arg>${student_line}</arg>
<arg>${expected_line}</arg>
<doc>Runs the given keyword with given arguments and returns the status as a Boolean value.</doc>
<status status="PASS" start="2025-02-09T17:38:22.774233" elapsed="0.000153"/>
</kw>
<if>
<branch type="IF" condition="not ${line_matches}">
<kw name="Log Debug Info">
<arg>Mismatch at line ${index} - Student: "${student_line}", Expected: "${expected_line}"</arg>
<status status="NOT RUN" start="2025-02-09T17:38:22.774464" elapsed="0.000006"/>
</kw>
<return>
<value>${FALSE}</value>
<status status="NOT RUN" start="2025-02-09T17:38:22.774482" elapsed="0.000004"/>
</return>
<status status="NOT RUN" start="2025-02-09T17:38:22.774408" elapsed="0.000086"/>
</branch>
<status status="PASS" start="2025-02-09T17:38:22.774403" elapsed="0.000098"/>
</if>
<var name="${index}">0</var>
<status status="PASS" start="2025-02-09T17:38:22.773365" elapsed="0.001143"/>
</iter>
<var>${index}</var>
<value>${student_length}</value>
<status status="PASS" start="2025-02-09T17:38:22.773296" elapsed="0.001221"/>
</for>
<kw name="Log Debug Info">
<kw name="Get Current Date" owner="DateTime">
<msg time="2025-02-09T17:38:22.774684" level="INFO">${timestamp} = 2025-02-09 17:38:22.774663</msg>
<var>${timestamp}</var>
<arg>result_format=%Y-%m-%d %H:%M:%S.%f</arg>
<doc>Returns current local or UTC time with an optional increment.</doc>
<status status="PASS" start="2025-02-09T17:38:22.774628" elapsed="0.000063"/>
</kw>
<kw name="Append To File" owner="OperatingSystem">
<msg time="2025-02-09T17:38:22.774824" level="INFO" html="true">Appended to file '&lt;a href="file:///Users/tanakrit/Documents/GitHub/RobotFramewokForIDE/NewFormatOfRobot/execution.log"&gt;/Users/tanakrit/Documents/GitHub/RobotFramewokForIDE/NewFormatOfRobot/execution.log&lt;/a&gt;'.</msg>
<arg>${LOG_FILE}</arg>
<arg>${timestamp}: ${message}\n</arg>
<doc>Appends the given content to the specified file.</doc>
<status status="PASS" start="2025-02-09T17:38:22.774724" elapsed="0.000128"/>
</kw>
<arg>Outputs match completely</arg>
<status status="PASS" start="2025-02-09T17:38:22.774553" elapsed="0.000319"/>
</kw>
<return>
<value>${TRUE}</value>
<status status="PASS" start="2025-02-09T17:38:22.774884" elapsed="0.000009"/>
</return>
<msg time="2025-02-09T17:38:22.774932" level="INFO">${outputs_match} = True</msg>
<var>${outputs_match}</var>
<arg>${actual_output}</arg>
<arg>${test_case}[output]</arg>
<status status="PASS" start="2025-02-09T17:38:22.768300" elapsed="0.006639"/>
</kw>
<kw name="Set Variable If" owner="BuiltIn">
<msg time="2025-02-09T17:38:22.775028" level="INFO">${final_status} = PASS</msg>
<var>${final_status}</var>
<arg>${outputs_match}</arg>
<arg>PASS</arg>
<arg>FAIL</arg>
<doc>Sets variable based on the given condition.</doc>
<status status="PASS" start="2025-02-09T17:38:22.774981" elapsed="0.000059"/>
</kw>
<status status="PASS" start="2025-02-09T17:38:22.768176" elapsed="0.006877"/>
</branch>
<branch type="ELSE">
<kw name="Set Variable" owner="BuiltIn">
<var>${final_status}</var>
<arg>${status}</arg>
<doc>Returns the given values which can then be assigned to a variables.</doc>
<status status="NOT RUN" start="2025-02-09T17:38:22.775096" elapsed="0.000006"/>
</kw>
<status status="NOT RUN" start="2025-02-09T17:38:22.775062" elapsed="0.000050"/>
</branch>
<status status="PASS" start="2025-02-09T17:38:22.768170" elapsed="0.006949"/>
</if>
<kw name="Add Comparison Result">
<kw name="Set Variable" owner="BuiltIn">
<msg time="2025-02-09T17:38:22.775344" level="INFO">${case_key} = Case1</msg>
<var>${case_key}</var>
<arg>Case${case_number}</arg>
<doc>Returns the given values which can then be assigned to a variables.</doc>
<status status="PASS" start="2025-02-09T17:38:22.775299" elapsed="0.000052"/>
</kw>
<kw name="Create Dictionary" owner="BuiltIn">
<msg time="2025-02-09T17:38:22.775522" level="INFO">${case_result} = {'status': 'PASS', 'teacherinput': 'a', 'detail': 'Student=u0061 vs Teacher=u0061'}</msg>
<var>${case_result}</var>
<arg>status=${status}</arg>
<arg>teacherinput=${teacher_input}</arg>
<arg>detail=Student=${student_output} vs Teacher=${teacher_output}</arg>
<doc>Creates and returns a dictionary based on the given ``items``.</doc>
<status status="PASS" start="2025-02-09T17:38:22.775407" elapsed="0.000123"/>
</kw>
<kw name="Set To Dictionary" owner="Collections">
<arg>${results}</arg>
<arg>${case_key}=${case_result}</arg>
<doc>Adds the given ``key_value_pairs`` and/or ``items`` to the ``dictionary``.</doc>
<status status="PASS" start="2025-02-09T17:38:22.775568" elapsed="0.000076"/>
</kw>
<kw name="Log Debug Info">
<kw name="Get Current Date" owner="DateTime">
<msg time="2025-02-09T17:38:22.775904" level="INFO">${timestamp} = 2025-02-09 17:38:22.775883</msg>
<var>${timestamp}</var>
<arg>result_format=%Y-%m-%d %H:%M:%S.%f</arg>
<doc>Returns current local or UTC time with an optional increment.</doc>
<status status="PASS" start="2025-02-09T17:38:22.775849" elapsed="0.000063"/>
</kw>
<kw name="Append To File" owner="OperatingSystem">
<msg time="2025-02-09T17:38:22.776041" level="INFO" html="true">Appended to file '&lt;a href="file:///Users/tanakrit/Documents/GitHub/RobotFramewokForIDE/NewFormatOfRobot/execution.log"&gt;/Users/tanakrit/Documents/GitHub/RobotFramewokForIDE/NewFormatOfRobot/execution.log&lt;/a&gt;'.</msg>
<arg>${LOG_FILE}</arg>
<arg>${timestamp}: ${message}\n</arg>
<doc>Appends the given content to the specified file.</doc>
<status status="PASS" start="2025-02-09T17:38:22.775945" elapsed="0.000114"/>
</kw>
<arg>Added comparison result for ${case_key}: ${case_result}</arg>
<status status="PASS" start="2025-02-09T17:38:22.775682" elapsed="0.000400"/>
</kw>
<arg>${results}</arg>
<arg>${case_number}</arg>
<arg>${final_status}</arg>
<arg>${actual_output}</arg>
<arg>${test_case}[input]</arg>
<arg>${test_case}[output]</arg>
<status status="PASS" start="2025-02-09T17:38:22.775156" elapsed="0.000942"/>
</kw>
<var name="${index}">0</var>
<var name="${test_case}">{'input': 'a', 'output': 'u0061'}</var>
<status status="PASS" start="2025-02-09T17:38:22.737397" elapsed="0.038714"/>
</iter>
<iter>
<kw name="Evaluate" owner="BuiltIn">
<msg time="2025-02-09T17:38:22.776280" level="INFO">${case_number} = 2</msg>
<var>${case_number}</var>
<arg>${index} + 1</arg>
<doc>Evaluates the given expression in Python and returns the result.</doc>
<status status="PASS" start="2025-02-09T17:38:22.776220" elapsed="0.000067"/>
</kw>
<kw name="Log Debug Info">
<kw name="Get Current Date" owner="DateTime">
<msg time="2025-02-09T17:38:22.776458" level="INFO">${timestamp} = 2025-02-09 17:38:22.776438</msg>
<var>${timestamp}</var>
<arg>result_format=%Y-%m-%d %H:%M:%S.%f</arg>
<doc>Returns current local or UTC time with an optional increment.</doc>
<status status="PASS" start="2025-02-09T17:38:22.776405" elapsed="0.000060"/>
</kw>
<kw name="Append To File" owner="OperatingSystem">
<msg time="2025-02-09T17:38:22.776594" level="INFO" html="true">Appended to file '&lt;a href="file:///Users/tanakrit/Documents/GitHub/RobotFramewokForIDE/NewFormatOfRobot/execution.log"&gt;/Users/tanakrit/Documents/GitHub/RobotFramewokForIDE/NewFormatOfRobot/execution.log&lt;/a&gt;'.</msg>
<arg>${LOG_FILE}</arg>
<arg>${timestamp}: ${message}\n</arg>
<doc>Appends the given content to the specified file.</doc>
<status status="PASS" start="2025-02-09T17:38:22.776498" elapsed="0.000113"/>
</kw>
<arg>Processing test case ${case_number}</arg>
<status status="PASS" start="2025-02-09T17:38:22.776323" elapsed="0.000311"/>
</kw>
<kw name="Run Keyword And Return Status" owner="BuiltIn">
<kw name="Should Not Be Empty" owner="BuiltIn">
<msg time="2025-02-09T17:38:22.776758" level="INFO">Length is 72.</msg>
<arg>${code}</arg>
<doc>Verifies that the given item is not empty.</doc>
<status status="PASS" start="2025-02-09T17:38:22.776719" elapsed="0.000053"/>
</kw>
<msg time="2025-02-09T17:38:22.776796" level="INFO">${code_exists} = True</msg>
<var>${code_exists}</var>
<arg>Should Not Be Empty</arg>
<arg>${code}</arg>
<doc>Runs the given keyword with given arguments and returns the status as a Boolean value.</doc>
<status status="PASS" start="2025-02-09T17:38:22.776671" elapsed="0.000131"/>
</kw>
<if>
<branch type="IF" condition="not ${code_exists}">
<kw name="Handle Invalid Code">
<arg>${results}</arg>
<arg>${case_number}</arg>
<arg>${test_case}[output]</arg>
<arg>${test_case}[input]</arg>
<arg>${language}</arg>
<status status="NOT RUN" start="2025-02-09T17:38:22.776880" elapsed="0.000007"/>
</kw>
<kw name="Continue For Loop" owner="BuiltIn">
<doc>Skips the current FOR loop iteration and continues from the next.</doc>
<status status="NOT RUN" start="2025-02-09T17:38:22.776924" elapsed="0.000005"/>
</kw>
<status status="NOT RUN" start="2025-02-09T17:38:22.776827" elapsed="0.000110"/>
</branch>
<status status="PASS" start="2025-02-09T17:38:22.776822" elapsed="0.000122"/>
</if>
<kw name="Execute Code With Input">
<kw name="Set Variable" owner="BuiltIn">
<msg time="2025-02-09T17:38:22.777251" level="INFO">${filename} = test</msg>
<var>${filename}</var>
<arg>test</arg>
<doc>Returns the given values which can then be assigned to a variables.</doc>
<status status="PASS" start="2025-02-09T17:38:22.777215" elapsed="0.000043"/>
</kw>
<kw name="Set Variable If" owner="BuiltIn">
<msg time="2025-02-09T17:38:22.777349" level="INFO">${ext} = .py</msg>
<var>${ext}</var>
<arg>'${language}' == 'python'</arg>
<arg>.py</arg>
<arg>'${language}' == 'cpp'</arg>
<arg>.cpp</arg>
<arg>'${language}' == 'rust'</arg>
<arg>.rs</arg>
<arg>'${language}' == 'javascript'</arg>
<arg>.js</arg>
<doc>Sets variable based on the given condition.</doc>
<status status="PASS" start="2025-02-09T17:38:22.777296" elapsed="0.000060"/>
</kw>
<kw name="Log Debug Info">
<kw name="Get Current Date" owner="DateTime">
<msg time="2025-02-09T17:38:22.777537" level="INFO">${timestamp} = 2025-02-09 17:38:22.777518</msg>
<var>${timestamp}</var>
<arg>result_format=%Y-%m-%d %H:%M:%S.%f</arg>
<doc>Returns current local or UTC time with an optional increment.</doc>
<status status="PASS" start="2025-02-09T17:38:22.777485" elapsed="0.000060"/>
</kw>
<kw name="Append To File" owner="OperatingSystem">
[...]
</branch>
<status status="PASS" start="2025-02-09T17:38:22.923712" elapsed="0.000047"/>
</if>
<kw name="Split To Lines" owner="String">
<msg time="2025-02-09T17:38:22.923828" level="INFO">1 lines returned</msg>
<msg time="2025-02-09T17:38:22.923848" level="INFO">${lines} = ['u0065']</msg>
<var>${lines}</var>
<arg>${normalized}</arg>
<doc>Splits the given string to lines.</doc>
<status status="PASS" start="2025-02-09T17:38:22.923791" elapsed="0.000063"/>
</kw>
<kw name="Create List" owner="BuiltIn">
<msg time="2025-02-09T17:38:22.923926" level="INFO">${stripped_lines} = []</msg>
<var>${stripped_lines}</var>
<doc>Returns a list containing given items.</doc>
<status status="PASS" start="2025-02-09T17:38:22.923887" elapsed="0.000046"/>
</kw>
<for flavor="IN">
<iter>
<kw name="Strip String" owner="String">
<msg time="2025-02-09T17:38:22.924208" level="INFO">${stripped} = u0065</msg>
<var>${stripped}</var>
<arg>${line}</arg>
<doc>Remove leading and/or trailing whitespaces from the given string.</doc>
<status status="PASS" start="2025-02-09T17:38:22.924144" elapsed="0.000071"/>
</kw>
<kw name="Continue For Loop If" owner="BuiltIn">
<arg>'${stripped}' == ''</arg>
<doc>Skips the current FOR loop iteration if the ``condition`` is true.</doc>
<status status="PASS" start="2025-02-09T17:38:22.924263" elapsed="0.000070"/>
</kw>
<try>
<branch type="TRY">
<kw name="Convert To Number" owner="BuiltIn">
<msg time="2025-02-09T17:38:22.924462" level="FAIL">'u0065' cannot be converted to a floating point number: ValueError: could not convert string to float: 'u0065'</msg>
<var>${as_number}</var>
<arg>${stripped}</arg>
<doc>Converts the given item to a floating point number.</doc>
<status status="FAIL" start="2025-02-09T17:38:22.924392" elapsed="0.000112">'u0065' cannot be converted to a floating point number: ValueError: could not convert string to float: 'u0065'</status>
</kw>
<kw name="Convert To String" owner="BuiltIn">
<var>${normalized_line}</var>
<arg>${as_number}</arg>
<doc>Converts the given item to a Unicode string.</doc>
<status status="NOT RUN" start="2025-02-09T17:38:22.924547" elapsed="0.000006"/>
</kw>
<status status="FAIL" start="2025-02-09T17:38:22.924358" elapsed="0.000214">'u0065' cannot be converted to a floating point number: ValueError: could not convert string to float: 'u0065'</status>
</branch>
<branch type="EXCEPT">
<kw name="Set Variable" owner="BuiltIn">
<msg time="2025-02-09T17:38:22.924664" level="INFO">${normalized_line} = u0065</msg>
<var>${normalized_line}</var>
<arg>${stripped}</arg>
<doc>Returns the given values which can then be assigned to a variables.</doc>
<status status="PASS" start="2025-02-09T17:38:22.924617" elapsed="0.000053"/>
</kw>
<status status="PASS" start="2025-02-09T17:38:22.924588" elapsed="0.000094"/>
</branch>
<status status="PASS" start="2025-02-09T17:38:22.924349" elapsed="0.000342"/>
</try>
<kw name="Append To List" owner="Collections">
<arg>${stripped_lines}</arg>
<arg>${normalized_line}</arg>
<doc>Adds ``values`` to the end of ``list``.</doc>
<status status="PASS" start="2025-02-09T17:38:22.924721" elapsed="0.000047"/>
</kw>
<var name="${line}">u0065</var>
<status status="PASS" start="2025-02-09T17:38:22.924111" elapsed="0.000669"/>
</iter>
<var>${line}</var>
<value>@{lines}</value>
<status status="PASS" start="2025-02-09T17:38:22.923948" elapsed="0.000842"/>
</for>
<kw name="Evaluate" owner="BuiltIn">
<msg time="2025-02-09T17:38:22.924901" level="INFO">${normalized} = u0065</msg>
<var>${normalized}</var>
<arg>"\\n".join($stripped_lines)</arg>
<doc>Evaluates the given expression in Python and returns the result.</doc>
<status status="PASS" start="2025-02-09T17:38:22.924823" elapsed="0.000085"/>
</kw>
<kw name="Strip String" owner="String">
<msg time="2025-02-09T17:38:22.924990" level="INFO">${normalized} = u0065</msg>
<var>${normalized}</var>
<arg>${normalized}</arg>
<doc>Remove leading and/or trailing whitespaces from the given string.</doc>
<status status="PASS" start="2025-02-09T17:38:22.924942" elapsed="0.000055"/>
</kw>
<kw name="Log Debug Info">
<kw name="Get Current Date" owner="DateTime">
<msg time="2025-02-09T17:38:22.925171" level="INFO">${timestamp} = 2025-02-09 17:38:22.925150</msg>
<var>${timestamp}</var>
<arg>result_format=%Y-%m-%d %H:%M:%S.%f</arg>
<doc>Returns current local or UTC time with an optional increment.</doc>
<status status="PASS" start="2025-02-09T17:38:22.925116" elapsed="0.000062"/>
</kw>
<kw name="Append To File" owner="OperatingSystem">
<msg time="2025-02-09T17:38:22.925318" level="INFO" html="true">Appended to file '&lt;a href="file:///Users/tanakrit/Documents/GitHub/RobotFramewokForIDE/NewFormatOfRobot/execution.log"&gt;/Users/tanakrit/Documents/GitHub/RobotFramewokForIDE/NewFormatOfRobot/execution.log&lt;/a&gt;'.</msg>
<arg>${LOG_FILE}</arg>
<arg>${timestamp}: ${message}\n</arg>
<doc>Appends the given content to the specified file.</doc>
<status status="PASS" start="2025-02-09T17:38:22.925211" elapsed="0.000139"/>
</kw>
<arg>Normalized output: ${normalized}</arg>
<status status="PASS" start="2025-02-09T17:38:22.925034" elapsed="0.000336"/>
</kw>
<return>
<value>${normalized}</value>
<status status="PASS" start="2025-02-09T17:38:22.925383" elapsed="0.000009"/>
</return>
<msg time="2025-02-09T17:38:22.925432" level="INFO">${normalized_expected} = u0065</msg>
<var>${normalized_expected}</var>
<arg>${expected_output}</arg>
<status status="PASS" start="2025-02-09T17:38:22.923344" elapsed="0.002095"/>
</kw>
<kw name="Split To Lines" owner="String">
<msg time="2025-02-09T17:38:22.925514" level="INFO">1 lines returned</msg>
<msg time="2025-02-09T17:38:22.925535" level="INFO">${student_lines} = ['u0065']</msg>
<var>${student_lines}</var>
<arg>${normalized_student}</arg>
<doc>Splits the given string to lines.</doc>
<status status="PASS" start="2025-02-09T17:38:22.925474" elapsed="0.000086"/>
</kw>
<kw name="Split To Lines" owner="String">
<msg time="2025-02-09T17:38:22.925633" level="INFO">1 lines returned</msg>
<msg time="2025-02-09T17:38:22.925653" level="INFO">${expected_lines} = ['u0065']</msg>
<var>${expected_lines}</var>
<arg>${normalized_expected}</arg>
<doc>Splits the given string to lines.</doc>
<status status="PASS" start="2025-02-09T17:38:22.925598" elapsed="0.000061"/>
</kw>
<kw name="Get Length" owner="BuiltIn">
<msg time="2025-02-09T17:38:22.925729" level="INFO">Length is 1.</msg>
<msg time="2025-02-09T17:38:22.925749" level="INFO">${student_length} = 1</msg>
<var>${student_length}</var>
<arg>${student_lines}</arg>
<doc>Returns and logs the length of the given item as an integer.</doc>
<status status="PASS" start="2025-02-09T17:38:22.925695" elapsed="0.000060"/>
</kw>
<kw name="Get Length" owner="BuiltIn">
<msg time="2025-02-09T17:38:22.925822" level="INFO">Length is 1.</msg>
<msg time="2025-02-09T17:38:22.925842" level="INFO">${expected_length} = 1</msg>
<var>${expected_length}</var>
<arg>${expected_lines}</arg>
<doc>Returns and logs the length of the given item as an integer.</doc>
<status status="PASS" start="2025-02-09T17:38:22.925789" elapsed="0.000059"/>
</kw>
<if>
<branch type="IF" condition="${student_length} != ${expected_length}">
<kw name="Log Debug Info">
<arg>Different number of lines - Student: ${student_length}, Expected: ${expected_length}</arg>
<status status="NOT RUN" start="2025-02-09T17:38:22.925933" elapsed="0.000006"/>
</kw>
<return>
<value>${FALSE}</value>
<status status="NOT RUN" start="2025-02-09T17:38:22.925953" elapsed="0.000004"/>
</return>
<status status="NOT RUN" start="2025-02-09T17:38:22.925869" elapsed="0.000096"/>
</branch>
<status status="PASS" start="2025-02-09T17:38:22.925863" elapsed="0.000109"/>
</if>
<for flavor="IN RANGE">
<iter>
<kw name="Get From List" owner="Collections">
<msg time="2025-02-09T17:38:22.926141" level="INFO">${student_line} = u0065</msg>
<var>${student_line}</var>
<arg>${student_lines}</arg>
<arg>${index}</arg>
<doc>Returns the value specified with an ``index`` from ``list``.</doc>
<status status="PASS" start="2025-02-09T17:38:22.926085" elapsed="0.000063"/>
</kw>
<kw name="Get From List" owner="Collections">
<msg time="2025-02-09T17:38:22.926234" level="INFO">${expected_line} = u0065</msg>
<var>${expected_line}</var>
<arg>${expected_lines}</arg>
<arg>${index}</arg>
<doc>Returns the value specified with an ``index`` from ``list``.</doc>
<status status="PASS" start="2025-02-09T17:38:22.926183" elapsed="0.000057"/>
</kw>
<kw name="Replace String" owner="String">
<msg time="2025-02-09T17:38:22.926476" level="INFO">${student_line} = u0065</msg>
<var>${student_line}</var>
<arg>${student_line}</arg>
<arg>\r</arg>
<arg>${EMPTY}</arg>
<doc>Replaces ``search_for`` in the given ``string`` with ``replace_with``.</doc>
<status status="PASS" start="2025-02-09T17:38:22.926275" elapsed="0.000208"/>
</kw>
<kw name="Replace String" owner="String">
<msg time="2025-02-09T17:38:22.926702" level="INFO">${expected_line} = u0065</msg>
<var>${expected_line}</var>
<arg>${expected_line}</arg>
<arg>\r</arg>
<arg>${EMPTY}</arg>
<doc>Replaces ``search_for`` in the given ``string`` with ``replace_with``.</doc>
<status status="PASS" start="2025-02-09T17:38:22.926521" elapsed="0.000188"/>
</kw>
<kw name="Strip String" owner="String">
<msg time="2025-02-09T17:38:22.926792" level="INFO">${student_line} = u0065</msg>
<var>${student_line}</var>
<arg>${student_line}</arg>
<doc>Remove leading and/or trailing whitespaces from the given string.</doc>
<status status="PASS" start="2025-02-09T17:38:22.926746" elapsed="0.000052"/>
</kw>
<kw name="Strip String" owner="String">
<msg time="2025-02-09T17:38:22.926874" level="INFO">${expected_line} = u0065</msg>
<var>${expected_line}</var>
<arg>${expected_line}</arg>
<doc>Remove leading and/or trailing whitespaces from the given string.</doc>
<status status="PASS" start="2025-02-09T17:38:22.926831" elapsed="0.000049"/>
</kw>
<kw name="Run Keyword And Return Status" owner="BuiltIn">
<kw name="Should Be Equal As Strings" owner="BuiltIn">
<arg>${student_line}</arg>
<arg>${expected_line}</arg>
<doc>Fails if objects are unequal after converting them to strings.</doc>
<status status="PASS" start="2025-02-09T17:38:22.926971" elapsed="0.000068"/>
</kw>
<msg time="2025-02-09T17:38:22.927064" level="INFO">${line_matches} = True</msg>
<var>${line_matches}</var>
<arg>Should Be Equal As Strings</arg>
<arg>${student_line}</arg>
<arg>${expected_line}</arg>
<doc>Runs the given keyword with given arguments and returns the status as a Boolean value.</doc>
<status status="PASS" start="2025-02-09T17:38:22.926916" elapsed="0.000155"/>
</kw>
<if>
<branch type="IF" condition="not ${line_matches}">
<kw name="Log Debug Info">
<arg>Mismatch at line ${index} - Student: "${student_line}", Expected: "${expected_line}"</arg>
<status status="NOT RUN" start="2025-02-09T17:38:22.927150" elapsed="0.000006"/>
</kw>
<return>
<value>${FALSE}</value>
<status status="NOT RUN" start="2025-02-09T17:38:22.927169" elapsed="0.000003"/>
</return>
<status status="NOT RUN" start="2025-02-09T17:38:22.927093" elapsed="0.000088"/>
</branch>
<status status="PASS" start="2025-02-09T17:38:22.927088" elapsed="0.000100"/>
</if>
<var name="${index}">0</var>
<status status="PASS" start="2025-02-09T17:38:22.926052" elapsed="0.001143"/>
</iter>
<var>${index}</var>
<value>${student_length}</value>
<status status="PASS" start="2025-02-09T17:38:22.925985" elapsed="0.001219"/>
</for>
<kw name="Log Debug Info">
<kw name="Get Current Date" owner="DateTime">
<msg time="2025-02-09T17:38:22.927370" level="INFO">${timestamp} = 2025-02-09 17:38:22.927349</msg>
<var>${timestamp}</var>
<arg>result_format=%Y-%m-%d %H:%M:%S.%f</arg>
<doc>Returns current local or UTC time with an optional increment.</doc>
<status status="PASS" start="2025-02-09T17:38:22.927314" elapsed="0.000063"/>
</kw>
<kw name="Append To File" owner="OperatingSystem">
<msg time="2025-02-09T17:38:22.927539" level="INFO" html="true">Appended to file '&lt;a href="file:///Users/tanakrit/Documents/GitHub/RobotFramewokForIDE/NewFormatOfRobot/execution.log"&gt;/Users/tanakrit/Documents/GitHub/RobotFramewokForIDE/NewFormatOfRobot/execution.log&lt;/a&gt;'.</msg>
<arg>${LOG_FILE}</arg>
<arg>${timestamp}: ${message}\n</arg>
<doc>Appends the given content to the specified file.</doc>
<status status="PASS" start="2025-02-09T17:38:22.927410" elapsed="0.000157"/>
</kw>
<arg>Outputs match completely</arg>
<status status="PASS" start="2025-02-09T17:38:22.927239" elapsed="0.000348"/>
</kw>
<return>
<value>${TRUE}</value>
<status status="PASS" start="2025-02-09T17:38:22.927599" elapsed="0.000010"/>
</return>
<msg time="2025-02-09T17:38:22.927648" level="INFO">${outputs_match} = True</msg>
<var>${outputs_match}</var>
<arg>${actual_output}</arg>
<arg>${test_case}[output]</arg>
<status status="PASS" start="2025-02-09T17:38:22.920728" elapsed="0.006927"/>
</kw>
<kw name="Set Variable If" owner="BuiltIn">
<msg time="2025-02-09T17:38:22.927750" level="INFO">${final_status} = PASS</msg>
<var>${final_status}</var>
<arg>${outputs_match}</arg>
<arg>PASS</arg>
<arg>FAIL</arg>
<doc>Sets variable based on the given condition.</doc>
<status status="PASS" start="2025-02-09T17:38:22.927695" elapsed="0.000063"/>
</kw>
<status status="PASS" start="2025-02-09T17:38:22.920581" elapsed="0.007190"/>
</branch>
<branch type="ELSE">
<kw name="Set Variable" owner="BuiltIn">
<var>${final_status}</var>
<arg>${status}</arg>
<doc>Returns the given values which can then be assigned to a variables.</doc>
<status status="NOT RUN" start="2025-02-09T17:38:22.927816" elapsed="0.000006"/>
</kw>
<status status="NOT RUN" start="2025-02-09T17:38:22.927780" elapsed="0.000053"/>
</branch>
<status status="PASS" start="2025-02-09T17:38:22.920575" elapsed="0.007265"/>
</if>
<kw name="Add Comparison Result">
<kw name="Set Variable" owner="BuiltIn">
<msg time="2025-02-09T17:38:22.928177" level="INFO">${case_key} = Case5</msg>
<var>${case_key}</var>
<arg>Case${case_number}</arg>
<doc>Returns the given values which can then be assigned to a variables.</doc>
<status status="PASS" start="2025-02-09T17:38:22.928114" elapsed="0.000073"/>
</kw>
<kw name="Create Dictionary" owner="BuiltIn">
<msg time="2025-02-09T17:38:22.928480" level="INFO">${case_result} = {'status': 'PASS', 'teacherinput': 'e', 'detail': 'Student=u0065 vs Teacher=u0065'}</msg>
<var>${case_result}</var>
<arg>status=${status}</arg>
<arg>teacherinput=${teacher_input}</arg>
<arg>detail=Student=${student_output} vs Teacher=${teacher_output}</arg>
<doc>Creates and returns a dictionary based on the given ``items``.</doc>
<status status="PASS" start="2025-02-09T17:38:22.928265" elapsed="0.000224"/>
</kw>
<kw name="Set To Dictionary" owner="Collections">
<arg>${results}</arg>
<arg>${case_key}=${case_result}</arg>
<doc>Adds the given ``key_value_pairs`` and/or ``items`` to the ``dictionary``.</doc>
<status status="PASS" start="2025-02-09T17:38:22.928537" elapsed="0.000077"/>
</kw>
<kw name="Log Debug Info">
<kw name="Get Current Date" owner="DateTime">
<msg time="2025-02-09T17:38:22.928824" level="INFO">${timestamp} = 2025-02-09 17:38:22.928799</msg>
<var>${timestamp}</var>
<arg>result_format=%Y-%m-%d %H:%M:%S.%f</arg>
<doc>Returns current local or UTC time with an optional increment.</doc>
<status status="PASS" start="2025-02-09T17:38:22.928755" elapsed="0.000078"/>
</kw>
<kw name="Append To File" owner="OperatingSystem">
<msg time="2025-02-09T17:38:22.928998" level="INFO" html="true">Appended to file '&lt;a href="file:///Users/tanakrit/Documents/GitHub/RobotFramewokForIDE/NewFormatOfRobot/execution.log"&gt;/Users/tanakrit/Documents/GitHub/RobotFramewokForIDE/NewFormatOfRobot/execution.log&lt;/a&gt;'.</msg>
<arg>${LOG_FILE}</arg>
<arg>${timestamp}: ${message}\n</arg>
<doc>Appends the given content to the specified file.</doc>
<status status="PASS" start="2025-02-09T17:38:22.928870" elapsed="0.000161"/>
</kw>
<arg>Added comparison result for ${case_key}: ${case_result}</arg>
<status status="PASS" start="2025-02-09T17:38:22.928657" elapsed="0.000410"/>
</kw>
<arg>${results}</arg>
<arg>${case_number}</arg>
<arg>${final_status}</arg>
<arg>${actual_output}</arg>
<arg>${test_case}[input]</arg>
<arg>${test_case}[output]</arg>
<status status="PASS" start="2025-02-09T17:38:22.927882" elapsed="0.001202"/>
</kw>
<var name="${index}">4</var>
<var name="${test_case}">{'input': 'e', 'output': 'u0065'}</var>
<status status="PASS" start="2025-02-09T17:38:22.888467" elapsed="0.040630"/>
</iter>
<var>${index}</var>
<var>${test_case}</var>
<value>@{test_cases}</value>
<status status="PASS" start="2025-02-09T17:38:22.737286" elapsed="0.191830"/>
</for>
<kw name="Save Results">
<kw name="Evaluate" owner="BuiltIn">
<msg time="2025-02-09T17:38:22.929490" level="INFO">${json_string} = {
  "Case1": {
    "status": "PASS",
    "teacherinput": "a",
    "detail": "Student=u0061 vs Teacher=u0061"
  },
  "Case2": {
    "status": "PASS",
    "teacherinput": "b",
    "detail": "Student=u00...</msg>
<var>${json_string}</var>
<arg>json.dumps($results, indent=2)</arg>
<arg>json</arg>
<doc>Evaluates the given expression in Python and returns the result.</doc>
<status status="PASS" start="2025-02-09T17:38:22.929307" elapsed="0.000193"/>
</kw>
<kw name="Create File" owner="OperatingSystem">
<msg time="2025-02-09T17:38:22.929897" level="INFO" html="true">Created file '&lt;a href="file:///Users/tanakrit/Documents/GitHub/RobotFramewokForIDE/NewFormatOfRobot/comparison_results.json"&gt;/Users/tanakrit/Documents/GitHub/RobotFramewokForIDE/NewFormatOfRobot/comparison_results.json&lt;/a&gt;'.</msg>
<arg>${RESULTS_FILE}</arg>
<arg>${json_string}</arg>
<doc>Creates a file with the given content and encoding.</doc>
<status status="PASS" start="2025-02-09T17:38:22.929542" elapsed="0.000375"/>
</kw>
<kw name="Log Debug Info">
<kw name="Get Current Date" owner="DateTime">
<msg time="2025-02-09T17:38:22.930129" level="INFO">${timestamp} = 2025-02-09 17:38:22.930104</msg>
<var>${timestamp}</var>
<arg>result_format=%Y-%m-%d %H:%M:%S.%f</arg>
<doc>Returns current local or UTC time with an optional increment.</doc>
<status status="PASS" start="2025-02-09T17:38:22.930056" elapsed="0.000087"/>
</kw>
<kw name="Append To File" owner="OperatingSystem">
<msg time="2025-02-09T17:38:22.930377" level="INFO" html="true">Appended to file '&lt;a href="file:///Users/tanakrit/Documents/GitHub/RobotFramewokForIDE/NewFormatOfRobot/execution.log"&gt;/Users/tanakrit/Documents/GitHub/RobotFramewokForIDE/NewFormatOfRobot/execution.log&lt;/a&gt;'.</msg>
<arg>${LOG_FILE}</arg>
<arg>${timestamp}: ${message}\n</arg>
<doc>Appends the given content to the specified file.</doc>
<status status="PASS" start="2025-02-09T17:38:22.930220" elapsed="0.000221"/>
</kw>
<arg>Saved results to ${RESULTS_FILE}</arg>
<status status="PASS" start="2025-02-09T17:38:22.929960" elapsed="0.000507"/>
</kw>
<arg>${results}</arg>
<status status="PASS" start="2025-02-09T17:38:22.929212" elapsed="0.001272"/>
</kw>
<kw name="Cleanup Test Environment" type="TEARDOWN">
<kw name="Remove Directory" owner="OperatingSystem">
<msg time="2025-02-09T17:38:22.930976" level="INFO" html="true">Removed directory '&lt;a href="file:///Users/tanakrit/Documents/GitHub/RobotFramewokForIDE/NewFormatOfRobot/temp"&gt;/Users/tanakrit/Documents/GitHub/RobotFramewokForIDE/NewFormatOfRobot/temp&lt;/a&gt;'.</msg>
<arg>${TEMP_DIR}</arg>
<arg>recursive=True</arg>
<doc>Removes the directory pointed to by the given ``path``.</doc>
<status status="PASS" start="2025-02-09T17:38:22.930675" elapsed="0.000322"/>
</kw>
<status status="PASS" start="2025-02-09T17:38:22.930589" elapsed="0.000429"/>
</kw>
<status status="PASS" start="2025-02-09T17:38:22.733715" elapsed="0.197345"/>
</test>
<status status="PASS" start="2025-02-09T17:38:22.679077" elapsed="0.252212"/>
</suite>
<statistics>
<total>
<stat pass="1" fail="0" skip="0">All Tests</stat>
</total>
<tag>
</tag>
<suite>
<stat pass="1" fail="0" skip="0" id="s1" name="Case2">Case2</stat>
</suite>
</statistics>
<errors>
</errors>
</robot>
