<?xml version="1.0" encoding="UTF-8"?>
<robot generator="Robot 7.1.1 (Python 3.11.4 on darwin)" generated="2025-01-27T04:32:53.433315" rpa="false" schemaversion="5">
<suite id="s1" name="Case3" source="/Users/tanakrit/Documents/GitHub/RobotFramewokForIDE/NewFormatOfRobot/Case3.robot">
<test id="s1-t1" name="Compare Student and Teacher Results" line="40">
<kw name="Load JSON Data">
<kw name="Load Json From File" owner="JSONLibrary">
<msg time="2025-01-27T04:32:53.498864" level="INFO">${data} = {'id': 7, 'title': 'Hello Students', 'language': 'javascript', 'tag_list': ['other'], 'description': 'Implement a code which show "Hello JavaScript!" in the terminal', 'example': 'console.log("Hello W...</msg>
<var>${data}</var>
<arg>${file_path}</arg>
<doc>Load JSON from file.</doc>
<status status="PASS" start="2025-01-27T04:32:53.498692" elapsed="0.000191"/>
</kw>
<kw name="Run Keyword If" owner="BuiltIn">
<arg>${data} == None</arg>
<arg>Fail</arg>
<arg>Failed to load data from ${file_path}</arg>
<doc>Runs the given keyword with the given arguments, if ``condition`` is true.</doc>
<status status="PASS" start="2025-01-27T04:32:53.498956" elapsed="0.000120"/>
</kw>
<return>
<value>${data}</value>
<status status="PASS" start="2025-01-27T04:32:53.499109" elapsed="0.000025"/>
</return>
<msg time="2025-01-27T04:32:53.499197" level="INFO">${student_data} = {'id': 7, 'title': 'Hello Students', 'language': 'javascript', 'tag_list': ['other'], 'description': 'Implement a code which show "Hello JavaScript!" in the terminal', 'example': 'console.log("Hello W...</msg>
<var>${student_data}</var>
<arg>${STUDENT_FILE}</arg>
<status status="PASS" start="2025-01-27T04:32:53.498335" elapsed="0.000873"/>
</kw>
<kw name="Load JSON Data">
<kw name="Load Json From File" owner="JSONLibrary">
<msg time="2025-01-27T04:32:53.499540" level="INFO">${data} = {'id': 7, 'title': 'Hello Students', 'language': 'javascript', 'tag_list': ['other'], 'description': 'Implement a code which show "Hello JavaScript!" in the terminal', 'example': 'console.log("Hello W...</msg>
<var>${data}</var>
<arg>${file_path}</arg>
<doc>Load JSON from file.</doc>
<status status="PASS" start="2025-01-27T04:32:53.499423" elapsed="0.000128"/>
</kw>
<kw name="Run Keyword If" owner="BuiltIn">
<arg>${data} == None</arg>
<arg>Fail</arg>
<arg>Failed to load data from ${file_path}</arg>
<doc>Runs the given keyword with the given arguments, if ``condition`` is true.</doc>
<status status="PASS" start="2025-01-27T04:32:53.499603" elapsed="0.000095"/>
</kw>
<return>
<value>${data}</value>
<status status="PASS" start="2025-01-27T04:32:53.499722" elapsed="0.000016"/>
</return>
<msg time="2025-01-27T04:32:53.499789" level="INFO">${teacher_data} = {'id': 7, 'title': 'Hello Students', 'language': 'javascript', 'tag_list': ['other'], 'description': 'Implement a code which show "Hello JavaScript!" in the terminal', 'example': 'console.log("Hello W...</msg>
<var>${teacher_data}</var>
<arg>${TEACHER_FILE}</arg>
<status status="PASS" start="2025-01-27T04:32:53.499300" elapsed="0.000499"/>
</kw>
<kw name="Create List" owner="BuiltIn">
<msg time="2025-01-27T04:32:53.499914" level="INFO">@{results} = [ ]</msg>
<var>@{results}</var>
<doc>Returns a list containing given items.</doc>
<status status="PASS" start="2025-01-27T04:32:53.499860" elapsed="0.000062"/>
</kw>
<if>
<branch type="IF" condition="${student_data} != None">
<kw name="Compare Results">
<kw name="Set Variable If" owner="BuiltIn">
<msg time="2025-01-27T04:32:53.500348" level="INFO">${status} = FAIL</msg>
<var>${status}</var>
<arg>'${student_result}' == '${teacher_result}'</arg>
<arg>PASS</arg>
<arg>FAIL</arg>
<doc>Sets variable based on the given condition.</doc>
<status status="PASS" start="2025-01-27T04:32:53.500235" elapsed="0.000123"/>
</kw>
<return>
<value>${status}</value>
<status status="PASS" start="2025-01-27T04:32:53.500380" elapsed="0.000013"/>
</return>
<msg time="2025-01-27T04:32:53.500440" level="INFO">${comparison_status} = FAIL</msg>
<var>${comparison_status}</var>
<arg>${student_data}[testresult]</arg>
<arg>${teacher_data}[testresult]</arg>
<status status="PASS" start="2025-01-27T04:32:53.500100" elapsed="0.000348"/>
</kw>
<status status="PASS" start="2025-01-27T04:32:53.499974" elapsed="0.000488"/>
</branch>
<branch type="ELSE">
<kw name="Set Variable" owner="BuiltIn">
<var>${comparison_status}</var>
<arg>FAIL</arg>
<doc>Returns the given values which can then be assigned to a variables.</doc>
<status status="NOT RUN" start="2025-01-27T04:32:53.500521" elapsed="0.000007"/>
</kw>
<status status="NOT RUN" start="2025-01-27T04:32:53.500474" elapsed="0.000066"/>
</branch>
<status status="PASS" start="2025-01-27T04:32:53.499962" elapsed="0.000586"/>
</if>
<kw name="Add Comparison Result">
<kw name="Create Dictionary" owner="BuiltIn">
<msg time="2025-01-27T04:32:53.500983" level="INFO">${result} = {'status': 'FAIL', 'details': '8 vs 85'}</msg>
<var>${result}</var>
<arg>status=${status}</arg>
<arg>details=${details}</arg>
<doc>Creates and returns a dictionary based on the given ``items``.</doc>
<status status="PASS" start="2025-01-27T04:32:53.500830" elapsed="0.000165"/>
</kw>
<kw name="Append To List" owner="Collections">
<arg>${results}</arg>
<arg>${result}</arg>
<doc>Adds ``values`` to the end of ``list``.</doc>
<status status="PASS" start="2025-01-27T04:32:53.501043" elapsed="0.000089"/>
</kw>
<arg>${results}</arg>
<arg>${comparison_status}</arg>
<arg>${student_data}[testresult] vs ${teacher_data}[testresult]</arg>
<status status="PASS" start="2025-01-27T04:32:53.500646" elapsed="0.000511"/>
</kw>
<kw name="Save Results">
<kw name="Evaluate" owner="BuiltIn">
<msg time="2025-01-27T04:32:53.501495" level="INFO">${json_string} = [
  {
    "status": "FAIL",
    "details": "8 vs 85"
  }
]</msg>
<var>${json_string}</var>
<arg>json.dumps($results, indent=2)</arg>
<arg>json</arg>
<doc>Evaluates the given expression in Python and returns the result.</doc>
<status status="PASS" start="2025-01-27T04:32:53.501321" elapsed="0.000184"/>
</kw>
<kw name="Create File" owner="OperatingSystem">
<msg time="2025-01-27T04:32:53.501771" level="INFO" html="true">Created file '&lt;a href="file:///Users/tanakrit/Documents/GitHub/RobotFramewokForIDE/NewFormatOfRobot/comparison_results.json"&gt;/Users/tanakrit/Documents/GitHub/RobotFramewokForIDE/NewFormatOfRobot/comparison_results.json&lt;/a&gt;'.</msg>
<arg>${RESULTS_FILE}</arg>
<arg>${json_string}</arg>
<doc>Creates a file with the given content and encoding.</doc>
<status status="PASS" start="2025-01-27T04:32:53.501548" elapsed="0.000243"/>
</kw>
<arg>${results}</arg>
<status status="PASS" start="2025-01-27T04:32:53.501220" elapsed="0.000594"/>
</kw>
<status status="PASS" start="2025-01-27T04:32:53.497949" elapsed="0.003919"/>
</test>
<status status="PASS" start="2025-01-27T04:32:53.434077" elapsed="0.067953"/>
</suite>
<statistics>
<total>
<stat pass="1" fail="0" skip="0">All Tests</stat>
</total>
<tag>
</tag>
<suite>
<stat pass="1" fail="0" skip="0" id="s1" name="Case3">Case3</stat>
</suite>
</statistics>
<errors>
</errors>
</robot>
