<?xml version="1.0" encoding="UTF-8"?>
<robot generator="Robot 7.1.1 (Python 3.11.4 on darwin)" generated="2025-02-12T21:39:38.497289" rpa="false" schemaversion="5">
<suite id="s1" name="Case2" source="/Users/tanakrit/Documents/GitHub/RobotFramewokForIDE/NewFormatOfRobot/Case2.robot">
<test id="s1-t1" name="Compare Student Code With Test Cases" line="365">
<kw name="Setup Test Environment" type="SETUP">
<kw name="Create Directory" owner="OperatingSystem">
<msg time="2025-02-12T21:39:38.552803" level="INFO" html="true">Created directory '&lt;a href="file:///Users/tanakrit/Documents/GitHub/RobotFramewokForIDE/NewFormatOfRobot/temp"&gt;/Users/tanakrit/Documents/GitHub/RobotFramewokForIDE/NewFormatOfRobot/temp&lt;/a&gt;'.</msg>
<arg>${TEMP_DIR}</arg>
<doc>Creates the specified directory.</doc>
<status status="PASS" start="2025-02-12T21:39:38.552547" elapsed="0.000287"/>
</kw>
<kw name="Load Json From File" owner="JSONLibrary">
<msg time="2025-02-12T21:39:38.553021" level="INFO">${student} = {'id': 4, 'student': 9, 'question': 2, 'labtest': 1, 'homework': None, 'version': 1, 'answerTo': 'labtest', 'marking': 5, 'content': 'def factorial(n):\r\n    if n == 0 or n == 1:\r\n        return 1\...</msg>
<var>${student}</var>
<arg>${STUDENT_FILE}</arg>
<doc>Load JSON from file.</doc>
<status status="PASS" start="2025-02-12T21:39:38.552894" elapsed="0.000138"/>
</kw>
<kw name="Load Json From File" owner="JSONLibrary">
<msg time="2025-02-12T21:39:38.553187" level="INFO">${teacher} = {'id': 4, 'title': 'L2Q2 Unicode', 'language': 'python', 'tag_list': ['other'], 'description': 'Write a program to read one character from keyboard and the program then prints out its Unicode in hexad...</msg>
<var>${teacher}</var>
<arg>${TEACHER_FILE}</arg>
<doc>Load JSON from file.</doc>
<status status="PASS" start="2025-02-12T21:39:38.553077" elapsed="0.000121"/>
</kw>
<kw name="Create Dictionary" owner="BuiltIn">
<msg time="2025-02-12T21:39:38.553317" level="INFO">${results} = {}</msg>
<var>${results}</var>
<doc>Creates and returns a dictionary based on the given ``items``.</doc>
<status status="PASS" start="2025-02-12T21:39:38.553246" elapsed="0.000079"/>
</kw>
<kw name="Get Current Date" owner="DateTime">
<msg time="2025-02-12T21:39:38.553452" level="INFO">${current_time} = 2025-02-12 21:39:38</msg>
<var>${current_time}</var>
<arg>result_format=%Y-%m-%d %H:%M:%S</arg>
<doc>Returns current local or UTC time with an optional increment.</doc>
<status status="PASS" start="2025-02-12T21:39:38.553366" elapsed="0.000095"/>
</kw>
<return>
<value>${student}</value>
<value>${teacher}</value>
<value>${results}</value>
<status status="PASS" start="2025-02-12T21:39:38.553480" elapsed="0.000019"/>
</return>
<status status="PASS" start="2025-02-12T21:39:38.552234" elapsed="0.001320"/>
</kw>
<kw name="Setup Test Environment">
<kw name="Create Directory" owner="OperatingSystem">
<msg time="2025-02-12T21:39:38.553816" level="INFO" html="true">Directory '&lt;a href="file:///Users/tanakrit/Documents/GitHub/RobotFramewokForIDE/NewFormatOfRobot/temp"&gt;/Users/tanakrit/Documents/GitHub/RobotFramewokForIDE/NewFormatOfRobot/temp&lt;/a&gt;' already exists.</msg>
<arg>${TEMP_DIR}</arg>
<doc>Creates the specified directory.</doc>
<status status="PASS" start="2025-02-12T21:39:38.553749" elapsed="0.000088"/>
</kw>
<kw name="Load Json From File" owner="JSONLibrary">
<msg time="2025-02-12T21:39:38.553983" level="INFO">${student} = {'id': 4, 'student': 9, 'question': 2, 'labtest': 1, 'homework': None, 'version': 1, 'answerTo': 'labtest', 'marking': 5, 'content': 'def factorial(n):\r\n    if n == 0 or n == 1:\r\n        return 1\...</msg>
<var>${student}</var>
<arg>${STUDENT_FILE}</arg>
<doc>Load JSON from file.</doc>
<status status="PASS" start="2025-02-12T21:39:38.553882" elapsed="0.000111"/>
</kw>
<kw name="Load Json From File" owner="JSONLibrary">
<msg time="2025-02-12T21:39:38.554138" level="INFO">${teacher} = {'id': 4, 'title': 'L2Q2 Unicode', 'language': 'python', 'tag_list': ['other'], 'description': 'Write a program to read one character from keyboard and the program then prints out its Unicode in hexad...</msg>
<var>${teacher}</var>
<arg>${TEACHER_FILE}</arg>
<doc>Load JSON from file.</doc>
<status status="PASS" start="2025-02-12T21:39:38.554040" elapsed="0.000107"/>
</kw>
<kw name="Create Dictionary" owner="BuiltIn">
<msg time="2025-02-12T21:39:38.554290" level="INFO">${results} = {}</msg>
<var>${results}</var>
<doc>Creates and returns a dictionary based on the given ``items``.</doc>
<status status="PASS" start="2025-02-12T21:39:38.554187" elapsed="0.000111"/>
</kw>
<kw name="Get Current Date" owner="DateTime">
<msg time="2025-02-12T21:39:38.554403" level="INFO">${current_time} = 2025-02-12 21:39:38</msg>
<var>${current_time}</var>
<arg>result_format=%Y-%m-%d %H:%M:%S</arg>
<doc>Returns current local or UTC time with an optional increment.</doc>
<status status="PASS" start="2025-02-12T21:39:38.554336" elapsed="0.000075"/>
</kw>
<return>
<value>${student}</value>
<value>${teacher}</value>
<value>${results}</value>
<status status="PASS" start="2025-02-12T21:39:38.554427" elapsed="0.000011"/>
</return>
<msg time="2025-02-12T21:39:38.554505" level="INFO">${student} = {'id': 4, 'student': 9, 'question': 2, 'labtest': 1, 'homework': None, 'version': 1, 'answerTo': 'labtest', 'marking': 5, 'content': 'def factorial(n):\r\n    if n == 0 or n == 1:\r\n        return 1\...</msg>
<msg time="2025-02-12T21:39:38.554525" level="INFO">${teacher} = {'id': 4, 'title': 'L2Q2 Unicode', 'language': 'python', 'tag_list': ['other'], 'description': 'Write a program to read one character from keyboard and the program then prints out its Unicode in hexad...</msg>
<msg time="2025-02-12T21:39:38.554538" level="INFO">${results} = {}</msg>
<var>${student}</var>
<var>${teacher}</var>
<var>${results}</var>
<status status="PASS" start="2025-02-12T21:39:38.553655" elapsed="0.000889"/>
</kw>
<kw name="Log Debug Info">
<kw name="Get Current Date" owner="DateTime">
<msg time="2025-02-12T21:39:38.554772" level="INFO">${timestamp} = 2025-02-12 21:39:38.554747</msg>
<var>${timestamp}</var>
<arg>result_format=%Y-%m-%d %H:%M:%S.%f</arg>
<doc>Returns current local or UTC time with an optional increment.</doc>
<status status="PASS" start="2025-02-12T21:39:38.554706" elapsed="0.000074"/>
</kw>
<kw name="Append To File" owner="OperatingSystem">
<msg time="2025-02-12T21:39:38.554979" level="INFO" html="true">Appended to file '&lt;a href="file:///Users/tanakrit/Documents/GitHub/RobotFramewokForIDE/NewFormatOfRobot/execution.log"&gt;/Users/tanakrit/Documents/GitHub/RobotFramewokForIDE/NewFormatOfRobot/execution.log&lt;/a&gt;'.</msg>
<arg>${LOG_FILE}</arg>
<arg>${timestamp}: ${message}\n</arg>
<doc>Appends the given content to the specified file.</doc>
<status status="PASS" start="2025-02-12T21:39:38.554818" elapsed="0.000180"/>
</kw>
<arg>Starting test execution</arg>
<status status="PASS" start="2025-02-12T21:39:38.554614" elapsed="0.000406"/>
</kw>
<kw name="Set Variable" owner="BuiltIn">
<msg time="2025-02-12T21:39:38.555145" level="INFO">@{test_cases} = [ {'input': 'a', 'expected': 'u0061'} | {'input': 'b', 'expected': 'u0062'} | {'input': 'c', 'expected': 'u0063'} | {'input': 'd', 'expected': 'u0064'} | {'input': 'e', 'expected': 'u0065'} | {'input'...</msg>
<var>@{test_cases}</var>
<arg>${teacher}[testcases]</arg>
<doc>Returns the given values which can then be assigned to a variables.</doc>
<status status="PASS" start="2025-02-12T21:39:38.555076" elapsed="0.000078"/>
</kw>
<kw name="Set Variable" owner="BuiltIn">
<msg time="2025-02-12T21:39:38.555257" level="INFO">${code} = x = input("Enter a character: ")
print("The Unicode is: u%04x" %ord(x))</msg>
<var>${code}</var>
<arg>${student}[defaultCode]</arg>
<doc>Returns the given values which can then be assigned to a variables.</doc>
<status status="PASS" start="2025-02-12T21:39:38.555206" elapsed="0.000059"/>
</kw>
<kw name="Set Variable" owner="BuiltIn">
<msg time="2025-02-12T21:39:38.555363" level="INFO">${language} = python</msg>
<var>${language}</var>
<arg>${student}[language]</arg>
<doc>Returns the given values which can then be assigned to a variables.</doc>
<status status="PASS" start="2025-02-12T21:39:38.555312" elapsed="0.000058"/>
</kw>
<for flavor="IN ENUMERATE">
<iter>
<kw name="Evaluate" owner="BuiltIn">
<msg time="2025-02-12T21:39:38.555647" level="INFO">${case_number} = 1</msg>
<var>${case_number}</var>
<arg>${index} + 1</arg>
<doc>Evaluates the given expression in Python and returns the result.</doc>
<status status="PASS" start="2025-02-12T21:39:38.555576" elapsed="0.000079"/>
</kw>
<kw name="Log Debug Info">
<kw name="Get Current Date" owner="DateTime">
<msg time="2025-02-12T21:39:38.555866" level="INFO">${timestamp} = 2025-02-12 21:39:38.555843</msg>
<var>${timestamp}</var>
<arg>result_format=%Y-%m-%d %H:%M:%S.%f</arg>
<doc>Returns current local or UTC time with an optional increment.</doc>
<status status="PASS" start="2025-02-12T21:39:38.555803" elapsed="0.000071"/>
</kw>
<kw name="Append To File" owner="OperatingSystem">
<msg time="2025-02-12T21:39:38.556032" level="INFO" html="true">Appended to file '&lt;a href="file:///Users/tanakrit/Documents/GitHub/RobotFramewokForIDE/NewFormatOfRobot/execution.log"&gt;/Users/tanakrit/Documents/GitHub/RobotFramewokForIDE/NewFormatOfRobot/execution.log&lt;/a&gt;'.</msg>
<arg>${LOG_FILE}</arg>
<arg>${timestamp}: ${message}\n</arg>
<doc>Appends the given content to the specified file.</doc>
<status status="PASS" start="2025-02-12T21:39:38.555910" elapsed="0.000151"/>
</kw>
<arg>Processing test case ${case_number}</arg>
<status status="PASS" start="2025-02-12T21:39:38.555700" elapsed="0.000383"/>
</kw>
<kw name="Run Keyword And Return Status" owner="BuiltIn">
<kw name="Should Not Be Empty" owner="BuiltIn">
<msg time="2025-02-12T21:39:38.556218" level="INFO">Length is 72.</msg>
<arg>${code}</arg>
<doc>Verifies that the given item is not empty.</doc>
<status status="PASS" start="2025-02-12T21:39:38.556177" elapsed="0.000055"/>
</kw>
<msg time="2025-02-12T21:39:38.556258" level="INFO">${code_exists} = True</msg>
<var>${code_exists}</var>
<arg>Should Not Be Empty</arg>
<arg>${code}</arg>
<doc>Runs the given keyword with given arguments and returns the status as a Boolean value.</doc>
<status status="PASS" start="2025-02-12T21:39:38.556123" elapsed="0.000141"/>
</kw>
<if>
<branch type="IF" condition="not ${code_exists}">
<kw name="Handle Invalid Code">
<arg>${results}</arg>
<arg>${case_number}</arg>
<arg>${test_case}[expected]</arg>
<arg>${test_case}[input]</arg>
<arg>${language}</arg>
<status status="NOT RUN" start="2025-02-12T21:39:38.556364" elapsed="0.000007"/>
</kw>
<kw name="Continue For Loop" owner="BuiltIn">
<doc>Skips the current FOR loop iteration and continues from the next.</doc>
<status status="NOT RUN" start="2025-02-12T21:39:38.556410" elapsed="0.000006"/>
</kw>
<status status="NOT RUN" start="2025-02-12T21:39:38.556295" elapsed="0.000129"/>
</branch>
<status status="PASS" start="2025-02-12T21:39:38.556286" elapsed="0.000148"/>
</if>
<kw name="Execute Code With Input">
<kw name="Set Variable" owner="BuiltIn">
<msg time="2025-02-12T21:39:38.556775" level="INFO">${filename} = test</msg>
<var>${filename}</var>
<arg>test</arg>
<doc>Returns the given values which can then be assigned to a variables.</doc>
<status status="PASS" start="2025-02-12T21:39:38.556738" elapsed="0.000044"/>
</kw>
<kw name="Set Variable If" owner="BuiltIn">
<msg time="2025-02-12T21:39:38.556883" level="INFO">${ext} = .py</msg>
<var>${ext}</var>
<arg>'${language}' == 'python'</arg>
<arg>.py</arg>
<arg>'${language}' == 'cpp'</arg>
<arg>.cpp</arg>
<arg>'${language}' == 'rust'</arg>
<arg>.rs</arg>
<arg>'${language}' == 'javascript'</arg>
<arg>.js</arg>
<doc>Sets variable based on the given condition.</doc>
<status status="PASS" start="2025-02-12T21:39:38.556821" elapsed="0.000069"/>
</kw>
<kw name="Log Debug Info">
<kw name="Get Current Date" owner="DateTime">
<msg time="2025-02-12T21:39:38.557084" level="INFO">${timestamp} = 2025-02-12 21:39:38.557062</msg>
<var>${timestamp}</var>
<arg>result_format=%Y-%m-%d %H:%M:%S.%f</arg>
<doc>Returns current local or UTC time with an optional increment.</doc>
<status status="PASS" start="2025-02-12T21:39:38.557027" elapsed="0.000064"/>
</kw>
<kw name="Append To File" owner="OperatingSystem">
<msg time="2025-02-12T21:39:38.557712" level="INFO" html="true">Appended to file '&lt;a href="file:///Users/tanakrit/Documents/GitHub/RobotFramewokForIDE/NewFormatOfRobot/execution.log"&gt;/Users/tanakrit/Documents/GitHub/RobotFramewokForIDE/NewFormatOfRobot/execution.log&lt;/a&gt;'.</msg>
<arg>${LOG_FILE}</arg>
<arg>${timestamp}: ${message}\n</arg>
<doc>Appends the given content to the specified file.</doc>
<status status="PASS" start="2025-02-12T21:39:38.557124" elapsed="0.000621"/>
</kw>
<arg>Executing code in ${language}:\n${code}</arg>
<status status="PASS" start="2025-02-12T21:39:38.556933" elapsed="0.000836"/>
</kw>
<kw name="Log Debug Info">
<kw name="Get Current Date" owner="DateTime">
<msg time="2025-02-12T21:39:38.557985" level="INFO">${timestamp} = 2025-02-12 21:39:38.557960</msg>
<var>${timestamp}</var>
<arg>result_format=%Y-%m-%d %H:%M:%S.%f</arg>
<doc>Returns current local or UTC time with an optional increment.</doc>
<status status="PASS" start="2025-02-12T21:39:38.557914" elapsed="0.000079"/>
</kw>
<kw name="Append To File" owner="OperatingSystem">
<msg time="2025-02-12T21:39:38.558259" level="INFO" html="true">Appended to file '&lt;a href="file:///Users/tanakrit/Documents/GitHub/RobotFramewokForIDE/NewFormatOfRobot/execution.log"&gt;/Users/tanakrit/Documents/GitHub/RobotFramewokForIDE/NewFormatOfRobot/execution.log&lt;/a&gt;'.</msg>
<arg>${LOG_FILE}</arg>
<arg>${timestamp}: ${message}\n</arg>
<doc>Appends the given content to the specified file.</doc>
<status status="PASS" start="2025-02-12T21:39:38.558031" elapsed="0.000264"/>
</kw>
<arg>Input values: ${input}</arg>
<status status="PASS" start="2025-02-12T21:39:38.557816" elapsed="0.000509"/>
</kw>
<kw name="Create File" owner="OperatingSystem">
<msg time="2025-02-12T21:39:38.558756" level="INFO" html="true">Created file '&lt;a href="file:///Users/tanakrit/Documents/GitHub/RobotFramewokForIDE/NewFormatOfRobot/temp/test.py"&gt;/Users/tanakrit/Documents/GitHub/RobotFramewokForIDE/NewFormatOfRobot/temp/test.py&lt;/a&gt;'.</msg>
<arg>${TEMP_DIR}/${filename}${ext}</arg>
<arg>${code}</arg>
<doc>Creates a file with the given content and encoding.</doc>
<status status="PASS" start="2025-02-12T21:39:38.558370" elapsed="0.000413"/>
</kw>
<kw name="Prepare Input File">
<kw name="Run Keyword And Return Status" owner="BuiltIn">
<kw name="Variable Should Exist" owner="BuiltIn">
<arg>${input}</arg>
<doc>Fails unless the given variable exists within the current scope.</doc>
<status status="PASS" start="2025-02-12T21:39:38.559083" elapsed="0.000063"/>
</kw>
<msg time="2025-02-12T21:39:38.559176" level="INFO">${input_exists} = True</msg>
<var>${input_exists}</var>
<arg>Variable Should Exist</arg>
<arg>${input}</arg>
<doc>Runs the given keyword with given arguments and returns the status as a Boolean value.</doc>
<status status="PASS" start="2025-02-12T21:39:38.559019" elapsed="0.000166"/>
</kw>
<kw name="Run Keyword And Return Status" owner="BuiltIn">
<kw name="Should Not Be Equal" owner="BuiltIn">
<arg>${input}</arg>
<arg>None</arg>
<doc>Fails if the given objects are equal.</doc>
<status status="PASS" start="2025-02-12T21:39:38.559284" elapsed="0.000067"/>
</kw>
<msg time="2025-02-12T21:39:38.559385" level="INFO">${input_not_none} = True</msg>
<var>${input_not_none}</var>
<arg>Should Not Be Equal</arg>
<arg>${input}</arg>
<arg>None</arg>
<doc>Runs the given keyword with given arguments and returns the status as a Boolean value.</doc>
<status status="PASS" start="2025-02-12T21:39:38.559228" elapsed="0.000165"/>
</kw>
<kw name="Evaluate" owner="BuiltIn">
<msg time="2025-02-12T21:39:38.559518" level="INFO">${should_create_input} = True</msg>
<var>${should_create_input}</var>
<arg>${input_exists} and ${input_not_none}</arg>
<doc>Evaluates the given expression in Python and returns the result.</doc>
<status status="PASS" start="2025-02-12T21:39:38.559435" elapsed="0.000091"/>
</kw>
<if>
<branch type="IF" condition="${should_create_input}">
<kw name="Replace String" owner="String">
<msg time="2025-02-12T21:39:38.559675" level="INFO">${normalized_input} = a</msg>
<var>${normalized_input}</var>
<arg>${input}</arg>
<arg>\r\n</arg>
<arg>\n</arg>
<doc>Replaces ``search_for`` in the given ``string`` with ``replace_with``.</doc>
<status status="PASS" start="2025-02-12T21:39:38.559608" elapsed="0.000099"/>
</kw>
<kw name="Run Keyword And Return Status" owner="BuiltIn">
<kw name="Should End With" owner="BuiltIn">
<msg time="2025-02-12T21:39:38.559887" level="FAIL">'a' does not end with '
'</msg>
<arg>${normalized_input}</arg>
<arg>\n</arg>
<doc>Fails if the string ``str1`` does not end with the string ``str2``.</doc>
<status status="FAIL" start="2025-02-12T21:39:38.559806" elapsed="0.000142">'a' does not end with '
'</status>
</kw>
<msg time="2025-02-12T21:39:38.559985" level="INFO">${has_newline} = False</msg>
<var>${has_newline}</var>
<arg>Should End With</arg>
<arg>${normalized_input}</arg>
<arg>\n</arg>
<doc>Runs the given keyword with given arguments and returns the status as a Boolean value.</doc>
<status status="PASS" start="2025-02-12T21:39:38.559754" elapsed="0.000239"/>
</kw>
<if>
<branch type="IF" condition="not ${has_newline}">
<kw name="Set Variable" owner="BuiltIn">
<msg time="2025-02-12T21:39:38.560135" level="INFO">${normalized_input} = a
</msg>
<var>${normalized_input}</var>
<arg>${normalized_input}\n</arg>
<doc>Returns the given values which can then be assigned to a variables.</doc>
<status status="PASS" start="2025-02-12T21:39:38.560081" elapsed="0.000061"/>
</kw>
<status status="PASS" start="2025-02-12T21:39:38.560021" elapsed="0.000133"/>
</branch>
<status status="PASS" start="2025-02-12T21:39:38.560015" elapsed="0.000149"/>
</if>
<kw name="Create File" owner="OperatingSystem">
<msg time="2025-02-12T21:39:38.560393" level="INFO" html="true">Created file '&lt;a href="file:///Users/tanakrit/Documents/GitHub/RobotFramewokForIDE/NewFormatOfRobot/temp/input.txt"&gt;/Users/tanakrit/Documents/GitHub/RobotFramewokForIDE/NewFormatOfRobot/temp/input.txt&lt;/a&gt;'.</msg>
<arg>${TEMP_DIR}/input.txt</arg>
<arg>${normalized_input}</arg>
<arg>encoding=UTF-8</arg>
<doc>Creates a file with the given content and encoding.</doc>
<status status="PASS" start="2025-02-12T21:39:38.560199" elapsed="0.000214"/>
</kw>
<kw name="Log Debug Info">
<kw name="Get Current Date" owner="DateTime">
<msg time="2025-02-12T21:39:38.560630" level="INFO">${timestamp} = 2025-02-12 21:39:38.560600</msg>
<var>${timestamp}</var>
<arg>result_format=%Y-%m-%d %H:%M:%S.%f</arg>
<doc>Returns current local or UTC time with an optional increment.</doc>
<status status="PASS" start="2025-02-12T21:39:38.560559" elapsed="0.000079"/>
</kw>
<kw name="Append To File" owner="OperatingSystem">
<msg time="2025-02-12T21:39:38.560800" level="INFO" html="true">Appended to file '&lt;a href="file:///Users/tanakrit/Documents/GitHub/RobotFramewokForIDE/NewFormatOfRobot/execution.log"&gt;/Users/tanakrit/Documents/GitHub/RobotFramewokForIDE/NewFormatOfRobot/execution.log&lt;/a&gt;'.</msg>
<arg>${LOG_FILE}</arg>
<arg>${timestamp}: ${message}\n</arg>
<doc>Appends the given content to the specified file.</doc>
<status status="PASS" start="2025-02-12T21:39:38.560676" elapsed="0.000143"/>
</kw>
<arg>Created input file with content: ${normalized_input}</arg>
<status status="PASS" start="2025-02-12T21:39:38.560460" elapsed="0.000383"/>
</kw>
<return>
<value>${True}</value>
<value>${TEMP_DIR}/input.txt</value>
<status status="PASS" start="2025-02-12T21:39:38.560860" elapsed="0.000014"/>
</return>
<status status="PASS" start="2025-02-12T21:39:38.559554" elapsed="0.001336"/>
</branch>
<status status="PASS" start="2025-02-12T21:39:38.559547" elapsed="0.001353"/>
</if>
<return>
<value>${False}</value>
<value>${EMPTY}</value>
<status status="NOT RUN" start="2025-02-12T21:39:38.560915" elapsed="0.000004"/>
</return>
<msg time="2025-02-12T21:39:38.560982" level="INFO">${has_input} = True</msg>
<msg time="2025-02-12T21:39:38.560996" level="INFO">${input_file} = ./temp/input.txt</msg>
<var>${has_input}</var>
<var>${input_file}</var>
<arg>${input}</arg>
<status status="PASS" start="2025-02-12T21:39:38.558890" elapsed="0.002113"/>
</kw>
<kw name="Set Variable" owner="BuiltIn">
<msg time="2025-02-12T21:39:38.561085" level="INFO">${status} = success</msg>
<var>${status}</var>
<arg>success</arg>
<doc>Returns the given values which can then be assigned to a variables.</doc>
<status status="PASS" start="2025-02-12T21:39:38.561045" elapsed="0.000047"/>
</kw>
<kw name="Set Variable" owner="BuiltIn">
<msg time="2025-02-12T21:39:38.561371" level="INFO">${output} = </msg>
<var>${output}</var>
<arg>${EMPTY}</arg>
<doc>Returns the given values which can then be assigned to a variables.</doc>
<status status="PASS" start="2025-02-12T21:39:38.561130" elapsed="0.000249"/>
</kw>
<try>
<branch type="TRY">
<if>
<branch type="IF" condition="'${language}' == 'python'">
<kw name="Execute Python Code">
<if>
<branch type="IF" condition="${has_input}">
<kw name="Run Process" owner="Process">
<msg time="2025-02-12T21:39:38.561820" level="INFO">Starting process:
python ./temp/test.py</msg>
<msg time="2025-02-12T21:39:38.564595" level="INFO">Waiting for process to complete.</msg>
<msg time="2025-02-12T21:39:38.576060" level="INFO">Process completed.</msg>
<msg time="2025-02-12T21:39:38.576198" level="INFO">${result} = &lt;result object with rc 0&gt;</msg>
<var>${result}</var>
<arg>${PYTHON_CMD}</arg>
<arg>${filename}</arg>
<arg>stdin=${input_file}</arg>
<arg>shell=True</arg>
<arg>stderr=STDOUT</arg>
<doc>Runs a process and waits for it to complete.</doc>
<status status="PASS" start="2025-02-12T21:39:38.561690" elapsed="0.014524"/>
</kw>
<kw name="Log Debug Info">
<kw name="Get Current Date" owner="DateTime">
<msg time="2025-02-12T21:39:38.577265" level="INFO">${timestamp} = 2025-02-12 21:39:38.577221</msg>
<var>${timestamp}</var>
<arg>result_format=%Y-%m-%d %H:%M:%S.%f</arg>
<doc>Returns current local or UTC time with an optional increment.</doc>
<status status="PASS" start="2025-02-12T21:39:38.577155" elapsed="0.000119"/>
</kw>
<kw name="Append To File" owner="OperatingSystem">
<msg time="2025-02-12T21:39:38.577518" level="INFO" html="true">Appended to file '&lt;a href="file:///Users/tanakrit/Documents/GitHub/RobotFramewokForIDE/NewFormatOfRobot/execution.log"&gt;/Users/tanakrit/Documents/GitHub/RobotFramewokForIDE/NewFormatOfRobot/execution.log&lt;/a&gt;'.</msg>
<arg>${LOG_FILE}</arg>
<arg>${timestamp}: ${message}\n</arg>
<doc>Appends the given content to the specified file.</doc>
<status status="PASS" start="2025-02-12T21:39:38.577316" elapsed="0.000224"/>
</kw>
<arg>Python execution with input - RC: ${result.rc}, Output:\n${result.stdout}</arg>
<status status="PASS" start="2025-02-12T21:39:38.576428" elapsed="0.001135"/>
</kw>
<status status="PASS" start="2025-02-12T21:39:38.561642" elapsed="0.015932"/>
</branch>
<branch type="ELSE">
<kw name="Run Process" owner="Process">
<var>${result}</var>
<arg>${PYTHON_CMD}</arg>
<arg>${filename}</arg>
<arg>shell=True</arg>
<arg>stderr=STDOUT</arg>
<arg>stdout=STDOUT</arg>
<doc>Runs a process and waits for it to complete.</doc>
<status status="NOT RUN" start="2025-02-12T21:39:38.577643" elapsed="0.000006"/>
</kw>
<kw name="Log Debug Info">
<arg>Python execution without input - RC: ${result.rc}, Output:\n${result.stdout}</arg>
<status status="NOT RUN" start="2025-02-12T21:39:38.577698" elapsed="0.000007"/>
</kw>
<status status="NOT RUN" start="2025-02-12T21:39:38.577591" elapsed="0.000124"/>
</branch>
<status status="PASS" start="2025-02-12T21:39:38.561637" elapsed="0.016086"/>
</if>
<return>
<value>${result}</value>
<status status="PASS" start="2025-02-12T21:39:38.577738" elapsed="0.000022"/>
</return>
<msg time="2025-02-12T21:39:38.577807" level="INFO">${result} = &lt;result object with rc 0&gt;</msg>
<var>${result}</var>
<arg>${TEMP_DIR}/${filename}${ext}</arg>
<arg>${has_input}</arg>
<arg>${input_file}</arg>
<status status="PASS" start="2025-02-12T21:39:38.561530" elapsed="0.016285"/>
</kw>
<if>
<branch type="IF" condition="${result.rc} != 0">
<kw name="Set Variable" owner="BuiltIn">
<var>${status}</var>
<arg>runtime_error</arg>
<doc>Returns the given values which can then be assigned to a variables.</doc>
<status status="NOT RUN" start="2025-02-12T21:39:38.578085" elapsed="0.000006"/>
</kw>
<kw name="Set Variable" owner="BuiltIn">
<var>${output}</var>
<arg>${result.stdout}</arg>
<doc>Returns the given values which can then be assigned to a variables.</doc>
<status status="NOT RUN" start="2025-02-12T21:39:38.578157" elapsed="0.000005"/>
</kw>
<kw name="Log Debug Info">
<arg>Python runtime error: ${result.stdout}</arg>
<status status="NOT RUN" start="2025-02-12T21:39:38.578199" elapsed="0.000005"/>
</kw>
<status status="NOT RUN" start="2025-02-12T21:39:38.577843" elapsed="0.000372"/>
</branch>
<branch type="ELSE">
<kw name="Get Final Output">
<kw name="Log Debug Info">
<kw name="Get Current Date" owner="DateTime">
<msg time="2025-02-12T21:39:38.578686" level="INFO">${timestamp} = 2025-02-12 21:39:38.578663</msg>
<var>${timestamp}</var>
<arg>result_format=%Y-%m-%d %H:%M:%S.%f</arg>
<doc>Returns current local or UTC time with an optional increment.</doc>
<status status="PASS" start="2025-02-12T21:39:38.578626" elapsed="0.000073"/>
</kw>
<kw name="Append To File" owner="OperatingSystem">
<msg time="2025-02-12T21:39:38.578849" level="INFO" html="true">Appended to file '&lt;a href="file:///Users/tanakrit/Documents/GitHub/RobotFramewokForIDE/NewFormatOfRobot/execution.log"&gt;/Users/tanakrit/Documents/GitHub/RobotFramewokForIDE/NewFormatOfRobot/execution.log&lt;/a&gt;'.</msg>
<arg>${LOG_FILE}</arg>
<arg>${timestamp}: ${message}\n</arg>
<doc>Appends the given content to the specified file.</doc>
<status status="PASS" start="2025-02-12T21:39:38.578734" elapsed="0.000133"/>
</kw>
<arg>Processing raw output: ${output}</arg>
<status status="PASS" start="2025-02-12T21:39:38.578543" elapsed="0.000348"/>
</kw>
<kw name="Split To Lines" owner="String">
<msg time="2025-02-12T21:39:38.578968" level="INFO">1 lines returned</msg>
<msg time="2025-02-12T21:39:38.578993" level="INFO">${lines} = ['Enter a character: The Unicode is: u0061']</msg>
<var>${lines}</var>
<arg>${output}</arg>
<doc>Splits the given string to lines.</doc>
<status status="PASS" start="2025-02-12T21:39:38.578926" elapsed="0.000074"/>
</kw>
<kw name="Create List" owner="BuiltIn">
<msg time="2025-02-12T21:39:38.579077" level="INFO">${final_lines} = []</msg>
<var>${final_lines}</var>
<doc>Returns a list containing given items.</doc>
<status status="PASS" start="2025-02-12T21:39:38.579035" elapsed="0.000049"/>
</kw>
<kw name="Create List" owner="BuiltIn">
<msg time="2025-02-12T21:39:38.579199" level="INFO">@{patterns_to_remove} = [ (?i)Enter [A-Za-z\s]+: | (?i)Input [A-Za-z\s]+: | (?i)Please enter [A-Za-z\s]+: | (?i)Please input [A-Za-z\s]+: | (?i)Enter the [A-Za-z\s]+: | (?i)The [A-Za-z\s]+ is: | (?i)Enter [A-Za-z\s]+ | (?i)I...</msg>
<var>@{patterns_to_remove}</var>
<arg>(?i)Enter [A-Za-z\\s]+:</arg>
<arg>(?i)Input [A-Za-z\\s]+:</arg>
<arg>(?i)Please enter [A-Za-z\\s]+:</arg>
<arg>(?i)Please input [A-Za-z\\s]+:</arg>
<arg>(?i)Enter the [A-Za-z\\s]+:</arg>
<arg>(?i)The [A-Za-z\\s]+ is:</arg>
<arg>(?i)Enter [A-Za-z\\s]+</arg>
<arg>(?i)Input [A-Za-z\\s]+</arg>
<arg>(?i)Please enter [A-Za-z\\s]+</arg>
<arg>(?i)Please input [A-Za-z\\s]+</arg>
<arg>(?i)Enter the [A-Za-z\\s]+</arg>
<arg>(?i)The [A-Za-z\\s]+ is</arg>
<arg>(?i)Enter [A-Za-z\\s]+:</arg>
<arg>(?i)Input [A-Za-z\\s]+:</arg>
<arg>(?i)The Unicode is:</arg>
<doc>Returns a list containing given items.</doc>
<status status="PASS" start="2025-02-12T21:39:38.579116" elapsed="0.000091"/>
</kw>
<for flavor="IN">
<iter>
<kw name="Strip String" owner="String">
<msg time="2025-02-12T21:39:38.579400" level="INFO">${stripped} = Enter a character: The Unicode is: u0061</msg>
<var>${stripped}</var>
<arg>${line}</arg>
<doc>Remove leading and/or trailing whitespaces from the given string.</doc>
<status status="PASS" start="2025-02-12T21:39:38.579347" elapsed="0.000062"/>
</kw>
<kw name="Continue For Loop If" owner="BuiltIn">
<arg>'${stripped}' == ''</arg>
<doc>Skips the current FOR loop iteration if the ``condition`` is true.</doc>
<status status="PASS" start="2025-02-12T21:39:38.579449" elapsed="0.000079"/>
</kw>
<kw name="Set Variable" owner="BuiltIn">
<msg time="2025-02-12T21:39:38.579609" level="INFO">${cleaned} = Enter a character: The Unicode is: u0061</msg>
<var>${cleaned}</var>
<arg>${stripped}</arg>
<doc>Returns the given values which can then be assigned to a variables.</doc>
<status status="PASS" start="2025-02-12T21:39:38.579562" elapsed="0.000054"/>
</kw>
<for flavor="IN">
<iter>
<kw name="Replace String Using Regexp" owner="String">
<msg time="2025-02-12T21:39:38.580064" level="INFO">${cleaned} =  The Unicode is: u0061</msg>
<var>${cleaned}</var>
<arg>${cleaned}</arg>
<arg>${pattern}</arg>
<arg>${EMPTY}</arg>
<doc>Replaces ``pattern`` in the given ``string`` with ``replace_with``.</doc>
<status status="PASS" start="2025-02-12T21:39:38.579699" elapsed="0.000373"/>
</kw>
<var name="${pattern}">(?i)Enter [A-Za-z\s]+:</var>
<status status="PASS" start="2025-02-12T21:39:38.579670" elapsed="0.000416"/>
</iter>
<iter>
<kw name="Replace String Using Regexp" owner="String">
<msg time="2025-02-12T21:39:38.580441" level="INFO">${cleaned} =  The Unicode is: u0061</msg>
<var>${cleaned}</var>
<arg>${cleaned}</arg>
<arg>${pattern}</arg>
<arg>${EMPTY}</arg>
<doc>Replaces ``pattern`` in the given ``string`` with ``replace_with``.</doc>
<status status="PASS" start="2025-02-12T21:39:38.580147" elapsed="0.000302"/>
</kw>
<var name="${pattern}">(?i)Input [A-Za-z\s]+:</var>
<status status="PASS" start="2025-02-12T21:39:38.580117" elapsed="0.000346"/>
</iter>
<iter>
<kw name="Replace String Using Regexp" owner="String">
<msg time="2025-02-12T21:39:38.580812" level="INFO">${cleaned} =  The Unicode is: u0061</msg>
<var>${cleaned}</var>
<arg>${cleaned}</arg>
<arg>${pattern}</arg>
<arg>${EMPTY}</arg>
<doc>Replaces ``pattern`` in the given ``string`` with ``replace_with``.</doc>
<status status="PASS" start="2025-02-12T21:39:38.580518" elapsed="0.000302"/>
</kw>
<var name="${pattern}">(?i)Please enter [A-Za-z\s]+:</var>
<status status="PASS" start="2025-02-12T21:39:38.580490" elapsed="0.000343"/>
</iter>
<iter>
<kw name="Replace String Using Regexp" owner="String">
<msg time="2025-02-12T21:39:38.581167" level="INFO">${cleaned} =  The Unicode is: u0061</msg>
<var>${cleaned}</var>
<arg>${cleaned}</arg>
<arg>${pattern}</arg>
<arg>${EMPTY}</arg>
<doc>Replaces ``pattern`` in the given ``string`` with ``replace_with``.</doc>
<status status="PASS" start="2025-02-12T21:39:38.580889" elapsed="0.000286"/>
</kw>
<var name="${pattern}">(?i)Please input [A-Za-z\s]+:</var>
<status status="PASS" start="2025-02-12T21:39:38.580860" elapsed="0.000328"/>
</iter>
<iter>
<kw name="Replace String Using Regexp" owner="String">
<msg time="2025-02-12T21:39:38.581522" level="INFO">${cleaned} =  The Unicode is: u0061</msg>
<var>${cleaned}</var>
<arg>${cleaned}</arg>
<arg>${pattern}</arg>
<arg>${EMPTY}</arg>
<doc>Replaces ``pattern`` in the given ``string`` with ``replace_with``.</doc>
<status status="PASS" start="2025-02-12T21:39:38.581243" elapsed="0.000286"/>
</kw>
<var name="${pattern}">(?i)Enter the [A-Za-z\s]+:</var>
<status status="PASS" start="2025-02-12T21:39:38.581215" elapsed="0.000328"/>
</iter>
<iter>
<kw name="Replace String Using Regexp" owner="String">
<msg time="2025-02-12T21:39:38.581874" level="INFO">${cleaned} =   u0061</msg>
<var>${cleaned}</var>
<arg>${cleaned}</arg>
<arg>${pattern}</arg>
<arg>${EMPTY}</arg>
<doc>Replaces ``pattern`` in the given ``string`` with ``replace_with``.</doc>
<status status="PASS" start="2025-02-12T21:39:38.581601" elapsed="0.000281"/>
</kw>
<var name="${pattern}">(?i)The [A-Za-z\s]+ is:</var>
<status status="PASS" start="2025-02-12T21:39:38.581572" elapsed="0.000323"/>
</iter>
<iter>
<kw name="Replace String Using Regexp" owner="String">
<msg time="2025-02-12T21:39:38.582214" level="INFO">${cleaned} =   u0061</msg>
<var>${cleaned}</var>
<arg>${cleaned}</arg>
<arg>${pattern}</arg>
<arg>${EMPTY}</arg>
<doc>Replaces ``pattern`` in the given ``string`` with ``replace_with``.</doc>
<status status="PASS" start="2025-02-12T21:39:38.581948" elapsed="0.000274"/>
</kw>
<var name="${pattern}">(?i)Enter [A-Za-z\s]+</var>
<status status="PASS" start="2025-02-12T21:39:38.581920" elapsed="0.000315"/>
</iter>
<iter>
<kw name="Replace String Using Regexp" owner="String">
<msg time="2025-02-12T21:39:38.582582" level="INFO">${cleaned} =   u0061</msg>
<var>${cleaned}</var>
<arg>${cleaned}</arg>
<arg>${pattern}</arg>
<arg>${EMPTY}</arg>
<doc>Replaces ``pattern`` in the given ``string`` with ``replace_with``.</doc>
<status status="PASS" start="2025-02-12T21:39:38.582309" elapsed="0.000281"/>
</kw>
<var name="${pattern}">(?i)Input [A-Za-z\s]+</var>
<status status="PASS" start="2025-02-12T21:39:38.582280" elapsed="0.000324"/>
</iter>
<iter>
<kw name="Replace String Using Regexp" owner="String">
<msg time="2025-02-12T21:39:38.582928" level="INFO">${cleaned} =   u0061</msg>
<var>${cleaned}</var>
<arg>${cleaned}</arg>
<arg>${pattern}</arg>
<arg>${EMPTY}</arg>
<doc>Replaces ``pattern`` in the given ``string`` with ``replace_with``.</doc>
<status status="PASS" start="2025-02-12T21:39:38.582658" elapsed="0.000279"/>
</kw>
<var name="${pattern}">(?i)Please enter [A-Za-z\s]+</var>
<status status="PASS" start="2025-02-12T21:39:38.582628" elapsed="0.000322"/>
</iter>
<iter>
<kw name="Replace String Using Regexp" owner="String">
<msg time="2025-02-12T21:39:38.583273" level="INFO">${cleaned} =   u0061</msg>
<var>${cleaned}</var>
<arg>${cleaned}</arg>
<arg>${pattern}</arg>
<arg>${EMPTY}</arg>
<doc>Replaces ``pattern`` in the given ``string`` with ``replace_with``.</doc>
<status status="PASS" start="2025-02-12T21:39:38.583003" elapsed="0.000279"/>
</kw>
<var name="${pattern}">(?i)Please input [A-Za-z\s]+</var>
<status status="PASS" start="2025-02-12T21:39:38.582975" elapsed="0.000320"/>
</iter>
<iter>
<kw name="Replace String Using Regexp" owner="String">
<msg time="2025-02-12T21:39:38.583712" level="INFO">${cleaned} =   u0061</msg>
<var>${cleaned}</var>
<arg>${cleaned}</arg>
<arg>${pattern}</arg>
<arg>${EMPTY}</arg>
<doc>Replaces ``pattern`` in the given ``string`` with ``replace_with``.</doc>
<status status="PASS" start="2025-02-12T21:39:38.583349" elapsed="0.000371"/>
</kw>
<var name="${pattern}">(?i)Enter the [A-Za-z\s]+</var>
<status status="PASS" start="2025-02-12T21:39:38.583320" elapsed="0.000414"/>
</iter>
<iter>
<kw name="Replace String Using Regexp" owner="String">
<msg time="2025-02-12T21:39:38.584126" level="INFO">${cleaned} =   u0061</msg>
<var>${cleaned}</var>
<arg>${cleaned}</arg>
<arg>${pattern}</arg>
<arg>${EMPTY}</arg>
<doc>Replaces ``pattern`` in the given ``string`` with ``replace_with``.</doc>
<status status="PASS" start="2025-02-12T21:39:38.583811" elapsed="0.000324"/>
</kw>
<var name="${pattern}">(?i)The [A-Za-z\s]+ is</var>
<status status="PASS" start="2025-02-12T21:39:38.583761" elapsed="0.000389"/>
</iter>
<iter>
<kw name="Replace String Using Regexp" owner="String">
<msg time="2025-02-12T21:39:38.584402" level="INFO">${cleaned} =   u0061</msg>
<var>${cleaned}</var>
<arg>${cleaned}</arg>
<arg>${pattern}</arg>
<arg>${EMPTY}</arg>
<doc>Replaces ``pattern`` in the given ``string`` with ``replace_with``.</doc>
<status status="PASS" start="2025-02-12T21:39:38.584210" elapsed="0.000199"/>
</kw>
<var name="${pattern}">(?i)Enter [A-Za-z\s]+:</var>
<status status="PASS" start="2025-02-12T21:39:38.584178" elapsed="0.000245"/>
</iter>
<iter>
<kw name="Replace String Using Regexp" owner="String">
<msg time="2025-02-12T21:39:38.584654" level="INFO">${cleaned} =   u0061</msg>
<var>${cleaned}</var>
<arg>${cleaned}</arg>
<arg>${pattern}</arg>
<arg>${EMPTY}</arg>
<doc>Replaces ``pattern`` in the given ``string`` with ``replace_with``.</doc>
<status status="PASS" start="2025-02-12T21:39:38.584476" elapsed="0.000186"/>
</kw>
<var name="${pattern}">(?i)Input [A-Za-z\s]+:</var>
<status status="PASS" start="2025-02-12T21:39:38.584448" elapsed="0.000227"/>
</iter>
<iter>
<kw name="Replace String Using Regexp" owner="String">
<msg time="2025-02-12T21:39:38.584929" level="INFO">${cleaned} =   u0061</msg>
<var>${cleaned}</var>
<arg>${cleaned}</arg>
<arg>${pattern}</arg>
<arg>${EMPTY}</arg>
<doc>Replaces ``pattern`` in the given ``string`` with ``replace_with``.</doc>
<status status="PASS" start="2025-02-12T21:39:38.584729" elapsed="0.000207"/>
</kw>
<var name="${pattern}">(?i)The Unicode is:</var>
<status status="PASS" start="2025-02-12T21:39:38.584700" elapsed="0.000250"/>
</iter>
<var>${pattern}</var>
<value>@{patterns_to_remove}</value>
<status status="PASS" start="2025-02-12T21:39:38.579633" elapsed="0.005326"/>
</for>
<kw name="Strip String" owner="String">
<msg time="2025-02-12T21:39:38.585046" level="INFO">${cleaned} = u0061</msg>
<var>${cleaned}</var>
<arg>${cleaned}</arg>
<doc>Remove leading and/or trailing whitespaces from the given string.</doc>
<status status="PASS" start="2025-02-12T21:39:38.584997" elapsed="0.000056"/>
</kw>
<kw name="Continue For Loop If" owner="BuiltIn">
<arg>'${cleaned}' == ''</arg>
<doc>Skips the current FOR loop iteration if the ``condition`` is true.</doc>
<status status="PASS" start="2025-02-12T21:39:38.585086" elapsed="0.000074"/>
</kw>
<kw name="Append To List" owner="Collections">
<arg>${final_lines}</arg>
<arg>${cleaned}</arg>
<doc>Adds ``values`` to the end of ``list``.</doc>
<status status="PASS" start="2025-02-12T21:39:38.585200" elapsed="0.000048"/>
</kw>
<var name="${line}">Enter a character: The Unicode is: u0061</var>
<status status="PASS" start="2025-02-12T21:39:38.579317" elapsed="0.005943"/>
</iter>
<var>${line}</var>
<value>@{lines}</value>
<status status="PASS" start="2025-02-12T21:39:38.579247" elapsed="0.006023"/>
</for>
<kw name="Evaluate" owner="BuiltIn">
<msg time="2025-02-12T21:39:38.585428" level="INFO">${final_output} = u0061</msg>
<var>${final_output}</var>
<arg>"\\n".join($final_lines)</arg>
<doc>Evaluates the given expression in Python and returns the result.</doc>
<status status="PASS" start="2025-02-12T21:39:38.585310" elapsed="0.000126"/>
</kw>
<kw name="Log Debug Info">
<kw name="Get Current Date" owner="DateTime">
<msg time="2025-02-12T21:39:38.585634" level="INFO">${timestamp} = 2025-02-12 21:39:38.585611</msg>
<var>${timestamp}</var>
<arg>result_format=%Y-%m-%d %H:%M:%S.%f</arg>
<doc>Returns current local or UTC time with an optional increment.</doc>
<status status="PASS" start="2025-02-12T21:39:38.585576" elapsed="0.000073"/>
</kw>
<kw name="Append To File" owner="OperatingSystem">
<msg time="2025-02-12T21:39:38.585799" level="INFO" html="true">Appended to file '&lt;a href="file:///Users/tanakrit/Documents/GitHub/RobotFramewokForIDE/NewFormatOfRobot/execution.log"&gt;/Users/tanakrit/Documents/GitHub/RobotFramewokForIDE/NewFormatOfRobot/execution.log&lt;/a&gt;'.</msg>
<arg>${LOG_FILE}</arg>
<arg>${timestamp}: ${message}\n</arg>
<doc>Appends the given content to the specified file.</doc>
<status status="PASS" start="2025-02-12T21:39:38.585683" elapsed="0.000148"/>
</kw>
<arg>Final processed output: ${final_output}</arg>
<status status="PASS" start="2025-02-12T21:39:38.585488" elapsed="0.000364"/>
</kw>
<return>
<value>${final_output}</value>
<status status="PASS" start="2025-02-12T21:39:38.585866" elapsed="0.000012"/>
</return>
<msg time="2025-02-12T21:39:38.585919" level="INFO">${raw_output} = u0061</msg>
<var>${raw_output}</var>
<arg>${result.stdout}</arg>
<status status="PASS" start="2025-02-12T21:39:38.578319" elapsed="0.007607"/>
</kw>
<kw name="Normalize Output">
<kw name="Set Variable" owner="BuiltIn">
<msg time="2025-02-12T21:39:38.586174" level="INFO">${normalized} = u0061</msg>
<var>${normalized}</var>
<arg>${output}</arg>
<doc>Returns the given values which can then be assigned to a variables.</doc>
<status status="PASS" start="2025-02-12T21:39:38.586128" elapsed="0.000054"/>
</kw>
<kw name="Run Keyword And Return Status" owner="BuiltIn">
<kw name="Should Be Empty" owner="BuiltIn">
<msg time="2025-02-12T21:39:38.586320" level="INFO">Length is 5.</msg>
<msg time="2025-02-12T21:39:38.586372" level="FAIL">'u0061' should be empty.</msg>
<arg>${normalized}</arg>
<doc>Verifies that the given item is empty.</doc>
<status status="FAIL" start="2025-02-12T21:39:38.586280" elapsed="0.000131">'u0061' should be empty.</status>
</kw>
<msg time="2025-02-12T21:39:38.586444" level="INFO">${is_empty} = False</msg>
<var>${is_empty}</var>
<arg>Should Be Empty</arg>
<arg>${normalized}</arg>
<doc>Runs the given keyword with given arguments and returns the status as a Boolean value.</doc>
<status status="PASS" start="2025-02-12T21:39:38.586229" elapsed="0.000239"/>
</kw>
<if>
<branch type="IF" condition="${is_empty}">
<return>
<value>${normalized}</value>
<status status="NOT RUN" start="2025-02-12T21:39:38.586517" elapsed="0.000004"/>
</return>
<status status="NOT RUN" start="2025-02-12T21:39:38.586493" elapsed="0.000037"/>
</branch>
<status status="PASS" start="2025-02-12T21:39:38.586487" elapsed="0.000050"/>
</if>
<kw name="Split To Lines" owner="String">
<msg time="2025-02-12T21:39:38.586606" level="INFO">1 lines returned</msg>
<msg time="2025-02-12T21:39:38.586626" level="INFO">${lines} = ['u0061']</msg>
<var>${lines}</var>
<arg>${normalized}</arg>
<doc>Splits the given string to lines.</doc>
<status status="PASS" start="2025-02-12T21:39:38.586570" elapsed="0.000065"/>
</kw>
<kw name="Create List" owner="BuiltIn">
<msg time="2025-02-12T21:39:38.586703" level="INFO">${stripped_lines} = []</msg>
<var>${stripped_lines}</var>
<doc>Returns a list containing given items.</doc>
<status status="PASS" start="2025-02-12T21:39:38.586669" elapsed="0.000040"/>
</kw>
<for flavor="IN">
<iter>
<kw name="Strip String" owner="String">
<msg time="2025-02-12T21:39:38.586863" level="INFO">${stripped} = u0061</msg>
<var>${stripped}</var>
<arg>${line}</arg>
<doc>Remove leading and/or trailing whitespaces from the given string.</doc>
<status status="PASS" start="2025-02-12T21:39:38.586815" elapsed="0.000055"/>
</kw>
<kw name="Continue For Loop If" owner="BuiltIn">
<arg>'${stripped}' == ''</arg>
<doc>Skips the current FOR loop iteration if the ``condition`` is true.</doc>
<status status="PASS" start="2025-02-12T21:39:38.586904" elapsed="0.000066"/>
</kw>
<try>
<branch type="TRY">
<kw name="Convert To Number" owner="BuiltIn">
<msg time="2025-02-12T21:39:38.587121" level="FAIL">'u0061' cannot be converted to a floating point number: ValueError: could not convert string to float: 'u0061'</msg>
<var>${as_number}</var>
<arg>${stripped}</arg>
<doc>Converts the given item to a floating point number.</doc>
<status status="FAIL" start="2025-02-12T21:39:38.587040" elapsed="0.000146">'u0061' cannot be converted to a floating point number: ValueError: could not convert string to float: 'u0061'</status>
</kw>
<kw name="Convert To String" owner="BuiltIn">
<var>${normalized_line}</var>
<arg>${as_number}</arg>
<doc>Converts the given item to a Unicode string.</doc>
<status status="NOT RUN" start="2025-02-12T21:39:38.587228" elapsed="0.000006"/>
</kw>
<status status="FAIL" start="2025-02-12T21:39:38.587004" elapsed="0.000257">'u0061' cannot be converted to a floating point number: ValueError: could not convert string to float: 'u0061'</status>
</branch>
<branch type="EXCEPT">
<kw name="Set Variable" owner="BuiltIn">
<msg time="2025-02-12T21:39:38.587362" level="INFO">${normalized_line} = u0061</msg>
<var>${normalized_line}</var>
<arg>${stripped}</arg>
<doc>Returns the given values which can then be assigned to a variables.</doc>
<status status="PASS" start="2025-02-12T21:39:38.587314" elapsed="0.000055"/>
</kw>
<status status="PASS" start="2025-02-12T21:39:38.587282" elapsed="0.000098"/>
</branch>
<status status="PASS" start="2025-02-12T21:39:38.586991" elapsed="0.000402"/>
</try>
<kw name="Append To List" owner="Collections">
<arg>${stripped_lines}</arg>
<arg>${normalized_line}</arg>
<doc>Adds ``values`` to the end of ``list``.</doc>
<status status="PASS" start="2025-02-12T21:39:38.587424" elapsed="0.000049"/>
</kw>
<var name="${line}">u0061</var>
<status status="PASS" start="2025-02-12T21:39:38.586787" elapsed="0.000697"/>
</iter>
<var>${line}</var>
<value>@{lines}</value>
<status status="PASS" start="2025-02-12T21:39:38.586725" elapsed="0.000769"/>
</for>
<kw name="Evaluate" owner="BuiltIn">
<msg time="2025-02-12T21:39:38.587618" level="INFO">${normalized} = u0061</msg>
<var>${normalized}</var>
<arg>"\\n".join($stripped_lines)</arg>
<doc>Evaluates the given expression in Python and returns the result.</doc>
<status status="PASS" start="2025-02-12T21:39:38.587530" elapsed="0.000095"/>
</kw>
<kw name="Strip String" owner="String">
<msg time="2025-02-12T21:39:38.587707" level="INFO">${normalized} = u0061</msg>
<var>${normalized}</var>
<arg>${normalized}</arg>
<doc>Remove leading and/or trailing whitespaces from the given string.</doc>
<status status="PASS" start="2025-02-12T21:39:38.587659" elapsed="0.000054"/>
</kw>
<kw name="Log Debug Info">
<kw name="Get Current Date" owner="DateTime">
<msg time="2025-02-12T21:39:38.587968" level="INFO">${timestamp} = 2025-02-12 21:39:38.587946</msg>
<var>${timestamp}</var>
<arg>result_format=%Y-%m-%d %H:%M:%S.%f</arg>
<doc>Returns current local or UTC time with an optional increment.</doc>
<status status="PASS" start="2025-02-12T21:39:38.587912" elapsed="0.000064"/>
</kw>
<kw name="Append To File" owner="OperatingSystem">
<msg time="2025-02-12T21:39:38.588120" level="INFO" html="true">Appended to file '&lt;a href="file:///Users/tanakrit/Documents/GitHub/RobotFramewokForIDE/NewFormatOfRobot/execution.log"&gt;/Users/tanakrit/Documents/GitHub/RobotFramewokForIDE/NewFormatOfRobot/execution.log&lt;/a&gt;'.</msg>
<arg>${LOG_FILE}</arg>
<arg>${timestamp}: ${message}\n</arg>
<doc>Appends the given content to the specified file.</doc>
<status status="PASS" start="2025-02-12T21:39:38.588010" elapsed="0.000138"/>
</kw>
<arg>Normalized output: ${normalized}</arg>
<status status="PASS" start="2025-02-12T21:39:38.587751" elapsed="0.000417"/>
</kw>
<return>
<value>${normalized}</value>
<status status="PASS" start="2025-02-12T21:39:38.588182" elapsed="0.000011"/>
</return>
<msg time="2025-02-12T21:39:38.588239" level="INFO">${output} = u0061</msg>
<var>${output}</var>
<arg>${raw_output}</arg>
<status status="PASS" start="2025-02-12T21:39:38.586040" elapsed="0.002206"/>
</kw>
<kw name="Log Debug Info">
<kw name="Get Current Date" owner="DateTime">
<msg time="2025-02-12T21:39:38.588433" level="INFO">${timestamp} = 2025-02-12 21:39:38.588411</msg>
<var>${timestamp}</var>
<arg>result_format=%Y-%m-%d %H:%M:%S.%f</arg>
<doc>Returns current local or UTC time with an optional increment.</doc>
<status status="PASS" start="2025-02-12T21:39:38.588374" elapsed="0.000067"/>
</kw>
<kw name="Append To File" owner="OperatingSystem">
<msg time="2025-02-12T21:39:38.588591" level="INFO" html="true">Appended to file '&lt;a href="file:///Users/tanakrit/Documents/GitHub/RobotFramewokForIDE/NewFormatOfRobot/execution.log"&gt;/Users/tanakrit/Documents/GitHub/RobotFramewokForIDE/NewFormatOfRobot/execution.log&lt;/a&gt;'.</msg>
<arg>${LOG_FILE}</arg>
<arg>${timestamp}: ${message}\n</arg>
<doc>Appends the given content to the specified file.</doc>
<status status="PASS" start="2025-02-12T21:39:38.588477" elapsed="0.000132"/>
</kw>
<arg>Python final output: ${output}</arg>
<status status="PASS" start="2025-02-12T21:39:38.588286" elapsed="0.000343"/>
</kw>
<status status="PASS" start="2025-02-12T21:39:38.578224" elapsed="0.010415"/>
</branch>
<status status="PASS" start="2025-02-12T21:39:38.577837" elapsed="0.010811"/>
</if>
<status status="PASS" start="2025-02-12T21:39:38.561439" elapsed="0.027218"/>
</branch>
<branch type="ELSE IF" condition="'${language}' == 'cpp'">
<kw name="Execute CPP Code">
<var>${exec_status}</var>
<var>${result}</var>
<arg>${TEMP_DIR}/${filename}${ext}</arg>
<arg>${has_input}</arg>
<arg>${input_file}</arg>
<status status="NOT RUN" start="2025-02-12T21:39:38.588748" elapsed="0.000007"/>
</kw>
<if>
<branch type="IF" condition="'${exec_status}' == 'success'">
<kw name="Get Final Output">
<var>${raw_output}</var>
<arg>${result.stdout}</arg>
<status status="NOT RUN" start="2025-02-12T21:39:38.588849" elapsed="0.000007"/>
</kw>
<kw name="Normalize Output">
<var>${output}</var>
<arg>${raw_output}</arg>
<status status="NOT RUN" start="2025-02-12T21:39:38.588946" elapsed="0.000006"/>
</kw>
<kw name="Log Debug Info">
<arg>C++ final output: ${output}</arg>
<status status="NOT RUN" start="2025-02-12T21:39:38.588986" elapsed="0.000006"/>
</kw>
<status status="NOT RUN" start="2025-02-12T21:39:38.588779" elapsed="0.000239"/>
</branch>
<branch type="ELSE">
<kw name="Set Variable" owner="BuiltIn">
<var>${status}</var>
<arg>${exec_status}</arg>
<doc>Returns the given values which can then be assigned to a variables.</doc>
<status status="NOT RUN" start="2025-02-12T21:39:38.589058" elapsed="0.000005"/>
</kw>
<kw name="Set Variable" owner="BuiltIn">
<var>${output}</var>
<arg>${result.stdout}</arg>
<doc>Returns the given values which can then be assigned to a variables.</doc>
<status status="NOT RUN" start="2025-02-12T21:39:38.589094" elapsed="0.000005"/>
</kw>
<status status="NOT RUN" start="2025-02-12T21:39:38.589027" elapsed="0.000081"/>
</branch>
<status status="NOT RUN" start="2025-02-12T21:39:38.588774" elapsed="0.000341"/>
</if>
<status status="NOT RUN" start="2025-02-12T21:39:38.588667" elapsed="0.000458"/>
</branch>
<branch type="ELSE IF" condition="'${language}' == 'rust'">
<kw name="Execute Rust Code">
<var>${exec_status}</var>
<var>${result}</var>
<arg>${TEMP_DIR}/${filename}${ext}</arg>
<arg>${has_input}</arg>
<arg>${input_file}</arg>
<status status="NOT RUN" start="2025-02-12T21:39:38.589198" elapsed="0.000006"/>
</kw>
<if>
<branch type="IF" condition="'${exec_status}' == 'success'">
<kw name="Get Final Output">
<var>${raw_output}</var>
<arg>${result.stdout}</arg>
<status status="NOT RUN" start="2025-02-12T21:39:38.589289" elapsed="0.000006"/>
</kw>
<kw name="Normalize Output">
<var>${output}</var>
<arg>${raw_output}</arg>
<status status="NOT RUN" start="2025-02-12T21:39:38.589375" elapsed="0.000006"/>
</kw>
<kw name="Log Debug Info">
<arg>Rust final output: ${output}</arg>
<status status="NOT RUN" start="2025-02-12T21:39:38.589412" elapsed="0.000005"/>
</kw>
<status status="NOT RUN" start="2025-02-12T21:39:38.589225" elapsed="0.000200"/>
</branch>
<branch type="ELSE">
<kw name="Set Variable" owner="BuiltIn">
<var>${status}</var>
<arg>${exec_status}</arg>
<doc>Returns the given values which can then be assigned to a variables.</doc>
<status status="NOT RUN" start="2025-02-12T21:39:38.589463" elapsed="0.000005"/>
</kw>
<kw name="Set Variable" owner="BuiltIn">
<var>${output}</var>
<arg>${result.stdout}</arg>
<doc>Returns the given values which can then be assigned to a variables.</doc>
<status status="NOT RUN" start="2025-02-12T21:39:38.589505" elapsed="0.000005"/>
</kw>
<status status="NOT RUN" start="2025-02-12T21:39:38.589433" elapsed="0.000086"/>
</branch>
<status status="NOT RUN" start="2025-02-12T21:39:38.589220" elapsed="0.000307"/>
</if>
<status status="NOT RUN" start="2025-02-12T21:39:38.589132" elapsed="0.000408"/>
</branch>
<branch type="ELSE IF" condition="'${language}' == 'javascript'">
<kw name="Execute JavaScript Code">
<var>${result}</var>
<arg>${TEMP_DIR}/${filename}${ext}</arg>
<arg>${has_input}</arg>
<arg>${input_file}</arg>
<status status="NOT RUN" start="2025-02-12T21:39:38.589602" elapsed="0.000006"/>
</kw>
<if>
<branch type="IF" condition="${result.rc} != 0">
<kw name="Set Variable" owner="BuiltIn">
<var>${status}</var>
<arg>runtime_error</arg>
<doc>Returns the given values which can then be assigned to a variables.</doc>
<status status="NOT RUN" start="2025-02-12T21:39:38.589663" elapsed="0.000006"/>
</kw>
<kw name="Set Variable" owner="BuiltIn">
<var>${output}</var>
<arg>${result.stdout}</arg>
<doc>Returns the given values which can then be assigned to a variables.</doc>
<status status="NOT RUN" start="2025-02-12T21:39:38.589703" elapsed="0.000005"/>
</kw>
<kw name="Log Debug Info">
<arg>JavaScript runtime error: ${result.stdout}</arg>
<status status="NOT RUN" start="2025-02-12T21:39:38.589743" elapsed="0.000006"/>
</kw>
<status status="NOT RUN" start="2025-02-12T21:39:38.589631" elapsed="0.000127"/>
</branch>
<branch type="ELSE">
<kw name="Get Final Output">
<var>${raw_output}</var>
<arg>${result.stdout}</arg>
<status status="NOT RUN" start="2025-02-12T21:39:38.589832" elapsed="0.000006"/>
</kw>
<kw name="Normalize Output">
<var>${output}</var>
<arg>${raw_output}</arg>
<status status="NOT RUN" start="2025-02-12T21:39:38.589939" elapsed="0.000009"/>
</kw>
<kw name="Log Debug Info">
<arg>JavaScript final output: ${output}</arg>
<status status="NOT RUN" start="2025-02-12T21:39:38.589994" elapsed="0.000006"/>
</kw>
<status status="NOT RUN" start="2025-02-12T21:39:38.589766" elapsed="0.000245"/>
</branch>
<status status="NOT RUN" start="2025-02-12T21:39:38.589626" elapsed="0.000393"/>
</if>
<status status="NOT RUN" start="2025-02-12T21:39:38.589549" elapsed="0.000479"/>
</branch>
<status status="PASS" start="2025-02-12T21:39:38.561433" elapsed="0.028603"/>
</if>
<status status="PASS" start="2025-02-12T21:39:38.561419" elapsed="0.028626"/>
</branch>
<branch type="EXCEPT" assign="${error}">
<kw name="Set Variable" owner="BuiltIn">
<var>${status}</var>
<arg>runtime_error</arg>
<doc>Returns the given values which can then be assigned to a variables.</doc>
<status status="NOT RUN" start="2025-02-12T21:39:38.590099" elapsed="0.000007"/>
</kw>
<kw name="Set Variable" owner="BuiltIn">
<var>${output}</var>
<arg>${error}</arg>
<doc>Returns the given values which can then be assigned to a variables.</doc>
<status status="NOT RUN" start="2025-02-12T21:39:38.590142" elapsed="0.000006"/>
</kw>
<kw name="Log Debug Info">
<arg>Exception occurred: ${error}</arg>
<status status="NOT RUN" start="2025-02-12T21:39:38.590187" elapsed="0.000006"/>
</kw>
<status status="NOT RUN" start="2025-02-12T21:39:38.590062" elapsed="0.000141"/>
</branch>
<status status="PASS" start="2025-02-12T21:39:38.561402" elapsed="0.028812"/>
</try>
<kw name="Log Debug Info">
<kw name="Get Current Date" owner="DateTime">
<msg time="2025-02-12T21:39:38.590508" level="INFO">${timestamp} = 2025-02-12 21:39:38.590481</msg>
<var>${timestamp}</var>
<arg>result_format=%Y-%m-%d %H:%M:%S.%f</arg>
<doc>Returns current local or UTC time with an optional increment.</doc>
<status status="PASS" start="2025-02-12T21:39:38.590440" elapsed="0.000077"/>
</kw>
<kw name="Append To File" owner="OperatingSystem">
<msg time="2025-02-12T21:39:38.590695" level="INFO" html="true">Appended to file '&lt;a href="file:///Users/tanakrit/Documents/GitHub/RobotFramewokForIDE/NewFormatOfRobot/execution.log"&gt;/Users/tanakrit/Documents/GitHub/RobotFramewokForIDE/NewFormatOfRobot/execution.log&lt;/a&gt;'.</msg>
<arg>${LOG_FILE}</arg>
<arg>${timestamp}: ${message}\n</arg>
<doc>Appends the given content to the specified file.</doc>
<status status="PASS" start="2025-02-12T21:39:38.590554" elapsed="0.000174"/>
</kw>
<arg>Final execution status: ${status}</arg>
<status status="PASS" start="2025-02-12T21:39:38.590252" elapsed="0.000497"/>
</kw>
<kw name="Log Debug Info">
<kw name="Get Current Date" owner="DateTime">
<msg time="2025-02-12T21:39:38.590936" level="INFO">${timestamp} = 2025-02-12 21:39:38.590913</msg>
<var>${timestamp}</var>
<arg>result_format=%Y-%m-%d %H:%M:%S.%f</arg>
<doc>Returns current local or UTC time with an optional increment.</doc>
<status status="PASS" start="2025-02-12T21:39:38.590877" elapsed="0.000067"/>
</kw>
<kw name="Append To File" owner="OperatingSystem">
<msg time="2025-02-12T21:39:38.591093" level="INFO" html="true">Appended to file '&lt;a href="file:///Users/tanakrit/Documents/GitHub/RobotFramewokForIDE/NewFormatOfRobot/execution.log"&gt;/Users/tanakrit/Documents/GitHub/RobotFramewokForIDE/NewFormatOfRobot/execution.log&lt;/a&gt;'.</msg>
<arg>${LOG_FILE}</arg>
<arg>${timestamp}: ${message}\n</arg>
<doc>Appends the given content to the specified file.</doc>
<status status="PASS" start="2025-02-12T21:39:38.590979" elapsed="0.000132"/>
</kw>
<arg>Final processed output: ${output}</arg>
<status status="PASS" start="2025-02-12T21:39:38.590787" elapsed="0.000343"/>
</kw>
<return>
<value>${status}</value>
<value>${output}</value>
<status status="PASS" start="2025-02-12T21:39:38.591144" elapsed="0.000010"/>
</return>
<msg time="2025-02-12T21:39:38.591209" level="INFO">${status} = success</msg>
<msg time="2025-02-12T21:39:38.591222" level="INFO">${actual_output} = u0061</msg>
<var>${status}</var>
<var>${actual_output}</var>
<arg>${code}</arg>
<arg>${language}</arg>
<arg>${test_case}[input]</arg>
<status status="PASS" start="2025-02-12T21:39:38.556618" elapsed="0.034610"/>
</kw>
<if>
<branch type="IF" condition="'${status}' == 'success'">
<kw name="Compare Outputs">
<kw name="Normalize Output">
<kw name="Set Variable" owner="BuiltIn">
<msg time="2025-02-12T21:39:38.591687" level="INFO">${normalized} = u0061</msg>
<var>${normalized}</var>
<arg>${output}</arg>
<doc>Returns the given values which can then be assigned to a variables.</doc>
<status status="PASS" start="2025-02-12T21:39:38.591643" elapsed="0.000052"/>
</kw>
<kw name="Run Keyword And Return Status" owner="BuiltIn">
<kw name="Should Be Empty" owner="BuiltIn">
<msg time="2025-02-12T21:39:38.591819" level="INFO">Length is 5.</msg>
<msg time="2025-02-12T21:39:38.591853" level="FAIL">'u0061' should be empty.</msg>
<arg>${normalized}</arg>
<doc>Verifies that the given item is empty.</doc>
<status status="FAIL" start="2025-02-12T21:39:38.591782" elapsed="0.000095">'u0061' should be empty.</status>
</kw>
<msg time="2025-02-12T21:39:38.591906" level="INFO">${is_empty} = False</msg>
<var>${is_empty}</var>
<arg>Should Be Empty</arg>
<arg>${normalized}</arg>
<doc>Runs the given keyword with given arguments and returns the status as a Boolean value.</doc>
<status status="PASS" start="2025-02-12T21:39:38.591735" elapsed="0.000178"/>
</kw>
<if>
<branch type="IF" condition="${is_empty}">
<return>
<value>${normalized}</value>
<status status="NOT RUN" start="2025-02-12T21:39:38.591956" elapsed="0.000004"/>
</return>
<status status="NOT RUN" start="2025-02-12T21:39:38.591934" elapsed="0.000034"/>
</branch>
<status status="PASS" start="2025-02-12T21:39:38.591930" elapsed="0.000045"/>
</if>
<kw name="Split To Lines" owner="String">
<msg time="2025-02-12T21:39:38.592045" level="INFO">1 lines returned</msg>
<msg time="2025-02-12T21:39:38.592066" level="INFO">${lines} = ['u0061']</msg>
<var>${lines}</var>
<arg>${normalized}</arg>
<doc>Splits the given string to lines.</doc>
<status status="PASS" start="2025-02-12T21:39:38.592008" elapsed="0.000064"/>
</kw>
<kw name="Create List" owner="BuiltIn">
<msg time="2025-02-12T21:39:38.592139" level="INFO">${stripped_lines} = []</msg>
<var>${stripped_lines}</var>
<doc>Returns a list containing given items.</doc>
<status status="PASS" start="2025-02-12T21:39:38.592105" elapsed="0.000041"/>
</kw>
<for flavor="IN">
<iter>
<kw name="Strip String" owner="String">
<msg time="2025-02-12T21:39:38.592300" level="INFO">${stripped} = u0061</msg>
<var>${stripped}</var>
<arg>${line}</arg>
<doc>Remove leading and/or trailing whitespaces from the given string.</doc>
<status status="PASS" start="2025-02-12T21:39:38.592253" elapsed="0.000054"/>
</kw>
<kw name="Continue For Loop If" owner="BuiltIn">
<arg>'${stripped}' == ''</arg>
<doc>Skips the current FOR loop iteration if the ``condition`` is true.</doc>
<status status="PASS" start="2025-02-12T21:39:38.592341" elapsed="0.000074"/>
</kw>
<try>
<branch type="TRY">
<kw name="Convert To Number" owner="BuiltIn">
<msg time="2025-02-12T21:39:38.592542" level="FAIL">'u0061' cannot be converted to a floating point number: ValueError: could not convert string to float: 'u0061'</msg>
<var>${as_number}</var>
<arg>${stripped}</arg>
<doc>Converts the given item to a floating point number.</doc>
<status status="FAIL" start="2025-02-12T21:39:38.592471" elapsed="0.000124">'u0061' cannot be converted to a floating point number: ValueError: could not convert string to float: 'u0061'</status>
</kw>
<kw name="Convert To String" owner="BuiltIn">
<var>${normalized_line}</var>
<arg>${as_number}</arg>
<doc>Converts the given item to a Unicode string.</doc>
<status status="NOT RUN" start="2025-02-12T21:39:38.592638" elapsed="0.000006"/>
</kw>
<status status="FAIL" start="2025-02-12T21:39:38.592441" elapsed="0.000223">'u0061' cannot be converted to a floating point number: ValueError: could not convert string to float: 'u0061'</status>
</branch>
<branch type="EXCEPT">
<kw name="Set Variable" owner="BuiltIn">
<msg time="2025-02-12T21:39:38.592757" level="INFO">${normalized_line} = u0061</msg>
<var>${normalized_line}</var>
<arg>${stripped}</arg>
<doc>Returns the given values which can then be assigned to a variables.</doc>
<status status="PASS" start="2025-02-12T21:39:38.592709" elapsed="0.000055"/>
</kw>
<status status="PASS" start="2025-02-12T21:39:38.592680" elapsed="0.000095"/>
</branch>
<status status="PASS" start="2025-02-12T21:39:38.592431" elapsed="0.000355"/>
</try>
<kw name="Append To List" owner="Collections">
<arg>${stripped_lines}</arg>
<arg>${normalized_line}</arg>
<doc>Adds ``values`` to the end of ``list``.</doc>
<status status="PASS" start="2025-02-12T21:39:38.592815" elapsed="0.000054"/>
</kw>
<var name="${line}">u0061</var>
<status status="PASS" start="2025-02-12T21:39:38.592225" elapsed="0.000655"/>
</iter>
<var>${line}</var>
<value>@{lines}</value>
<status status="PASS" start="2025-02-12T21:39:38.592164" elapsed="0.000727"/>
</for>
<kw name="Evaluate" owner="BuiltIn">
<msg time="2025-02-12T21:39:38.593013" level="INFO">${normalized} = u0061</msg>
<var>${normalized}</var>
<arg>"\\n".join($stripped_lines)</arg>
<doc>Evaluates the given expression in Python and returns the result.</doc>
<status status="PASS" start="2025-02-12T21:39:38.592924" elapsed="0.000097"/>
</kw>
<kw name="Strip String" owner="String">
<msg time="2025-02-12T21:39:38.593103" level="INFO">${normalized} = u0061</msg>
<var>${normalized}</var>
<arg>${normalized}</arg>
<doc>Remove leading and/or trailing whitespaces from the given string.</doc>
<status status="PASS" start="2025-02-12T21:39:38.593055" elapsed="0.000058"/>
</kw>
<kw name="Log Debug Info">
<kw name="Get Current Date" owner="DateTime">
<msg time="2025-02-12T21:39:38.593287" level="INFO">${timestamp} = 2025-02-12 21:39:38.593266</msg>
<var>${timestamp}</var>
<arg>result_format=%Y-%m-%d %H:%M:%S.%f</arg>
<doc>Returns current local or UTC time with an optional increment.</doc>
<status status="PASS" start="2025-02-12T21:39:38.593232" elapsed="0.000063"/>
</kw>
<kw name="Append To File" owner="OperatingSystem">
<msg time="2025-02-12T21:39:38.593522" level="INFO" html="true">Appended to file '&lt;a href="file:///Users/tanakrit/Documents/GitHub/RobotFramewokForIDE/NewFormatOfRobot/execution.log"&gt;/Users/tanakrit/Documents/GitHub/RobotFramewokForIDE/NewFormatOfRobot/execution.log&lt;/a&gt;'.</msg>
<arg>${LOG_FILE}</arg>
<arg>${timestamp}: ${message}\n</arg>
<doc>Appends the given content to the specified file.</doc>
<status status="PASS" start="2025-02-12T21:39:38.593328" elapsed="0.000228"/>
</kw>
<arg>Normalized output: ${normalized}</arg>
<status status="PASS" start="2025-02-12T21:39:38.593150" elapsed="0.000427"/>
</kw>
<return>
<value>${normalized}</value>
<status status="PASS" start="2025-02-12T21:39:38.593590" elapsed="0.000011"/>
</return>
<msg time="2025-02-12T21:39:38.593640" level="INFO">${normalized_student} = u0061</msg>
<var>${normalized_student}</var>
<arg>${student_output}</arg>
<status status="PASS" start="2025-02-12T21:39:38.591562" elapsed="0.002085"/>
</kw>
<kw name="Normalize Output">
<kw name="Set Variable" owner="BuiltIn">
<msg time="2025-02-12T21:39:38.593883" level="INFO">${normalized} = u0061</msg>
<var>${normalized}</var>
<arg>${output}</arg>
<doc>Returns the given values which can then be assigned to a variables.</doc>
<status status="PASS" start="2025-02-12T21:39:38.593837" elapsed="0.000054"/>
</kw>
<kw name="Run Keyword And Return Status" owner="BuiltIn">
<kw name="Should Be Empty" owner="BuiltIn">
<msg time="2025-02-12T21:39:38.594014" level="INFO">Length is 5.</msg>
<msg time="2025-02-12T21:39:38.594039" level="FAIL">'u0061' should be empty.</msg>
<arg>${normalized}</arg>
<doc>Verifies that the given item is empty.</doc>
<status status="FAIL" start="2025-02-12T21:39:38.593979" elapsed="0.000080">'u0061' should be empty.</status>
</kw>
<msg time="2025-02-12T21:39:38.594087" level="INFO">${is_empty} = False</msg>
<var>${is_empty}</var>
<arg>Should Be Empty</arg>
<arg>${normalized}</arg>
<doc>Runs the given keyword with given arguments and returns the status as a Boolean value.</doc>
<status status="PASS" start="2025-02-12T21:39:38.593931" elapsed="0.000163"/>
</kw>
<if>
<branch type="IF" condition="${is_empty}">
<return>
<value>${normalized}</value>
<status status="NOT RUN" start="2025-02-12T21:39:38.594157" elapsed="0.000005"/>
</return>
<status status="NOT RUN" start="2025-02-12T21:39:38.594135" elapsed="0.000036"/>
</branch>
<status status="PASS" start="2025-02-12T21:39:38.594129" elapsed="0.000049"/>
</if>
<kw name="Split To Lines" owner="String">
<msg time="2025-02-12T21:39:38.594248" level="INFO">1 lines returned</msg>
<msg time="2025-02-12T21:39:38.594268" level="INFO">${lines} = ['u0061']</msg>
<var>${lines}</var>
<arg>${normalized}</arg>
<doc>Splits the given string to lines.</doc>
<status status="PASS" start="2025-02-12T21:39:38.594210" elapsed="0.000064"/>
</kw>
<kw name="Create List" owner="BuiltIn">
<msg time="2025-02-12T21:39:38.594348" level="INFO">${stripped_lines} = []</msg>
<var>${stripped_lines}</var>
<doc>Returns a list containing given items.</doc>
<status status="PASS" start="2025-02-12T21:39:38.594308" elapsed="0.000047"/>
</kw>
<for flavor="IN">
<iter>
<kw name="Strip String" owner="String">
<msg time="2025-02-12T21:39:38.594505" level="INFO">${stripped} = u0061</msg>
<var>${stripped}</var>
<arg>${line}</arg>
<doc>Remove leading and/or trailing whitespaces from the given string.</doc>
<status status="PASS" start="2025-02-12T21:39:38.594458" elapsed="0.000055"/>
</kw>
<kw name="Continue For Loop If" owner="BuiltIn">
<arg>'${stripped}' == ''</arg>
<doc>Skips the current FOR loop iteration if the ``condition`` is true.</doc>
<status status="PASS" start="2025-02-12T21:39:38.594547" elapsed="0.000065"/>
</kw>
<try>
<branch type="TRY">
<kw name="Convert To Number" owner="BuiltIn">
<msg time="2025-02-12T21:39:38.594737" level="FAIL">'u0061' cannot be converted to a floating point number: ValueError: could not convert string to float: 'u0061'</msg>
<var>${as_number}</var>
<arg>${stripped}</arg>
<doc>Converts the given item to a floating point number.</doc>
<status status="FAIL" start="2025-02-12T21:39:38.594666" elapsed="0.000112">'u0061' cannot be converted to a floating point number: ValueError: could not convert string to float: 'u0061'</status>
</kw>
<kw name="Convert To String" owner="BuiltIn">
<var>${normalized_line}</var>
<arg>${as_number}</arg>
<doc>Converts the given item to a Unicode string.</doc>
<status status="NOT RUN" start="2025-02-12T21:39:38.594819" elapsed="0.000006"/>
</kw>
<status status="FAIL" start="2025-02-12T21:39:38.594637" elapsed="0.000207">'u0061' cannot be converted to a floating point number: ValueError: could not convert string to float: 'u0061'</status>
</branch>
<branch type="EXCEPT">
<kw name="Set Variable" owner="BuiltIn">
<msg time="2025-02-12T21:39:38.594939" level="INFO">${normalized_line} = u0061</msg>
<var>${normalized_line}</var>
<arg>${stripped}</arg>
<doc>Returns the given values which can then be assigned to a variables.</doc>
<status status="PASS" start="2025-02-12T21:39:38.594892" elapsed="0.000054"/>
</kw>
<status status="PASS" start="2025-02-12T21:39:38.594861" elapsed="0.000096"/>
</branch>
<status status="PASS" start="2025-02-12T21:39:38.594628" elapsed="0.000340"/>
</try>
<kw name="Append To List" owner="Collections">
<arg>${stripped_lines}</arg>
<arg>${normalized_line}</arg>
<doc>Adds ``values`` to the end of ``list``.</doc>
<status status="PASS" start="2025-02-12T21:39:38.594997" elapsed="0.000048"/>
</kw>
<var name="${line}">u0061</var>
<status status="PASS" start="2025-02-12T21:39:38.594431" elapsed="0.000626"/>
</iter>
<var>${line}</var>
<value>@{lines}</value>
<status status="PASS" start="2025-02-12T21:39:38.594371" elapsed="0.000695"/>
</for>
<kw name="Evaluate" owner="BuiltIn">
<msg time="2025-02-12T21:39:38.595179" level="INFO">${normalized} = u0061</msg>
<var>${normalized}</var>
<arg>"\\n".join($stripped_lines)</arg>
<doc>Evaluates the given expression in Python and returns the result.</doc>
<status status="PASS" start="2025-02-12T21:39:38.595100" elapsed="0.000086"/>
</kw>
<kw name="Strip String" owner="String">
<msg time="2025-02-12T21:39:38.595271" level="INFO">${normalized} = u0061</msg>
<var>${normalized}</var>
<arg>${normalized}</arg>
<doc>Remove leading and/or trailing whitespaces from the given string.</doc>
<status status="PASS" start="2025-02-12T21:39:38.595219" elapsed="0.000059"/>
</kw>
<kw name="Log Debug Info">
<kw name="Get Current Date" owner="DateTime">
<msg time="2025-02-12T21:39:38.595456" level="INFO">${timestamp} = 2025-02-12 21:39:38.595435</msg>
<var>${timestamp}</var>
<arg>result_format=%Y-%m-%d %H:%M:%S.%f</arg>
<doc>Returns current local or UTC time with an optional increment.</doc>
<status status="PASS" start="2025-02-12T21:39:38.595401" elapsed="0.000062"/>
</kw>
<kw name="Append To File" owner="OperatingSystem">
<msg time="2025-02-12T21:39:38.595606" level="INFO" html="true">Appended to file '&lt;a href="file:///Users/tanakrit/Documents/GitHub/RobotFramewokForIDE/NewFormatOfRobot/execution.log"&gt;/Users/tanakrit/Documents/GitHub/RobotFramewokForIDE/NewFormatOfRobot/execution.log&lt;/a&gt;'.</msg>
<arg>${LOG_FILE}</arg>
<arg>${timestamp}: ${message}\n</arg>
<doc>Appends the given content to the specified file.</doc>
<status status="PASS" start="2025-02-12T21:39:38.595496" elapsed="0.000127"/>
</kw>
<arg>Normalized output: ${normalized}</arg>
<status status="PASS" start="2025-02-12T21:39:38.595317" elapsed="0.000330"/>
</kw>
<return>
<value>${normalized}</value>
<status status="PASS" start="2025-02-12T21:39:38.595659" elapsed="0.000010"/>
</return>
<msg time="2025-02-12T21:39:38.595709" level="INFO">${normalized_expected} = u0061</msg>
<var>${normalized_expected}</var>
<arg>${expected_output}</arg>
<status status="PASS" start="2025-02-12T21:39:38.593747" elapsed="0.001968"/>
</kw>
<kw name="Split To Lines" owner="String">
<msg time="2025-02-12T21:39:38.595792" level="INFO">1 lines returned</msg>
<msg time="2025-02-12T21:39:38.595814" level="INFO">${student_lines} = ['u0061']</msg>
<var>${student_lines}</var>
<arg>${normalized_student}</arg>
<doc>Splits the given string to lines.</doc>
<status status="PASS" start="2025-02-12T21:39:38.595752" elapsed="0.000069"/>
</kw>
<kw name="Split To Lines" owner="String">
<msg time="2025-02-12T21:39:38.595892" level="INFO">1 lines returned</msg>
<msg time="2025-02-12T21:39:38.595912" level="INFO">${expected_lines} = ['u0061']</msg>
<var>${expected_lines}</var>
<arg>${normalized_expected}</arg>
<doc>Splits the given string to lines.</doc>
<status status="PASS" start="2025-02-12T21:39:38.595856" elapsed="0.000062"/>
</kw>
<kw name="Get Length" owner="BuiltIn">
<msg time="2025-02-12T21:39:38.595992" level="INFO">Length is 1.</msg>
<msg time="2025-02-12T21:39:38.596013" level="INFO">${student_length} = 1</msg>
<var>${student_length}</var>
<arg>${student_lines}</arg>
<doc>Returns and logs the length of the given item as an integer.</doc>
<status status="PASS" start="2025-02-12T21:39:38.595956" elapsed="0.000063"/>
</kw>
<kw name="Get Length" owner="BuiltIn">
<msg time="2025-02-12T21:39:38.596086" level="INFO">Length is 1.</msg>
<msg time="2025-02-12T21:39:38.596110" level="INFO">${expected_length} = 1</msg>
<var>${expected_length}</var>
<arg>${expected_lines}</arg>
<doc>Returns and logs the length of the given item as an integer.</doc>
<status status="PASS" start="2025-02-12T21:39:38.596053" elapsed="0.000064"/>
</kw>
<if>
<branch type="IF" condition="${student_length} != ${expected_length}">
<kw name="Log Debug Info">
<arg>Different number of lines - Student: ${student_length}, Expected: ${expected_length}</arg>
<status status="NOT RUN" start="2025-02-12T21:39:38.596206" elapsed="0.000006"/>
</kw>
<return>
<value>${FALSE}</value>
<status status="NOT RUN" start="2025-02-12T21:39:38.596226" elapsed="0.000004"/>
</return>
<status status="NOT RUN" start="2025-02-12T21:39:38.596139" elapsed="0.000099"/>
</branch>
<status status="PASS" start="2025-02-12T21:39:38.596133" elapsed="0.000113"/>
</if>
<for flavor="IN RANGE">
<iter>
<kw name="Get From List" owner="Collections">
<msg time="2025-02-12T21:39:38.596513" level="INFO">${student_line} = u0061</msg>
<var>${student_line}</var>
<arg>${student_lines}</arg>
<arg>${index}</arg>
<doc>Returns the value specified with an ``index`` from ``list``.</doc>
<status status="PASS" start="2025-02-12T21:39:38.596372" elapsed="0.000149"/>
</kw>
<kw name="Get From List" owner="Collections">
<msg time="2025-02-12T21:39:38.596635" level="INFO">${expected_line} = u0061</msg>
<var>${expected_line}</var>
<arg>${expected_lines}</arg>
<arg>${index}</arg>
<doc>Returns the value specified with an ``index`` from ``list``.</doc>
<status status="PASS" start="2025-02-12T21:39:38.596582" elapsed="0.000060"/>
</kw>
<kw name="Replace String" owner="String">
<msg time="2025-02-12T21:39:38.596873" level="INFO">${student_line} = u0061</msg>
<var>${student_line}</var>
<arg>${student_line}</arg>
<arg>\r</arg>
<arg>${EMPTY}</arg>
<doc>Replaces ``search_for`` in the given ``string`` with ``replace_with``.</doc>
<status status="PASS" start="2025-02-12T21:39:38.596678" elapsed="0.000203"/>
</kw>
<kw name="Replace String" owner="String">
<msg time="2025-02-12T21:39:38.597106" level="INFO">${expected_line} = u0061</msg>
<var>${expected_line}</var>
<arg>${expected_line}</arg>
<arg>\r</arg>
<arg>${EMPTY}</arg>
<doc>Replaces ``search_for`` in the given ``string`` with ``replace_with``.</doc>
<status status="PASS" start="2025-02-12T21:39:38.596924" elapsed="0.000190"/>
</kw>
<kw name="Strip String" owner="String">
<msg time="2025-02-12T21:39:38.597198" level="INFO">${student_line} = u0061</msg>
<var>${student_line}</var>
<arg>${student_line}</arg>
<doc>Remove leading and/or trailing whitespaces from the given string.</doc>
<status status="PASS" start="2025-02-12T21:39:38.597151" elapsed="0.000054"/>
</kw>
<kw name="Strip String" owner="String">
<msg time="2025-02-12T21:39:38.597285" level="INFO">${expected_line} = u0061</msg>
<var>${expected_line}</var>
<arg>${expected_line}</arg>
<doc>Remove leading and/or trailing whitespaces from the given string.</doc>
<status status="PASS" start="2025-02-12T21:39:38.597240" elapsed="0.000052"/>
</kw>
<kw name="Run Keyword And Return Status" owner="BuiltIn">
<kw name="Should Be Equal As Strings" owner="BuiltIn">
<arg>${student_line}</arg>
<arg>${expected_line}</arg>
<doc>Fails if objects are unequal after converting them to strings.</doc>
<status status="PASS" start="2025-02-12T21:39:38.597379" elapsed="0.000069"/>
</kw>
<msg time="2025-02-12T21:39:38.597473" level="INFO">${line_matches} = True</msg>
<var>${line_matches}</var>
<arg>Should Be Equal As Strings</arg>
<arg>${student_line}</arg>
<arg>${expected_line}</arg>
<doc>Runs the given keyword with given arguments and returns the status as a Boolean value.</doc>
<status status="PASS" start="2025-02-12T21:39:38.597328" elapsed="0.000152"/>
</kw>
<if>
<branch type="IF" condition="not ${line_matches}">
<kw name="Log Debug Info">
<arg>Mismatch at line ${index} - Student: "${student_line}", Expected: "${expected_line}"</arg>
<status status="NOT RUN" start="2025-02-12T21:39:38.597557" elapsed="0.000007"/>
</kw>
<return>
<value>${FALSE}</value>
<status status="NOT RUN" start="2025-02-12T21:39:38.597576" elapsed="0.000004"/>
</return>
<status status="NOT RUN" start="2025-02-12T21:39:38.597502" elapsed="0.000086"/>
</branch>
<status status="PASS" start="2025-02-12T21:39:38.597497" elapsed="0.000098"/>
</if>
<var name="${index}">0</var>
<status status="PASS" start="2025-02-12T21:39:38.596337" elapsed="0.001264"/>
</iter>
<var>${index}</var>
<value>${student_length}</value>
<status status="PASS" start="2025-02-12T21:39:38.596263" elapsed="0.001347"/>
</for>
<kw name="Log Debug Info">
<kw name="Get Current Date" owner="DateTime">
<msg time="2025-02-12T21:39:38.597776" level="INFO">${timestamp} = 2025-02-12 21:39:38.597755</msg>
<var>${timestamp}</var>
<arg>result_format=%Y-%m-%d %H:%M:%S.%f</arg>
<doc>Returns current local or UTC time with an optional increment.</doc>
<status status="PASS" start="2025-02-12T21:39:38.597720" elapsed="0.000063"/>
</kw>
<kw name="Append To File" owner="OperatingSystem">
<msg time="2025-02-12T21:39:38.597920" level="INFO" html="true">Appended to file '&lt;a href="file:///Users/tanakrit/Documents/GitHub/RobotFramewokForIDE/NewFormatOfRobot/execution.log"&gt;/Users/tanakrit/Documents/GitHub/RobotFramewokForIDE/NewFormatOfRobot/execution.log&lt;/a&gt;'.</msg>
<arg>${LOG_FILE}</arg>
<arg>${timestamp}: ${message}\n</arg>
<doc>Appends the given content to the specified file.</doc>
<status status="PASS" start="2025-02-12T21:39:38.597817" elapsed="0.000131"/>
</kw>
<arg>Outputs match completely</arg>
<status status="PASS" start="2025-02-12T21:39:38.597645" elapsed="0.000324"/>
</kw>
<return>
<value>${TRUE}</value>
<status status="PASS" start="2025-02-12T21:39:38.597981" elapsed="0.000010"/>
</return>
<msg time="2025-02-12T21:39:38.598031" level="INFO">${outputs_match} = True</msg>
<var>${outputs_match}</var>
<arg>${actual_output}</arg>
<arg>${test_case}[expected]</arg>
<status status="PASS" start="2025-02-12T21:39:38.591403" elapsed="0.006635"/>
</kw>
<kw name="Set Variable If" owner="BuiltIn">
<msg time="2025-02-12T21:39:38.598125" level="INFO">${final_status} = PASS</msg>
<var>${final_status}</var>
<arg>${outputs_match}</arg>
<arg>PASS</arg>
<arg>FAIL</arg>
<doc>Sets variable based on the given condition.</doc>
<status status="PASS" start="2025-02-12T21:39:38.598079" elapsed="0.000054"/>
</kw>
<status status="PASS" start="2025-02-12T21:39:38.591273" elapsed="0.006873"/>
</branch>
<branch type="ELSE">
<kw name="Set Variable" owner="BuiltIn">
<var>${final_status}</var>
<arg>${status}</arg>
<doc>Returns the given values which can then be assigned to a variables.</doc>
<status status="NOT RUN" start="2025-02-12T21:39:38.598189" elapsed="0.000006"/>
</kw>
<status status="NOT RUN" start="2025-02-12T21:39:38.598155" elapsed="0.000050"/>
</branch>
<status status="PASS" start="2025-02-12T21:39:38.591267" elapsed="0.006945"/>
</if>
<kw name="Add Comparison Result">
<kw name="Set Variable" owner="BuiltIn">
<msg time="2025-02-12T21:39:38.598440" level="INFO">${case_key} = Case1</msg>
<var>${case_key}</var>
<arg>Case${case_number}</arg>
<doc>Returns the given values which can then be assigned to a variables.</doc>
<status status="PASS" start="2025-02-12T21:39:38.598395" elapsed="0.000053"/>
</kw>
<kw name="Create Dictionary" owner="BuiltIn">
<msg time="2025-02-12T21:39:38.598610" level="INFO">${case_result} = {'status': 'PASS', 'teacherinput': 'a', 'detail': 'Student=u0061 vs Teacher=u0061'}</msg>
[...]
</branch>
<status status="PASS" start="2025-02-12T21:39:38.963248" elapsed="0.000047"/>
</if>
<kw name="Split To Lines" owner="String">
<msg time="2025-02-12T21:39:38.963364" level="INFO">1 lines returned</msg>
<msg time="2025-02-12T21:39:38.963384" level="INFO">${lines} = ['u006a']</msg>
<var>${lines}</var>
<arg>${normalized}</arg>
<doc>Splits the given string to lines.</doc>
<status status="PASS" start="2025-02-12T21:39:38.963326" elapsed="0.000064"/>
</kw>
<kw name="Create List" owner="BuiltIn">
<msg time="2025-02-12T21:39:38.963457" level="INFO">${stripped_lines} = []</msg>
<var>${stripped_lines}</var>
<doc>Returns a list containing given items.</doc>
<status status="PASS" start="2025-02-12T21:39:38.963422" elapsed="0.000041"/>
</kw>
<for flavor="IN">
<iter>
<kw name="Strip String" owner="String">
<msg time="2025-02-12T21:39:38.963610" level="INFO">${stripped} = u006a</msg>
<var>${stripped}</var>
<arg>${line}</arg>
<doc>Remove leading and/or trailing whitespaces from the given string.</doc>
<status status="PASS" start="2025-02-12T21:39:38.963563" elapsed="0.000054"/>
</kw>
<kw name="Continue For Loop If" owner="BuiltIn">
<arg>'${stripped}' == ''</arg>
<doc>Skips the current FOR loop iteration if the ``condition`` is true.</doc>
<status status="PASS" start="2025-02-12T21:39:38.963651" elapsed="0.000065"/>
</kw>
<try>
<branch type="TRY">
<kw name="Convert To Number" owner="BuiltIn">
<msg time="2025-02-12T21:39:38.963831" level="FAIL">'u006a' cannot be converted to a floating point number: ValueError: could not convert string to float: 'u006a'</msg>
<var>${as_number}</var>
<arg>${stripped}</arg>
<doc>Converts the given item to a floating point number.</doc>
<status status="FAIL" start="2025-02-12T21:39:38.963767" elapsed="0.000105">'u006a' cannot be converted to a floating point number: ValueError: could not convert string to float: 'u006a'</status>
</kw>
<kw name="Convert To String" owner="BuiltIn">
<var>${normalized_line}</var>
<arg>${as_number}</arg>
<doc>Converts the given item to a Unicode string.</doc>
<status status="NOT RUN" start="2025-02-12T21:39:38.963913" elapsed="0.000006"/>
</kw>
<status status="FAIL" start="2025-02-12T21:39:38.963738" elapsed="0.000200">'u006a' cannot be converted to a floating point number: ValueError: could not convert string to float: 'u006a'</status>
</branch>
<branch type="EXCEPT">
<kw name="Set Variable" owner="BuiltIn">
<msg time="2025-02-12T21:39:38.964029" level="INFO">${normalized_line} = u006a</msg>
<var>${normalized_line}</var>
<arg>${stripped}</arg>
<doc>Returns the given values which can then be assigned to a variables.</doc>
<status status="PASS" start="2025-02-12T21:39:38.963980" elapsed="0.000056"/>
</kw>
<status status="PASS" start="2025-02-12T21:39:38.963952" elapsed="0.000095"/>
</branch>
<status status="PASS" start="2025-02-12T21:39:38.963731" elapsed="0.000325"/>
</try>
<kw name="Append To List" owner="Collections">
<arg>${stripped_lines}</arg>
<arg>${normalized_line}</arg>
<doc>Adds ``values`` to the end of ``list``.</doc>
<status status="PASS" start="2025-02-12T21:39:38.964085" elapsed="0.000048"/>
</kw>
<var name="${line}">u006a</var>
<status status="PASS" start="2025-02-12T21:39:38.963535" elapsed="0.000610"/>
</iter>
<var>${line}</var>
<value>@{lines}</value>
<status status="PASS" start="2025-02-12T21:39:38.963477" elapsed="0.000677"/>
</for>
<kw name="Evaluate" owner="BuiltIn">
<msg time="2025-02-12T21:39:38.964265" level="INFO">${normalized} = u006a</msg>
<var>${normalized}</var>
<arg>"\\n".join($stripped_lines)</arg>
<doc>Evaluates the given expression in Python and returns the result.</doc>
<status status="PASS" start="2025-02-12T21:39:38.964187" elapsed="0.000085"/>
</kw>
<kw name="Strip String" owner="String">
<msg time="2025-02-12T21:39:38.964353" level="INFO">${normalized} = u006a</msg>
<var>${normalized}</var>
<arg>${normalized}</arg>
<doc>Remove leading and/or trailing whitespaces from the given string.</doc>
<status status="PASS" start="2025-02-12T21:39:38.964306" elapsed="0.000053"/>
</kw>
<kw name="Log Debug Info">
<kw name="Get Current Date" owner="DateTime">
<msg time="2025-02-12T21:39:38.964533" level="INFO">${timestamp} = 2025-02-12 21:39:38.964513</msg>
<var>${timestamp}</var>
<arg>result_format=%Y-%m-%d %H:%M:%S.%f</arg>
<doc>Returns current local or UTC time with an optional increment.</doc>
<status status="PASS" start="2025-02-12T21:39:38.964479" elapsed="0.000062"/>
</kw>
<kw name="Append To File" owner="OperatingSystem">
<msg time="2025-02-12T21:39:38.964678" level="INFO" html="true">Appended to file '&lt;a href="file:///Users/tanakrit/Documents/GitHub/RobotFramewokForIDE/NewFormatOfRobot/execution.log"&gt;/Users/tanakrit/Documents/GitHub/RobotFramewokForIDE/NewFormatOfRobot/execution.log&lt;/a&gt;'.</msg>
<arg>${LOG_FILE}</arg>
<arg>${timestamp}: ${message}\n</arg>
<doc>Appends the given content to the specified file.</doc>
<status status="PASS" start="2025-02-12T21:39:38.964573" elapsed="0.000124"/>
</kw>
<arg>Normalized output: ${normalized}</arg>
<status status="PASS" start="2025-02-12T21:39:38.964395" elapsed="0.000345"/>
</kw>
<return>
<value>${normalized}</value>
<status status="PASS" start="2025-02-12T21:39:38.964753" elapsed="0.000010"/>
</return>
<msg time="2025-02-12T21:39:38.964804" level="INFO">${normalized_expected} = u006a</msg>
<var>${normalized_expected}</var>
<arg>${expected_output}</arg>
<status status="PASS" start="2025-02-12T21:39:38.962902" elapsed="0.001909"/>
</kw>
<kw name="Split To Lines" owner="String">
<msg time="2025-02-12T21:39:38.964887" level="INFO">1 lines returned</msg>
<msg time="2025-02-12T21:39:38.964910" level="INFO">${student_lines} = ['u006a']</msg>
<var>${student_lines}</var>
<arg>${normalized_student}</arg>
<doc>Splits the given string to lines.</doc>
<status status="PASS" start="2025-02-12T21:39:38.964847" elapsed="0.000070"/>
</kw>
<kw name="Split To Lines" owner="String">
<msg time="2025-02-12T21:39:38.964990" level="INFO">1 lines returned</msg>
<msg time="2025-02-12T21:39:38.965023" level="INFO">${expected_lines} = ['u006a']</msg>
<var>${expected_lines}</var>
<arg>${normalized_expected}</arg>
<doc>Splits the given string to lines.</doc>
<status status="PASS" start="2025-02-12T21:39:38.964956" elapsed="0.000073"/>
</kw>
<kw name="Get Length" owner="BuiltIn">
<msg time="2025-02-12T21:39:38.965107" level="INFO">Length is 1.</msg>
<msg time="2025-02-12T21:39:38.965128" level="INFO">${student_length} = 1</msg>
<var>${student_length}</var>
<arg>${student_lines}</arg>
<doc>Returns and logs the length of the given item as an integer.</doc>
<status status="PASS" start="2025-02-12T21:39:38.965071" elapsed="0.000063"/>
</kw>
<kw name="Get Length" owner="BuiltIn">
<msg time="2025-02-12T21:39:38.965202" level="INFO">Length is 1.</msg>
<msg time="2025-02-12T21:39:38.965223" level="INFO">${expected_length} = 1</msg>
<var>${expected_length}</var>
<arg>${expected_lines}</arg>
<doc>Returns and logs the length of the given item as an integer.</doc>
<status status="PASS" start="2025-02-12T21:39:38.965170" elapsed="0.000060"/>
</kw>
<if>
<branch type="IF" condition="${student_length} != ${expected_length}">
<kw name="Log Debug Info">
<arg>Different number of lines - Student: ${student_length}, Expected: ${expected_length}</arg>
<status status="NOT RUN" start="2025-02-12T21:39:38.965318" elapsed="0.000007"/>
</kw>
<return>
<value>${FALSE}</value>
<status status="NOT RUN" start="2025-02-12T21:39:38.965338" elapsed="0.000004"/>
</return>
<status status="NOT RUN" start="2025-02-12T21:39:38.965251" elapsed="0.000099"/>
</branch>
<status status="PASS" start="2025-02-12T21:39:38.965246" elapsed="0.000111"/>
</if>
<for flavor="IN RANGE">
<iter>
<kw name="Get From List" owner="Collections">
<msg time="2025-02-12T21:39:38.965601" level="INFO">${student_line} = u006a</msg>
<var>${student_line}</var>
<arg>${student_lines}</arg>
<arg>${index}</arg>
<doc>Returns the value specified with an ``index`` from ``list``.</doc>
<status status="PASS" start="2025-02-12T21:39:38.965544" elapsed="0.000065"/>
</kw>
<kw name="Get From List" owner="Collections">
<msg time="2025-02-12T21:39:38.965707" level="INFO">${expected_line} = u006a</msg>
<var>${expected_line}</var>
<arg>${expected_lines}</arg>
<arg>${index}</arg>
<doc>Returns the value specified with an ``index`` from ``list``.</doc>
<status status="PASS" start="2025-02-12T21:39:38.965645" elapsed="0.000069"/>
</kw>
<kw name="Replace String" owner="String">
<msg time="2025-02-12T21:39:38.965948" level="INFO">${student_line} = u006a</msg>
<var>${student_line}</var>
<arg>${student_line}</arg>
<arg>\r</arg>
<arg>${EMPTY}</arg>
<doc>Replaces ``search_for`` in the given ``string`` with ``replace_with``.</doc>
<status status="PASS" start="2025-02-12T21:39:38.965749" elapsed="0.000207"/>
</kw>
<kw name="Replace String" owner="String">
<msg time="2025-02-12T21:39:38.966183" level="INFO">${expected_line} = u006a</msg>
<var>${expected_line}</var>
<arg>${expected_line}</arg>
<arg>\r</arg>
<arg>${EMPTY}</arg>
<doc>Replaces ``search_for`` in the given ``string`` with ``replace_with``.</doc>
<status status="PASS" start="2025-02-12T21:39:38.965995" elapsed="0.000196"/>
</kw>
<kw name="Strip String" owner="String">
<msg time="2025-02-12T21:39:38.966276" level="INFO">${student_line} = u006a</msg>
<var>${student_line}</var>
<arg>${student_line}</arg>
<doc>Remove leading and/or trailing whitespaces from the given string.</doc>
<status status="PASS" start="2025-02-12T21:39:38.966229" elapsed="0.000055"/>
</kw>
<kw name="Strip String" owner="String">
<msg time="2025-02-12T21:39:38.966363" level="INFO">${expected_line} = u006a</msg>
<var>${expected_line}</var>
<arg>${expected_line}</arg>
<doc>Remove leading and/or trailing whitespaces from the given string.</doc>
<status status="PASS" start="2025-02-12T21:39:38.966318" elapsed="0.000051"/>
</kw>
<kw name="Run Keyword And Return Status" owner="BuiltIn">
<kw name="Should Be Equal As Strings" owner="BuiltIn">
<arg>${student_line}</arg>
<arg>${expected_line}</arg>
<doc>Fails if objects are unequal after converting them to strings.</doc>
<status status="PASS" start="2025-02-12T21:39:38.966455" elapsed="0.000062"/>
</kw>
<msg time="2025-02-12T21:39:38.966545" level="INFO">${line_matches} = True</msg>
<var>${line_matches}</var>
<arg>Should Be Equal As Strings</arg>
<arg>${student_line}</arg>
<arg>${expected_line}</arg>
<doc>Runs the given keyword with given arguments and returns the status as a Boolean value.</doc>
<status status="PASS" start="2025-02-12T21:39:38.966406" elapsed="0.000146"/>
</kw>
<if>
<branch type="IF" condition="not ${line_matches}">
<kw name="Log Debug Info">
<arg>Mismatch at line ${index} - Student: "${student_line}", Expected: "${expected_line}"</arg>
<status status="NOT RUN" start="2025-02-12T21:39:38.966629" elapsed="0.000005"/>
</kw>
<return>
<value>${FALSE}</value>
<status status="NOT RUN" start="2025-02-12T21:39:38.966647" elapsed="0.000004"/>
</return>
<status status="NOT RUN" start="2025-02-12T21:39:38.966574" elapsed="0.000085"/>
</branch>
<status status="PASS" start="2025-02-12T21:39:38.966569" elapsed="0.000097"/>
</if>
<var name="${index}">0</var>
<status status="PASS" start="2025-02-12T21:39:38.965514" elapsed="0.001159"/>
</iter>
<var>${index}</var>
<value>${student_length}</value>
<status status="PASS" start="2025-02-12T21:39:38.965370" elapsed="0.001313"/>
</for>
<kw name="Log Debug Info">
<kw name="Get Current Date" owner="DateTime">
<msg time="2025-02-12T21:39:38.966850" level="INFO">${timestamp} = 2025-02-12 21:39:38.966829</msg>
<var>${timestamp}</var>
<arg>result_format=%Y-%m-%d %H:%M:%S.%f</arg>
<doc>Returns current local or UTC time with an optional increment.</doc>
<status status="PASS" start="2025-02-12T21:39:38.966794" elapsed="0.000063"/>
</kw>
<kw name="Append To File" owner="OperatingSystem">
<msg time="2025-02-12T21:39:38.966994" level="INFO" html="true">Appended to file '&lt;a href="file:///Users/tanakrit/Documents/GitHub/RobotFramewokForIDE/NewFormatOfRobot/execution.log"&gt;/Users/tanakrit/Documents/GitHub/RobotFramewokForIDE/NewFormatOfRobot/execution.log&lt;/a&gt;'.</msg>
<arg>${LOG_FILE}</arg>
<arg>${timestamp}: ${message}\n</arg>
<doc>Appends the given content to the specified file.</doc>
<status status="PASS" start="2025-02-12T21:39:38.966890" elapsed="0.000121"/>
</kw>
<arg>Outputs match completely</arg>
<status status="PASS" start="2025-02-12T21:39:38.966719" elapsed="0.000317"/>
</kw>
<return>
<value>${TRUE}</value>
<status status="PASS" start="2025-02-12T21:39:38.967049" elapsed="0.000010"/>
</return>
<msg time="2025-02-12T21:39:38.967100" level="INFO">${outputs_match} = True</msg>
<var>${outputs_match}</var>
<arg>${actual_output}</arg>
<arg>${test_case}[expected]</arg>
<status status="PASS" start="2025-02-12T21:39:38.960497" elapsed="0.006610"/>
</kw>
<kw name="Set Variable If" owner="BuiltIn">
<msg time="2025-02-12T21:39:38.967202" level="INFO">${final_status} = PASS</msg>
<var>${final_status}</var>
<arg>${outputs_match}</arg>
<arg>PASS</arg>
<arg>FAIL</arg>
<doc>Sets variable based on the given condition.</doc>
<status status="PASS" start="2025-02-12T21:39:38.967154" elapsed="0.000055"/>
</kw>
<status status="PASS" start="2025-02-12T21:39:38.960363" elapsed="0.006876"/>
</branch>
<branch type="ELSE">
<kw name="Set Variable" owner="BuiltIn">
<var>${final_status}</var>
<arg>${status}</arg>
<doc>Returns the given values which can then be assigned to a variables.</doc>
<status status="NOT RUN" start="2025-02-12T21:39:38.967282" elapsed="0.000005"/>
</kw>
<status status="NOT RUN" start="2025-02-12T21:39:38.967248" elapsed="0.000049"/>
</branch>
<status status="PASS" start="2025-02-12T21:39:38.960357" elapsed="0.006947"/>
</if>
<kw name="Add Comparison Result">
<kw name="Set Variable" owner="BuiltIn">
<msg time="2025-02-12T21:39:38.967529" level="INFO">${case_key} = Case10</msg>
<var>${case_key}</var>
<arg>Case${case_number}</arg>
<doc>Returns the given values which can then be assigned to a variables.</doc>
<status status="PASS" start="2025-02-12T21:39:38.967482" elapsed="0.000054"/>
</kw>
<kw name="Create Dictionary" owner="BuiltIn">
<msg time="2025-02-12T21:39:38.967690" level="INFO">${case_result} = {'status': 'PASS', 'teacherinput': 'j', 'detail': 'Student=u006a vs Teacher=u006a'}</msg>
<var>${case_result}</var>
<arg>status=${status}</arg>
<arg>teacherinput=${teacher_input}</arg>
<arg>detail=Student=${student_output} vs Teacher=${teacher_output}</arg>
<doc>Creates and returns a dictionary based on the given ``items``.</doc>
<status status="PASS" start="2025-02-12T21:39:38.967578" elapsed="0.000120"/>
</kw>
<kw name="Set To Dictionary" owner="Collections">
<arg>${results}</arg>
<arg>${case_key}=${case_result}</arg>
<doc>Adds the given ``key_value_pairs`` and/or ``items`` to the ``dictionary``.</doc>
<status status="PASS" start="2025-02-12T21:39:38.967736" elapsed="0.000072"/>
</kw>
<kw name="Log Debug Info">
<kw name="Get Current Date" owner="DateTime">
<msg time="2025-02-12T21:39:38.967992" level="INFO">${timestamp} = 2025-02-12 21:39:38.967971</msg>
<var>${timestamp}</var>
<arg>result_format=%Y-%m-%d %H:%M:%S.%f</arg>
<doc>Returns current local or UTC time with an optional increment.</doc>
<status status="PASS" start="2025-02-12T21:39:38.967937" elapsed="0.000063"/>
</kw>
<kw name="Append To File" owner="OperatingSystem">
<msg time="2025-02-12T21:39:38.968140" level="INFO" html="true">Appended to file '&lt;a href="file:///Users/tanakrit/Documents/GitHub/RobotFramewokForIDE/NewFormatOfRobot/execution.log"&gt;/Users/tanakrit/Documents/GitHub/RobotFramewokForIDE/NewFormatOfRobot/execution.log&lt;/a&gt;'.</msg>
<arg>${LOG_FILE}</arg>
<arg>${timestamp}: ${message}\n</arg>
<doc>Appends the given content to the specified file.</doc>
<status status="PASS" start="2025-02-12T21:39:38.968034" elapsed="0.000155"/>
</kw>
<arg>Added comparison result for ${case_key}: ${case_result}</arg>
<status status="PASS" start="2025-02-12T21:39:38.967846" elapsed="0.000364"/>
</kw>
<arg>${results}</arg>
<arg>${case_number}</arg>
<arg>${final_status}</arg>
<arg>${actual_output}</arg>
<arg>${test_case}[input]</arg>
<arg>${test_case}[expected]</arg>
<status status="PASS" start="2025-02-12T21:39:38.967341" elapsed="0.000884"/>
</kw>
<var name="${index}">9</var>
<var name="${test_case}">{'input': 'j', 'expected': 'u006a'}</var>
<status status="PASS" start="2025-02-12T21:39:38.928775" elapsed="0.039464"/>
</iter>
<var>${index}</var>
<var>${test_case}</var>
<value>@{test_cases}</value>
<status status="PASS" start="2025-02-12T21:39:38.555427" elapsed="0.412841"/>
</for>
<kw name="Save Results">
<kw name="Evaluate" owner="BuiltIn">
<msg time="2025-02-12T21:39:38.968668" level="INFO">${json_string} = {
  "Case1": {
    "status": "PASS",
    "teacherinput": "a",
    "detail": "Student=u0061 vs Teacher=u0061"
  },
  "Case2": {
    "status": "PASS",
    "teacherinput": "b",
    "detail": "Student=u00...</msg>
<var>${json_string}</var>
<arg>json.dumps($results, indent=2)</arg>
<arg>json</arg>
<doc>Evaluates the given expression in Python and returns the result.</doc>
<status status="PASS" start="2025-02-12T21:39:38.968467" elapsed="0.000210"/>
</kw>
<kw name="Create File" owner="OperatingSystem">
<msg time="2025-02-12T21:39:38.968897" level="INFO" html="true">Created file '&lt;a href="file:///Users/tanakrit/Documents/GitHub/RobotFramewokForIDE/NewFormatOfRobot/comparison_results.json"&gt;/Users/tanakrit/Documents/GitHub/RobotFramewokForIDE/NewFormatOfRobot/comparison_results.json&lt;/a&gt;'.</msg>
<arg>${RESULTS_FILE}</arg>
<arg>${json_string}</arg>
<doc>Creates a file with the given content and encoding.</doc>
<status status="PASS" start="2025-02-12T21:39:38.968717" elapsed="0.000198"/>
</kw>
<kw name="Log Debug Info">
<kw name="Get Current Date" owner="DateTime">
<msg time="2025-02-12T21:39:38.969105" level="INFO">${timestamp} = 2025-02-12 21:39:38.969083</msg>
<var>${timestamp}</var>
<arg>result_format=%Y-%m-%d %H:%M:%S.%f</arg>
<doc>Returns current local or UTC time with an optional increment.</doc>
<status status="PASS" start="2025-02-12T21:39:38.969048" elapsed="0.000065"/>
</kw>
<kw name="Append To File" owner="OperatingSystem">
<msg time="2025-02-12T21:39:38.969253" level="INFO" html="true">Appended to file '&lt;a href="file:///Users/tanakrit/Documents/GitHub/RobotFramewokForIDE/NewFormatOfRobot/execution.log"&gt;/Users/tanakrit/Documents/GitHub/RobotFramewokForIDE/NewFormatOfRobot/execution.log&lt;/a&gt;'.</msg>
<arg>${LOG_FILE}</arg>
<arg>${timestamp}: ${message}\n</arg>
<doc>Appends the given content to the specified file.</doc>
<status status="PASS" start="2025-02-12T21:39:38.969147" elapsed="0.000122"/>
</kw>
<arg>Saved results to ${RESULTS_FILE}</arg>
<status status="PASS" start="2025-02-12T21:39:38.968959" elapsed="0.000335"/>
</kw>
<arg>${results}</arg>
<status status="PASS" start="2025-02-12T21:39:38.968375" elapsed="0.000935"/>
</kw>
<kw name="Cleanup Test Environment" type="TEARDOWN">
<kw name="Remove Directory" owner="OperatingSystem">
<msg time="2025-02-12T21:39:38.969745" level="INFO" html="true">Removed directory '&lt;a href="file:///Users/tanakrit/Documents/GitHub/RobotFramewokForIDE/NewFormatOfRobot/temp"&gt;/Users/tanakrit/Documents/GitHub/RobotFramewokForIDE/NewFormatOfRobot/temp&lt;/a&gt;'.</msg>
<arg>${TEMP_DIR}</arg>
<arg>recursive=True</arg>
<doc>Removes the directory pointed to by the given ``path``.</doc>
<status status="PASS" start="2025-02-12T21:39:38.969493" elapsed="0.000272"/>
</kw>
<status status="PASS" start="2025-02-12T21:39:38.969409" elapsed="0.000377"/>
</kw>
<status status="PASS" start="2025-02-12T21:39:38.551945" elapsed="0.417882"/>
</test>
<status status="PASS" start="2025-02-12T21:39:38.497984" elapsed="0.472064"/>
</suite>
<statistics>
<total>
<stat pass="1" fail="0" skip="0">All Tests</stat>
</total>
<tag>
</tag>
<suite>
<stat pass="1" fail="0" skip="0" id="s1" name="Case2">Case2</stat>
</suite>
</statistics>
<errors>
</errors>
</robot>
