<?xml version="1.0" encoding="UTF-8"?>
<robot generator="Robot 7.2.2 (Python 3.13.2 on darwin)" generated="2025-03-02T22:30:43.215065" rpa="false" schemaversion="5">
<suite id="s1" name="Case2" source="/Users/tanakrit/Documents/GitHub/RobotFramewokForIDE/NewFormatOfRobot/Case2.robot">
<test id="s1-t1" name="Compare Student Code With Test Cases" line="365">
<kw name="Setup Test Environment" type="SETUP">
<kw name="Create Directory" owner="OperatingSystem">
<msg time="2025-03-02T22:30:43.271060" level="INFO" html="true">Created directory '&lt;a href="file:///Users/tanakrit/Documents/GitHub/RobotFramewokForIDE/NewFormatOfRobot/temp"&gt;/Users/tanakrit/Documents/GitHub/RobotFramewokForIDE/NewFormatOfRobot/temp&lt;/a&gt;'.</msg>
<arg>${TEMP_DIR}</arg>
<doc>Creates the specified directory.</doc>
<status status="PASS" start="2025-03-02T22:30:43.270672" elapsed="0.000422"/>
</kw>
<kw name="Load Json From File" owner="JSONLibrary">
<msg time="2025-03-02T22:30:43.271547" level="INFO">${student} = {'id': 4, 'student': 9, 'question': 2, 'labtest': 1, 'homework': None, 'version': 1, 'answerTo': 'labtest', 'marking': 5, 'content': 'def factorial(n):\r\n    if n == 0 or n == 1:\r\n        return 1\...</msg>
<var>${student}</var>
<arg>${STUDENT_FILE}</arg>
<doc>Load JSON from file.</doc>
<status status="PASS" start="2025-03-02T22:30:43.271156" elapsed="0.000403"/>
</kw>
<kw name="Load Json From File" owner="JSONLibrary">
<msg time="2025-03-02T22:30:43.272085" level="INFO">${teacher} = {'id': 4, 'title': 'L2Q2 Unicode', 'language': 'javascript', 'tag_list': ['other'], 'description': 'Write a program to read one character from keyboard and the program then prints out its Unicode in h...</msg>
<var>${teacher}</var>
<arg>${TEACHER_FILE}</arg>
<doc>Load JSON from file.</doc>
<status status="PASS" start="2025-03-02T22:30:43.271602" elapsed="0.000494"/>
</kw>
<kw name="Create Dictionary" owner="BuiltIn">
<msg time="2025-03-02T22:30:43.272223" level="INFO">${results} = {}</msg>
<var>${results}</var>
<doc>Creates and returns a dictionary based on the given ``items``.</doc>
<status status="PASS" start="2025-03-02T22:30:43.272142" elapsed="0.000089"/>
</kw>
<kw name="Get Current Date" owner="DateTime">
<msg time="2025-03-02T22:30:43.272343" level="INFO">${current_time} = 2025-03-02 22:30:43</msg>
<var>${current_time}</var>
<arg>result_format=%Y-%m-%d %H:%M:%S</arg>
<doc>Returns current local or UTC time with an optional increment.</doc>
<status status="PASS" start="2025-03-02T22:30:43.272266" elapsed="0.000085"/>
</kw>
<return>
<value>${student}</value>
<value>${teacher}</value>
<value>${results}</value>
<status status="PASS" start="2025-03-02T22:30:43.272370" elapsed="0.000023"/>
</return>
<status status="PASS" start="2025-03-02T22:30:43.270384" elapsed="0.002062"/>
</kw>
<kw name="Setup Test Environment">
<kw name="Create Directory" owner="OperatingSystem">
<msg time="2025-03-02T22:30:43.272688" level="INFO" html="true">Directory '&lt;a href="file:///Users/tanakrit/Documents/GitHub/RobotFramewokForIDE/NewFormatOfRobot/temp"&gt;/Users/tanakrit/Documents/GitHub/RobotFramewokForIDE/NewFormatOfRobot/temp&lt;/a&gt;' already exists.</msg>
<arg>${TEMP_DIR}</arg>
<doc>Creates the specified directory.</doc>
<status status="PASS" start="2025-03-02T22:30:43.272629" elapsed="0.000077"/>
</kw>
<kw name="Load Json From File" owner="JSONLibrary">
<msg time="2025-03-02T22:30:43.272826" level="INFO">${student} = {'id': 4, 'student': 9, 'question': 2, 'labtest': 1, 'homework': None, 'version': 1, 'answerTo': 'labtest', 'marking': 5, 'content': 'def factorial(n):\r\n    if n == 0 or n == 1:\r\n        return 1\...</msg>
<var>${student}</var>
<arg>${STUDENT_FILE}</arg>
<doc>Load JSON from file.</doc>
<status status="PASS" start="2025-03-02T22:30:43.272740" elapsed="0.000094"/>
</kw>
<kw name="Load Json From File" owner="JSONLibrary">
<msg time="2025-03-02T22:30:43.272949" level="INFO">${teacher} = {'id': 4, 'title': 'L2Q2 Unicode', 'language': 'javascript', 'tag_list': ['other'], 'description': 'Write a program to read one character from keyboard and the program then prints out its Unicode in h...</msg>
<var>${teacher}</var>
<arg>${TEACHER_FILE}</arg>
<doc>Load JSON from file.</doc>
<status status="PASS" start="2025-03-02T22:30:43.272865" elapsed="0.000092"/>
</kw>
<kw name="Create Dictionary" owner="BuiltIn">
<msg time="2025-03-02T22:30:43.273035" level="INFO">${results} = {}</msg>
<var>${results}</var>
<doc>Creates and returns a dictionary based on the given ``items``.</doc>
<status status="PASS" start="2025-03-02T22:30:43.272991" elapsed="0.000052"/>
</kw>
<kw name="Get Current Date" owner="DateTime">
<msg time="2025-03-02T22:30:43.273130" level="INFO">${current_time} = 2025-03-02 22:30:43</msg>
<var>${current_time}</var>
<arg>result_format=%Y-%m-%d %H:%M:%S</arg>
<doc>Returns current local or UTC time with an optional increment.</doc>
<status status="PASS" start="2025-03-02T22:30:43.273073" elapsed="0.000064"/>
</kw>
<return>
<value>${student}</value>
<value>${teacher}</value>
<value>${results}</value>
<status status="PASS" start="2025-03-02T22:30:43.273152" elapsed="0.000013"/>
</return>
<msg time="2025-03-02T22:30:43.273231" level="INFO">${student} = {'id': 4, 'student': 9, 'question': 2, 'labtest': 1, 'homework': None, 'version': 1, 'answerTo': 'labtest', 'marking': 5, 'content': 'def factorial(n):\r\n    if n == 0 or n == 1:\r\n        return 1\...</msg>
<msg time="2025-03-02T22:30:43.273251" level="INFO">${teacher} = {'id': 4, 'title': 'L2Q2 Unicode', 'language': 'javascript', 'tag_list': ['other'], 'description': 'Write a program to read one character from keyboard and the program then prints out its Unicode in h...</msg>
<msg time="2025-03-02T22:30:43.273263" level="INFO">${results} = {}</msg>
<var>${student}</var>
<var>${teacher}</var>
<var>${results}</var>
<status status="PASS" start="2025-03-02T22:30:43.272543" elapsed="0.000727"/>
</kw>
<kw name="Log Debug Info">
<kw name="Get Current Date" owner="DateTime">
<msg time="2025-03-02T22:30:43.273476" level="INFO">${timestamp} = 2025-03-02 22:30:43.273452</msg>
<var>${timestamp}</var>
<arg>result_format=%Y-%m-%d %H:%M:%S.%f</arg>
<doc>Returns current local or UTC time with an optional increment.</doc>
<status status="PASS" start="2025-03-02T22:30:43.273418" elapsed="0.000067"/>
</kw>
<kw name="Append To File" owner="OperatingSystem">
<msg time="2025-03-02T22:30:43.274294" level="INFO" html="true">Appended to file '&lt;a href="file:///Users/tanakrit/Documents/GitHub/RobotFramewokForIDE/NewFormatOfRobot/execution.log"&gt;/Users/tanakrit/Documents/GitHub/RobotFramewokForIDE/NewFormatOfRobot/execution.log&lt;/a&gt;'.</msg>
<arg>${LOG_FILE}</arg>
<arg>${timestamp}: ${message}\n</arg>
<doc>Appends the given content to the specified file.</doc>
<status status="PASS" start="2025-03-02T22:30:43.273519" elapsed="0.000796"/>
</kw>
<arg>Starting test execution</arg>
<status status="PASS" start="2025-03-02T22:30:43.273335" elapsed="0.001003"/>
</kw>
<kw name="Set Variable" owner="BuiltIn">
<msg time="2025-03-02T22:30:43.274451" level="INFO">@{test_cases} = [ {'input': '0', 'expected': '1'} | {'input': '1', 'expected': '2'} | {'input': '2', 'expected': '4'} | {'input': '3', 'expected': '8'} | {'input': '4', 'expected': '16'} | {'input': '5', 'expected': ...</msg>
<var>@{test_cases}</var>
<arg>${teacher}[testcase]</arg>
<doc>Returns the given values which can then be assigned to a variables.</doc>
<status status="PASS" start="2025-03-02T22:30:43.274383" elapsed="0.000078"/>
</kw>
<kw name="Set Variable" owner="BuiltIn">
<msg time="2025-03-02T22:30:43.274551" level="INFO">${code} = use std::io;

fn main() {
    println!("Enter a value for x:");
    let mut input = String::new();
    io::stdin().read_line(&amp;mut input).expect("Failed to read line");
    
    let x: u32 = input.trim...</msg>
<var>${code}</var>
<arg>${student}[defaultCode]</arg>
<doc>Returns the given values which can then be assigned to a variables.</doc>
<status status="PASS" start="2025-03-02T22:30:43.274504" elapsed="0.000056"/>
</kw>
<kw name="Set Variable" owner="BuiltIn">
<msg time="2025-03-02T22:30:43.274649" level="INFO">${language} = rust</msg>
<var>${language}</var>
<arg>${student}[language]</arg>
<doc>Returns the given values which can then be assigned to a variables.</doc>
<status status="PASS" start="2025-03-02T22:30:43.274601" elapsed="0.000055"/>
</kw>
<for flavor="IN ENUMERATE">
<iter>
<kw name="Evaluate" owner="BuiltIn">
<msg time="2025-03-02T22:30:43.274941" level="INFO">${case_number} = 1</msg>
<var>${case_number}</var>
<arg>${index} + 1</arg>
<doc>Evaluates the given expression in Python and returns the result.</doc>
<status status="PASS" start="2025-03-02T22:30:43.274866" elapsed="0.000085"/>
</kw>
<kw name="Log Debug Info">
<kw name="Get Current Date" owner="DateTime">
<msg time="2025-03-02T22:30:43.275125" level="INFO">${timestamp} = 2025-03-02 22:30:43.275104</msg>
<var>${timestamp}</var>
<arg>result_format=%Y-%m-%d %H:%M:%S.%f</arg>
<doc>Returns current local or UTC time with an optional increment.</doc>
<status status="PASS" start="2025-03-02T22:30:43.275072" elapsed="0.000060"/>
</kw>
<kw name="Append To File" owner="OperatingSystem">
<msg time="2025-03-02T22:30:43.275266" level="INFO" html="true">Appended to file '&lt;a href="file:///Users/tanakrit/Documents/GitHub/RobotFramewokForIDE/NewFormatOfRobot/execution.log"&gt;/Users/tanakrit/Documents/GitHub/RobotFramewokForIDE/NewFormatOfRobot/execution.log&lt;/a&gt;'.</msg>
<arg>${LOG_FILE}</arg>
<arg>${timestamp}: ${message}\n</arg>
<doc>Appends the given content to the specified file.</doc>
<status status="PASS" start="2025-03-02T22:30:43.275162" elapsed="0.000136"/>
</kw>
<arg>Processing test case ${case_number}</arg>
<status status="PASS" start="2025-03-02T22:30:43.274991" elapsed="0.000326"/>
</kw>
<kw name="Run Keyword And Return Status" owner="BuiltIn">
<kw name="Should Not Be Empty" owner="BuiltIn">
<msg time="2025-03-02T22:30:43.275439" level="INFO">Length is 314.</msg>
<arg>${code}</arg>
<doc>Verifies that the given item is not empty.</doc>
<status status="PASS" start="2025-03-02T22:30:43.275402" elapsed="0.000050"/>
</kw>
<msg time="2025-03-02T22:30:43.275476" level="INFO">${code_exists} = True</msg>
<var>${code_exists}</var>
<arg>Should Not Be Empty</arg>
<arg>${code}</arg>
<doc>Runs the given keyword with given arguments and returns the status as a Boolean value.</doc>
<status status="PASS" start="2025-03-02T22:30:43.275352" elapsed="0.000131"/>
</kw>
<if>
<branch type="IF" condition="not ${code_exists}">
<kw name="Handle Invalid Code">
<arg>${results}</arg>
<arg>${case_number}</arg>
<arg>${test_case}[expected]</arg>
<arg>${test_case}[input]</arg>
<arg>${language}</arg>
<status status="NOT RUN" start="2025-03-02T22:30:43.275585" elapsed="0.000007"/>
</kw>
<kw name="Continue For Loop" owner="BuiltIn">
<doc>Skips the current FOR loop iteration and continues from the next.</doc>
<status status="NOT RUN" start="2025-03-02T22:30:43.275626" elapsed="0.000006"/>
</kw>
<status status="NOT RUN" start="2025-03-02T22:30:43.275514" elapsed="0.000126"/>
</branch>
<status status="PASS" start="2025-03-02T22:30:43.275504" elapsed="0.000146"/>
</if>
<kw name="Execute Code With Input">
<kw name="Set Variable" owner="BuiltIn">
<msg time="2025-03-02T22:30:43.276166" level="INFO">${filename} = test</msg>
<var>${filename}</var>
<arg>test</arg>
<doc>Returns the given values which can then be assigned to a variables.</doc>
<status status="PASS" start="2025-03-02T22:30:43.276126" elapsed="0.000049"/>
</kw>
<kw name="Set Variable If" owner="BuiltIn">
<msg time="2025-03-02T22:30:43.276318" level="INFO">${ext} = .rs</msg>
<var>${ext}</var>
<arg>'${language}' == 'python'</arg>
<arg>.py</arg>
<arg>'${language}' == 'cpp'</arg>
<arg>.cpp</arg>
<arg>'${language}' == 'rust'</arg>
<arg>.rs</arg>
<arg>'${language}' == 'javascript'</arg>
<arg>.js</arg>
<doc>Sets variable based on the given condition.</doc>
<status status="PASS" start="2025-03-02T22:30:43.276218" elapsed="0.000109"/>
</kw>
<kw name="Log Debug Info">
<kw name="Get Current Date" owner="DateTime">
<msg time="2025-03-02T22:30:43.276520" level="INFO">${timestamp} = 2025-03-02 22:30:43.276498</msg>
<var>${timestamp}</var>
<arg>result_format=%Y-%m-%d %H:%M:%S.%f</arg>
<doc>Returns current local or UTC time with an optional increment.</doc>
<status status="PASS" start="2025-03-02T22:30:43.276465" elapsed="0.000063"/>
</kw>
<kw name="Append To File" owner="OperatingSystem">
<msg time="2025-03-02T22:30:43.276663" level="INFO" html="true">Appended to file '&lt;a href="file:///Users/tanakrit/Documents/GitHub/RobotFramewokForIDE/NewFormatOfRobot/execution.log"&gt;/Users/tanakrit/Documents/GitHub/RobotFramewokForIDE/NewFormatOfRobot/execution.log&lt;/a&gt;'.</msg>
<arg>${LOG_FILE}</arg>
<arg>${timestamp}: ${message}\n</arg>
<doc>Appends the given content to the specified file.</doc>
<status status="PASS" start="2025-03-02T22:30:43.276558" elapsed="0.000135"/>
</kw>
<arg>Executing code in ${language}:\n${code}</arg>
<status status="PASS" start="2025-03-02T22:30:43.276373" elapsed="0.000339"/>
</kw>
<kw name="Log Debug Info">
<kw name="Get Current Date" owner="DateTime">
<msg time="2025-03-02T22:30:43.276884" level="INFO">${timestamp} = 2025-03-02 22:30:43.276864</msg>
<var>${timestamp}</var>
<arg>result_format=%Y-%m-%d %H:%M:%S.%f</arg>
<doc>Returns current local or UTC time with an optional increment.</doc>
<status status="PASS" start="2025-03-02T22:30:43.276832" elapsed="0.000060"/>
</kw>
<kw name="Append To File" owner="OperatingSystem">
<msg time="2025-03-02T22:30:43.277020" level="INFO" html="true">Appended to file '&lt;a href="file:///Users/tanakrit/Documents/GitHub/RobotFramewokForIDE/NewFormatOfRobot/execution.log"&gt;/Users/tanakrit/Documents/GitHub/RobotFramewokForIDE/NewFormatOfRobot/execution.log&lt;/a&gt;'.</msg>
<arg>${LOG_FILE}</arg>
<arg>${timestamp}: ${message}\n</arg>
<doc>Appends the given content to the specified file.</doc>
<status status="PASS" start="2025-03-02T22:30:43.276922" elapsed="0.000114"/>
</kw>
<arg>Input values: ${input}</arg>
<status status="PASS" start="2025-03-02T22:30:43.276748" elapsed="0.000311"/>
</kw>
<kw name="Create File" owner="OperatingSystem">
<msg time="2025-03-02T22:30:43.277278" level="INFO" html="true">Created file '&lt;a href="file:///Users/tanakrit/Documents/GitHub/RobotFramewokForIDE/NewFormatOfRobot/temp/test.rs"&gt;/Users/tanakrit/Documents/GitHub/RobotFramewokForIDE/NewFormatOfRobot/temp/test.rs&lt;/a&gt;'.</msg>
<arg>${TEMP_DIR}/${filename}${ext}</arg>
<arg>${code}</arg>
<doc>Creates a file with the given content and encoding.</doc>
<status status="PASS" start="2025-03-02T22:30:43.277089" elapsed="0.000207"/>
</kw>
<kw name="Prepare Input File">
<kw name="Run Keyword And Return Status" owner="BuiltIn">
<kw name="Variable Should Exist" owner="BuiltIn">
<arg>${input}</arg>
<doc>Fails unless the given variable exists within the current scope.</doc>
<status status="PASS" start="2025-03-02T22:30:43.277517" elapsed="0.000051"/>
</kw>
<msg time="2025-03-02T22:30:43.277594" level="INFO">${input_exists} = True</msg>
<var>${input_exists}</var>
<arg>Variable Should Exist</arg>
<arg>${input}</arg>
<doc>Runs the given keyword with given arguments and returns the status as a Boolean value.</doc>
<status status="PASS" start="2025-03-02T22:30:43.277465" elapsed="0.000137"/>
</kw>
<kw name="Run Keyword And Return Status" owner="BuiltIn">
<kw name="Should Not Be Equal" owner="BuiltIn">
<arg>${input}</arg>
<arg>None</arg>
<doc>Fails if the given objects are equal.</doc>
<status status="PASS" start="2025-03-02T22:30:43.277677" elapsed="0.000049"/>
</kw>
<msg time="2025-03-02T22:30:43.277750" level="INFO">${input_not_none} = True</msg>
<var>${input_not_none}</var>
<arg>Should Not Be Equal</arg>
<arg>${input}</arg>
<arg>None</arg>
<doc>Runs the given keyword with given arguments and returns the status as a Boolean value.</doc>
<status status="PASS" start="2025-03-02T22:30:43.277637" elapsed="0.000120"/>
</kw>
<kw name="Evaluate" owner="BuiltIn">
<msg time="2025-03-02T22:30:43.277857" level="INFO">${should_create_input} = True</msg>
<var>${should_create_input}</var>
<arg>${input_exists} and ${input_not_none}</arg>
<doc>Evaluates the given expression in Python and returns the result.</doc>
<status status="PASS" start="2025-03-02T22:30:43.277789" elapsed="0.000076"/>
</kw>
<if>
<branch type="IF" condition="${should_create_input}">
<kw name="Replace String" owner="String">
<msg time="2025-03-02T22:30:43.278006" level="INFO">${normalized_input} = 0</msg>
<var>${normalized_input}</var>
<arg>${input}</arg>
<arg>\r\n</arg>
<arg>\n</arg>
<doc>Replaces ``search_for`` in the given ``string`` with ``replace_with``.</doc>
<status status="PASS" start="2025-03-02T22:30:43.277954" elapsed="0.000059"/>
</kw>
<kw name="Run Keyword And Return Status" owner="BuiltIn">
<kw name="Should End With" owner="BuiltIn">
<msg time="2025-03-02T22:30:43.278159" level="FAIL">'0' does not end with '
'</msg>
<arg>${normalized_input}</arg>
<arg>\n</arg>
<doc>Fails if the string ``str1`` does not end with the string ``str2``.</doc>
<status status="FAIL" start="2025-03-02T22:30:43.278088" elapsed="0.000124">'0' does not end with '
'</status>
</kw>
<msg time="2025-03-02T22:30:43.278241" level="INFO">${has_newline} = False</msg>
<var>${has_newline}</var>
<arg>Should End With</arg>
<arg>${normalized_input}</arg>
<arg>\n</arg>
<doc>Runs the given keyword with given arguments and returns the status as a Boolean value.</doc>
<status status="PASS" start="2025-03-02T22:30:43.278049" elapsed="0.000199"/>
</kw>
<if>
<branch type="IF" condition="not ${has_newline}">
<kw name="Set Variable" owner="BuiltIn">
<msg time="2025-03-02T22:30:43.278376" level="INFO">${normalized_input} = 0
</msg>
<var>${normalized_input}</var>
<arg>${normalized_input}\n</arg>
<doc>Returns the given values which can then be assigned to a variables.</doc>
<status status="PASS" start="2025-03-02T22:30:43.278325" elapsed="0.000058"/>
</kw>
<status status="PASS" start="2025-03-02T22:30:43.278272" elapsed="0.000122"/>
</branch>
<status status="PASS" start="2025-03-02T22:30:43.278266" elapsed="0.000138"/>
</if>
<kw name="Create File" owner="OperatingSystem">
<msg time="2025-03-02T22:30:43.278572" level="INFO" html="true">Created file '&lt;a href="file:///Users/tanakrit/Documents/GitHub/RobotFramewokForIDE/NewFormatOfRobot/temp/input.txt"&gt;/Users/tanakrit/Documents/GitHub/RobotFramewokForIDE/NewFormatOfRobot/temp/input.txt&lt;/a&gt;'.</msg>
<arg>${TEMP_DIR}/input.txt</arg>
<arg>${normalized_input}</arg>
<arg>encoding=UTF-8</arg>
<doc>Creates a file with the given content and encoding.</doc>
<status status="PASS" start="2025-03-02T22:30:43.278431" elapsed="0.000160"/>
</kw>
<kw name="Log Debug Info">
<kw name="Get Current Date" owner="DateTime">
<msg time="2025-03-02T22:30:43.278772" level="INFO">${timestamp} = 2025-03-02 22:30:43.278752</msg>
<var>${timestamp}</var>
<arg>result_format=%Y-%m-%d %H:%M:%S.%f</arg>
<doc>Returns current local or UTC time with an optional increment.</doc>
<status status="PASS" start="2025-03-02T22:30:43.278721" elapsed="0.000060"/>
</kw>
<kw name="Append To File" owner="OperatingSystem">
<msg time="2025-03-02T22:30:43.278907" level="INFO" html="true">Appended to file '&lt;a href="file:///Users/tanakrit/Documents/GitHub/RobotFramewokForIDE/NewFormatOfRobot/execution.log"&gt;/Users/tanakrit/Documents/GitHub/RobotFramewokForIDE/NewFormatOfRobot/execution.log&lt;/a&gt;'.</msg>
<arg>${LOG_FILE}</arg>
<arg>${timestamp}: ${message}\n</arg>
<doc>Appends the given content to the specified file.</doc>
<status status="PASS" start="2025-03-02T22:30:43.278811" elapsed="0.000113"/>
</kw>
<arg>Created input file with content: ${normalized_input}</arg>
<status status="PASS" start="2025-03-02T22:30:43.278636" elapsed="0.000310"/>
</kw>
<return>
<value>${True}</value>
<value>${TEMP_DIR}/input.txt</value>
<status status="PASS" start="2025-03-02T22:30:43.278960" elapsed="0.000010"/>
</return>
<status status="PASS" start="2025-03-02T22:30:43.277909" elapsed="0.001073"/>
</branch>
<status status="PASS" start="2025-03-02T22:30:43.277901" elapsed="0.001090"/>
</if>
<return>
<value>${False}</value>
<value>${EMPTY}</value>
<status status="NOT RUN" start="2025-03-02T22:30:43.279003" elapsed="0.000005"/>
</return>
<msg time="2025-03-02T22:30:43.279064" level="INFO">${has_input} = True</msg>
<msg time="2025-03-02T22:30:43.279076" level="INFO">${input_file} = ./temp/input.txt</msg>
<var>${has_input}</var>
<var>${input_file}</var>
<arg>${input}</arg>
<status status="PASS" start="2025-03-02T22:30:43.277376" elapsed="0.001707"/>
</kw>
<kw name="Set Variable" owner="BuiltIn">
<msg time="2025-03-02T22:30:43.279154" level="INFO">${status} = success</msg>
<var>${status}</var>
<arg>success</arg>
<doc>Returns the given values which can then be assigned to a variables.</doc>
<status status="PASS" start="2025-03-02T22:30:43.279119" elapsed="0.000042"/>
</kw>
<kw name="Set Variable" owner="BuiltIn">
<msg time="2025-03-02T22:30:43.279387" level="INFO">${output} = </msg>
<var>${output}</var>
<arg>${EMPTY}</arg>
<doc>Returns the given values which can then be assigned to a variables.</doc>
<status status="PASS" start="2025-03-02T22:30:43.279191" elapsed="0.000204"/>
</kw>
<try>
<branch type="TRY">
<if>
<branch type="IF" condition="'${language}' == 'python'">
<kw name="Execute Python Code">
<var>${result}</var>
<arg>${TEMP_DIR}/${filename}${ext}</arg>
<arg>${has_input}</arg>
<arg>${input_file}</arg>
<status status="NOT RUN" start="2025-03-02T22:30:43.279530" elapsed="0.000007"/>
</kw>
<if>
<branch type="IF" condition="${result.rc} != 0">
<kw name="Set Variable" owner="BuiltIn">
<var>${status}</var>
<arg>runtime_error</arg>
<doc>Returns the given values which can then be assigned to a variables.</doc>
<status status="NOT RUN" start="2025-03-02T22:30:43.279588" elapsed="0.000005"/>
</kw>
<kw name="Set Variable" owner="BuiltIn">
<var>${output}</var>
<arg>${result.stdout}</arg>
<doc>Returns the given values which can then be assigned to a variables.</doc>
<status status="NOT RUN" start="2025-03-02T22:30:43.279620" elapsed="0.000005"/>
</kw>
<kw name="Log Debug Info">
<arg>Python runtime error: ${result.stdout}</arg>
<status status="NOT RUN" start="2025-03-02T22:30:43.279656" elapsed="0.000007"/>
</kw>
<status status="NOT RUN" start="2025-03-02T22:30:43.279559" elapsed="0.000112"/>
</branch>
<branch type="ELSE">
<kw name="Get Final Output">
<var>${raw_output}</var>
<arg>${result.stdout}</arg>
<status status="NOT RUN" start="2025-03-02T22:30:43.279744" elapsed="0.000006"/>
</kw>
<kw name="Normalize Output">
<var>${output}</var>
<arg>${raw_output}</arg>
<status status="NOT RUN" start="2025-03-02T22:30:43.279829" elapsed="0.000006"/>
</kw>
<kw name="Log Debug Info">
<arg>Python final output: ${output}</arg>
<status status="NOT RUN" start="2025-03-02T22:30:43.279864" elapsed="0.000005"/>
</kw>
<status status="NOT RUN" start="2025-03-02T22:30:43.279679" elapsed="0.000198"/>
</branch>
<status status="NOT RUN" start="2025-03-02T22:30:43.279554" elapsed="0.000331"/>
</if>
<status status="NOT RUN" start="2025-03-02T22:30:43.279449" elapsed="0.000444"/>
</branch>
<branch type="ELSE IF" condition="'${language}' == 'cpp'">
<kw name="Execute CPP Code">
<var>${exec_status}</var>
<var>${result}</var>
<arg>${TEMP_DIR}/${filename}${ext}</arg>
<arg>${has_input}</arg>
<arg>${input_file}</arg>
<status status="NOT RUN" start="2025-03-02T22:30:43.279984" elapsed="0.000005"/>
</kw>
<if>
<branch type="IF" condition="'${exec_status}' == 'success'">
<kw name="Get Final Output">
<var>${raw_output}</var>
<arg>${result.stdout}</arg>
<status status="NOT RUN" start="2025-03-02T22:30:43.280069" elapsed="0.000006"/>
</kw>
<kw name="Normalize Output">
<var>${output}</var>
<arg>${raw_output}</arg>
<status status="NOT RUN" start="2025-03-02T22:30:43.280151" elapsed="0.000006"/>
</kw>
<kw name="Log Debug Info">
<arg>C++ final output: ${output}</arg>
<status status="NOT RUN" start="2025-03-02T22:30:43.280185" elapsed="0.000005"/>
</kw>
<status status="NOT RUN" start="2025-03-02T22:30:43.280011" elapsed="0.000187"/>
</branch>
<branch type="ELSE">
<kw name="Set Variable" owner="BuiltIn">
<var>${status}</var>
<arg>${exec_status}</arg>
<doc>Returns the given values which can then be assigned to a variables.</doc>
<status status="NOT RUN" start="2025-03-02T22:30:43.280232" elapsed="0.000006"/>
</kw>
<kw name="Set Variable" owner="BuiltIn">
<var>${output}</var>
<arg>${result.stdout}</arg>
<doc>Returns the given values which can then be assigned to a variables.</doc>
<status status="NOT RUN" start="2025-03-02T22:30:43.280264" elapsed="0.000005"/>
</kw>
<status status="NOT RUN" start="2025-03-02T22:30:43.280206" elapsed="0.000089"/>
</branch>
<status status="NOT RUN" start="2025-03-02T22:30:43.280006" elapsed="0.000297"/>
</if>
<status status="NOT RUN" start="2025-03-02T22:30:43.279900" elapsed="0.000411"/>
</branch>
<branch type="ELSE IF" condition="'${language}' == 'rust'">
<kw name="Execute Rust Code">
<kw name="Run Process" owner="Process">
<msg time="2025-03-02T22:30:43.280610" level="INFO">Starting process:
rustc ./temp/test.rs -o ./temp/program</msg>
<msg time="2025-03-02T22:30:43.282643" level="INFO">Waiting for process to complete.</msg>
<msg time="2025-03-02T22:30:43.748284" level="INFO">Process completed.</msg>
<msg time="2025-03-02T22:30:43.748541" level="INFO">${compile_result} = &lt;result object with rc 0&gt;</msg>
<var>${compile_result}</var>
<arg>${RUST_COMPILER}</arg>
<arg>${filename}</arg>
<arg>-o</arg>
<arg>${TEMP_DIR}/program</arg>
<arg>shell=True</arg>
<arg>stderr=STDOUT</arg>
<doc>Runs a process and waits for it to complete.</doc>
<status status="PASS" start="2025-03-02T22:30:43.280516" elapsed="0.468047"/>
</kw>
<kw name="Log Debug Info">
<kw name="Get Current Date" owner="DateTime">
<msg time="2025-03-02T22:30:43.749479" level="INFO">${timestamp} = 2025-03-02 22:30:43.749435</msg>
<var>${timestamp}</var>
<arg>result_format=%Y-%m-%d %H:%M:%S.%f</arg>
<doc>Returns current local or UTC time with an optional increment.</doc>
<status status="PASS" start="2025-03-02T22:30:43.749372" elapsed="0.000117"/>
</kw>
<kw name="Append To File" owner="OperatingSystem">
<msg time="2025-03-02T22:30:43.749782" level="INFO" html="true">Appended to file '&lt;a href="file:///Users/tanakrit/Documents/GitHub/RobotFramewokForIDE/NewFormatOfRobot/execution.log"&gt;/Users/tanakrit/Documents/GitHub/RobotFramewokForIDE/NewFormatOfRobot/execution.log&lt;/a&gt;'.</msg>
<arg>${LOG_FILE}</arg>
<arg>${timestamp}: ${message}\n</arg>
<doc>Appends the given content to the specified file.</doc>
<status status="PASS" start="2025-03-02T22:30:43.749531" elapsed="0.000276"/>
</kw>
<arg>Rust compilation result: ${compile_result.stdout}</arg>
<status status="PASS" start="2025-03-02T22:30:43.748881" elapsed="0.000954"/>
</kw>
<if>
<branch type="IF" condition="${compile_result.rc} == 0">
<if>
<branch type="IF" condition="${has_input}">
<kw name="Run Process" owner="Process">
<msg time="2025-03-02T22:30:43.751308" level="INFO">Starting process:
./temp/program</msg>
<msg time="2025-03-02T22:30:43.753007" level="INFO">Waiting for process to complete.</msg>
<msg time="2025-03-02T22:30:44.445743" level="INFO">Process completed.</msg>
<msg time="2025-03-02T22:30:44.446258" level="INFO">${result} = &lt;result object with rc 0&gt;</msg>
<var>${result}</var>
<arg>${TEMP_DIR}/program</arg>
<arg>stdin=${input_file}</arg>
<arg>shell=True</arg>
<arg>stderr=STDOUT</arg>
<arg>stdout=STDOUT</arg>
<doc>Runs a process and waits for it to complete.</doc>
<status status="PASS" start="2025-03-02T22:30:43.750158" elapsed="0.696142"/>
</kw>
<status status="PASS" start="2025-03-02T22:30:43.750104" elapsed="0.696333"/>
</branch>
<branch type="ELSE">
<kw name="Run Process" owner="Process">
<var>${result}</var>
<arg>${TEMP_DIR}/program</arg>
<arg>shell=True</arg>
<arg>stderr=STDOUT</arg>
<arg>stdout=STDOUT</arg>
<doc>Runs a process and waits for it to complete.</doc>
<status status="NOT RUN" start="2025-03-02T22:30:44.446895" elapsed="0.000028"/>
</kw>
<status status="NOT RUN" start="2025-03-02T22:30:44.446496" elapsed="0.000464"/>
</branch>
<status status="PASS" start="2025-03-02T22:30:43.750098" elapsed="0.696881"/>
</if>
<kw name="Log Debug Info">
<kw name="Get Current Date" owner="DateTime">
<msg time="2025-03-02T22:30:44.448485" level="INFO">${timestamp} = 2025-03-02 22:30:44.448389</msg>
<var>${timestamp}</var>
<arg>result_format=%Y-%m-%d %H:%M:%S.%f</arg>
<doc>Returns current local or UTC time with an optional increment.</doc>
<status status="PASS" start="2025-03-02T22:30:44.448256" elapsed="0.000251"/>
</kw>
<kw name="Append To File" owner="OperatingSystem">
<msg time="2025-03-02T22:30:44.448955" level="INFO" html="true">Appended to file '&lt;a href="file:///Users/tanakrit/Documents/GitHub/RobotFramewokForIDE/NewFormatOfRobot/execution.log"&gt;/Users/tanakrit/Documents/GitHub/RobotFramewokForIDE/NewFormatOfRobot/execution.log&lt;/a&gt;'.</msg>
<arg>${LOG_FILE}</arg>
<arg>${timestamp}: ${message}\n</arg>
<doc>Appends the given content to the specified file.</doc>
<status status="PASS" start="2025-03-02T22:30:44.448587" elapsed="0.000410"/>
</kw>
<arg>Rust execution output:\n${result.stdout}</arg>
<status status="PASS" start="2025-03-02T22:30:44.447256" elapsed="0.001789"/>
</kw>
<return>
<value>success</value>
<value>${result}</value>
<status status="PASS" start="2025-03-02T22:30:44.449091" elapsed="0.000070"/>
</return>
<status status="PASS" start="2025-03-02T22:30:43.749883" elapsed="0.699307"/>
</branch>
<branch type="ELSE">
<return>
<value>compilation_error</value>
<value>${compile_result}</value>
<status status="NOT RUN" start="2025-03-02T22:30:44.449251" elapsed="0.000009"/>
</return>
<status status="NOT RUN" start="2025-03-02T22:30:44.449212" elapsed="0.000068"/>
</branch>
<status status="PASS" start="2025-03-02T22:30:43.749866" elapsed="0.699427"/>
</if>
<msg time="2025-03-02T22:30:44.449405" level="INFO">${exec_status} = success</msg>
<msg time="2025-03-02T22:30:44.449433" level="INFO">${result} = &lt;result object with rc 0&gt;</msg>
<var>${exec_status}</var>
<var>${result}</var>
<arg>${TEMP_DIR}/${filename}${ext}</arg>
<arg>${has_input}</arg>
<arg>${input_file}</arg>
<status status="PASS" start="2025-03-02T22:30:43.280400" elapsed="1.169051"/>
</kw>
<if>
<branch type="IF" condition="'${exec_status}' == 'success'">
<kw name="Get Final Output">
<kw name="Log Debug Info">
<kw name="Get Current Date" owner="DateTime">
<msg time="2025-03-02T22:30:44.450592" level="INFO">${timestamp} = 2025-03-02 22:30:44.450542</msg>
<var>${timestamp}</var>
<arg>result_format=%Y-%m-%d %H:%M:%S.%f</arg>
<doc>Returns current local or UTC time with an optional increment.</doc>
<status status="PASS" start="2025-03-02T22:30:44.450461" elapsed="0.000149"/>
</kw>
<kw name="Append To File" owner="OperatingSystem">
<msg time="2025-03-02T22:30:44.450949" level="INFO" html="true">Appended to file '&lt;a href="file:///Users/tanakrit/Documents/GitHub/RobotFramewokForIDE/NewFormatOfRobot/execution.log"&gt;/Users/tanakrit/Documents/GitHub/RobotFramewokForIDE/NewFormatOfRobot/execution.log&lt;/a&gt;'.</msg>
<arg>${LOG_FILE}</arg>
<arg>${timestamp}: ${message}\n</arg>
<doc>Appends the given content to the specified file.</doc>
<status status="PASS" start="2025-03-02T22:30:44.450675" elapsed="0.000312"/>
</kw>
<arg>Processing raw output: ${output}</arg>
<status status="PASS" start="2025-03-02T22:30:44.450296" elapsed="0.000729"/>
</kw>
<kw name="Split To Lines" owner="String">
<msg time="2025-03-02T22:30:44.451180" level="INFO">2 lines returned</msg>
<msg time="2025-03-02T22:30:44.451224" level="INFO">${lines} = ['Enter a value for x:', '1']</msg>
<var>${lines}</var>
<arg>${output}</arg>
<doc>Splits the given string to lines.</doc>
<status status="PASS" start="2025-03-02T22:30:44.451088" elapsed="0.000157"/>
</kw>
<kw name="Create List" owner="BuiltIn">
<msg time="2025-03-02T22:30:44.451404" level="INFO">${final_lines} = []</msg>
<var>${final_lines}</var>
<doc>Returns a list containing given items.</doc>
<status status="PASS" start="2025-03-02T22:30:44.451319" elapsed="0.000098"/>
</kw>
<kw name="Create List" owner="BuiltIn">
<msg time="2025-03-02T22:30:44.451642" level="INFO">@{patterns_to_remove} = [ (?i)Enter [A-Za-z\s]+: | (?i)Input [A-Za-z\s]+: | (?i)Please enter [A-Za-z\s]+: | (?i)Please input [A-Za-z\s]+: | (?i)Enter the [A-Za-z\s]+: | (?i)The [A-Za-z\s]+ is: | (?i)Enter [A-Za-z\s]+ | (?i)I...</msg>
<var>@{patterns_to_remove}</var>
<arg>(?i)Enter [A-Za-z\\s]+:</arg>
<arg>(?i)Input [A-Za-z\\s]+:</arg>
<arg>(?i)Please enter [A-Za-z\\s]+:</arg>
<arg>(?i)Please input [A-Za-z\\s]+:</arg>
<arg>(?i)Enter the [A-Za-z\\s]+:</arg>
<arg>(?i)The [A-Za-z\\s]+ is:</arg>
<arg>(?i)Enter [A-Za-z\\s]+</arg>
<arg>(?i)Input [A-Za-z\\s]+</arg>
<arg>(?i)Please enter [A-Za-z\\s]+</arg>
<arg>(?i)Please input [A-Za-z\\s]+</arg>
<arg>(?i)Enter the [A-Za-z\\s]+</arg>
<arg>(?i)The [A-Za-z\\s]+ is</arg>
<arg>(?i)Enter [A-Za-z\\s]+:</arg>
<arg>(?i)Input [A-Za-z\\s]+:</arg>
<arg>(?i)The Unicode is:</arg>
<doc>Returns a list containing given items.</doc>
<status status="PASS" start="2025-03-02T22:30:44.451477" elapsed="0.000182"/>
</kw>
<for flavor="IN">
<iter>
<kw name="Strip String" owner="String">
<msg time="2025-03-02T22:30:44.452157" level="INFO">${stripped} = Enter a value for x:</msg>
<var>${stripped}</var>
<arg>${line}</arg>
<doc>Remove leading and/or trailing whitespaces from the given string.</doc>
<status status="PASS" start="2025-03-02T22:30:44.452049" elapsed="0.000131"/>
</kw>
<kw name="Continue For Loop If" owner="BuiltIn">
<arg>'${stripped}' == ''</arg>
<doc>Skips the current FOR loop iteration if the ``condition`` is true.</doc>
<status status="PASS" start="2025-03-02T22:30:44.452257" elapsed="0.000184"/>
</kw>
<kw name="Set Variable" owner="BuiltIn">
<msg time="2025-03-02T22:30:44.452611" level="INFO">${cleaned} = Enter a value for x:</msg>
<var>${cleaned}</var>
<arg>${stripped}</arg>
<doc>Returns the given values which can then be assigned to a variables.</doc>
<status status="PASS" start="2025-03-02T22:30:44.452522" elapsed="0.000104"/>
</kw>
<for flavor="IN">
<iter>
<kw name="Replace String Using Regexp" owner="String">
<msg time="2025-03-02T22:30:44.454958" level="INFO">${cleaned} = </msg>
<var>${cleaned}</var>
<arg>${cleaned}</arg>
<arg>${pattern}</arg>
<arg>${EMPTY}</arg>
<doc>Replaces ``pattern`` in the given ``string`` with ``replace_with``.</doc>
<status status="PASS" start="2025-03-02T22:30:44.452912" elapsed="0.002086"/>
</kw>
<var name="${pattern}">(?i)Enter [A-Za-z\s]+:</var>
<status status="PASS" start="2025-03-02T22:30:44.452828" elapsed="0.002210"/>
</iter>
<iter>
<kw name="Replace String Using Regexp" owner="String">
<msg time="2025-03-02T22:30:44.455813" level="INFO">${cleaned} = </msg>
<var>${cleaned}</var>
<arg>${cleaned}</arg>
<arg>${pattern}</arg>
<arg>${EMPTY}</arg>
<doc>Replaces ``pattern`` in the given ``string`` with ``replace_with``.</doc>
<status status="PASS" start="2025-03-02T22:30:44.455187" elapsed="0.000644"/>
</kw>
<var name="${pattern}">(?i)Input [A-Za-z\s]+:</var>
<status status="PASS" start="2025-03-02T22:30:44.455118" elapsed="0.000741"/>
</iter>
<iter>
<kw name="Replace String Using Regexp" owner="String">
<msg time="2025-03-02T22:30:44.456487" level="INFO">${cleaned} = </msg>
<var>${cleaned}</var>
<arg>${cleaned}</arg>
<arg>${pattern}</arg>
<arg>${EMPTY}</arg>
<doc>Replaces ``pattern`` in the given ``string`` with ``replace_with``.</doc>
<status status="PASS" start="2025-03-02T22:30:44.455969" elapsed="0.000534"/>
</kw>
<var name="${pattern}">(?i)Please enter [A-Za-z\s]+:</var>
<status status="PASS" start="2025-03-02T22:30:44.455912" elapsed="0.000617"/>
</iter>
<iter>
<kw name="Replace String Using Regexp" owner="String">
<msg time="2025-03-02T22:30:44.457561" level="INFO">${cleaned} = </msg>
<var>${cleaned}</var>
<arg>${cleaned}</arg>
<arg>${pattern}</arg>
<arg>${EMPTY}</arg>
<doc>Replaces ``pattern`` in the given ``string`` with ``replace_with``.</doc>
<status status="PASS" start="2025-03-02T22:30:44.456628" elapsed="0.000951"/>
</kw>
<var name="${pattern}">(?i)Please input [A-Za-z\s]+:</var>
<status status="PASS" start="2025-03-02T22:30:44.456577" elapsed="0.001028"/>
</iter>
<iter>
<kw name="Replace String Using Regexp" owner="String">
<msg time="2025-03-02T22:30:44.458215" level="INFO">${cleaned} = </msg>
<var>${cleaned}</var>
<arg>${cleaned}</arg>
<arg>${pattern}</arg>
<arg>${EMPTY}</arg>
<doc>Replaces ``pattern`` in the given ``string`` with ``replace_with``.</doc>
<status status="PASS" start="2025-03-02T22:30:44.457708" elapsed="0.000524"/>
</kw>
<var name="${pattern}">(?i)Enter the [A-Za-z\s]+:</var>
<status status="PASS" start="2025-03-02T22:30:44.457655" elapsed="0.000603"/>
</iter>
<iter>
<kw name="Replace String Using Regexp" owner="String">
<msg time="2025-03-02T22:30:44.458853" level="INFO">${cleaned} = </msg>
<var>${cleaned}</var>
<arg>${cleaned}</arg>
<arg>${pattern}</arg>
<arg>${EMPTY}</arg>
<doc>Replaces ``pattern`` in the given ``string`` with ``replace_with``.</doc>
<status status="PASS" start="2025-03-02T22:30:44.458360" elapsed="0.000509"/>
</kw>
<var name="${pattern}">(?i)The [A-Za-z\s]+ is:</var>
<status status="PASS" start="2025-03-02T22:30:44.458309" elapsed="0.000586"/>
</iter>
<iter>
<kw name="Replace String Using Regexp" owner="String">
<msg time="2025-03-02T22:30:44.459468" level="INFO">${cleaned} = </msg>
<var>${cleaned}</var>
<arg>${cleaned}</arg>
<arg>${pattern}</arg>
<arg>${EMPTY}</arg>
<doc>Replaces ``pattern`` in the given ``string`` with ``replace_with``.</doc>
<status status="PASS" start="2025-03-02T22:30:44.458990" elapsed="0.000493"/>
</kw>
<var name="${pattern}">(?i)Enter [A-Za-z\s]+</var>
<status status="PASS" start="2025-03-02T22:30:44.458942" elapsed="0.000566"/>
</iter>
<iter>
<kw name="Replace String Using Regexp" owner="String">
<msg time="2025-03-02T22:30:44.460067" level="INFO">${cleaned} = </msg>
<var>${cleaned}</var>
<arg>${cleaned}</arg>
<arg>${pattern}</arg>
<arg>${EMPTY}</arg>
<doc>Replaces ``pattern`` in the given ``string`` with ``replace_with``.</doc>
<status status="PASS" start="2025-03-02T22:30:44.459598" elapsed="0.000485"/>
</kw>
<var name="${pattern}">(?i)Input [A-Za-z\s]+</var>
<status status="PASS" start="2025-03-02T22:30:44.459552" elapsed="0.000555"/>
</iter>
<iter>
<kw name="Replace String Using Regexp" owner="String">
<msg time="2025-03-02T22:30:44.460661" level="INFO">${cleaned} = </msg>
<var>${cleaned}</var>
<arg>${cleaned}</arg>
<arg>${pattern}</arg>
<arg>${EMPTY}</arg>
<doc>Replaces ``pattern`` in the given ``string`` with ``replace_with``.</doc>
<status status="PASS" start="2025-03-02T22:30:44.460197" elapsed="0.000479"/>
</kw>
<var name="${pattern}">(?i)Please enter [A-Za-z\s]+</var>
<status status="PASS" start="2025-03-02T22:30:44.460151" elapsed="0.000549"/>
</iter>
<iter>
<kw name="Replace String Using Regexp" owner="String">
<msg time="2025-03-02T22:30:44.461259" level="INFO">${cleaned} = </msg>
<var>${cleaned}</var>
<arg>${cleaned}</arg>
<arg>${pattern}</arg>
<arg>${EMPTY}</arg>
<doc>Replaces ``pattern`` in the given ``string`` with ``replace_with``.</doc>
<status status="PASS" start="2025-03-02T22:30:44.460790" elapsed="0.000484"/>
</kw>
<var name="${pattern}">(?i)Please input [A-Za-z\s]+</var>
<status status="PASS" start="2025-03-02T22:30:44.460744" elapsed="0.000555"/>
</iter>
<iter>
<kw name="Replace String Using Regexp" owner="String">
<msg time="2025-03-02T22:30:44.461840" level="INFO">${cleaned} = </msg>
<var>${cleaned}</var>
<arg>${cleaned}</arg>
<arg>${pattern}</arg>
<arg>${EMPTY}</arg>
<doc>Replaces ``pattern`` in the given ``string`` with ``replace_with``.</doc>
<status status="PASS" start="2025-03-02T22:30:44.461386" elapsed="0.000469"/>
</kw>
<var name="${pattern}">(?i)Enter the [A-Za-z\s]+</var>
<status status="PASS" start="2025-03-02T22:30:44.461342" elapsed="0.000537"/>
</iter>
<iter>
<kw name="Replace String Using Regexp" owner="String">
<msg time="2025-03-02T22:30:44.462418" level="INFO">${cleaned} = </msg>
<var>${cleaned}</var>
<arg>${cleaned}</arg>
<arg>${pattern}</arg>
<arg>${EMPTY}</arg>
<doc>Replaces ``pattern`` in the given ``string`` with ``replace_with``.</doc>
<status status="PASS" start="2025-03-02T22:30:44.461967" elapsed="0.000465"/>
</kw>
<var name="${pattern}">(?i)The [A-Za-z\s]+ is</var>
<status status="PASS" start="2025-03-02T22:30:44.461922" elapsed="0.000534"/>
</iter>
<iter>
<kw name="Replace String Using Regexp" owner="String">
<msg time="2025-03-02T22:30:44.462824" level="INFO">${cleaned} = </msg>
<var>${cleaned}</var>
<arg>${cleaned}</arg>
<arg>${pattern}</arg>
<arg>${EMPTY}</arg>
<doc>Replaces ``pattern`` in the given ``string`` with ``replace_with``.</doc>
<status status="PASS" start="2025-03-02T22:30:44.462541" elapsed="0.000296"/>
</kw>
<var name="${pattern}">(?i)Enter [A-Za-z\s]+:</var>
<status status="PASS" start="2025-03-02T22:30:44.462498" elapsed="0.000359"/>
</iter>
<iter>
<kw name="Replace String Using Regexp" owner="String">
<msg time="2025-03-02T22:30:44.463265" level="INFO">${cleaned} = </msg>
<var>${cleaned}</var>
<arg>${cleaned}</arg>
<arg>${pattern}</arg>
<arg>${EMPTY}</arg>
<doc>Replaces ``pattern`` in the given ``string`` with ``replace_with``.</doc>
<status status="PASS" start="2025-03-02T22:30:44.462995" elapsed="0.000283"/>
</kw>
<var name="${pattern}">(?i)Input [A-Za-z\s]+:</var>
<status status="PASS" start="2025-03-02T22:30:44.462941" elapsed="0.000358"/>
</iter>
<iter>
<kw name="Replace String Using Regexp" owner="String">
<msg time="2025-03-02T22:30:44.463682" level="INFO">${cleaned} = </msg>
<var>${cleaned}</var>
<arg>${cleaned}</arg>
<arg>${pattern}</arg>
<arg>${EMPTY}</arg>
<doc>Replaces ``pattern`` in the given ``string`` with ``replace_with``.</doc>
<status status="PASS" start="2025-03-02T22:30:44.463374" elapsed="0.000321"/>
</kw>
<var name="${pattern}">(?i)The Unicode is:</var>
<status status="PASS" start="2025-03-02T22:30:44.463336" elapsed="0.000380"/>
</iter>
<var>${pattern}</var>
<value>@{patterns_to_remove}</value>
<status status="PASS" start="2025-03-02T22:30:44.452662" elapsed="0.011069"/>
</for>
<kw name="Strip String" owner="String">
<msg time="2025-03-02T22:30:44.463857" level="INFO">${cleaned} = </msg>
<var>${cleaned}</var>
<arg>${cleaned}</arg>
<doc>Remove leading and/or trailing whitespaces from the given string.</doc>
<status status="PASS" start="2025-03-02T22:30:44.463785" elapsed="0.000084"/>
</kw>
<kw name="Continue For Loop If" owner="BuiltIn">
<msg time="2025-03-02T22:30:44.464044" level="INFO">Continuing for loop from the next iteration.</msg>
<arg>'${cleaned}' == ''</arg>
<doc>Skips the current FOR loop iteration if the ``condition`` is true.</doc>
<status status="PASS" start="2025-03-02T22:30:44.463919" elapsed="0.000176"/>
</kw>
<kw name="Append To List" owner="Collections">
<arg>${final_lines}</arg>
<arg>${cleaned}</arg>
<doc>Adds ``values`` to the end of ``list``.</doc>
<status status="NOT RUN" start="2025-03-02T22:30:44.464153" elapsed="0.000011"/>
</kw>
<var name="${line}">Enter a value for x:</var>
<status status="PASS" start="2025-03-02T22:30:44.451982" elapsed="0.012200"/>
</iter>
<iter>
<kw name="Strip String" owner="String">
<msg time="2025-03-02T22:30:44.464376" level="INFO">${stripped} = 1</msg>
<var>${stripped}</var>
<arg>${line}</arg>
<doc>Remove leading and/or trailing whitespaces from the given string.</doc>
<status status="PASS" start="2025-03-02T22:30:44.464289" elapsed="0.000099"/>
</kw>
<kw name="Continue For Loop If" owner="BuiltIn">
<arg>'${stripped}' == ''</arg>
<doc>Skips the current FOR loop iteration if the ``condition`` is true.</doc>
<status status="PASS" start="2025-03-02T22:30:44.464436" elapsed="0.000106"/>
</kw>
<kw name="Set Variable" owner="BuiltIn">
<msg time="2025-03-02T22:30:44.464657" level="INFO">${cleaned} = 1</msg>
<var>${cleaned}</var>
<arg>${stripped}</arg>
<doc>Returns the given values which can then be assigned to a variables.</doc>
<status status="PASS" start="2025-03-02T22:30:44.464592" elapsed="0.000076"/>
</kw>
<for flavor="IN">
<iter>
<kw name="Replace String Using Regexp" owner="String">
<msg time="2025-03-02T22:30:44.465077" level="INFO">${cleaned} = 1</msg>
<var>${cleaned}</var>
<arg>${cleaned}</arg>
<arg>${pattern}</arg>
<arg>${EMPTY}</arg>
<doc>Replaces ``pattern`` in the given ``string`` with ``replace_with``.</doc>
<status status="PASS" start="2025-03-02T22:30:44.464795" elapsed="0.000294"/>
</kw>
<var name="${pattern}">(?i)Enter [A-Za-z\s]+:</var>
<status status="PASS" start="2025-03-02T22:30:44.464756" elapsed="0.000354"/>
</iter>
<iter>
<kw name="Replace String Using Regexp" owner="String">
<msg time="2025-03-02T22:30:44.465456" level="INFO">${cleaned} = 1</msg>
<var>${cleaned}</var>
<arg>${cleaned}</arg>
<arg>${pattern}</arg>
<arg>${EMPTY}</arg>
<doc>Replaces ``pattern`` in the given ``string`` with ``replace_with``.</doc>
<status status="PASS" start="2025-03-02T22:30:44.465189" elapsed="0.000280"/>
</kw>
<var name="${pattern}">(?i)Input [A-Za-z\s]+:</var>
<status status="PASS" start="2025-03-02T22:30:44.465149" elapsed="0.000340"/>
</iter>
<iter>
<kw name="Replace String Using Regexp" owner="String">
<msg time="2025-03-02T22:30:44.465821" level="INFO">${cleaned} = 1</msg>
<var>${cleaned}</var>
<arg>${cleaned}</arg>
<arg>${pattern}</arg>
<arg>${EMPTY}</arg>
<doc>Replaces ``pattern`` in the given ``string`` with ``replace_with``.</doc>
<status status="PASS" start="2025-03-02T22:30:44.465564" elapsed="0.000270"/>
</kw>
<var name="${pattern}">(?i)Please enter [A-Za-z\s]+:</var>
<status status="PASS" start="2025-03-02T22:30:44.465526" elapsed="0.000328"/>
</iter>
<iter>
<kw name="Replace String Using Regexp" owner="String">
<msg time="2025-03-02T22:30:44.466211" level="INFO">${cleaned} = 1</msg>
<var>${cleaned}</var>
<arg>${cleaned}</arg>
<arg>${pattern}</arg>
<arg>${EMPTY}</arg>
<doc>Replaces ``pattern`` in the given ``string`` with ``replace_with``.</doc>
<status status="PASS" start="2025-03-02T22:30:44.465931" elapsed="0.000292"/>
</kw>
<var name="${pattern}">(?i)Please input [A-Za-z\s]+:</var>
<status status="PASS" start="2025-03-02T22:30:44.465891" elapsed="0.000353"/>
</iter>
<iter>
<kw name="Replace String Using Regexp" owner="String">
<msg time="2025-03-02T22:30:44.466578" level="INFO">${cleaned} = 1</msg>
<var>${cleaned}</var>
<arg>${cleaned}</arg>
<arg>${pattern}</arg>
<arg>${EMPTY}</arg>
<doc>Replaces ``pattern`` in the given ``string`` with ``replace_with``.</doc>
<status status="PASS" start="2025-03-02T22:30:44.466319" elapsed="0.000272"/>
</kw>
<var name="${pattern}">(?i)Enter the [A-Za-z\s]+:</var>
<status status="PASS" start="2025-03-02T22:30:44.466280" elapsed="0.000331"/>
</iter>
<iter>
<kw name="Replace String Using Regexp" owner="String">
<msg time="2025-03-02T22:30:44.466946" level="INFO">${cleaned} = 1</msg>
<var>${cleaned}</var>
<arg>${cleaned}</arg>
<arg>${pattern}</arg>
<arg>${EMPTY}</arg>
<doc>Replaces ``pattern`` in the given ``string`` with ``replace_with``.</doc>
<status status="PASS" start="2025-03-02T22:30:44.466685" elapsed="0.000274"/>
</kw>
<var name="${pattern}">(?i)The [A-Za-z\s]+ is:</var>
<status status="PASS" start="2025-03-02T22:30:44.466647" elapsed="0.000331"/>
</iter>
<iter>
<kw name="Replace String Using Regexp" owner="String">
<msg time="2025-03-02T22:30:44.467312" level="INFO">${cleaned} = 1</msg>
<var>${cleaned}</var>
<arg>${cleaned}</arg>
<arg>${pattern}</arg>
<arg>${EMPTY}</arg>
<doc>Replaces ``pattern`` in the given ``string`` with ``replace_with``.</doc>
<status status="PASS" start="2025-03-02T22:30:44.467058" elapsed="0.000266"/>
</kw>
<var name="${pattern}">(?i)Enter [A-Za-z\s]+</var>
<status status="PASS" start="2025-03-02T22:30:44.467014" elapsed="0.000329"/>
</iter>
<iter>
<kw name="Replace String Using Regexp" owner="String">
<msg time="2025-03-02T22:30:44.467670" level="INFO">${cleaned} = 1</msg>
<var>${cleaned}</var>
<arg>${cleaned}</arg>
<arg>${pattern}</arg>
<arg>${EMPTY}</arg>
<doc>Replaces ``pattern`` in the given ``string`` with ``replace_with``.</doc>
<status status="PASS" start="2025-03-02T22:30:44.467415" elapsed="0.000267"/>
</kw>
<var name="${pattern}">(?i)Input [A-Za-z\s]+</var>
<status status="PASS" start="2025-03-02T22:30:44.467378" elapsed="0.000325"/>
</iter>
<iter>
<kw name="Replace String Using Regexp" owner="String">
<msg time="2025-03-02T22:30:44.468034" level="INFO">${cleaned} = 1</msg>
<var>${cleaned}</var>
<arg>${cleaned}</arg>
<arg>${pattern}</arg>
<arg>${EMPTY}</arg>
<doc>Replaces ``pattern`` in the given ``string`` with ``replace_with``.</doc>
<status status="PASS" start="2025-03-02T22:30:44.467777" elapsed="0.000269"/>
</kw>
<var name="${pattern}">(?i)Please enter [A-Za-z\s]+</var>
<status status="PASS" start="2025-03-02T22:30:44.467738" elapsed="0.000328"/>
</iter>
<iter>
<kw name="Replace String Using Regexp" owner="String">
<msg time="2025-03-02T22:30:44.468397" level="INFO">${cleaned} = 1</msg>
<var>${cleaned}</var>
<arg>${cleaned}</arg>
<arg>${pattern}</arg>
<arg>${EMPTY}</arg>
<doc>Replaces ``pattern`` in the given ``string`` with ``replace_with``.</doc>
<status status="PASS" start="2025-03-02T22:30:44.468140" elapsed="0.000270"/>
</kw>
<var name="${pattern}">(?i)Please input [A-Za-z\s]+</var>
<status status="PASS" start="2025-03-02T22:30:44.468102" elapsed="0.000362"/>
</iter>
<iter>
<kw name="Replace String Using Regexp" owner="String">
<msg time="2025-03-02T22:30:44.468805" level="INFO">${cleaned} = 1</msg>
<var>${cleaned}</var>
<arg>${cleaned}</arg>
<arg>${pattern}</arg>
<arg>${EMPTY}</arg>
<doc>Replaces ``pattern`` in the given ``string`` with ``replace_with``.</doc>
<status status="PASS" start="2025-03-02T22:30:44.468543" elapsed="0.000274"/>
</kw>
<var name="${pattern}">(?i)Enter the [A-Za-z\s]+</var>
<status status="PASS" start="2025-03-02T22:30:44.468503" elapsed="0.000335"/>
</iter>
<iter>
<kw name="Replace String Using Regexp" owner="String">
<msg time="2025-03-02T22:30:44.469175" level="INFO">${cleaned} = 1</msg>
<var>${cleaned}</var>
<arg>${cleaned}</arg>
<arg>${pattern}</arg>
<arg>${EMPTY}</arg>
<doc>Replaces ``pattern`` in the given ``string`` with ``replace_with``.</doc>
<status status="PASS" start="2025-03-02T22:30:44.468912" elapsed="0.000276"/>
</kw>
<var name="${pattern}">(?i)The [A-Za-z\s]+ is</var>
<status status="PASS" start="2025-03-02T22:30:44.468873" elapsed="0.000336"/>
</iter>
<iter>
<kw name="Replace String Using Regexp" owner="String">
<msg time="2025-03-02T22:30:44.469559" level="INFO">${cleaned} = 1</msg>
<var>${cleaned}</var>
<arg>${cleaned}</arg>
<arg>${pattern}</arg>
<arg>${EMPTY}</arg>
<doc>Replaces ``pattern`` in the given ``string`` with ``replace_with``.</doc>
<status status="PASS" start="2025-03-02T22:30:44.469286" elapsed="0.000285"/>
</kw>
<var name="${pattern}">(?i)Enter [A-Za-z\s]+:</var>
<status status="PASS" start="2025-03-02T22:30:44.469247" elapsed="0.000346"/>
</iter>
<iter>
<kw name="Replace String Using Regexp" owner="String">
<msg time="2025-03-02T22:30:44.469954" level="INFO">${cleaned} = 1</msg>
<var>${cleaned}</var>
<arg>${cleaned}</arg>
<arg>${pattern}</arg>
<arg>${EMPTY}</arg>
<doc>Replaces ``pattern`` in the given ``string`` with ``replace_with``.</doc>
<status status="PASS" start="2025-03-02T22:30:44.469670" elapsed="0.000299"/>
</kw>
<var name="${pattern}">(?i)Input [A-Za-z\s]+:</var>
<status status="PASS" start="2025-03-02T22:30:44.469630" elapsed="0.000362"/>
</iter>
<iter>
<kw name="Replace String Using Regexp" owner="String">
<msg time="2025-03-02T22:30:44.470374" level="INFO">${cleaned} = 1</msg>
<var>${cleaned}</var>
<arg>${cleaned}</arg>
<arg>${pattern}</arg>
<arg>${EMPTY}</arg>
<doc>Replaces ``pattern`` in the given ``string`` with ``replace_with``.</doc>
<status status="PASS" start="2025-03-02T22:30:44.470080" elapsed="0.000308"/>
</kw>
<var name="${pattern}">(?i)The Unicode is:</var>
<status status="PASS" start="2025-03-02T22:30:44.470035" elapsed="0.000374"/>
</iter>
<var>${pattern}</var>
<value>@{patterns_to_remove}</value>
<status status="PASS" start="2025-03-02T22:30:44.464695" elapsed="0.005730"/>
</for>
<kw name="Strip String" owner="String">
<msg time="2025-03-02T22:30:44.470553" level="INFO">${cleaned} = 1</msg>
<var>${cleaned}</var>
<arg>${cleaned}</arg>
<doc>Remove leading and/or trailing whitespaces from the given string.</doc>
<status status="PASS" start="2025-03-02T22:30:44.470478" elapsed="0.000086"/>
</kw>
<kw name="Continue For Loop If" owner="BuiltIn">
<arg>'${cleaned}' == ''</arg>
<doc>Skips the current FOR loop iteration if the ``condition`` is true.</doc>
<status status="PASS" start="2025-03-02T22:30:44.470611" elapsed="0.000104"/>
</kw>
<kw name="Append To List" owner="Collections">
<arg>${final_lines}</arg>
<arg>${cleaned}</arg>
<doc>Adds ``values`` to the end of ``list``.</doc>
<status status="PASS" start="2025-03-02T22:30:44.470761" elapsed="0.000067"/>
</kw>
<var name="${line}">1</var>
<status status="PASS" start="2025-03-02T22:30:44.464251" elapsed="0.006594"/>
</iter>
<var>${line}</var>
<value>@{lines}</value>
<status status="PASS" start="2025-03-02T22:30:44.451824" elapsed="0.019036"/>
</for>
<kw name="Evaluate" owner="BuiltIn">
<msg time="2025-03-02T22:30:44.471065" level="INFO">${final_output} = 1</msg>
<var>${final_output}</var>
<arg>"\\n".join($final_lines)</arg>
<doc>Evaluates the given expression in Python and returns the result.</doc>
<status status="PASS" start="2025-03-02T22:30:44.470908" elapsed="0.000168"/>
</kw>
<kw name="Log Debug Info">
<kw name="Get Current Date" owner="DateTime">
<msg time="2025-03-02T22:30:44.471359" level="INFO">${timestamp} = 2025-03-02 22:30:44.471322</msg>
<var>${timestamp}</var>
<arg>result_format=%Y-%m-%d %H:%M:%S.%f</arg>
<doc>Returns current local or UTC time with an optional increment.</doc>
<status status="PASS" start="2025-03-02T22:30:44.471273" elapsed="0.000097"/>
</kw>
<kw name="Append To File" owner="OperatingSystem">
<msg time="2025-03-02T22:30:44.471626" level="INFO" html="true">Appended to file '&lt;a href="file:///Users/tanakrit/Documents/GitHub/RobotFramewokForIDE/NewFormatOfRobot/execution.log"&gt;/Users/tanakrit/Documents/GitHub/RobotFramewokForIDE/NewFormatOfRobot/execution.log&lt;/a&gt;'.</msg>
<arg>${LOG_FILE}</arg>
<arg>${timestamp}: ${message}\n</arg>
<doc>Appends the given content to the specified file.</doc>
<status status="PASS" start="2025-03-02T22:30:44.471413" elapsed="0.000238"/>
</kw>
<arg>Final processed output: ${final_output}</arg>
<status status="PASS" start="2025-03-02T22:30:44.471139" elapsed="0.000539"/>
</kw>
<return>
<value>${final_output}</value>
<status status="PASS" start="2025-03-02T22:30:44.471697" elapsed="0.000016"/>
</return>
<msg time="2025-03-02T22:30:44.471767" level="INFO">${raw_output} = 1</msg>
<var>${raw_output}</var>
<arg>${result.stdout}</arg>
<status status="PASS" start="2025-03-02T22:30:44.449813" elapsed="0.021963"/>
</kw>
<kw name="Normalize Output">
<kw name="Set Variable" owner="BuiltIn">
<msg time="2025-03-02T22:30:44.472116" level="INFO">${normalized} = 1</msg>
<var>${normalized}</var>
<arg>${output}</arg>
<doc>Returns the given values which can then be assigned to a variables.</doc>
<status status="PASS" start="2025-03-02T22:30:44.472049" elapsed="0.000079"/>
</kw>
<kw name="Run Keyword And Return Status" owner="BuiltIn">
<kw name="Should Be Empty" owner="BuiltIn">
<msg time="2025-03-02T22:30:44.472310" level="INFO">Length is 1.</msg>
<msg time="2025-03-02T22:30:44.472363" level="FAIL">'1' should be empty.</msg>
<arg>${normalized}</arg>
<doc>Verifies that the given item is empty.</doc>
<status status="FAIL" start="2025-03-02T22:30:44.472258" elapsed="0.000174">'1' should be empty.</status>
</kw>
<msg time="2025-03-02T22:30:44.472477" level="INFO">${is_empty} = False</msg>
<var>${is_empty}</var>
<arg>Should Be Empty</arg>
<arg>${normalized}</arg>
<doc>Runs the given keyword with given arguments and returns the status as a Boolean value.</doc>
<status status="PASS" start="2025-03-02T22:30:44.472184" elapsed="0.000302"/>
</kw>
<if>
<branch type="IF" condition="${is_empty}">
<return>
<value>${normalized}</value>
<status status="NOT RUN" start="2025-03-02T22:30:44.472559" elapsed="0.000007"/>
</return>
<status status="NOT RUN" start="2025-03-02T22:30:44.472523" elapsed="0.000057"/>
</branch>
<status status="PASS" start="2025-03-02T22:30:44.472512" elapsed="0.000078"/>
</if>
<kw name="Split To Lines" owner="String">
<msg time="2025-03-02T22:30:44.472688" level="INFO">1 lines returned</msg>
<msg time="2025-03-02T22:30:44.472720" level="INFO">${lines} = ['1']</msg>
<var>${lines}</var>
<arg>${normalized}</arg>
<doc>Splits the given string to lines.</doc>
<status status="PASS" start="2025-03-02T22:30:44.472635" elapsed="0.000094"/>
</kw>
<kw name="Create List" owner="BuiltIn">
<msg time="2025-03-02T22:30:44.472822" level="INFO">${stripped_lines} = []</msg>
<var>${stripped_lines}</var>
<doc>Returns a list containing given items.</doc>
<status status="PASS" start="2025-03-02T22:30:44.472771" elapsed="0.000061"/>
</kw>
<for flavor="IN">
<iter>
<kw name="Strip String" owner="String">
<msg time="2025-03-02T22:30:44.473045" level="INFO">${stripped} = 1</msg>
<var>${stripped}</var>
<arg>${line}</arg>
<doc>Remove leading and/or trailing whitespaces from the given string.</doc>
<status status="PASS" start="2025-03-02T22:30:44.472980" elapsed="0.000077"/>
</kw>
<kw name="Continue For Loop If" owner="BuiltIn">
<arg>'${stripped}' == ''</arg>
<doc>Skips the current FOR loop iteration if the ``condition`` is true.</doc>
<status status="PASS" start="2025-03-02T22:30:44.473100" elapsed="0.000125"/>
</kw>
<try>
<branch type="TRY">
<kw name="Convert To Number" owner="BuiltIn">
<msg time="2025-03-02T22:30:44.473406" level="INFO">${as_number} = 1.0</msg>
<var>${as_number}</var>
<arg>${stripped}</arg>
<doc>Converts the given item to a floating point number.</doc>
<status status="PASS" start="2025-03-02T22:30:44.473323" elapsed="0.000094"/>
</kw>
<kw name="Convert To String" owner="BuiltIn">
<msg time="2025-03-02T22:30:44.473534" level="INFO">${normalized_line} = 1.0</msg>
<var>${normalized_line}</var>
<arg>${as_number}</arg>
<doc>Converts the given item to a Unicode string.</doc>
<status status="PASS" start="2025-03-02T22:30:44.473462" elapsed="0.000083"/>
</kw>
<status status="PASS" start="2025-03-02T22:30:44.473276" elapsed="0.000284"/>
</branch>
<branch type="EXCEPT">
<kw name="Set Variable" owner="BuiltIn">
<var>${normalized_line}</var>
<arg>${stripped}</arg>
<doc>Returns the given values which can then be assigned to a variables.</doc>
<status status="NOT RUN" start="2025-03-02T22:30:44.473623" elapsed="0.000009"/>
</kw>
<status status="NOT RUN" start="2025-03-02T22:30:44.473583" elapsed="0.000065"/>
</branch>
<status status="PASS" start="2025-03-02T22:30:44.473255" elapsed="0.000412"/>
</try>
<kw name="Append To List" owner="Collections">
<arg>${stripped_lines}</arg>
<arg>${normalized_line}</arg>
<doc>Adds ``values`` to the end of ``list``.</doc>
<status status="PASS" start="2025-03-02T22:30:44.473706" elapsed="0.000069"/>
</kw>
<var name="${line}">1</var>
<status status="PASS" start="2025-03-02T22:30:44.472944" elapsed="0.000848"/>
</iter>
<var>${line}</var>
<value>@{lines}</value>
<status status="PASS" start="2025-03-02T22:30:44.472855" elapsed="0.000951"/>
</for>
<kw name="Evaluate" owner="BuiltIn">
<msg time="2025-03-02T22:30:44.473956" level="INFO">${normalized} = 1.0</msg>
<var>${normalized}</var>
<arg>"\\n".join($stripped_lines)</arg>
<doc>Evaluates the given expression in Python and returns the result.</doc>
<status status="PASS" start="2025-03-02T22:30:44.473850" elapsed="0.000118"/>
</kw>
<kw name="Strip String" owner="String">
<msg time="2025-03-02T22:30:44.474075" level="INFO">${normalized} = 1.0</msg>
<var>${normalized}</var>
<arg>${normalized}</arg>
<doc>Remove leading and/or trailing whitespaces from the given string.</doc>
<status status="PASS" start="2025-03-02T22:30:44.474012" elapsed="0.000073"/>
</kw>
<kw name="Log Debug Info">
<kw name="Get Current Date" owner="DateTime">
<msg time="2025-03-02T22:30:44.474336" level="INFO">${timestamp} = 2025-03-02 22:30:44.474301</msg>
<var>${timestamp}</var>
<arg>result_format=%Y-%m-%d %H:%M:%S.%f</arg>
<doc>Returns current local or UTC time with an optional increment.</doc>
<status status="PASS" start="2025-03-02T22:30:44.474255" elapsed="0.000095"/>
</kw>
<kw name="Append To File" owner="OperatingSystem">
<msg time="2025-03-02T22:30:44.474546" level="INFO" html="true">Appended to file '&lt;a href="file:///Users/tanakrit/Documents/GitHub/RobotFramewokForIDE/NewFormatOfRobot/execution.log"&gt;/Users/tanakrit/Documents/GitHub/RobotFramewokForIDE/NewFormatOfRobot/execution.log&lt;/a&gt;'.</msg>
<arg>${LOG_FILE}</arg>
<arg>${timestamp}: ${message}\n</arg>
<doc>Appends the given content to the specified file.</doc>
<status status="PASS" start="2025-03-02T22:30:44.474394" elapsed="0.000189"/>
</kw>
<arg>Normalized output: ${normalized}</arg>
<status status="PASS" start="2025-03-02T22:30:44.474140" elapsed="0.000469"/>
</kw>
<return>
<value>${normalized}</value>
<status status="PASS" start="2025-03-02T22:30:44.474626" elapsed="0.000015"/>
</return>
<msg time="2025-03-02T22:30:44.474696" level="INFO">${output} = 1.0</msg>
<var>${output}</var>
<arg>${raw_output}</arg>
<status status="PASS" start="2025-03-02T22:30:44.471929" elapsed="0.002778"/>
</kw>
<kw name="Log Debug Info">
<kw name="Get Current Date" owner="DateTime">
<msg time="2025-03-02T22:30:44.474947" level="INFO">${timestamp} = 2025-03-02 22:30:44.474918</msg>
<var>${timestamp}</var>
<arg>result_format=%Y-%m-%d %H:%M:%S.%f</arg>
<doc>Returns current local or UTC time with an optional increment.</doc>
<status status="PASS" start="2025-03-02T22:30:44.474874" elapsed="0.000085"/>
</kw>
<kw name="Append To File" owner="OperatingSystem">
<msg time="2025-03-02T22:30:44.475143" level="INFO" html="true">Appended to file '&lt;a href="file:///Users/tanakrit/Documents/GitHub/RobotFramewokForIDE/NewFormatOfRobot/execution.log"&gt;/Users/tanakrit/Documents/GitHub/RobotFramewokForIDE/NewFormatOfRobot/execution.log&lt;/a&gt;'.</msg>
<arg>${LOG_FILE}</arg>
<arg>${timestamp}: ${message}\n</arg>
<doc>Appends the given content to the specified file.</doc>
<status status="PASS" start="2025-03-02T22:30:44.475001" elapsed="0.000177"/>
</kw>
<arg>Rust final output: ${output}</arg>
<status status="PASS" start="2025-03-02T22:30:44.474760" elapsed="0.000443"/>
</kw>
<status status="PASS" start="2025-03-02T22:30:44.449532" elapsed="0.025683"/>
</branch>
<branch type="ELSE">
<kw name="Set Variable" owner="BuiltIn">
<var>${status}</var>
<arg>${exec_status}</arg>
<doc>Returns the given values which can then be assigned to a variables.</doc>
<status status="NOT RUN" start="2025-03-02T22:30:44.475270" elapsed="0.000009"/>
</kw>
<kw name="Set Variable" owner="BuiltIn">
<var>${output}</var>
<arg>${result.stdout}</arg>
<doc>Returns the given values which can then be assigned to a variables.</doc>
<status status="NOT RUN" start="2025-03-02T22:30:44.475319" elapsed="0.000007"/>
</kw>
<status status="NOT RUN" start="2025-03-02T22:30:44.475227" elapsed="0.000114"/>
</branch>
<status status="PASS" start="2025-03-02T22:30:44.449516" elapsed="0.025835"/>
</if>
<status status="PASS" start="2025-03-02T22:30:43.280318" elapsed="1.195044"/>
</branch>
<branch type="ELSE IF" condition="'${language}' == 'javascript'">
<kw name="Execute JavaScript Code">
<var>${result}</var>
<arg>${TEMP_DIR}/${filename}${ext}</arg>
<arg>${has_input}</arg>
<arg>${input_file}</arg>
<status status="NOT RUN" start="2025-03-02T22:30:44.475464" elapsed="0.000010"/>
</kw>
<if>
<branch type="IF" condition="${result.rc} != 0">
<kw name="Set Variable" owner="BuiltIn">
<var>${status}</var>
<arg>runtime_error</arg>
<doc>Returns the given values which can then be assigned to a variables.</doc>
<status status="NOT RUN" start="2025-03-02T22:30:44.475547" elapsed="0.000008"/>
</kw>
<kw name="Set Variable" owner="BuiltIn">
<var>${output}</var>
<arg>${result.stdout}</arg>
<doc>Returns the given values which can then be assigned to a variables.</doc>
<status status="NOT RUN" start="2025-03-02T22:30:44.475594" elapsed="0.000007"/>
</kw>
<kw name="Log Debug Info">
<arg>JavaScript runtime error: ${result.stdout}</arg>
<status status="NOT RUN" start="2025-03-02T22:30:44.475648" elapsed="0.000008"/>
</kw>
<status status="NOT RUN" start="2025-03-02T22:30:44.475507" elapsed="0.000163"/>
</branch>
<branch type="ELSE">
<kw name="Get Final Output">
<var>${raw_output}</var>
<arg>${result.stdout}</arg>
<status status="NOT RUN" start="2025-03-02T22:30:44.475767" elapsed="0.000008"/>
</kw>
<kw name="Normalize Output">
<var>${output}</var>
<arg>${raw_output}</arg>
<status status="NOT RUN" start="2025-03-02T22:30:44.475889" elapsed="0.000008"/>
</kw>
<kw name="Log Debug Info">
<arg>JavaScript final output: ${output}</arg>
<status status="NOT RUN" start="2025-03-02T22:30:44.475939" elapsed="0.000007"/>
</kw>
<status status="NOT RUN" start="2025-03-02T22:30:44.475681" elapsed="0.000276"/>
</branch>
<status status="NOT RUN" start="2025-03-02T22:30:44.475499" elapsed="0.000468"/>
</if>
<status status="NOT RUN" start="2025-03-02T22:30:44.475375" elapsed="0.000603"/>
</branch>
<status status="PASS" start="2025-03-02T22:30:43.279444" elapsed="1.196543"/>
</if>
<status status="PASS" start="2025-03-02T22:30:43.279431" elapsed="1.196567"/>
</branch>
<branch type="EXCEPT" assign="${error}">
<kw name="Set Variable" owner="BuiltIn">
<var>${status}</var>
<arg>runtime_error</arg>
<doc>Returns the given values which can then be assigned to a variables.</doc>
<status status="NOT RUN" start="2025-03-02T22:30:44.476057" elapsed="0.000008"/>
</kw>
<kw name="Set Variable" owner="BuiltIn">
<var>${output}</var>
<arg>${error}</arg>
<doc>Returns the given values which can then be assigned to a variables.</doc>
<status status="NOT RUN" start="2025-03-02T22:30:44.476135" elapsed="0.000007"/>
</kw>
<kw name="Log Debug Info">
<arg>Exception occurred: ${error}</arg>
<status status="NOT RUN" start="2025-03-02T22:30:44.476188" elapsed="0.000009"/>
</kw>
<status status="NOT RUN" start="2025-03-02T22:30:44.476020" elapsed="0.000191"/>
</branch>
<status status="PASS" start="2025-03-02T22:30:43.279414" elapsed="1.196811"/>
</try>
<kw name="Log Debug Info">
<kw name="Get Current Date" owner="DateTime">
<msg time="2025-03-02T22:30:44.476465" level="INFO">${timestamp} = 2025-03-02 22:30:44.476432</msg>
<var>${timestamp}</var>
<arg>result_format=%Y-%m-%d %H:%M:%S.%f</arg>
<doc>Returns current local or UTC time with an optional increment.</doc>
<status status="PASS" start="2025-03-02T22:30:44.476387" elapsed="0.000092"/>
</kw>
<kw name="Append To File" owner="OperatingSystem">
<msg time="2025-03-02T22:30:44.476666" level="INFO" html="true">Appended to file '&lt;a href="file:///Users/tanakrit/Documents/GitHub/RobotFramewokForIDE/NewFormatOfRobot/execution.log"&gt;/Users/tanakrit/Documents/GitHub/RobotFramewokForIDE/NewFormatOfRobot/execution.log&lt;/a&gt;'.</msg>
<arg>${LOG_FILE}</arg>
<arg>${timestamp}: ${message}\n</arg>
<doc>Appends the given content to the specified file.</doc>
<status status="PASS" start="2025-03-02T22:30:44.476522" elapsed="0.000176"/>
</kw>
<arg>Final execution status: ${status}</arg>
<status status="PASS" start="2025-03-02T22:30:44.476267" elapsed="0.000455"/>
</kw>
<kw name="Log Debug Info">
<kw name="Get Current Date" owner="DateTime">
<msg time="2025-03-02T22:30:44.476938" level="INFO">${timestamp} = 2025-03-02 22:30:44.476912</msg>
<var>${timestamp}</var>
<arg>result_format=%Y-%m-%d %H:%M:%S.%f</arg>
<doc>Returns current local or UTC time with an optional increment.</doc>
<status status="PASS" start="2025-03-02T22:30:44.476872" elapsed="0.000082"/>
</kw>
<kw name="Append To File" owner="OperatingSystem">
<msg time="2025-03-02T22:30:44.477123" level="INFO" html="true">Appended to file '&lt;a href="file:///Users/tanakrit/Documents/GitHub/RobotFramewokForIDE/NewFormatOfRobot/execution.log"&gt;/Users/tanakrit/Documents/GitHub/RobotFramewokForIDE/NewFormatOfRobot/execution.log&lt;/a&gt;'.</msg>
<arg>${LOG_FILE}</arg>
<arg>${timestamp}: ${message}\n</arg>
<doc>Appends the given content to the specified file.</doc>
<status status="PASS" start="2025-03-02T22:30:44.476996" elapsed="0.000179"/>
</kw>
<arg>Final processed output: ${output}</arg>
<status status="PASS" start="2025-03-02T22:30:44.476766" elapsed="0.000434"/>
</kw>
<return>
<value>${status}</value>
<value>${output}</value>
<status status="PASS" start="2025-03-02T22:30:44.477216" elapsed="0.000014"/>
</return>
<msg time="2025-03-02T22:30:44.477293" level="INFO">${status} = success</msg>
<msg time="2025-03-02T22:30:44.477309" level="INFO">${actual_output} = 1.0</msg>
<var>${status}</var>
<var>${actual_output}</var>
<arg>${code}</arg>
<arg>${language}</arg>
<arg>${test_case}[input]</arg>
<status status="PASS" start="2025-03-02T22:30:43.276002" elapsed="1.201317"/>
</kw>
<if>
<branch type="IF" condition="'${status}' == 'success'">
<kw name="Compare Outputs">
<kw name="Normalize Output">
<kw name="Set Variable" owner="BuiltIn">
<msg time="2025-03-02T22:30:44.478141" level="INFO">${normalized} = 1.0</msg>
<var>${normalized}</var>
<arg>${output}</arg>
<doc>Returns the given values which can then be assigned to a variables.</doc>
<status status="PASS" start="2025-03-02T22:30:44.478084" elapsed="0.000067"/>
</kw>
<kw name="Run Keyword And Return Status" owner="BuiltIn">
<kw name="Should Be Empty" owner="BuiltIn">
<msg time="2025-03-02T22:30:44.478304" level="INFO">Length is 3.</msg>
<msg time="2025-03-02T22:30:44.478339" level="FAIL">'1.0' should be empty.</msg>
<arg>${normalized}</arg>
<doc>Verifies that the given item is empty.</doc>
<status status="FAIL" start="2025-03-02T22:30:44.478256" elapsed="0.000113">'1.0' should be empty.</status>
</kw>
<msg time="2025-03-02T22:30:44.478402" level="INFO">${is_empty} = False</msg>
<var>${is_empty}</var>
<arg>Should Be Empty</arg>
<arg>${normalized}</arg>
<doc>Runs the given keyword with given arguments and returns the status as a Boolean value.</doc>
<status status="PASS" start="2025-03-02T22:30:44.478198" elapsed="0.000214"/>
</kw>
<if>
<branch type="IF" condition="${is_empty}">
<return>
<value>${normalized}</value>
<status status="NOT RUN" start="2025-03-02T22:30:44.478472" elapsed="0.000006"/>
</return>
<status status="NOT RUN" start="2025-03-02T22:30:44.478441" elapsed="0.000049"/>
</branch>
<status status="PASS" start="2025-03-02T22:30:44.478433" elapsed="0.000067"/>
</if>
<kw name="Split To Lines" owner="String">
<msg time="2025-03-02T22:30:44.478584" level="INFO">1 lines returned</msg>
<msg time="2025-03-02T22:30:44.478611" level="INFO">${lines} = ['1.0']</msg>
<var>${lines}</var>
<arg>${normalized}</arg>
<doc>Splits the given string to lines.</doc>
<status status="PASS" start="2025-03-02T22:30:44.478538" elapsed="0.000082"/>
</kw>
<kw name="Create List" owner="BuiltIn">
<msg time="2025-03-02T22:30:44.478705" level="INFO">${stripped_lines} = []</msg>
<var>${stripped_lines}</var>
<doc>Returns a list containing given items.</doc>
<status status="PASS" start="2025-03-02T22:30:44.478660" elapsed="0.000054"/>
</kw>
<for flavor="IN">
<iter>
<kw name="Strip String" owner="String">
<msg time="2025-03-02T22:30:44.478906" level="INFO">${stripped} = 1.0</msg>
<var>${stripped}</var>
<arg>${line}</arg>
<doc>Remove leading and/or trailing whitespaces from the given string.</doc>
<status status="PASS" start="2025-03-02T22:30:44.478845" elapsed="0.000071"/>
</kw>
<kw name="Continue For Loop If" owner="BuiltIn">
<arg>'${stripped}' == ''</arg>
<doc>Skips the current FOR loop iteration if the ``condition`` is true.</doc>
<status status="PASS" start="2025-03-02T22:30:44.478956" elapsed="0.000087"/>
</kw>
<try>
<branch type="TRY">
<kw name="Convert To Number" owner="BuiltIn">
<msg time="2025-03-02T22:30:44.479204" level="INFO">${as_number} = 1.0</msg>
<var>${as_number}</var>
<arg>${stripped}</arg>
<doc>Converts the given item to a floating point number.</doc>
<status status="PASS" start="2025-03-02T22:30:44.479110" elapsed="0.000104"/>
</kw>
<kw name="Convert To String" owner="BuiltIn">
<msg time="2025-03-02T22:30:44.479314" level="INFO">${normalized_line} = 1.0</msg>
<var>${normalized_line}</var>
<arg>${as_number}</arg>
<doc>Converts the given item to a Unicode string.</doc>
<status status="PASS" start="2025-03-02T22:30:44.479253" elapsed="0.000071"/>
</kw>
<status status="PASS" start="2025-03-02T22:30:44.479075" elapsed="0.000263"/>
</branch>
<branch type="EXCEPT">
<kw name="Set Variable" owner="BuiltIn">
<var>${normalized_line}</var>
<arg>${stripped}</arg>
<doc>Returns the given values which can then be assigned to a variables.</doc>
<status status="NOT RUN" start="2025-03-02T22:30:44.479389" elapsed="0.000007"/>
</kw>
<status status="NOT RUN" start="2025-03-02T22:30:44.479354" elapsed="0.000055"/>
</branch>
<status status="PASS" start="2025-03-02T22:30:44.479063" elapsed="0.000358"/>
</try>
<kw name="Append To List" owner="Collections">
<arg>${stripped_lines}</arg>
<arg>${normalized_line}</arg>
<doc>Adds ``values`` to the end of ``list``.</doc>
<status status="PASS" start="2025-03-02T22:30:44.479454" elapsed="0.000061"/>
</kw>
<var name="${line}">1.0</var>
<status status="PASS" start="2025-03-02T22:30:44.478811" elapsed="0.000719"/>
</iter>
<var>${line}</var>
<value>@{lines}</value>
<status status="PASS" start="2025-03-02T22:30:44.478733" elapsed="0.000811"/>
</for>
<kw name="Evaluate" owner="BuiltIn">
<msg time="2025-03-02T22:30:44.479690" level="INFO">${normalized} = 1.0</msg>
<var>${normalized}</var>
<arg>"\\n".join($stripped_lines)</arg>
<doc>Evaluates the given expression in Python and returns the result.</doc>
<status status="PASS" start="2025-03-02T22:30:44.479584" elapsed="0.000117"/>
</kw>
<kw name="Strip String" owner="String">
<msg time="2025-03-02T22:30:44.479825" level="INFO">${normalized} = 1.0</msg>
<var>${normalized}</var>
<arg>${normalized}</arg>
<doc>Remove leading and/or trailing whitespaces from the given string.</doc>
<status status="PASS" start="2025-03-02T22:30:44.479741" elapsed="0.000093"/>
</kw>
<kw name="Log Debug Info">
<kw name="Get Current Date" owner="DateTime">
<msg time="2025-03-02T22:30:44.480069" level="INFO">${timestamp} = 2025-03-02 22:30:44.480040</msg>
<var>${timestamp}</var>
<arg>result_format=%Y-%m-%d %H:%M:%S.%f</arg>
<doc>Returns current local or UTC time with an optional increment.</doc>
<status status="PASS" start="2025-03-02T22:30:44.479997" elapsed="0.000082"/>
</kw>
<kw name="Append To File" owner="OperatingSystem">
<msg time="2025-03-02T22:30:44.480264" level="INFO" html="true">Appended to file '&lt;a href="file:///Users/tanakrit/Documents/GitHub/RobotFramewokForIDE/NewFormatOfRobot/execution.log"&gt;/Users/tanakrit/Documents/GitHub/RobotFramewokForIDE/NewFormatOfRobot/execution.log&lt;/a&gt;'.</msg>
<arg>${LOG_FILE}</arg>
<arg>${timestamp}: ${message}\n</arg>
<doc>Appends the given content to the specified file.</doc>
<status status="PASS" start="2025-03-02T22:30:44.480119" elapsed="0.000168"/>
</kw>
<arg>Normalized output: ${normalized}</arg>
<status status="PASS" start="2025-03-02T22:30:44.479885" elapsed="0.000426"/>
</kw>
<return>
<value>${normalized}</value>
<status status="PASS" start="2025-03-02T22:30:44.480327" elapsed="0.000013"/>
</return>
<msg time="2025-03-02T22:30:44.480387" level="INFO">${normalized_student} = 1.0</msg>
<var>${normalized_student}</var>
<arg>${student_output}</arg>
<status status="PASS" start="2025-03-02T22:30:44.477981" elapsed="0.002416"/>
</kw>
<kw name="Normalize Output">
<kw name="Set Variable" owner="BuiltIn">
<msg time="2025-03-02T22:30:44.480679" level="INFO">${normalized} = 1</msg>
<var>${normalized}</var>
<arg>${output}</arg>
<doc>Returns the given values which can then be assigned to a variables.</doc>
<status status="PASS" start="2025-03-02T22:30:44.480624" elapsed="0.000066"/>
</kw>
<kw name="Run Keyword And Return Status" owner="BuiltIn">
<kw name="Should Be Empty" owner="BuiltIn">
<msg time="2025-03-02T22:30:44.480834" level="INFO">Length is 1.</msg>
<msg time="2025-03-02T22:30:44.480865" level="FAIL">'1' should be empty.</msg>
<arg>${normalized}</arg>
<doc>Verifies that the given item is empty.</doc>
<status status="FAIL" start="2025-03-02T22:30:44.480790" elapsed="0.000102">'1' should be empty.</status>
</kw>
<msg time="2025-03-02T22:30:44.480927" level="INFO">${is_empty} = False</msg>
<var>${is_empty}</var>
<arg>Should Be Empty</arg>
<arg>${normalized}</arg>
<doc>Runs the given keyword with given arguments and returns the status as a Boolean value.</doc>
<status status="PASS" start="2025-03-02T22:30:44.480735" elapsed="0.000200"/>
</kw>
<if>
<branch type="IF" condition="${is_empty}">
<return>
<value>${normalized}</value>
<status status="NOT RUN" start="2025-03-02T22:30:44.480994" elapsed="0.000007"/>
</return>
<status status="NOT RUN" start="2025-03-02T22:30:44.480965" elapsed="0.000047"/>
</branch>
<status status="PASS" start="2025-03-02T22:30:44.480956" elapsed="0.000065"/>
</if>
<kw name="Split To Lines" owner="String">
<msg time="2025-03-02T22:30:44.481106" level="INFO">1 lines returned</msg>
<msg time="2025-03-02T22:30:44.481132" level="INFO">${lines} = ['1']</msg>
<var>${lines}</var>
<arg>${normalized}</arg>
<doc>Splits the given string to lines.</doc>
<status status="PASS" start="2025-03-02T22:30:44.481059" elapsed="0.000082"/>
</kw>
<kw name="Create List" owner="BuiltIn">
<msg time="2025-03-02T22:30:44.481221" level="INFO">${stripped_lines} = []</msg>
<var>${stripped_lines}</var>
<doc>Returns a list containing given items.</doc>
<status status="PASS" start="2025-03-02T22:30:44.481179" elapsed="0.000050"/>
</kw>
<for flavor="IN">
<iter>
<kw name="Strip String" owner="String">
<msg time="2025-03-02T22:30:44.481422" level="INFO">${stripped} = 1</msg>
<var>${stripped}</var>
<arg>${line}</arg>
<doc>Remove leading and/or trailing whitespaces from the given string.</doc>
<status status="PASS" start="2025-03-02T22:30:44.481359" elapsed="0.000074"/>
</kw>
<kw name="Continue For Loop If" owner="BuiltIn">
<arg>'${stripped}' == ''</arg>
<doc>Skips the current FOR loop iteration if the ``condition`` is true.</doc>
<status status="PASS" start="2025-03-02T22:30:44.481474" elapsed="0.000084"/>
</kw>
<try>
<branch type="TRY">
<kw name="Convert To Number" owner="BuiltIn">
<msg time="2025-03-02T22:30:44.481690" level="INFO">${as_number} = 1.0</msg>
<var>${as_number}</var>
<arg>${stripped}</arg>
<doc>Converts the given item to a floating point number.</doc>
<status status="PASS" start="2025-03-02T22:30:44.481622" elapsed="0.000078"/>
</kw>
<kw name="Convert To String" owner="BuiltIn">
<msg time="2025-03-02T22:30:44.481799" level="INFO">${normalized_line} = 1.0</msg>
<var>${normalized_line}</var>
<arg>${as_number}</arg>
<doc>Converts the given item to a Unicode string.</doc>
<status status="PASS" start="2025-03-02T22:30:44.481737" elapsed="0.000071"/>
</kw>
<status status="PASS" start="2025-03-02T22:30:44.481588" elapsed="0.000234"/>
</branch>
<branch type="EXCEPT">
<kw name="Set Variable" owner="BuiltIn">
<var>${normalized_line}</var>
<arg>${stripped}</arg>
<doc>Returns the given values which can then be assigned to a variables.</doc>
<status status="NOT RUN" start="2025-03-02T22:30:44.481872" elapsed="0.000007"/>
</kw>
<status status="NOT RUN" start="2025-03-02T22:30:44.481838" elapsed="0.000055"/>
</branch>
<status status="PASS" start="2025-03-02T22:30:44.481576" elapsed="0.000329"/>
</try>
<kw name="Append To List" owner="Collections">
<arg>${stripped_lines}</arg>
<arg>${normalized_line}</arg>
<doc>Adds ``values`` to the end of ``list``.</doc>
<status status="PASS" start="2025-03-02T22:30:44.481937" elapsed="0.000062"/>
</kw>
<var name="${line}">1</var>
<status status="PASS" start="2025-03-02T22:30:44.481326" elapsed="0.000688"/>
</iter>
<var>${line}</var>
<value>@{lines}</value>
<status status="PASS" start="2025-03-02T22:30:44.481249" elapsed="0.000778"/>
</for>
[...]
<status status="PASS" start="2025-03-02T22:30:47.103045" elapsed="0.000193"/>
</kw>
<if>
<branch type="IF" condition="${is_empty}">
<return>
<value>${normalized}</value>
<status status="NOT RUN" start="2025-03-02T22:30:47.103313" elapsed="0.000007"/>
</return>
<status status="NOT RUN" start="2025-03-02T22:30:47.103277" elapsed="0.000057"/>
</branch>
<status status="PASS" start="2025-03-02T22:30:47.103257" elapsed="0.000086"/>
</if>
<kw name="Split To Lines" owner="String">
<msg time="2025-03-02T22:30:47.103424" level="INFO">1 lines returned</msg>
<msg time="2025-03-02T22:30:47.103449" level="INFO">${lines} = ['1024']</msg>
<var>${lines}</var>
<arg>${normalized}</arg>
<doc>Splits the given string to lines.</doc>
<status status="PASS" start="2025-03-02T22:30:47.103380" elapsed="0.000078"/>
</kw>
<kw name="Create List" owner="BuiltIn">
<msg time="2025-03-02T22:30:47.103536" level="INFO">${stripped_lines} = []</msg>
<var>${stripped_lines}</var>
<doc>Returns a list containing given items.</doc>
<status status="PASS" start="2025-03-02T22:30:47.103496" elapsed="0.000048"/>
</kw>
<for flavor="IN">
<iter>
<kw name="Strip String" owner="String">
<msg time="2025-03-02T22:30:47.103984" level="INFO">${stripped} = 1024</msg>
<var>${stripped}</var>
<arg>${line}</arg>
<doc>Remove leading and/or trailing whitespaces from the given string.</doc>
<status status="PASS" start="2025-03-02T22:30:47.103665" elapsed="0.000330"/>
</kw>
<kw name="Continue For Loop If" owner="BuiltIn">
<arg>'${stripped}' == ''</arg>
<doc>Skips the current FOR loop iteration if the ``condition`` is true.</doc>
<status status="PASS" start="2025-03-02T22:30:47.104036" elapsed="0.000084"/>
</kw>
<try>
<branch type="TRY">
<kw name="Convert To Number" owner="BuiltIn">
<msg time="2025-03-02T22:30:47.104243" level="INFO">${as_number} = 1024.0</msg>
<var>${as_number}</var>
<arg>${stripped}</arg>
<doc>Converts the given item to a floating point number.</doc>
<status status="PASS" start="2025-03-02T22:30:47.104183" elapsed="0.000069"/>
</kw>
<kw name="Convert To String" owner="BuiltIn">
<msg time="2025-03-02T22:30:47.104344" level="INFO">${normalized_line} = 1024.0</msg>
<var>${normalized_line}</var>
<arg>${as_number}</arg>
<doc>Converts the given item to a Unicode string.</doc>
<status status="PASS" start="2025-03-02T22:30:47.104289" elapsed="0.000063"/>
</kw>
<status status="PASS" start="2025-03-02T22:30:47.104152" elapsed="0.000213"/>
</branch>
<branch type="EXCEPT">
<kw name="Set Variable" owner="BuiltIn">
<var>${normalized_line}</var>
<arg>${stripped}</arg>
<doc>Returns the given values which can then be assigned to a variables.</doc>
<status status="NOT RUN" start="2025-03-02T22:30:47.104411" elapsed="0.000007"/>
</kw>
<status status="NOT RUN" start="2025-03-02T22:30:47.104380" elapsed="0.000051"/>
</branch>
<status status="PASS" start="2025-03-02T22:30:47.104139" elapsed="0.000303"/>
</try>
<kw name="Append To List" owner="Collections">
<arg>${stripped_lines}</arg>
<arg>${normalized_line}</arg>
<doc>Adds ``values`` to the end of ``list``.</doc>
<status status="PASS" start="2025-03-02T22:30:47.104470" elapsed="0.000054"/>
</kw>
<var name="${line}">1024</var>
<status status="PASS" start="2025-03-02T22:30:47.103635" elapsed="0.000903"/>
</iter>
<var>${line}</var>
<value>@{lines}</value>
<status status="PASS" start="2025-03-02T22:30:47.103562" elapsed="0.000987"/>
</for>
<kw name="Evaluate" owner="BuiltIn">
<msg time="2025-03-02T22:30:47.104667" level="INFO">${normalized} = 1024.0</msg>
<var>${normalized}</var>
<arg>"\\n".join($stripped_lines)</arg>
<doc>Evaluates the given expression in Python and returns the result.</doc>
<status status="PASS" start="2025-03-02T22:30:47.104584" elapsed="0.000092"/>
</kw>
<kw name="Strip String" owner="String">
<msg time="2025-03-02T22:30:47.104761" level="INFO">${normalized} = 1024.0</msg>
<var>${normalized}</var>
<arg>${normalized}</arg>
<doc>Remove leading and/or trailing whitespaces from the given string.</doc>
<status status="PASS" start="2025-03-02T22:30:47.104711" elapsed="0.000058"/>
</kw>
<kw name="Log Debug Info">
<kw name="Get Current Date" owner="DateTime">
<msg time="2025-03-02T22:30:47.104980" level="INFO">${timestamp} = 2025-03-02 22:30:47.104950</msg>
<var>${timestamp}</var>
<arg>result_format=%Y-%m-%d %H:%M:%S.%f</arg>
<doc>Returns current local or UTC time with an optional increment.</doc>
<status status="PASS" start="2025-03-02T22:30:47.104912" elapsed="0.000078"/>
</kw>
<kw name="Append To File" owner="OperatingSystem">
<msg time="2025-03-02T22:30:47.105161" level="INFO" html="true">Appended to file '&lt;a href="file:///Users/tanakrit/Documents/GitHub/RobotFramewokForIDE/NewFormatOfRobot/execution.log"&gt;/Users/tanakrit/Documents/GitHub/RobotFramewokForIDE/NewFormatOfRobot/execution.log&lt;/a&gt;'.</msg>
<arg>${LOG_FILE}</arg>
<arg>${timestamp}: ${message}\n</arg>
<doc>Appends the given content to the specified file.</doc>
<status status="PASS" start="2025-03-02T22:30:47.105025" elapsed="0.000156"/>
</kw>
<arg>Normalized output: ${normalized}</arg>
<status status="PASS" start="2025-03-02T22:30:47.104814" elapsed="0.000389"/>
</kw>
<return>
<value>${normalized}</value>
<status status="PASS" start="2025-03-02T22:30:47.105217" elapsed="0.000012"/>
</return>
<msg time="2025-03-02T22:30:47.105272" level="INFO">${normalized_expected} = 1024.0</msg>
<var>${normalized_expected}</var>
<arg>${expected_output}</arg>
<status status="PASS" start="2025-03-02T22:30:47.102854" elapsed="0.002427"/>
</kw>
<kw name="Split To Lines" owner="String">
<msg time="2025-03-02T22:30:47.105356" level="INFO">1 lines returned</msg>
<msg time="2025-03-02T22:30:47.105379" level="INFO">${student_lines} = ['1024.0']</msg>
<var>${student_lines}</var>
<arg>${normalized_student}</arg>
<doc>Splits the given string to lines.</doc>
<status status="PASS" start="2025-03-02T22:30:47.105316" elapsed="0.000070"/>
</kw>
<kw name="Split To Lines" owner="String">
<msg time="2025-03-02T22:30:47.105461" level="INFO">1 lines returned</msg>
<msg time="2025-03-02T22:30:47.105485" level="INFO">${expected_lines} = ['1024.0']</msg>
<var>${expected_lines}</var>
<arg>${normalized_expected}</arg>
<doc>Splits the given string to lines.</doc>
<status status="PASS" start="2025-03-02T22:30:47.105420" elapsed="0.000072"/>
</kw>
<kw name="Get Length" owner="BuiltIn">
<msg time="2025-03-02T22:30:47.105564" level="INFO">Length is 1.</msg>
<msg time="2025-03-02T22:30:47.105587" level="INFO">${student_length} = 1</msg>
<var>${student_length}</var>
<arg>${student_lines}</arg>
<doc>Returns and logs the length of the given item as an integer.</doc>
<status status="PASS" start="2025-03-02T22:30:47.105528" elapsed="0.000066"/>
</kw>
<kw name="Get Length" owner="BuiltIn">
<msg time="2025-03-02T22:30:47.105667" level="INFO">Length is 1.</msg>
<msg time="2025-03-02T22:30:47.105691" level="INFO">${expected_length} = 1</msg>
<var>${expected_length}</var>
<arg>${expected_lines}</arg>
<doc>Returns and logs the length of the given item as an integer.</doc>
<status status="PASS" start="2025-03-02T22:30:47.105628" elapsed="0.000070"/>
</kw>
<if>
<branch type="IF" condition="${student_length} != ${expected_length}">
<kw name="Log Debug Info">
<arg>Different number of lines - Student: ${student_length}, Expected: ${expected_length}</arg>
<status status="NOT RUN" start="2025-03-02T22:30:47.105807" elapsed="0.000008"/>
</kw>
<return>
<value>${FALSE}</value>
<status status="NOT RUN" start="2025-03-02T22:30:47.105831" elapsed="0.000005"/>
</return>
<status status="NOT RUN" start="2025-03-02T22:30:47.105724" elapsed="0.000123"/>
</branch>
<status status="PASS" start="2025-03-02T22:30:47.105717" elapsed="0.000138"/>
</if>
<for flavor="IN RANGE">
<iter>
<kw name="Get From List" owner="Collections">
<msg time="2025-03-02T22:30:47.106053" level="INFO">${student_line} = 1024.0</msg>
<var>${student_line}</var>
<arg>${student_lines}</arg>
<arg>${index}</arg>
<doc>Returns the value specified with an ``index`` from ``list``.</doc>
<status status="PASS" start="2025-03-02T22:30:47.105989" elapsed="0.000074"/>
</kw>
<kw name="Get From List" owner="Collections">
<msg time="2025-03-02T22:30:47.106177" level="INFO">${expected_line} = 1024.0</msg>
<var>${expected_line}</var>
<arg>${expected_lines}</arg>
<arg>${index}</arg>
<doc>Returns the value specified with an ``index`` from ``list``.</doc>
<status status="PASS" start="2025-03-02T22:30:47.106117" elapsed="0.000069"/>
</kw>
<kw name="Replace String" owner="String">
<msg time="2025-03-02T22:30:47.106440" level="INFO">${student_line} = 1024.0</msg>
<var>${student_line}</var>
<arg>${student_line}</arg>
<arg>\r</arg>
<arg>${EMPTY}</arg>
<doc>Replaces ``search_for`` in the given ``string`` with ``replace_with``.</doc>
<status status="PASS" start="2025-03-02T22:30:47.106221" elapsed="0.000229"/>
</kw>
<kw name="Replace String" owner="String">
<msg time="2025-03-02T22:30:47.106691" level="INFO">${expected_line} = 1024.0</msg>
<var>${expected_line}</var>
<arg>${expected_line}</arg>
<arg>\r</arg>
<arg>${EMPTY}</arg>
<doc>Replaces ``search_for`` in the given ``string`` with ``replace_with``.</doc>
<status status="PASS" start="2025-03-02T22:30:47.106490" elapsed="0.000210"/>
</kw>
<kw name="Strip String" owner="String">
<msg time="2025-03-02T22:30:47.106794" level="INFO">${student_line} = 1024.0</msg>
<var>${student_line}</var>
<arg>${student_line}</arg>
<doc>Remove leading and/or trailing whitespaces from the given string.</doc>
<status status="PASS" start="2025-03-02T22:30:47.106740" elapsed="0.000064"/>
</kw>
<kw name="Strip String" owner="String">
<msg time="2025-03-02T22:30:47.106890" level="INFO">${expected_line} = 1024.0</msg>
<var>${expected_line}</var>
<arg>${expected_line}</arg>
<doc>Remove leading and/or trailing whitespaces from the given string.</doc>
<status status="PASS" start="2025-03-02T22:30:47.106840" elapsed="0.000059"/>
</kw>
<kw name="Run Keyword And Return Status" owner="BuiltIn">
<kw name="Should Be Equal As Strings" owner="BuiltIn">
<arg>${student_line}</arg>
<arg>${expected_line}</arg>
<doc>Fails if objects are unequal after converting them to strings.</doc>
<status status="PASS" start="2025-03-02T22:30:47.106989" elapsed="0.000067"/>
</kw>
<msg time="2025-03-02T22:30:47.107084" level="INFO">${line_matches} = True</msg>
<var>${line_matches}</var>
<arg>Should Be Equal As Strings</arg>
<arg>${student_line}</arg>
<arg>${expected_line}</arg>
<doc>Runs the given keyword with given arguments and returns the status as a Boolean value.</doc>
<status status="PASS" start="2025-03-02T22:30:47.106937" elapsed="0.000155"/>
</kw>
<if>
<branch type="IF" condition="not ${line_matches}">
<kw name="Log Debug Info">
<arg>Mismatch at line ${index} - Student: "${student_line}", Expected: "${expected_line}"</arg>
<status status="NOT RUN" start="2025-03-02T22:30:47.107191" elapsed="0.000008"/>
</kw>
<return>
<value>${FALSE}</value>
<status status="NOT RUN" start="2025-03-02T22:30:47.107214" elapsed="0.000006"/>
</return>
<status status="NOT RUN" start="2025-03-02T22:30:47.107120" elapsed="0.000111"/>
</branch>
<status status="PASS" start="2025-03-02T22:30:47.107113" elapsed="0.000126"/>
</if>
<var name="${index}">0</var>
<status status="PASS" start="2025-03-02T22:30:47.105958" elapsed="0.001290"/>
</iter>
<var>${index}</var>
<value>${student_length}</value>
<status status="PASS" start="2025-03-02T22:30:47.105872" elapsed="0.001387"/>
</for>
<kw name="Log Debug Info">
<kw name="Get Current Date" owner="DateTime">
<msg time="2025-03-02T22:30:47.107444" level="INFO">${timestamp} = 2025-03-02 22:30:47.107418</msg>
<var>${timestamp}</var>
<arg>result_format=%Y-%m-%d %H:%M:%S.%f</arg>
<doc>Returns current local or UTC time with an optional increment.</doc>
<status status="PASS" start="2025-03-02T22:30:47.107381" elapsed="0.000075"/>
</kw>
<kw name="Append To File" owner="OperatingSystem">
<msg time="2025-03-02T22:30:47.107627" level="INFO" html="true">Appended to file '&lt;a href="file:///Users/tanakrit/Documents/GitHub/RobotFramewokForIDE/NewFormatOfRobot/execution.log"&gt;/Users/tanakrit/Documents/GitHub/RobotFramewokForIDE/NewFormatOfRobot/execution.log&lt;/a&gt;'.</msg>
<arg>${LOG_FILE}</arg>
<arg>${timestamp}: ${message}\n</arg>
<doc>Appends the given content to the specified file.</doc>
<status status="PASS" start="2025-03-02T22:30:47.107490" elapsed="0.000157"/>
</kw>
<arg>Outputs match completely</arg>
<status status="PASS" start="2025-03-02T22:30:47.107298" elapsed="0.000370"/>
</kw>
<return>
<value>${TRUE}</value>
<status status="PASS" start="2025-03-02T22:30:47.107682" elapsed="0.000011"/>
</return>
<msg time="2025-03-02T22:30:47.107737" level="INFO">${outputs_match} = True</msg>
<var>${outputs_match}</var>
<arg>${actual_output}</arg>
<arg>${test_case}[expected]</arg>
<status status="PASS" start="2025-03-02T22:30:47.100454" elapsed="0.007291"/>
</kw>
<kw name="Set Variable If" owner="BuiltIn">
<msg time="2025-03-02T22:30:47.107839" level="INFO">${final_status} = PASS</msg>
<var>${final_status}</var>
<arg>${outputs_match}</arg>
<arg>PASS</arg>
<arg>FAIL</arg>
<doc>Sets variable based on the given condition.</doc>
<status status="PASS" start="2025-03-02T22:30:47.107787" elapsed="0.000061"/>
</kw>
<status status="PASS" start="2025-03-02T22:30:47.100314" elapsed="0.007549"/>
</branch>
<branch type="ELSE">
<kw name="Set Variable" owner="BuiltIn">
<var>${final_status}</var>
<arg>${status}</arg>
<doc>Returns the given values which can then be assigned to a variables.</doc>
<status status="NOT RUN" start="2025-03-02T22:30:47.107905" elapsed="0.000007"/>
</kw>
<status status="NOT RUN" start="2025-03-02T22:30:47.107872" elapsed="0.000052"/>
</branch>
<status status="PASS" start="2025-03-02T22:30:47.100307" elapsed="0.007625"/>
</if>
<kw name="Add Comparison Result">
<kw name="Set Variable" owner="BuiltIn">
<msg time="2025-03-02T22:30:47.108189" level="INFO">${case_key} = Case10</msg>
<var>${case_key}</var>
<arg>Case${case_number}</arg>
<doc>Returns the given values which can then be assigned to a variables.</doc>
<status status="PASS" start="2025-03-02T22:30:47.108136" elapsed="0.000062"/>
</kw>
<kw name="Create Dictionary" owner="BuiltIn">
<msg time="2025-03-02T22:30:47.108370" level="INFO">${case_result} = {'status': 'PASS', 'teacherinput': '10', 'detail': 'Student=1024.0 vs Teacher=1024'}</msg>
<var>${case_result}</var>
<arg>status=${status}</arg>
<arg>teacherinput=${teacher_input}</arg>
<arg>detail=Student=${student_output} vs Teacher=${teacher_output}</arg>
<doc>Creates and returns a dictionary based on the given ``items``.</doc>
<status status="PASS" start="2025-03-02T22:30:47.108238" elapsed="0.000142"/>
</kw>
<kw name="Set To Dictionary" owner="Collections">
<arg>${results}</arg>
<arg>${case_key}=${case_result}</arg>
<doc>Adds the given ``key_value_pairs`` and/or ``items`` to the ``dictionary``.</doc>
<status status="PASS" start="2025-03-02T22:30:47.108418" elapsed="0.000072"/>
</kw>
<kw name="Log Debug Info">
<kw name="Get Current Date" owner="DateTime">
<msg time="2025-03-02T22:30:47.108701" level="INFO">${timestamp} = 2025-03-02 22:30:47.108677</msg>
<var>${timestamp}</var>
<arg>result_format=%Y-%m-%d %H:%M:%S.%f</arg>
<doc>Returns current local or UTC time with an optional increment.</doc>
<status status="PASS" start="2025-03-02T22:30:47.108641" elapsed="0.000069"/>
</kw>
<kw name="Append To File" owner="OperatingSystem">
<msg time="2025-03-02T22:30:47.108857" level="INFO" html="true">Appended to file '&lt;a href="file:///Users/tanakrit/Documents/GitHub/RobotFramewokForIDE/NewFormatOfRobot/execution.log"&gt;/Users/tanakrit/Documents/GitHub/RobotFramewokForIDE/NewFormatOfRobot/execution.log&lt;/a&gt;'.</msg>
<arg>${LOG_FILE}</arg>
<arg>${timestamp}: ${message}\n</arg>
<doc>Appends the given content to the specified file.</doc>
<status status="PASS" start="2025-03-02T22:30:47.108744" elapsed="0.000132"/>
</kw>
<arg>Added comparison result for ${case_key}: ${case_result}</arg>
<status status="PASS" start="2025-03-02T22:30:47.108536" elapsed="0.000359"/>
</kw>
<arg>${results}</arg>
<arg>${case_number}</arg>
<arg>${final_status}</arg>
<arg>${actual_output}</arg>
<arg>${test_case}[input]</arg>
<arg>${test_case}[expected]</arg>
<status status="PASS" start="2025-03-02T22:30:47.107976" elapsed="0.000935"/>
</kw>
<var name="${index}">9</var>
<var name="${test_case}">{'input': '10', 'expected': '1024'}</var>
<status status="PASS" start="2025-03-02T22:30:46.821908" elapsed="0.287033"/>
</iter>
<var>${index}</var>
<var>${test_case}</var>
<value>@{test_cases}</value>
<status status="PASS" start="2025-03-02T22:30:43.274714" elapsed="3.834242"/>
</for>
<kw name="Save Results">
<kw name="Evaluate" owner="BuiltIn">
<msg time="2025-03-02T22:30:47.109291" level="INFO">${json_string} = {
  "Case1": {
    "status": "PASS",
    "teacherinput": "0",
    "detail": "Student=1.0 vs Teacher=1"
  },
  "Case2": {
    "status": "PASS",
    "teacherinput": "1",
    "detail": "Student=2.0 vs Te...</msg>
<var>${json_string}</var>
<arg>json.dumps($results, indent=2)</arg>
<arg>json</arg>
<doc>Evaluates the given expression in Python and returns the result.</doc>
<status status="PASS" start="2025-03-02T22:30:47.109126" elapsed="0.000175"/>
</kw>
<kw name="Create File" owner="OperatingSystem">
<msg time="2025-03-02T22:30:47.110054" level="INFO" html="true">Created file '&lt;a href="file:///Users/tanakrit/Documents/GitHub/RobotFramewokForIDE/NewFormatOfRobot/comparison_results.json"&gt;/Users/tanakrit/Documents/GitHub/RobotFramewokForIDE/NewFormatOfRobot/comparison_results.json&lt;/a&gt;'.</msg>
<arg>${RESULTS_FILE}</arg>
<arg>${json_string}</arg>
<doc>Creates a file with the given content and encoding.</doc>
<status status="PASS" start="2025-03-02T22:30:47.109338" elapsed="0.000738"/>
</kw>
<kw name="Log Debug Info">
<kw name="Get Current Date" owner="DateTime">
<msg time="2025-03-02T22:30:47.110274" level="INFO">${timestamp} = 2025-03-02 22:30:47.110251</msg>
<var>${timestamp}</var>
<arg>result_format=%Y-%m-%d %H:%M:%S.%f</arg>
<doc>Returns current local or UTC time with an optional increment.</doc>
<status status="PASS" start="2025-03-02T22:30:47.110215" elapsed="0.000068"/>
</kw>
<kw name="Append To File" owner="OperatingSystem">
<msg time="2025-03-02T22:30:47.110433" level="INFO" html="true">Appended to file '&lt;a href="file:///Users/tanakrit/Documents/GitHub/RobotFramewokForIDE/NewFormatOfRobot/execution.log"&gt;/Users/tanakrit/Documents/GitHub/RobotFramewokForIDE/NewFormatOfRobot/execution.log&lt;/a&gt;'.</msg>
<arg>${LOG_FILE}</arg>
<arg>${timestamp}: ${message}\n</arg>
<doc>Appends the given content to the specified file.</doc>
<status status="PASS" start="2025-03-02T22:30:47.110316" elapsed="0.000134"/>
</kw>
<arg>Saved results to ${RESULTS_FILE}</arg>
<status status="PASS" start="2025-03-02T22:30:47.110121" elapsed="0.000349"/>
</kw>
<arg>${results}</arg>
<status status="PASS" start="2025-03-02T22:30:47.109037" elapsed="0.001448"/>
</kw>
<kw name="Cleanup Test Environment" type="TEARDOWN">
<kw name="Remove Directory" owner="OperatingSystem">
<msg time="2025-03-02T22:30:47.110991" level="INFO" html="true">Removed directory '&lt;a href="file:///Users/tanakrit/Documents/GitHub/RobotFramewokForIDE/NewFormatOfRobot/temp"&gt;/Users/tanakrit/Documents/GitHub/RobotFramewokForIDE/NewFormatOfRobot/temp&lt;/a&gt;'.</msg>
<arg>${TEMP_DIR}</arg>
<arg>recursive=True</arg>
<doc>Removes the directory pointed to by the given ``path``.</doc>
<status status="PASS" start="2025-03-02T22:30:47.110667" elapsed="0.000346"/>
</kw>
<status status="PASS" start="2025-03-02T22:30:47.110586" elapsed="0.000448"/>
</kw>
<status status="PASS" start="2025-03-02T22:30:43.270075" elapsed="3.840995"/>
</test>
<status status="PASS" start="2025-03-02T22:30:43.215685" elapsed="3.895612"/>
</suite>
<statistics>
<total>
<stat pass="1" fail="0" skip="0">All Tests</stat>
</total>
<tag>
</tag>
<suite>
<stat name="Case2" id="s1" pass="1" fail="0" skip="0">Case2</stat>
</suite>
</statistics>
<errors>
</errors>
</robot>
