<?xml version="1.0" encoding="UTF-8"?>
<robot generator="Robot 7.1.1 (Python 3.11.4 on darwin)" generated="2025-02-12T21:45:21.525871" rpa="false" schemaversion="5">
<suite id="s1" name="Case2" source="/Users/tanakrit/Documents/GitHub/RobotFramewokForIDE/NewFormatOfRobot/Case2.robot">
<test id="s1-t1" name="Compare Student Code With Test Cases" line="365">
<kw name="Setup Test Environment" type="SETUP">
<kw name="Create Directory" owner="OperatingSystem">
<msg time="2025-02-12T21:45:21.584259" level="INFO" html="true">Created directory '&lt;a href="file:///Users/tanakrit/Documents/GitHub/RobotFramewokForIDE/NewFormatOfRobot/temp"&gt;/Users/tanakrit/Documents/GitHub/RobotFramewokForIDE/NewFormatOfRobot/temp&lt;/a&gt;'.</msg>
<arg>${TEMP_DIR}</arg>
<doc>Creates the specified directory.</doc>
<status status="PASS" start="2025-02-12T21:45:21.584059" elapsed="0.000232"/>
</kw>
<kw name="Load Json From File" owner="JSONLibrary">
<msg time="2025-02-12T21:45:21.584611" level="INFO">${student} = {'id': 4, 'student': 9, 'question': 2, 'labtest': 1, 'homework': None, 'version': 1, 'answerTo': 'labtest', 'marking': 5, 'content': 'def factorial(n):\r\n    if n == 0 or n == 1:\r\n        return 1\...</msg>
<var>${student}</var>
<arg>${STUDENT_FILE}</arg>
<doc>Load JSON from file.</doc>
<status status="PASS" start="2025-02-12T21:45:21.584360" elapsed="0.000265"/>
</kw>
<kw name="Load Json From File" owner="JSONLibrary">
<msg time="2025-02-12T21:45:21.584802" level="INFO">${teacher} = {'id': 4, 'title': 'L2Q2 Unicode', 'language': 'python', 'tag_list': ['other'], 'description': 'Write a program to read one character from keyboard and the program then prints out its Unicode in hexad...</msg>
<var>${teacher}</var>
<arg>${TEACHER_FILE}</arg>
<doc>Load JSON from file.</doc>
<status status="PASS" start="2025-02-12T21:45:21.584681" elapsed="0.000132"/>
</kw>
<kw name="Create Dictionary" owner="BuiltIn">
<msg time="2025-02-12T21:45:21.584957" level="INFO">${results} = {}</msg>
<var>${results}</var>
<doc>Creates and returns a dictionary based on the given ``items``.</doc>
<status status="PASS" start="2025-02-12T21:45:21.584872" elapsed="0.000093"/>
</kw>
<kw name="Get Current Date" owner="DateTime">
<msg time="2025-02-12T21:45:21.585096" level="INFO">${current_time} = 2025-02-12 21:45:21</msg>
<var>${current_time}</var>
<arg>result_format=%Y-%m-%d %H:%M:%S</arg>
<doc>Returns current local or UTC time with an optional increment.</doc>
<status status="PASS" start="2025-02-12T21:45:21.585007" elapsed="0.000097"/>
</kw>
<return>
<value>${student}</value>
<value>${teacher}</value>
<value>${results}</value>
<status status="PASS" start="2025-02-12T21:45:21.585126" elapsed="0.000020"/>
</return>
<status status="PASS" start="2025-02-12T21:45:21.583708" elapsed="0.001495"/>
</kw>
<kw name="Setup Test Environment">
<kw name="Create Directory" owner="OperatingSystem">
<msg time="2025-02-12T21:45:21.585478" level="INFO" html="true">Directory '&lt;a href="file:///Users/tanakrit/Documents/GitHub/RobotFramewokForIDE/NewFormatOfRobot/temp"&gt;/Users/tanakrit/Documents/GitHub/RobotFramewokForIDE/NewFormatOfRobot/temp&lt;/a&gt;' already exists.</msg>
<arg>${TEMP_DIR}</arg>
<doc>Creates the specified directory.</doc>
<status status="PASS" start="2025-02-12T21:45:21.585404" elapsed="0.000095"/>
</kw>
<kw name="Load Json From File" owner="JSONLibrary">
<msg time="2025-02-12T21:45:21.585652" level="INFO">${student} = {'id': 4, 'student': 9, 'question': 2, 'labtest': 1, 'homework': None, 'version': 1, 'answerTo': 'labtest', 'marking': 5, 'content': 'def factorial(n):\r\n    if n == 0 or n == 1:\r\n        return 1\...</msg>
<var>${student}</var>
<arg>${STUDENT_FILE}</arg>
<doc>Load JSON from file.</doc>
<status status="PASS" start="2025-02-12T21:45:21.585545" elapsed="0.000117"/>
</kw>
<kw name="Load Json From File" owner="JSONLibrary">
<msg time="2025-02-12T21:45:21.585808" level="INFO">${teacher} = {'id': 4, 'title': 'L2Q2 Unicode', 'language': 'python', 'tag_list': ['other'], 'description': 'Write a program to read one character from keyboard and the program then prints out its Unicode in hexad...</msg>
<var>${teacher}</var>
<arg>${TEACHER_FILE}</arg>
<doc>Load JSON from file.</doc>
<status status="PASS" start="2025-02-12T21:45:21.585708" elapsed="0.000109"/>
</kw>
<kw name="Create Dictionary" owner="BuiltIn">
<msg time="2025-02-12T21:45:21.585967" level="INFO">${results} = {}</msg>
<var>${results}</var>
<doc>Creates and returns a dictionary based on the given ``items``.</doc>
<status status="PASS" start="2025-02-12T21:45:21.585859" elapsed="0.000115"/>
</kw>
<kw name="Get Current Date" owner="DateTime">
<msg time="2025-02-12T21:45:21.586079" level="INFO">${current_time} = 2025-02-12 21:45:21</msg>
<var>${current_time}</var>
<arg>result_format=%Y-%m-%d %H:%M:%S</arg>
<doc>Returns current local or UTC time with an optional increment.</doc>
<status status="PASS" start="2025-02-12T21:45:21.586011" elapsed="0.000075"/>
</kw>
<return>
<value>${student}</value>
<value>${teacher}</value>
<value>${results}</value>
<status status="PASS" start="2025-02-12T21:45:21.586103" elapsed="0.000012"/>
</return>
<msg time="2025-02-12T21:45:21.586182" level="INFO">${student} = {'id': 4, 'student': 9, 'question': 2, 'labtest': 1, 'homework': None, 'version': 1, 'answerTo': 'labtest', 'marking': 5, 'content': 'def factorial(n):\r\n    if n == 0 or n == 1:\r\n        return 1\...</msg>
<msg time="2025-02-12T21:45:21.586201" level="INFO">${teacher} = {'id': 4, 'title': 'L2Q2 Unicode', 'language': 'python', 'tag_list': ['other'], 'description': 'Write a program to read one character from keyboard and the program then prints out its Unicode in hexad...</msg>
<msg time="2025-02-12T21:45:21.586213" level="INFO">${results} = {}</msg>
<var>${student}</var>
<var>${teacher}</var>
<var>${results}</var>
<status status="PASS" start="2025-02-12T21:45:21.585306" elapsed="0.000913"/>
</kw>
<kw name="Log Debug Info">
<kw name="Get Current Date" owner="DateTime">
<msg time="2025-02-12T21:45:21.586450" level="INFO">${timestamp} = 2025-02-12 21:45:21.586425</msg>
<var>${timestamp}</var>
<arg>result_format=%Y-%m-%d %H:%M:%S.%f</arg>
<doc>Returns current local or UTC time with an optional increment.</doc>
<status status="PASS" start="2025-02-12T21:45:21.586384" elapsed="0.000074"/>
</kw>
<kw name="Append To File" owner="OperatingSystem">
<msg time="2025-02-12T21:45:21.586669" level="INFO" html="true">Appended to file '&lt;a href="file:///Users/tanakrit/Documents/GitHub/RobotFramewokForIDE/NewFormatOfRobot/execution.log"&gt;/Users/tanakrit/Documents/GitHub/RobotFramewokForIDE/NewFormatOfRobot/execution.log&lt;/a&gt;'.</msg>
<arg>${LOG_FILE}</arg>
<arg>${timestamp}: ${message}\n</arg>
<doc>Appends the given content to the specified file.</doc>
<status status="PASS" start="2025-02-12T21:45:21.586496" elapsed="0.000194"/>
</kw>
<arg>Starting test execution</arg>
<status status="PASS" start="2025-02-12T21:45:21.586290" elapsed="0.000421"/>
</kw>
<kw name="Set Variable" owner="BuiltIn">
<msg time="2025-02-12T21:45:21.586836" level="INFO">@{test_cases} = [ {'input': 'a', 'expected': 'u0061'} | {'input': 'b', 'expected': 'u0062'} | {'input': 'c', 'expected': 'u0063'} | {'input': 'd', 'expected': 'u0064'} | {'input': 'e', 'expected': 'u0065'} ]</msg>
<var>@{test_cases}</var>
<arg>${teacher}[testcase]</arg>
<doc>Returns the given values which can then be assigned to a variables.</doc>
<status status="PASS" start="2025-02-12T21:45:21.586769" elapsed="0.000076"/>
</kw>
<kw name="Set Variable" owner="BuiltIn">
<msg time="2025-02-12T21:45:21.586949" level="INFO">${code} = x = input("Enter a character: ")
print("The Unicode is: u%04x" %ord(x))</msg>
<var>${code}</var>
<arg>${student}[defaultCode]</arg>
<doc>Returns the given values which can then be assigned to a variables.</doc>
<status status="PASS" start="2025-02-12T21:45:21.586900" elapsed="0.000057"/>
</kw>
<kw name="Set Variable" owner="BuiltIn">
<msg time="2025-02-12T21:45:21.587058" level="INFO">${language} = python</msg>
<var>${language}</var>
<arg>${student}[language]</arg>
<doc>Returns the given values which can then be assigned to a variables.</doc>
<status status="PASS" start="2025-02-12T21:45:21.587006" elapsed="0.000059"/>
</kw>
<for flavor="IN ENUMERATE">
<iter>
<kw name="Evaluate" owner="BuiltIn">
<msg time="2025-02-12T21:45:21.587350" level="INFO">${case_number} = 1</msg>
<var>${case_number}</var>
<arg>${index} + 1</arg>
<doc>Evaluates the given expression in Python and returns the result.</doc>
<status status="PASS" start="2025-02-12T21:45:21.587276" elapsed="0.000082"/>
</kw>
<kw name="Log Debug Info">
<kw name="Get Current Date" owner="DateTime">
<msg time="2025-02-12T21:45:21.587567" level="INFO">${timestamp} = 2025-02-12 21:45:21.587543</msg>
<var>${timestamp}</var>
<arg>result_format=%Y-%m-%d %H:%M:%S.%f</arg>
<doc>Returns current local or UTC time with an optional increment.</doc>
<status status="PASS" start="2025-02-12T21:45:21.587504" elapsed="0.000071"/>
</kw>
<kw name="Append To File" owner="OperatingSystem">
<msg time="2025-02-12T21:45:21.587759" level="INFO" html="true">Appended to file '&lt;a href="file:///Users/tanakrit/Documents/GitHub/RobotFramewokForIDE/NewFormatOfRobot/execution.log"&gt;/Users/tanakrit/Documents/GitHub/RobotFramewokForIDE/NewFormatOfRobot/execution.log&lt;/a&gt;'.</msg>
<arg>${LOG_FILE}</arg>
<arg>${timestamp}: ${message}\n</arg>
<doc>Appends the given content to the specified file.</doc>
<status status="PASS" start="2025-02-12T21:45:21.587618" elapsed="0.000159"/>
</kw>
<arg>Processing test case ${case_number}</arg>
<status status="PASS" start="2025-02-12T21:45:21.587404" elapsed="0.000396"/>
</kw>
<kw name="Run Keyword And Return Status" owner="BuiltIn">
<kw name="Should Not Be Empty" owner="BuiltIn">
<msg time="2025-02-12T21:45:21.587945" level="INFO">Length is 72.</msg>
<arg>${code}</arg>
<doc>Verifies that the given item is not empty.</doc>
<status status="PASS" start="2025-02-12T21:45:21.587902" elapsed="0.000057"/>
</kw>
<msg time="2025-02-12T21:45:21.587984" level="INFO">${code_exists} = True</msg>
<var>${code_exists}</var>
<arg>Should Not Be Empty</arg>
<arg>${code}</arg>
<doc>Runs the given keyword with given arguments and returns the status as a Boolean value.</doc>
<status status="PASS" start="2025-02-12T21:45:21.587842" elapsed="0.000149"/>
</kw>
<if>
<branch type="IF" condition="not ${code_exists}">
<kw name="Handle Invalid Code">
<arg>${results}</arg>
<arg>${case_number}</arg>
<arg>${test_case}[expected]</arg>
<arg>${test_case}[input]</arg>
<arg>${language}</arg>
<status status="NOT RUN" start="2025-02-12T21:45:21.588091" elapsed="0.000007"/>
</kw>
<kw name="Continue For Loop" owner="BuiltIn">
<doc>Skips the current FOR loop iteration and continues from the next.</doc>
<status status="NOT RUN" start="2025-02-12T21:45:21.588138" elapsed="0.000007"/>
</kw>
<status status="NOT RUN" start="2025-02-12T21:45:21.588024" elapsed="0.000130"/>
</branch>
<status status="PASS" start="2025-02-12T21:45:21.588014" elapsed="0.000151"/>
</if>
<kw name="Execute Code With Input">
<kw name="Set Variable" owner="BuiltIn">
<msg time="2025-02-12T21:45:21.588626" level="INFO">${filename} = test</msg>
<var>${filename}</var>
<arg>test</arg>
<doc>Returns the given values which can then be assigned to a variables.</doc>
<status status="PASS" start="2025-02-12T21:45:21.588562" elapsed="0.000074"/>
</kw>
<kw name="Set Variable If" owner="BuiltIn">
<msg time="2025-02-12T21:45:21.588768" level="INFO">${ext} = .py</msg>
<var>${ext}</var>
<arg>'${language}' == 'python'</arg>
<arg>.py</arg>
<arg>'${language}' == 'cpp'</arg>
<arg>.cpp</arg>
<arg>'${language}' == 'rust'</arg>
<arg>.rs</arg>
<arg>'${language}' == 'javascript'</arg>
<arg>.js</arg>
<doc>Sets variable based on the given condition.</doc>
<status status="PASS" start="2025-02-12T21:45:21.588687" elapsed="0.000089"/>
</kw>
<kw name="Log Debug Info">
<kw name="Get Current Date" owner="DateTime">
<msg time="2025-02-12T21:45:21.589027" level="INFO">${timestamp} = 2025-02-12 21:45:21.588998</msg>
<var>${timestamp}</var>
<arg>result_format=%Y-%m-%d %H:%M:%S.%f</arg>
<doc>Returns current local or UTC time with an optional increment.</doc>
<status status="PASS" start="2025-02-12T21:45:21.588955" elapsed="0.000081"/>
</kw>
<kw name="Append To File" owner="OperatingSystem">
<msg time="2025-02-12T21:45:21.589978" level="INFO" html="true">Appended to file '&lt;a href="file:///Users/tanakrit/Documents/GitHub/RobotFramewokForIDE/NewFormatOfRobot/execution.log"&gt;/Users/tanakrit/Documents/GitHub/RobotFramewokForIDE/NewFormatOfRobot/execution.log&lt;/a&gt;'.</msg>
<arg>${LOG_FILE}</arg>
<arg>${timestamp}: ${message}\n</arg>
<doc>Appends the given content to the specified file.</doc>
<status status="PASS" start="2025-02-12T21:45:21.589074" elapsed="0.000934"/>
</kw>
<arg>Executing code in ${language}:\n${code}</arg>
<status status="PASS" start="2025-02-12T21:45:21.588834" elapsed="0.001203"/>
</kw>
<kw name="Log Debug Info">
<kw name="Get Current Date" owner="DateTime">
<msg time="2025-02-12T21:45:21.590294" level="INFO">${timestamp} = 2025-02-12 21:45:21.590261</msg>
<var>${timestamp}</var>
<arg>result_format=%Y-%m-%d %H:%M:%S.%f</arg>
<doc>Returns current local or UTC time with an optional increment.</doc>
<status status="PASS" start="2025-02-12T21:45:21.590214" elapsed="0.000090"/>
</kw>
<kw name="Append To File" owner="OperatingSystem">
<msg time="2025-02-12T21:45:21.590479" level="INFO" html="true">Appended to file '&lt;a href="file:///Users/tanakrit/Documents/GitHub/RobotFramewokForIDE/NewFormatOfRobot/execution.log"&gt;/Users/tanakrit/Documents/GitHub/RobotFramewokForIDE/NewFormatOfRobot/execution.log&lt;/a&gt;'.</msg>
<arg>${LOG_FILE}</arg>
<arg>${timestamp}: ${message}\n</arg>
<doc>Appends the given content to the specified file.</doc>
<status status="PASS" start="2025-02-12T21:45:21.590343" elapsed="0.000170"/>
</kw>
<arg>Input values: ${input}</arg>
<status status="PASS" start="2025-02-12T21:45:21.590094" elapsed="0.000441"/>
</kw>
<kw name="Create File" owner="OperatingSystem">
<msg time="2025-02-12T21:45:21.590780" level="INFO" html="true">Created file '&lt;a href="file:///Users/tanakrit/Documents/GitHub/RobotFramewokForIDE/NewFormatOfRobot/temp/test.py"&gt;/Users/tanakrit/Documents/GitHub/RobotFramewokForIDE/NewFormatOfRobot/temp/test.py&lt;/a&gt;'.</msg>
<arg>${TEMP_DIR}/${filename}${ext}</arg>
<arg>${code}</arg>
<doc>Creates a file with the given content and encoding.</doc>
<status status="PASS" start="2025-02-12T21:45:21.590573" elapsed="0.000226"/>
</kw>
<kw name="Prepare Input File">
<kw name="Run Keyword And Return Status" owner="BuiltIn">
<kw name="Variable Should Exist" owner="BuiltIn">
<arg>${input}</arg>
<doc>Fails unless the given variable exists within the current scope.</doc>
<status status="PASS" start="2025-02-12T21:45:21.591062" elapsed="0.000057"/>
</kw>
<msg time="2025-02-12T21:45:21.591147" level="INFO">${input_exists} = True</msg>
<var>${input_exists}</var>
<arg>Variable Should Exist</arg>
<arg>${input}</arg>
<doc>Runs the given keyword with given arguments and returns the status as a Boolean value.</doc>
<status status="PASS" start="2025-02-12T21:45:21.591001" elapsed="0.000153"/>
</kw>
<kw name="Run Keyword And Return Status" owner="BuiltIn">
<kw name="Should Not Be Equal" owner="BuiltIn">
<arg>${input}</arg>
<arg>None</arg>
<doc>Fails if the given objects are equal.</doc>
<status status="PASS" start="2025-02-12T21:45:21.591244" elapsed="0.000057"/>
</kw>
<msg time="2025-02-12T21:45:21.591329" level="INFO">${input_not_none} = True</msg>
<var>${input_not_none}</var>
<arg>Should Not Be Equal</arg>
<arg>${input}</arg>
<arg>None</arg>
<doc>Runs the given keyword with given arguments and returns the status as a Boolean value.</doc>
<status status="PASS" start="2025-02-12T21:45:21.591195" elapsed="0.000140"/>
</kw>
<kw name="Evaluate" owner="BuiltIn">
<msg time="2025-02-12T21:45:21.591457" level="INFO">${should_create_input} = True</msg>
<var>${should_create_input}</var>
<arg>${input_exists} and ${input_not_none}</arg>
<doc>Evaluates the given expression in Python and returns the result.</doc>
<status status="PASS" start="2025-02-12T21:45:21.591380" elapsed="0.000084"/>
</kw>
<if>
<branch type="IF" condition="${should_create_input}">
<kw name="Replace String" owner="String">
<msg time="2025-02-12T21:45:21.591602" level="INFO">${normalized_input} = a</msg>
<var>${normalized_input}</var>
<arg>${input}</arg>
<arg>\r\n</arg>
<arg>\n</arg>
<doc>Replaces ``search_for`` in the given ``string`` with ``replace_with``.</doc>
<status status="PASS" start="2025-02-12T21:45:21.591542" elapsed="0.000089"/>
</kw>
<kw name="Run Keyword And Return Status" owner="BuiltIn">
<kw name="Should End With" owner="BuiltIn">
<msg time="2025-02-12T21:45:21.591807" level="FAIL">'a' does not end with '
'</msg>
<arg>${normalized_input}</arg>
<arg>\n</arg>
<doc>Fails if the string ``str1`` does not end with the string ``str2``.</doc>
<status status="FAIL" start="2025-02-12T21:45:21.591724" elapsed="0.000148">'a' does not end with '
'</status>
</kw>
<msg time="2025-02-12T21:45:21.591927" level="INFO">${has_newline} = False</msg>
<var>${has_newline}</var>
<arg>Should End With</arg>
<arg>${normalized_input}</arg>
<arg>\n</arg>
<doc>Runs the given keyword with given arguments and returns the status as a Boolean value.</doc>
<status status="PASS" start="2025-02-12T21:45:21.591675" elapsed="0.000259"/>
</kw>
<if>
<branch type="IF" condition="not ${has_newline}">
<kw name="Set Variable" owner="BuiltIn">
<msg time="2025-02-12T21:45:21.592173" level="INFO">${normalized_input} = a
</msg>
<var>${normalized_input}</var>
<arg>${normalized_input}\n</arg>
<doc>Returns the given values which can then be assigned to a variables.</doc>
<status status="PASS" start="2025-02-12T21:45:21.592059" elapsed="0.000121"/>
</kw>
<status status="PASS" start="2025-02-12T21:45:21.591975" elapsed="0.000218"/>
</branch>
<status status="PASS" start="2025-02-12T21:45:21.591962" elapsed="0.000242"/>
</if>
<kw name="Create File" owner="OperatingSystem">
<msg time="2025-02-12T21:45:21.592499" level="INFO" html="true">Created file '&lt;a href="file:///Users/tanakrit/Documents/GitHub/RobotFramewokForIDE/NewFormatOfRobot/temp/input.txt"&gt;/Users/tanakrit/Documents/GitHub/RobotFramewokForIDE/NewFormatOfRobot/temp/input.txt&lt;/a&gt;'.</msg>
<arg>${TEMP_DIR}/input.txt</arg>
<arg>${normalized_input}</arg>
<arg>encoding=UTF-8</arg>
<doc>Creates a file with the given content and encoding.</doc>
<status status="PASS" start="2025-02-12T21:45:21.592259" elapsed="0.000259"/>
</kw>
<kw name="Log Debug Info">
<kw name="Get Current Date" owner="DateTime">
<msg time="2025-02-12T21:45:21.592736" level="INFO">${timestamp} = 2025-02-12 21:45:21.592709</msg>
<var>${timestamp}</var>
<arg>result_format=%Y-%m-%d %H:%M:%S.%f</arg>
<doc>Returns current local or UTC time with an optional increment.</doc>
<status status="PASS" start="2025-02-12T21:45:21.592668" elapsed="0.000077"/>
</kw>
<kw name="Append To File" owner="OperatingSystem">
<msg time="2025-02-12T21:45:21.592945" level="INFO" html="true">Appended to file '&lt;a href="file:///Users/tanakrit/Documents/GitHub/RobotFramewokForIDE/NewFormatOfRobot/execution.log"&gt;/Users/tanakrit/Documents/GitHub/RobotFramewokForIDE/NewFormatOfRobot/execution.log&lt;/a&gt;'.</msg>
<arg>${LOG_FILE}</arg>
<arg>${timestamp}: ${message}\n</arg>
<doc>Appends the given content to the specified file.</doc>
<status status="PASS" start="2025-02-12T21:45:21.592783" elapsed="0.000193"/>
</kw>
<arg>Created input file with content: ${normalized_input}</arg>
<status status="PASS" start="2025-02-12T21:45:21.592567" elapsed="0.000431"/>
</kw>
<return>
<value>${True}</value>
<value>${TEMP_DIR}/input.txt</value>
<status status="PASS" start="2025-02-12T21:45:21.593015" elapsed="0.000016"/>
</return>
<status status="PASS" start="2025-02-12T21:45:21.591492" elapsed="0.001556"/>
</branch>
<status status="PASS" start="2025-02-12T21:45:21.591484" elapsed="0.001576"/>
</if>
<return>
<value>${False}</value>
<value>${EMPTY}</value>
<status status="NOT RUN" start="2025-02-12T21:45:21.593077" elapsed="0.000004"/>
</return>
<msg time="2025-02-12T21:45:21.593145" level="INFO">${has_input} = True</msg>
<msg time="2025-02-12T21:45:21.593158" level="INFO">${input_file} = ./temp/input.txt</msg>
<var>${has_input}</var>
<var>${input_file}</var>
<arg>${input}</arg>
<status status="PASS" start="2025-02-12T21:45:21.590895" elapsed="0.002270"/>
</kw>
<kw name="Set Variable" owner="BuiltIn">
<msg time="2025-02-12T21:45:21.593261" level="INFO">${status} = success</msg>
<var>${status}</var>
<arg>success</arg>
<doc>Returns the given values which can then be assigned to a variables.</doc>
<status status="PASS" start="2025-02-12T21:45:21.593206" elapsed="0.000062"/>
</kw>
<kw name="Set Variable" owner="BuiltIn">
<msg time="2025-02-12T21:45:21.593537" level="INFO">${output} = </msg>
<var>${output}</var>
<arg>${EMPTY}</arg>
<doc>Returns the given values which can then be assigned to a variables.</doc>
<status status="PASS" start="2025-02-12T21:45:21.593306" elapsed="0.000239"/>
</kw>
<try>
<branch type="TRY">
<if>
<branch type="IF" condition="'${language}' == 'python'">
<kw name="Execute Python Code">
<if>
<branch type="IF" condition="${has_input}">
<kw name="Run Process" owner="Process">
<msg time="2025-02-12T21:45:21.594000" level="INFO">Starting process:
python ./temp/test.py</msg>
<msg time="2025-02-12T21:45:21.596431" level="INFO">Waiting for process to complete.</msg>
<msg time="2025-02-12T21:45:21.608389" level="INFO">Process completed.</msg>
<msg time="2025-02-12T21:45:21.608540" level="INFO">${result} = &lt;result object with rc 0&gt;</msg>
<var>${result}</var>
<arg>${PYTHON_CMD}</arg>
<arg>${filename}</arg>
<arg>stdin=${input_file}</arg>
<arg>shell=True</arg>
<arg>stderr=STDOUT</arg>
<doc>Runs a process and waits for it to complete.</doc>
<status status="PASS" start="2025-02-12T21:45:21.593847" elapsed="0.014706"/>
</kw>
<kw name="Log Debug Info">
<kw name="Get Current Date" owner="DateTime">
<msg time="2025-02-12T21:45:21.609623" level="INFO">${timestamp} = 2025-02-12 21:45:21.609585</msg>
<var>${timestamp}</var>
<arg>result_format=%Y-%m-%d %H:%M:%S.%f</arg>
<doc>Returns current local or UTC time with an optional increment.</doc>
<status status="PASS" start="2025-02-12T21:45:21.609516" elapsed="0.000116"/>
</kw>
<kw name="Append To File" owner="OperatingSystem">
<msg time="2025-02-12T21:45:21.609884" level="INFO" html="true">Appended to file '&lt;a href="file:///Users/tanakrit/Documents/GitHub/RobotFramewokForIDE/NewFormatOfRobot/execution.log"&gt;/Users/tanakrit/Documents/GitHub/RobotFramewokForIDE/NewFormatOfRobot/execution.log&lt;/a&gt;'.</msg>
<arg>${LOG_FILE}</arg>
<arg>${timestamp}: ${message}\n</arg>
<doc>Appends the given content to the specified file.</doc>
<status status="PASS" start="2025-02-12T21:45:21.609677" elapsed="0.000234"/>
</kw>
<arg>Python execution with input - RC: ${result.rc}, Output:\n${result.stdout}</arg>
<status status="PASS" start="2025-02-12T21:45:21.608781" elapsed="0.001154"/>
</kw>
<status status="PASS" start="2025-02-12T21:45:21.593802" elapsed="0.016143"/>
</branch>
<branch type="ELSE">
<kw name="Run Process" owner="Process">
<var>${result}</var>
<arg>${PYTHON_CMD}</arg>
<arg>${filename}</arg>
<arg>shell=True</arg>
<arg>stderr=STDOUT</arg>
<arg>stdout=STDOUT</arg>
<doc>Runs a process and waits for it to complete.</doc>
<status status="NOT RUN" start="2025-02-12T21:45:21.610019" elapsed="0.000006"/>
</kw>
<kw name="Log Debug Info">
<arg>Python execution without input - RC: ${result.rc}, Output:\n${result.stdout}</arg>
<status status="NOT RUN" start="2025-02-12T21:45:21.610069" elapsed="0.000006"/>
</kw>
<status status="NOT RUN" start="2025-02-12T21:45:21.609965" elapsed="0.000120"/>
</branch>
<status status="PASS" start="2025-02-12T21:45:21.593797" elapsed="0.016295"/>
</if>
<return>
<value>${result}</value>
<status status="PASS" start="2025-02-12T21:45:21.610111" elapsed="0.000019"/>
</return>
<msg time="2025-02-12T21:45:21.610173" level="INFO">${result} = &lt;result object with rc 0&gt;</msg>
<var>${result}</var>
<arg>${TEMP_DIR}/${filename}${ext}</arg>
<arg>${has_input}</arg>
<arg>${input_file}</arg>
<status status="PASS" start="2025-02-12T21:45:21.593695" elapsed="0.016486"/>
</kw>
<if>
<branch type="IF" condition="${result.rc} != 0">
<kw name="Set Variable" owner="BuiltIn">
<var>${status}</var>
<arg>runtime_error</arg>
<doc>Returns the given values which can then be assigned to a variables.</doc>
<status status="NOT RUN" start="2025-02-12T21:45:21.610458" elapsed="0.000006"/>
</kw>
<kw name="Set Variable" owner="BuiltIn">
<var>${output}</var>
<arg>${result.stdout}</arg>
<doc>Returns the given values which can then be assigned to a variables.</doc>
<status status="NOT RUN" start="2025-02-12T21:45:21.610530" elapsed="0.000005"/>
</kw>
<kw name="Log Debug Info">
<arg>Python runtime error: ${result.stdout}</arg>
<status status="NOT RUN" start="2025-02-12T21:45:21.610578" elapsed="0.000006"/>
</kw>
<status status="NOT RUN" start="2025-02-12T21:45:21.610212" elapsed="0.000382"/>
</branch>
<branch type="ELSE">
<kw name="Get Final Output">
<kw name="Log Debug Info">
<kw name="Get Current Date" owner="DateTime">
<msg time="2025-02-12T21:45:21.611062" level="INFO">${timestamp} = 2025-02-12 21:45:21.611038</msg>
<var>${timestamp}</var>
<arg>result_format=%Y-%m-%d %H:%M:%S.%f</arg>
<doc>Returns current local or UTC time with an optional increment.</doc>
<status status="PASS" start="2025-02-12T21:45:21.610999" elapsed="0.000072"/>
</kw>
<kw name="Append To File" owner="OperatingSystem">
<msg time="2025-02-12T21:45:21.611221" level="INFO" html="true">Appended to file '&lt;a href="file:///Users/tanakrit/Documents/GitHub/RobotFramewokForIDE/NewFormatOfRobot/execution.log"&gt;/Users/tanakrit/Documents/GitHub/RobotFramewokForIDE/NewFormatOfRobot/execution.log&lt;/a&gt;'.</msg>
<arg>${LOG_FILE}</arg>
<arg>${timestamp}: ${message}\n</arg>
<doc>Appends the given content to the specified file.</doc>
<status status="PASS" start="2025-02-12T21:45:21.611107" elapsed="0.000135"/>
</kw>
<arg>Processing raw output: ${output}</arg>
<status status="PASS" start="2025-02-12T21:45:21.610917" elapsed="0.000351"/>
</kw>
<kw name="Split To Lines" owner="String">
<msg time="2025-02-12T21:45:21.611343" level="INFO">1 lines returned</msg>
<msg time="2025-02-12T21:45:21.611364" level="INFO">${lines} = ['Enter a character: The Unicode is: u0061']</msg>
<var>${lines}</var>
<arg>${output}</arg>
<doc>Splits the given string to lines.</doc>
<status status="PASS" start="2025-02-12T21:45:21.611303" elapsed="0.000067"/>
</kw>
<kw name="Create List" owner="BuiltIn">
<msg time="2025-02-12T21:45:21.611442" level="INFO">${final_lines} = []</msg>
<var>${final_lines}</var>
<doc>Returns a list containing given items.</doc>
<status status="PASS" start="2025-02-12T21:45:21.611406" elapsed="0.000043"/>
</kw>
<kw name="Create List" owner="BuiltIn">
<msg time="2025-02-12T21:45:21.611562" level="INFO">@{patterns_to_remove} = [ (?i)Enter [A-Za-z\s]+: | (?i)Input [A-Za-z\s]+: | (?i)Please enter [A-Za-z\s]+: | (?i)Please input [A-Za-z\s]+: | (?i)Enter the [A-Za-z\s]+: | (?i)The [A-Za-z\s]+ is: | (?i)Enter [A-Za-z\s]+ | (?i)I...</msg>
<var>@{patterns_to_remove}</var>
<arg>(?i)Enter [A-Za-z\\s]+:</arg>
<arg>(?i)Input [A-Za-z\\s]+:</arg>
<arg>(?i)Please enter [A-Za-z\\s]+:</arg>
<arg>(?i)Please input [A-Za-z\\s]+:</arg>
<arg>(?i)Enter the [A-Za-z\\s]+:</arg>
<arg>(?i)The [A-Za-z\\s]+ is:</arg>
<arg>(?i)Enter [A-Za-z\\s]+</arg>
<arg>(?i)Input [A-Za-z\\s]+</arg>
<arg>(?i)Please enter [A-Za-z\\s]+</arg>
<arg>(?i)Please input [A-Za-z\\s]+</arg>
<arg>(?i)Enter the [A-Za-z\\s]+</arg>
<arg>(?i)The [A-Za-z\\s]+ is</arg>
<arg>(?i)Enter [A-Za-z\\s]+:</arg>
<arg>(?i)Input [A-Za-z\\s]+:</arg>
<arg>(?i)The Unicode is:</arg>
<doc>Returns a list containing given items.</doc>
<status status="PASS" start="2025-02-12T21:45:21.611481" elapsed="0.000089"/>
</kw>
<for flavor="IN">
<iter>
<kw name="Strip String" owner="String">
<msg time="2025-02-12T21:45:21.611761" level="INFO">${stripped} = Enter a character: The Unicode is: u0061</msg>
<var>${stripped}</var>
<arg>${line}</arg>
<doc>Remove leading and/or trailing whitespaces from the given string.</doc>
<status status="PASS" start="2025-02-12T21:45:21.611705" elapsed="0.000064"/>
</kw>
<kw name="Continue For Loop If" owner="BuiltIn">
<arg>'${stripped}' == ''</arg>
<doc>Skips the current FOR loop iteration if the ``condition`` is true.</doc>
<status status="PASS" start="2025-02-12T21:45:21.611805" elapsed="0.000078"/>
</kw>
<kw name="Set Variable" owner="BuiltIn">
<msg time="2025-02-12T21:45:21.611963" level="INFO">${cleaned} = Enter a character: The Unicode is: u0061</msg>
<var>${cleaned}</var>
<arg>${stripped}</arg>
<doc>Returns the given values which can then be assigned to a variables.</doc>
<status status="PASS" start="2025-02-12T21:45:21.611919" elapsed="0.000051"/>
</kw>
<for flavor="IN">
<iter>
<kw name="Replace String Using Regexp" owner="String">
<msg time="2025-02-12T21:45:21.612409" level="INFO">${cleaned} =  The Unicode is: u0061</msg>
<var>${cleaned}</var>
<arg>${cleaned}</arg>
<arg>${pattern}</arg>
<arg>${EMPTY}</arg>
<doc>Replaces ``pattern`` in the given ``string`` with ``replace_with``.</doc>
<status status="PASS" start="2025-02-12T21:45:21.612054" elapsed="0.000364"/>
</kw>
<var name="${pattern}">(?i)Enter [A-Za-z\s]+:</var>
<status status="PASS" start="2025-02-12T21:45:21.612025" elapsed="0.000407"/>
</iter>
<iter>
<kw name="Replace String Using Regexp" owner="String">
<msg time="2025-02-12T21:45:21.612783" level="INFO">${cleaned} =  The Unicode is: u0061</msg>
<var>${cleaned}</var>
<arg>${cleaned}</arg>
<arg>${pattern}</arg>
<arg>${EMPTY}</arg>
<doc>Replaces ``pattern`` in the given ``string`` with ``replace_with``.</doc>
<status status="PASS" start="2025-02-12T21:45:21.612494" elapsed="0.000297"/>
</kw>
<var name="${pattern}">(?i)Input [A-Za-z\s]+:</var>
<status status="PASS" start="2025-02-12T21:45:21.612463" elapsed="0.000341"/>
</iter>
<iter>
<kw name="Replace String Using Regexp" owner="String">
<msg time="2025-02-12T21:45:21.613156" level="INFO">${cleaned} =  The Unicode is: u0061</msg>
<var>${cleaned}</var>
<arg>${cleaned}</arg>
<arg>${pattern}</arg>
<arg>${EMPTY}</arg>
<doc>Replaces ``pattern`` in the given ``string`` with ``replace_with``.</doc>
<status status="PASS" start="2025-02-12T21:45:21.612860" elapsed="0.000304"/>
</kw>
<var name="${pattern}">(?i)Please enter [A-Za-z\s]+:</var>
<status status="PASS" start="2025-02-12T21:45:21.612830" elapsed="0.000347"/>
</iter>
<iter>
<kw name="Replace String Using Regexp" owner="String">
<msg time="2025-02-12T21:45:21.613517" level="INFO">${cleaned} =  The Unicode is: u0061</msg>
<var>${cleaned}</var>
<arg>${cleaned}</arg>
<arg>${pattern}</arg>
<arg>${EMPTY}</arg>
<doc>Replaces ``pattern`` in the given ``string`` with ``replace_with``.</doc>
<status status="PASS" start="2025-02-12T21:45:21.613234" elapsed="0.000292"/>
</kw>
<var name="${pattern}">(?i)Please input [A-Za-z\s]+:</var>
<status status="PASS" start="2025-02-12T21:45:21.613204" elapsed="0.000335"/>
</iter>
<iter>
<kw name="Replace String Using Regexp" owner="String">
<msg time="2025-02-12T21:45:21.613868" level="INFO">${cleaned} =  The Unicode is: u0061</msg>
<var>${cleaned}</var>
<arg>${cleaned}</arg>
<arg>${pattern}</arg>
<arg>${EMPTY}</arg>
<doc>Replaces ``pattern`` in the given ``string`` with ``replace_with``.</doc>
<status status="PASS" start="2025-02-12T21:45:21.613594" elapsed="0.000282"/>
</kw>
<var name="${pattern}">(?i)Enter the [A-Za-z\s]+:</var>
<status status="PASS" start="2025-02-12T21:45:21.613566" elapsed="0.000323"/>
</iter>
<iter>
<kw name="Replace String Using Regexp" owner="String">
<msg time="2025-02-12T21:45:21.614221" level="INFO">${cleaned} =   u0061</msg>
<var>${cleaned}</var>
<arg>${cleaned}</arg>
<arg>${pattern}</arg>
<arg>${EMPTY}</arg>
<doc>Replaces ``pattern`` in the given ``string`` with ``replace_with``.</doc>
<status status="PASS" start="2025-02-12T21:45:21.613945" elapsed="0.000284"/>
</kw>
<var name="${pattern}">(?i)The [A-Za-z\s]+ is:</var>
<status status="PASS" start="2025-02-12T21:45:21.613916" elapsed="0.000326"/>
</iter>
<iter>
<kw name="Replace String Using Regexp" owner="String">
<msg time="2025-02-12T21:45:21.614567" level="INFO">${cleaned} =   u0061</msg>
<var>${cleaned}</var>
<arg>${cleaned}</arg>
<arg>${pattern}</arg>
<arg>${EMPTY}</arg>
<doc>Replaces ``pattern`` in the given ``string`` with ``replace_with``.</doc>
<status status="PASS" start="2025-02-12T21:45:21.614296" elapsed="0.000279"/>
</kw>
<var name="${pattern}">(?i)Enter [A-Za-z\s]+</var>
<status status="PASS" start="2025-02-12T21:45:21.614267" elapsed="0.000321"/>
</iter>
<iter>
<kw name="Replace String Using Regexp" owner="String">
<msg time="2025-02-12T21:45:21.614938" level="INFO">${cleaned} =   u0061</msg>
<var>${cleaned}</var>
<arg>${cleaned}</arg>
<arg>${pattern}</arg>
<arg>${EMPTY}</arg>
<doc>Replaces ``pattern`` in the given ``string`` with ``replace_with``.</doc>
<status status="PASS" start="2025-02-12T21:45:21.614663" elapsed="0.000284"/>
</kw>
<var name="${pattern}">(?i)Input [A-Za-z\s]+</var>
<status status="PASS" start="2025-02-12T21:45:21.614633" elapsed="0.000327"/>
</iter>
<iter>
<kw name="Replace String Using Regexp" owner="String">
<msg time="2025-02-12T21:45:21.615287" level="INFO">${cleaned} =   u0061</msg>
<var>${cleaned}</var>
<arg>${cleaned}</arg>
<arg>${pattern}</arg>
<arg>${EMPTY}</arg>
<doc>Replaces ``pattern`` in the given ``string`` with ``replace_with``.</doc>
<status status="PASS" start="2025-02-12T21:45:21.615015" elapsed="0.000279"/>
</kw>
<var name="${pattern}">(?i)Please enter [A-Za-z\s]+</var>
<status status="PASS" start="2025-02-12T21:45:21.614986" elapsed="0.000322"/>
</iter>
<iter>
<kw name="Replace String Using Regexp" owner="String">
<msg time="2025-02-12T21:45:21.615646" level="INFO">${cleaned} =   u0061</msg>
<var>${cleaned}</var>
<arg>${cleaned}</arg>
<arg>${pattern}</arg>
<arg>${EMPTY}</arg>
<doc>Replaces ``pattern`` in the given ``string`` with ``replace_with``.</doc>
<status status="PASS" start="2025-02-12T21:45:21.615360" elapsed="0.000294"/>
</kw>
<var name="${pattern}">(?i)Please input [A-Za-z\s]+</var>
<status status="PASS" start="2025-02-12T21:45:21.615332" elapsed="0.000338"/>
</iter>
<iter>
<kw name="Replace String Using Regexp" owner="String">
<msg time="2025-02-12T21:45:21.616091" level="INFO">${cleaned} =   u0061</msg>
<var>${cleaned}</var>
<arg>${cleaned}</arg>
<arg>${pattern}</arg>
<arg>${EMPTY}</arg>
<doc>Replaces ``pattern`` in the given ``string`` with ``replace_with``.</doc>
<status status="PASS" start="2025-02-12T21:45:21.615723" elapsed="0.000376"/>
</kw>
<var name="${pattern}">(?i)Enter the [A-Za-z\s]+</var>
<status status="PASS" start="2025-02-12T21:45:21.615695" elapsed="0.000418"/>
</iter>
<iter>
<kw name="Replace String Using Regexp" owner="String">
<msg time="2025-02-12T21:45:21.616440" level="INFO">${cleaned} =   u0061</msg>
<var>${cleaned}</var>
<arg>${cleaned}</arg>
<arg>${pattern}</arg>
<arg>${EMPTY}</arg>
<doc>Replaces ``pattern`` in the given ``string`` with ``replace_with``.</doc>
<status status="PASS" start="2025-02-12T21:45:21.616168" elapsed="0.000280"/>
</kw>
<var name="${pattern}">(?i)The [A-Za-z\s]+ is</var>
<status status="PASS" start="2025-02-12T21:45:21.616139" elapsed="0.000323"/>
</iter>
<iter>
<kw name="Replace String Using Regexp" owner="String">
<msg time="2025-02-12T21:45:21.616726" level="INFO">${cleaned} =   u0061</msg>
<var>${cleaned}</var>
<arg>${cleaned}</arg>
<arg>${pattern}</arg>
<arg>${EMPTY}</arg>
<doc>Replaces ``pattern`` in the given ``string`` with ``replace_with``.</doc>
<status status="PASS" start="2025-02-12T21:45:21.616531" elapsed="0.000205"/>
</kw>
<var name="${pattern}">(?i)Enter [A-Za-z\s]+:</var>
<status status="PASS" start="2025-02-12T21:45:21.616502" elapsed="0.000249"/>
</iter>
<iter>
<kw name="Replace String Using Regexp" owner="String">
<msg time="2025-02-12T21:45:21.617020" level="INFO">${cleaned} =   u0061</msg>
<var>${cleaned}</var>
<arg>${cleaned}</arg>
<arg>${pattern}</arg>
<arg>${EMPTY}</arg>
<doc>Replaces ``pattern`` in the given ``string`` with ``replace_with``.</doc>
<status status="PASS" start="2025-02-12T21:45:21.616814" elapsed="0.000215"/>
</kw>
<var name="${pattern}">(?i)Input [A-Za-z\s]+:</var>
<status status="PASS" start="2025-02-12T21:45:21.616777" elapsed="0.000279"/>
</iter>
<iter>
<kw name="Replace String Using Regexp" owner="String">
<msg time="2025-02-12T21:45:21.617409" level="INFO">${cleaned} =   u0061</msg>
<var>${cleaned}</var>
<arg>${cleaned}</arg>
<arg>${pattern}</arg>
<arg>${EMPTY}</arg>
<doc>Replaces ``pattern`` in the given ``string`` with ``replace_with``.</doc>
<status status="PASS" start="2025-02-12T21:45:21.617143" elapsed="0.000276"/>
</kw>
<var name="${pattern}">(?i)The Unicode is:</var>
<status status="PASS" start="2025-02-12T21:45:21.617102" elapsed="0.000334"/>
</iter>
<var>${pattern}</var>
<value>@{patterns_to_remove}</value>
<status status="PASS" start="2025-02-12T21:45:21.611986" elapsed="0.005462"/>
</for>
<kw name="Strip String" owner="String">
<msg time="2025-02-12T21:45:21.617598" level="INFO">${cleaned} = u0061</msg>
<var>${cleaned}</var>
<arg>${cleaned}</arg>
<doc>Remove leading and/or trailing whitespaces from the given string.</doc>
<status status="PASS" start="2025-02-12T21:45:21.617500" elapsed="0.000109"/>
</kw>
<kw name="Continue For Loop If" owner="BuiltIn">
<arg>'${cleaned}' == ''</arg>
<doc>Skips the current FOR loop iteration if the ``condition`` is true.</doc>
<status status="PASS" start="2025-02-12T21:45:21.617661" elapsed="0.000100"/>
</kw>
<kw name="Append To List" owner="Collections">
<arg>${final_lines}</arg>
<arg>${cleaned}</arg>
<doc>Adds ``values`` to the end of ``list``.</doc>
<status status="PASS" start="2025-02-12T21:45:21.617811" elapsed="0.000060"/>
</kw>
<var name="${line}">Enter a character: The Unicode is: u0061</var>
<status status="PASS" start="2025-02-12T21:45:21.611675" elapsed="0.006209"/>
</iter>
<var>${line}</var>
<value>@{lines}</value>
<status status="PASS" start="2025-02-12T21:45:21.611604" elapsed="0.006293"/>
</for>
<kw name="Evaluate" owner="BuiltIn">
<msg time="2025-02-12T21:45:21.618074" level="INFO">${final_output} = u0061</msg>
<var>${final_output}</var>
<arg>"\\n".join($final_lines)</arg>
<doc>Evaluates the given expression in Python and returns the result.</doc>
<status status="PASS" start="2025-02-12T21:45:21.617944" elapsed="0.000139"/>
</kw>
<kw name="Log Debug Info">
<kw name="Get Current Date" owner="DateTime">
<msg time="2025-02-12T21:45:21.618300" level="INFO">${timestamp} = 2025-02-12 21:45:21.618270</msg>
<var>${timestamp}</var>
<arg>result_format=%Y-%m-%d %H:%M:%S.%f</arg>
<doc>Returns current local or UTC time with an optional increment.</doc>
<status status="PASS" start="2025-02-12T21:45:21.618227" elapsed="0.000081"/>
</kw>
<kw name="Append To File" owner="OperatingSystem">
<msg time="2025-02-12T21:45:21.618500" level="INFO" html="true">Appended to file '&lt;a href="file:///Users/tanakrit/Documents/GitHub/RobotFramewokForIDE/NewFormatOfRobot/execution.log"&gt;/Users/tanakrit/Documents/GitHub/RobotFramewokForIDE/NewFormatOfRobot/execution.log&lt;/a&gt;'.</msg>
<arg>${LOG_FILE}</arg>
<arg>${timestamp}: ${message}\n</arg>
<doc>Appends the given content to the specified file.</doc>
<status status="PASS" start="2025-02-12T21:45:21.618343" elapsed="0.000182"/>
</kw>
<arg>Final processed output: ${final_output}</arg>
<status status="PASS" start="2025-02-12T21:45:21.618127" elapsed="0.000418"/>
</kw>
<return>
<value>${final_output}</value>
<status status="PASS" start="2025-02-12T21:45:21.618559" elapsed="0.000013"/>
</return>
<msg time="2025-02-12T21:45:21.618616" level="INFO">${raw_output} = u0061</msg>
<var>${raw_output}</var>
<arg>${result.stdout}</arg>
<status status="PASS" start="2025-02-12T21:45:21.610697" elapsed="0.007926"/>
</kw>
<kw name="Normalize Output">
<kw name="Set Variable" owner="BuiltIn">
<msg time="2025-02-12T21:45:21.618873" level="INFO">${normalized} = u0061</msg>
<var>${normalized}</var>
<arg>${output}</arg>
<doc>Returns the given values which can then be assigned to a variables.</doc>
<status status="PASS" start="2025-02-12T21:45:21.618828" elapsed="0.000053"/>
</kw>
<kw name="Run Keyword And Return Status" owner="BuiltIn">
<kw name="Should Be Empty" owner="BuiltIn">
<msg time="2025-02-12T21:45:21.619020" level="INFO">Length is 5.</msg>
<msg time="2025-02-12T21:45:21.619068" level="FAIL">'u0061' should be empty.</msg>
<arg>${normalized}</arg>
<doc>Verifies that the given item is empty.</doc>
<status status="FAIL" start="2025-02-12T21:45:21.618975" elapsed="0.000133">'u0061' should be empty.</status>
</kw>
<msg time="2025-02-12T21:45:21.619142" level="INFO">${is_empty} = False</msg>
<var>${is_empty}</var>
<arg>Should Be Empty</arg>
<arg>${normalized}</arg>
<doc>Runs the given keyword with given arguments and returns the status as a Boolean value.</doc>
<status status="PASS" start="2025-02-12T21:45:21.618925" elapsed="0.000244"/>
</kw>
<if>
<branch type="IF" condition="${is_empty}">
<return>
<value>${normalized}</value>
<status status="NOT RUN" start="2025-02-12T21:45:21.619221" elapsed="0.000004"/>
</return>
<status status="NOT RUN" start="2025-02-12T21:45:21.619195" elapsed="0.000039"/>
</branch>
<status status="PASS" start="2025-02-12T21:45:21.619189" elapsed="0.000052"/>
</if>
<kw name="Split To Lines" owner="String">
<msg time="2025-02-12T21:45:21.619314" level="INFO">1 lines returned</msg>
<msg time="2025-02-12T21:45:21.619335" level="INFO">${lines} = ['u0061']</msg>
<var>${lines}</var>
<arg>${normalized}</arg>
<doc>Splits the given string to lines.</doc>
<status status="PASS" start="2025-02-12T21:45:21.619275" elapsed="0.000068"/>
</kw>
<kw name="Create List" owner="BuiltIn">
<msg time="2025-02-12T21:45:21.619411" level="INFO">${stripped_lines} = []</msg>
<var>${stripped_lines}</var>
<doc>Returns a list containing given items.</doc>
<status status="PASS" start="2025-02-12T21:45:21.619377" elapsed="0.000041"/>
</kw>
<for flavor="IN">
<iter>
<kw name="Strip String" owner="String">
<msg time="2025-02-12T21:45:21.619578" level="INFO">${stripped} = u0061</msg>
<var>${stripped}</var>
<arg>${line}</arg>
<doc>Remove leading and/or trailing whitespaces from the given string.</doc>
<status status="PASS" start="2025-02-12T21:45:21.619530" elapsed="0.000055"/>
</kw>
<kw name="Continue For Loop If" owner="BuiltIn">
<arg>'${stripped}' == ''</arg>
<doc>Skips the current FOR loop iteration if the ``condition`` is true.</doc>
<status status="PASS" start="2025-02-12T21:45:21.619620" elapsed="0.000071"/>
</kw>
<try>
<branch type="TRY">
<kw name="Convert To Number" owner="BuiltIn">
<msg time="2025-02-12T21:45:21.619847" level="FAIL">'u0061' cannot be converted to a floating point number: ValueError: could not convert string to float: 'u0061'</msg>
<var>${as_number}</var>
<arg>${stripped}</arg>
<doc>Converts the given item to a floating point number.</doc>
<status status="FAIL" start="2025-02-12T21:45:21.619760" elapsed="0.000154">'u0061' cannot be converted to a floating point number: ValueError: could not convert string to float: 'u0061'</status>
</kw>
<kw name="Convert To String" owner="BuiltIn">
<var>${normalized_line}</var>
<arg>${as_number}</arg>
<doc>Converts the given item to a Unicode string.</doc>
<status status="NOT RUN" start="2025-02-12T21:45:21.619957" elapsed="0.000007"/>
</kw>
<status status="FAIL" start="2025-02-12T21:45:21.619726" elapsed="0.000270">'u0061' cannot be converted to a floating point number: ValueError: could not convert string to float: 'u0061'</status>
</branch>
<branch type="EXCEPT">
<kw name="Set Variable" owner="BuiltIn">
<msg time="2025-02-12T21:45:21.620095" level="INFO">${normalized_line} = u0061</msg>
<var>${normalized_line}</var>
<arg>${stripped}</arg>
<doc>Returns the given values which can then be assigned to a variables.</doc>
<status status="PASS" start="2025-02-12T21:45:21.620047" elapsed="0.000056"/>
</kw>
<status status="PASS" start="2025-02-12T21:45:21.620016" elapsed="0.000098"/>
</branch>
<status status="PASS" start="2025-02-12T21:45:21.619710" elapsed="0.000415"/>
</try>
<kw name="Append To List" owner="Collections">
<arg>${stripped_lines}</arg>
<arg>${normalized_line}</arg>
<doc>Adds ``values`` to the end of ``list``.</doc>
<status status="PASS" start="2025-02-12T21:45:21.620156" elapsed="0.000049"/>
</kw>
<var name="${line}">u0061</var>
<status status="PASS" start="2025-02-12T21:45:21.619498" elapsed="0.000718"/>
</iter>
<var>${line}</var>
<value>@{lines}</value>
<status status="PASS" start="2025-02-12T21:45:21.619435" elapsed="0.000792"/>
</for>
<kw name="Evaluate" owner="BuiltIn">
<msg time="2025-02-12T21:45:21.620361" level="INFO">${normalized} = u0061</msg>
<var>${normalized}</var>
<arg>"\\n".join($stripped_lines)</arg>
<doc>Evaluates the given expression in Python and returns the result.</doc>
<status status="PASS" start="2025-02-12T21:45:21.620264" elapsed="0.000106"/>
</kw>
<kw name="Strip String" owner="String">
<msg time="2025-02-12T21:45:21.620462" level="INFO">${normalized} = u0061</msg>
<var>${normalized}</var>
<arg>${normalized}</arg>
<doc>Remove leading and/or trailing whitespaces from the given string.</doc>
<status status="PASS" start="2025-02-12T21:45:21.620408" elapsed="0.000061"/>
</kw>
<kw name="Log Debug Info">
<kw name="Get Current Date" owner="DateTime">
<msg time="2025-02-12T21:45:21.620751" level="INFO">${timestamp} = 2025-02-12 21:45:21.620728</msg>
<var>${timestamp}</var>
<arg>result_format=%Y-%m-%d %H:%M:%S.%f</arg>
<doc>Returns current local or UTC time with an optional increment.</doc>
<status status="PASS" start="2025-02-12T21:45:21.620692" elapsed="0.000067"/>
</kw>
<kw name="Append To File" owner="OperatingSystem">
<msg time="2025-02-12T21:45:21.620912" level="INFO" html="true">Appended to file '&lt;a href="file:///Users/tanakrit/Documents/GitHub/RobotFramewokForIDE/NewFormatOfRobot/execution.log"&gt;/Users/tanakrit/Documents/GitHub/RobotFramewokForIDE/NewFormatOfRobot/execution.log&lt;/a&gt;'.</msg>
<arg>${LOG_FILE}</arg>
<arg>${timestamp}: ${message}\n</arg>
<doc>Appends the given content to the specified file.</doc>
<status status="PASS" start="2025-02-12T21:45:21.620793" elapsed="0.000137"/>
</kw>
<arg>Normalized output: ${normalized}</arg>
<status status="PASS" start="2025-02-12T21:45:21.620513" elapsed="0.000441"/>
</kw>
<return>
<value>${normalized}</value>
<status status="PASS" start="2025-02-12T21:45:21.620969" elapsed="0.000011"/>
</return>
<msg time="2025-02-12T21:45:21.621021" level="INFO">${output} = u0061</msg>
<var>${output}</var>
<arg>${raw_output}</arg>
<status status="PASS" start="2025-02-12T21:45:21.618738" elapsed="0.002289"/>
</kw>
<kw name="Log Debug Info">
<kw name="Get Current Date" owner="DateTime">
<msg time="2025-02-12T21:45:21.621210" level="INFO">${timestamp} = 2025-02-12 21:45:21.621189</msg>
<var>${timestamp}</var>
<arg>result_format=%Y-%m-%d %H:%M:%S.%f</arg>
<doc>Returns current local or UTC time with an optional increment.</doc>
<status status="PASS" start="2025-02-12T21:45:21.621155" elapsed="0.000062"/>
</kw>
<kw name="Append To File" owner="OperatingSystem">
<msg time="2025-02-12T21:45:21.621357" level="INFO" html="true">Appended to file '&lt;a href="file:///Users/tanakrit/Documents/GitHub/RobotFramewokForIDE/NewFormatOfRobot/execution.log"&gt;/Users/tanakrit/Documents/GitHub/RobotFramewokForIDE/NewFormatOfRobot/execution.log&lt;/a&gt;'.</msg>
<arg>${LOG_FILE}</arg>
<arg>${timestamp}: ${message}\n</arg>
<doc>Appends the given content to the specified file.</doc>
<status status="PASS" start="2025-02-12T21:45:21.621249" elapsed="0.000126"/>
</kw>
<arg>Python final output: ${output}</arg>
<status status="PASS" start="2025-02-12T21:45:21.621067" elapsed="0.000331"/>
</kw>
<status status="PASS" start="2025-02-12T21:45:21.610604" elapsed="0.010804"/>
</branch>
<status status="PASS" start="2025-02-12T21:45:21.610206" elapsed="0.011211"/>
</if>
<status status="PASS" start="2025-02-12T21:45:21.593605" elapsed="0.027821"/>
</branch>
<branch type="ELSE IF" condition="'${language}' == 'cpp'">
<kw name="Execute CPP Code">
<var>${exec_status}</var>
<var>${result}</var>
<arg>${TEMP_DIR}/${filename}${ext}</arg>
<arg>${has_input}</arg>
<arg>${input_file}</arg>
<status status="NOT RUN" start="2025-02-12T21:45:21.621520" elapsed="0.000007"/>
</kw>
<if>
<branch type="IF" condition="'${exec_status}' == 'success'">
<kw name="Get Final Output">
<var>${raw_output}</var>
<arg>${result.stdout}</arg>
<status status="NOT RUN" start="2025-02-12T21:45:21.621622" elapsed="0.000007"/>
</kw>
<kw name="Normalize Output">
<var>${output}</var>
<arg>${raw_output}</arg>
<status status="NOT RUN" start="2025-02-12T21:45:21.621716" elapsed="0.000006"/>
</kw>
<kw name="Log Debug Info">
<arg>C++ final output: ${output}</arg>
<status status="NOT RUN" start="2025-02-12T21:45:21.621754" elapsed="0.000005"/>
</kw>
<status status="NOT RUN" start="2025-02-12T21:45:21.621553" elapsed="0.000234"/>
</branch>
<branch type="ELSE">
<kw name="Set Variable" owner="BuiltIn">
<var>${status}</var>
<arg>${exec_status}</arg>
<doc>Returns the given values which can then be assigned to a variables.</doc>
<status status="NOT RUN" start="2025-02-12T21:45:21.621829" elapsed="0.000006"/>
</kw>
<kw name="Set Variable" owner="BuiltIn">
<var>${output}</var>
<arg>${result.stdout}</arg>
<doc>Returns the given values which can then be assigned to a variables.</doc>
<status status="NOT RUN" start="2025-02-12T21:45:21.621866" elapsed="0.000005"/>
</kw>
<status status="NOT RUN" start="2025-02-12T21:45:21.621796" elapsed="0.000085"/>
</branch>
<status status="NOT RUN" start="2025-02-12T21:45:21.621547" elapsed="0.000341"/>
</if>
<status status="NOT RUN" start="2025-02-12T21:45:21.621436" elapsed="0.000465"/>
</branch>
<branch type="ELSE IF" condition="'${language}' == 'rust'">
<kw name="Execute Rust Code">
<var>${exec_status}</var>
<var>${result}</var>
<arg>${TEMP_DIR}/${filename}${ext}</arg>
<arg>${has_input}</arg>
<arg>${input_file}</arg>
<status status="NOT RUN" start="2025-02-12T21:45:21.621977" elapsed="0.000006"/>
</kw>
<if>
<branch type="IF" condition="'${exec_status}' == 'success'">
<kw name="Get Final Output">
<var>${raw_output}</var>
<arg>${result.stdout}</arg>
<status status="NOT RUN" start="2025-02-12T21:45:21.622069" elapsed="0.000005"/>
</kw>
<kw name="Normalize Output">
<var>${output}</var>
<arg>${raw_output}</arg>
<status status="NOT RUN" start="2025-02-12T21:45:21.622155" elapsed="0.000006"/>
</kw>
<kw name="Log Debug Info">
<arg>Rust final output: ${output}</arg>
<status status="NOT RUN" start="2025-02-12T21:45:21.622193" elapsed="0.000005"/>
</kw>
<status status="NOT RUN" start="2025-02-12T21:45:21.622006" elapsed="0.000201"/>
</branch>
<branch type="ELSE">
<kw name="Set Variable" owner="BuiltIn">
<var>${status}</var>
<arg>${exec_status}</arg>
<doc>Returns the given values which can then be assigned to a variables.</doc>
<status status="NOT RUN" start="2025-02-12T21:45:21.622245" elapsed="0.000006"/>
</kw>
<kw name="Set Variable" owner="BuiltIn">
<var>${output}</var>
<arg>${result.stdout}</arg>
<doc>Returns the given values which can then be assigned to a variables.</doc>
<status status="NOT RUN" start="2025-02-12T21:45:21.622281" elapsed="0.000005"/>
</kw>
<status status="NOT RUN" start="2025-02-12T21:45:21.622214" elapsed="0.000081"/>
</branch>
<status status="NOT RUN" start="2025-02-12T21:45:21.622002" elapsed="0.000301"/>
</if>
<status status="NOT RUN" start="2025-02-12T21:45:21.621908" elapsed="0.000406"/>
</branch>
<branch type="ELSE IF" condition="'${language}' == 'javascript'">
<kw name="Execute JavaScript Code">
<var>${result}</var>
<arg>${TEMP_DIR}/${filename}${ext}</arg>
<arg>${has_input}</arg>
<arg>${input_file}</arg>
<status status="NOT RUN" start="2025-02-12T21:45:21.622379" elapsed="0.000008"/>
</kw>
<if>
<branch type="IF" condition="${result.rc} != 0">
<kw name="Set Variable" owner="BuiltIn">
<var>${status}</var>
<arg>runtime_error</arg>
<doc>Returns the given values which can then be assigned to a variables.</doc>
<status status="NOT RUN" start="2025-02-12T21:45:21.622444" elapsed="0.000006"/>
</kw>
<kw name="Set Variable" owner="BuiltIn">
<var>${output}</var>
<arg>${result.stdout}</arg>
<doc>Returns the given values which can then be assigned to a variables.</doc>
<status status="NOT RUN" start="2025-02-12T21:45:21.622484" elapsed="0.000005"/>
</kw>
<kw name="Log Debug Info">
<arg>JavaScript runtime error: ${result.stdout}</arg>
<status status="NOT RUN" start="2025-02-12T21:45:21.622524" elapsed="0.000006"/>
</kw>
<status status="NOT RUN" start="2025-02-12T21:45:21.622411" elapsed="0.000128"/>
</branch>
<branch type="ELSE">
<kw name="Get Final Output">
<var>${raw_output}</var>
<arg>${result.stdout}</arg>
<status status="NOT RUN" start="2025-02-12T21:45:21.622614" elapsed="0.000005"/>
</kw>
<kw name="Normalize Output">
<var>${output}</var>
<arg>${raw_output}</arg>
<status status="NOT RUN" start="2025-02-12T21:45:21.622701" elapsed="0.000005"/>
</kw>
<kw name="Log Debug Info">
<arg>JavaScript final output: ${output}</arg>
<status status="NOT RUN" start="2025-02-12T21:45:21.622737" elapsed="0.000004"/>
</kw>
<status status="NOT RUN" start="2025-02-12T21:45:21.622547" elapsed="0.000203"/>
</branch>
<status status="NOT RUN" start="2025-02-12T21:45:21.622407" elapsed="0.000349"/>
</if>
<status status="NOT RUN" start="2025-02-12T21:45:21.622323" elapsed="0.000441"/>
</branch>
<status status="PASS" start="2025-02-12T21:45:21.593600" elapsed="0.029171"/>
</if>
<status status="PASS" start="2025-02-12T21:45:21.593585" elapsed="0.029194"/>
</branch>
<branch type="EXCEPT" assign="${error}">
<kw name="Set Variable" owner="BuiltIn">
<var>${status}</var>
<arg>runtime_error</arg>
<doc>Returns the given values which can then be assigned to a variables.</doc>
<status status="NOT RUN" start="2025-02-12T21:45:21.622824" elapsed="0.000005"/>
</kw>
<kw name="Set Variable" owner="BuiltIn">
<var>${output}</var>
<arg>${error}</arg>
<doc>Returns the given values which can then be assigned to a variables.</doc>
<status status="NOT RUN" start="2025-02-12T21:45:21.622860" elapsed="0.000004"/>
</kw>
<kw name="Log Debug Info">
<arg>Exception occurred: ${error}</arg>
<status status="NOT RUN" start="2025-02-12T21:45:21.622897" elapsed="0.000006"/>
</kw>
<status status="NOT RUN" start="2025-02-12T21:45:21.622793" elapsed="0.000119"/>
</branch>
<status status="PASS" start="2025-02-12T21:45:21.593567" elapsed="0.029355"/>
</try>
<kw name="Log Debug Info">
<kw name="Get Current Date" owner="DateTime">
<msg time="2025-02-12T21:45:21.623173" level="INFO">${timestamp} = 2025-02-12 21:45:21.623148</msg>
<var>${timestamp}</var>
<arg>result_format=%Y-%m-%d %H:%M:%S.%f</arg>
<doc>Returns current local or UTC time with an optional increment.</doc>
<status status="PASS" start="2025-02-12T21:45:21.623112" elapsed="0.000069"/>
</kw>
<kw name="Append To File" owner="OperatingSystem">
<msg time="2025-02-12T21:45:21.623340" level="INFO" html="true">Appended to file '&lt;a href="file:///Users/tanakrit/Documents/GitHub/RobotFramewokForIDE/NewFormatOfRobot/execution.log"&gt;/Users/tanakrit/Documents/GitHub/RobotFramewokForIDE/NewFormatOfRobot/execution.log&lt;/a&gt;'.</msg>
<arg>${LOG_FILE}</arg>
<arg>${timestamp}: ${message}\n</arg>
<doc>Appends the given content to the specified file.</doc>
<status status="PASS" start="2025-02-12T21:45:21.623216" elapsed="0.000152"/>
</kw>
<arg>Final execution status: ${status}</arg>
<status status="PASS" start="2025-02-12T21:45:21.622953" elapsed="0.000436"/>
</kw>
<kw name="Log Debug Info">
<kw name="Get Current Date" owner="DateTime">
<msg time="2025-02-12T21:45:21.623571" level="INFO">${timestamp} = 2025-02-12 21:45:21.623550</msg>
<var>${timestamp}</var>
<arg>result_format=%Y-%m-%d %H:%M:%S.%f</arg>
<doc>Returns current local or UTC time with an optional increment.</doc>
<status status="PASS" start="2025-02-12T21:45:21.623514" elapsed="0.000065"/>
</kw>
<kw name="Append To File" owner="OperatingSystem">
<msg time="2025-02-12T21:45:21.623715" level="INFO" html="true">Appended to file '&lt;a href="file:///Users/tanakrit/Documents/GitHub/RobotFramewokForIDE/NewFormatOfRobot/execution.log"&gt;/Users/tanakrit/Documents/GitHub/RobotFramewokForIDE/NewFormatOfRobot/execution.log&lt;/a&gt;'.</msg>
<arg>${LOG_FILE}</arg>
<arg>${timestamp}: ${message}\n</arg>
<doc>Appends the given content to the specified file.</doc>
<status status="PASS" start="2025-02-12T21:45:21.623616" elapsed="0.000131"/>
</kw>
<arg>Final processed output: ${output}</arg>
<status status="PASS" start="2025-02-12T21:45:21.623426" elapsed="0.000341"/>
</kw>
<return>
<value>${status}</value>
<value>${output}</value>
<status status="PASS" start="2025-02-12T21:45:21.623781" elapsed="0.000010"/>
</return>
<msg time="2025-02-12T21:45:21.623846" level="INFO">${status} = success</msg>
<msg time="2025-02-12T21:45:21.623859" level="INFO">${actual_output} = u0061</msg>
<var>${status}</var>
<var>${actual_output}</var>
<arg>${code}</arg>
<arg>${language}</arg>
<arg>${test_case}[input]</arg>
<status status="PASS" start="2025-02-12T21:45:21.588358" elapsed="0.035508"/>
</kw>
<if>
<branch type="IF" condition="'${status}' == 'success'">
<kw name="Compare Outputs">
<kw name="Normalize Output">
<kw name="Set Variable" owner="BuiltIn">
<msg time="2025-02-12T21:45:21.624312" level="INFO">${normalized} = u0061</msg>
<var>${normalized}</var>
<arg>${output}</arg>
<doc>Returns the given values which can then be assigned to a variables.</doc>
<status status="PASS" start="2025-02-12T21:45:21.624267" elapsed="0.000052"/>
</kw>
<kw name="Run Keyword And Return Status" owner="BuiltIn">
<kw name="Should Be Empty" owner="BuiltIn">
<msg time="2025-02-12T21:45:21.624439" level="INFO">Length is 5.</msg>
<msg time="2025-02-12T21:45:21.624466" level="FAIL">'u0061' should be empty.</msg>
<arg>${normalized}</arg>
<doc>Verifies that the given item is empty.</doc>
<status status="FAIL" start="2025-02-12T21:45:21.624402" elapsed="0.000086">'u0061' should be empty.</status>
</kw>
<msg time="2025-02-12T21:45:21.624515" level="INFO">${is_empty} = False</msg>
<var>${is_empty}</var>
<arg>Should Be Empty</arg>
<arg>${normalized}</arg>
<doc>Runs the given keyword with given arguments and returns the status as a Boolean value.</doc>
<status status="PASS" start="2025-02-12T21:45:21.624357" elapsed="0.000165"/>
</kw>
<if>
<branch type="IF" condition="${is_empty}">
<return>
<value>${normalized}</value>
<status status="NOT RUN" start="2025-02-12T21:45:21.624566" elapsed="0.000004"/>
</return>
<status status="NOT RUN" start="2025-02-12T21:45:21.624544" elapsed="0.000035"/>
</branch>
<status status="PASS" start="2025-02-12T21:45:21.624539" elapsed="0.000047"/>
</if>
<kw name="Split To Lines" owner="String">
<msg time="2025-02-12T21:45:21.624653" level="INFO">1 lines returned</msg>
<msg time="2025-02-12T21:45:21.624674" level="INFO">${lines} = ['u0061']</msg>
<var>${lines}</var>
<arg>${normalized}</arg>
<doc>Splits the given string to lines.</doc>
<status status="PASS" start="2025-02-12T21:45:21.624617" elapsed="0.000063"/>
</kw>
<kw name="Create List" owner="BuiltIn">
<msg time="2025-02-12T21:45:21.624747" level="INFO">${stripped_lines} = []</msg>
<var>${stripped_lines}</var>
<doc>Returns a list containing given items.</doc>
<status status="PASS" start="2025-02-12T21:45:21.624714" elapsed="0.000039"/>
</kw>
<for flavor="IN">
<iter>
<kw name="Strip String" owner="String">
<msg time="2025-02-12T21:45:21.624902" level="INFO">${stripped} = u0061</msg>
<var>${stripped}</var>
<arg>${line}</arg>
<doc>Remove leading and/or trailing whitespaces from the given string.</doc>
<status status="PASS" start="2025-02-12T21:45:21.624856" elapsed="0.000053"/>
</kw>
<kw name="Continue For Loop If" owner="BuiltIn">
<arg>'${stripped}' == ''</arg>
<doc>Skips the current FOR loop iteration if the ``condition`` is true.</doc>
<status status="PASS" start="2025-02-12T21:45:21.624944" elapsed="0.000065"/>
</kw>
<try>
<branch type="TRY">
<kw name="Convert To Number" owner="BuiltIn">
<msg time="2025-02-12T21:45:21.625137" level="FAIL">'u0061' cannot be converted to a floating point number: ValueError: could not convert string to float: 'u0061'</msg>
<var>${as_number}</var>
<arg>${stripped}</arg>
<doc>Converts the given item to a floating point number.</doc>
<status status="FAIL" start="2025-02-12T21:45:21.625067" elapsed="0.000120">'u0061' cannot be converted to a floating point number: ValueError: could not convert string to float: 'u0061'</status>
</kw>
<kw name="Convert To String" owner="BuiltIn">
<var>${normalized_line}</var>
<arg>${as_number}</arg>
<doc>Converts the given item to a Unicode string.</doc>
<status status="NOT RUN" start="2025-02-12T21:45:21.625229" elapsed="0.000006"/>
</kw>
<status status="FAIL" start="2025-02-12T21:45:21.625036" elapsed="0.000219">'u0061' cannot be converted to a floating point number: ValueError: could not convert string to float: 'u0061'</status>
</branch>
<branch type="EXCEPT">
<kw name="Set Variable" owner="BuiltIn">
<msg time="2025-02-12T21:45:21.625348" level="INFO">${normalized_line} = u0061</msg>
<var>${normalized_line}</var>
<arg>${stripped}</arg>
<doc>Returns the given values which can then be assigned to a variables.</doc>
<status status="PASS" start="2025-02-12T21:45:21.625301" elapsed="0.000054"/>
</kw>
<status status="PASS" start="2025-02-12T21:45:21.625271" elapsed="0.000095"/>
</branch>
<status status="PASS" start="2025-02-12T21:45:21.625025" elapsed="0.000351"/>
</try>
<kw name="Append To List" owner="Collections">
<arg>${stripped_lines}</arg>
<arg>${normalized_line}</arg>
<doc>Adds ``values`` to the end of ``list``.</doc>
<status status="PASS" start="2025-02-12T21:45:21.625406" elapsed="0.000046"/>
</kw>
<var name="${line}">u0061</var>
<status status="PASS" start="2025-02-12T21:45:21.624828" elapsed="0.000635"/>
</iter>
<var>${line}</var>
<value>@{lines}</value>
<status status="PASS" start="2025-02-12T21:45:21.624768" elapsed="0.000705"/>
</for>
<kw name="Evaluate" owner="BuiltIn">
<msg time="2025-02-12T21:45:21.625587" level="INFO">${normalized} = u0061</msg>
<var>${normalized}</var>
<arg>"\\n".join($stripped_lines)</arg>
<doc>Evaluates the given expression in Python and returns the result.</doc>
<status status="PASS" start="2025-02-12T21:45:21.625507" elapsed="0.000087"/>
</kw>
<kw name="Strip String" owner="String">
<msg time="2025-02-12T21:45:21.625678" level="INFO">${normalized} = u0061</msg>
<var>${normalized}</var>
<arg>${normalized}</arg>
<doc>Remove leading and/or trailing whitespaces from the given string.</doc>
<status status="PASS" start="2025-02-12T21:45:21.625628" elapsed="0.000056"/>
</kw>
<kw name="Log Debug Info">
<kw name="Get Current Date" owner="DateTime">
<msg time="2025-02-12T21:45:21.625864" level="INFO">${timestamp} = 2025-02-12 21:45:21.625843</msg>
<var>${timestamp}</var>
<arg>result_format=%Y-%m-%d %H:%M:%S.%f</arg>
<doc>Returns current local or UTC time with an optional increment.</doc>
<status status="PASS" start="2025-02-12T21:45:21.625809" elapsed="0.000062"/>
</kw>
<kw name="Append To File" owner="OperatingSystem">
<msg time="2025-02-12T21:45:21.626086" level="INFO" html="true">Appended to file '&lt;a href="file:///Users/tanakrit/Documents/GitHub/RobotFramewokForIDE/NewFormatOfRobot/execution.log"&gt;/Users/tanakrit/Documents/GitHub/RobotFramewokForIDE/NewFormatOfRobot/execution.log&lt;/a&gt;'.</msg>
<arg>${LOG_FILE}</arg>
<arg>${timestamp}: ${message}\n</arg>
<doc>Appends the given content to the specified file.</doc>
<status status="PASS" start="2025-02-12T21:45:21.625904" elapsed="0.000215"/>
</kw>
<arg>Normalized output: ${normalized}</arg>
<status status="PASS" start="2025-02-12T21:45:21.625721" elapsed="0.000419"/>
</kw>
<return>
<value>${normalized}</value>
<status status="PASS" start="2025-02-12T21:45:21.626153" elapsed="0.000010"/>
</return>
<msg time="2025-02-12T21:45:21.626203" level="INFO">${normalized_student} = u0061</msg>
<var>${normalized_student}</var>
<arg>${student_output}</arg>
<status status="PASS" start="2025-02-12T21:45:21.624188" elapsed="0.002022"/>
</kw>
<kw name="Normalize Output">
<kw name="Set Variable" owner="BuiltIn">
<msg time="2025-02-12T21:45:21.626435" level="INFO">${normalized} = u0061</msg>
<var>${normalized}</var>
<arg>${output}</arg>
<doc>Returns the given values which can then be assigned to a variables.</doc>
<status status="PASS" start="2025-02-12T21:45:21.626391" elapsed="0.000051"/>
</kw>
<kw name="Run Keyword And Return Status" owner="BuiltIn">
<kw name="Should Be Empty" owner="BuiltIn">
<msg time="2025-02-12T21:45:21.626561" level="INFO">Length is 5.</msg>
<msg time="2025-02-12T21:45:21.626586" level="FAIL">'u0061' should be empty.</msg>
<arg>${normalized}</arg>
<doc>Verifies that the given item is empty.</doc>
<status status="FAIL" start="2025-02-12T21:45:21.626525" elapsed="0.000081">'u0061' should be empty.</status>
</kw>
<msg time="2025-02-12T21:45:21.626633" level="INFO">${is_empty} = False</msg>
<var>${is_empty}</var>
<arg>Should Be Empty</arg>
<arg>${normalized}</arg>
<doc>Runs the given keyword with given arguments and returns the status as a Boolean value.</doc>
<status status="PASS" start="2025-02-12T21:45:21.626480" elapsed="0.000160"/>
</kw>
<if>
<branch type="IF" condition="${is_empty}">
<return>
<value>${normalized}</value>
<status status="NOT RUN" start="2025-02-12T21:45:21.626701" elapsed="0.000004"/>
</return>
<status status="NOT RUN" start="2025-02-12T21:45:21.626678" elapsed="0.000036"/>
</branch>
<status status="PASS" start="2025-02-12T21:45:21.626673" elapsed="0.000048"/>
</if>
<kw name="Split To Lines" owner="String">
<msg time="2025-02-12T21:45:21.626791" level="INFO">1 lines returned</msg>
<msg time="2025-02-12T21:45:21.626811" level="INFO">${lines} = ['u0061']</msg>
<var>${lines}</var>
<arg>${normalized}</arg>
<doc>Splits the given string to lines.</doc>
<status status="PASS" start="2025-02-12T21:45:21.626753" elapsed="0.000064"/>
</kw>
<kw name="Create List" owner="BuiltIn">
<msg time="2025-02-12T21:45:21.626886" level="INFO">${stripped_lines} = []</msg>
<var>${stripped_lines}</var>
<doc>Returns a list containing given items.</doc>
<status status="PASS" start="2025-02-12T21:45:21.626852" elapsed="0.000040"/>
</kw>
<for flavor="IN">
<iter>
<kw name="Strip String" owner="String">
<msg time="2025-02-12T21:45:21.627041" level="INFO">${stripped} = u0061</msg>
<var>${stripped}</var>
<arg>${line}</arg>
<doc>Remove leading and/or trailing whitespaces from the given string.</doc>
<status status="PASS" start="2025-02-12T21:45:21.626995" elapsed="0.000053"/>
</kw>
<kw name="Continue For Loop If" owner="BuiltIn">
<arg>'${stripped}' == ''</arg>
<doc>Skips the current FOR loop iteration if the ``condition`` is true.</doc>
<status status="PASS" start="2025-02-12T21:45:21.627088" elapsed="0.000064"/>
</kw>
<try>
<branch type="TRY">
<kw name="Convert To Number" owner="BuiltIn">
<msg time="2025-02-12T21:45:21.627276" level="FAIL">'u0061' cannot be converted to a floating point number: ValueError: could not convert string to float: 'u0061'</msg>
<var>${as_number}</var>
<arg>${stripped}</arg>
<doc>Converts the given item to a floating point number.</doc>
<status status="FAIL" start="2025-02-12T21:45:21.627208" elapsed="0.000108">'u0061' cannot be converted to a floating point number: ValueError: could not convert string to float: 'u0061'</status>
</kw>
<kw name="Convert To String" owner="BuiltIn">
<var>${normalized_line}</var>
<arg>${as_number}</arg>
<doc>Converts the given item to a Unicode string.</doc>
<status status="NOT RUN" start="2025-02-12T21:45:21.627358" elapsed="0.000006"/>
</kw>
<status status="FAIL" start="2025-02-12T21:45:21.627178" elapsed="0.000205">'u0061' cannot be converted to a floating point number: ValueError: could not convert string to float: 'u0061'</status>
</branch>
<branch type="EXCEPT">
<kw name="Set Variable" owner="BuiltIn">
<msg time="2025-02-12T21:45:21.627483" level="INFO">${normalized_line} = u0061</msg>
<var>${normalized_line}</var>
<arg>${stripped}</arg>
<doc>Returns the given values which can then be assigned to a variables.</doc>
<status status="PASS" start="2025-02-12T21:45:21.627436" elapsed="0.000053"/>
</kw>
<status status="PASS" start="2025-02-12T21:45:21.627400" elapsed="0.000100"/>
</branch>
<status status="PASS" start="2025-02-12T21:45:21.627168" elapsed="0.000343"/>
</try>
<kw name="Append To List" owner="Collections">
<arg>${stripped_lines}</arg>
<arg>${normalized_line}</arg>
<doc>Adds ``values`` to the end of ``list``.</doc>
<status status="PASS" start="2025-02-12T21:45:21.627541" elapsed="0.000048"/>
</kw>
<var name="${line}">u0061</var>
<status status="PASS" start="2025-02-12T21:45:21.626968" elapsed="0.000633"/>
</iter>
<var>${line}</var>
<value>@{lines}</value>
<status status="PASS" start="2025-02-12T21:45:21.626908" elapsed="0.000702"/>
</for>
<kw name="Evaluate" owner="BuiltIn">
<msg time="2025-02-12T21:45:21.627721" level="INFO">${normalized} = u0061</msg>
<var>${normalized}</var>
<arg>"\\n".join($stripped_lines)</arg>
<doc>Evaluates the given expression in Python and returns the result.</doc>
<status status="PASS" start="2025-02-12T21:45:21.627644" elapsed="0.000085"/>
</kw>
<kw name="Strip String" owner="String">
<msg time="2025-02-12T21:45:21.627809" level="INFO">${normalized} = u0061</msg>
<var>${normalized}</var>
<arg>${normalized}</arg>
<doc>Remove leading and/or trailing whitespaces from the given string.</doc>
<status status="PASS" start="2025-02-12T21:45:21.627763" elapsed="0.000053"/>
</kw>
<kw name="Log Debug Info">
<kw name="Get Current Date" owner="DateTime">
<msg time="2025-02-12T21:45:21.628008" level="INFO">${timestamp} = 2025-02-12 21:45:21.627988</msg>
<var>${timestamp}</var>
<arg>result_format=%Y-%m-%d %H:%M:%S.%f</arg>
<doc>Returns current local or UTC time with an optional increment.</doc>
<status status="PASS" start="2025-02-12T21:45:21.627954" elapsed="0.000061"/>
</kw>
<kw name="Append To File" owner="OperatingSystem">
<msg time="2025-02-12T21:45:21.628160" level="INFO" html="true">Appended to file '&lt;a href="file:///Users/tanakrit/Documents/GitHub/RobotFramewokForIDE/NewFormatOfRobot/execution.log"&gt;/Users/tanakrit/Documents/GitHub/RobotFramewokForIDE/NewFormatOfRobot/execution.log&lt;/a&gt;'.</msg>
<arg>${LOG_FILE}</arg>
<arg>${timestamp}: ${message}\n</arg>
<doc>Appends the given content to the specified file.</doc>
<status status="PASS" start="2025-02-12T21:45:21.628049" elapsed="0.000140"/>
</kw>
<arg>Normalized output: ${normalized}</arg>
<status status="PASS" start="2025-02-12T21:45:21.627853" elapsed="0.000356"/>
</kw>
<return>
<value>${normalized}</value>
<status status="PASS" start="2025-02-12T21:45:21.628222" elapsed="0.000009"/>
</return>
<msg time="2025-02-12T21:45:21.628271" level="INFO">${normalized_expected} = u0061</msg>
<var>${normalized_expected}</var>
<arg>${expected_output}</arg>
<status status="PASS" start="2025-02-12T21:45:21.626307" elapsed="0.001971"/>
</kw>
<kw name="Split To Lines" owner="String">
<msg time="2025-02-12T21:45:21.628359" level="INFO">1 lines returned</msg>
<msg time="2025-02-12T21:45:21.628380" level="INFO">${student_lines} = ['u0061']</msg>
<var>${student_lines}</var>
<arg>${normalized_student}</arg>
<doc>Splits the given string to lines.</doc>
<status status="PASS" start="2025-02-12T21:45:21.628320" elapsed="0.000066"/>
</kw>
<kw name="Split To Lines" owner="String">
<msg time="2025-02-12T21:45:21.628456" level="INFO">1 lines returned</msg>
<msg time="2025-02-12T21:45:21.628475" level="INFO">${expected_lines} = ['u0061']</msg>
<var>${expected_lines}</var>
<arg>${normalized_expected}</arg>
<doc>Splits the given string to lines.</doc>
<status status="PASS" start="2025-02-12T21:45:21.628420" elapsed="0.000061"/>
</kw>
<kw name="Get Length" owner="BuiltIn">
<msg time="2025-02-12T21:45:21.628550" level="INFO">Length is 1.</msg>
<msg time="2025-02-12T21:45:21.628570" level="INFO">${student_length} = 1</msg>
<var>${student_length}</var>
<arg>${student_lines}</arg>
<doc>Returns and logs the length of the given item as an integer.</doc>
<status status="PASS" start="2025-02-12T21:45:21.628518" elapsed="0.000058"/>
</kw>
<kw name="Get Length" owner="BuiltIn">
<msg time="2025-02-12T21:45:21.628642" level="INFO">Length is 1.</msg>
<msg time="2025-02-12T21:45:21.628664" level="INFO">${expected_length} = 1</msg>
<var>${expected_length}</var>
<arg>${expected_lines}</arg>
<doc>Returns and logs the length of the given item as an integer.</doc>
<status status="PASS" start="2025-02-12T21:45:21.628609" elapsed="0.000061"/>
</kw>
<if>
<branch type="IF" condition="${student_length} != ${expected_length}">
<kw name="Log Debug Info">
<arg>Different number of lines - Student: ${student_length}, Expected: ${expected_length}</arg>
<status status="NOT RUN" start="2025-02-12T21:45:21.628756" elapsed="0.000006"/>
</kw>
<return>
<value>${FALSE}</value>
<status status="NOT RUN" start="2025-02-12T21:45:21.628775" elapsed="0.000003"/>
</return>
<status status="NOT RUN" start="2025-02-12T21:45:21.628692" elapsed="0.000094"/>
</branch>
<status status="PASS" start="2025-02-12T21:45:21.628686" elapsed="0.000107"/>
</if>
<for flavor="IN RANGE">
<iter>
<kw name="Get From List" owner="Collections">
<msg time="2025-02-12T21:45:21.629040" level="INFO">${student_line} = u0061</msg>
<var>${student_line}</var>
<arg>${student_lines}</arg>
<arg>${index}</arg>
<doc>Returns the value specified with an ``index`` from ``list``.</doc>
<status status="PASS" start="2025-02-12T21:45:21.628907" elapsed="0.000140"/>
</kw>
<kw name="Get From List" owner="Collections">
<msg time="2025-02-12T21:45:21.629159" level="INFO">${expected_line} = u0061</msg>
<var>${expected_line}</var>
<arg>${expected_lines}</arg>
<arg>${index}</arg>
<doc>Returns the value specified with an ``index`` from ``list``.</doc>
<status status="PASS" start="2025-02-12T21:45:21.629104" elapsed="0.000061"/>
</kw>
<kw name="Replace String" owner="String">
<msg time="2025-02-12T21:45:21.629393" level="INFO">${student_line} = u0061</msg>
<var>${student_line}</var>
<arg>${student_line}</arg>
<arg>\r</arg>
<arg>${EMPTY}</arg>
<doc>Replaces ``search_for`` in the given ``string`` with ``replace_with``.</doc>
<status status="PASS" start="2025-02-12T21:45:21.629201" elapsed="0.000199"/>
</kw>
<kw name="Replace String" owner="String">
<msg time="2025-02-12T21:45:21.629619" level="INFO">${expected_line} = u0061</msg>
<var>${expected_line}</var>
<arg>${expected_line}</arg>
<arg>\r</arg>
<arg>${EMPTY}</arg>
<doc>Replaces ``search_for`` in the given ``string`` with ``replace_with``.</doc>
<status status="PASS" start="2025-02-12T21:45:21.629440" elapsed="0.000187"/>
</kw>
<kw name="Strip String" owner="String">
<msg time="2025-02-12T21:45:21.629713" level="INFO">${student_line} = u0061</msg>
<var>${student_line}</var>
<arg>${student_line}</arg>
<doc>Remove leading and/or trailing whitespaces from the given string.</doc>
<status status="PASS" start="2025-02-12T21:45:21.629664" elapsed="0.000056"/>
</kw>
<kw name="Strip String" owner="String">
<msg time="2025-02-12T21:45:21.629798" level="INFO">${expected_line} = u0061</msg>
<var>${expected_line}</var>
<arg>${expected_line}</arg>
<doc>Remove leading and/or trailing whitespaces from the given string.</doc>
<status status="PASS" start="2025-02-12T21:45:21.629754" elapsed="0.000050"/>
</kw>
<kw name="Run Keyword And Return Status" owner="BuiltIn">
<kw name="Should Be Equal As Strings" owner="BuiltIn">
<arg>${student_line}</arg>
<arg>${expected_line}</arg>
<doc>Fails if objects are unequal after converting them to strings.</doc>
<status status="PASS" start="2025-02-12T21:45:21.629895" elapsed="0.000067"/>
</kw>
<msg time="2025-02-12T21:45:21.629988" level="INFO">${line_matches} = True</msg>
<var>${line_matches}</var>
<arg>Should Be Equal As Strings</arg>
<arg>${student_line}</arg>
<arg>${expected_line}</arg>
<doc>Runs the given keyword with given arguments and returns the status as a Boolean value.</doc>
<status status="PASS" start="2025-02-12T21:45:21.629841" elapsed="0.000153"/>
</kw>
<if>
<branch type="IF" condition="not ${line_matches}">
<kw name="Log Debug Info">
<arg>Mismatch at line ${index} - Student: "${student_line}", Expected: "${expected_line}"</arg>
<status status="NOT RUN" start="2025-02-12T21:45:21.630073" elapsed="0.000007"/>
</kw>
<return>
<value>${FALSE}</value>
<status status="NOT RUN" start="2025-02-12T21:45:21.630092" elapsed="0.000004"/>
</return>
<status status="NOT RUN" start="2025-02-12T21:45:21.630017" elapsed="0.000087"/>
</branch>
<status status="PASS" start="2025-02-12T21:45:21.630012" elapsed="0.000099"/>
</if>
<var name="${index}">0</var>
<status status="PASS" start="2025-02-12T21:45:21.628879" elapsed="0.001239"/>
</iter>
<var>${index}</var>
<value>${student_length}</value>
<status status="PASS" start="2025-02-12T21:45:21.628809" elapsed="0.001318"/>
</for>
<kw name="Log Debug Info">
<kw name="Get Current Date" owner="DateTime">
<msg time="2025-02-12T21:45:21.630292" level="INFO">${timestamp} = 2025-02-12 21:45:21.630271</msg>
<var>${timestamp}</var>
<arg>result_format=%Y-%m-%d %H:%M:%S.%f</arg>
<doc>Returns current local or UTC time with an optional increment.</doc>
<status status="PASS" start="2025-02-12T21:45:21.630237" elapsed="0.000063"/>
</kw>
<kw name="Append To File" owner="OperatingSystem">
<msg time="2025-02-12T21:45:21.630445" level="INFO" html="true">Appended to file '&lt;a href="file:///Users/tanakrit/Documents/GitHub/RobotFramewokForIDE/NewFormatOfRobot/execution.log"&gt;/Users/tanakrit/Documents/GitHub/RobotFramewokForIDE/NewFormatOfRobot/execution.log&lt;/a&gt;'.</msg>
<arg>${LOG_FILE}</arg>
<arg>${timestamp}: ${message}\n</arg>
<doc>Appends the given content to the specified file.</doc>
<status status="PASS" start="2025-02-12T21:45:21.630334" elapsed="0.000142"/>
</kw>
<arg>Outputs match completely</arg>
<status status="PASS" start="2025-02-12T21:45:21.630162" elapsed="0.000334"/>
</kw>
<return>
<value>${TRUE}</value>
<status status="PASS" start="2025-02-12T21:45:21.630508" elapsed="0.000009"/>
</return>
<msg time="2025-02-12T21:45:21.630557" level="INFO">${outputs_match} = True</msg>
<var>${outputs_match}</var>
<arg>${actual_output}</arg>
<arg>${test_case}[expected]</arg>
<status status="PASS" start="2025-02-12T21:45:21.624035" elapsed="0.006528"/>
</kw>
<kw name="Set Variable If" owner="BuiltIn">
<msg time="2025-02-12T21:45:21.630656" level="INFO">${final_status} = PASS</msg>
<var>${final_status}</var>
<arg>${outputs_match}</arg>
<arg>PASS</arg>
<arg>FAIL</arg>
<doc>Sets variable based on the given condition.</doc>
<status status="PASS" start="2025-02-12T21:45:21.630604" elapsed="0.000059"/>
</kw>
<status status="PASS" start="2025-02-12T21:45:21.623909" elapsed="0.006768"/>
</branch>
<branch type="ELSE">
<kw name="Set Variable" owner="BuiltIn">
<var>${final_status}</var>
<arg>${status}</arg>
<doc>Returns the given values which can then be assigned to a variables.</doc>
<status status="NOT RUN" start="2025-02-12T21:45:21.630718" elapsed="0.000006"/>
</kw>
<status status="NOT RUN" start="2025-02-12T21:45:21.630686" elapsed="0.000048"/>
</branch>
<status status="PASS" start="2025-02-12T21:45:21.623903" elapsed="0.006837"/>
</if>
<kw name="Add Comparison Result">
<kw name="Set Variable" owner="BuiltIn">
<msg time="2025-02-12T21:45:21.630965" level="INFO">${case_key} = Case1</msg>
<var>${case_key}</var>
<arg>Case${case_number}</arg>
<doc>Returns the given values which can then be assigned to a variables.</doc>
<status status="PASS" start="2025-02-12T21:45:21.630919" elapsed="0.000053"/>
</kw>
<kw name="Create Dictionary" owner="BuiltIn">
<msg time="2025-02-12T21:45:21.631127" level="INFO">${case_result} = {'status': 'PASS', 'teacherinput': 'a', 'detail': 'Student=u0061 vs Teacher=u0061'}</msg>
<var>${case_result}</var>
[...]
</branch>
<status status="PASS" start="2025-02-12T21:45:21.796211" elapsed="0.000054"/>
</if>
<kw name="Split To Lines" owner="String">
<msg time="2025-02-12T21:45:21.796342" level="INFO">1 lines returned</msg>
<msg time="2025-02-12T21:45:21.796364" level="INFO">${lines} = ['u0065']</msg>
<var>${lines}</var>
<arg>${normalized}</arg>
<doc>Splits the given string to lines.</doc>
<status status="PASS" start="2025-02-12T21:45:21.796301" elapsed="0.000070"/>
</kw>
<kw name="Create List" owner="BuiltIn">
<msg time="2025-02-12T21:45:21.796447" level="INFO">${stripped_lines} = []</msg>
<var>${stripped_lines}</var>
<doc>Returns a list containing given items.</doc>
<status status="PASS" start="2025-02-12T21:45:21.796408" elapsed="0.000046"/>
</kw>
<for flavor="IN">
<iter>
<kw name="Strip String" owner="String">
<msg time="2025-02-12T21:45:21.796623" level="INFO">${stripped} = u0065</msg>
<var>${stripped}</var>
<arg>${line}</arg>
<doc>Remove leading and/or trailing whitespaces from the given string.</doc>
<status status="PASS" start="2025-02-12T21:45:21.796566" elapsed="0.000065"/>
</kw>
<kw name="Continue For Loop If" owner="BuiltIn">
<arg>'${stripped}' == ''</arg>
<doc>Skips the current FOR loop iteration if the ``condition`` is true.</doc>
<status status="PASS" start="2025-02-12T21:45:21.796668" elapsed="0.000076"/>
</kw>
<try>
<branch type="TRY">
<kw name="Convert To Number" owner="BuiltIn">
<msg time="2025-02-12T21:45:21.796878" level="FAIL">'u0065' cannot be converted to a floating point number: ValueError: could not convert string to float: 'u0065'</msg>
<var>${as_number}</var>
<arg>${stripped}</arg>
<doc>Converts the given item to a floating point number.</doc>
<status status="FAIL" start="2025-02-12T21:45:21.796802" elapsed="0.000120">'u0065' cannot be converted to a floating point number: ValueError: could not convert string to float: 'u0065'</status>
</kw>
<kw name="Convert To String" owner="BuiltIn">
<var>${normalized_line}</var>
<arg>${as_number}</arg>
<doc>Converts the given item to a Unicode string.</doc>
<status status="NOT RUN" start="2025-02-12T21:45:21.796967" elapsed="0.000006"/>
</kw>
<status status="FAIL" start="2025-02-12T21:45:21.796770" elapsed="0.000224">'u0065' cannot be converted to a floating point number: ValueError: could not convert string to float: 'u0065'</status>
</branch>
<branch type="EXCEPT">
<kw name="Set Variable" owner="BuiltIn">
<msg time="2025-02-12T21:45:21.797095" level="INFO">${normalized_line} = u0065</msg>
<var>${normalized_line}</var>
<arg>${stripped}</arg>
<doc>Returns the given values which can then be assigned to a variables.</doc>
<status status="PASS" start="2025-02-12T21:45:21.797042" elapsed="0.000061"/>
</kw>
<status status="PASS" start="2025-02-12T21:45:21.797010" elapsed="0.000105"/>
</branch>
<status status="PASS" start="2025-02-12T21:45:21.796760" elapsed="0.000367"/>
</try>
<kw name="Append To List" owner="Collections">
<arg>${stripped_lines}</arg>
<arg>${normalized_line}</arg>
<doc>Adds ``values`` to the end of ``list``.</doc>
<status status="PASS" start="2025-02-12T21:45:21.797160" elapsed="0.000049"/>
</kw>
<var name="${line}">u0065</var>
<status status="PASS" start="2025-02-12T21:45:21.796535" elapsed="0.000685"/>
</iter>
<var>${line}</var>
<value>@{lines}</value>
<status status="PASS" start="2025-02-12T21:45:21.796470" elapsed="0.000760"/>
</for>
<kw name="Evaluate" owner="BuiltIn">
<msg time="2025-02-12T21:45:21.797347" level="INFO">${normalized} = u0065</msg>
<var>${normalized}</var>
<arg>"\\n".join($stripped_lines)</arg>
<doc>Evaluates the given expression in Python and returns the result.</doc>
<status status="PASS" start="2025-02-12T21:45:21.797266" elapsed="0.000088"/>
</kw>
<kw name="Strip String" owner="String">
<msg time="2025-02-12T21:45:21.797436" level="INFO">${normalized} = u0065</msg>
<var>${normalized}</var>
<arg>${normalized}</arg>
<doc>Remove leading and/or trailing whitespaces from the given string.</doc>
<status status="PASS" start="2025-02-12T21:45:21.797388" elapsed="0.000054"/>
</kw>
<kw name="Log Debug Info">
<kw name="Get Current Date" owner="DateTime">
<msg time="2025-02-12T21:45:21.797621" level="INFO">${timestamp} = 2025-02-12 21:45:21.797600</msg>
<var>${timestamp}</var>
<arg>result_format=%Y-%m-%d %H:%M:%S.%f</arg>
<doc>Returns current local or UTC time with an optional increment.</doc>
<status status="PASS" start="2025-02-12T21:45:21.797565" elapsed="0.000065"/>
</kw>
<kw name="Append To File" owner="OperatingSystem">
<msg time="2025-02-12T21:45:21.797778" level="INFO" html="true">Appended to file '&lt;a href="file:///Users/tanakrit/Documents/GitHub/RobotFramewokForIDE/NewFormatOfRobot/execution.log"&gt;/Users/tanakrit/Documents/GitHub/RobotFramewokForIDE/NewFormatOfRobot/execution.log&lt;/a&gt;'.</msg>
<arg>${LOG_FILE}</arg>
<arg>${timestamp}: ${message}\n</arg>
<doc>Appends the given content to the specified file.</doc>
<status status="PASS" start="2025-02-12T21:45:21.797663" elapsed="0.000135"/>
</kw>
<arg>Normalized output: ${normalized}</arg>
<status status="PASS" start="2025-02-12T21:45:21.797480" elapsed="0.000339"/>
</kw>
<return>
<value>${normalized}</value>
<status status="PASS" start="2025-02-12T21:45:21.797832" elapsed="0.000009"/>
</return>
<msg time="2025-02-12T21:45:21.797881" level="INFO">${normalized_expected} = u0065</msg>
<var>${normalized_expected}</var>
<arg>${expected_output}</arg>
<status status="PASS" start="2025-02-12T21:45:21.795815" elapsed="0.002073"/>
</kw>
<kw name="Split To Lines" owner="String">
<msg time="2025-02-12T21:45:21.797964" level="INFO">1 lines returned</msg>
<msg time="2025-02-12T21:45:21.797985" level="INFO">${student_lines} = ['u0065']</msg>
<var>${student_lines}</var>
<arg>${normalized_student}</arg>
<doc>Splits the given string to lines.</doc>
<status status="PASS" start="2025-02-12T21:45:21.797924" elapsed="0.000068"/>
</kw>
<kw name="Split To Lines" owner="String">
<msg time="2025-02-12T21:45:21.798064" level="INFO">1 lines returned</msg>
<msg time="2025-02-12T21:45:21.798083" level="INFO">${expected_lines} = ['u0065']</msg>
<var>${expected_lines}</var>
<arg>${normalized_expected}</arg>
<doc>Splits the given string to lines.</doc>
<status status="PASS" start="2025-02-12T21:45:21.798028" elapsed="0.000061"/>
</kw>
<kw name="Get Length" owner="BuiltIn">
<msg time="2025-02-12T21:45:21.798160" level="INFO">Length is 1.</msg>
<msg time="2025-02-12T21:45:21.798180" level="INFO">${student_length} = 1</msg>
<var>${student_length}</var>
<arg>${student_lines}</arg>
<doc>Returns and logs the length of the given item as an integer.</doc>
<status status="PASS" start="2025-02-12T21:45:21.798125" elapsed="0.000061"/>
</kw>
<kw name="Get Length" owner="BuiltIn">
<msg time="2025-02-12T21:45:21.798266" level="INFO">Length is 1.</msg>
<msg time="2025-02-12T21:45:21.798287" level="INFO">${expected_length} = 1</msg>
<var>${expected_length}</var>
<arg>${expected_lines}</arg>
<doc>Returns and logs the length of the given item as an integer.</doc>
<status status="PASS" start="2025-02-12T21:45:21.798234" elapsed="0.000059"/>
</kw>
<if>
<branch type="IF" condition="${student_length} != ${expected_length}">
<kw name="Log Debug Info">
<arg>Different number of lines - Student: ${student_length}, Expected: ${expected_length}</arg>
<status status="NOT RUN" start="2025-02-12T21:45:21.798382" elapsed="0.000007"/>
</kw>
<return>
<value>${FALSE}</value>
<status status="NOT RUN" start="2025-02-12T21:45:21.798401" elapsed="0.000004"/>
</return>
<status status="NOT RUN" start="2025-02-12T21:45:21.798315" elapsed="0.000098"/>
</branch>
<status status="PASS" start="2025-02-12T21:45:21.798310" elapsed="0.000110"/>
</if>
<for flavor="IN RANGE">
<iter>
<kw name="Get From List" owner="Collections">
<msg time="2025-02-12T21:45:21.798698" level="INFO">${student_line} = u0065</msg>
<var>${student_line}</var>
<arg>${student_lines}</arg>
<arg>${index}</arg>
<doc>Returns the value specified with an ``index`` from ``list``.</doc>
<status status="PASS" start="2025-02-12T21:45:21.798640" elapsed="0.000065"/>
</kw>
<kw name="Get From List" owner="Collections">
<msg time="2025-02-12T21:45:21.798797" level="INFO">${expected_line} = u0065</msg>
<var>${expected_line}</var>
<arg>${expected_lines}</arg>
<arg>${index}</arg>
<doc>Returns the value specified with an ``index`` from ``list``.</doc>
<status status="PASS" start="2025-02-12T21:45:21.798743" elapsed="0.000061"/>
</kw>
<kw name="Replace String" owner="String">
<msg time="2025-02-12T21:45:21.799060" level="INFO">${student_line} = u0065</msg>
<var>${student_line}</var>
<arg>${student_line}</arg>
<arg>\r</arg>
<arg>${EMPTY}</arg>
<doc>Replaces ``search_for`` in the given ``string`` with ``replace_with``.</doc>
<status status="PASS" start="2025-02-12T21:45:21.798841" elapsed="0.000226"/>
</kw>
<kw name="Replace String" owner="String">
<msg time="2025-02-12T21:45:21.799312" level="INFO">${expected_line} = u0065</msg>
<var>${expected_line}</var>
<arg>${expected_line}</arg>
<arg>\r</arg>
<arg>${EMPTY}</arg>
<doc>Replaces ``search_for`` in the given ``string`` with ``replace_with``.</doc>
<status status="PASS" start="2025-02-12T21:45:21.799106" elapsed="0.000214"/>
</kw>
<kw name="Strip String" owner="String">
<msg time="2025-02-12T21:45:21.799413" level="INFO">${student_line} = u0065</msg>
<var>${student_line}</var>
<arg>${student_line}</arg>
<doc>Remove leading and/or trailing whitespaces from the given string.</doc>
<status status="PASS" start="2025-02-12T21:45:21.799361" elapsed="0.000059"/>
</kw>
<kw name="Strip String" owner="String">
<msg time="2025-02-12T21:45:21.799509" level="INFO">${expected_line} = u0065</msg>
<var>${expected_line}</var>
<arg>${expected_line}</arg>
<doc>Remove leading and/or trailing whitespaces from the given string.</doc>
<status status="PASS" start="2025-02-12T21:45:21.799457" elapsed="0.000059"/>
</kw>
<kw name="Run Keyword And Return Status" owner="BuiltIn">
<kw name="Should Be Equal As Strings" owner="BuiltIn">
<arg>${student_line}</arg>
<arg>${expected_line}</arg>
<doc>Fails if objects are unequal after converting them to strings.</doc>
<status status="PASS" start="2025-02-12T21:45:21.799610" elapsed="0.000069"/>
</kw>
<msg time="2025-02-12T21:45:21.799706" level="INFO">${line_matches} = True</msg>
<var>${line_matches}</var>
<arg>Should Be Equal As Strings</arg>
<arg>${student_line}</arg>
<arg>${expected_line}</arg>
<doc>Runs the given keyword with given arguments and returns the status as a Boolean value.</doc>
<status status="PASS" start="2025-02-12T21:45:21.799555" elapsed="0.000158"/>
</kw>
<if>
<branch type="IF" condition="not ${line_matches}">
<kw name="Log Debug Info">
<arg>Mismatch at line ${index} - Student: "${student_line}", Expected: "${expected_line}"</arg>
<status status="NOT RUN" start="2025-02-12T21:45:21.799799" elapsed="0.000005"/>
</kw>
<return>
<value>${FALSE}</value>
<status status="NOT RUN" start="2025-02-12T21:45:21.799817" elapsed="0.000003"/>
</return>
<status status="NOT RUN" start="2025-02-12T21:45:21.799738" elapsed="0.000091"/>
</branch>
<status status="PASS" start="2025-02-12T21:45:21.799732" elapsed="0.000104"/>
</if>
<var name="${index}">0</var>
<status status="PASS" start="2025-02-12T21:45:21.798592" elapsed="0.001251"/>
</iter>
<var>${index}</var>
<value>${student_length}</value>
<status status="PASS" start="2025-02-12T21:45:21.798435" elapsed="0.001417"/>
</for>
<kw name="Log Debug Info">
<kw name="Get Current Date" owner="DateTime">
<msg time="2025-02-12T21:45:21.800040" level="INFO">${timestamp} = 2025-02-12 21:45:21.800014</msg>
<var>${timestamp}</var>
<arg>result_format=%Y-%m-%d %H:%M:%S.%f</arg>
<doc>Returns current local or UTC time with an optional increment.</doc>
<status status="PASS" start="2025-02-12T21:45:21.799979" elapsed="0.000069"/>
</kw>
<kw name="Append To File" owner="OperatingSystem">
<msg time="2025-02-12T21:45:21.800192" level="INFO" html="true">Appended to file '&lt;a href="file:///Users/tanakrit/Documents/GitHub/RobotFramewokForIDE/NewFormatOfRobot/execution.log"&gt;/Users/tanakrit/Documents/GitHub/RobotFramewokForIDE/NewFormatOfRobot/execution.log&lt;/a&gt;'.</msg>
<arg>${LOG_FILE}</arg>
<arg>${timestamp}: ${message}\n</arg>
<doc>Appends the given content to the specified file.</doc>
<status status="PASS" start="2025-02-12T21:45:21.800080" elapsed="0.000144"/>
</kw>
<arg>Outputs match completely</arg>
<status status="PASS" start="2025-02-12T21:45:21.799903" elapsed="0.000341"/>
</kw>
<return>
<value>${TRUE}</value>
<status status="PASS" start="2025-02-12T21:45:21.800257" elapsed="0.000010"/>
</return>
<msg time="2025-02-12T21:45:21.800306" level="INFO">${outputs_match} = True</msg>
<var>${outputs_match}</var>
<arg>${actual_output}</arg>
<arg>${test_case}[expected]</arg>
<status status="PASS" start="2025-02-12T21:45:21.792969" elapsed="0.007345"/>
</kw>
<kw name="Set Variable If" owner="BuiltIn">
<msg time="2025-02-12T21:45:21.800403" level="INFO">${final_status} = PASS</msg>
<var>${final_status}</var>
<arg>${outputs_match}</arg>
<arg>PASS</arg>
<arg>FAIL</arg>
<doc>Sets variable based on the given condition.</doc>
<status status="PASS" start="2025-02-12T21:45:21.800356" elapsed="0.000054"/>
</kw>
<status status="PASS" start="2025-02-12T21:45:21.792842" elapsed="0.007582"/>
</branch>
<branch type="ELSE">
<kw name="Set Variable" owner="BuiltIn">
<var>${final_status}</var>
<arg>${status}</arg>
<doc>Returns the given values which can then be assigned to a variables.</doc>
<status status="NOT RUN" start="2025-02-12T21:45:21.800468" elapsed="0.000005"/>
</kw>
<status status="NOT RUN" start="2025-02-12T21:45:21.800433" elapsed="0.000051"/>
</branch>
<status status="PASS" start="2025-02-12T21:45:21.792836" elapsed="0.007656"/>
</if>
<kw name="Add Comparison Result">
<kw name="Set Variable" owner="BuiltIn">
<msg time="2025-02-12T21:45:21.800722" level="INFO">${case_key} = Case5</msg>
<var>${case_key}</var>
<arg>Case${case_number}</arg>
<doc>Returns the given values which can then be assigned to a variables.</doc>
<status status="PASS" start="2025-02-12T21:45:21.800675" elapsed="0.000054"/>
</kw>
<kw name="Create Dictionary" owner="BuiltIn">
<msg time="2025-02-12T21:45:21.800883" level="INFO">${case_result} = {'status': 'PASS', 'teacherinput': 'e', 'detail': 'Student=u0065 vs Teacher=u0065'}</msg>
<var>${case_result}</var>
<arg>status=${status}</arg>
<arg>teacherinput=${teacher_input}</arg>
<arg>detail=Student=${student_output} vs Teacher=${teacher_output}</arg>
<doc>Creates and returns a dictionary based on the given ``items``.</doc>
<status status="PASS" start="2025-02-12T21:45:21.800769" elapsed="0.000122"/>
</kw>
<kw name="Set To Dictionary" owner="Collections">
<arg>${results}</arg>
<arg>${case_key}=${case_result}</arg>
<doc>Adds the given ``key_value_pairs`` and/or ``items`` to the ``dictionary``.</doc>
<status status="PASS" start="2025-02-12T21:45:21.800929" elapsed="0.000070"/>
</kw>
<kw name="Log Debug Info">
<kw name="Get Current Date" owner="DateTime">
<msg time="2025-02-12T21:45:21.801202" level="INFO">${timestamp} = 2025-02-12 21:45:21.801181</msg>
<var>${timestamp}</var>
<arg>result_format=%Y-%m-%d %H:%M:%S.%f</arg>
<doc>Returns current local or UTC time with an optional increment.</doc>
<status status="PASS" start="2025-02-12T21:45:21.801146" elapsed="0.000064"/>
</kw>
<kw name="Append To File" owner="OperatingSystem">
<msg time="2025-02-12T21:45:21.801358" level="INFO" html="true">Appended to file '&lt;a href="file:///Users/tanakrit/Documents/GitHub/RobotFramewokForIDE/NewFormatOfRobot/execution.log"&gt;/Users/tanakrit/Documents/GitHub/RobotFramewokForIDE/NewFormatOfRobot/execution.log&lt;/a&gt;'.</msg>
<arg>${LOG_FILE}</arg>
<arg>${timestamp}: ${message}\n</arg>
<doc>Appends the given content to the specified file.</doc>
<status status="PASS" start="2025-02-12T21:45:21.801243" elapsed="0.000143"/>
</kw>
<arg>Added comparison result for ${case_key}: ${case_result}</arg>
<status status="PASS" start="2025-02-12T21:45:21.801054" elapsed="0.000352"/>
</kw>
<arg>${results}</arg>
<arg>${case_number}</arg>
<arg>${final_status}</arg>
<arg>${actual_output}</arg>
<arg>${test_case}[input]</arg>
<arg>${test_case}[expected]</arg>
<status status="PASS" start="2025-02-12T21:45:21.800532" elapsed="0.000890"/>
</kw>
<var name="${index}">4</var>
<var name="${test_case}">{'input': 'e', 'expected': 'u0065'}</var>
<status status="PASS" start="2025-02-12T21:45:21.757488" elapsed="0.043948"/>
</iter>
<var>${index}</var>
<var>${test_case}</var>
<value>@{test_cases}</value>
<status status="PASS" start="2025-02-12T21:45:21.587125" elapsed="0.214330"/>
</for>
<kw name="Save Results">
<kw name="Evaluate" owner="BuiltIn">
<msg time="2025-02-12T21:45:21.801817" level="INFO">${json_string} = {
  "Case1": {
    "status": "PASS",
    "teacherinput": "a",
    "detail": "Student=u0061 vs Teacher=u0061"
  },
  "Case2": {
    "status": "PASS",
    "teacherinput": "b",
    "detail": "Student=u00...</msg>
<var>${json_string}</var>
<arg>json.dumps($results, indent=2)</arg>
<arg>json</arg>
<doc>Evaluates the given expression in Python and returns the result.</doc>
<status status="PASS" start="2025-02-12T21:45:21.801639" elapsed="0.000188"/>
</kw>
<kw name="Create File" owner="OperatingSystem">
<msg time="2025-02-12T21:45:21.802037" level="INFO" html="true">Created file '&lt;a href="file:///Users/tanakrit/Documents/GitHub/RobotFramewokForIDE/NewFormatOfRobot/comparison_results.json"&gt;/Users/tanakrit/Documents/GitHub/RobotFramewokForIDE/NewFormatOfRobot/comparison_results.json&lt;/a&gt;'.</msg>
<arg>${RESULTS_FILE}</arg>
<arg>${json_string}</arg>
<doc>Creates a file with the given content and encoding.</doc>
<status status="PASS" start="2025-02-12T21:45:21.801869" elapsed="0.000187"/>
</kw>
<kw name="Log Debug Info">
<kw name="Get Current Date" owner="DateTime">
<msg time="2025-02-12T21:45:21.802255" level="INFO">${timestamp} = 2025-02-12 21:45:21.802233</msg>
<var>${timestamp}</var>
<arg>result_format=%Y-%m-%d %H:%M:%S.%f</arg>
<doc>Returns current local or UTC time with an optional increment.</doc>
<status status="PASS" start="2025-02-12T21:45:21.802196" elapsed="0.000067"/>
</kw>
<kw name="Append To File" owner="OperatingSystem">
<msg time="2025-02-12T21:45:21.802416" level="INFO" html="true">Appended to file '&lt;a href="file:///Users/tanakrit/Documents/GitHub/RobotFramewokForIDE/NewFormatOfRobot/execution.log"&gt;/Users/tanakrit/Documents/GitHub/RobotFramewokForIDE/NewFormatOfRobot/execution.log&lt;/a&gt;'.</msg>
<arg>${LOG_FILE}</arg>
<arg>${timestamp}: ${message}\n</arg>
<doc>Appends the given content to the specified file.</doc>
<status status="PASS" start="2025-02-12T21:45:21.802300" elapsed="0.000132"/>
</kw>
<arg>Saved results to ${RESULTS_FILE}</arg>
<status status="PASS" start="2025-02-12T21:45:21.802100" elapsed="0.000355"/>
</kw>
<arg>${results}</arg>
<status status="PASS" start="2025-02-12T21:45:21.801543" elapsed="0.000927"/>
</kw>
<kw name="Cleanup Test Environment" type="TEARDOWN">
<kw name="Remove Directory" owner="OperatingSystem">
<msg time="2025-02-12T21:45:21.802918" level="INFO" html="true">Removed directory '&lt;a href="file:///Users/tanakrit/Documents/GitHub/RobotFramewokForIDE/NewFormatOfRobot/temp"&gt;/Users/tanakrit/Documents/GitHub/RobotFramewokForIDE/NewFormatOfRobot/temp&lt;/a&gt;'.</msg>
<arg>${TEMP_DIR}</arg>
<arg>recursive=True</arg>
<doc>Removes the directory pointed to by the given ``path``.</doc>
<status status="PASS" start="2025-02-12T21:45:21.802655" elapsed="0.000281"/>
</kw>
<status status="PASS" start="2025-02-12T21:45:21.802571" elapsed="0.000386"/>
</kw>
<status status="PASS" start="2025-02-12T21:45:21.583400" elapsed="0.219602"/>
</test>
<status status="PASS" start="2025-02-12T21:45:21.526449" elapsed="0.276786"/>
</suite>
<statistics>
<total>
<stat pass="1" fail="0" skip="0">All Tests</stat>
</total>
<tag>
</tag>
<suite>
<stat pass="1" fail="0" skip="0" id="s1" name="Case2">Case2</stat>
</suite>
</statistics>
<errors>
</errors>
</robot>
