<?xml version="1.0" encoding="UTF-8"?>
<robot generator="Robot 7.1.1 (Python 3.11.4 on darwin)" generated="2025-01-25T15:46:34.323883" rpa="false" schemaversion="5">
<suite id="s1" name="RobotFramewokForIDE" source="/Users/tanakrit/Documents/GitHub/RobotFramewokForIDE">
<suite id="s1-s1" name="Noselenium" source="/Users/tanakrit/Documents/GitHub/RobotFramewokForIDE/Noselenium">
<suite id="s1-s1-s1" name="Robottesting" source="/Users/tanakrit/Documents/GitHub/RobotFramewokForIDE/Noselenium/Robottesting.robot">
<test id="s1-s1-s1-t1" name="Compare Student and Teacher Result Case 3" line="258">
<kw name="Load Json From File" owner="JSONLibrary">
<msg time="2025-01-25T15:46:34.395339" level="ERROR">JSON file: /Users/tanakrit/Documents/GitHub/RobotFramewokForIDE/expected_results.json not found</msg>
<msg time="2025-01-25T15:46:34.396381" level="FAIL">OSError</msg>
<var>${expected_results}</var>
<arg>${EXECDIR}/expected_results.json</arg>
<doc>Load JSON from file.</doc>
<status status="FAIL" start="2025-01-25T15:46:34.395149" elapsed="0.002475">OSError</status>
</kw>
<kw name="Load Json From File" owner="JSONLibrary">
<var>${actual_results}</var>
<arg>${EXECDIR}/actual_results.json</arg>
<doc>Load JSON from file.</doc>
<status status="NOT RUN" start="2025-01-25T15:46:34.398254" elapsed="0.000086"/>
</kw>
<for flavor="IN">
<iter>
<kw name="Find Matching Result">
<var>${matching_actual}</var>
<arg>${actual_results}</arg>
<arg>${expected}</arg>
<status status="NOT RUN" start="2025-01-25T15:46:34.398695" elapsed="0.000050"/>
</kw>
<kw name="Run Keyword If" owner="BuiltIn">
<arg>${matching_actual} is None</arg>
<arg>Fail</arg>
<arg>No matching result found for ${expected}</arg>
<doc>Runs the given keyword with the given arguments, if ``condition`` is true.</doc>
<status status="NOT RUN" start="2025-01-25T15:46:34.398832" elapsed="0.000051"/>
</kw>
<kw name="Compare Result Details">
<arg>${expected}</arg>
<arg>${matching_actual}</arg>
<status status="NOT RUN" start="2025-01-25T15:46:34.398964" elapsed="0.000114"/>
</kw>
<var name="${expected}"/>
<status status="NOT RUN" start="2025-01-25T15:46:34.398571" elapsed="0.000539"/>
</iter>
<var>${expected}</var>
<value>@{expected_results}</value>
<status status="NOT RUN" start="2025-01-25T15:46:34.398463" elapsed="0.000675"/>
</for>
<doc>Compare results Case 3</doc>
<status status="FAIL" start="2025-01-25T15:46:34.393687" elapsed="0.005570">OSError</status>
</test>
<status status="FAIL" start="2025-01-25T15:46:34.337205" elapsed="0.062363"/>
</suite>
<status status="FAIL" start="2025-01-25T15:46:34.336229" elapsed="0.064033"/>
</suite>
<status status="FAIL" start="2025-01-25T15:46:34.326039" elapsed="0.074895"/>
</suite>
<statistics>
<total>
<stat pass="0" fail="1" skip="0">All Tests</stat>
</total>
<tag>
</tag>
<suite>
<stat pass="0" fail="1" skip="0" id="s1" name="RobotFramewokForIDE">RobotFramewokForIDE</stat>
<stat pass="0" fail="1" skip="0" id="s1-s1" name="Noselenium">RobotFramewokForIDE.Noselenium</stat>
<stat pass="0" fail="1" skip="0" id="s1-s1-s1" name="Robottesting">RobotFramewokForIDE.Noselenium.Robottesting</stat>
</suite>
</statistics>
<errors>
<msg time="2025-01-25T15:46:34.395339" level="ERROR">JSON file: /Users/tanakrit/Documents/GitHub/RobotFramewokForIDE/expected_results.json not found</msg>
</errors>
</robot>
